11:00:41.738 [main                     ] DEBUG Logger               - Configured Logger
11:00:41.756 [main                     ] DEBUG GameApplication      - Logging settings
Title: Bomberman SE
Version: 1.0
Width: 960
Height: 832
Fullscreen: false
Intro: false
Profiling: false
Single step:false
App Mode: DEVELOPER
Menu Key: ESCAPE
Stage Style: DECORATED
Scene Factory: class com.almasb.fxgl.app.scene.SceneFactory

11:00:42.814 [JavaFX Application Thread] DEBUG FXGLApplication      - Initializing FXGL
11:00:42.817 [JavaFX Application Thread] INFO  Engine               - FXGL-11.14 (01.03.2021 16.59) on WINDOWS (J:15.0.2 FX:15)
11:00:42.817 [JavaFX Application Thread] DEBUG Engine               - JRE Vendor Name: Amazon.com Inc.
11:00:42.818 [JavaFX Application Thread] DEBUG Engine               - Running on OS: Windows 10 version 10.0
11:00:42.818 [JavaFX Application Thread] DEBUG Engine               - Architecture: amd64
11:00:42.818 [JavaFX Application Thread] INFO  Engine               - Source code and latest versions at: https://github.com/AlmasB/FXGL
11:00:42.818 [JavaFX Application Thread] INFO  Engine               -              Join the FXGL chat at: https://gitter.im/AlmasB/FXGL
11:00:42.964 [JavaFX Application Thread] DEBUG PrimaryStageWindow   - Creating a JavaFX scene
11:00:42.965 [JavaFX Application Thread] DEBUG PrimaryStageWindow   - Target size > screen size
11:00:43.063 [JavaFX Application Thread] DEBUG PrimaryStageWindow   - Target settings size: 960.0 x 832.0
11:00:43.063 [JavaFX Application Thread] DEBUG PrimaryStageWindow   - Scaled scene size:    925.0 x 823.0
11:00:43.063 [JavaFX Application Thread] DEBUG PrimaryStageWindow   - Scaled ratio: (0.9635416666666666, 0.9891826923076923)
11:00:43.065 [JavaFX Application Thread] DEBUG PrimaryStageWindow   - Set initial scene to FXGLStartupScene
11:00:43.074 [JavaFX Application Thread] DEBUG PrimaryStageWindow   - Opening main window
11:00:43.180 [JavaFX Application Thread] DEBUG PrimaryStageWindow   - Window border size: (15.0, 37.79998779296875)
11:00:43.180 [JavaFX Application Thread] DEBUG PrimaryStageWindow   - Scaled size: 925.0 x 823.0
11:00:43.181 [JavaFX Application Thread] DEBUG PrimaryStageWindow   - Scaled ratio: (0.9635416666666666, 0.9891826923076923)
11:00:43.181 [JavaFX Application Thread] DEBUG PrimaryStageWindow   - Scene size: 925.0 x 823.0
11:00:43.181 [JavaFX Application Thread] DEBUG PrimaryStageWindow   - Stage size: 940.0 x 860.7999877929688
11:00:43.194 [FXGL Background Thread 1 ] DEBUG Engine               - Initializing environment variables
11:00:43.239 [FXGL Background Thread 1 ] DEBUG FXGLAssetLoaderServi - User app class for loading assets: class Game
11:00:43.240 [FXGL Background Thread 1 ] DEBUG GameApplicationServi - Applying CSS: fxgl_dark.css
11:00:43.242 [FXGL Background Thread 1 ] DEBUG FXGLAssetLoaderServi - Loading from file system: jar:file:/C:/Users/diewe/.m2/repository/com/github/almasb/fxgl/11.14/fxgl-11.14.jar!/fxglassets/ui/css/fxgl_dark.css
11:00:43.291 [FXGL Background Thread 1 ] DEBUG GameApplicationServi - Initializing application scenes
11:00:43.343 [FXGL Background Thread 1 ] DEBUG GameWorld            - Game world initialized
11:00:43.427 [FXGL Background Thread 1 ] DEBUG PhysicsWorld         - Physics world initialized: appHeight=832, physics.ppm=50,0
11:00:43.428 [FXGL Background Thread 1 ] DEBUG PhysicsWorld         - Using strategy: BRUTE_FORCE
11:00:43.431 [FXGL Background Thread 1 ] DEBUG GameScene            - Game scene initialized: 960x832
11:00:43.481 [FXGL Background Thread 1 ] DEBUG FXGLAssetLoaderServi - Loading from file system: jar:file:/C:/Users/diewe/.m2/repository/com/github/almasb/fxgl/11.14/fxgl-11.14.jar!/fxglassets/textures/particles/trace_horizontal.png
11:00:43.538 [FXGL Background Thread 1 ] DEBUG FXGL.DefaultMenu     - createMenuBodyGameMenu()
11:00:43.555 [FXGL Background Thread 1 ] DEBUG FXGL.DefaultMenu     - createOptionsMenu()
11:00:43.561 [FXGL Background Thread 1 ] DEBUG FXGLAssetLoaderServi - Loading from file system: jar:file:/C:/Users/diewe/.m2/repository/com/github/almasb/fxgl/11.14/fxgl-11.14.jar!/fxglassets/textures/particles/smoke.png
11:00:43.632 [FXGL Background Thread 1 ] DEBUG GameApplicationServi - Application scenes initialized
11:00:43.645 [FXGL Background Thread 1 ] DEBUG SystemBundleService  - Loading FXGL system data
11:00:43.650 [FXGL Background Thread 1 ] DEBUG FileSystemAccess     - Reading from: C:\Users\diewe\OneDrive\Documenten\GitHub\SE-Challengeweek\system\fxgl.bundle
11:00:43.657 [FXGL Background Thread 1 ] DEBUG SystemBundleService  - Bundle FXGL: {}
11:00:43.657 [FXGL Background Thread 1 ] DEBUG UpdaterService       - Checking for updates
11:00:43.662 [FXGL Background Thread 4 ] DEBUG FXGLApplication      - Loading fonts
11:00:43.663 [FXGL Background Thread 1 ] DEBUG FXGLApplication      - Loading default localization
11:00:43.663 [FXGL Background Thread 4 ] DEBUG FXGLAssetLoaderServi - Loading from file system: jar:file:/C:/Users/diewe/.m2/repository/com/github/almasb/fxgl/11.14/fxgl-11.14.jar!/fxglassets/ui/fonts/VarelaRound-Regular.ttf
11:00:43.663 [FXGL Background Thread 1 ] DEBUG FXGLAssetLoaderServi - Loading from file system: jar:file:/C:/Users/diewe/.m2/repository/com/github/almasb/fxgl/11.14/fxgl-11.14.jar!/fxglassets/languages/english.lang
11:00:43.681 [FXGL Background Thread 1 ] INFO  FXGLApplication      - FXGL initialization took: 0,486 sec
11:00:43.687 [JavaFX Application Thread] DEBUG FXGLAssetLoaderServi - Loading from file system: file:/C:/Users/diewe/OneDrive/Documenten/GitHub/SE-Challengeweek/target/classes/assets/textures/sprite.png
11:00:43.721 [JavaFX Application Thread] DEBUG Input                - Registered new binding: action0 - W
11:00:43.721 [JavaFX Application Thread] DEBUG Input                - Registered new binding: action1 - S
11:00:43.722 [JavaFX Application Thread] DEBUG Input                - Registered new binding: action2 - A
11:00:43.722 [JavaFX Application Thread] DEBUG Input                - Registered new binding: action3 - D
11:00:43.723 [JavaFX Application Thread] DEBUG FXGLAssetLoaderServi - Loading from file system: jar:file:/C:/Users/diewe/.m2/repository/com/github/almasb/fxgl/11.14/fxgl-11.14.jar!/fxglassets/textures/fxgl_icon.png
11:00:43.746 [JavaFX Application Thread] DEBUG FXGLAssetLoaderServi - Loading from file system: jar:file:/C:/Users/diewe/.m2/repository/com/github/almasb/fxgl/11.14/fxgl-11.14.jar!/fxglassets/ui/cursors/fxgl_default.png
11:00:43.749 [JavaFX Application Thread] DEBUG Input                - Registered new binding: Screenshot - P
11:00:43.750 [JavaFX Application Thread] DEBUG Input                - Registered new binding: System info dump - CTRL+9
11:00:43.751 [JavaFX Application Thread] DEBUG Input                - Registered new binding: Restart - CTRL+R
11:00:43.753 [JavaFX Application Thread] DEBUG Input                - Registered new binding: Toggle Debug Camera - CTRL+C
11:00:43.756 [JavaFX Application Thread] DEBUG LoopRunner           - Starting loop
11:00:43.757 [JavaFX Application Thread] DEBUG LoopRunner           - Initializing JavaFX AnimationTimerLoop
11:00:43.759 [JavaFX Application Thread] DEBUG GameApplicationServi - Starting new game
11:00:43.760 [JavaFX Application Thread] DEBUG Input                - Clearing active input actions
11:00:43.774 [JavaFX Application Thread] DEBUG GameApplicationServi - Removing overlay from FXGLStartupScene and adding to FXGLLoadingScene
11:00:43.774 [JavaFX Application Thread] DEBUG PrimaryStageWindow   - FXGLStartupScene -> FXGLLoadingScene
11:00:43.775 [JavaFX Application Thread] DEBUG GameApplicationServi - Clearing previous game
11:00:43.775 [JavaFX Application Thread] DEBUG GameScene            - Clearing game scene
11:00:43.775 [JavaFX Application Thread] DEBUG GameWorld            - Clearing game world
11:00:43.778 [JavaFX Application Thread] DEBUG PhysicsWorld         - Clearing physics world
11:00:43.779 [FXGL Background Thread 4 ] DEBUG FXGLAssetLoaderServi - Loading from file system: jar:file:/C:/Users/diewe/.m2/repository/com/github/almasb/fxgl/11.14/fxgl-11.14.jar!/fxglassets/ui/fonts/Abel-Regular.ttf
11:00:43.779 [FXGL Background Thread 1 ] DEBUG FXGLApplication      - Initializing game
11:00:43.783 [FXGL Background Thread 1 ] DEBUG FXGLAssetLoaderServi - Loading from file system: file:/C:/Users/diewe/OneDrive/Documenten/GitHub/SE-Challengeweek/target/classes/assets/textures/wall-1.png
11:00:43.793 [FXGL Background Thread 1 ] DEBUG FXGLAssetLoaderServi - Loading from file system: file:/C:/Users/diewe/OneDrive/Documenten/GitHub/SE-Challengeweek/target/classes/assets/textures/wall-2.png
11:00:43.794 [FXGL Background Thread 4 ] DEBUG FXGLAssetLoaderServi - Loading from file system: jar:file:/C:/Users/diewe/.m2/repository/com/github/almasb/fxgl/11.14/fxgl-11.14.jar!/fxglassets/ui/fonts/lucida_console.ttf
11:00:43.798 [FXGL Background Thread 1 ] DEBUG FXGLAssetLoaderServi - Loading from file system: file:/C:/Users/diewe/OneDrive/Documenten/GitHub/SE-Challengeweek/target/classes/assets/textures/metal-1.png
11:00:43.824 [FXGL Background Thread 1 ] DEBUG FXGLAssetLoaderServi - Loading from file system: file:/C:/Users/diewe/OneDrive/Documenten/GitHub/SE-Challengeweek/target/classes/assets/textures/box-1.png
11:00:43.858 [FXGL Background Thread 4 ] DEBUG FXGLAssetLoaderServi - Loading from file system: jar:file:/C:/Users/diewe/.m2/repository/com/github/almasb/fxgl/11.14/fxgl-11.14.jar!/fxglassets/ui/fonts/Courier-Prime.ttf
11:00:43.868 [FXGL Background Thread 1 ] DEBUG FXGLAssetLoaderServi - Loading from file system: file:/C:/Users/diewe/OneDrive/Documenten/GitHub/SE-Challengeweek/target/classes/assets/textures/box-2.png
11:00:43.903 [FXGL Background Thread 1 ] INFO  FXGLApplication      - Game initialization took: 0,123 sec
11:00:43.926 [JavaFX Application Thread] DEBUG Input                - Clearing active input actions
11:00:43.959 [JavaFX Application Thread] DEBUG GameApplicationServi - Removing overlay from FXGLLoadingScene and adding to GameScene
11:00:43.960 [JavaFX Application Thread] DEBUG PrimaryStageWindow   - FXGLLoadingScene -> GameScene
11:00:43.969 [JavaFX Application Thread] DEBUG FXGLApplication      - Registering font factories with UI factory
11:00:44.261 [FXGL Background Thread 2 ] INFO  UpdaterService       - Your current version:  11.14
11:00:44.261 [FXGL Background Thread 2 ] INFO  UpdaterService       - Latest stable version: 17.1
11:00:46.661 [FXGL Background Thread 3 ] DEBUG Engine               - Logging environment variables
11:00:46.661 [FXGL Background Thread 3 ] DEBUG Engine               - achievements: []
11:00:46.661 [FXGL Background Thread 3 ] DEBUG Engine               - actualHeight: 823.0
11:00:46.661 [FXGL Background Thread 3 ] DEBUG Engine               - actualHeightProperty: ReadOnlyDoubleProperty [value: 823.0]
11:00:46.661 [FXGL Background Thread 3 ] DEBUG Engine               - actualWidth: 925.0
11:00:46.661 [FXGL Background Thread 3 ] DEBUG Engine               - actualWidthProperty: ReadOnlyDoubleProperty [value: 925.0]
11:00:46.662 [FXGL Background Thread 3 ] DEBUG Engine               - appIcon: fxgl_icon.png
11:00:46.662 [FXGL Background Thread 3 ] DEBUG Engine               - applicationMode: DEVELOPER
11:00:46.662 [FXGL Background Thread 3 ] DEBUG Engine               - cSSList: [fxgl_dark.css]
11:00:46.662 [FXGL Background Thread 3 ] DEBUG Engine               - collisionDetectionStrategy: BRUTE_FORCE
11:00:46.662 [FXGL Background Thread 3 ] DEBUG Engine               - configClass: Optional.empty
11:00:46.662 [FXGL Background Thread 3 ] DEBUG Engine               - credits: []
11:00:46.662 [FXGL Background Thread 3 ] DEBUG Engine               - devBBoxColorProperty: ObjectProperty [value: 0xff0000ff]
11:00:46.662 [FXGL Background Thread 3 ] DEBUG Engine               - devEnableDebugCameraProperty: BooleanProperty [value: false]
11:00:46.663 [FXGL Background Thread 3 ] DEBUG Engine               - devSensorColorProperty: ObjectProperty [value: 0xffff00ff]
11:00:46.663 [FXGL Background Thread 3 ] DEBUG Engine               - devShowBBoxProperty: BooleanProperty [value: false]
11:00:46.663 [FXGL Background Thread 3 ] DEBUG Engine               - devShowPositionProperty: BooleanProperty [value: false]
11:00:46.663 [FXGL Background Thread 3 ] DEBUG Engine               - enabledMenuItems: []
11:00:46.664 [FXGL Background Thread 3 ] DEBUG Engine               - engineServices: [class com.almasb.fxgl.app.services.FXGLAssetLoaderService, class com.almasb.fxgl.app.FXGLApplication$GameApplicationService, class com.almasb.fxgl.app.services.FXGLDialogService, class com.almasb.fxgl.app.services.IOTaskExecutorService, class com.almasb.fxgl.event.EventBusService, class com.almasb.fxgl.io.FileSystemService, class com.almasb.fxgl.localization.LocalizationService, class com.almasb.fxgl.app.services.SystemBundleService, class com.almasb.fxgl.profile.SaveLoadService, class com.almasb.fxgl.ui.FXGLUIFactoryServiceProvider, class com.almasb.fxgl.ui.FXGLDialogFactoryServiceProvider, class com.almasb.fxgl.audio.AudioPlayer, class com.almasb.fxgl.notification.impl.NotificationServiceProvider, class com.almasb.fxgl.achievement.AchievementService, class com.almasb.fxgl.cutscene.CutsceneService, class com.almasb.fxgl.minigames.MiniGameService, class com.almasb.fxgl.net.NetService, class com.almasb.fxgl.app.services.UpdaterService, class com.almasb.fxgl.dev.DevService]
11:00:46.664 [FXGL Background Thread 3 ] DEBUG Engine               - fontGame: Abel-Regular.ttf
11:00:46.664 [FXGL Background Thread 3 ] DEBUG Engine               - fontMono: lucida_console.ttf
11:00:46.664 [FXGL Background Thread 3 ] DEBUG Engine               - fontText: Courier-Prime.ttf
11:00:46.665 [FXGL Background Thread 3 ] DEBUG Engine               - fontUI: VarelaRound-Regular.ttf
11:00:46.665 [FXGL Background Thread 3 ] DEBUG Engine               - fullScreen: BooleanProperty [value: false]
11:00:46.665 [FXGL Background Thread 3 ] DEBUG Engine               - gameDifficulty: MEDIUM
11:00:46.665 [FXGL Background Thread 3 ] DEBUG Engine               - gameDifficultyProperty: ObjectProperty [value: MEDIUM]
11:00:46.666 [FXGL Background Thread 3 ] DEBUG Engine               - globalMusicVolume: 0.5
11:00:46.666 [FXGL Background Thread 3 ] DEBUG Engine               - globalMusicVolumeProperty: DoubleProperty [value: 0.5]
11:00:46.666 [FXGL Background Thread 3 ] DEBUG Engine               - globalSoundVolume: 0.5
11:00:46.667 [FXGL Background Thread 3 ] DEBUG Engine               - globalSoundVolumeProperty: DoubleProperty [value: 0.5]
11:00:46.667 [FXGL Background Thread 3 ] DEBUG Engine               - height: 832
11:00:46.667 [FXGL Background Thread 3 ] DEBUG Engine               - isAndroid: false
11:00:46.668 [FXGL Background Thread 3 ] DEBUG Engine               - isBrowser: false
11:00:46.668 [FXGL Background Thread 3 ] DEBUG Engine               - isClickFeedbackEnabled: false
11:00:46.668 [FXGL Background Thread 3 ] DEBUG Engine               - isCloseConfirmation: false
11:00:46.669 [FXGL Background Thread 3 ] DEBUG Engine               - isDesktop: true
11:00:46.669 [FXGL Background Thread 3 ] DEBUG Engine               - isDeveloperMenuEnabled: false
11:00:46.669 [FXGL Background Thread 3 ] DEBUG Engine               - isEntityPreloadEnabled: true
11:00:46.669 [FXGL Background Thread 3 ] DEBUG Engine               - isExperimental3D: false
11:00:46.670 [FXGL Background Thread 3 ] DEBUG Engine               - isExperimentalNative: false
11:00:46.670 [FXGL Background Thread 3 ] DEBUG Engine               - isExperimentalTiledLargeMap: false
11:00:46.670 [FXGL Background Thread 3 ] DEBUG Engine               - isFileSystemWriteAllowed: true
11:00:46.670 [FXGL Background Thread 3 ] DEBUG Engine               - isFullScreenAllowed: false
11:00:46.670 [FXGL Background Thread 3 ] DEBUG Engine               - isFullScreenFromStart: false
11:00:46.670 [FXGL Background Thread 3 ] DEBUG Engine               - isGameMenuEnabled: true
11:00:46.671 [FXGL Background Thread 3 ] DEBUG Engine               - isIOS: false
11:00:46.671 [FXGL Background Thread 3 ] DEBUG Engine               - isIntroEnabled: false
11:00:46.671 [FXGL Background Thread 3 ] DEBUG Engine               - isLinux: false
11:00:46.671 [FXGL Background Thread 3 ] DEBUG Engine               - isMac: false
11:00:46.672 [FXGL Background Thread 3 ] DEBUG Engine               - isMainMenuEnabled: false
11:00:46.672 [FXGL Background Thread 3 ] DEBUG Engine               - isManualResizeEnabled: false
11:00:46.672 [FXGL Background Thread 3 ] DEBUG Engine               - isMobile: false
11:00:46.672 [FXGL Background Thread 3 ] DEBUG Engine               - isPreserveResizeRatio: false
11:00:46.672 [FXGL Background Thread 3 ] DEBUG Engine               - isProfilingEnabled: false
11:00:46.672 [FXGL Background Thread 3 ] DEBUG Engine               - isScaleAffectedOnResize: true
11:00:46.673 [FXGL Background Thread 3 ] DEBUG Engine               - isSingleStep: false
11:00:46.673 [FXGL Background Thread 3 ] DEBUG Engine               - isUserProfileEnabled: false
11:00:46.673 [FXGL Background Thread 3 ] DEBUG Engine               - isWindows: true
11:00:46.673 [FXGL Background Thread 3 ] DEBUG Engine               - language: ObjectProperty [value: ENGLISH]
11:00:46.673 [FXGL Background Thread 3 ] DEBUG Engine               - menuKey: ESCAPE
11:00:46.673 [FXGL Background Thread 3 ] DEBUG Engine               - notificationViewClass: class com.almasb.fxgl.notification.view.XboxNotificationView
11:00:46.674 [FXGL Background Thread 3 ] DEBUG Engine               - pixelsPerMeter: 50.0
11:00:46.674 [FXGL Background Thread 3 ] DEBUG Engine               - platform: WINDOWS
11:00:46.674 [FXGL Background Thread 3 ] DEBUG Engine               - prefHeightProperty: ReadOnlyDoubleProperty [value: 832.0]
11:00:46.674 [FXGL Background Thread 3 ] DEBUG Engine               - prefWidthProperty: ReadOnlyDoubleProperty [value: 960.0]
11:00:46.675 [FXGL Background Thread 3 ] DEBUG Engine               - profileDir: profiles/
11:00:46.675 [FXGL Background Thread 3 ] DEBUG Engine               - profileName: StringProperty [value: DEFAULT]
11:00:46.675 [FXGL Background Thread 3 ] DEBUG Engine               - randomSeed: -1
11:00:46.675 [FXGL Background Thread 3 ] DEBUG Engine               - runtimeInfo: RuntimeInfo(platform=WINDOWS, version=11.14, build=01.03.2021 16.59)
11:00:46.675 [FXGL Background Thread 3 ] DEBUG Engine               - saveFileExt: sav
11:00:46.675 [FXGL Background Thread 3 ] DEBUG Engine               - scaledHeightProp$fxgl: DoubleProperty [bound, value: 823.0]
11:00:46.675 [FXGL Background Thread 3 ] DEBUG Engine               - scaledWidthProp$fxgl: DoubleProperty [bound, value: 925.0]
11:00:46.675 [FXGL Background Thread 3 ] DEBUG Engine               - sceneFactory: com.almasb.fxgl.app.scene.SceneFactory@178f32aa
11:00:46.675 [FXGL Background Thread 3 ] DEBUG Engine               - secondsIn24h: 60
11:00:46.676 [FXGL Background Thread 3 ] DEBUG Engine               - soundMenuBack: menu/back.wav
11:00:46.676 [FXGL Background Thread 3 ] DEBUG Engine               - soundMenuPress: menu/press.wav
11:00:46.676 [FXGL Background Thread 3 ] DEBUG Engine               - soundMenuSelect: menu/select.wav
11:00:46.676 [FXGL Background Thread 3 ] DEBUG Engine               - soundNotification: core/notification.wav
11:00:46.676 [FXGL Background Thread 3 ] DEBUG Engine               - stageStyle: DECORATED
11:00:46.676 [FXGL Background Thread 3 ] DEBUG Engine               - supportedLanguages: [ENGLISH, FRENCH, GERMAN, HUNGARIAN, RUSSIAN]
11:00:46.677 [FXGL Background Thread 3 ] DEBUG Engine               - ticksPerSecond: -1
11:00:46.677 [FXGL Background Thread 3 ] DEBUG Engine               - title: Bomberman SE
11:00:46.677 [FXGL Background Thread 3 ] DEBUG Engine               - urlGithub: https://github.com/AlmasB/FXGL
11:00:46.677 [FXGL Background Thread 3 ] DEBUG Engine               - urlLeaderboard: http://fxgl-top.herokuapp.com/
11:00:46.677 [FXGL Background Thread 3 ] DEBUG Engine               - urlPOM: https://raw.githubusercontent.com/AlmasB/FXGL/release/README.md
11:00:46.677 [FXGL Background Thread 3 ] DEBUG Engine               - userAppClass: class Game
11:00:46.677 [FXGL Background Thread 3 ] DEBUG Engine               - version: 1.0
11:00:46.677 [FXGL Background Thread 3 ] DEBUG Engine               - versionCheckDays: 7
11:00:46.677 [FXGL Background Thread 3 ] DEBUG Engine               - width: 960
11:00:46.677 [FXGL Background Thread 3 ] DEBUG Engine               - Logging services
11:00:46.678 [FXGL Background Thread 3 ] DEBUG Engine               - class com.almasb.fxgl.app.services.FXGLAssetLoaderService
11:00:46.678 [FXGL Background Thread 3 ] DEBUG Engine               - class com.almasb.fxgl.app.FXGLApplication$GameApplicationService
11:00:46.678 [FXGL Background Thread 3 ] DEBUG Engine               - class com.almasb.fxgl.app.services.FXGLDialogService
11:00:46.678 [FXGL Background Thread 3 ] DEBUG Engine               - class com.almasb.fxgl.app.services.IOTaskExecutorService
11:00:46.678 [FXGL Background Thread 3 ] DEBUG Engine               - class com.almasb.fxgl.event.EventBusService
11:00:46.678 [FXGL Background Thread 3 ] DEBUG Engine               - class com.almasb.fxgl.io.FileSystemService
11:00:46.679 [FXGL Background Thread 3 ] DEBUG Engine               - class com.almasb.fxgl.localization.LocalizationService
11:00:46.679 [FXGL Background Thread 3 ] DEBUG Engine               - class com.almasb.fxgl.app.services.SystemBundleService
11:00:46.679 [FXGL Background Thread 3 ] DEBUG Engine               - class com.almasb.fxgl.profile.SaveLoadService
11:00:46.679 [FXGL Background Thread 3 ] DEBUG Engine               - class com.almasb.fxgl.ui.FXGLUIFactoryServiceProvider
11:00:46.679 [FXGL Background Thread 3 ] DEBUG Engine               - class com.almasb.fxgl.ui.FXGLDialogFactoryServiceProvider
11:00:46.679 [FXGL Background Thread 3 ] DEBUG Engine               - class com.almasb.fxgl.audio.AudioPlayer
11:00:46.680 [FXGL Background Thread 3 ] DEBUG Engine               - class com.almasb.fxgl.notification.impl.NotificationServiceProvider
11:00:46.680 [FXGL Background Thread 3 ] DEBUG Engine               - class com.almasb.fxgl.achievement.AchievementService
11:00:46.680 [FXGL Background Thread 3 ] DEBUG Engine               - class com.almasb.fxgl.cutscene.CutsceneService
11:00:46.680 [FXGL Background Thread 3 ] DEBUG Engine               - class com.almasb.fxgl.minigames.MiniGameService
11:00:46.680 [FXGL Background Thread 3 ] DEBUG Engine               - class com.almasb.fxgl.net.NetService
11:00:46.680 [FXGL Background Thread 3 ] DEBUG Engine               - class com.almasb.fxgl.app.services.UpdaterService
11:00:46.680 [FXGL Background Thread 3 ] DEBUG Engine               - class com.almasb.fxgl.dev.DevService
11:00:56.409 [JavaFX Application Thread] DEBUG FXGLApplication      - Exiting FXGL
11:00:56.409 [JavaFX Application Thread] DEBUG LoopRunner           - Stopping loop
11:00:56.409 [JavaFX Application Thread] DEBUG SystemBundleService  - Saving FXGL system data
11:00:56.412 [JavaFX Application Thread] DEBUG FileSystemAccess     - Writing to: C:\Users\diewe\OneDrive\Documenten\GitHub\SE-Challengeweek\system\fxgl.bundle
11:00:56.414 [JavaFX Application Thread] DEBUG Async                - Shutting down background threads
11:00:56.414 [JavaFX Application Thread] DEBUG PrimaryStageWindow   - Closing main window
11:00:56.427 [JavaFX Application Thread] DEBUG Logger               - Closing Logger
