11:22:45.340 [main                     ] DEBUG Logger               - Configured Logger
11:22:45.370 [main                     ] DEBUG GameApplication      - Logging settings
Title: Bomberman
Version: 0.0
Width: 950
Height: 820
Fullscreen: false
Intro: false
Profiling: false
Single step:false
App Mode: DEVELOPER
Menu Key: ESCAPE
Stage Style: DECORATED
Scene Factory: class MenuFactory

11:22:46.323 [JavaFX Application Thread] DEBUG FXGLApplication      - Initializing FXGL
11:22:46.329 [JavaFX Application Thread] INFO  Engine               - FXGL-11.14 (01.03.2021 16.59) on WINDOWS (J:15.0.2 FX:15)
11:22:46.330 [JavaFX Application Thread] DEBUG Engine               - JRE Vendor Name: Amazon.com Inc.
11:22:46.330 [JavaFX Application Thread] DEBUG Engine               - Running on OS: Windows 10 version 10.0
11:22:46.331 [JavaFX Application Thread] DEBUG Engine               - Architecture: amd64
11:22:46.331 [JavaFX Application Thread] INFO  Engine               - Source code and latest versions at: https://github.com/AlmasB/FXGL
11:22:46.332 [JavaFX Application Thread] INFO  Engine               -              Join the FXGL chat at: https://gitter.im/AlmasB/FXGL
11:22:46.582 [JavaFX Application Thread] DEBUG PrimaryStageWindow   - Creating a JavaFX scene
11:22:46.724 [JavaFX Application Thread] DEBUG PrimaryStageWindow   - Target settings size: 950.0 x 820.0
11:22:46.724 [JavaFX Application Thread] DEBUG PrimaryStageWindow   - Scaled scene size:    950.0 x 820.0
11:22:46.725 [JavaFX Application Thread] DEBUG PrimaryStageWindow   - Scaled ratio: (1.0, 1.0)
11:22:46.727 [JavaFX Application Thread] DEBUG PrimaryStageWindow   - Set initial scene to FXGLStartupScene
11:22:46.751 [JavaFX Application Thread] DEBUG PrimaryStageWindow   - Opening main window
11:22:46.915 [JavaFX Application Thread] DEBUG PrimaryStageWindow   - Window border size: (16.0, 39.0)
11:22:46.915 [JavaFX Application Thread] DEBUG PrimaryStageWindow   - Scaled size: 950.0 x 820.0
11:22:46.916 [JavaFX Application Thread] DEBUG PrimaryStageWindow   - Scaled ratio: (1.0, 1.0)
11:22:46.916 [JavaFX Application Thread] DEBUG PrimaryStageWindow   - Scene size: 950.0 x 820.0
11:22:46.917 [JavaFX Application Thread] DEBUG PrimaryStageWindow   - Stage size: 966.0 x 859.0
11:22:46.940 [FXGL Background Thread 1 ] DEBUG Engine               - Initializing environment variables
11:22:47.030 [FXGL Background Thread 1 ] DEBUG FXGLAssetLoaderServi - User app class for loading assets: class Game
11:22:47.031 [FXGL Background Thread 1 ] DEBUG GameApplicationServi - Applying CSS: fxgl_dark.css
11:22:47.033 [FXGL Background Thread 1 ] DEBUG FXGLAssetLoaderServi - Loading from file system: jar:file:/C:/Users/0705s/.m2/repository/com/github/almasb/fxgl/11.14/fxgl-11.14.jar!/fxglassets/ui/css/fxgl_dark.css
11:22:47.158 [FXGL Background Thread 1 ] DEBUG GameApplicationServi - Initializing application scenes
11:22:47.244 [FXGL Background Thread 1 ] DEBUG GameWorld            - Game world initialized
11:22:47.379 [FXGL Background Thread 1 ] DEBUG PhysicsWorld         - Physics world initialized: appHeight=820, physics.ppm=50,0
11:22:47.380 [FXGL Background Thread 1 ] DEBUG PhysicsWorld         - Using strategy: BRUTE_FORCE
11:22:47.386 [FXGL Background Thread 1 ] DEBUG GameScene            - Game scene initialized: 950x820
11:22:47.442 [FXGL Background Thread 1 ] DEBUG FXGLAssetLoaderServi - Loading from file system: jar:file:/C:/Users/0705s/.m2/repository/com/github/almasb/fxgl/11.14/fxgl-11.14.jar!/fxglassets/textures/particles/trace_horizontal.png
11:22:47.517 [FXGL Background Thread 1 ] DEBUG FXGL.DefaultMenu     - createMenuBodyGameMenu()
11:22:47.552 [FXGL Background Thread 1 ] DEBUG FXGL.DefaultMenu     - createOptionsMenu()
11:22:47.560 [FXGL Background Thread 1 ] DEBUG FXGLAssetLoaderServi - Loading from file system: jar:file:/C:/Users/0705s/.m2/repository/com/github/almasb/fxgl/11.14/fxgl-11.14.jar!/fxglassets/textures/particles/smoke.png
11:22:47.667 [FXGL Background Thread 1 ] DEBUG GameApplicationServi - Application scenes initialized
11:22:47.690 [FXGL Background Thread 1 ] DEBUG SystemBundleService  - Loading FXGL system data
11:22:47.696 [FXGL Background Thread 1 ] DEBUG FileSystemAccess     - Reading from: C:\Users\0705s\OneDrive\Desktop\SE-Challengeweek\system\fxgl.bundle
11:22:47.707 [FXGL Background Thread 1 ] DEBUG SystemBundleService  - Bundle FXGL: {}
11:22:47.707 [FXGL Background Thread 1 ] DEBUG UpdaterService       - Checking for updates
11:22:47.767 [FXGL Background Thread 4 ] DEBUG FXGLApplication      - Loading fonts
11:22:47.768 [FXGL Background Thread 1 ] DEBUG FXGLApplication      - Loading default localization
11:22:47.769 [FXGL Background Thread 4 ] DEBUG FXGLAssetLoaderServi - Loading from file system: jar:file:/C:/Users/0705s/.m2/repository/com/github/almasb/fxgl/11.14/fxgl-11.14.jar!/fxglassets/ui/fonts/VarelaRound-Regular.ttf
11:22:47.770 [FXGL Background Thread 1 ] DEBUG FXGLAssetLoaderServi - Loading from file system: jar:file:/C:/Users/0705s/.m2/repository/com/github/almasb/fxgl/11.14/fxgl-11.14.jar!/fxglassets/languages/english.lang
11:22:47.801 [FXGL Background Thread 1 ] INFO  FXGLApplication      - FXGL initialization took: 0,860 sec
11:22:47.820 [JavaFX Application Thread] DEBUG Input                - Registered new binding: up - W
11:22:47.821 [JavaFX Application Thread] DEBUG Input                - Registered new binding: up2 - Up
11:22:47.822 [JavaFX Application Thread] DEBUG Input                - Registered new binding: down - S
11:22:47.823 [JavaFX Application Thread] DEBUG Input                - Registered new binding: down2 - Down
11:22:47.823 [JavaFX Application Thread] DEBUG Input                - Registered new binding: left - A
11:22:47.824 [JavaFX Application Thread] DEBUG Input                - Registered new binding: left2 - Left
11:22:47.825 [JavaFX Application Thread] DEBUG Input                - Registered new binding: right - D
11:22:47.825 [JavaFX Application Thread] DEBUG Input                - Registered new binding: right2 - Right
11:22:47.826 [JavaFX Application Thread] DEBUG Input                - Registered new binding: Place Bomb - Space
11:22:47.827 [JavaFX Application Thread] DEBUG Input                - Registered new binding: Place Bomb2 - Enter
11:22:47.829 [JavaFX Application Thread] DEBUG FXGLAssetLoaderServi - Loading from file system: jar:file:/C:/Users/0705s/.m2/repository/com/github/almasb/fxgl/11.14/fxgl-11.14.jar!/fxglassets/textures/fxgl_icon.png
11:22:47.896 [FXGL Background Thread 4 ] DEBUG FXGLAssetLoaderServi - Loading from file system: jar:file:/C:/Users/0705s/.m2/repository/com/github/almasb/fxgl/11.14/fxgl-11.14.jar!/fxglassets/ui/fonts/Abel-Regular.ttf
11:22:47.900 [JavaFX Application Thread] DEBUG FXGLAssetLoaderServi - Loading from file system: jar:file:/C:/Users/0705s/.m2/repository/com/github/almasb/fxgl/11.14/fxgl-11.14.jar!/fxglassets/ui/cursors/fxgl_default.png
11:22:47.908 [JavaFX Application Thread] DEBUG Input                - Registered new binding: Screenshot - P
11:22:47.908 [FXGL Background Thread 4 ] DEBUG FXGLAssetLoaderServi - Loading from file system: jar:file:/C:/Users/0705s/.m2/repository/com/github/almasb/fxgl/11.14/fxgl-11.14.jar!/fxglassets/ui/fonts/lucida_console.ttf
11:22:47.910 [JavaFX Application Thread] DEBUG Input                - Registered new binding: Dev Options - 1
11:22:47.911 [JavaFX Application Thread] DEBUG Input                - Registered new binding: Dev Console - 2
11:22:47.913 [JavaFX Application Thread] DEBUG Input                - Registered new binding: System info dump - CTRL+9
11:22:47.914 [JavaFX Application Thread] DEBUG Input                - Registered new binding: Restart - CTRL+R
11:22:47.917 [JavaFX Application Thread] DEBUG Input                - Registered new binding: Toggle Debug Camera - CTRL+C
11:22:47.925 [FXGL Background Thread 4 ] DEBUG FXGLAssetLoaderServi - Loading from file system: jar:file:/C:/Users/0705s/.m2/repository/com/github/almasb/fxgl/11.14/fxgl-11.14.jar!/fxglassets/ui/fonts/Courier-Prime.ttf
11:22:47.926 [JavaFX Application Thread] DEBUG LoopRunner           - Starting loop
11:22:47.969 [JavaFX Application Thread] DEBUG LoopRunner           - Initializing JavaFX AnimationTimerLoop
11:22:47.974 [JavaFX Application Thread] DEBUG GameApplicationServi - Starting new game
11:22:47.976 [JavaFX Application Thread] DEBUG Input                - Clearing active input actions
11:22:48.014 [JavaFX Application Thread] DEBUG GameApplicationServi - Removing overlay from FXGLStartupScene and adding to FXGLLoadingScene
11:22:48.030 [JavaFX Application Thread] DEBUG PrimaryStageWindow   - FXGLStartupScene -> FXGLLoadingScene
11:22:48.031 [JavaFX Application Thread] DEBUG GameApplicationServi - Clearing previous game
11:22:48.032 [JavaFX Application Thread] DEBUG GameScene            - Clearing game scene
11:22:48.032 [JavaFX Application Thread] DEBUG GameWorld            - Clearing game world
11:22:48.033 [JavaFX Application Thread] DEBUG PhysicsWorld         - Clearing physics world
11:22:48.037 [FXGL Background Thread 4 ] DEBUG FXGLApplication      - Initializing game
11:22:48.148 [FXGL Background Thread 4 ] WARN  TMXLevelLoader       - TiledMap generated from 1.8.4. Supported version: 1.2.3. Some features may not be parsed fully.
11:22:48.195 [FXGL Background Thread 4 ] DEBUG TMXLevelLoader       - Parsed raw map: TiledMap(width=15, height=13, tilewidth=64, tileheight=64, orientation=orthogonal, layers=[Layer(width=15, height=13, name=Tile Layer 1, type=tilelayer, visible=false, x=0, y=0, data=[1, 1, 1, 1, 1, 1, 1, 1, 1, 1, 1, 1, 1, 1, 1, 1, 5, 5, 5, 5, 5, 5, 5, 5, 5, 5, 5, 5, 5, 1, 1, 5, 4, 5, 4, 5, 4, 5, 4, 5, 4, 5, 4, 5, 1, 1, 5, 5, 5, 5, 5, 5, 5, 5, 5, 5, 5, 5, 5, 1, 1, 5, 4, 5, 4, 5, 4, 5, 4, 5, 4, 5, 4, 5, 1, 1, 5, 5, 5, 5, 5, 5, 5, 5, 5, 5, 5, 5, 5, 1, 1, 5, 4, 5, 4, 5, 4, 5, 4, 5, 4, 5, 4, 5, 1, 1, 5, 5, 5, 5, 5, 5, 5, 5, 5, 5, 5, 5, 5, 1, 1, 5, 4, 5, 4, 5, 4, 5, 4, 5, 4, 5, 4, 5, 1, 1, 5, 5, 5, 5, 5, 5, 5, 5, 5, 5, 5, 5, 5, 1, 1, 5, 4, 5, 4, 5, 4, 5, 4, 5, 4, 5, 4, 5, 1, 1, 5, 5, 5, 5, 5, 5, 5, 5, 5, 5, 5, 5, 5, 1, 1, 1, 1, 1, 1, 1, 1, 1, 1, 1, 1, 1, 1, 1, 1], objects=[], opacity=0.0, draworder=), Layer(width=0, height=0, name=Object Layer 1, type=objectgroup, visible=false, x=0, y=0, data=[], objects=[com.almasb.fxgl.entity.level.tiled.TiledObject@1acfc02c, com.almasb.fxgl.entity.level.tiled.TiledObject@453fe1d6, com.almasb.fxgl.entity.level.tiled.TiledObject@587db5dc, com.almasb.fxgl.entity.level.tiled.TiledObject@31bbcb70, com.almasb.fxgl.entity.level.tiled.TiledObject@5591a3cb, com.almasb.fxgl.entity.level.tiled.TiledObject@6f9ad9fe, com.almasb.fxgl.entity.level.tiled.TiledObject@5a7c4284, com.almasb.fxgl.entity.level.tiled.TiledObject@3573f2f0, com.almasb.fxgl.entity.level.tiled.TiledObject@6da4806e, com.almasb.fxgl.entity.level.tiled.TiledObject@54c8f10d, com.almasb.fxgl.entity.level.tiled.TiledObject@6c98f172, com.almasb.fxgl.entity.level.tiled.TiledObject@46d66a63, com.almasb.fxgl.entity.level.tiled.TiledObject@f382527, com.almasb.fxgl.entity.level.tiled.TiledObject@1c6bed54, com.almasb.fxgl.entity.level.tiled.TiledObject@37d38cca, com.almasb.fxgl.entity.level.tiled.TiledObject@42237d21, com.almasb.fxgl.entity.level.tiled.TiledObject@c7c795f, com.almasb.fxgl.entity.level.tiled.TiledObject@4fbe34c9, com.almasb.fxgl.entity.level.tiled.TiledObject@64a04428, com.almasb.fxgl.entity.level.tiled.TiledObject@3d33f7e8, com.almasb.fxgl.entity.level.tiled.TiledObject@526ac790, com.almasb.fxgl.entity.level.tiled.TiledObject@6c4cb968, com.almasb.fxgl.entity.level.tiled.TiledObject@aab21cd, com.almasb.fxgl.entity.level.tiled.TiledObject@28850bc7, com.almasb.fxgl.entity.level.tiled.TiledObject@2c571f00, com.almasb.fxgl.entity.level.tiled.TiledObject@2559741b, com.almasb.fxgl.entity.level.tiled.TiledObject@762f9c34, com.almasb.fxgl.entity.level.tiled.TiledObject@76f46a05, com.almasb.fxgl.entity.level.tiled.TiledObject@624fc4c4, com.almasb.fxgl.entity.level.tiled.TiledObject@c588d3a, com.almasb.fxgl.entity.level.tiled.TiledObject@61c7eb9, com.almasb.fxgl.entity.level.tiled.TiledObject@53ed883d, com.almasb.fxgl.entity.level.tiled.TiledObject@4f181f60, com.almasb.fxgl.entity.level.tiled.TiledObject@7e17ae4], opacity=0.0, draworder=)], tilesets=[Tileset(firstgid=1, image=spritesheet(1).png, name=spritesheet(1), tilewidth=64, tileheight=64, imagewidth=1472, imageheight=64, margin=0, spacing=0, columns=23, tilecount=23, transparentcolor=, tiles=[])], backgroundcolor=, renderorder=right-down, nextobjectid=139, version=1, tiledversion=1.8.4, type=map, infinite=false, hexsidelength=0, staggeraxis=, staggerindex=, properties={}, propertytypes={})
11:22:48.197 [FXGL Background Thread 4 ] DEBUG TMXLevelLoader       - Creating tile layer entities
11:22:48.200 [FXGL Background Thread 4 ] DEBUG TilesetLoader        - Loading view for layer Tile Layer 1
11:22:48.203 [FXGL Background Thread 4 ] DEBUG TilesetLoader        - Created buffer with size 960.0x832.0
11:22:48.222 [FXGL Background Thread 4 ] DEBUG TilesetLoader        - Writing to buffer: dst=0,0, w=64,h=64, src=0,0
11:22:48.225 [FXGL Background Thread 4 ] DEBUG TilesetLoader        - Writing to buffer: dst=64,0, w=64,h=64, src=0,0
11:22:48.225 [FXGL Background Thread 4 ] DEBUG TilesetLoader        - Writing to buffer: dst=128,0, w=64,h=64, src=0,0
11:22:48.226 [FXGL Background Thread 4 ] DEBUG TilesetLoader        - Writing to buffer: dst=192,0, w=64,h=64, src=0,0
11:22:48.227 [FXGL Background Thread 4 ] DEBUG TilesetLoader        - Writing to buffer: dst=256,0, w=64,h=64, src=0,0
11:22:48.228 [FXGL Background Thread 4 ] DEBUG TilesetLoader        - Writing to buffer: dst=320,0, w=64,h=64, src=0,0
11:22:48.229 [FXGL Background Thread 4 ] DEBUG TilesetLoader        - Writing to buffer: dst=384,0, w=64,h=64, src=0,0
11:22:48.229 [FXGL Background Thread 4 ] DEBUG TilesetLoader        - Writing to buffer: dst=448,0, w=64,h=64, src=0,0
11:22:48.230 [FXGL Background Thread 4 ] DEBUG TilesetLoader        - Writing to buffer: dst=512,0, w=64,h=64, src=0,0
11:22:48.231 [FXGL Background Thread 4 ] DEBUG TilesetLoader        - Writing to buffer: dst=576,0, w=64,h=64, src=0,0
11:22:48.231 [FXGL Background Thread 4 ] DEBUG TilesetLoader        - Writing to buffer: dst=640,0, w=64,h=64, src=0,0
11:22:48.233 [FXGL Background Thread 4 ] DEBUG TilesetLoader        - Writing to buffer: dst=704,0, w=64,h=64, src=0,0
11:22:48.234 [FXGL Background Thread 4 ] DEBUG TilesetLoader        - Writing to buffer: dst=768,0, w=64,h=64, src=0,0
11:22:48.235 [FXGL Background Thread 4 ] DEBUG TilesetLoader        - Writing to buffer: dst=832,0, w=64,h=64, src=0,0
11:22:48.236 [FXGL Background Thread 4 ] DEBUG TilesetLoader        - Writing to buffer: dst=896,0, w=64,h=64, src=0,0
11:22:48.237 [FXGL Background Thread 4 ] DEBUG TilesetLoader        - Writing to buffer: dst=0,64, w=64,h=64, src=0,0
11:22:48.238 [FXGL Background Thread 4 ] DEBUG TilesetLoader        - Writing to buffer: dst=64,64, w=64,h=64, src=256,0
11:22:48.238 [FXGL Background Thread 4 ] DEBUG TilesetLoader        - Writing to buffer: dst=128,64, w=64,h=64, src=256,0
11:22:48.239 [FXGL Background Thread 4 ] DEBUG TilesetLoader        - Writing to buffer: dst=192,64, w=64,h=64, src=256,0
11:22:48.240 [FXGL Background Thread 4 ] DEBUG TilesetLoader        - Writing to buffer: dst=256,64, w=64,h=64, src=256,0
11:22:48.241 [FXGL Background Thread 4 ] DEBUG TilesetLoader        - Writing to buffer: dst=320,64, w=64,h=64, src=256,0
11:22:48.242 [FXGL Background Thread 4 ] DEBUG TilesetLoader        - Writing to buffer: dst=384,64, w=64,h=64, src=256,0
11:22:48.243 [FXGL Background Thread 4 ] DEBUG TilesetLoader        - Writing to buffer: dst=448,64, w=64,h=64, src=256,0
11:22:48.245 [FXGL Background Thread 4 ] DEBUG TilesetLoader        - Writing to buffer: dst=512,64, w=64,h=64, src=256,0
11:22:48.246 [FXGL Background Thread 4 ] DEBUG TilesetLoader        - Writing to buffer: dst=576,64, w=64,h=64, src=256,0
11:22:48.247 [FXGL Background Thread 4 ] DEBUG TilesetLoader        - Writing to buffer: dst=640,64, w=64,h=64, src=256,0
11:22:48.248 [FXGL Background Thread 4 ] DEBUG TilesetLoader        - Writing to buffer: dst=704,64, w=64,h=64, src=256,0
11:22:48.249 [FXGL Background Thread 4 ] DEBUG TilesetLoader        - Writing to buffer: dst=768,64, w=64,h=64, src=256,0
11:22:48.250 [FXGL Background Thread 4 ] DEBUG TilesetLoader        - Writing to buffer: dst=832,64, w=64,h=64, src=256,0
11:22:48.251 [FXGL Background Thread 4 ] DEBUG TilesetLoader        - Writing to buffer: dst=896,64, w=64,h=64, src=0,0
11:22:48.252 [FXGL Background Thread 4 ] DEBUG TilesetLoader        - Writing to buffer: dst=0,128, w=64,h=64, src=0,0
11:22:48.253 [FXGL Background Thread 4 ] DEBUG TilesetLoader        - Writing to buffer: dst=64,128, w=64,h=64, src=256,0
11:22:48.254 [FXGL Background Thread 4 ] DEBUG TilesetLoader        - Writing to buffer: dst=128,128, w=64,h=64, src=192,0
11:22:48.255 [FXGL Background Thread 4 ] DEBUG TilesetLoader        - Writing to buffer: dst=192,128, w=64,h=64, src=256,0
11:22:48.256 [FXGL Background Thread 4 ] DEBUG TilesetLoader        - Writing to buffer: dst=256,128, w=64,h=64, src=192,0
11:22:48.257 [FXGL Background Thread 4 ] DEBUG TilesetLoader        - Writing to buffer: dst=320,128, w=64,h=64, src=256,0
11:22:48.258 [FXGL Background Thread 4 ] DEBUG TilesetLoader        - Writing to buffer: dst=384,128, w=64,h=64, src=192,0
11:22:48.259 [FXGL Background Thread 4 ] DEBUG TilesetLoader        - Writing to buffer: dst=448,128, w=64,h=64, src=256,0
11:22:48.260 [FXGL Background Thread 4 ] DEBUG TilesetLoader        - Writing to buffer: dst=512,128, w=64,h=64, src=192,0
11:22:48.261 [FXGL Background Thread 4 ] DEBUG TilesetLoader        - Writing to buffer: dst=576,128, w=64,h=64, src=256,0
11:22:48.261 [FXGL Background Thread 4 ] DEBUG TilesetLoader        - Writing to buffer: dst=640,128, w=64,h=64, src=192,0
11:22:48.263 [FXGL Background Thread 4 ] DEBUG TilesetLoader        - Writing to buffer: dst=704,128, w=64,h=64, src=256,0
11:22:48.264 [FXGL Background Thread 4 ] DEBUG TilesetLoader        - Writing to buffer: dst=768,128, w=64,h=64, src=192,0
11:22:48.264 [FXGL Background Thread 4 ] DEBUG TilesetLoader        - Writing to buffer: dst=832,128, w=64,h=64, src=256,0
11:22:48.265 [FXGL Background Thread 4 ] DEBUG TilesetLoader        - Writing to buffer: dst=896,128, w=64,h=64, src=0,0
11:22:48.266 [FXGL Background Thread 4 ] DEBUG TilesetLoader        - Writing to buffer: dst=0,192, w=64,h=64, src=0,0
11:22:48.267 [FXGL Background Thread 4 ] DEBUG TilesetLoader        - Writing to buffer: dst=64,192, w=64,h=64, src=256,0
11:22:48.268 [FXGL Background Thread 4 ] DEBUG TilesetLoader        - Writing to buffer: dst=128,192, w=64,h=64, src=256,0
11:22:48.269 [FXGL Background Thread 4 ] DEBUG TilesetLoader        - Writing to buffer: dst=192,192, w=64,h=64, src=256,0
11:22:48.270 [FXGL Background Thread 4 ] DEBUG TilesetLoader        - Writing to buffer: dst=256,192, w=64,h=64, src=256,0
11:22:48.271 [FXGL Background Thread 4 ] DEBUG TilesetLoader        - Writing to buffer: dst=320,192, w=64,h=64, src=256,0
11:22:48.271 [FXGL Background Thread 4 ] DEBUG TilesetLoader        - Writing to buffer: dst=384,192, w=64,h=64, src=256,0
11:22:48.272 [FXGL Background Thread 4 ] DEBUG TilesetLoader        - Writing to buffer: dst=448,192, w=64,h=64, src=256,0
11:22:48.273 [FXGL Background Thread 4 ] DEBUG TilesetLoader        - Writing to buffer: dst=512,192, w=64,h=64, src=256,0
11:22:48.273 [FXGL Background Thread 4 ] DEBUG TilesetLoader        - Writing to buffer: dst=576,192, w=64,h=64, src=256,0
11:22:48.274 [FXGL Background Thread 4 ] DEBUG TilesetLoader        - Writing to buffer: dst=640,192, w=64,h=64, src=256,0
11:22:48.274 [FXGL Background Thread 4 ] DEBUG TilesetLoader        - Writing to buffer: dst=704,192, w=64,h=64, src=256,0
11:22:48.275 [FXGL Background Thread 4 ] DEBUG TilesetLoader        - Writing to buffer: dst=768,192, w=64,h=64, src=256,0
11:22:48.276 [FXGL Background Thread 4 ] DEBUG TilesetLoader        - Writing to buffer: dst=832,192, w=64,h=64, src=256,0
11:22:48.277 [FXGL Background Thread 4 ] DEBUG TilesetLoader        - Writing to buffer: dst=896,192, w=64,h=64, src=0,0
11:22:48.277 [FXGL Background Thread 4 ] DEBUG TilesetLoader        - Writing to buffer: dst=0,256, w=64,h=64, src=0,0
11:22:48.278 [FXGL Background Thread 4 ] DEBUG TilesetLoader        - Writing to buffer: dst=64,256, w=64,h=64, src=256,0
11:22:48.278 [FXGL Background Thread 4 ] DEBUG TilesetLoader        - Writing to buffer: dst=128,256, w=64,h=64, src=192,0
11:22:48.279 [FXGL Background Thread 4 ] DEBUG TilesetLoader        - Writing to buffer: dst=192,256, w=64,h=64, src=256,0
11:22:48.279 [FXGL Background Thread 4 ] DEBUG TilesetLoader        - Writing to buffer: dst=256,256, w=64,h=64, src=192,0
11:22:48.280 [FXGL Background Thread 4 ] DEBUG TilesetLoader        - Writing to buffer: dst=320,256, w=64,h=64, src=256,0
11:22:48.281 [FXGL Background Thread 4 ] DEBUG TilesetLoader        - Writing to buffer: dst=384,256, w=64,h=64, src=192,0
11:22:48.281 [FXGL Background Thread 4 ] DEBUG TilesetLoader        - Writing to buffer: dst=448,256, w=64,h=64, src=256,0
11:22:48.282 [FXGL Background Thread 4 ] DEBUG TilesetLoader        - Writing to buffer: dst=512,256, w=64,h=64, src=192,0
11:22:48.282 [FXGL Background Thread 4 ] DEBUG TilesetLoader        - Writing to buffer: dst=576,256, w=64,h=64, src=256,0
11:22:48.283 [FXGL Background Thread 4 ] DEBUG TilesetLoader        - Writing to buffer: dst=640,256, w=64,h=64, src=192,0
11:22:48.284 [FXGL Background Thread 4 ] DEBUG TilesetLoader        - Writing to buffer: dst=704,256, w=64,h=64, src=256,0
11:22:48.285 [FXGL Background Thread 4 ] DEBUG TilesetLoader        - Writing to buffer: dst=768,256, w=64,h=64, src=192,0
11:22:48.286 [FXGL Background Thread 4 ] DEBUG TilesetLoader        - Writing to buffer: dst=832,256, w=64,h=64, src=256,0
11:22:48.286 [FXGL Background Thread 4 ] DEBUG TilesetLoader        - Writing to buffer: dst=896,256, w=64,h=64, src=0,0
11:22:48.287 [FXGL Background Thread 4 ] DEBUG TilesetLoader        - Writing to buffer: dst=0,320, w=64,h=64, src=0,0
11:22:48.288 [FXGL Background Thread 4 ] DEBUG TilesetLoader        - Writing to buffer: dst=64,320, w=64,h=64, src=256,0
11:22:48.289 [FXGL Background Thread 4 ] DEBUG TilesetLoader        - Writing to buffer: dst=128,320, w=64,h=64, src=256,0
11:22:48.289 [FXGL Background Thread 4 ] DEBUG TilesetLoader        - Writing to buffer: dst=192,320, w=64,h=64, src=256,0
11:22:48.290 [FXGL Background Thread 4 ] DEBUG TilesetLoader        - Writing to buffer: dst=256,320, w=64,h=64, src=256,0
11:22:48.291 [FXGL Background Thread 4 ] DEBUG TilesetLoader        - Writing to buffer: dst=320,320, w=64,h=64, src=256,0
11:22:48.291 [FXGL Background Thread 4 ] DEBUG TilesetLoader        - Writing to buffer: dst=384,320, w=64,h=64, src=256,0
11:22:48.292 [FXGL Background Thread 4 ] DEBUG TilesetLoader        - Writing to buffer: dst=448,320, w=64,h=64, src=256,0
11:22:48.293 [FXGL Background Thread 4 ] DEBUG TilesetLoader        - Writing to buffer: dst=512,320, w=64,h=64, src=256,0
11:22:48.294 [FXGL Background Thread 4 ] DEBUG TilesetLoader        - Writing to buffer: dst=576,320, w=64,h=64, src=256,0
11:22:48.294 [FXGL Background Thread 4 ] DEBUG TilesetLoader        - Writing to buffer: dst=640,320, w=64,h=64, src=256,0
11:22:48.295 [FXGL Background Thread 4 ] DEBUG TilesetLoader        - Writing to buffer: dst=704,320, w=64,h=64, src=256,0
11:22:48.296 [FXGL Background Thread 4 ] DEBUG TilesetLoader        - Writing to buffer: dst=768,320, w=64,h=64, src=256,0
11:22:48.297 [FXGL Background Thread 4 ] DEBUG TilesetLoader        - Writing to buffer: dst=832,320, w=64,h=64, src=256,0
11:22:48.298 [FXGL Background Thread 4 ] DEBUG TilesetLoader        - Writing to buffer: dst=896,320, w=64,h=64, src=0,0
11:22:48.298 [FXGL Background Thread 4 ] DEBUG TilesetLoader        - Writing to buffer: dst=0,384, w=64,h=64, src=0,0
11:22:48.299 [FXGL Background Thread 4 ] DEBUG TilesetLoader        - Writing to buffer: dst=64,384, w=64,h=64, src=256,0
11:22:48.300 [FXGL Background Thread 4 ] DEBUG TilesetLoader        - Writing to buffer: dst=128,384, w=64,h=64, src=192,0
11:22:48.301 [FXGL Background Thread 4 ] DEBUG TilesetLoader        - Writing to buffer: dst=192,384, w=64,h=64, src=256,0
11:22:48.302 [FXGL Background Thread 4 ] DEBUG TilesetLoader        - Writing to buffer: dst=256,384, w=64,h=64, src=192,0
11:22:48.302 [FXGL Background Thread 4 ] DEBUG TilesetLoader        - Writing to buffer: dst=320,384, w=64,h=64, src=256,0
11:22:48.303 [FXGL Background Thread 4 ] DEBUG TilesetLoader        - Writing to buffer: dst=384,384, w=64,h=64, src=192,0
11:22:48.304 [FXGL Background Thread 4 ] DEBUG TilesetLoader        - Writing to buffer: dst=448,384, w=64,h=64, src=256,0
11:22:48.304 [FXGL Background Thread 4 ] DEBUG TilesetLoader        - Writing to buffer: dst=512,384, w=64,h=64, src=192,0
11:22:48.305 [FXGL Background Thread 4 ] DEBUG TilesetLoader        - Writing to buffer: dst=576,384, w=64,h=64, src=256,0
11:22:48.306 [FXGL Background Thread 4 ] DEBUG TilesetLoader        - Writing to buffer: dst=640,384, w=64,h=64, src=192,0
11:22:48.307 [FXGL Background Thread 4 ] DEBUG TilesetLoader        - Writing to buffer: dst=704,384, w=64,h=64, src=256,0
11:22:48.308 [FXGL Background Thread 4 ] DEBUG TilesetLoader        - Writing to buffer: dst=768,384, w=64,h=64, src=192,0
11:22:48.308 [FXGL Background Thread 4 ] DEBUG TilesetLoader        - Writing to buffer: dst=832,384, w=64,h=64, src=256,0
11:22:48.309 [FXGL Background Thread 4 ] DEBUG TilesetLoader        - Writing to buffer: dst=896,384, w=64,h=64, src=0,0
11:22:48.309 [FXGL Background Thread 4 ] DEBUG TilesetLoader        - Writing to buffer: dst=0,448, w=64,h=64, src=0,0
11:22:48.310 [FXGL Background Thread 4 ] DEBUG TilesetLoader        - Writing to buffer: dst=64,448, w=64,h=64, src=256,0
11:22:48.311 [FXGL Background Thread 4 ] DEBUG TilesetLoader        - Writing to buffer: dst=128,448, w=64,h=64, src=256,0
11:22:48.311 [FXGL Background Thread 4 ] DEBUG TilesetLoader        - Writing to buffer: dst=192,448, w=64,h=64, src=256,0
11:22:48.312 [FXGL Background Thread 4 ] DEBUG TilesetLoader        - Writing to buffer: dst=256,448, w=64,h=64, src=256,0
11:22:48.312 [FXGL Background Thread 4 ] DEBUG TilesetLoader        - Writing to buffer: dst=320,448, w=64,h=64, src=256,0
11:22:48.312 [FXGL Background Thread 4 ] DEBUG TilesetLoader        - Writing to buffer: dst=384,448, w=64,h=64, src=256,0
11:22:48.313 [FXGL Background Thread 4 ] DEBUG TilesetLoader        - Writing to buffer: dst=448,448, w=64,h=64, src=256,0
11:22:48.314 [FXGL Background Thread 4 ] DEBUG TilesetLoader        - Writing to buffer: dst=512,448, w=64,h=64, src=256,0
11:22:48.314 [FXGL Background Thread 4 ] DEBUG TilesetLoader        - Writing to buffer: dst=576,448, w=64,h=64, src=256,0
11:22:48.315 [FXGL Background Thread 4 ] DEBUG TilesetLoader        - Writing to buffer: dst=640,448, w=64,h=64, src=256,0
11:22:48.315 [FXGL Background Thread 4 ] DEBUG TilesetLoader        - Writing to buffer: dst=704,448, w=64,h=64, src=256,0
11:22:48.316 [FXGL Background Thread 4 ] DEBUG TilesetLoader        - Writing to buffer: dst=768,448, w=64,h=64, src=256,0
11:22:48.316 [FXGL Background Thread 4 ] DEBUG TilesetLoader        - Writing to buffer: dst=832,448, w=64,h=64, src=256,0
11:22:48.317 [FXGL Background Thread 4 ] DEBUG TilesetLoader        - Writing to buffer: dst=896,448, w=64,h=64, src=0,0
11:22:48.317 [FXGL Background Thread 4 ] DEBUG TilesetLoader        - Writing to buffer: dst=0,512, w=64,h=64, src=0,0
11:22:48.318 [FXGL Background Thread 4 ] DEBUG TilesetLoader        - Writing to buffer: dst=64,512, w=64,h=64, src=256,0
11:22:48.319 [FXGL Background Thread 4 ] DEBUG TilesetLoader        - Writing to buffer: dst=128,512, w=64,h=64, src=192,0
11:22:48.319 [FXGL Background Thread 4 ] DEBUG TilesetLoader        - Writing to buffer: dst=192,512, w=64,h=64, src=256,0
11:22:48.320 [FXGL Background Thread 4 ] DEBUG TilesetLoader        - Writing to buffer: dst=256,512, w=64,h=64, src=192,0
11:22:48.321 [FXGL Background Thread 4 ] DEBUG TilesetLoader        - Writing to buffer: dst=320,512, w=64,h=64, src=256,0
11:22:48.322 [FXGL Background Thread 4 ] DEBUG TilesetLoader        - Writing to buffer: dst=384,512, w=64,h=64, src=192,0
11:22:48.322 [FXGL Background Thread 4 ] DEBUG TilesetLoader        - Writing to buffer: dst=448,512, w=64,h=64, src=256,0
11:22:48.323 [FXGL Background Thread 4 ] DEBUG TilesetLoader        - Writing to buffer: dst=512,512, w=64,h=64, src=192,0
11:22:48.324 [FXGL Background Thread 4 ] DEBUG TilesetLoader        - Writing to buffer: dst=576,512, w=64,h=64, src=256,0
11:22:48.325 [FXGL Background Thread 4 ] DEBUG TilesetLoader        - Writing to buffer: dst=640,512, w=64,h=64, src=192,0
11:22:48.326 [FXGL Background Thread 4 ] DEBUG TilesetLoader        - Writing to buffer: dst=704,512, w=64,h=64, src=256,0
11:22:48.327 [FXGL Background Thread 4 ] DEBUG TilesetLoader        - Writing to buffer: dst=768,512, w=64,h=64, src=192,0
11:22:48.328 [FXGL Background Thread 4 ] DEBUG TilesetLoader        - Writing to buffer: dst=832,512, w=64,h=64, src=256,0
11:22:48.328 [FXGL Background Thread 4 ] DEBUG TilesetLoader        - Writing to buffer: dst=896,512, w=64,h=64, src=0,0
11:22:48.329 [FXGL Background Thread 4 ] DEBUG TilesetLoader        - Writing to buffer: dst=0,576, w=64,h=64, src=0,0
11:22:48.330 [FXGL Background Thread 4 ] DEBUG TilesetLoader        - Writing to buffer: dst=64,576, w=64,h=64, src=256,0
11:22:48.330 [FXGL Background Thread 4 ] DEBUG TilesetLoader        - Writing to buffer: dst=128,576, w=64,h=64, src=256,0
11:22:48.331 [FXGL Background Thread 4 ] DEBUG TilesetLoader        - Writing to buffer: dst=192,576, w=64,h=64, src=256,0
11:22:48.331 [FXGL Background Thread 4 ] DEBUG TilesetLoader        - Writing to buffer: dst=256,576, w=64,h=64, src=256,0
11:22:48.332 [FXGL Background Thread 4 ] DEBUG TilesetLoader        - Writing to buffer: dst=320,576, w=64,h=64, src=256,0
11:22:48.333 [FXGL Background Thread 4 ] DEBUG TilesetLoader        - Writing to buffer: dst=384,576, w=64,h=64, src=256,0
11:22:48.333 [FXGL Background Thread 4 ] DEBUG TilesetLoader        - Writing to buffer: dst=448,576, w=64,h=64, src=256,0
11:22:48.334 [FXGL Background Thread 4 ] DEBUG TilesetLoader        - Writing to buffer: dst=512,576, w=64,h=64, src=256,0
11:22:48.335 [FXGL Background Thread 4 ] DEBUG TilesetLoader        - Writing to buffer: dst=576,576, w=64,h=64, src=256,0
11:22:48.336 [FXGL Background Thread 4 ] DEBUG TilesetLoader        - Writing to buffer: dst=640,576, w=64,h=64, src=256,0
11:22:48.336 [FXGL Background Thread 4 ] DEBUG TilesetLoader        - Writing to buffer: dst=704,576, w=64,h=64, src=256,0
11:22:48.337 [FXGL Background Thread 4 ] DEBUG TilesetLoader        - Writing to buffer: dst=768,576, w=64,h=64, src=256,0
11:22:48.338 [FXGL Background Thread 4 ] DEBUG TilesetLoader        - Writing to buffer: dst=832,576, w=64,h=64, src=256,0
11:22:48.339 [FXGL Background Thread 4 ] DEBUG TilesetLoader        - Writing to buffer: dst=896,576, w=64,h=64, src=0,0
11:22:48.339 [FXGL Background Thread 4 ] DEBUG TilesetLoader        - Writing to buffer: dst=0,640, w=64,h=64, src=0,0
11:22:48.340 [FXGL Background Thread 4 ] DEBUG TilesetLoader        - Writing to buffer: dst=64,640, w=64,h=64, src=256,0
11:22:48.340 [FXGL Background Thread 4 ] DEBUG TilesetLoader        - Writing to buffer: dst=128,640, w=64,h=64, src=192,0
11:22:48.341 [FXGL Background Thread 4 ] DEBUG TilesetLoader        - Writing to buffer: dst=192,640, w=64,h=64, src=256,0
11:22:48.341 [FXGL Background Thread 4 ] DEBUG TilesetLoader        - Writing to buffer: dst=256,640, w=64,h=64, src=192,0
11:22:48.342 [FXGL Background Thread 4 ] DEBUG TilesetLoader        - Writing to buffer: dst=320,640, w=64,h=64, src=256,0
11:22:48.342 [FXGL Background Thread 4 ] DEBUG TilesetLoader        - Writing to buffer: dst=384,640, w=64,h=64, src=192,0
11:22:48.343 [FXGL Background Thread 4 ] DEBUG TilesetLoader        - Writing to buffer: dst=448,640, w=64,h=64, src=256,0
11:22:48.343 [FXGL Background Thread 4 ] DEBUG TilesetLoader        - Writing to buffer: dst=512,640, w=64,h=64, src=192,0
11:22:48.344 [FXGL Background Thread 4 ] DEBUG TilesetLoader        - Writing to buffer: dst=576,640, w=64,h=64, src=256,0
11:22:48.344 [FXGL Background Thread 4 ] DEBUG TilesetLoader        - Writing to buffer: dst=640,640, w=64,h=64, src=192,0
11:22:48.345 [FXGL Background Thread 4 ] DEBUG TilesetLoader        - Writing to buffer: dst=704,640, w=64,h=64, src=256,0
11:22:48.345 [FXGL Background Thread 4 ] DEBUG TilesetLoader        - Writing to buffer: dst=768,640, w=64,h=64, src=192,0
11:22:48.346 [FXGL Background Thread 4 ] DEBUG TilesetLoader        - Writing to buffer: dst=832,640, w=64,h=64, src=256,0
11:22:48.347 [FXGL Background Thread 4 ] DEBUG TilesetLoader        - Writing to buffer: dst=896,640, w=64,h=64, src=0,0
11:22:48.347 [FXGL Background Thread 4 ] DEBUG TilesetLoader        - Writing to buffer: dst=0,704, w=64,h=64, src=0,0
11:22:48.348 [FXGL Background Thread 4 ] DEBUG TilesetLoader        - Writing to buffer: dst=64,704, w=64,h=64, src=256,0
11:22:48.348 [FXGL Background Thread 4 ] DEBUG TilesetLoader        - Writing to buffer: dst=128,704, w=64,h=64, src=256,0
11:22:48.349 [FXGL Background Thread 4 ] DEBUG TilesetLoader        - Writing to buffer: dst=192,704, w=64,h=64, src=256,0
11:22:48.350 [FXGL Background Thread 4 ] DEBUG TilesetLoader        - Writing to buffer: dst=256,704, w=64,h=64, src=256,0
11:22:48.350 [FXGL Background Thread 4 ] DEBUG TilesetLoader        - Writing to buffer: dst=320,704, w=64,h=64, src=256,0
11:22:48.351 [FXGL Background Thread 4 ] DEBUG TilesetLoader        - Writing to buffer: dst=384,704, w=64,h=64, src=256,0
11:22:48.352 [FXGL Background Thread 4 ] DEBUG TilesetLoader        - Writing to buffer: dst=448,704, w=64,h=64, src=256,0
11:22:48.352 [FXGL Background Thread 4 ] DEBUG TilesetLoader        - Writing to buffer: dst=512,704, w=64,h=64, src=256,0
11:22:48.353 [FXGL Background Thread 4 ] DEBUG TilesetLoader        - Writing to buffer: dst=576,704, w=64,h=64, src=256,0
11:22:48.354 [FXGL Background Thread 4 ] DEBUG TilesetLoader        - Writing to buffer: dst=640,704, w=64,h=64, src=256,0
11:22:48.354 [FXGL Background Thread 4 ] DEBUG TilesetLoader        - Writing to buffer: dst=704,704, w=64,h=64, src=256,0
11:22:48.355 [FXGL Background Thread 4 ] DEBUG TilesetLoader        - Writing to buffer: dst=768,704, w=64,h=64, src=256,0
11:22:48.356 [FXGL Background Thread 4 ] DEBUG TilesetLoader        - Writing to buffer: dst=832,704, w=64,h=64, src=256,0
11:22:48.357 [FXGL Background Thread 4 ] DEBUG TilesetLoader        - Writing to buffer: dst=896,704, w=64,h=64, src=0,0
11:22:48.358 [FXGL Background Thread 4 ] DEBUG TilesetLoader        - Writing to buffer: dst=0,768, w=64,h=64, src=0,0
11:22:48.359 [FXGL Background Thread 4 ] DEBUG TilesetLoader        - Writing to buffer: dst=64,768, w=64,h=64, src=0,0
11:22:48.359 [FXGL Background Thread 4 ] DEBUG TilesetLoader        - Writing to buffer: dst=128,768, w=64,h=64, src=0,0
11:22:48.360 [FXGL Background Thread 4 ] DEBUG TilesetLoader        - Writing to buffer: dst=192,768, w=64,h=64, src=0,0
11:22:48.361 [FXGL Background Thread 4 ] DEBUG TilesetLoader        - Writing to buffer: dst=256,768, w=64,h=64, src=0,0
11:22:48.361 [FXGL Background Thread 4 ] DEBUG TilesetLoader        - Writing to buffer: dst=320,768, w=64,h=64, src=0,0
11:22:48.362 [FXGL Background Thread 4 ] DEBUG TilesetLoader        - Writing to buffer: dst=384,768, w=64,h=64, src=0,0
11:22:48.363 [FXGL Background Thread 4 ] DEBUG TilesetLoader        - Writing to buffer: dst=448,768, w=64,h=64, src=0,0
11:22:48.363 [FXGL Background Thread 4 ] DEBUG TilesetLoader        - Writing to buffer: dst=512,768, w=64,h=64, src=0,0
11:22:48.364 [FXGL Background Thread 4 ] DEBUG TilesetLoader        - Writing to buffer: dst=576,768, w=64,h=64, src=0,0
11:22:48.365 [FXGL Background Thread 4 ] DEBUG TilesetLoader        - Writing to buffer: dst=640,768, w=64,h=64, src=0,0
11:22:48.365 [FXGL Background Thread 4 ] DEBUG TilesetLoader        - Writing to buffer: dst=704,768, w=64,h=64, src=0,0
11:22:48.366 [FXGL Background Thread 4 ] DEBUG TilesetLoader        - Writing to buffer: dst=768,768, w=64,h=64, src=0,0
11:22:48.367 [FXGL Background Thread 4 ] DEBUG TilesetLoader        - Writing to buffer: dst=832,768, w=64,h=64, src=0,0
11:22:48.368 [FXGL Background Thread 4 ] DEBUG TilesetLoader        - Writing to buffer: dst=896,768, w=64,h=64, src=0,0
11:22:48.370 [FXGL Background Thread 4 ] DEBUG TMXLevelLoader       - Creating object layer entities
11:22:48.463 [FXGL Background Thread 4 ] DEBUG GameWorld            - Clearing removable entities
11:22:48.465 [FXGL Background Thread 4 ] DEBUG GameWorld            - Setting level: com.almasb.fxgl.entity.level.Level@79fd7f13
11:22:48.510 [FXGL Background Thread 4 ] DEBUG FXGLAssetLoaderServi - Loading from file system: file:/C:/Users/0705s/OneDrive/Desktop/SE-Challengeweek/target/classes/assets/textures/player_1_move_down.png
11:22:48.527 [FXGL Background Thread 4 ] DEBUG FXGLAssetLoaderServi - Loading from file system: file:/C:/Users/0705s/OneDrive/Desktop/SE-Challengeweek/target/classes/assets/textures/box-1.png
11:22:48.717 [JavaFX Application Thread] DEBUG FXGLApplication      - Registering font factories with UI factory
11:22:48.828 [FXGL Background Thread 4 ] DEBUG FXGLAssetLoaderServi - Loading from file system: file:/C:/Users/0705s/OneDrive/Desktop/SE-Challengeweek/target/classes/assets/music/BGM.wav
11:22:48.900 [FXGL Background Thread 2 ] INFO  UpdaterService       - Your current version:  11.14
11:22:48.901 [FXGL Background Thread 2 ] INFO  UpdaterService       - Latest stable version: 17.1
11:22:50.706 [FXGL Background Thread 4 ] DEBUG AudioPlayer          - Playing music com.almasb.fxgl.audio.Music@6c453b98
11:22:50.723 [FXGL Background Thread 4 ] INFO  FXGLApplication      - Game initialization took: 2,685 sec
11:22:50.728 [JavaFX Application Thread] DEBUG Input                - Clearing active input actions
11:22:50.764 [FXGL Background Thread 3 ] DEBUG Engine               - Logging environment variables
11:22:50.765 [FXGL Background Thread 3 ] DEBUG Engine               - achievements: []
11:22:50.766 [FXGL Background Thread 3 ] DEBUG Engine               - actualHeight: 820.0
11:22:50.766 [FXGL Background Thread 3 ] DEBUG Engine               - actualHeightProperty: ReadOnlyDoubleProperty [value: 820.0]
11:22:50.767 [FXGL Background Thread 3 ] DEBUG Engine               - actualWidth: 950.0
11:22:50.768 [FXGL Background Thread 3 ] DEBUG Engine               - actualWidthProperty: ReadOnlyDoubleProperty [value: 950.0]
11:22:50.768 [FXGL Background Thread 3 ] DEBUG Engine               - appIcon: fxgl_icon.png
11:22:50.769 [JavaFX Application Thread] DEBUG GameApplicationServi - Removing overlay from FXGLLoadingScene and adding to GameScene
11:22:50.769 [FXGL Background Thread 3 ] DEBUG Engine               - applicationMode: DEVELOPER
11:22:50.769 [FXGL Background Thread 3 ] DEBUG Engine               - cSSList: [fxgl_dark.css]
11:22:50.770 [FXGL Background Thread 3 ] DEBUG Engine               - collisionDetectionStrategy: BRUTE_FORCE
11:22:50.770 [FXGL Background Thread 3 ] DEBUG Engine               - configClass: Optional.empty
11:22:50.771 [FXGL Background Thread 3 ] DEBUG Engine               - credits: []
11:22:50.772 [FXGL Background Thread 3 ] DEBUG Engine               - devBBoxColorProperty: ObjectProperty [value: 0xff0000ff]
11:22:50.772 [FXGL Background Thread 3 ] DEBUG Engine               - devEnableDebugCameraProperty: BooleanProperty [value: false]
11:22:50.773 [FXGL Background Thread 3 ] DEBUG Engine               - devSensorColorProperty: ObjectProperty [value: 0xffff00ff]
11:22:50.773 [FXGL Background Thread 3 ] DEBUG Engine               - devShowBBoxProperty: BooleanProperty [value: false]
11:22:50.773 [FXGL Background Thread 3 ] DEBUG Engine               - devShowPositionProperty: BooleanProperty [value: false]
11:22:50.774 [FXGL Background Thread 3 ] DEBUG Engine               - enabledMenuItems: []
11:22:50.774 [FXGL Background Thread 3 ] DEBUG Engine               - engineServices: [class com.almasb.fxgl.app.services.FXGLAssetLoaderService, class com.almasb.fxgl.app.FXGLApplication$GameApplicationService, class com.almasb.fxgl.app.services.FXGLDialogService, class com.almasb.fxgl.app.services.IOTaskExecutorService, class com.almasb.fxgl.event.EventBusService, class com.almasb.fxgl.io.FileSystemService, class com.almasb.fxgl.localization.LocalizationService, class com.almasb.fxgl.app.services.SystemBundleService, class com.almasb.fxgl.profile.SaveLoadService, class com.almasb.fxgl.ui.FXGLUIFactoryServiceProvider, class com.almasb.fxgl.ui.FXGLDialogFactoryServiceProvider, class com.almasb.fxgl.audio.AudioPlayer, class com.almasb.fxgl.notification.impl.NotificationServiceProvider, class com.almasb.fxgl.achievement.AchievementService, class com.almasb.fxgl.cutscene.CutsceneService, class com.almasb.fxgl.minigames.MiniGameService, class com.almasb.fxgl.net.NetService, class com.almasb.fxgl.app.services.UpdaterService, class com.almasb.fxgl.dev.DevService]
11:22:50.775 [FXGL Background Thread 3 ] DEBUG Engine               - fontGame: Abel-Regular.ttf
11:22:50.775 [FXGL Background Thread 3 ] DEBUG Engine               - fontMono: lucida_console.ttf
11:22:50.775 [FXGL Background Thread 3 ] DEBUG Engine               - fontText: Courier-Prime.ttf
11:22:50.776 [FXGL Background Thread 3 ] DEBUG Engine               - fontUI: VarelaRound-Regular.ttf
11:22:50.776 [FXGL Background Thread 3 ] DEBUG Engine               - fullScreen: BooleanProperty [value: false]
11:22:50.776 [FXGL Background Thread 3 ] DEBUG Engine               - gameDifficulty: MEDIUM
11:22:50.777 [FXGL Background Thread 3 ] DEBUG Engine               - gameDifficultyProperty: ObjectProperty [value: MEDIUM]
11:22:50.777 [FXGL Background Thread 3 ] DEBUG Engine               - globalMusicVolume: 0.5
11:22:50.778 [FXGL Background Thread 3 ] DEBUG Engine               - globalMusicVolumeProperty: DoubleProperty [value: 0.5]
11:22:50.778 [FXGL Background Thread 3 ] DEBUG Engine               - globalSoundVolume: 0.5
11:22:50.778 [FXGL Background Thread 3 ] DEBUG Engine               - globalSoundVolumeProperty: DoubleProperty [value: 0.5]
11:22:50.779 [FXGL Background Thread 3 ] DEBUG Engine               - height: 820
11:22:50.779 [FXGL Background Thread 3 ] DEBUG Engine               - isAndroid: false
11:22:50.779 [FXGL Background Thread 3 ] DEBUG Engine               - isBrowser: false
11:22:50.780 [FXGL Background Thread 3 ] DEBUG Engine               - isClickFeedbackEnabled: false
11:22:50.780 [FXGL Background Thread 3 ] DEBUG Engine               - isCloseConfirmation: false
11:22:50.781 [JavaFX Application Thread] DEBUG PrimaryStageWindow   - FXGLLoadingScene -> GameScene
11:22:50.781 [FXGL Background Thread 3 ] DEBUG Engine               - isDesktop: true
11:22:50.781 [FXGL Background Thread 3 ] DEBUG Engine               - isDeveloperMenuEnabled: true
11:22:50.782 [FXGL Background Thread 3 ] DEBUG Engine               - isEntityPreloadEnabled: true
11:22:50.782 [FXGL Background Thread 3 ] DEBUG Engine               - isExperimental3D: false
11:22:50.782 [FXGL Background Thread 3 ] DEBUG Engine               - isExperimentalNative: false
11:22:50.782 [FXGL Background Thread 3 ] DEBUG Engine               - isExperimentalTiledLargeMap: false
11:22:50.783 [FXGL Background Thread 3 ] DEBUG Engine               - isFileSystemWriteAllowed: true
11:22:50.783 [FXGL Background Thread 3 ] DEBUG Engine               - isFullScreenAllowed: false
11:22:50.783 [FXGL Background Thread 3 ] DEBUG Engine               - isFullScreenFromStart: false
11:22:50.784 [FXGL Background Thread 3 ] DEBUG Engine               - isGameMenuEnabled: true
11:22:50.784 [FXGL Background Thread 3 ] DEBUG Engine               - isIOS: false
11:22:50.784 [FXGL Background Thread 3 ] DEBUG Engine               - isIntroEnabled: false
11:22:50.785 [FXGL Background Thread 3 ] DEBUG Engine               - isLinux: false
11:22:50.785 [FXGL Background Thread 3 ] DEBUG Engine               - isMac: false
11:22:50.786 [FXGL Background Thread 3 ] DEBUG Engine               - isMainMenuEnabled: false
11:22:50.786 [FXGL Background Thread 3 ] DEBUG Engine               - isManualResizeEnabled: false
11:22:50.786 [JavaFX Application Thread] DEBUG FXGLAssetLoaderServi - Loading from file system: file:/C:/Users/0705s/OneDrive/Desktop/SE-Challengeweek/target/classes/assets/textures/player_1_idle_down.png
11:22:50.786 [FXGL Background Thread 3 ] DEBUG Engine               - isMobile: false
11:22:50.787 [FXGL Background Thread 3 ] DEBUG Engine               - isPreserveResizeRatio: false
11:22:50.787 [FXGL Background Thread 3 ] DEBUG Engine               - isProfilingEnabled: false
11:22:50.787 [FXGL Background Thread 3 ] DEBUG Engine               - isScaleAffectedOnResize: true
11:22:50.788 [FXGL Background Thread 3 ] DEBUG Engine               - isSingleStep: false
11:22:50.788 [FXGL Background Thread 3 ] DEBUG Engine               - isUserProfileEnabled: false
11:22:50.788 [FXGL Background Thread 3 ] DEBUG Engine               - isWindows: true
11:22:50.789 [FXGL Background Thread 3 ] DEBUG Engine               - language: ObjectProperty [value: ENGLISH]
11:22:50.789 [FXGL Background Thread 3 ] DEBUG Engine               - menuKey: ESCAPE
11:22:50.789 [JavaFX Application Thread] DEBUG FXGLAssetLoaderServi - Loading from file system: file:/C:/Users/0705s/OneDrive/Desktop/SE-Challengeweek/target/classes/assets/textures/player_2_idle_down.png
11:22:50.790 [FXGL Background Thread 3 ] DEBUG Engine               - notificationViewClass: class com.almasb.fxgl.notification.view.XboxNotificationView
11:22:50.790 [FXGL Background Thread 3 ] DEBUG Engine               - pixelsPerMeter: 50.0
11:22:50.791 [FXGL Background Thread 3 ] DEBUG Engine               - platform: WINDOWS
11:22:50.791 [FXGL Background Thread 3 ] DEBUG Engine               - prefHeightProperty: ReadOnlyDoubleProperty [value: 820.0]
11:22:50.792 [FXGL Background Thread 3 ] DEBUG Engine               - prefWidthProperty: ReadOnlyDoubleProperty [value: 950.0]
11:22:50.792 [FXGL Background Thread 3 ] DEBUG Engine               - profileDir: profiles/
11:22:50.793 [FXGL Background Thread 3 ] DEBUG Engine               - profileName: StringProperty [value: DEFAULT]
11:22:50.793 [FXGL Background Thread 3 ] DEBUG Engine               - randomSeed: -1
11:22:50.794 [FXGL Background Thread 3 ] DEBUG Engine               - runtimeInfo: RuntimeInfo(platform=WINDOWS, version=11.14, build=01.03.2021 16.59)
11:22:50.795 [FXGL Background Thread 3 ] DEBUG Engine               - saveFileExt: sav
11:22:50.795 [FXGL Background Thread 3 ] DEBUG Engine               - scaledHeightProp$fxgl: DoubleProperty [bound, value: 820.0]
11:22:50.796 [FXGL Background Thread 3 ] DEBUG Engine               - scaledWidthProp$fxgl: DoubleProperty [bound, value: 950.0]
11:22:50.796 [FXGL Background Thread 3 ] DEBUG Engine               - sceneFactory: MenuFactory@ed2a9b8
11:22:50.797 [FXGL Background Thread 3 ] DEBUG Engine               - secondsIn24h: 60
11:22:50.797 [FXGL Background Thread 3 ] DEBUG Engine               - soundMenuBack: menu/back.wav
11:22:50.798 [FXGL Background Thread 3 ] DEBUG Engine               - soundMenuPress: menu/press.wav
11:22:50.798 [FXGL Background Thread 3 ] DEBUG Engine               - soundMenuSelect: menu/select.wav
11:22:50.799 [FXGL Background Thread 3 ] DEBUG Engine               - soundNotification: core/notification.wav
11:22:50.800 [FXGL Background Thread 3 ] DEBUG Engine               - stageStyle: DECORATED
11:22:50.800 [FXGL Background Thread 3 ] DEBUG Engine               - supportedLanguages: [ENGLISH, FRENCH, GERMAN, HUNGARIAN, RUSSIAN]
11:22:50.801 [FXGL Background Thread 3 ] DEBUG Engine               - ticksPerSecond: -1
11:22:50.801 [FXGL Background Thread 3 ] DEBUG Engine               - title: Bomberman
11:22:50.802 [FXGL Background Thread 3 ] DEBUG Engine               - urlGithub: https://github.com/AlmasB/FXGL
11:22:50.802 [FXGL Background Thread 3 ] DEBUG Engine               - urlLeaderboard: http://fxgl-top.herokuapp.com/
11:22:50.802 [FXGL Background Thread 3 ] DEBUG Engine               - urlPOM: https://raw.githubusercontent.com/AlmasB/FXGL/release/README.md
11:22:50.803 [FXGL Background Thread 3 ] DEBUG Engine               - userAppClass: class Game
11:22:50.803 [FXGL Background Thread 3 ] DEBUG Engine               - version: 0.0
11:22:50.804 [FXGL Background Thread 3 ] DEBUG Engine               - versionCheckDays: 7
11:22:50.804 [FXGL Background Thread 3 ] DEBUG Engine               - width: 950
11:22:50.804 [FXGL Background Thread 3 ] DEBUG Engine               - Logging services
11:22:50.805 [FXGL Background Thread 3 ] DEBUG Engine               - class com.almasb.fxgl.app.services.FXGLAssetLoaderService
11:22:50.805 [FXGL Background Thread 3 ] DEBUG Engine               - class com.almasb.fxgl.app.FXGLApplication$GameApplicationService
11:22:50.805 [FXGL Background Thread 3 ] DEBUG Engine               - class com.almasb.fxgl.app.services.FXGLDialogService
11:22:50.806 [FXGL Background Thread 3 ] DEBUG Engine               - class com.almasb.fxgl.app.services.IOTaskExecutorService
11:22:50.806 [FXGL Background Thread 3 ] DEBUG Engine               - class com.almasb.fxgl.event.EventBusService
11:22:50.807 [FXGL Background Thread 3 ] DEBUG Engine               - class com.almasb.fxgl.io.FileSystemService
11:22:50.807 [FXGL Background Thread 3 ] DEBUG Engine               - class com.almasb.fxgl.localization.LocalizationService
11:22:50.808 [FXGL Background Thread 3 ] DEBUG Engine               - class com.almasb.fxgl.app.services.SystemBundleService
11:22:50.808 [FXGL Background Thread 3 ] DEBUG Engine               - class com.almasb.fxgl.profile.SaveLoadService
11:22:50.809 [FXGL Background Thread 3 ] DEBUG Engine               - class com.almasb.fxgl.ui.FXGLUIFactoryServiceProvider
11:22:50.809 [FXGL Background Thread 3 ] DEBUG Engine               - class com.almasb.fxgl.ui.FXGLDialogFactoryServiceProvider
11:22:50.810 [FXGL Background Thread 3 ] DEBUG Engine               - class com.almasb.fxgl.audio.AudioPlayer
11:22:50.810 [FXGL Background Thread 3 ] DEBUG Engine               - class com.almasb.fxgl.notification.impl.NotificationServiceProvider
11:22:50.811 [FXGL Background Thread 3 ] DEBUG Engine               - class com.almasb.fxgl.achievement.AchievementService
11:22:50.811 [FXGL Background Thread 3 ] DEBUG Engine               - class com.almasb.fxgl.cutscene.CutsceneService
11:22:50.812 [FXGL Background Thread 3 ] DEBUG Engine               - class com.almasb.fxgl.minigames.MiniGameService
11:22:50.812 [FXGL Background Thread 3 ] DEBUG Engine               - class com.almasb.fxgl.net.NetService
11:22:50.813 [FXGL Background Thread 3 ] DEBUG Engine               - class com.almasb.fxgl.app.services.UpdaterService
11:22:50.813 [FXGL Background Thread 3 ] DEBUG Engine               - class com.almasb.fxgl.dev.DevService
11:22:52.182 [JavaFX Application Thread] DEBUG FXGLAssetLoaderServi - Loading from file system: file:/C:/Users/0705s/OneDrive/Desktop/SE-Challengeweek/target/classes/assets/textures/player_1_move_right.png
11:22:52.353 [JavaFX Application Thread] DEBUG FXGLAssetLoaderServi - Loading from file system: file:/C:/Users/0705s/OneDrive/Desktop/SE-Challengeweek/target/classes/assets/textures/player_1_idle_right.png
11:22:52.566 [JavaFX Application Thread] DEBUG FXGLAssetLoaderServi - Loading from file system: file:/C:/Users/0705s/OneDrive/Desktop/SE-Challengeweek/target/classes/assets/textures/player_1_move_Up.png
11:22:52.965 [JavaFX Application Thread] DEBUG FXGLAssetLoaderServi - Loading from file system: file:/C:/Users/0705s/OneDrive/Desktop/SE-Challengeweek/target/classes/assets/textures/player_1_idle_Up.png
11:22:53.151 [JavaFX Application Thread] DEBUG FXGLAssetLoaderServi - Loading from file system: file:/C:/Users/0705s/OneDrive/Desktop/SE-Challengeweek/target/classes/assets/textures/player_1_move_left.png
11:22:53.462 [JavaFX Application Thread] DEBUG FXGLAssetLoaderServi - Loading from file system: file:/C:/Users/0705s/OneDrive/Desktop/SE-Challengeweek/target/classes/assets/textures/player_1_idle_left.png
11:22:53.862 [JavaFX Application Thread] DEBUG FXGLApplication      - Exiting FXGL
11:22:53.863 [JavaFX Application Thread] DEBUG LoopRunner           - Stopping loop
11:22:53.863 [JavaFX Application Thread] DEBUG SystemBundleService  - Saving FXGL system data
11:22:53.865 [JavaFX Application Thread] DEBUG FileSystemAccess     - Writing to: C:\Users\0705s\OneDrive\Desktop\SE-Challengeweek\system\fxgl.bundle
11:22:53.867 [JavaFX Application Thread] DEBUG Async                - Shutting down background threads
11:22:53.868 [JavaFX Application Thread] DEBUG PrimaryStageWindow   - Closing main window
11:22:53.891 [JavaFX Application Thread] DEBUG Logger               - Closing Logger
