16:43:55.276 [main                     ] DEBUG Logger               - Configured Logger
16:43:55.307 [main                     ] DEBUG GameApplication      - Logging settings
Title: Bomberman SE
Version: 1.0
Width: 1920
Height: 1080
Fullscreen: false
Intro: false
Profiling: false
Single step:false
App Mode: DEVELOPER
Menu Key: ESCAPE
Stage Style: DECORATED
Scene Factory: class com.almasb.fxgl.app.scene.SceneFactory

16:43:56.296 [JavaFX Application Thread] DEBUG FXGLApplication      - Initializing FXGL
16:43:56.300 [JavaFX Application Thread] INFO  Engine               - FXGL-11.14 (01.03.2021 16.59) on WINDOWS (J:15.0.2 FX:15)
16:43:56.301 [JavaFX Application Thread] DEBUG Engine               - JRE Vendor Name: Amazon.com Inc.
16:43:56.302 [JavaFX Application Thread] DEBUG Engine               - Running on OS: Windows 10 version 10.0
16:43:56.302 [JavaFX Application Thread] DEBUG Engine               - Architecture: amd64
16:43:56.303 [JavaFX Application Thread] INFO  Engine               - Source code and latest versions at: https://github.com/AlmasB/FXGL
16:43:56.303 [JavaFX Application Thread] INFO  Engine               -              Join the FXGL chat at: https://gitter.im/AlmasB/FXGL
16:43:56.551 [JavaFX Application Thread] DEBUG PrimaryStageWindow   - Creating a JavaFX scene
16:43:56.552 [JavaFX Application Thread] DEBUG PrimaryStageWindow   - Target size > screen size
16:43:56.677 [JavaFX Application Thread] DEBUG PrimaryStageWindow   - Target settings size: 1920.0 x 1080.0
16:43:56.677 [JavaFX Application Thread] DEBUG PrimaryStageWindow   - Scaled scene size:    1823.0 x 1039.0
16:43:56.678 [JavaFX Application Thread] DEBUG PrimaryStageWindow   - Scaled ratio: (0.9494791666666667, 0.962037037037037)
16:43:56.681 [JavaFX Application Thread] DEBUG PrimaryStageWindow   - Set initial scene to FXGLStartupScene
16:43:56.702 [JavaFX Application Thread] DEBUG PrimaryStageWindow   - Opening main window
16:43:56.896 [JavaFX Application Thread] DEBUG PrimaryStageWindow   - Window border size: (16.0, 39.0)
16:43:56.896 [JavaFX Application Thread] DEBUG PrimaryStageWindow   - Scaled size: 1823.0 x 1039.0
16:43:56.897 [JavaFX Application Thread] DEBUG PrimaryStageWindow   - Scaled ratio: (0.9494791666666667, 0.962037037037037)
16:43:56.897 [JavaFX Application Thread] DEBUG PrimaryStageWindow   - Scene size: 1823.0 x 1039.0
16:43:56.898 [JavaFX Application Thread] DEBUG PrimaryStageWindow   - Stage size: 1839.0 x 1078.0
16:43:56.918 [FXGL Background Thread 1 ] DEBUG Engine               - Initializing environment variables
16:43:57.040 [FXGL Background Thread 1 ] DEBUG FXGLAssetLoaderServi - User app class for loading assets: class Game
16:43:57.041 [FXGL Background Thread 1 ] DEBUG GameApplicationServi - Applying CSS: fxgl_dark.css
16:43:57.044 [FXGL Background Thread 1 ] DEBUG FXGLAssetLoaderServi - Loading from file system: jar:file:/C:/Users/0705s/.m2/repository/com/github/almasb/fxgl/11.14/fxgl-11.14.jar!/fxglassets/ui/css/fxgl_dark.css
16:43:57.201 [FXGL Background Thread 1 ] DEBUG GameApplicationServi - Initializing application scenes
16:43:57.285 [FXGL Background Thread 1 ] DEBUG GameWorld            - Game world initialized
16:43:57.407 [FXGL Background Thread 1 ] DEBUG PhysicsWorld         - Physics world initialized: appHeight=1080, physics.ppm=50,0
16:43:57.408 [FXGL Background Thread 1 ] DEBUG PhysicsWorld         - Using strategy: BRUTE_FORCE
16:43:57.412 [FXGL Background Thread 1 ] DEBUG GameScene            - Game scene initialized: 1920x1080
16:43:57.474 [FXGL Background Thread 1 ] DEBUG FXGLAssetLoaderServi - Loading from file system: jar:file:/C:/Users/0705s/.m2/repository/com/github/almasb/fxgl/11.14/fxgl-11.14.jar!/fxglassets/textures/particles/trace_horizontal.png
16:43:57.569 [FXGL Background Thread 1 ] DEBUG FXGL.DefaultMenu     - createMenuBodyGameMenu()
16:43:57.592 [FXGL Background Thread 1 ] DEBUG FXGL.DefaultMenu     - createOptionsMenu()
16:43:57.600 [FXGL Background Thread 1 ] DEBUG FXGLAssetLoaderServi - Loading from file system: jar:file:/C:/Users/0705s/.m2/repository/com/github/almasb/fxgl/11.14/fxgl-11.14.jar!/fxglassets/textures/particles/smoke.png
16:43:57.711 [FXGL Background Thread 1 ] DEBUG GameApplicationServi - Application scenes initialized
16:43:57.734 [FXGL Background Thread 1 ] DEBUG SystemBundleService  - Loading FXGL system data
16:43:57.740 [FXGL Background Thread 1 ] DEBUG FileSystemAccess     - Reading from: C:\Users\0705s\OneDrive - Hogeschool Leiden\IOOA\SE-Bomberman\system\fxgl.bundle
16:43:57.751 [FXGL Background Thread 1 ] DEBUG SystemBundleService  - Bundle FXGL: {}
16:43:57.751 [FXGL Background Thread 1 ] DEBUG UpdaterService       - Checking for updates
16:43:57.759 [FXGL Background Thread 4 ] DEBUG FXGLApplication      - Loading fonts
16:43:57.760 [FXGL Background Thread 1 ] DEBUG FXGLApplication      - Loading default localization
16:43:57.761 [FXGL Background Thread 4 ] DEBUG FXGLAssetLoaderServi - Loading from file system: jar:file:/C:/Users/0705s/.m2/repository/com/github/almasb/fxgl/11.14/fxgl-11.14.jar!/fxglassets/ui/fonts/VarelaRound-Regular.ttf
16:43:57.762 [FXGL Background Thread 1 ] DEBUG FXGLAssetLoaderServi - Loading from file system: jar:file:/C:/Users/0705s/.m2/repository/com/github/almasb/fxgl/11.14/fxgl-11.14.jar!/fxglassets/languages/english.lang
16:43:57.794 [FXGL Background Thread 1 ] INFO  FXGLApplication      - FXGL initialization took: 0,875 sec
16:43:57.825 [JavaFX Application Thread] DEBUG Input                - Registered new binding: action0 - D
16:43:57.826 [JavaFX Application Thread] DEBUG Input                - Registered new binding: action1 - A
16:43:57.828 [JavaFX Application Thread] DEBUG Input                - Registered new binding: action2 - W
16:43:57.829 [JavaFX Application Thread] DEBUG Input                - Registered new binding: action3 - S
16:43:57.830 [JavaFX Application Thread] DEBUG FXGLAssetLoaderServi - Loading from file system: jar:file:/C:/Users/0705s/.m2/repository/com/github/almasb/fxgl/11.14/fxgl-11.14.jar!/fxglassets/textures/fxgl_icon.png
16:43:57.877 [JavaFX Application Thread] DEBUG FXGLAssetLoaderServi - Loading from file system: jar:file:/C:/Users/0705s/.m2/repository/com/github/almasb/fxgl/11.14/fxgl-11.14.jar!/fxglassets/ui/cursors/fxgl_default.png
16:43:57.885 [JavaFX Application Thread] DEBUG Input                - Registered new binding: Screenshot - P
16:43:57.887 [JavaFX Application Thread] DEBUG Input                - Registered new binding: System info dump - CTRL+9
16:43:57.888 [JavaFX Application Thread] DEBUG Input                - Registered new binding: Restart - CTRL+R
16:43:57.890 [JavaFX Application Thread] DEBUG Input                - Registered new binding: Toggle Debug Camera - CTRL+C
16:43:57.896 [FXGL Background Thread 4 ] DEBUG FXGLAssetLoaderServi - Loading from file system: jar:file:/C:/Users/0705s/.m2/repository/com/github/almasb/fxgl/11.14/fxgl-11.14.jar!/fxglassets/ui/fonts/Abel-Regular.ttf
16:43:57.896 [JavaFX Application Thread] DEBUG LoopRunner           - Starting loop
16:43:57.897 [JavaFX Application Thread] DEBUG LoopRunner           - Initializing JavaFX AnimationTimerLoop
16:43:57.900 [JavaFX Application Thread] DEBUG GameApplicationServi - Starting new game
16:43:57.902 [JavaFX Application Thread] DEBUG Input                - Clearing active input actions
16:43:57.905 [FXGL Background Thread 4 ] DEBUG FXGLAssetLoaderServi - Loading from file system: jar:file:/C:/Users/0705s/.m2/repository/com/github/almasb/fxgl/11.14/fxgl-11.14.jar!/fxglassets/ui/fonts/lucida_console.ttf
16:43:57.921 [FXGL Background Thread 4 ] DEBUG FXGLAssetLoaderServi - Loading from file system: jar:file:/C:/Users/0705s/.m2/repository/com/github/almasb/fxgl/11.14/fxgl-11.14.jar!/fxglassets/ui/fonts/Courier-Prime.ttf
16:43:57.927 [JavaFX Application Thread] DEBUG GameApplicationServi - Removing overlay from FXGLStartupScene and adding to FXGLLoadingScene
16:43:57.929 [JavaFX Application Thread] DEBUG PrimaryStageWindow   - FXGLStartupScene -> FXGLLoadingScene
16:43:57.929 [JavaFX Application Thread] DEBUG GameApplicationServi - Clearing previous game
16:43:57.930 [JavaFX Application Thread] DEBUG GameScene            - Clearing game scene
16:43:57.931 [JavaFX Application Thread] DEBUG GameWorld            - Clearing game world
16:43:57.932 [JavaFX Application Thread] DEBUG PhysicsWorld         - Clearing physics world
16:43:57.935 [FXGL Background Thread 1 ] DEBUG FXGLApplication      - Initializing game
16:43:57.941 [FXGL Background Thread 1 ] DEBUG FXGLAssetLoaderServi - Loading from file system: file:/C:/Users/0705s/OneDrive%20-%20Hogeschool%20Leiden/IOOA/SE-Bomberman/target/classes/assets/textures/sprite.png
16:43:58.037 [JavaFX Application Thread] DEBUG FXGLApplication      - Registering font factories with UI factory
16:43:58.245 [FXGL Background Thread 1 ] INFO  FXGLApplication      - Game initialization took: 0,309 sec
16:43:58.247 [JavaFX Application Thread] DEBUG Input                - Clearing active input actions
16:43:58.290 [JavaFX Application Thread] DEBUG GameApplicationServi - Removing overlay from FXGLLoadingScene and adding to GameScene
16:43:58.291 [JavaFX Application Thread] DEBUG PrimaryStageWindow   - FXGLLoadingScene -> GameScene
16:43:58.852 [FXGL Background Thread 2 ] INFO  UpdaterService       - Your current version:  11.14
16:43:58.853 [FXGL Background Thread 2 ] INFO  UpdaterService       - Latest stable version: 17.1
16:44:00.758 [FXGL Background Thread 3 ] DEBUG Engine               - Logging environment variables
16:44:00.760 [FXGL Background Thread 3 ] DEBUG Engine               - achievements: []
16:44:00.761 [FXGL Background Thread 3 ] DEBUG Engine               - actualHeight: 1039.0
16:44:00.762 [FXGL Background Thread 3 ] DEBUG Engine               - actualHeightProperty: ReadOnlyDoubleProperty [value: 1039.0]
16:44:00.763 [FXGL Background Thread 3 ] DEBUG Engine               - actualWidth: 1823.0
16:44:00.764 [FXGL Background Thread 3 ] DEBUG Engine               - actualWidthProperty: ReadOnlyDoubleProperty [value: 1823.0]
16:44:00.765 [FXGL Background Thread 3 ] DEBUG Engine               - appIcon: fxgl_icon.png
16:44:00.765 [FXGL Background Thread 3 ] DEBUG Engine               - applicationMode: DEVELOPER
16:44:00.766 [FXGL Background Thread 3 ] DEBUG Engine               - cSSList: [fxgl_dark.css]
16:44:00.767 [FXGL Background Thread 3 ] DEBUG Engine               - collisionDetectionStrategy: BRUTE_FORCE
16:44:00.768 [FXGL Background Thread 3 ] DEBUG Engine               - configClass: Optional.empty
16:44:00.769 [FXGL Background Thread 3 ] DEBUG Engine               - credits: []
16:44:00.770 [FXGL Background Thread 3 ] DEBUG Engine               - devBBoxColorProperty: ObjectProperty [value: 0xff0000ff]
16:44:00.771 [FXGL Background Thread 3 ] DEBUG Engine               - devEnableDebugCameraProperty: BooleanProperty [value: false]
16:44:00.773 [FXGL Background Thread 3 ] DEBUG Engine               - devSensorColorProperty: ObjectProperty [value: 0xffff00ff]
16:44:00.774 [FXGL Background Thread 3 ] DEBUG Engine               - devShowBBoxProperty: BooleanProperty [value: false]
16:44:00.774 [FXGL Background Thread 3 ] DEBUG Engine               - devShowPositionProperty: BooleanProperty [value: false]
16:44:00.775 [FXGL Background Thread 3 ] DEBUG Engine               - enabledMenuItems: []
16:44:00.775 [FXGL Background Thread 3 ] DEBUG Engine               - engineServices: [class com.almasb.fxgl.app.services.FXGLAssetLoaderService, class com.almasb.fxgl.app.FXGLApplication$GameApplicationService, class com.almasb.fxgl.app.services.FXGLDialogService, class com.almasb.fxgl.app.services.IOTaskExecutorService, class com.almasb.fxgl.event.EventBusService, class com.almasb.fxgl.io.FileSystemService, class com.almasb.fxgl.localization.LocalizationService, class com.almasb.fxgl.app.services.SystemBundleService, class com.almasb.fxgl.profile.SaveLoadService, class com.almasb.fxgl.ui.FXGLUIFactoryServiceProvider, class com.almasb.fxgl.ui.FXGLDialogFactoryServiceProvider, class com.almasb.fxgl.audio.AudioPlayer, class com.almasb.fxgl.notification.impl.NotificationServiceProvider, class com.almasb.fxgl.achievement.AchievementService, class com.almasb.fxgl.cutscene.CutsceneService, class com.almasb.fxgl.minigames.MiniGameService, class com.almasb.fxgl.net.NetService, class com.almasb.fxgl.app.services.UpdaterService, class com.almasb.fxgl.dev.DevService]
16:44:00.776 [FXGL Background Thread 3 ] DEBUG Engine               - fontGame: Abel-Regular.ttf
16:44:00.776 [FXGL Background Thread 3 ] DEBUG Engine               - fontMono: lucida_console.ttf
16:44:00.777 [FXGL Background Thread 3 ] DEBUG Engine               - fontText: Courier-Prime.ttf
16:44:00.778 [FXGL Background Thread 3 ] DEBUG Engine               - fontUI: VarelaRound-Regular.ttf
16:44:00.778 [FXGL Background Thread 3 ] DEBUG Engine               - fullScreen: BooleanProperty [value: false]
16:44:00.779 [FXGL Background Thread 3 ] DEBUG Engine               - gameDifficulty: MEDIUM
16:44:00.779 [FXGL Background Thread 3 ] DEBUG Engine               - gameDifficultyProperty: ObjectProperty [value: MEDIUM]
16:44:00.780 [FXGL Background Thread 3 ] DEBUG Engine               - globalMusicVolume: 0.5
16:44:00.781 [FXGL Background Thread 3 ] DEBUG Engine               - globalMusicVolumeProperty: DoubleProperty [value: 0.5]
16:44:00.781 [FXGL Background Thread 3 ] DEBUG Engine               - globalSoundVolume: 0.5
16:44:00.782 [FXGL Background Thread 3 ] DEBUG Engine               - globalSoundVolumeProperty: DoubleProperty [value: 0.5]
16:44:00.782 [FXGL Background Thread 3 ] DEBUG Engine               - height: 1080
16:44:00.783 [FXGL Background Thread 3 ] DEBUG Engine               - isAndroid: false
16:44:00.784 [FXGL Background Thread 3 ] DEBUG Engine               - isBrowser: false
16:44:00.785 [FXGL Background Thread 3 ] DEBUG Engine               - isClickFeedbackEnabled: false
16:44:00.785 [FXGL Background Thread 3 ] DEBUG Engine               - isCloseConfirmation: false
16:44:00.786 [FXGL Background Thread 3 ] DEBUG Engine               - isDesktop: true
16:44:00.786 [FXGL Background Thread 3 ] DEBUG Engine               - isDeveloperMenuEnabled: false
16:44:00.787 [FXGL Background Thread 3 ] DEBUG Engine               - isEntityPreloadEnabled: true
16:44:00.788 [FXGL Background Thread 3 ] DEBUG Engine               - isExperimental3D: false
16:44:00.788 [FXGL Background Thread 3 ] DEBUG Engine               - isExperimentalNative: false
16:44:00.789 [FXGL Background Thread 3 ] DEBUG Engine               - isExperimentalTiledLargeMap: false
16:44:00.789 [FXGL Background Thread 3 ] DEBUG Engine               - isFileSystemWriteAllowed: true
16:44:00.790 [FXGL Background Thread 3 ] DEBUG Engine               - isFullScreenAllowed: false
16:44:00.790 [FXGL Background Thread 3 ] DEBUG Engine               - isFullScreenFromStart: false
16:44:00.790 [FXGL Background Thread 3 ] DEBUG Engine               - isGameMenuEnabled: true
16:44:00.791 [FXGL Background Thread 3 ] DEBUG Engine               - isIOS: false
16:44:00.791 [FXGL Background Thread 3 ] DEBUG Engine               - isIntroEnabled: false
16:44:00.792 [FXGL Background Thread 3 ] DEBUG Engine               - isLinux: false
16:44:00.792 [FXGL Background Thread 3 ] DEBUG Engine               - isMac: false
16:44:00.792 [FXGL Background Thread 3 ] DEBUG Engine               - isMainMenuEnabled: false
16:44:00.793 [FXGL Background Thread 3 ] DEBUG Engine               - isManualResizeEnabled: false
16:44:00.793 [FXGL Background Thread 3 ] DEBUG Engine               - isMobile: false
16:44:00.794 [FXGL Background Thread 3 ] DEBUG Engine               - isPreserveResizeRatio: false
16:44:00.794 [FXGL Background Thread 3 ] DEBUG Engine               - isProfilingEnabled: false
16:44:00.794 [FXGL Background Thread 3 ] DEBUG Engine               - isScaleAffectedOnResize: true
16:44:00.795 [FXGL Background Thread 3 ] DEBUG Engine               - isSingleStep: false
16:44:00.795 [FXGL Background Thread 3 ] DEBUG Engine               - isUserProfileEnabled: false
16:44:00.795 [FXGL Background Thread 3 ] DEBUG Engine               - isWindows: true
16:44:00.795 [FXGL Background Thread 3 ] DEBUG Engine               - language: ObjectProperty [value: ENGLISH]
16:44:00.796 [FXGL Background Thread 3 ] DEBUG Engine               - menuKey: ESCAPE
16:44:00.796 [FXGL Background Thread 3 ] DEBUG Engine               - notificationViewClass: class com.almasb.fxgl.notification.view.XboxNotificationView
16:44:00.796 [FXGL Background Thread 3 ] DEBUG Engine               - pixelsPerMeter: 50.0
16:44:00.797 [FXGL Background Thread 3 ] DEBUG Engine               - platform: WINDOWS
16:44:00.797 [FXGL Background Thread 3 ] DEBUG Engine               - prefHeightProperty: ReadOnlyDoubleProperty [value: 1080.0]
16:44:00.797 [FXGL Background Thread 3 ] DEBUG Engine               - prefWidthProperty: ReadOnlyDoubleProperty [value: 1920.0]
16:44:00.797 [FXGL Background Thread 3 ] DEBUG Engine               - profileDir: profiles/
16:44:00.798 [FXGL Background Thread 3 ] DEBUG Engine               - profileName: StringProperty [value: DEFAULT]
16:44:00.798 [FXGL Background Thread 3 ] DEBUG Engine               - randomSeed: -1
16:44:00.798 [FXGL Background Thread 3 ] DEBUG Engine               - runtimeInfo: RuntimeInfo(platform=WINDOWS, version=11.14, build=01.03.2021 16.59)
16:44:00.798 [FXGL Background Thread 3 ] DEBUG Engine               - saveFileExt: sav
16:44:00.799 [FXGL Background Thread 3 ] DEBUG Engine               - scaledHeightProp$fxgl: DoubleProperty [bound, value: 1039.0]
16:44:00.799 [FXGL Background Thread 3 ] DEBUG Engine               - scaledWidthProp$fxgl: DoubleProperty [bound, value: 1823.0]
16:44:00.799 [FXGL Background Thread 3 ] DEBUG Engine               - sceneFactory: com.almasb.fxgl.app.scene.SceneFactory@64ee07c6
16:44:00.799 [FXGL Background Thread 3 ] DEBUG Engine               - secondsIn24h: 60
16:44:00.800 [FXGL Background Thread 3 ] DEBUG Engine               - soundMenuBack: menu/back.wav
16:44:00.800 [FXGL Background Thread 3 ] DEBUG Engine               - soundMenuPress: menu/press.wav
16:44:00.800 [FXGL Background Thread 3 ] DEBUG Engine               - soundMenuSelect: menu/select.wav
16:44:00.801 [FXGL Background Thread 3 ] DEBUG Engine               - soundNotification: core/notification.wav
16:44:00.801 [FXGL Background Thread 3 ] DEBUG Engine               - stageStyle: DECORATED
16:44:00.801 [FXGL Background Thread 3 ] DEBUG Engine               - supportedLanguages: [ENGLISH, FRENCH, GERMAN, HUNGARIAN, RUSSIAN]
16:44:00.801 [FXGL Background Thread 3 ] DEBUG Engine               - ticksPerSecond: -1
16:44:00.802 [FXGL Background Thread 3 ] DEBUG Engine               - title: Bomberman SE
16:44:00.802 [FXGL Background Thread 3 ] DEBUG Engine               - urlGithub: https://github.com/AlmasB/FXGL
16:44:00.802 [FXGL Background Thread 3 ] DEBUG Engine               - urlLeaderboard: http://fxgl-top.herokuapp.com/
16:44:00.802 [FXGL Background Thread 3 ] DEBUG Engine               - urlPOM: https://raw.githubusercontent.com/AlmasB/FXGL/release/README.md
16:44:00.802 [FXGL Background Thread 3 ] DEBUG Engine               - userAppClass: class Game
16:44:00.803 [FXGL Background Thread 3 ] DEBUG Engine               - version: 1.0
16:44:00.803 [FXGL Background Thread 3 ] DEBUG Engine               - versionCheckDays: 7
16:44:00.803 [FXGL Background Thread 3 ] DEBUG Engine               - width: 1920
16:44:00.804 [FXGL Background Thread 3 ] DEBUG Engine               - Logging services
16:44:00.804 [FXGL Background Thread 3 ] DEBUG Engine               - class com.almasb.fxgl.app.services.FXGLAssetLoaderService
16:44:00.804 [FXGL Background Thread 3 ] DEBUG Engine               - class com.almasb.fxgl.app.FXGLApplication$GameApplicationService
16:44:00.804 [FXGL Background Thread 3 ] DEBUG Engine               - class com.almasb.fxgl.app.services.FXGLDialogService
16:44:00.805 [FXGL Background Thread 3 ] DEBUG Engine               - class com.almasb.fxgl.app.services.IOTaskExecutorService
16:44:00.805 [FXGL Background Thread 3 ] DEBUG Engine               - class com.almasb.fxgl.event.EventBusService
16:44:00.805 [FXGL Background Thread 3 ] DEBUG Engine               - class com.almasb.fxgl.io.FileSystemService
16:44:00.805 [FXGL Background Thread 3 ] DEBUG Engine               - class com.almasb.fxgl.localization.LocalizationService
16:44:00.805 [FXGL Background Thread 3 ] DEBUG Engine               - class com.almasb.fxgl.app.services.SystemBundleService
16:44:00.806 [FXGL Background Thread 3 ] DEBUG Engine               - class com.almasb.fxgl.profile.SaveLoadService
16:44:00.806 [FXGL Background Thread 3 ] DEBUG Engine               - class com.almasb.fxgl.ui.FXGLUIFactoryServiceProvider
16:44:00.806 [FXGL Background Thread 3 ] DEBUG Engine               - class com.almasb.fxgl.ui.FXGLDialogFactoryServiceProvider
16:44:00.806 [FXGL Background Thread 3 ] DEBUG Engine               - class com.almasb.fxgl.audio.AudioPlayer
16:44:00.806 [FXGL Background Thread 3 ] DEBUG Engine               - class com.almasb.fxgl.notification.impl.NotificationServiceProvider
16:44:00.808 [FXGL Background Thread 3 ] DEBUG Engine               - class com.almasb.fxgl.achievement.AchievementService
16:44:00.808 [FXGL Background Thread 3 ] DEBUG Engine               - class com.almasb.fxgl.cutscene.CutsceneService
16:44:00.808 [FXGL Background Thread 3 ] DEBUG Engine               - class com.almasb.fxgl.minigames.MiniGameService
16:44:00.808 [FXGL Background Thread 3 ] DEBUG Engine               - class com.almasb.fxgl.net.NetService
16:44:00.808 [FXGL Background Thread 3 ] DEBUG Engine               - class com.almasb.fxgl.app.services.UpdaterService
16:44:00.809 [FXGL Background Thread 3 ] DEBUG Engine               - class com.almasb.fxgl.dev.DevService
16:44:15.420 [JavaFX Application Thread] DEBUG FXGLApplication      - Exiting FXGL
16:44:15.421 [JavaFX Application Thread] DEBUG LoopRunner           - Stopping loop
16:44:15.421 [JavaFX Application Thread] DEBUG SystemBundleService  - Saving FXGL system data
16:44:15.428 [JavaFX Application Thread] DEBUG FileSystemAccess     - Writing to: C:\Users\0705s\OneDrive - Hogeschool Leiden\IOOA\SE-Bomberman\system\fxgl.bundle
16:44:15.434 [JavaFX Application Thread] DEBUG Async                - Shutting down background threads
16:44:15.435 [JavaFX Application Thread] DEBUG PrimaryStageWindow   - Closing main window
16:44:15.467 [JavaFX Application Thread] DEBUG Logger               - Closing Logger
