10:04:54.421 [main                     ] DEBUG Logger               - Configured Logger
10:04:54.429 [main                     ] DEBUG GameApplication      - Logging settings
Title: Bomberman SE
Version: 1.0
Width: 960
Height: 832
Fullscreen: false
Intro: false
Profiling: false
Single step:false
App Mode: DEVELOPER
Menu Key: ESCAPE
Stage Style: DECORATED
Scene Factory: class MySceneFactory

10:04:54.835 [JavaFX Application Thread] DEBUG FXGLApplication      - Initializing FXGL
10:04:54.837 [JavaFX Application Thread] INFO  Engine               - FXGL-11.14 (01.03.2021 16.59) on WINDOWS (J:15.0.2 FX:15)
10:04:54.837 [JavaFX Application Thread] DEBUG Engine               - JRE Vendor Name: Amazon.com Inc.
10:04:54.837 [JavaFX Application Thread] DEBUG Engine               - Running on OS: Windows 10 version 10.0
10:04:54.838 [JavaFX Application Thread] DEBUG Engine               - Architecture: amd64
10:04:54.838 [JavaFX Application Thread] INFO  Engine               - Source code and latest versions at: https://github.com/AlmasB/FXGL
10:04:54.838 [JavaFX Application Thread] INFO  Engine               -              Join the FXGL chat at: https://gitter.im/AlmasB/FXGL
10:04:54.977 [JavaFX Application Thread] DEBUG PrimaryStageWindow   - Creating a JavaFX scene
10:04:54.978 [JavaFX Application Thread] DEBUG PrimaryStageWindow   - Target size > screen size
10:04:55.043 [JavaFX Application Thread] DEBUG PrimaryStageWindow   - Target settings size: 960.0 x 832.0
10:04:55.043 [JavaFX Application Thread] DEBUG PrimaryStageWindow   - Scaled scene size:    925.0 x 823.0
10:04:55.044 [JavaFX Application Thread] DEBUG PrimaryStageWindow   - Scaled ratio: (0.9635416666666666, 0.9891826923076923)
10:04:55.045 [JavaFX Application Thread] DEBUG PrimaryStageWindow   - Set initial scene to FXGLStartupScene
10:04:55.055 [JavaFX Application Thread] DEBUG PrimaryStageWindow   - Opening main window
10:04:55.163 [JavaFX Application Thread] DEBUG PrimaryStageWindow   - Window border size: (15.0, 37.79998779296875)
10:04:55.163 [JavaFX Application Thread] DEBUG PrimaryStageWindow   - Scaled size: 925.0 x 823.0
10:04:55.163 [JavaFX Application Thread] DEBUG PrimaryStageWindow   - Scaled ratio: (0.9635416666666666, 0.9891826923076923)
10:04:55.163 [JavaFX Application Thread] DEBUG PrimaryStageWindow   - Scene size: 925.0 x 823.0
10:04:55.163 [JavaFX Application Thread] DEBUG PrimaryStageWindow   - Stage size: 940.0 x 860.7999877929688
10:04:55.171 [FXGL Background Thread 1 ] DEBUG Engine               - Initializing environment variables
10:04:55.205 [FXGL Background Thread 1 ] DEBUG FXGLAssetLoaderServi - User app class for loading assets: class Game
10:04:55.206 [FXGL Background Thread 1 ] DEBUG GameApplicationServi - Applying CSS: fxgl_dark.css
10:04:55.207 [FXGL Background Thread 1 ] DEBUG FXGLAssetLoaderServi - Loading from file system: jar:file:/C:/Users/roan2/.m2/repository/com/github/almasb/fxgl/11.14/fxgl-11.14.jar!/fxglassets/ui/css/fxgl_dark.css
10:04:55.257 [FXGL Background Thread 1 ] DEBUG GameApplicationServi - Initializing application scenes
10:04:55.293 [FXGL Background Thread 1 ] DEBUG GameWorld            - Game world initialized
10:04:55.351 [FXGL Background Thread 1 ] DEBUG PhysicsWorld         - Physics world initialized: appHeight=832, physics.ppm=50.0
10:04:55.351 [FXGL Background Thread 1 ] DEBUG PhysicsWorld         - Using strategy: BRUTE_FORCE
10:04:55.354 [FXGL Background Thread 1 ] DEBUG GameScene            - Game scene initialized: 960x832
10:04:55.387 [FXGL Background Thread 1 ] DEBUG FXGLAssetLoaderServi - Loading from file system: jar:file:/C:/Users/roan2/.m2/repository/com/github/almasb/fxgl/11.14/fxgl-11.14.jar!/fxglassets/textures/particles/trace_horizontal.png
10:04:55.442 [FXGL Background Thread 1 ] DEBUG FXGL.DefaultMenu     - createMenuBodyGameMenu()
10:04:55.459 [FXGL Background Thread 1 ] DEBUG FXGL.DefaultMenu     - createOptionsMenu()
10:04:55.464 [FXGL Background Thread 1 ] DEBUG FXGLAssetLoaderServi - Loading from file system: jar:file:/C:/Users/roan2/.m2/repository/com/github/almasb/fxgl/11.14/fxgl-11.14.jar!/fxglassets/textures/particles/smoke.png
10:04:55.517 [FXGL Background Thread 1 ] DEBUG GameApplicationServi - Application scenes initialized
10:04:55.528 [FXGL Background Thread 1 ] DEBUG SystemBundleService  - Loading FXGL system data
10:04:55.531 [FXGL Background Thread 1 ] DEBUG FileSystemAccess     - Reading from: C:\Users\roan2\Documents\SE-Challengeweek\system\fxgl.bundle
10:04:55.537 [FXGL Background Thread 1 ] DEBUG SystemBundleService  - Bundle FXGL: {}
10:04:55.538 [FXGL Background Thread 1 ] DEBUG UpdaterService       - Checking for updates
10:04:55.544 [FXGL Background Thread 4 ] DEBUG FXGLApplication      - Loading fonts
10:04:55.544 [FXGL Background Thread 1 ] DEBUG FXGLApplication      - Loading default localization
10:04:55.545 [FXGL Background Thread 4 ] DEBUG FXGLAssetLoaderServi - Loading from file system: jar:file:/C:/Users/roan2/.m2/repository/com/github/almasb/fxgl/11.14/fxgl-11.14.jar!/fxglassets/ui/fonts/VarelaRound-Regular.ttf
10:04:55.545 [FXGL Background Thread 1 ] DEBUG FXGLAssetLoaderServi - Loading from file system: jar:file:/C:/Users/roan2/.m2/repository/com/github/almasb/fxgl/11.14/fxgl-11.14.jar!/fxglassets/languages/english.lang
10:04:55.560 [FXGL Background Thread 1 ] INFO  FXGLApplication      - FXGL initialization took: 0.388 sec
10:04:55.569 [JavaFX Application Thread] DEBUG Input                - Registered new binding: action0 - W
10:04:55.570 [JavaFX Application Thread] DEBUG Input                - Registered new binding: action1 - S
10:04:55.570 [JavaFX Application Thread] DEBUG Input                - Registered new binding: action2 - A
10:04:55.571 [JavaFX Application Thread] DEBUG Input                - Registered new binding: action3 - D
10:04:55.571 [JavaFX Application Thread] DEBUG FXGLAssetLoaderServi - Loading from file system: jar:file:/C:/Users/roan2/.m2/repository/com/github/almasb/fxgl/11.14/fxgl-11.14.jar!/fxglassets/textures/fxgl_icon.png
10:04:55.590 [JavaFX Application Thread] DEBUG FXGLAssetLoaderServi - Loading from file system: jar:file:/C:/Users/roan2/.m2/repository/com/github/almasb/fxgl/11.14/fxgl-11.14.jar!/fxglassets/ui/cursors/fxgl_default.png
10:04:55.592 [JavaFX Application Thread] DEBUG Input                - Registered new binding: Screenshot - P
10:04:55.593 [JavaFX Application Thread] DEBUG Input                - Registered new binding: System info dump - CTRL+9
10:04:55.594 [JavaFX Application Thread] DEBUG Input                - Registered new binding: Restart - CTRL+R
10:04:55.595 [JavaFX Application Thread] DEBUG Input                - Registered new binding: Toggle Debug Camera - CTRL+C
10:04:55.597 [JavaFX Application Thread] DEBUG LoopRunner           - Starting loop
10:04:55.597 [JavaFX Application Thread] DEBUG LoopRunner           - Initializing JavaFX AnimationTimerLoop
10:04:55.599 [JavaFX Application Thread] DEBUG Input                - Clearing active input actions
10:04:55.610 [JavaFX Application Thread] DEBUG GameApplicationServi - Removing overlay from FXGLStartupScene and adding to FXGLMainMenuDummyScene
10:04:55.611 [JavaFX Application Thread] DEBUG PrimaryStageWindow   - FXGLStartupScene -> FXGLMainMenuDummyScene
10:04:55.611 [JavaFX Application Thread] DEBUG PrimaryStageWindow   - Push state: MyMenu
10:04:55.611 [JavaFX Application Thread] DEBUG Input                - Clearing active input actions
10:04:55.611 [JavaFX Application Thread] DEBUG GameApplicationServi - Removing overlay from FXGLMainMenuDummyScene and adding to MyMenu
10:04:55.612 [JavaFX Application Thread] DEBUG PrimaryStageWindow   - FXGLMainMenuDummyScene -> MyMenu
10:04:55.623 [FXGL Background Thread 4 ] DEBUG FXGLAssetLoaderServi - Loading from file system: jar:file:/C:/Users/roan2/.m2/repository/com/github/almasb/fxgl/11.14/fxgl-11.14.jar!/fxglassets/ui/fonts/Abel-Regular.ttf
10:04:55.625 [FXGL Background Thread 4 ] DEBUG FXGLAssetLoaderServi - Loading from file system: jar:file:/C:/Users/roan2/.m2/repository/com/github/almasb/fxgl/11.14/fxgl-11.14.jar!/fxglassets/ui/fonts/lucida_console.ttf
10:04:55.630 [FXGL Background Thread 4 ] DEBUG FXGLAssetLoaderServi - Loading from file system: jar:file:/C:/Users/roan2/.m2/repository/com/github/almasb/fxgl/11.14/fxgl-11.14.jar!/fxglassets/ui/fonts/Courier-Prime.ttf
10:04:55.634 [JavaFX Application Thread] DEBUG FXGLApplication      - Registering font factories with UI factory
10:04:56.079 [FXGL Background Thread 2 ] INFO  UpdaterService       - Your current version:  11.14
10:04:56.080 [FXGL Background Thread 2 ] INFO  UpdaterService       - Latest stable version: 17.1
10:04:57.738 [JavaFX Application Thread] DEBUG FXGLApplication      - Exiting FXGL
10:04:57.739 [JavaFX Application Thread] DEBUG LoopRunner           - Stopping loop
10:04:57.739 [JavaFX Application Thread] DEBUG SystemBundleService  - Saving FXGL system data
10:04:57.741 [JavaFX Application Thread] DEBUG FileSystemAccess     - Writing to: C:\Users\roan2\Documents\SE-Challengeweek\system\fxgl.bundle
10:04:57.742 [JavaFX Application Thread] DEBUG Async                - Shutting down background threads
10:04:57.743 [JavaFX Application Thread] DEBUG PrimaryStageWindow   - Closing main window
10:04:57.755 [JavaFX Application Thread] DEBUG Logger               - Closing Logger
