13:22:00.294 [main                     ] DEBUG Logger               - Configured Logger
13:22:00.308 [main                     ] DEBUG GameApplication      - Logging settings
Title: Untitled
Version: 0.0
Width: 1050
Height: 700
Fullscreen: false
Intro: false
Profiling: false
Single step:false
App Mode: DEVELOPER
Menu Key: ESCAPE
Stage Style: DECORATED
Scene Factory: class com.almasb.fxgl.app.scene.SceneFactory

13:22:00.618 [JavaFX Application Thread] DEBUG FXGLApplication      - Initializing FXGL
13:22:00.620 [JavaFX Application Thread] INFO  Engine               - FXGL-11.14 (01.03.2021 16.59) on WINDOWS (J:15.0.2 FX:15)
13:22:00.620 [JavaFX Application Thread] DEBUG Engine               - JRE Vendor Name: Amazon.com Inc.
13:22:00.620 [JavaFX Application Thread] DEBUG Engine               - Running on OS: Windows 10 version 10.0
13:22:00.620 [JavaFX Application Thread] DEBUG Engine               - Architecture: amd64
13:22:00.620 [JavaFX Application Thread] INFO  Engine               - Source code and latest versions at: https://github.com/AlmasB/FXGL
13:22:00.621 [JavaFX Application Thread] INFO  Engine               -              Join the FXGL chat at: https://gitter.im/AlmasB/FXGL
13:22:00.714 [JavaFX Application Thread] DEBUG PrimaryStageWindow   - Creating a JavaFX scene
13:22:00.755 [JavaFX Application Thread] DEBUG PrimaryStageWindow   - Target settings size: 1050.0 x 700.0
13:22:00.755 [JavaFX Application Thread] DEBUG PrimaryStageWindow   - Scaled scene size:    1050.0 x 700.0
13:22:00.755 [JavaFX Application Thread] DEBUG PrimaryStageWindow   - Scaled ratio: (1.0, 1.0)
13:22:00.756 [JavaFX Application Thread] DEBUG PrimaryStageWindow   - Set initial scene to FXGLStartupScene
13:22:00.762 [JavaFX Application Thread] DEBUG PrimaryStageWindow   - Opening main window
13:22:00.831 [JavaFX Application Thread] DEBUG PrimaryStageWindow   - Window border size: (14.800048828125, 37.5999755859375)
13:22:00.831 [JavaFX Application Thread] DEBUG PrimaryStageWindow   - Scaled size: 1050.0 x 700.0
13:22:00.831 [JavaFX Application Thread] DEBUG PrimaryStageWindow   - Scaled ratio: (1.0, 1.0)
13:22:00.832 [JavaFX Application Thread] DEBUG PrimaryStageWindow   - Scene size: 1050.0 x 700.0
13:22:00.832 [JavaFX Application Thread] DEBUG PrimaryStageWindow   - Stage size: 1064.800048828125 x 737.5999755859375
13:22:00.840 [FXGL Background Thread 1 ] DEBUG Engine               - Initializing environment variables
13:22:00.875 [FXGL Background Thread 1 ] DEBUG FXGLAssetLoaderServi - User app class for loading assets: class Game
13:22:00.876 [FXGL Background Thread 1 ] DEBUG GameApplicationServi - Applying CSS: fxgl_dark.css
13:22:00.876 [FXGL Background Thread 1 ] DEBUG FXGLAssetLoaderServi - Loading from file system: jar:file:/C:/Users/stanm/.m2/repository/com/github/almasb/fxgl/11.14/fxgl-11.14.jar!/fxglassets/ui/css/fxgl_dark.css
13:22:00.918 [FXGL Background Thread 1 ] DEBUG GameApplicationServi - Initializing application scenes
13:22:00.949 [FXGL Background Thread 1 ] DEBUG GameWorld            - Game world initialized
13:22:00.997 [FXGL Background Thread 1 ] DEBUG PhysicsWorld         - Physics world initialized: appHeight=700, physics.ppm=50,0
13:22:00.997 [FXGL Background Thread 1 ] DEBUG PhysicsWorld         - Using strategy: BRUTE_FORCE
13:22:01.000 [FXGL Background Thread 1 ] DEBUG GameScene            - Game scene initialized: 1050x700
13:22:01.035 [FXGL Background Thread 1 ] DEBUG FXGLAssetLoaderServi - Loading from file system: jar:file:/C:/Users/stanm/.m2/repository/com/github/almasb/fxgl/11.14/fxgl-11.14.jar!/fxglassets/textures/particles/trace_horizontal.png
13:22:01.079 [FXGL Background Thread 1 ] DEBUG FXGL.DefaultMenu     - createMenuBodyGameMenu()
13:22:01.092 [FXGL Background Thread 1 ] DEBUG FXGL.DefaultMenu     - createOptionsMenu()
13:22:01.095 [FXGL Background Thread 1 ] DEBUG FXGLAssetLoaderServi - Loading from file system: jar:file:/C:/Users/stanm/.m2/repository/com/github/almasb/fxgl/11.14/fxgl-11.14.jar!/fxglassets/textures/particles/smoke.png
13:22:01.136 [FXGL Background Thread 1 ] DEBUG GameApplicationServi - Application scenes initialized
13:22:01.145 [FXGL Background Thread 1 ] DEBUG SystemBundleService  - Loading FXGL system data
13:22:01.148 [FXGL Background Thread 1 ] DEBUG FileSystemAccess     - Reading from: C:\Users\stanm\Documents\SE-Challengeweek\system\fxgl.bundle
13:22:01.153 [FXGL Background Thread 1 ] DEBUG SystemBundleService  - Bundle FXGL: {}
13:22:01.154 [FXGL Background Thread 1 ] DEBUG UpdaterService       - Checking for updates
13:22:01.157 [FXGL Background Thread 4 ] DEBUG FXGLApplication      - Loading fonts
13:22:01.157 [FXGL Background Thread 1 ] DEBUG FXGLApplication      - Loading default localization
13:22:01.157 [FXGL Background Thread 4 ] DEBUG FXGLAssetLoaderServi - Loading from file system: jar:file:/C:/Users/stanm/.m2/repository/com/github/almasb/fxgl/11.14/fxgl-11.14.jar!/fxglassets/ui/fonts/VarelaRound-Regular.ttf
13:22:01.158 [FXGL Background Thread 1 ] DEBUG FXGLAssetLoaderServi - Loading from file system: jar:file:/C:/Users/stanm/.m2/repository/com/github/almasb/fxgl/11.14/fxgl-11.14.jar!/fxglassets/languages/english.lang
13:22:01.173 [FXGL Background Thread 1 ] INFO  FXGLApplication      - FXGL initialization took: 0,334 sec
13:22:01.183 [JavaFX Application Thread] DEBUG Input                - Registered new binding: Right - D
13:22:01.183 [JavaFX Application Thread] DEBUG Input                - Registered new binding: RightEnd - X
13:22:01.184 [JavaFX Application Thread] DEBUG LoopRunner           - Stopping loop
13:22:01.184 [JavaFX Application Thread] DEBUG LoopRunner           - Initializing JavaFX AnimationTimerLoop
13:22:01.186 [JavaFX Application Thread] FATAL FXGLApplication      - Uncaught Exception:
java.lang.IllegalArgumentException: Action already exists: Right
	at com.almasb.fxgl.input.Input.addBinding(Input.kt:450)
	at com.almasb.fxgl.input.Input.addAction(Input.kt:520)
	at Game.initInput(Game.java:52)
	at com.almasb.fxgl.app.FXGLApplication$GameApplicationService.onMainLoopStarting(FXGLApplication.kt:547)
	at com.almasb.fxgl.app.Engine.startLoop(Engine.kt:149)
	at com.almasb.fxgl.app.FXGLApplication$start$task$2.accept(FXGLApplication.kt:178)
	at com.almasb.fxgl.app.FXGLApplication$start$task$2.accept(FXGLApplication.kt:69)
	at com.almasb.fxgl.core.concurrent.IOTask.succeed(IOTask.java:123)
	at com.almasb.fxgl.core.concurrent.IOTask$1.succeeded(IOTask.java:112)
	at javafx.concurrent.Task.setState(Task.java:726)
	at javafx.concurrent.Task$TaskCallable.lambda$call$1(Task.java:1436)
	at com.sun.javafx.application.PlatformImpl.lambda$runLater$10(PlatformImpl.java:428)
	at java.base/java.security.AccessController.doPrivileged(AccessController.java:391)
	at com.sun.javafx.application.PlatformImpl.lambda$runLater$11(PlatformImpl.java:427)
	at com.sun.glass.ui.InvokeLaterDispatcher$Future.run(InvokeLaterDispatcher.java:96)
	at com.sun.glass.ui.win.WinApplication._runLoop(Native Method)
	at com.sun.glass.ui.win.WinApplication.lambda$runLoop$3(WinApplication.java:174)
	at java.base/java.lang.Thread.run(Thread.java:832)

13:22:01.187 [JavaFX Application Thread] FATAL FXGLApplication      - Application will now exit
13:22:01.199 [JavaFX Application Thread] DEBUG PrimaryStageWindow   - Push state: ErrorSubScene
13:22:01.199 [JavaFX Application Thread] DEBUG Input                - Clearing active input actions
13:22:01.208 [JavaFX Application Thread] DEBUG GameApplicationServi - Removing overlay from FXGLStartupScene and adding to ErrorSubScene
13:22:01.208 [JavaFX Application Thread] DEBUG PrimaryStageWindow   - FXGLStartupScene -> ErrorSubScene
13:22:01.218 [FXGL Background Thread 4 ] DEBUG FXGLAssetLoaderServi - Loading from file system: jar:file:/C:/Users/stanm/.m2/repository/com/github/almasb/fxgl/11.14/fxgl-11.14.jar!/fxglassets/ui/fonts/Abel-Regular.ttf
13:22:01.229 [FXGL Background Thread 4 ] DEBUG FXGLAssetLoaderServi - Loading from file system: jar:file:/C:/Users/stanm/.m2/repository/com/github/almasb/fxgl/11.14/fxgl-11.14.jar!/fxglassets/ui/fonts/lucida_console.ttf
13:22:01.241 [FXGL Background Thread 4 ] DEBUG FXGLAssetLoaderServi - Loading from file system: jar:file:/C:/Users/stanm/.m2/repository/com/github/almasb/fxgl/11.14/fxgl-11.14.jar!/fxglassets/ui/fonts/Courier-Prime.ttf
13:22:01.394 [JavaFX Application Thread] DEBUG FXGLApplication      - Registering font factories with UI factory
13:22:01.473 [FXGL Background Thread 2 ] INFO  UpdaterService       - Your current version:  11.14
13:22:01.474 [FXGL Background Thread 2 ] INFO  UpdaterService       - Latest stable version: 17.1
13:22:04.157 [FXGL Background Thread 3 ] DEBUG Engine               - Logging environment variables
13:22:04.158 [FXGL Background Thread 3 ] DEBUG Engine               - achievements: []
13:22:04.158 [FXGL Background Thread 3 ] DEBUG Engine               - actualHeight: 700.0
13:22:04.158 [FXGL Background Thread 3 ] DEBUG Engine               - actualHeightProperty: ReadOnlyDoubleProperty [value: 700.0]
13:22:04.159 [FXGL Background Thread 3 ] DEBUG Engine               - actualWidth: 1050.0
13:22:04.159 [FXGL Background Thread 3 ] DEBUG Engine               - actualWidthProperty: ReadOnlyDoubleProperty [value: 1050.0]
13:22:04.159 [FXGL Background Thread 3 ] DEBUG Engine               - appIcon: fxgl_icon.png
13:22:04.159 [FXGL Background Thread 3 ] DEBUG Engine               - applicationMode: DEVELOPER
13:22:04.160 [FXGL Background Thread 3 ] DEBUG Engine               - cSSList: [fxgl_dark.css]
13:22:04.160 [FXGL Background Thread 3 ] DEBUG Engine               - collisionDetectionStrategy: BRUTE_FORCE
13:22:04.160 [FXGL Background Thread 3 ] DEBUG Engine               - configClass: Optional.empty
13:22:04.161 [FXGL Background Thread 3 ] DEBUG Engine               - credits: []
13:22:04.162 [FXGL Background Thread 3 ] DEBUG Engine               - devBBoxColorProperty: ObjectProperty [value: 0xff0000ff]
13:22:04.162 [FXGL Background Thread 3 ] DEBUG Engine               - devEnableDebugCameraProperty: BooleanProperty [value: false]
13:22:04.163 [FXGL Background Thread 3 ] DEBUG Engine               - devSensorColorProperty: ObjectProperty [value: 0xffff00ff]
13:22:04.163 [FXGL Background Thread 3 ] DEBUG Engine               - devShowBBoxProperty: BooleanProperty [value: false]
13:22:04.164 [FXGL Background Thread 3 ] DEBUG Engine               - devShowPositionProperty: BooleanProperty [value: false]
13:22:04.164 [FXGL Background Thread 3 ] DEBUG Engine               - enabledMenuItems: []
13:22:04.164 [FXGL Background Thread 3 ] DEBUG Engine               - engineServices: [class com.almasb.fxgl.app.services.FXGLAssetLoaderService, class com.almasb.fxgl.app.FXGLApplication$GameApplicationService, class com.almasb.fxgl.app.services.FXGLDialogService, class com.almasb.fxgl.app.services.IOTaskExecutorService, class com.almasb.fxgl.event.EventBusService, class com.almasb.fxgl.io.FileSystemService, class com.almasb.fxgl.localization.LocalizationService, class com.almasb.fxgl.app.services.SystemBundleService, class com.almasb.fxgl.profile.SaveLoadService, class com.almasb.fxgl.ui.FXGLUIFactoryServiceProvider, class com.almasb.fxgl.ui.FXGLDialogFactoryServiceProvider, class com.almasb.fxgl.audio.AudioPlayer, class com.almasb.fxgl.notification.impl.NotificationServiceProvider, class com.almasb.fxgl.achievement.AchievementService, class com.almasb.fxgl.cutscene.CutsceneService, class com.almasb.fxgl.minigames.MiniGameService, class com.almasb.fxgl.net.NetService, class com.almasb.fxgl.app.services.UpdaterService, class com.almasb.fxgl.dev.DevService]
13:22:04.165 [FXGL Background Thread 3 ] DEBUG Engine               - fontGame: Abel-Regular.ttf
13:22:04.165 [FXGL Background Thread 3 ] DEBUG Engine               - fontMono: lucida_console.ttf
13:22:04.165 [FXGL Background Thread 3 ] DEBUG Engine               - fontText: Courier-Prime.ttf
13:22:04.166 [FXGL Background Thread 3 ] DEBUG Engine               - fontUI: VarelaRound-Regular.ttf
13:22:04.166 [FXGL Background Thread 3 ] DEBUG Engine               - fullScreen: BooleanProperty [value: false]
13:22:04.166 [FXGL Background Thread 3 ] DEBUG Engine               - gameDifficulty: MEDIUM
13:22:04.167 [FXGL Background Thread 3 ] DEBUG Engine               - gameDifficultyProperty: ObjectProperty [value: MEDIUM]
13:22:04.167 [FXGL Background Thread 3 ] DEBUG Engine               - globalMusicVolume: 0.5
13:22:04.168 [FXGL Background Thread 3 ] DEBUG Engine               - globalMusicVolumeProperty: DoubleProperty [value: 0.5]
13:22:04.169 [FXGL Background Thread 3 ] DEBUG Engine               - globalSoundVolume: 0.5
13:22:04.169 [FXGL Background Thread 3 ] DEBUG Engine               - globalSoundVolumeProperty: DoubleProperty [value: 0.5]
13:22:04.169 [FXGL Background Thread 3 ] DEBUG Engine               - height: 700
13:22:04.170 [FXGL Background Thread 3 ] DEBUG Engine               - isAndroid: false
13:22:04.170 [FXGL Background Thread 3 ] DEBUG Engine               - isBrowser: false
13:22:04.171 [FXGL Background Thread 3 ] DEBUG Engine               - isClickFeedbackEnabled: false
13:22:04.171 [FXGL Background Thread 3 ] DEBUG Engine               - isCloseConfirmation: false
13:22:04.171 [FXGL Background Thread 3 ] DEBUG Engine               - isDesktop: true
13:22:04.172 [FXGL Background Thread 3 ] DEBUG Engine               - isDeveloperMenuEnabled: false
13:22:04.172 [FXGL Background Thread 3 ] DEBUG Engine               - isEntityPreloadEnabled: true
13:22:04.173 [FXGL Background Thread 3 ] DEBUG Engine               - isExperimental3D: false
13:22:04.173 [FXGL Background Thread 3 ] DEBUG Engine               - isExperimentalNative: false
13:22:04.173 [FXGL Background Thread 3 ] DEBUG Engine               - isExperimentalTiledLargeMap: false
13:22:04.174 [FXGL Background Thread 3 ] DEBUG Engine               - isFileSystemWriteAllowed: true
13:22:04.175 [FXGL Background Thread 3 ] DEBUG Engine               - isFullScreenAllowed: false
13:22:04.175 [FXGL Background Thread 3 ] DEBUG Engine               - isFullScreenFromStart: false
13:22:04.176 [FXGL Background Thread 3 ] DEBUG Engine               - isGameMenuEnabled: true
13:22:04.176 [FXGL Background Thread 3 ] DEBUG Engine               - isIOS: false
13:22:04.177 [FXGL Background Thread 3 ] DEBUG Engine               - isIntroEnabled: false
13:22:04.177 [FXGL Background Thread 3 ] DEBUG Engine               - isLinux: false
13:22:04.178 [FXGL Background Thread 3 ] DEBUG Engine               - isMac: false
13:22:04.178 [FXGL Background Thread 3 ] DEBUG Engine               - isMainMenuEnabled: false
13:22:04.179 [FXGL Background Thread 3 ] DEBUG Engine               - isManualResizeEnabled: false
13:22:04.179 [FXGL Background Thread 3 ] DEBUG Engine               - isMobile: false
13:22:04.180 [FXGL Background Thread 3 ] DEBUG Engine               - isPreserveResizeRatio: false
13:22:04.180 [FXGL Background Thread 3 ] DEBUG Engine               - isProfilingEnabled: false
13:22:04.181 [FXGL Background Thread 3 ] DEBUG Engine               - isScaleAffectedOnResize: true
13:22:04.200 [FXGL Background Thread 3 ] DEBUG Engine               - isSingleStep: false
13:22:04.200 [FXGL Background Thread 3 ] DEBUG Engine               - isUserProfileEnabled: false
13:22:04.200 [FXGL Background Thread 3 ] DEBUG Engine               - isWindows: true
13:22:04.202 [FXGL Background Thread 3 ] DEBUG Engine               - language: ObjectProperty [value: ENGLISH]
13:22:04.202 [FXGL Background Thread 3 ] DEBUG Engine               - menuKey: ESCAPE
13:22:04.203 [FXGL Background Thread 3 ] DEBUG Engine               - notificationViewClass: class com.almasb.fxgl.notification.view.XboxNotificationView
13:22:04.204 [FXGL Background Thread 3 ] DEBUG Engine               - pixelsPerMeter: 50.0
13:22:04.204 [FXGL Background Thread 3 ] DEBUG Engine               - platform: WINDOWS
13:22:04.205 [FXGL Background Thread 3 ] DEBUG Engine               - prefHeightProperty: ReadOnlyDoubleProperty [value: 700.0]
13:22:04.206 [FXGL Background Thread 3 ] DEBUG Engine               - prefWidthProperty: ReadOnlyDoubleProperty [value: 1050.0]
13:22:04.207 [FXGL Background Thread 3 ] DEBUG Engine               - profileDir: profiles/
13:22:04.208 [FXGL Background Thread 3 ] DEBUG Engine               - profileName: StringProperty [value: DEFAULT]
13:22:04.209 [FXGL Background Thread 3 ] DEBUG Engine               - randomSeed: -1
13:22:04.210 [FXGL Background Thread 3 ] DEBUG Engine               - runtimeInfo: RuntimeInfo(platform=WINDOWS, version=11.14, build=01.03.2021 16.59)
13:22:04.211 [FXGL Background Thread 3 ] DEBUG Engine               - saveFileExt: sav
13:22:04.212 [FXGL Background Thread 3 ] DEBUG Engine               - scaledHeightProp$fxgl: DoubleProperty [bound, value: 700.0]
13:22:04.213 [FXGL Background Thread 3 ] DEBUG Engine               - scaledWidthProp$fxgl: DoubleProperty [bound, value: 1050.0]
13:22:04.214 [FXGL Background Thread 3 ] DEBUG Engine               - sceneFactory: com.almasb.fxgl.app.scene.SceneFactory@5804ca83
13:22:04.215 [FXGL Background Thread 3 ] DEBUG Engine               - secondsIn24h: 60
13:22:04.215 [FXGL Background Thread 3 ] DEBUG Engine               - soundMenuBack: menu/back.wav
13:22:04.216 [FXGL Background Thread 3 ] DEBUG Engine               - soundMenuPress: menu/press.wav
13:22:04.217 [FXGL Background Thread 3 ] DEBUG Engine               - soundMenuSelect: menu/select.wav
13:22:04.220 [FXGL Background Thread 3 ] DEBUG Engine               - soundNotification: core/notification.wav
13:22:04.221 [FXGL Background Thread 3 ] DEBUG Engine               - stageStyle: DECORATED
13:22:04.221 [FXGL Background Thread 3 ] DEBUG Engine               - supportedLanguages: [ENGLISH, FRENCH, GERMAN, HUNGARIAN, RUSSIAN]
13:22:04.222 [FXGL Background Thread 3 ] DEBUG Engine               - ticksPerSecond: -1
13:22:04.222 [FXGL Background Thread 3 ] DEBUG Engine               - title: Untitled
13:22:04.223 [FXGL Background Thread 3 ] DEBUG Engine               - urlGithub: https://github.com/AlmasB/FXGL
13:22:04.223 [FXGL Background Thread 3 ] DEBUG Engine               - urlLeaderboard: http://fxgl-top.herokuapp.com/
13:22:04.224 [FXGL Background Thread 3 ] DEBUG Engine               - urlPOM: https://raw.githubusercontent.com/AlmasB/FXGL/release/README.md
13:22:04.224 [FXGL Background Thread 3 ] DEBUG Engine               - userAppClass: class Game
13:22:04.225 [FXGL Background Thread 3 ] DEBUG Engine               - version: 0.0
13:22:04.225 [FXGL Background Thread 3 ] DEBUG Engine               - versionCheckDays: 7
13:22:04.226 [FXGL Background Thread 3 ] DEBUG Engine               - width: 1050
13:22:04.226 [FXGL Background Thread 3 ] DEBUG Engine               - Logging services
13:22:04.226 [FXGL Background Thread 3 ] DEBUG Engine               - class com.almasb.fxgl.app.services.FXGLAssetLoaderService
13:22:04.227 [FXGL Background Thread 3 ] DEBUG Engine               - class com.almasb.fxgl.app.FXGLApplication$GameApplicationService
13:22:04.227 [FXGL Background Thread 3 ] DEBUG Engine               - class com.almasb.fxgl.app.services.FXGLDialogService
13:22:04.229 [FXGL Background Thread 3 ] DEBUG Engine               - class com.almasb.fxgl.app.services.IOTaskExecutorService
13:22:04.229 [FXGL Background Thread 3 ] DEBUG Engine               - class com.almasb.fxgl.event.EventBusService
13:22:04.230 [FXGL Background Thread 3 ] DEBUG Engine               - class com.almasb.fxgl.io.FileSystemService
13:22:04.230 [FXGL Background Thread 3 ] DEBUG Engine               - class com.almasb.fxgl.localization.LocalizationService
13:22:04.231 [FXGL Background Thread 3 ] DEBUG Engine               - class com.almasb.fxgl.app.services.SystemBundleService
13:22:04.231 [FXGL Background Thread 3 ] DEBUG Engine               - class com.almasb.fxgl.profile.SaveLoadService
13:22:04.232 [FXGL Background Thread 3 ] DEBUG Engine               - class com.almasb.fxgl.ui.FXGLUIFactoryServiceProvider
13:22:04.233 [FXGL Background Thread 3 ] DEBUG Engine               - class com.almasb.fxgl.ui.FXGLDialogFactoryServiceProvider
13:22:04.233 [FXGL Background Thread 3 ] DEBUG Engine               - class com.almasb.fxgl.audio.AudioPlayer
13:22:04.234 [FXGL Background Thread 3 ] DEBUG Engine               - class com.almasb.fxgl.notification.impl.NotificationServiceProvider
13:22:04.234 [FXGL Background Thread 3 ] DEBUG Engine               - class com.almasb.fxgl.achievement.AchievementService
13:22:04.234 [FXGL Background Thread 3 ] DEBUG Engine               - class com.almasb.fxgl.cutscene.CutsceneService
13:22:04.235 [FXGL Background Thread 3 ] DEBUG Engine               - class com.almasb.fxgl.minigames.MiniGameService
13:22:04.235 [FXGL Background Thread 3 ] DEBUG Engine               - class com.almasb.fxgl.net.NetService
13:22:04.236 [FXGL Background Thread 3 ] DEBUG Engine               - class com.almasb.fxgl.app.services.UpdaterService
13:22:04.236 [FXGL Background Thread 3 ] DEBUG Engine               - class com.almasb.fxgl.dev.DevService
13:22:04.818 [JavaFX Application Thread] DEBUG FXGLApplication      - Exiting FXGL
13:22:04.819 [JavaFX Application Thread] DEBUG Async                - Shutting down background threads
13:22:04.820 [JavaFX Application Thread] DEBUG PrimaryStageWindow   - Closing main window
13:22:04.840 [JavaFX Application Thread] DEBUG Logger               - Closing Logger
