11:25:37.240 [main                     ] DEBUG Logger               - Configured Logger
11:25:37.248 [main                     ] DEBUG GameApplication      - Logging settings
Title: Bomberman SE
Version: 1.0
Width: 960
Height: 832
Fullscreen: false
Intro: false
Profiling: false
Single step:false
App Mode: DEVELOPER
Menu Key: ESCAPE
Stage Style: DECORATED
Scene Factory: class UI.MySceneFactory

11:25:37.613 [JavaFX Application Thread] DEBUG FXGLApplication      - Initializing FXGL
11:25:37.615 [JavaFX Application Thread] INFO  Engine               - FXGL-11.14 (01.03.2021 16.59) on WINDOWS (J:15.0.2 FX:15)
11:25:37.615 [JavaFX Application Thread] DEBUG Engine               - JRE Vendor Name: Amazon.com Inc.
11:25:37.616 [JavaFX Application Thread] DEBUG Engine               - Running on OS: Windows 10 version 10.0
11:25:37.616 [JavaFX Application Thread] DEBUG Engine               - Architecture: amd64
11:25:37.616 [JavaFX Application Thread] INFO  Engine               - Source code and latest versions at: https://github.com/AlmasB/FXGL
11:25:37.616 [JavaFX Application Thread] INFO  Engine               -              Join the FXGL chat at: https://gitter.im/AlmasB/FXGL
11:25:37.748 [JavaFX Application Thread] DEBUG PrimaryStageWindow   - Creating a JavaFX scene
11:25:37.748 [JavaFX Application Thread] DEBUG PrimaryStageWindow   - Target size > screen size
11:25:37.803 [JavaFX Application Thread] DEBUG PrimaryStageWindow   - Target settings size: 960.0 x 832.0
11:25:37.803 [JavaFX Application Thread] DEBUG PrimaryStageWindow   - Scaled scene size:    925.0 x 823.0
11:25:37.804 [JavaFX Application Thread] DEBUG PrimaryStageWindow   - Scaled ratio: (0.9635416666666666, 0.9891826923076923)
11:25:37.805 [JavaFX Application Thread] DEBUG PrimaryStageWindow   - Set initial scene to FXGLStartupScene
11:25:37.812 [JavaFX Application Thread] DEBUG PrimaryStageWindow   - Opening main window
11:25:37.909 [JavaFX Application Thread] DEBUG PrimaryStageWindow   - Window border size: (15.0, 37.79998779296875)
11:25:37.910 [JavaFX Application Thread] DEBUG PrimaryStageWindow   - Scaled size: 925.0 x 823.0
11:25:37.911 [JavaFX Application Thread] DEBUG PrimaryStageWindow   - Scaled ratio: (0.9635416666666666, 0.9891826923076923)
11:25:37.911 [JavaFX Application Thread] DEBUG PrimaryStageWindow   - Scene size: 925.0 x 823.0
11:25:37.911 [JavaFX Application Thread] DEBUG PrimaryStageWindow   - Stage size: 940.0 x 860.7999877929688
11:25:37.919 [FXGL Background Thread 1 ] DEBUG Engine               - Initializing environment variables
11:25:37.951 [FXGL Background Thread 1 ] DEBUG FXGLAssetLoaderServi - User app class for loading assets: class Game
11:25:37.951 [FXGL Background Thread 1 ] DEBUG GameApplicationServi - Applying CSS: fxgl_dark.css
11:25:37.952 [FXGL Background Thread 1 ] DEBUG FXGLAssetLoaderServi - Loading from file system: jar:file:/C:/Users/roan2/.m2/repository/com/github/almasb/fxgl/11.14/fxgl-11.14.jar!/fxglassets/ui/css/fxgl_dark.css
11:25:38.002 [FXGL Background Thread 1 ] DEBUG GameApplicationServi - Initializing application scenes
11:25:38.036 [FXGL Background Thread 1 ] DEBUG GameWorld            - Game world initialized
11:25:38.101 [FXGL Background Thread 1 ] DEBUG PhysicsWorld         - Physics world initialized: appHeight=832, physics.ppm=50.0
11:25:38.102 [FXGL Background Thread 1 ] DEBUG PhysicsWorld         - Using strategy: BRUTE_FORCE
11:25:38.105 [FXGL Background Thread 1 ] DEBUG GameScene            - Game scene initialized: 960x832
11:25:38.151 [FXGL Background Thread 1 ] DEBUG FXGLAssetLoaderServi - Loading from file system: jar:file:/C:/Users/roan2/.m2/repository/com/github/almasb/fxgl/11.14/fxgl-11.14.jar!/fxglassets/textures/particles/trace_horizontal.png
11:25:38.211 [FXGL Background Thread 1 ] DEBUG FXGL.DefaultMenu     - createMenuBodyGameMenu()
11:25:38.223 [FXGL Background Thread 1 ] DEBUG FXGL.DefaultMenu     - createOptionsMenu()
11:25:38.229 [FXGL Background Thread 1 ] DEBUG FXGLAssetLoaderServi - Loading from file system: jar:file:/C:/Users/roan2/.m2/repository/com/github/almasb/fxgl/11.14/fxgl-11.14.jar!/fxglassets/textures/particles/smoke.png
11:25:38.278 [FXGL Background Thread 1 ] DEBUG GameApplicationServi - Application scenes initialized
11:25:38.289 [FXGL Background Thread 1 ] DEBUG SystemBundleService  - Loading FXGL system data
11:25:38.292 [FXGL Background Thread 1 ] DEBUG FileSystemAccess     - Reading from: C:\Users\roan2\Documents\SE-Challengeweek\system\fxgl.bundle
11:25:38.298 [FXGL Background Thread 1 ] DEBUG SystemBundleService  - Bundle FXGL: {}
11:25:38.298 [FXGL Background Thread 1 ] DEBUG UpdaterService       - Checking for updates
11:25:38.303 [FXGL Background Thread 4 ] DEBUG FXGLApplication      - Loading fonts
11:25:38.304 [FXGL Background Thread 1 ] DEBUG FXGLApplication      - Loading default localization
11:25:38.305 [FXGL Background Thread 4 ] DEBUG FXGLAssetLoaderServi - Loading from file system: jar:file:/C:/Users/roan2/.m2/repository/com/github/almasb/fxgl/11.14/fxgl-11.14.jar!/fxglassets/ui/fonts/VarelaRound-Regular.ttf
11:25:38.305 [FXGL Background Thread 1 ] DEBUG FXGLAssetLoaderServi - Loading from file system: jar:file:/C:/Users/roan2/.m2/repository/com/github/almasb/fxgl/11.14/fxgl-11.14.jar!/fxglassets/languages/english.lang
11:25:38.321 [FXGL Background Thread 1 ] INFO  FXGLApplication      - FXGL initialization took: 0.403 sec
11:25:38.329 [JavaFX Application Thread] DEBUG FXGLAssetLoaderServi - Loading from file system: file:/C:/Users/roan2/Documents/SE-Challengeweek/target/classes/assets/textures/sprite.png
11:25:38.358 [JavaFX Application Thread] DEBUG Input                - Registered new binding: action0 - W
11:25:38.359 [JavaFX Application Thread] DEBUG Input                - Registered new binding: action1 - S
11:25:38.359 [JavaFX Application Thread] DEBUG Input                - Registered new binding: action2 - A
11:25:38.360 [JavaFX Application Thread] DEBUG Input                - Registered new binding: action3 - D
11:25:38.360 [JavaFX Application Thread] DEBUG FXGLAssetLoaderServi - Loading from file system: jar:file:/C:/Users/roan2/.m2/repository/com/github/almasb/fxgl/11.14/fxgl-11.14.jar!/fxglassets/textures/fxgl_icon.png
11:25:38.383 [JavaFX Application Thread] DEBUG FXGLAssetLoaderServi - Loading from file system: jar:file:/C:/Users/roan2/.m2/repository/com/github/almasb/fxgl/11.14/fxgl-11.14.jar!/fxglassets/ui/cursors/fxgl_default.png
11:25:38.383 [FXGL Background Thread 4 ] DEBUG FXGLAssetLoaderServi - Loading from file system: jar:file:/C:/Users/roan2/.m2/repository/com/github/almasb/fxgl/11.14/fxgl-11.14.jar!/fxglassets/ui/fonts/Abel-Regular.ttf
11:25:38.385 [JavaFX Application Thread] DEBUG Input                - Registered new binding: Screenshot - P
11:25:38.385 [JavaFX Application Thread] DEBUG Input                - Registered new binding: System info dump - CTRL+9
11:25:38.385 [JavaFX Application Thread] DEBUG Input                - Registered new binding: Restart - CTRL+R
11:25:38.386 [JavaFX Application Thread] DEBUG Input                - Registered new binding: Toggle Debug Camera - CTRL+C
11:25:38.386 [FXGL Background Thread 4 ] DEBUG FXGLAssetLoaderServi - Loading from file system: jar:file:/C:/Users/roan2/.m2/repository/com/github/almasb/fxgl/11.14/fxgl-11.14.jar!/fxglassets/ui/fonts/lucida_console.ttf
11:25:38.388 [JavaFX Application Thread] DEBUG LoopRunner           - Starting loop
11:25:38.388 [JavaFX Application Thread] DEBUG LoopRunner           - Initializing JavaFX AnimationTimerLoop
11:25:38.391 [FXGL Background Thread 4 ] DEBUG FXGLAssetLoaderServi - Loading from file system: jar:file:/C:/Users/roan2/.m2/repository/com/github/almasb/fxgl/11.14/fxgl-11.14.jar!/fxglassets/ui/fonts/Courier-Prime.ttf
11:25:38.391 [JavaFX Application Thread] DEBUG Input                - Clearing active input actions
11:25:38.398 [JavaFX Application Thread] DEBUG GameApplicationServi - Removing overlay from FXGLStartupScene and adding to FXGLMainMenuDummyScene
11:25:38.398 [JavaFX Application Thread] DEBUG PrimaryStageWindow   - FXGLStartupScene -> FXGLMainMenuDummyScene
11:25:38.398 [JavaFX Application Thread] DEBUG PrimaryStageWindow   - Push state: MyMenu
11:25:38.398 [JavaFX Application Thread] DEBUG Input                - Clearing active input actions
11:25:38.403 [JavaFX Application Thread] DEBUG GameApplicationServi - Removing overlay from FXGLMainMenuDummyScene and adding to MyMenu
11:25:38.404 [JavaFX Application Thread] DEBUG PrimaryStageWindow   - FXGLMainMenuDummyScene -> MyMenu
11:25:38.405 [JavaFX Application Thread] DEBUG FXGLApplication      - Registering font factories with UI factory
11:25:38.645 [FXGL Background Thread 2 ] INFO  UpdaterService       - Your current version:  11.14
11:25:38.645 [FXGL Background Thread 2 ] INFO  UpdaterService       - Latest stable version: 17.1
11:25:39.513 [JavaFX Application Thread] DEBUG Menu                 - fireNewGame()
11:25:39.514 [JavaFX Application Thread] DEBUG GameApplicationServi - Starting new game
11:25:39.514 [JavaFX Application Thread] DEBUG PrimaryStageWindow   - Pop state: MyMenu
11:25:39.514 [JavaFX Application Thread] DEBUG Input                - Clearing active input actions
11:25:39.515 [JavaFX Application Thread] DEBUG GameApplicationServi - Removing overlay from MyMenu and adding to FXGLMainMenuDummyScene
11:25:39.515 [JavaFX Application Thread] DEBUG PrimaryStageWindow   - FXGLMainMenuDummyScene <- MyMenu
11:25:39.516 [JavaFX Application Thread] DEBUG Input                - Clearing active input actions
11:25:39.526 [JavaFX Application Thread] DEBUG GameApplicationServi - Removing overlay from FXGLMainMenuDummyScene and adding to FXGLLoadingScene
11:25:39.526 [JavaFX Application Thread] DEBUG PrimaryStageWindow   - FXGLMainMenuDummyScene -> FXGLLoadingScene
11:25:39.526 [JavaFX Application Thread] DEBUG GameApplicationServi - Clearing previous game
11:25:39.527 [JavaFX Application Thread] DEBUG GameScene            - Clearing game scene
11:25:39.527 [JavaFX Application Thread] DEBUG GameWorld            - Clearing game world
11:25:39.529 [JavaFX Application Thread] DEBUG PhysicsWorld         - Clearing physics world
11:25:39.530 [FXGL Background Thread 2 ] DEBUG FXGLApplication      - Initializing game
11:25:39.533 [FXGL Background Thread 2 ] DEBUG FXGLAssetLoaderServi - Loading from file system: file:/C:/Users/roan2/Documents/SE-Challengeweek/target/classes/assets/textures/wall-1.png
11:25:39.539 [FXGL Background Thread 2 ] DEBUG FXGLAssetLoaderServi - Loading from file system: file:/C:/Users/roan2/Documents/SE-Challengeweek/target/classes/assets/textures/wall-2.png
11:25:39.541 [FXGL Background Thread 2 ] DEBUG FXGLAssetLoaderServi - Loading from file system: file:/C:/Users/roan2/Documents/SE-Challengeweek/target/classes/assets/textures/metal-1.png
11:25:39.562 [FXGL Background Thread 2 ] DEBUG FXGLAssetLoaderServi - Loading from file system: file:/C:/Users/roan2/Documents/SE-Challengeweek/target/classes/assets/textures/box-1.png
11:25:39.590 [FXGL Background Thread 2 ] DEBUG FXGLAssetLoaderServi - Loading from file system: file:/C:/Users/roan2/Documents/SE-Challengeweek/target/classes/assets/textures/box-2.png
11:25:39.616 [FXGL Background Thread 2 ] INFO  FXGLApplication      - Game initialization took: 0.086 sec
11:25:39.626 [JavaFX Application Thread] DEBUG Input                - Clearing active input actions
11:25:39.640 [JavaFX Application Thread] DEBUG GameApplicationServi - Removing overlay from FXGLLoadingScene and adding to GameScene
11:25:39.640 [JavaFX Application Thread] DEBUG PrimaryStageWindow   - FXGLLoadingScene -> GameScene
11:25:41.244 [JavaFX Application Thread] DEBUG FXGLApplication      - Exiting FXGL
11:25:41.244 [JavaFX Application Thread] DEBUG LoopRunner           - Stopping loop
11:25:41.244 [JavaFX Application Thread] DEBUG SystemBundleService  - Saving FXGL system data
11:25:41.247 [JavaFX Application Thread] DEBUG FileSystemAccess     - Writing to: C:\Users\roan2\Documents\SE-Challengeweek\system\fxgl.bundle
11:25:41.249 [JavaFX Application Thread] DEBUG Async                - Shutting down background threads
11:25:41.249 [JavaFX Application Thread] DEBUG PrimaryStageWindow   - Closing main window
11:25:41.263 [JavaFX Application Thread] DEBUG Logger               - Closing Logger
