09:39:57.679 [main                     ] DEBUG Logger               - Configured Logger
09:39:57.688 [main                     ] DEBUG GameApplication      - Logging settings
Title: Bomberman SE
Version: 1.0
Width: 960
Height: 832
Fullscreen: false
Intro: false
Profiling: false
Single step:false
App Mode: DEVELOPER
Menu Key: ESCAPE
Stage Style: DECORATED
Scene Factory: class com.almasb.fxgl.app.scene.SceneFactory

09:39:58.148 [JavaFX Application Thread] DEBUG FXGLApplication      - Initializing FXGL
09:39:58.150 [JavaFX Application Thread] INFO  Engine               - FXGL-11.14 (01.03.2021 16.59) on WINDOWS (J:15.0.2 FX:15)
09:39:58.150 [JavaFX Application Thread] DEBUG Engine               - JRE Vendor Name: Amazon.com Inc.
09:39:58.150 [JavaFX Application Thread] DEBUG Engine               - Running on OS: Windows 10 version 10.0
09:39:58.151 [JavaFX Application Thread] DEBUG Engine               - Architecture: amd64
09:39:58.151 [JavaFX Application Thread] INFO  Engine               - Source code and latest versions at: https://github.com/AlmasB/FXGL
09:39:58.151 [JavaFX Application Thread] INFO  Engine               -              Join the FXGL chat at: https://gitter.im/AlmasB/FXGL
09:39:58.296 [JavaFX Application Thread] DEBUG PrimaryStageWindow   - Creating a JavaFX scene
09:39:58.297 [JavaFX Application Thread] DEBUG PrimaryStageWindow   - Target size > screen size
09:39:58.357 [JavaFX Application Thread] DEBUG PrimaryStageWindow   - Target settings size: 960.0 x 832.0
09:39:58.357 [JavaFX Application Thread] DEBUG PrimaryStageWindow   - Scaled scene size:    925.0 x 823.0
09:39:58.357 [JavaFX Application Thread] DEBUG PrimaryStageWindow   - Scaled ratio: (0.9635416666666666, 0.9891826923076923)
09:39:58.358 [JavaFX Application Thread] DEBUG PrimaryStageWindow   - Set initial scene to FXGLStartupScene
09:39:58.367 [JavaFX Application Thread] DEBUG PrimaryStageWindow   - Opening main window
09:39:58.468 [JavaFX Application Thread] DEBUG PrimaryStageWindow   - Window border size: (15.0, 37.79998779296875)
09:39:58.468 [JavaFX Application Thread] DEBUG PrimaryStageWindow   - Scaled size: 925.0 x 823.0
09:39:58.468 [JavaFX Application Thread] DEBUG PrimaryStageWindow   - Scaled ratio: (0.9635416666666666, 0.9891826923076923)
09:39:58.468 [JavaFX Application Thread] DEBUG PrimaryStageWindow   - Scene size: 925.0 x 823.0
09:39:58.469 [JavaFX Application Thread] DEBUG PrimaryStageWindow   - Stage size: 940.0 x 860.7999877929688
09:39:58.477 [FXGL Background Thread 1 ] DEBUG Engine               - Initializing environment variables
09:39:58.512 [FXGL Background Thread 1 ] DEBUG FXGLAssetLoaderServi - User app class for loading assets: class Game
09:39:58.513 [FXGL Background Thread 1 ] DEBUG GameApplicationServi - Applying CSS: fxgl_dark.css
09:39:58.513 [FXGL Background Thread 1 ] DEBUG FXGLAssetLoaderServi - Loading from file system: jar:file:/C:/Users/roan2/.m2/repository/com/github/almasb/fxgl/11.14/fxgl-11.14.jar!/fxglassets/ui/css/fxgl_dark.css
09:39:58.562 [FXGL Background Thread 1 ] DEBUG GameApplicationServi - Initializing application scenes
09:39:58.597 [FXGL Background Thread 1 ] DEBUG GameWorld            - Game world initialized
09:39:58.660 [FXGL Background Thread 1 ] DEBUG PhysicsWorld         - Physics world initialized: appHeight=832, physics.ppm=50.0
09:39:58.660 [FXGL Background Thread 1 ] DEBUG PhysicsWorld         - Using strategy: BRUTE_FORCE
09:39:58.663 [FXGL Background Thread 1 ] DEBUG GameScene            - Game scene initialized: 960x832
09:39:58.702 [FXGL Background Thread 1 ] DEBUG FXGLAssetLoaderServi - Loading from file system: jar:file:/C:/Users/roan2/.m2/repository/com/github/almasb/fxgl/11.14/fxgl-11.14.jar!/fxglassets/textures/particles/trace_horizontal.png
09:39:58.762 [FXGL Background Thread 1 ] DEBUG FXGL.DefaultMenu     - createMenuBodyMainMenu()
09:39:58.780 [FXGL Background Thread 1 ] DEBUG FXGL.DefaultMenu     - createOptionsMenu()
09:39:58.786 [FXGL Background Thread 1 ] DEBUG FXGLAssetLoaderServi - Loading from file system: jar:file:/C:/Users/roan2/.m2/repository/com/github/almasb/fxgl/11.14/fxgl-11.14.jar!/fxglassets/textures/particles/smoke.png
09:39:58.844 [FXGL Background Thread 1 ] DEBUG FXGL.DefaultMenu     - createMenuBodyGameMenu()
09:39:58.845 [FXGL Background Thread 1 ] DEBUG FXGL.DefaultMenu     - createOptionsMenu()
09:39:58.862 [FXGL Background Thread 1 ] DEBUG GameApplicationServi - Application scenes initialized
09:39:58.873 [FXGL Background Thread 1 ] DEBUG SystemBundleService  - Loading FXGL system data
09:39:58.877 [FXGL Background Thread 1 ] DEBUG FileSystemAccess     - Reading from: C:\Users\roan2\Documents\SE-Challengeweek\system\fxgl.bundle
09:39:58.883 [FXGL Background Thread 1 ] DEBUG SystemBundleService  - Bundle FXGL: {}
09:39:58.884 [FXGL Background Thread 1 ] DEBUG UpdaterService       - Checking for updates
09:39:58.890 [FXGL Background Thread 4 ] DEBUG FXGLApplication      - Loading fonts
09:39:58.891 [FXGL Background Thread 1 ] DEBUG FXGLApplication      - Loading default localization
09:39:58.891 [FXGL Background Thread 4 ] DEBUG FXGLAssetLoaderServi - Loading from file system: jar:file:/C:/Users/roan2/.m2/repository/com/github/almasb/fxgl/11.14/fxgl-11.14.jar!/fxglassets/ui/fonts/VarelaRound-Regular.ttf
09:39:58.892 [FXGL Background Thread 1 ] DEBUG FXGLAssetLoaderServi - Loading from file system: jar:file:/C:/Users/roan2/.m2/repository/com/github/almasb/fxgl/11.14/fxgl-11.14.jar!/fxglassets/languages/english.lang
09:39:58.918 [FXGL Background Thread 1 ] INFO  FXGLApplication      - FXGL initialization took: 0.441 sec
09:39:58.928 [JavaFX Application Thread] DEBUG Input                - Registered new binding: action0 - W
09:39:58.929 [JavaFX Application Thread] DEBUG Input                - Registered new binding: action1 - S
09:39:58.929 [JavaFX Application Thread] DEBUG Input                - Registered new binding: action2 - A
09:39:58.929 [JavaFX Application Thread] DEBUG Input                - Registered new binding: action3 - D
09:39:58.930 [JavaFX Application Thread] DEBUG FXGLAssetLoaderServi - Loading from file system: jar:file:/C:/Users/roan2/.m2/repository/com/github/almasb/fxgl/11.14/fxgl-11.14.jar!/fxglassets/textures/fxgl_icon.png
09:39:58.947 [JavaFX Application Thread] DEBUG FXGLAssetLoaderServi - Loading from file system: jar:file:/C:/Users/roan2/.m2/repository/com/github/almasb/fxgl/11.14/fxgl-11.14.jar!/fxglassets/ui/cursors/fxgl_default.png
09:39:58.949 [JavaFX Application Thread] DEBUG Input                - Registered new binding: Screenshot - P
09:39:58.950 [JavaFX Application Thread] DEBUG Input                - Registered new binding: System info dump - CTRL+9
09:39:58.951 [JavaFX Application Thread] DEBUG Input                - Registered new binding: Restart - CTRL+R
09:39:58.952 [JavaFX Application Thread] DEBUG Input                - Registered new binding: Toggle Debug Camera - CTRL+C
09:39:58.955 [JavaFX Application Thread] DEBUG LoopRunner           - Starting loop
09:39:58.955 [JavaFX Application Thread] DEBUG LoopRunner           - Initializing JavaFX AnimationTimerLoop
09:39:58.958 [JavaFX Application Thread] DEBUG Input                - Clearing active input actions
09:39:58.968 [JavaFX Application Thread] DEBUG GameApplicationServi - Removing overlay from FXGLStartupScene and adding to FXGLMainMenuDummyScene
09:39:58.969 [JavaFX Application Thread] DEBUG PrimaryStageWindow   - FXGLStartupScene -> FXGLMainMenuDummyScene
09:39:58.969 [JavaFX Application Thread] DEBUG PrimaryStageWindow   - Push state: FXGLDefaultMenu
09:39:58.974 [JavaFX Application Thread] DEBUG Input                - Clearing active input actions
09:39:58.985 [JavaFX Application Thread] DEBUG GameApplicationServi - Removing overlay from FXGLMainMenuDummyScene and adding to FXGLDefaultMenu
09:39:58.985 [JavaFX Application Thread] DEBUG PrimaryStageWindow   - FXGLMainMenuDummyScene -> FXGLDefaultMenu
09:39:58.989 [FXGL Background Thread 4 ] DEBUG FXGLAssetLoaderServi - Loading from file system: jar:file:/C:/Users/roan2/.m2/repository/com/github/almasb/fxgl/11.14/fxgl-11.14.jar!/fxglassets/ui/fonts/Abel-Regular.ttf
09:39:58.992 [FXGL Background Thread 4 ] DEBUG FXGLAssetLoaderServi - Loading from file system: jar:file:/C:/Users/roan2/.m2/repository/com/github/almasb/fxgl/11.14/fxgl-11.14.jar!/fxglassets/ui/fonts/lucida_console.ttf
09:39:58.996 [FXGL Background Thread 4 ] DEBUG FXGLAssetLoaderServi - Loading from file system: jar:file:/C:/Users/roan2/.m2/repository/com/github/almasb/fxgl/11.14/fxgl-11.14.jar!/fxglassets/ui/fonts/Courier-Prime.ttf
09:39:59.075 [JavaFX Application Thread] DEBUG FXGLApplication      - Registering font factories with UI factory
09:39:59.271 [FXGL Background Thread 2 ] INFO  UpdaterService       - Your current version:  11.14
09:39:59.272 [FXGL Background Thread 2 ] INFO  UpdaterService       - Latest stable version: 17.1
09:40:01.888 [FXGL Background Thread 3 ] DEBUG Engine               - Logging environment variables
09:40:01.889 [FXGL Background Thread 3 ] DEBUG Engine               - achievements: []
09:40:01.890 [FXGL Background Thread 3 ] DEBUG Engine               - actualHeight: 823.0
09:40:01.890 [FXGL Background Thread 3 ] DEBUG Engine               - actualHeightProperty: ReadOnlyDoubleProperty [value: 823.0]
09:40:01.891 [FXGL Background Thread 3 ] DEBUG Engine               - actualWidth: 925.0
09:40:01.891 [FXGL Background Thread 3 ] DEBUG Engine               - actualWidthProperty: ReadOnlyDoubleProperty [value: 925.0]
09:40:01.891 [FXGL Background Thread 3 ] DEBUG Engine               - appIcon: fxgl_icon.png
09:40:01.892 [FXGL Background Thread 3 ] DEBUG Engine               - applicationMode: DEVELOPER
09:40:01.893 [FXGL Background Thread 3 ] DEBUG Engine               - cSSList: [fxgl_dark.css]
09:40:01.893 [FXGL Background Thread 3 ] DEBUG Engine               - collisionDetectionStrategy: BRUTE_FORCE
09:40:01.894 [FXGL Background Thread 3 ] DEBUG Engine               - configClass: Optional.empty
09:40:01.895 [FXGL Background Thread 3 ] DEBUG Engine               - credits: []
09:40:01.896 [FXGL Background Thread 3 ] DEBUG Engine               - devBBoxColorProperty: ObjectProperty [value: 0xff0000ff]
09:40:01.896 [FXGL Background Thread 3 ] DEBUG Engine               - devEnableDebugCameraProperty: BooleanProperty [value: false]
09:40:01.897 [FXGL Background Thread 3 ] DEBUG Engine               - devSensorColorProperty: ObjectProperty [value: 0xffff00ff]
09:40:01.897 [FXGL Background Thread 3 ] DEBUG Engine               - devShowBBoxProperty: BooleanProperty [value: false]
09:40:01.899 [FXGL Background Thread 3 ] DEBUG Engine               - devShowPositionProperty: BooleanProperty [value: false]
09:40:01.899 [FXGL Background Thread 3 ] DEBUG Engine               - enabledMenuItems: []
09:40:01.899 [FXGL Background Thread 3 ] DEBUG Engine               - engineServices: [class com.almasb.fxgl.app.services.FXGLAssetLoaderService, class com.almasb.fxgl.app.FXGLApplication$GameApplicationService, class com.almasb.fxgl.app.services.FXGLDialogService, class com.almasb.fxgl.app.services.IOTaskExecutorService, class com.almasb.fxgl.event.EventBusService, class com.almasb.fxgl.io.FileSystemService, class com.almasb.fxgl.localization.LocalizationService, class com.almasb.fxgl.app.services.SystemBundleService, class com.almasb.fxgl.profile.SaveLoadService, class com.almasb.fxgl.ui.FXGLUIFactoryServiceProvider, class com.almasb.fxgl.ui.FXGLDialogFactoryServiceProvider, class com.almasb.fxgl.audio.AudioPlayer, class com.almasb.fxgl.notification.impl.NotificationServiceProvider, class com.almasb.fxgl.achievement.AchievementService, class com.almasb.fxgl.cutscene.CutsceneService, class com.almasb.fxgl.minigames.MiniGameService, class com.almasb.fxgl.net.NetService, class com.almasb.fxgl.app.services.UpdaterService, class com.almasb.fxgl.dev.DevService]
09:40:01.900 [FXGL Background Thread 3 ] DEBUG Engine               - fontGame: Abel-Regular.ttf
09:40:01.900 [FXGL Background Thread 3 ] DEBUG Engine               - fontMono: lucida_console.ttf
09:40:01.900 [FXGL Background Thread 3 ] DEBUG Engine               - fontText: Courier-Prime.ttf
09:40:01.901 [FXGL Background Thread 3 ] DEBUG Engine               - fontUI: VarelaRound-Regular.ttf
09:40:01.901 [FXGL Background Thread 3 ] DEBUG Engine               - fullScreen: BooleanProperty [value: false]
09:40:01.901 [FXGL Background Thread 3 ] DEBUG Engine               - gameDifficulty: MEDIUM
09:40:01.902 [FXGL Background Thread 3 ] DEBUG Engine               - gameDifficultyProperty: ObjectProperty [value: MEDIUM]
09:40:01.902 [FXGL Background Thread 3 ] DEBUG Engine               - globalMusicVolume: 0.5
09:40:01.903 [FXGL Background Thread 3 ] DEBUG Engine               - globalMusicVolumeProperty: DoubleProperty [value: 0.5]
09:40:01.903 [FXGL Background Thread 3 ] DEBUG Engine               - globalSoundVolume: 0.5
09:40:01.903 [FXGL Background Thread 3 ] DEBUG Engine               - globalSoundVolumeProperty: DoubleProperty [value: 0.5]
09:40:01.904 [FXGL Background Thread 3 ] DEBUG Engine               - height: 832
09:40:01.904 [FXGL Background Thread 3 ] DEBUG Engine               - isAndroid: false
09:40:01.904 [FXGL Background Thread 3 ] DEBUG Engine               - isBrowser: false
09:40:01.904 [FXGL Background Thread 3 ] DEBUG Engine               - isClickFeedbackEnabled: false
09:40:01.905 [FXGL Background Thread 3 ] DEBUG Engine               - isCloseConfirmation: false
09:40:01.905 [FXGL Background Thread 3 ] DEBUG Engine               - isDesktop: true
09:40:01.905 [FXGL Background Thread 3 ] DEBUG Engine               - isDeveloperMenuEnabled: false
09:40:01.906 [FXGL Background Thread 3 ] DEBUG Engine               - isEntityPreloadEnabled: true
09:40:01.906 [FXGL Background Thread 3 ] DEBUG Engine               - isExperimental3D: false
09:40:01.906 [FXGL Background Thread 3 ] DEBUG Engine               - isExperimentalNative: false
09:40:01.906 [FXGL Background Thread 3 ] DEBUG Engine               - isExperimentalTiledLargeMap: false
09:40:01.907 [FXGL Background Thread 3 ] DEBUG Engine               - isFileSystemWriteAllowed: true
09:40:01.907 [FXGL Background Thread 3 ] DEBUG Engine               - isFullScreenAllowed: false
09:40:01.907 [FXGL Background Thread 3 ] DEBUG Engine               - isFullScreenFromStart: false
09:40:01.907 [FXGL Background Thread 3 ] DEBUG Engine               - isGameMenuEnabled: true
09:40:01.907 [FXGL Background Thread 3 ] DEBUG Engine               - isIOS: false
09:40:01.908 [FXGL Background Thread 3 ] DEBUG Engine               - isIntroEnabled: false
09:40:01.908 [FXGL Background Thread 3 ] DEBUG Engine               - isLinux: false
09:40:01.908 [FXGL Background Thread 3 ] DEBUG Engine               - isMac: false
09:40:01.908 [FXGL Background Thread 3 ] DEBUG Engine               - isMainMenuEnabled: true
09:40:01.909 [FXGL Background Thread 3 ] DEBUG Engine               - isManualResizeEnabled: false
09:40:01.909 [FXGL Background Thread 3 ] DEBUG Engine               - isMobile: false
09:40:01.909 [FXGL Background Thread 3 ] DEBUG Engine               - isPreserveResizeRatio: false
09:40:01.909 [FXGL Background Thread 3 ] DEBUG Engine               - isProfilingEnabled: false
09:40:01.909 [FXGL Background Thread 3 ] DEBUG Engine               - isScaleAffectedOnResize: true
09:40:01.910 [FXGL Background Thread 3 ] DEBUG Engine               - isSingleStep: false
09:40:01.910 [FXGL Background Thread 3 ] DEBUG Engine               - isUserProfileEnabled: false
09:40:01.910 [FXGL Background Thread 3 ] DEBUG Engine               - isWindows: true
09:40:01.911 [FXGL Background Thread 3 ] DEBUG Engine               - language: ObjectProperty [value: ENGLISH]
09:40:01.911 [FXGL Background Thread 3 ] DEBUG Engine               - menuKey: ESCAPE
09:40:01.911 [FXGL Background Thread 3 ] DEBUG Engine               - notificationViewClass: class com.almasb.fxgl.notification.view.XboxNotificationView
09:40:01.911 [FXGL Background Thread 3 ] DEBUG Engine               - pixelsPerMeter: 50.0
09:40:01.911 [FXGL Background Thread 3 ] DEBUG Engine               - platform: WINDOWS
09:40:01.912 [FXGL Background Thread 3 ] DEBUG Engine               - prefHeightProperty: ReadOnlyDoubleProperty [value: 832.0]
09:40:01.912 [FXGL Background Thread 3 ] DEBUG Engine               - prefWidthProperty: ReadOnlyDoubleProperty [value: 960.0]
09:40:01.912 [FXGL Background Thread 3 ] DEBUG Engine               - profileDir: profiles/
09:40:01.912 [FXGL Background Thread 3 ] DEBUG Engine               - profileName: StringProperty [value: DEFAULT]
09:40:01.912 [FXGL Background Thread 3 ] DEBUG Engine               - randomSeed: -1
09:40:01.913 [FXGL Background Thread 3 ] DEBUG Engine               - runtimeInfo: RuntimeInfo(platform=WINDOWS, version=11.14, build=01.03.2021 16.59)
09:40:01.913 [FXGL Background Thread 3 ] DEBUG Engine               - saveFileExt: sav
09:40:01.913 [FXGL Background Thread 3 ] DEBUG Engine               - scaledHeightProp$fxgl: DoubleProperty [bound, value: 823.0]
09:40:01.913 [FXGL Background Thread 3 ] DEBUG Engine               - scaledWidthProp$fxgl: DoubleProperty [bound, value: 925.0]
09:40:01.914 [FXGL Background Thread 3 ] DEBUG Engine               - sceneFactory: com.almasb.fxgl.app.scene.SceneFactory@7c2541c9
09:40:01.914 [FXGL Background Thread 3 ] DEBUG Engine               - secondsIn24h: 60
09:40:01.914 [FXGL Background Thread 3 ] DEBUG Engine               - soundMenuBack: menu/back.wav
09:40:01.914 [FXGL Background Thread 3 ] DEBUG Engine               - soundMenuPress: menu/press.wav
09:40:01.914 [FXGL Background Thread 3 ] DEBUG Engine               - soundMenuSelect: menu/select.wav
09:40:01.914 [FXGL Background Thread 3 ] DEBUG Engine               - soundNotification: core/notification.wav
09:40:01.915 [FXGL Background Thread 3 ] DEBUG Engine               - stageStyle: DECORATED
09:40:01.915 [FXGL Background Thread 3 ] DEBUG Engine               - supportedLanguages: [ENGLISH, FRENCH, GERMAN, HUNGARIAN, RUSSIAN]
09:40:01.915 [FXGL Background Thread 3 ] DEBUG Engine               - ticksPerSecond: -1
09:40:01.915 [FXGL Background Thread 3 ] DEBUG Engine               - title: Bomberman SE
09:40:01.915 [FXGL Background Thread 3 ] DEBUG Engine               - urlGithub: https://github.com/AlmasB/FXGL
09:40:01.915 [FXGL Background Thread 3 ] DEBUG Engine               - urlLeaderboard: http://fxgl-top.herokuapp.com/
09:40:01.916 [FXGL Background Thread 3 ] DEBUG Engine               - urlPOM: https://raw.githubusercontent.com/AlmasB/FXGL/release/README.md
09:40:01.916 [FXGL Background Thread 3 ] DEBUG Engine               - userAppClass: class Game
09:40:01.916 [FXGL Background Thread 3 ] DEBUG Engine               - version: 1.0
09:40:01.916 [FXGL Background Thread 3 ] DEBUG Engine               - versionCheckDays: 7
09:40:01.917 [FXGL Background Thread 3 ] DEBUG Engine               - width: 960
09:40:01.917 [FXGL Background Thread 3 ] DEBUG Engine               - Logging services
09:40:01.917 [FXGL Background Thread 3 ] DEBUG Engine               - class com.almasb.fxgl.app.services.FXGLAssetLoaderService
09:40:01.918 [FXGL Background Thread 3 ] DEBUG Engine               - class com.almasb.fxgl.app.FXGLApplication$GameApplicationService
09:40:01.918 [FXGL Background Thread 3 ] DEBUG Engine               - class com.almasb.fxgl.app.services.FXGLDialogService
09:40:01.918 [FXGL Background Thread 3 ] DEBUG Engine               - class com.almasb.fxgl.app.services.IOTaskExecutorService
09:40:01.918 [FXGL Background Thread 3 ] DEBUG Engine               - class com.almasb.fxgl.event.EventBusService
09:40:01.918 [FXGL Background Thread 3 ] DEBUG Engine               - class com.almasb.fxgl.io.FileSystemService
09:40:01.919 [FXGL Background Thread 3 ] DEBUG Engine               - class com.almasb.fxgl.localization.LocalizationService
09:40:01.919 [FXGL Background Thread 3 ] DEBUG Engine               - class com.almasb.fxgl.app.services.SystemBundleService
09:40:01.919 [FXGL Background Thread 3 ] DEBUG Engine               - class com.almasb.fxgl.profile.SaveLoadService
09:40:01.919 [FXGL Background Thread 3 ] DEBUG Engine               - class com.almasb.fxgl.ui.FXGLUIFactoryServiceProvider
09:40:01.919 [FXGL Background Thread 3 ] DEBUG Engine               - class com.almasb.fxgl.ui.FXGLDialogFactoryServiceProvider
09:40:01.920 [FXGL Background Thread 3 ] DEBUG Engine               - class com.almasb.fxgl.audio.AudioPlayer
09:40:01.920 [FXGL Background Thread 3 ] DEBUG Engine               - class com.almasb.fxgl.notification.impl.NotificationServiceProvider
09:40:01.920 [FXGL Background Thread 3 ] DEBUG Engine               - class com.almasb.fxgl.achievement.AchievementService
09:40:01.920 [FXGL Background Thread 3 ] DEBUG Engine               - class com.almasb.fxgl.cutscene.CutsceneService
09:40:01.920 [FXGL Background Thread 3 ] DEBUG Engine               - class com.almasb.fxgl.minigames.MiniGameService
09:40:01.921 [FXGL Background Thread 3 ] DEBUG Engine               - class com.almasb.fxgl.net.NetService
09:40:01.921 [FXGL Background Thread 3 ] DEBUG Engine               - class com.almasb.fxgl.app.services.UpdaterService
09:40:01.921 [FXGL Background Thread 3 ] DEBUG Engine               - class com.almasb.fxgl.dev.DevService
09:42:31.163 [JavaFX Application Thread] DEBUG FXGLApplication      - Exiting FXGL
09:42:31.163 [JavaFX Application Thread] DEBUG LoopRunner           - Stopping loop
09:42:31.163 [JavaFX Application Thread] DEBUG SystemBundleService  - Saving FXGL system data
09:42:31.165 [JavaFX Application Thread] DEBUG FileSystemAccess     - Writing to: C:\Users\roan2\Documents\SE-Challengeweek\system\fxgl.bundle
09:42:31.166 [JavaFX Application Thread] DEBUG Async                - Shutting down background threads
09:42:31.167 [JavaFX Application Thread] DEBUG PrimaryStageWindow   - Closing main window
09:42:31.181 [JavaFX Application Thread] DEBUG Logger               - Closing Logger
