10:49:14.527 [main                     ] DEBUG Logger               - Configured Logger
10:49:14.535 [main                     ] DEBUG GameApplication      - Logging settings
Title: Bomberman SE
Version: 1.0
Width: 960
Height: 832
Fullscreen: false
Intro: false
Profiling: false
Single step:false
App Mode: DEVELOPER
Menu Key: ESCAPE
Stage Style: DECORATED
Scene Factory: class UI.MySceneFactory

10:49:14.905 [JavaFX Application Thread] DEBUG FXGLApplication      - Initializing FXGL
10:49:14.908 [JavaFX Application Thread] INFO  Engine               - FXGL-11.14 (01.03.2021 16.59) on WINDOWS (J:15.0.2 FX:15)
10:49:14.908 [JavaFX Application Thread] DEBUG Engine               - JRE Vendor Name: Amazon.com Inc.
10:49:14.908 [JavaFX Application Thread] DEBUG Engine               - Running on OS: Windows 10 version 10.0
10:49:14.908 [JavaFX Application Thread] DEBUG Engine               - Architecture: amd64
10:49:14.908 [JavaFX Application Thread] INFO  Engine               - Source code and latest versions at: https://github.com/AlmasB/FXGL
10:49:14.909 [JavaFX Application Thread] INFO  Engine               -              Join the FXGL chat at: https://gitter.im/AlmasB/FXGL
10:49:15.038 [JavaFX Application Thread] DEBUG PrimaryStageWindow   - Creating a JavaFX scene
10:49:15.038 [JavaFX Application Thread] DEBUG PrimaryStageWindow   - Target size > screen size
10:49:15.096 [JavaFX Application Thread] DEBUG PrimaryStageWindow   - Target settings size: 960.0 x 832.0
10:49:15.097 [JavaFX Application Thread] DEBUG PrimaryStageWindow   - Scaled scene size:    925.0 x 823.0
10:49:15.097 [JavaFX Application Thread] DEBUG PrimaryStageWindow   - Scaled ratio: (0.9635416666666666, 0.9891826923076923)
10:49:15.098 [JavaFX Application Thread] DEBUG PrimaryStageWindow   - Set initial scene to FXGLStartupScene
10:49:15.106 [JavaFX Application Thread] DEBUG PrimaryStageWindow   - Opening main window
10:49:15.201 [JavaFX Application Thread] DEBUG PrimaryStageWindow   - Window border size: (15.0, 37.79998779296875)
10:49:15.201 [JavaFX Application Thread] DEBUG PrimaryStageWindow   - Scaled size: 925.0 x 823.0
10:49:15.201 [JavaFX Application Thread] DEBUG PrimaryStageWindow   - Scaled ratio: (0.9635416666666666, 0.9891826923076923)
10:49:15.202 [JavaFX Application Thread] DEBUG PrimaryStageWindow   - Scene size: 925.0 x 823.0
10:49:15.202 [JavaFX Application Thread] DEBUG PrimaryStageWindow   - Stage size: 940.0 x 860.7999877929688
10:49:15.212 [FXGL Background Thread 1 ] DEBUG Engine               - Initializing environment variables
10:49:15.248 [FXGL Background Thread 1 ] DEBUG FXGLAssetLoaderServi - User app class for loading assets: class Game
10:49:15.249 [FXGL Background Thread 1 ] DEBUG GameApplicationServi - Applying CSS: fxgl_dark.css
10:49:15.249 [FXGL Background Thread 1 ] DEBUG FXGLAssetLoaderServi - Loading from file system: jar:file:/C:/Users/roan2/.m2/repository/com/github/almasb/fxgl/11.14/fxgl-11.14.jar!/fxglassets/ui/css/fxgl_dark.css
10:49:15.301 [FXGL Background Thread 1 ] DEBUG GameApplicationServi - Initializing application scenes
10:49:15.341 [FXGL Background Thread 1 ] DEBUG GameWorld            - Game world initialized
10:49:15.400 [FXGL Background Thread 1 ] DEBUG PhysicsWorld         - Physics world initialized: appHeight=832, physics.ppm=50.0
10:49:15.401 [FXGL Background Thread 1 ] DEBUG PhysicsWorld         - Using strategy: BRUTE_FORCE
10:49:15.403 [FXGL Background Thread 1 ] DEBUG GameScene            - Game scene initialized: 960x832
10:49:15.442 [FXGL Background Thread 1 ] DEBUG FXGLAssetLoaderServi - Loading from file system: jar:file:/C:/Users/roan2/.m2/repository/com/github/almasb/fxgl/11.14/fxgl-11.14.jar!/fxglassets/textures/particles/trace_horizontal.png
10:49:15.506 [FXGL Background Thread 1 ] DEBUG FXGL.DefaultMenu     - createMenuBodyGameMenu()
10:49:15.521 [FXGL Background Thread 1 ] DEBUG FXGL.DefaultMenu     - createOptionsMenu()
10:49:15.527 [FXGL Background Thread 1 ] DEBUG FXGLAssetLoaderServi - Loading from file system: jar:file:/C:/Users/roan2/.m2/repository/com/github/almasb/fxgl/11.14/fxgl-11.14.jar!/fxglassets/textures/particles/smoke.png
10:49:15.591 [FXGL Background Thread 1 ] DEBUG GameApplicationServi - Application scenes initialized
10:49:15.604 [FXGL Background Thread 1 ] DEBUG SystemBundleService  - Loading FXGL system data
10:49:15.608 [FXGL Background Thread 1 ] DEBUG FileSystemAccess     - Reading from: C:\Users\roan2\Documents\SE-Challengeweek\system\fxgl.bundle
10:49:15.615 [FXGL Background Thread 1 ] DEBUG SystemBundleService  - Bundle FXGL: {}
10:49:15.615 [FXGL Background Thread 1 ] DEBUG UpdaterService       - Checking for updates
10:49:15.621 [FXGL Background Thread 4 ] DEBUG FXGLApplication      - Loading fonts
10:49:15.622 [FXGL Background Thread 1 ] DEBUG FXGLApplication      - Loading default localization
10:49:15.623 [FXGL Background Thread 4 ] DEBUG FXGLAssetLoaderServi - Loading from file system: jar:file:/C:/Users/roan2/.m2/repository/com/github/almasb/fxgl/11.14/fxgl-11.14.jar!/fxglassets/ui/fonts/VarelaRound-Regular.ttf
10:49:15.623 [FXGL Background Thread 1 ] DEBUG FXGLAssetLoaderServi - Loading from file system: jar:file:/C:/Users/roan2/.m2/repository/com/github/almasb/fxgl/11.14/fxgl-11.14.jar!/fxglassets/languages/english.lang
10:49:15.639 [FXGL Background Thread 1 ] INFO  FXGLApplication      - FXGL initialization took: 0.428 sec
10:49:15.646 [JavaFX Application Thread] DEBUG FXGLAssetLoaderServi - Loading from file system: file:/C:/Users/roan2/Documents/SE-Challengeweek/target/classes/assets/textures/sprite.png
10:49:15.679 [JavaFX Application Thread] DEBUG Input                - Registered new binding: action0 - W
10:49:15.680 [JavaFX Application Thread] DEBUG Input                - Registered new binding: action1 - S
10:49:15.681 [JavaFX Application Thread] DEBUG Input                - Registered new binding: action2 - A
10:49:15.682 [JavaFX Application Thread] DEBUG Input                - Registered new binding: action3 - D
10:49:15.683 [JavaFX Application Thread] DEBUG FXGLAssetLoaderServi - Loading from file system: jar:file:/C:/Users/roan2/.m2/repository/com/github/almasb/fxgl/11.14/fxgl-11.14.jar!/fxglassets/textures/fxgl_icon.png
10:49:15.715 [JavaFX Application Thread] DEBUG FXGLAssetLoaderServi - Loading from file system: jar:file:/C:/Users/roan2/.m2/repository/com/github/almasb/fxgl/11.14/fxgl-11.14.jar!/fxglassets/ui/cursors/fxgl_default.png
10:49:15.716 [FXGL Background Thread 4 ] DEBUG FXGLAssetLoaderServi - Loading from file system: jar:file:/C:/Users/roan2/.m2/repository/com/github/almasb/fxgl/11.14/fxgl-11.14.jar!/fxglassets/ui/fonts/Abel-Regular.ttf
10:49:15.718 [JavaFX Application Thread] DEBUG Input                - Registered new binding: Screenshot - P
10:49:15.718 [JavaFX Application Thread] DEBUG Input                - Registered new binding: System info dump - CTRL+9
10:49:15.719 [JavaFX Application Thread] DEBUG Input                - Registered new binding: Restart - CTRL+R
10:49:15.719 [FXGL Background Thread 4 ] DEBUG FXGLAssetLoaderServi - Loading from file system: jar:file:/C:/Users/roan2/.m2/repository/com/github/almasb/fxgl/11.14/fxgl-11.14.jar!/fxglassets/ui/fonts/lucida_console.ttf
10:49:15.720 [JavaFX Application Thread] DEBUG Input                - Registered new binding: Toggle Debug Camera - CTRL+C
10:49:15.723 [JavaFX Application Thread] DEBUG LoopRunner           - Starting loop
10:49:15.723 [JavaFX Application Thread] DEBUG LoopRunner           - Initializing JavaFX AnimationTimerLoop
10:49:15.725 [FXGL Background Thread 4 ] DEBUG FXGLAssetLoaderServi - Loading from file system: jar:file:/C:/Users/roan2/.m2/repository/com/github/almasb/fxgl/11.14/fxgl-11.14.jar!/fxglassets/ui/fonts/Courier-Prime.ttf
10:49:15.727 [JavaFX Application Thread] DEBUG Input                - Clearing active input actions
10:49:15.735 [JavaFX Application Thread] DEBUG GameApplicationServi - Removing overlay from FXGLStartupScene and adding to FXGLMainMenuDummyScene
10:49:15.736 [JavaFX Application Thread] DEBUG PrimaryStageWindow   - FXGLStartupScene -> FXGLMainMenuDummyScene
10:49:15.736 [JavaFX Application Thread] DEBUG PrimaryStageWindow   - Push state: MyMenu
10:49:15.737 [JavaFX Application Thread] DEBUG Input                - Clearing active input actions
10:49:15.744 [JavaFX Application Thread] DEBUG GameApplicationServi - Removing overlay from FXGLMainMenuDummyScene and adding to MyMenu
10:49:15.744 [JavaFX Application Thread] DEBUG PrimaryStageWindow   - FXGLMainMenuDummyScene -> MyMenu
10:49:15.745 [JavaFX Application Thread] DEBUG FXGLApplication      - Registering font factories with UI factory
10:49:16.020 [FXGL Background Thread 2 ] INFO  UpdaterService       - Your current version:  11.14
10:49:16.020 [FXGL Background Thread 2 ] INFO  UpdaterService       - Latest stable version: 17.1
10:49:18.619 [FXGL Background Thread 3 ] DEBUG Engine               - Logging environment variables
10:49:18.620 [FXGL Background Thread 3 ] DEBUG Engine               - achievements: []
10:49:18.621 [FXGL Background Thread 3 ] DEBUG Engine               - actualHeight: 823.0
10:49:18.621 [FXGL Background Thread 3 ] DEBUG Engine               - actualHeightProperty: ReadOnlyDoubleProperty [value: 823.0]
10:49:18.622 [FXGL Background Thread 3 ] DEBUG Engine               - actualWidth: 925.0
10:49:18.622 [FXGL Background Thread 3 ] DEBUG Engine               - actualWidthProperty: ReadOnlyDoubleProperty [value: 925.0]
10:49:18.623 [FXGL Background Thread 3 ] DEBUG Engine               - appIcon: fxgl_icon.png
10:49:18.623 [FXGL Background Thread 3 ] DEBUG Engine               - applicationMode: DEVELOPER
10:49:18.624 [FXGL Background Thread 3 ] DEBUG Engine               - cSSList: [fxgl_dark.css]
10:49:18.624 [FXGL Background Thread 3 ] DEBUG Engine               - collisionDetectionStrategy: BRUTE_FORCE
10:49:18.625 [FXGL Background Thread 3 ] DEBUG Engine               - configClass: Optional.empty
10:49:18.625 [FXGL Background Thread 3 ] DEBUG Engine               - credits: []
10:49:18.626 [FXGL Background Thread 3 ] DEBUG Engine               - devBBoxColorProperty: ObjectProperty [value: 0xff0000ff]
10:49:18.626 [FXGL Background Thread 3 ] DEBUG Engine               - devEnableDebugCameraProperty: BooleanProperty [value: false]
10:49:18.627 [FXGL Background Thread 3 ] DEBUG Engine               - devSensorColorProperty: ObjectProperty [value: 0xffff00ff]
10:49:18.628 [FXGL Background Thread 3 ] DEBUG Engine               - devShowBBoxProperty: BooleanProperty [value: false]
10:49:18.628 [FXGL Background Thread 3 ] DEBUG Engine               - devShowPositionProperty: BooleanProperty [value: false]
10:49:18.628 [FXGL Background Thread 3 ] DEBUG Engine               - enabledMenuItems: []
10:49:18.629 [FXGL Background Thread 3 ] DEBUG Engine               - engineServices: [class com.almasb.fxgl.app.services.FXGLAssetLoaderService, class com.almasb.fxgl.app.FXGLApplication$GameApplicationService, class com.almasb.fxgl.app.services.FXGLDialogService, class com.almasb.fxgl.app.services.IOTaskExecutorService, class com.almasb.fxgl.event.EventBusService, class com.almasb.fxgl.io.FileSystemService, class com.almasb.fxgl.localization.LocalizationService, class com.almasb.fxgl.app.services.SystemBundleService, class com.almasb.fxgl.profile.SaveLoadService, class com.almasb.fxgl.ui.FXGLUIFactoryServiceProvider, class com.almasb.fxgl.ui.FXGLDialogFactoryServiceProvider, class com.almasb.fxgl.audio.AudioPlayer, class com.almasb.fxgl.notification.impl.NotificationServiceProvider, class com.almasb.fxgl.achievement.AchievementService, class com.almasb.fxgl.cutscene.CutsceneService, class com.almasb.fxgl.minigames.MiniGameService, class com.almasb.fxgl.net.NetService, class com.almasb.fxgl.app.services.UpdaterService, class com.almasb.fxgl.dev.DevService]
10:49:18.629 [FXGL Background Thread 3 ] DEBUG Engine               - fontGame: Abel-Regular.ttf
10:49:18.630 [FXGL Background Thread 3 ] DEBUG Engine               - fontMono: lucida_console.ttf
10:49:18.630 [FXGL Background Thread 3 ] DEBUG Engine               - fontText: Courier-Prime.ttf
10:49:18.630 [FXGL Background Thread 3 ] DEBUG Engine               - fontUI: VarelaRound-Regular.ttf
10:49:18.631 [FXGL Background Thread 3 ] DEBUG Engine               - fullScreen: BooleanProperty [value: false]
10:49:18.631 [FXGL Background Thread 3 ] DEBUG Engine               - gameDifficulty: MEDIUM
10:49:18.632 [FXGL Background Thread 3 ] DEBUG Engine               - gameDifficultyProperty: ObjectProperty [value: MEDIUM]
10:49:18.632 [FXGL Background Thread 3 ] DEBUG Engine               - globalMusicVolume: 0.5
10:49:18.633 [FXGL Background Thread 3 ] DEBUG Engine               - globalMusicVolumeProperty: DoubleProperty [value: 0.5]
10:49:18.633 [FXGL Background Thread 3 ] DEBUG Engine               - globalSoundVolume: 0.5
10:49:18.633 [FXGL Background Thread 3 ] DEBUG Engine               - globalSoundVolumeProperty: DoubleProperty [value: 0.5]
10:49:18.634 [FXGL Background Thread 3 ] DEBUG Engine               - height: 832
10:49:18.634 [FXGL Background Thread 3 ] DEBUG Engine               - isAndroid: false
10:49:18.635 [FXGL Background Thread 3 ] DEBUG Engine               - isBrowser: false
10:49:18.635 [FXGL Background Thread 3 ] DEBUG Engine               - isClickFeedbackEnabled: false
10:49:18.635 [FXGL Background Thread 3 ] DEBUG Engine               - isCloseConfirmation: false
10:49:18.636 [FXGL Background Thread 3 ] DEBUG Engine               - isDesktop: true
10:49:18.636 [FXGL Background Thread 3 ] DEBUG Engine               - isDeveloperMenuEnabled: false
10:49:18.636 [FXGL Background Thread 3 ] DEBUG Engine               - isEntityPreloadEnabled: true
10:49:18.637 [FXGL Background Thread 3 ] DEBUG Engine               - isExperimental3D: false
10:49:18.638 [FXGL Background Thread 3 ] DEBUG Engine               - isExperimentalNative: false
10:49:18.638 [FXGL Background Thread 3 ] DEBUG Engine               - isExperimentalTiledLargeMap: false
10:49:18.638 [FXGL Background Thread 3 ] DEBUG Engine               - isFileSystemWriteAllowed: true
10:49:18.639 [FXGL Background Thread 3 ] DEBUG Engine               - isFullScreenAllowed: false
10:49:18.639 [FXGL Background Thread 3 ] DEBUG Engine               - isFullScreenFromStart: false
10:49:18.639 [FXGL Background Thread 3 ] DEBUG Engine               - isGameMenuEnabled: true
10:49:18.640 [FXGL Background Thread 3 ] DEBUG Engine               - isIOS: false
10:49:18.640 [FXGL Background Thread 3 ] DEBUG Engine               - isIntroEnabled: false
10:49:18.640 [FXGL Background Thread 3 ] DEBUG Engine               - isLinux: false
10:49:18.641 [FXGL Background Thread 3 ] DEBUG Engine               - isMac: false
10:49:18.641 [FXGL Background Thread 3 ] DEBUG Engine               - isMainMenuEnabled: true
10:49:18.641 [FXGL Background Thread 3 ] DEBUG Engine               - isManualResizeEnabled: false
10:49:18.642 [FXGL Background Thread 3 ] DEBUG Engine               - isMobile: false
10:49:18.642 [FXGL Background Thread 3 ] DEBUG Engine               - isPreserveResizeRatio: false
10:49:18.642 [FXGL Background Thread 3 ] DEBUG Engine               - isProfilingEnabled: false
10:49:18.643 [FXGL Background Thread 3 ] DEBUG Engine               - isScaleAffectedOnResize: true
10:49:18.643 [FXGL Background Thread 3 ] DEBUG Engine               - isSingleStep: false
10:49:18.644 [FXGL Background Thread 3 ] DEBUG Engine               - isUserProfileEnabled: false
10:49:18.644 [FXGL Background Thread 3 ] DEBUG Engine               - isWindows: true
10:49:18.645 [FXGL Background Thread 3 ] DEBUG Engine               - language: ObjectProperty [value: ENGLISH]
10:49:18.645 [FXGL Background Thread 3 ] DEBUG Engine               - menuKey: ESCAPE
10:49:18.645 [FXGL Background Thread 3 ] DEBUG Engine               - notificationViewClass: class com.almasb.fxgl.notification.view.XboxNotificationView
10:49:18.646 [FXGL Background Thread 3 ] DEBUG Engine               - pixelsPerMeter: 50.0
10:49:18.646 [FXGL Background Thread 3 ] DEBUG Engine               - platform: WINDOWS
10:49:18.646 [FXGL Background Thread 3 ] DEBUG Engine               - prefHeightProperty: ReadOnlyDoubleProperty [value: 832.0]
10:49:18.647 [FXGL Background Thread 3 ] DEBUG Engine               - prefWidthProperty: ReadOnlyDoubleProperty [value: 960.0]
10:49:18.647 [FXGL Background Thread 3 ] DEBUG Engine               - profileDir: profiles/
10:49:18.647 [FXGL Background Thread 3 ] DEBUG Engine               - profileName: StringProperty [value: DEFAULT]
10:49:18.648 [FXGL Background Thread 3 ] DEBUG Engine               - randomSeed: -1
10:49:18.648 [FXGL Background Thread 3 ] DEBUG Engine               - runtimeInfo: RuntimeInfo(platform=WINDOWS, version=11.14, build=01.03.2021 16.59)
10:49:18.649 [FXGL Background Thread 3 ] DEBUG Engine               - saveFileExt: sav
10:49:18.649 [FXGL Background Thread 3 ] DEBUG Engine               - scaledHeightProp$fxgl: DoubleProperty [bound, value: 823.0]
10:49:18.649 [FXGL Background Thread 3 ] DEBUG Engine               - scaledWidthProp$fxgl: DoubleProperty [bound, value: 925.0]
10:49:18.650 [FXGL Background Thread 3 ] DEBUG Engine               - sceneFactory: UI.MySceneFactory@230f6cb4
10:49:18.650 [FXGL Background Thread 3 ] DEBUG Engine               - secondsIn24h: 60
10:49:18.650 [FXGL Background Thread 3 ] DEBUG Engine               - soundMenuBack: menu/back.wav
10:49:18.651 [FXGL Background Thread 3 ] DEBUG Engine               - soundMenuPress: menu/press.wav
10:49:18.651 [FXGL Background Thread 3 ] DEBUG Engine               - soundMenuSelect: menu/select.wav
10:49:18.651 [FXGL Background Thread 3 ] DEBUG Engine               - soundNotification: core/notification.wav
10:49:18.651 [FXGL Background Thread 3 ] DEBUG Engine               - stageStyle: DECORATED
10:49:18.652 [FXGL Background Thread 3 ] DEBUG Engine               - supportedLanguages: [ENGLISH, FRENCH, GERMAN, HUNGARIAN, RUSSIAN]
10:49:18.652 [FXGL Background Thread 3 ] DEBUG Engine               - ticksPerSecond: -1
10:49:18.652 [FXGL Background Thread 3 ] DEBUG Engine               - title: Bomberman SE
10:49:18.653 [FXGL Background Thread 3 ] DEBUG Engine               - urlGithub: https://github.com/AlmasB/FXGL
10:49:18.653 [FXGL Background Thread 3 ] DEBUG Engine               - urlLeaderboard: http://fxgl-top.herokuapp.com/
10:49:18.653 [FXGL Background Thread 3 ] DEBUG Engine               - urlPOM: https://raw.githubusercontent.com/AlmasB/FXGL/release/README.md
10:49:18.654 [FXGL Background Thread 3 ] DEBUG Engine               - userAppClass: class Game
10:49:18.654 [FXGL Background Thread 3 ] DEBUG Engine               - version: 1.0
10:49:18.654 [FXGL Background Thread 3 ] DEBUG Engine               - versionCheckDays: 7
10:49:18.655 [FXGL Background Thread 3 ] DEBUG Engine               - width: 960
10:49:18.655 [FXGL Background Thread 3 ] DEBUG Engine               - Logging services
10:49:18.655 [FXGL Background Thread 3 ] DEBUG Engine               - class com.almasb.fxgl.app.services.FXGLAssetLoaderService
10:49:18.656 [FXGL Background Thread 3 ] DEBUG Engine               - class com.almasb.fxgl.app.FXGLApplication$GameApplicationService
10:49:18.656 [FXGL Background Thread 3 ] DEBUG Engine               - class com.almasb.fxgl.app.services.FXGLDialogService
10:49:18.656 [FXGL Background Thread 3 ] DEBUG Engine               - class com.almasb.fxgl.app.services.IOTaskExecutorService
10:49:18.656 [FXGL Background Thread 3 ] DEBUG Engine               - class com.almasb.fxgl.event.EventBusService
10:49:18.657 [FXGL Background Thread 3 ] DEBUG Engine               - class com.almasb.fxgl.io.FileSystemService
10:49:18.657 [FXGL Background Thread 3 ] DEBUG Engine               - class com.almasb.fxgl.localization.LocalizationService
10:49:18.657 [FXGL Background Thread 3 ] DEBUG Engine               - class com.almasb.fxgl.app.services.SystemBundleService
10:49:18.658 [FXGL Background Thread 3 ] DEBUG Engine               - class com.almasb.fxgl.profile.SaveLoadService
10:49:18.658 [FXGL Background Thread 3 ] DEBUG Engine               - class com.almasb.fxgl.ui.FXGLUIFactoryServiceProvider
10:49:18.658 [FXGL Background Thread 3 ] DEBUG Engine               - class com.almasb.fxgl.ui.FXGLDialogFactoryServiceProvider
10:49:18.659 [FXGL Background Thread 3 ] DEBUG Engine               - class com.almasb.fxgl.audio.AudioPlayer
10:49:18.659 [FXGL Background Thread 3 ] DEBUG Engine               - class com.almasb.fxgl.notification.impl.NotificationServiceProvider
10:49:18.660 [FXGL Background Thread 3 ] DEBUG Engine               - class com.almasb.fxgl.achievement.AchievementService
10:49:18.660 [FXGL Background Thread 3 ] DEBUG Engine               - class com.almasb.fxgl.cutscene.CutsceneService
10:49:18.660 [FXGL Background Thread 3 ] DEBUG Engine               - class com.almasb.fxgl.minigames.MiniGameService
10:49:18.660 [FXGL Background Thread 3 ] DEBUG Engine               - class com.almasb.fxgl.net.NetService
10:49:18.661 [FXGL Background Thread 3 ] DEBUG Engine               - class com.almasb.fxgl.app.services.UpdaterService
10:49:18.661 [FXGL Background Thread 3 ] DEBUG Engine               - class com.almasb.fxgl.dev.DevService
10:49:18.853 [JavaFX Application Thread] DEBUG FXGLApplication      - Exiting FXGL
10:49:18.853 [JavaFX Application Thread] DEBUG LoopRunner           - Stopping loop
10:49:18.854 [JavaFX Application Thread] DEBUG SystemBundleService  - Saving FXGL system data
10:49:18.855 [JavaFX Application Thread] DEBUG FileSystemAccess     - Writing to: C:\Users\roan2\Documents\SE-Challengeweek\system\fxgl.bundle
10:49:18.857 [JavaFX Application Thread] DEBUG Async                - Shutting down background threads
10:49:18.857 [JavaFX Application Thread] DEBUG PrimaryStageWindow   - Closing main window
10:49:18.868 [JavaFX Application Thread] DEBUG Logger               - Closing Logger
