20:37:54.583 [main                     ] DEBUG Logger               - Configured Logger
20:37:54.594 [main                     ] DEBUG GameApplication      - Logging settings
Title: Bomberman
Version: 0.0
Width: 950
Height: 820
Fullscreen: false
Intro: false
Profiling: false
Single step:false
App Mode: DEVELOPER
Menu Key: ESCAPE
Stage Style: DECORATED
Scene Factory: class com.almasb.fxgl.app.scene.SceneFactory

20:37:54.878 [JavaFX Application Thread] DEBUG FXGLApplication      - Initializing FXGL
20:37:54.880 [JavaFX Application Thread] INFO  Engine               - FXGL-11.14 (01.03.2021 16.59) on WINDOWS (J:15.0.2 FX:15)
20:37:54.880 [JavaFX Application Thread] DEBUG Engine               - JRE Vendor Name: Amazon.com Inc.
20:37:54.880 [JavaFX Application Thread] DEBUG Engine               - Running on OS: Windows 10 version 10.0
20:37:54.880 [JavaFX Application Thread] DEBUG Engine               - Architecture: amd64
20:37:54.881 [JavaFX Application Thread] INFO  Engine               - Source code and latest versions at: https://github.com/AlmasB/FXGL
20:37:54.881 [JavaFX Application Thread] INFO  Engine               -              Join the FXGL chat at: https://gitter.im/AlmasB/FXGL
20:37:54.957 [JavaFX Application Thread] DEBUG PrimaryStageWindow   - Creating a JavaFX scene
20:37:54.996 [JavaFX Application Thread] DEBUG PrimaryStageWindow   - Target settings size: 950.0 x 820.0
20:37:54.996 [JavaFX Application Thread] DEBUG PrimaryStageWindow   - Scaled scene size:    950.0 x 820.0
20:37:54.997 [JavaFX Application Thread] DEBUG PrimaryStageWindow   - Scaled ratio: (1.0, 1.0)
20:37:54.997 [JavaFX Application Thread] DEBUG PrimaryStageWindow   - Set initial scene to FXGLStartupScene
20:37:55.002 [JavaFX Application Thread] DEBUG PrimaryStageWindow   - Opening main window
20:37:55.057 [JavaFX Application Thread] DEBUG PrimaryStageWindow   - Window border size: (14.66668701171875, 37.33331298828125)
20:37:55.057 [JavaFX Application Thread] DEBUG PrimaryStageWindow   - Scaled size: 950.0 x 820.0
20:37:55.058 [JavaFX Application Thread] DEBUG PrimaryStageWindow   - Scaled ratio: (1.0, 1.0)
20:37:55.058 [JavaFX Application Thread] DEBUG PrimaryStageWindow   - Scene size: 950.0 x 820.0
20:37:55.058 [JavaFX Application Thread] DEBUG PrimaryStageWindow   - Stage size: 964.6666870117188 x 857.3333129882812
20:37:55.063 [FXGL Background Thread 1 ] DEBUG Engine               - Initializing environment variables
20:37:55.085 [FXGL Background Thread 1 ] DEBUG FXGLAssetLoaderServi - User app class for loading assets: class Game
20:37:55.085 [FXGL Background Thread 1 ] DEBUG GameApplicationServi - Applying CSS: fxgl_dark.css
20:37:55.087 [FXGL Background Thread 1 ] DEBUG FXGLAssetLoaderServi - Loading from file system: jar:file:/C:/Users/Stan/.m2/repository/com/github/almasb/fxgl/11.14/fxgl-11.14.jar!/fxglassets/ui/css/fxgl_dark.css
20:37:55.117 [FXGL Background Thread 1 ] DEBUG GameApplicationServi - Initializing application scenes
20:37:55.138 [FXGL Background Thread 1 ] DEBUG GameWorld            - Game world initialized
20:37:55.169 [FXGL Background Thread 1 ] DEBUG PhysicsWorld         - Physics world initialized: appHeight=820, physics.ppm=50,0
20:37:55.169 [FXGL Background Thread 1 ] DEBUG PhysicsWorld         - Using strategy: BRUTE_FORCE
20:37:55.171 [FXGL Background Thread 1 ] DEBUG GameScene            - Game scene initialized: 950x820
20:37:55.197 [FXGL Background Thread 1 ] DEBUG FXGLAssetLoaderServi - Loading from file system: jar:file:/C:/Users/Stan/.m2/repository/com/github/almasb/fxgl/11.14/fxgl-11.14.jar!/fxglassets/textures/particles/trace_horizontal.png
20:37:55.234 [FXGL Background Thread 1 ] DEBUG FXGL.DefaultMenu     - createMenuBodyMainMenu()
20:37:55.244 [FXGL Background Thread 1 ] DEBUG FXGL.DefaultMenu     - createOptionsMenu()
20:37:55.247 [FXGL Background Thread 1 ] DEBUG FXGLAssetLoaderServi - Loading from file system: jar:file:/C:/Users/Stan/.m2/repository/com/github/almasb/fxgl/11.14/fxgl-11.14.jar!/fxglassets/textures/particles/smoke.png
20:37:55.284 [FXGL Background Thread 1 ] DEBUG FXGL.DefaultMenu     - createMenuBodyGameMenu()
20:37:55.285 [FXGL Background Thread 1 ] DEBUG FXGL.DefaultMenu     - createOptionsMenu()
20:37:55.295 [FXGL Background Thread 1 ] DEBUG GameApplicationServi - Application scenes initialized
20:37:55.302 [FXGL Background Thread 1 ] DEBUG SystemBundleService  - Loading FXGL system data
20:37:55.305 [FXGL Background Thread 1 ] DEBUG FileSystemAccess     - Reading from: C:\Users\Stan\Documents\SE-Challengeweek\system\fxgl.bundle
20:37:55.308 [FXGL Background Thread 1 ] DEBUG SystemBundleService  - Bundle FXGL: {}
20:37:55.309 [FXGL Background Thread 1 ] DEBUG UpdaterService       - Checking for updates
20:37:55.326 [FXGL Background Thread 4 ] DEBUG FXGLApplication      - Loading fonts
20:37:55.326 [FXGL Background Thread 1 ] DEBUG FXGLApplication      - Loading default localization
20:37:55.327 [FXGL Background Thread 4 ] DEBUG FXGLAssetLoaderServi - Loading from file system: jar:file:/C:/Users/Stan/.m2/repository/com/github/almasb/fxgl/11.14/fxgl-11.14.jar!/fxglassets/ui/fonts/VarelaRound-Regular.ttf
20:37:55.327 [FXGL Background Thread 1 ] DEBUG FXGLAssetLoaderServi - Loading from file system: jar:file:/C:/Users/Stan/.m2/repository/com/github/almasb/fxgl/11.14/fxgl-11.14.jar!/fxglassets/languages/english.lang
20:37:55.338 [FXGL Background Thread 1 ] INFO  FXGLApplication      - FXGL initialization took: 0,275 sec
20:37:55.344 [JavaFX Application Thread] DEBUG Input                - Registered new binding: up - W
20:37:55.345 [JavaFX Application Thread] DEBUG Input                - Registered new binding: up2 - Up
20:37:55.345 [JavaFX Application Thread] DEBUG Input                - Registered new binding: down - S
20:37:55.345 [JavaFX Application Thread] DEBUG Input                - Registered new binding: down2 - Down
20:37:55.346 [JavaFX Application Thread] DEBUG Input                - Registered new binding: left - A
20:37:55.346 [JavaFX Application Thread] DEBUG Input                - Registered new binding: left2 - Left
20:37:55.346 [JavaFX Application Thread] DEBUG Input                - Registered new binding: right - D
20:37:55.347 [JavaFX Application Thread] DEBUG Input                - Registered new binding: right2 - Right
20:37:55.347 [JavaFX Application Thread] DEBUG Input                - Registered new binding: Place Bomb - Space
20:37:55.347 [JavaFX Application Thread] DEBUG Input                - Registered new binding: Place Bomb2 - Enter
20:37:55.348 [JavaFX Application Thread] DEBUG FXGLAssetLoaderServi - Loading from file system: jar:file:/C:/Users/Stan/.m2/repository/com/github/almasb/fxgl/11.14/fxgl-11.14.jar!/fxglassets/textures/fxgl_icon.png
20:37:55.367 [JavaFX Application Thread] DEBUG FXGLAssetLoaderServi - Loading from file system: jar:file:/C:/Users/Stan/.m2/repository/com/github/almasb/fxgl/11.14/fxgl-11.14.jar!/fxglassets/ui/cursors/fxgl_default.png
20:37:55.369 [JavaFX Application Thread] DEBUG Input                - Registered new binding: Screenshot - P
20:37:55.369 [JavaFX Application Thread] DEBUG Input                - Registered new binding: Dev Options - 1
20:37:55.370 [JavaFX Application Thread] DEBUG Input                - Registered new binding: Dev Console - 2
20:37:55.371 [JavaFX Application Thread] DEBUG Input                - Registered new binding: System info dump - CTRL+9
20:37:55.372 [JavaFX Application Thread] DEBUG Input                - Registered new binding: Restart - CTRL+R
20:37:55.372 [JavaFX Application Thread] DEBUG Input                - Registered new binding: Toggle Debug Camera - CTRL+C
20:37:55.376 [JavaFX Application Thread] DEBUG LoopRunner           - Starting loop
20:37:55.375 [FXGL Background Thread 4 ] DEBUG FXGLAssetLoaderServi - Loading from file system: jar:file:/C:/Users/Stan/.m2/repository/com/github/almasb/fxgl/11.14/fxgl-11.14.jar!/fxglassets/ui/fonts/Abel-Regular.ttf
20:37:55.381 [FXGL Background Thread 4 ] WARN  FXGLAssetLoaderServi - Failed to load jar:file:/C:/Users/Stan/.m2/repository/com/github/almasb/fxgl/11.14/fxgl-11.14.jar!/fxglassets/ui/fonts/Abel-Regular.ttf Error: java.util.ConcurrentModificationException
20:37:55.394 [FXGL Background Thread 4 ] DEBUG FXGLAssetLoaderServi - Loading from file system: jar:file:/C:/Users/Stan/.m2/repository/com/github/almasb/fxgl/11.14/fxgl-11.14.jar!/fxglassets/ui/fonts/lucida_console.ttf
20:37:55.393 [JavaFX Application Thread] DEBUG LoopRunner           - Initializing JavaFX AnimationTimerLoop
20:37:55.397 [JavaFX Application Thread] DEBUG Input                - Clearing active input actions
20:37:55.405 [JavaFX Application Thread] DEBUG GameApplicationServi - Removing overlay from FXGLStartupScene and adding to FXGLMainMenuDummyScene
20:37:55.406 [FXGL Background Thread 4 ] DEBUG FXGLAssetLoaderServi - Loading from file system: jar:file:/C:/Users/Stan/.m2/repository/com/github/almasb/fxgl/11.14/fxgl-11.14.jar!/fxglassets/ui/fonts/Courier-Prime.ttf
20:37:55.410 [JavaFX Application Thread] DEBUG PrimaryStageWindow   - FXGLStartupScene -> FXGLMainMenuDummyScene
20:37:55.410 [JavaFX Application Thread] DEBUG PrimaryStageWindow   - Push state: FXGLDefaultMenu
20:37:55.413 [JavaFX Application Thread] DEBUG Input                - Clearing active input actions
20:37:55.420 [JavaFX Application Thread] DEBUG GameApplicationServi - Removing overlay from FXGLMainMenuDummyScene and adding to FXGLDefaultMenu
20:37:55.421 [JavaFX Application Thread] DEBUG PrimaryStageWindow   - FXGLMainMenuDummyScene -> FXGLDefaultMenu
20:37:55.569 [FXGL Background Thread 2 ] INFO  UpdaterService       - Your current version:  11.14
20:37:55.570 [FXGL Background Thread 2 ] INFO  UpdaterService       - Latest stable version: 17.1
20:37:55.570 [JavaFX Application Thread] DEBUG FXGLApplication      - Registering font factories with UI factory
20:37:58.326 [FXGL Background Thread 3 ] DEBUG Engine               - Logging environment variables
20:37:58.326 [FXGL Background Thread 3 ] DEBUG Engine               - achievements: []
20:37:58.326 [FXGL Background Thread 3 ] DEBUG Engine               - actualHeight: 820.0
20:37:58.326 [FXGL Background Thread 3 ] DEBUG Engine               - actualHeightProperty: ReadOnlyDoubleProperty [value: 820.0]
20:37:58.326 [FXGL Background Thread 3 ] DEBUG Engine               - actualWidth: 950.0
20:37:58.327 [FXGL Background Thread 3 ] DEBUG Engine               - actualWidthProperty: ReadOnlyDoubleProperty [value: 950.0]
20:37:58.327 [FXGL Background Thread 3 ] DEBUG Engine               - appIcon: fxgl_icon.png
20:37:58.327 [FXGL Background Thread 3 ] DEBUG Engine               - applicationMode: DEVELOPER
20:37:58.327 [FXGL Background Thread 3 ] DEBUG Engine               - cSSList: [fxgl_dark.css]
20:37:58.327 [FXGL Background Thread 3 ] DEBUG Engine               - collisionDetectionStrategy: BRUTE_FORCE
20:37:58.327 [FXGL Background Thread 3 ] DEBUG Engine               - configClass: Optional.empty
20:37:58.327 [FXGL Background Thread 3 ] DEBUG Engine               - credits: []
20:37:58.328 [FXGL Background Thread 3 ] DEBUG Engine               - devBBoxColorProperty: ObjectProperty [value: 0xff0000ff]
20:37:58.328 [FXGL Background Thread 3 ] DEBUG Engine               - devEnableDebugCameraProperty: BooleanProperty [value: false]
20:37:58.328 [FXGL Background Thread 3 ] DEBUG Engine               - devSensorColorProperty: ObjectProperty [value: 0xffff00ff]
20:37:58.328 [FXGL Background Thread 3 ] DEBUG Engine               - devShowBBoxProperty: BooleanProperty [value: false]
20:37:58.328 [FXGL Background Thread 3 ] DEBUG Engine               - devShowPositionProperty: BooleanProperty [value: false]
20:37:58.328 [FXGL Background Thread 3 ] DEBUG Engine               - enabledMenuItems: []
20:37:58.329 [FXGL Background Thread 3 ] DEBUG Engine               - engineServices: [class com.almasb.fxgl.app.services.FXGLAssetLoaderService, class com.almasb.fxgl.app.FXGLApplication$GameApplicationService, class com.almasb.fxgl.app.services.FXGLDialogService, class com.almasb.fxgl.app.services.IOTaskExecutorService, class com.almasb.fxgl.event.EventBusService, class com.almasb.fxgl.io.FileSystemService, class com.almasb.fxgl.localization.LocalizationService, class com.almasb.fxgl.app.services.SystemBundleService, class com.almasb.fxgl.profile.SaveLoadService, class com.almasb.fxgl.ui.FXGLUIFactoryServiceProvider, class com.almasb.fxgl.ui.FXGLDialogFactoryServiceProvider, class com.almasb.fxgl.audio.AudioPlayer, class com.almasb.fxgl.notification.impl.NotificationServiceProvider, class com.almasb.fxgl.achievement.AchievementService, class com.almasb.fxgl.cutscene.CutsceneService, class com.almasb.fxgl.minigames.MiniGameService, class com.almasb.fxgl.net.NetService, class com.almasb.fxgl.app.services.UpdaterService, class com.almasb.fxgl.dev.DevService]
20:37:58.329 [FXGL Background Thread 3 ] DEBUG Engine               - fontGame: Abel-Regular.ttf
20:37:58.329 [FXGL Background Thread 3 ] DEBUG Engine               - fontMono: lucida_console.ttf
20:37:58.329 [FXGL Background Thread 3 ] DEBUG Engine               - fontText: Courier-Prime.ttf
20:37:58.329 [FXGL Background Thread 3 ] DEBUG Engine               - fontUI: VarelaRound-Regular.ttf
20:37:58.329 [FXGL Background Thread 3 ] DEBUG Engine               - fullScreen: BooleanProperty [value: false]
20:37:58.329 [FXGL Background Thread 3 ] DEBUG Engine               - gameDifficulty: MEDIUM
20:37:58.329 [FXGL Background Thread 3 ] DEBUG Engine               - gameDifficultyProperty: ObjectProperty [value: MEDIUM]
20:37:58.329 [FXGL Background Thread 3 ] DEBUG Engine               - globalMusicVolume: 0.5
20:37:58.329 [FXGL Background Thread 3 ] DEBUG Engine               - globalMusicVolumeProperty: DoubleProperty [value: 0.5]
20:37:58.330 [FXGL Background Thread 3 ] DEBUG Engine               - globalSoundVolume: 0.5
20:37:58.330 [FXGL Background Thread 3 ] DEBUG Engine               - globalSoundVolumeProperty: DoubleProperty [value: 0.5]
20:37:58.330 [FXGL Background Thread 3 ] DEBUG Engine               - height: 820
20:37:58.330 [FXGL Background Thread 3 ] DEBUG Engine               - isAndroid: false
20:37:58.330 [FXGL Background Thread 3 ] DEBUG Engine               - isBrowser: false
20:37:58.330 [FXGL Background Thread 3 ] DEBUG Engine               - isClickFeedbackEnabled: false
20:37:58.330 [FXGL Background Thread 3 ] DEBUG Engine               - isCloseConfirmation: false
20:37:58.330 [FXGL Background Thread 3 ] DEBUG Engine               - isDesktop: true
20:37:58.330 [FXGL Background Thread 3 ] DEBUG Engine               - isDeveloperMenuEnabled: true
20:37:58.331 [FXGL Background Thread 3 ] DEBUG Engine               - isEntityPreloadEnabled: true
20:37:58.331 [FXGL Background Thread 3 ] DEBUG Engine               - isExperimental3D: false
20:37:58.331 [FXGL Background Thread 3 ] DEBUG Engine               - isExperimentalNative: false
20:37:58.331 [FXGL Background Thread 3 ] DEBUG Engine               - isExperimentalTiledLargeMap: false
20:37:58.331 [FXGL Background Thread 3 ] DEBUG Engine               - isFileSystemWriteAllowed: true
20:37:58.331 [FXGL Background Thread 3 ] DEBUG Engine               - isFullScreenAllowed: false
20:37:58.331 [FXGL Background Thread 3 ] DEBUG Engine               - isFullScreenFromStart: false
20:37:58.331 [FXGL Background Thread 3 ] DEBUG Engine               - isGameMenuEnabled: true
20:37:58.331 [FXGL Background Thread 3 ] DEBUG Engine               - isIOS: false
20:37:58.331 [FXGL Background Thread 3 ] DEBUG Engine               - isIntroEnabled: false
20:37:58.331 [FXGL Background Thread 3 ] DEBUG Engine               - isLinux: false
20:37:58.332 [FXGL Background Thread 3 ] DEBUG Engine               - isMac: false
20:37:58.332 [FXGL Background Thread 3 ] DEBUG Engine               - isMainMenuEnabled: true
20:37:58.332 [FXGL Background Thread 3 ] DEBUG Engine               - isManualResizeEnabled: false
20:37:58.332 [FXGL Background Thread 3 ] DEBUG Engine               - isMobile: false
20:37:58.332 [FXGL Background Thread 3 ] DEBUG Engine               - isPreserveResizeRatio: false
20:37:58.332 [FXGL Background Thread 3 ] DEBUG Engine               - isProfilingEnabled: false
20:37:58.332 [FXGL Background Thread 3 ] DEBUG Engine               - isScaleAffectedOnResize: true
20:37:58.332 [FXGL Background Thread 3 ] DEBUG Engine               - isSingleStep: false
20:37:58.332 [FXGL Background Thread 3 ] DEBUG Engine               - isUserProfileEnabled: false
20:37:58.333 [FXGL Background Thread 3 ] DEBUG Engine               - isWindows: true
20:37:58.333 [FXGL Background Thread 3 ] DEBUG Engine               - language: ObjectProperty [value: ENGLISH]
20:37:58.333 [FXGL Background Thread 3 ] DEBUG Engine               - menuKey: ESCAPE
20:37:58.333 [FXGL Background Thread 3 ] DEBUG Engine               - notificationViewClass: class com.almasb.fxgl.notification.view.XboxNotificationView
20:37:58.333 [FXGL Background Thread 3 ] DEBUG Engine               - pixelsPerMeter: 50.0
20:37:58.333 [FXGL Background Thread 3 ] DEBUG Engine               - platform: WINDOWS
20:37:58.333 [FXGL Background Thread 3 ] DEBUG Engine               - prefHeightProperty: ReadOnlyDoubleProperty [value: 820.0]
20:37:58.333 [FXGL Background Thread 3 ] DEBUG Engine               - prefWidthProperty: ReadOnlyDoubleProperty [value: 950.0]
20:37:58.334 [FXGL Background Thread 3 ] DEBUG Engine               - profileDir: profiles/
20:37:58.334 [FXGL Background Thread 3 ] DEBUG Engine               - profileName: StringProperty [value: DEFAULT]
20:37:58.334 [FXGL Background Thread 3 ] DEBUG Engine               - randomSeed: -1
20:37:58.334 [FXGL Background Thread 3 ] DEBUG Engine               - runtimeInfo: RuntimeInfo(platform=WINDOWS, version=11.14, build=01.03.2021 16.59)
20:37:58.334 [FXGL Background Thread 3 ] DEBUG Engine               - saveFileExt: sav
20:37:58.334 [FXGL Background Thread 3 ] DEBUG Engine               - scaledHeightProp$fxgl: DoubleProperty [bound, value: 820.0]
20:37:58.334 [FXGL Background Thread 3 ] DEBUG Engine               - scaledWidthProp$fxgl: DoubleProperty [bound, value: 950.0]
20:37:58.334 [FXGL Background Thread 3 ] DEBUG Engine               - sceneFactory: com.almasb.fxgl.app.scene.SceneFactory@10d985bc
20:37:58.334 [FXGL Background Thread 3 ] DEBUG Engine               - secondsIn24h: 60
20:37:58.334 [FXGL Background Thread 3 ] DEBUG Engine               - soundMenuBack: menu/back.wav
20:37:58.334 [FXGL Background Thread 3 ] DEBUG Engine               - soundMenuPress: menu/press.wav
20:37:58.334 [FXGL Background Thread 3 ] DEBUG Engine               - soundMenuSelect: menu/select.wav
20:37:58.335 [FXGL Background Thread 3 ] DEBUG Engine               - soundNotification: core/notification.wav
20:37:58.335 [FXGL Background Thread 3 ] DEBUG Engine               - stageStyle: DECORATED
20:37:58.335 [FXGL Background Thread 3 ] DEBUG Engine               - supportedLanguages: [ENGLISH, FRENCH, GERMAN, HUNGARIAN, RUSSIAN]
20:37:58.335 [FXGL Background Thread 3 ] DEBUG Engine               - ticksPerSecond: -1
20:37:58.335 [FXGL Background Thread 3 ] DEBUG Engine               - title: Bomberman
20:37:58.335 [FXGL Background Thread 3 ] DEBUG Engine               - urlGithub: https://github.com/AlmasB/FXGL
20:37:58.335 [FXGL Background Thread 3 ] DEBUG Engine               - urlLeaderboard: http://fxgl-top.herokuapp.com/
20:37:58.335 [FXGL Background Thread 3 ] DEBUG Engine               - urlPOM: https://raw.githubusercontent.com/AlmasB/FXGL/release/README.md
20:37:58.335 [FXGL Background Thread 3 ] DEBUG Engine               - userAppClass: class Game
20:37:58.335 [FXGL Background Thread 3 ] DEBUG Engine               - version: 0.0
20:37:58.335 [FXGL Background Thread 3 ] DEBUG Engine               - versionCheckDays: 7
20:37:58.336 [FXGL Background Thread 3 ] DEBUG Engine               - width: 950
20:37:58.336 [FXGL Background Thread 3 ] DEBUG Engine               - Logging services
20:37:58.336 [FXGL Background Thread 3 ] DEBUG Engine               - class com.almasb.fxgl.app.services.FXGLAssetLoaderService
20:37:58.336 [FXGL Background Thread 3 ] DEBUG Engine               - class com.almasb.fxgl.app.FXGLApplication$GameApplicationService
20:37:58.336 [FXGL Background Thread 3 ] DEBUG Engine               - class com.almasb.fxgl.app.services.FXGLDialogService
20:37:58.336 [FXGL Background Thread 3 ] DEBUG Engine               - class com.almasb.fxgl.app.services.IOTaskExecutorService
20:37:58.336 [FXGL Background Thread 3 ] DEBUG Engine               - class com.almasb.fxgl.event.EventBusService
20:37:58.336 [FXGL Background Thread 3 ] DEBUG Engine               - class com.almasb.fxgl.io.FileSystemService
20:37:58.336 [FXGL Background Thread 3 ] DEBUG Engine               - class com.almasb.fxgl.localization.LocalizationService
20:37:58.336 [FXGL Background Thread 3 ] DEBUG Engine               - class com.almasb.fxgl.app.services.SystemBundleService
20:37:58.337 [FXGL Background Thread 3 ] DEBUG Engine               - class com.almasb.fxgl.profile.SaveLoadService
20:37:58.337 [FXGL Background Thread 3 ] DEBUG Engine               - class com.almasb.fxgl.ui.FXGLUIFactoryServiceProvider
20:37:58.337 [FXGL Background Thread 3 ] DEBUG Engine               - class com.almasb.fxgl.ui.FXGLDialogFactoryServiceProvider
20:37:58.337 [FXGL Background Thread 3 ] DEBUG Engine               - class com.almasb.fxgl.audio.AudioPlayer
20:37:58.337 [FXGL Background Thread 3 ] DEBUG Engine               - class com.almasb.fxgl.notification.impl.NotificationServiceProvider
20:37:58.337 [FXGL Background Thread 3 ] DEBUG Engine               - class com.almasb.fxgl.achievement.AchievementService
20:37:58.337 [FXGL Background Thread 3 ] DEBUG Engine               - class com.almasb.fxgl.cutscene.CutsceneService
20:37:58.337 [FXGL Background Thread 3 ] DEBUG Engine               - class com.almasb.fxgl.minigames.MiniGameService
20:37:58.337 [FXGL Background Thread 3 ] DEBUG Engine               - class com.almasb.fxgl.net.NetService
20:37:58.337 [FXGL Background Thread 3 ] DEBUG Engine               - class com.almasb.fxgl.app.services.UpdaterService
20:37:58.337 [FXGL Background Thread 3 ] DEBUG Engine               - class com.almasb.fxgl.dev.DevService
20:37:58.356 [JavaFX Application Thread] DEBUG Menu                 - fireNewGame()
20:37:58.356 [JavaFX Application Thread] DEBUG GameApplicationServi - Starting new game
20:37:58.357 [JavaFX Application Thread] DEBUG PrimaryStageWindow   - Pop state: FXGLDefaultMenu
20:37:58.357 [JavaFX Application Thread] DEBUG Input                - Clearing active input actions
20:37:58.359 [JavaFX Application Thread] DEBUG GameApplicationServi - Removing overlay from FXGLDefaultMenu and adding to FXGLMainMenuDummyScene
20:37:58.360 [JavaFX Application Thread] DEBUG PrimaryStageWindow   - FXGLMainMenuDummyScene <- FXGLDefaultMenu
20:37:58.360 [JavaFX Application Thread] DEBUG Input                - Clearing active input actions
20:37:58.364 [JavaFX Application Thread] DEBUG GameApplicationServi - Removing overlay from FXGLMainMenuDummyScene and adding to FXGLLoadingScene
20:37:58.364 [JavaFX Application Thread] DEBUG PrimaryStageWindow   - FXGLMainMenuDummyScene -> FXGLLoadingScene
20:37:58.364 [JavaFX Application Thread] DEBUG GameApplicationServi - Clearing previous game
20:37:58.364 [JavaFX Application Thread] DEBUG GameScene            - Clearing game scene
20:37:58.364 [JavaFX Application Thread] DEBUG GameWorld            - Clearing game world
20:37:58.365 [JavaFX Application Thread] DEBUG PhysicsWorld         - Clearing physics world
20:37:58.365 [FXGL Background Thread 2 ] DEBUG FXGLApplication      - Initializing game
20:37:58.383 [FXGL Background Thread 2 ] WARN  TMXLevelLoader       - TiledMap generated from 1.8.4. Supported version: 1.2.3. Some features may not be parsed fully.
20:37:58.390 [FXGL Background Thread 2 ] DEBUG TMXLevelLoader       - Parsed raw map: TiledMap(width=15, height=13, tilewidth=64, tileheight=64, orientation=orthogonal, layers=[Layer(width=15, height=13, name=Tile Layer 1, type=tilelayer, visible=false, x=0, y=0, data=[8, 8, 8, 8, 8, 8, 8, 8, 8, 8, 8, 8, 8, 8, 8, 8, 7, 7, 7, 7, 7, 7, 7, 7, 7, 7, 7, 7, 7, 8, 8, 7, 4, 7, 4, 7, 4, 7, 4, 7, 4, 7, 4, 7, 8, 8, 7, 7, 7, 7, 7, 7, 7, 7, 7, 7, 7, 7, 7, 8, 8, 7, 4, 7, 4, 7, 4, 7, 4, 7, 4, 7, 4, 7, 8, 8, 7, 7, 7, 7, 7, 7, 7, 7, 7, 7, 7, 7, 7, 8, 8, 7, 4, 7, 4, 7, 4, 7, 4, 7, 4, 7, 4, 7, 8, 8, 7, 7, 7, 7, 7, 7, 7, 7, 7, 7, 7, 7, 7, 8, 8, 7, 4, 7, 4, 7, 4, 7, 4, 7, 4, 7, 4, 7, 8, 8, 7, 7, 7, 7, 7, 7, 7, 7, 7, 7, 7, 7, 7, 8, 8, 7, 4, 7, 4, 7, 4, 7, 4, 7, 4, 7, 4, 7, 8, 8, 7, 7, 7, 7, 7, 7, 7, 7, 7, 7, 7, 7, 7, 8, 8, 8, 8, 8, 8, 8, 8, 8, 8, 8, 8, 8, 8, 8, 8], objects=[], opacity=0.0, draworder=), Layer(width=0, height=0, name=Object Layer 1, type=objectgroup, visible=false, x=0, y=0, data=[], objects=[com.almasb.fxgl.entity.level.tiled.TiledObject@6a1aac11, com.almasb.fxgl.entity.level.tiled.TiledObject@4a1307fa, com.almasb.fxgl.entity.level.tiled.TiledObject@7009f9fe, com.almasb.fxgl.entity.level.tiled.TiledObject@110ba641, com.almasb.fxgl.entity.level.tiled.TiledObject@2ecefa55, com.almasb.fxgl.entity.level.tiled.TiledObject@7cb014a1, com.almasb.fxgl.entity.level.tiled.TiledObject@43c9c4c0, com.almasb.fxgl.entity.level.tiled.TiledObject@fbc5b56, com.almasb.fxgl.entity.level.tiled.TiledObject@567914a6, com.almasb.fxgl.entity.level.tiled.TiledObject@2a1007d4, com.almasb.fxgl.entity.level.tiled.TiledObject@27f23992, com.almasb.fxgl.entity.level.tiled.TiledObject@4a79a0d1, com.almasb.fxgl.entity.level.tiled.TiledObject@54bb511c, com.almasb.fxgl.entity.level.tiled.TiledObject@7ebfd2f8, com.almasb.fxgl.entity.level.tiled.TiledObject@48b74a14, com.almasb.fxgl.entity.level.tiled.TiledObject@4f4f14fb, com.almasb.fxgl.entity.level.tiled.TiledObject@41f28fbf, com.almasb.fxgl.entity.level.tiled.TiledObject@415abd6b, com.almasb.fxgl.entity.level.tiled.TiledObject@334fa8be, com.almasb.fxgl.entity.level.tiled.TiledObject@4108ae0, com.almasb.fxgl.entity.level.tiled.TiledObject@514a62aa, com.almasb.fxgl.entity.level.tiled.TiledObject@45ef3c0d, com.almasb.fxgl.entity.level.tiled.TiledObject@bab6656, com.almasb.fxgl.entity.level.tiled.TiledObject@becaa49, com.almasb.fxgl.entity.level.tiled.TiledObject@9b1c6ac, com.almasb.fxgl.entity.level.tiled.TiledObject@35829cc3, com.almasb.fxgl.entity.level.tiled.TiledObject@654bd5f3, com.almasb.fxgl.entity.level.tiled.TiledObject@b9b85f1, com.almasb.fxgl.entity.level.tiled.TiledObject@c98a688, com.almasb.fxgl.entity.level.tiled.TiledObject@2ddd575c, com.almasb.fxgl.entity.level.tiled.TiledObject@1602eb59, com.almasb.fxgl.entity.level.tiled.TiledObject@41614065, com.almasb.fxgl.entity.level.tiled.TiledObject@8840227, com.almasb.fxgl.entity.level.tiled.TiledObject@4fa4d3dc], opacity=0.0, draworder=)], tilesets=[Tileset(firstgid=1, image=spritesheet(1).png, name=spritesheet(1), tilewidth=64, tileheight=64, imagewidth=1472, imageheight=64, margin=0, spacing=0, columns=23, tilecount=23, transparentcolor=, tiles=[])], backgroundcolor=, renderorder=right-down, nextobjectid=139, version=1, tiledversion=1.8.4, type=map, infinite=false, hexsidelength=0, staggeraxis=, staggerindex=, properties={}, propertytypes={})
20:37:58.392 [FXGL Background Thread 2 ] DEBUG TMXLevelLoader       - Creating tile layer entities
20:37:58.392 [FXGL Background Thread 2 ] DEBUG TilesetLoader        - Loading view for layer Tile Layer 1
20:37:58.393 [FXGL Background Thread 2 ] DEBUG TilesetLoader        - Created buffer with size 960.0x832.0
20:37:58.397 [FXGL Background Thread 2 ] DEBUG TilesetLoader        - Writing to buffer: dst=0,0, w=64,h=64, src=448,0
20:37:58.398 [FXGL Background Thread 2 ] DEBUG TilesetLoader        - Writing to buffer: dst=64,0, w=64,h=64, src=448,0
20:37:58.398 [FXGL Background Thread 2 ] DEBUG TilesetLoader        - Writing to buffer: dst=128,0, w=64,h=64, src=448,0
20:37:58.398 [FXGL Background Thread 2 ] DEBUG TilesetLoader        - Writing to buffer: dst=192,0, w=64,h=64, src=448,0
20:37:58.398 [FXGL Background Thread 2 ] DEBUG TilesetLoader        - Writing to buffer: dst=256,0, w=64,h=64, src=448,0
20:37:58.398 [FXGL Background Thread 2 ] DEBUG TilesetLoader        - Writing to buffer: dst=320,0, w=64,h=64, src=448,0
20:37:58.398 [FXGL Background Thread 2 ] DEBUG TilesetLoader        - Writing to buffer: dst=384,0, w=64,h=64, src=448,0
20:37:58.399 [FXGL Background Thread 2 ] DEBUG TilesetLoader        - Writing to buffer: dst=448,0, w=64,h=64, src=448,0
20:37:58.399 [FXGL Background Thread 2 ] DEBUG TilesetLoader        - Writing to buffer: dst=512,0, w=64,h=64, src=448,0
20:37:58.399 [FXGL Background Thread 2 ] DEBUG TilesetLoader        - Writing to buffer: dst=576,0, w=64,h=64, src=448,0
20:37:58.399 [FXGL Background Thread 2 ] DEBUG TilesetLoader        - Writing to buffer: dst=640,0, w=64,h=64, src=448,0
20:37:58.399 [FXGL Background Thread 2 ] DEBUG TilesetLoader        - Writing to buffer: dst=704,0, w=64,h=64, src=448,0
20:37:58.399 [FXGL Background Thread 2 ] DEBUG TilesetLoader        - Writing to buffer: dst=768,0, w=64,h=64, src=448,0
20:37:58.399 [FXGL Background Thread 2 ] DEBUG TilesetLoader        - Writing to buffer: dst=832,0, w=64,h=64, src=448,0
20:37:58.399 [FXGL Background Thread 2 ] DEBUG TilesetLoader        - Writing to buffer: dst=896,0, w=64,h=64, src=448,0
20:37:58.400 [FXGL Background Thread 2 ] DEBUG TilesetLoader        - Writing to buffer: dst=0,64, w=64,h=64, src=448,0
20:37:58.400 [FXGL Background Thread 2 ] DEBUG TilesetLoader        - Writing to buffer: dst=64,64, w=64,h=64, src=384,0
20:37:58.400 [FXGL Background Thread 2 ] DEBUG TilesetLoader        - Writing to buffer: dst=128,64, w=64,h=64, src=384,0
20:37:58.400 [FXGL Background Thread 2 ] DEBUG TilesetLoader        - Writing to buffer: dst=192,64, w=64,h=64, src=384,0
20:37:58.400 [FXGL Background Thread 2 ] DEBUG TilesetLoader        - Writing to buffer: dst=256,64, w=64,h=64, src=384,0
20:37:58.400 [FXGL Background Thread 2 ] DEBUG TilesetLoader        - Writing to buffer: dst=320,64, w=64,h=64, src=384,0
20:37:58.400 [FXGL Background Thread 2 ] DEBUG TilesetLoader        - Writing to buffer: dst=384,64, w=64,h=64, src=384,0
20:37:58.400 [FXGL Background Thread 2 ] DEBUG TilesetLoader        - Writing to buffer: dst=448,64, w=64,h=64, src=384,0
20:37:58.401 [FXGL Background Thread 2 ] DEBUG TilesetLoader        - Writing to buffer: dst=512,64, w=64,h=64, src=384,0
20:37:58.401 [FXGL Background Thread 2 ] DEBUG TilesetLoader        - Writing to buffer: dst=576,64, w=64,h=64, src=384,0
20:37:58.401 [FXGL Background Thread 2 ] DEBUG TilesetLoader        - Writing to buffer: dst=640,64, w=64,h=64, src=384,0
20:37:58.401 [FXGL Background Thread 2 ] DEBUG TilesetLoader        - Writing to buffer: dst=704,64, w=64,h=64, src=384,0
20:37:58.401 [FXGL Background Thread 2 ] DEBUG TilesetLoader        - Writing to buffer: dst=768,64, w=64,h=64, src=384,0
20:37:58.401 [FXGL Background Thread 2 ] DEBUG TilesetLoader        - Writing to buffer: dst=832,64, w=64,h=64, src=384,0
20:37:58.401 [FXGL Background Thread 2 ] DEBUG TilesetLoader        - Writing to buffer: dst=896,64, w=64,h=64, src=448,0
20:37:58.401 [FXGL Background Thread 2 ] DEBUG TilesetLoader        - Writing to buffer: dst=0,128, w=64,h=64, src=448,0
20:37:58.401 [FXGL Background Thread 2 ] DEBUG TilesetLoader        - Writing to buffer: dst=64,128, w=64,h=64, src=384,0
20:37:58.401 [FXGL Background Thread 2 ] DEBUG TilesetLoader        - Writing to buffer: dst=128,128, w=64,h=64, src=192,0
20:37:58.401 [FXGL Background Thread 2 ] DEBUG TilesetLoader        - Writing to buffer: dst=192,128, w=64,h=64, src=384,0
20:37:58.401 [FXGL Background Thread 2 ] DEBUG TilesetLoader        - Writing to buffer: dst=256,128, w=64,h=64, src=192,0
20:37:58.402 [FXGL Background Thread 2 ] DEBUG TilesetLoader        - Writing to buffer: dst=320,128, w=64,h=64, src=384,0
20:37:58.402 [FXGL Background Thread 2 ] DEBUG TilesetLoader        - Writing to buffer: dst=384,128, w=64,h=64, src=192,0
20:37:58.402 [FXGL Background Thread 2 ] DEBUG TilesetLoader        - Writing to buffer: dst=448,128, w=64,h=64, src=384,0
20:37:58.402 [FXGL Background Thread 2 ] DEBUG TilesetLoader        - Writing to buffer: dst=512,128, w=64,h=64, src=192,0
20:37:58.402 [FXGL Background Thread 2 ] DEBUG TilesetLoader        - Writing to buffer: dst=576,128, w=64,h=64, src=384,0
20:37:58.402 [FXGL Background Thread 2 ] DEBUG TilesetLoader        - Writing to buffer: dst=640,128, w=64,h=64, src=192,0
20:37:58.402 [FXGL Background Thread 2 ] DEBUG TilesetLoader        - Writing to buffer: dst=704,128, w=64,h=64, src=384,0
20:37:58.403 [FXGL Background Thread 2 ] DEBUG TilesetLoader        - Writing to buffer: dst=768,128, w=64,h=64, src=192,0
20:37:58.403 [FXGL Background Thread 2 ] DEBUG TilesetLoader        - Writing to buffer: dst=832,128, w=64,h=64, src=384,0
20:37:58.403 [FXGL Background Thread 2 ] DEBUG TilesetLoader        - Writing to buffer: dst=896,128, w=64,h=64, src=448,0
20:37:58.403 [FXGL Background Thread 2 ] DEBUG TilesetLoader        - Writing to buffer: dst=0,192, w=64,h=64, src=448,0
20:37:58.403 [FXGL Background Thread 2 ] DEBUG TilesetLoader        - Writing to buffer: dst=64,192, w=64,h=64, src=384,0
20:37:58.403 [FXGL Background Thread 2 ] DEBUG TilesetLoader        - Writing to buffer: dst=128,192, w=64,h=64, src=384,0
20:37:58.403 [FXGL Background Thread 2 ] DEBUG TilesetLoader        - Writing to buffer: dst=192,192, w=64,h=64, src=384,0
20:37:58.404 [FXGL Background Thread 2 ] DEBUG TilesetLoader        - Writing to buffer: dst=256,192, w=64,h=64, src=384,0
20:37:58.404 [FXGL Background Thread 2 ] DEBUG TilesetLoader        - Writing to buffer: dst=320,192, w=64,h=64, src=384,0
20:37:58.404 [FXGL Background Thread 2 ] DEBUG TilesetLoader        - Writing to buffer: dst=384,192, w=64,h=64, src=384,0
20:37:58.404 [FXGL Background Thread 2 ] DEBUG TilesetLoader        - Writing to buffer: dst=448,192, w=64,h=64, src=384,0
20:37:58.404 [FXGL Background Thread 2 ] DEBUG TilesetLoader        - Writing to buffer: dst=512,192, w=64,h=64, src=384,0
20:37:58.404 [FXGL Background Thread 2 ] DEBUG TilesetLoader        - Writing to buffer: dst=576,192, w=64,h=64, src=384,0
20:37:58.405 [FXGL Background Thread 2 ] DEBUG TilesetLoader        - Writing to buffer: dst=640,192, w=64,h=64, src=384,0
20:37:58.405 [FXGL Background Thread 2 ] DEBUG TilesetLoader        - Writing to buffer: dst=704,192, w=64,h=64, src=384,0
20:37:58.405 [FXGL Background Thread 2 ] DEBUG TilesetLoader        - Writing to buffer: dst=768,192, w=64,h=64, src=384,0
20:37:58.405 [FXGL Background Thread 2 ] DEBUG TilesetLoader        - Writing to buffer: dst=832,192, w=64,h=64, src=384,0
20:37:58.405 [FXGL Background Thread 2 ] DEBUG TilesetLoader        - Writing to buffer: dst=896,192, w=64,h=64, src=448,0
20:37:58.405 [FXGL Background Thread 2 ] DEBUG TilesetLoader        - Writing to buffer: dst=0,256, w=64,h=64, src=448,0
20:37:58.405 [FXGL Background Thread 2 ] DEBUG TilesetLoader        - Writing to buffer: dst=64,256, w=64,h=64, src=384,0
20:37:58.405 [FXGL Background Thread 2 ] DEBUG TilesetLoader        - Writing to buffer: dst=128,256, w=64,h=64, src=192,0
20:37:58.406 [FXGL Background Thread 2 ] DEBUG TilesetLoader        - Writing to buffer: dst=192,256, w=64,h=64, src=384,0
20:37:58.406 [FXGL Background Thread 2 ] DEBUG TilesetLoader        - Writing to buffer: dst=256,256, w=64,h=64, src=192,0
20:37:58.406 [FXGL Background Thread 2 ] DEBUG TilesetLoader        - Writing to buffer: dst=320,256, w=64,h=64, src=384,0
20:37:58.406 [FXGL Background Thread 2 ] DEBUG TilesetLoader        - Writing to buffer: dst=384,256, w=64,h=64, src=192,0
20:37:58.407 [FXGL Background Thread 2 ] DEBUG TilesetLoader        - Writing to buffer: dst=448,256, w=64,h=64, src=384,0
20:37:58.407 [FXGL Background Thread 2 ] DEBUG TilesetLoader        - Writing to buffer: dst=512,256, w=64,h=64, src=192,0
20:37:58.407 [FXGL Background Thread 2 ] DEBUG TilesetLoader        - Writing to buffer: dst=576,256, w=64,h=64, src=384,0
20:37:58.407 [FXGL Background Thread 2 ] DEBUG TilesetLoader        - Writing to buffer: dst=640,256, w=64,h=64, src=192,0
20:37:58.407 [FXGL Background Thread 2 ] DEBUG TilesetLoader        - Writing to buffer: dst=704,256, w=64,h=64, src=384,0
20:37:58.407 [FXGL Background Thread 2 ] DEBUG TilesetLoader        - Writing to buffer: dst=768,256, w=64,h=64, src=192,0
20:37:58.407 [FXGL Background Thread 2 ] DEBUG TilesetLoader        - Writing to buffer: dst=832,256, w=64,h=64, src=384,0
20:37:58.408 [FXGL Background Thread 2 ] DEBUG TilesetLoader        - Writing to buffer: dst=896,256, w=64,h=64, src=448,0
20:37:58.408 [FXGL Background Thread 2 ] DEBUG TilesetLoader        - Writing to buffer: dst=0,320, w=64,h=64, src=448,0
20:37:58.408 [FXGL Background Thread 2 ] DEBUG TilesetLoader        - Writing to buffer: dst=64,320, w=64,h=64, src=384,0
20:37:58.408 [FXGL Background Thread 2 ] DEBUG TilesetLoader        - Writing to buffer: dst=128,320, w=64,h=64, src=384,0
20:37:58.408 [FXGL Background Thread 2 ] DEBUG TilesetLoader        - Writing to buffer: dst=192,320, w=64,h=64, src=384,0
20:37:58.408 [FXGL Background Thread 2 ] DEBUG TilesetLoader        - Writing to buffer: dst=256,320, w=64,h=64, src=384,0
20:37:58.408 [FXGL Background Thread 2 ] DEBUG TilesetLoader        - Writing to buffer: dst=320,320, w=64,h=64, src=384,0
20:37:58.408 [FXGL Background Thread 2 ] DEBUG TilesetLoader        - Writing to buffer: dst=384,320, w=64,h=64, src=384,0
20:37:58.409 [FXGL Background Thread 2 ] DEBUG TilesetLoader        - Writing to buffer: dst=448,320, w=64,h=64, src=384,0
20:37:58.409 [FXGL Background Thread 2 ] DEBUG TilesetLoader        - Writing to buffer: dst=512,320, w=64,h=64, src=384,0
20:37:58.409 [FXGL Background Thread 2 ] DEBUG TilesetLoader        - Writing to buffer: dst=576,320, w=64,h=64, src=384,0
20:37:58.409 [FXGL Background Thread 2 ] DEBUG TilesetLoader        - Writing to buffer: dst=640,320, w=64,h=64, src=384,0
20:37:58.409 [FXGL Background Thread 2 ] DEBUG TilesetLoader        - Writing to buffer: dst=704,320, w=64,h=64, src=384,0
20:37:58.409 [FXGL Background Thread 2 ] DEBUG TilesetLoader        - Writing to buffer: dst=768,320, w=64,h=64, src=384,0
20:37:58.409 [FXGL Background Thread 2 ] DEBUG TilesetLoader        - Writing to buffer: dst=832,320, w=64,h=64, src=384,0
20:37:58.410 [FXGL Background Thread 2 ] DEBUG TilesetLoader        - Writing to buffer: dst=896,320, w=64,h=64, src=448,0
20:37:58.410 [FXGL Background Thread 2 ] DEBUG TilesetLoader        - Writing to buffer: dst=0,384, w=64,h=64, src=448,0
20:37:58.410 [FXGL Background Thread 2 ] DEBUG TilesetLoader        - Writing to buffer: dst=64,384, w=64,h=64, src=384,0
20:37:58.410 [FXGL Background Thread 2 ] DEBUG TilesetLoader        - Writing to buffer: dst=128,384, w=64,h=64, src=192,0
20:37:58.410 [FXGL Background Thread 2 ] DEBUG TilesetLoader        - Writing to buffer: dst=192,384, w=64,h=64, src=384,0
20:37:58.410 [FXGL Background Thread 2 ] DEBUG TilesetLoader        - Writing to buffer: dst=256,384, w=64,h=64, src=192,0
20:37:58.410 [FXGL Background Thread 2 ] DEBUG TilesetLoader        - Writing to buffer: dst=320,384, w=64,h=64, src=384,0
20:37:58.410 [FXGL Background Thread 2 ] DEBUG TilesetLoader        - Writing to buffer: dst=384,384, w=64,h=64, src=192,0
20:37:58.411 [FXGL Background Thread 2 ] DEBUG TilesetLoader        - Writing to buffer: dst=448,384, w=64,h=64, src=384,0
20:37:58.411 [FXGL Background Thread 2 ] DEBUG TilesetLoader        - Writing to buffer: dst=512,384, w=64,h=64, src=192,0
20:37:58.411 [FXGL Background Thread 2 ] DEBUG TilesetLoader        - Writing to buffer: dst=576,384, w=64,h=64, src=384,0
20:37:58.411 [FXGL Background Thread 2 ] DEBUG TilesetLoader        - Writing to buffer: dst=640,384, w=64,h=64, src=192,0
20:37:58.411 [FXGL Background Thread 2 ] DEBUG TilesetLoader        - Writing to buffer: dst=704,384, w=64,h=64, src=384,0
20:37:58.411 [FXGL Background Thread 2 ] DEBUG TilesetLoader        - Writing to buffer: dst=768,384, w=64,h=64, src=192,0
20:37:58.411 [FXGL Background Thread 2 ] DEBUG TilesetLoader        - Writing to buffer: dst=832,384, w=64,h=64, src=384,0
20:37:58.411 [FXGL Background Thread 2 ] DEBUG TilesetLoader        - Writing to buffer: dst=896,384, w=64,h=64, src=448,0
20:37:58.412 [FXGL Background Thread 2 ] DEBUG TilesetLoader        - Writing to buffer: dst=0,448, w=64,h=64, src=448,0
20:37:58.412 [FXGL Background Thread 2 ] DEBUG TilesetLoader        - Writing to buffer: dst=64,448, w=64,h=64, src=384,0
20:37:58.412 [FXGL Background Thread 2 ] DEBUG TilesetLoader        - Writing to buffer: dst=128,448, w=64,h=64, src=384,0
20:37:58.412 [FXGL Background Thread 2 ] DEBUG TilesetLoader        - Writing to buffer: dst=192,448, w=64,h=64, src=384,0
20:37:58.412 [FXGL Background Thread 2 ] DEBUG TilesetLoader        - Writing to buffer: dst=256,448, w=64,h=64, src=384,0
20:37:58.412 [FXGL Background Thread 2 ] DEBUG TilesetLoader        - Writing to buffer: dst=320,448, w=64,h=64, src=384,0
20:37:58.412 [FXGL Background Thread 2 ] DEBUG TilesetLoader        - Writing to buffer: dst=384,448, w=64,h=64, src=384,0
20:37:58.412 [FXGL Background Thread 2 ] DEBUG TilesetLoader        - Writing to buffer: dst=448,448, w=64,h=64, src=384,0
20:37:58.413 [FXGL Background Thread 2 ] DEBUG TilesetLoader        - Writing to buffer: dst=512,448, w=64,h=64, src=384,0
20:37:58.413 [FXGL Background Thread 2 ] DEBUG TilesetLoader        - Writing to buffer: dst=576,448, w=64,h=64, src=384,0
20:37:58.413 [FXGL Background Thread 2 ] DEBUG TilesetLoader        - Writing to buffer: dst=640,448, w=64,h=64, src=384,0
20:37:58.413 [FXGL Background Thread 2 ] DEBUG TilesetLoader        - Writing to buffer: dst=704,448, w=64,h=64, src=384,0
20:37:58.413 [FXGL Background Thread 2 ] DEBUG TilesetLoader        - Writing to buffer: dst=768,448, w=64,h=64, src=384,0
20:37:58.413 [FXGL Background Thread 2 ] DEBUG TilesetLoader        - Writing to buffer: dst=832,448, w=64,h=64, src=384,0
20:37:58.413 [FXGL Background Thread 2 ] DEBUG TilesetLoader        - Writing to buffer: dst=896,448, w=64,h=64, src=448,0
20:37:58.414 [FXGL Background Thread 2 ] DEBUG TilesetLoader        - Writing to buffer: dst=0,512, w=64,h=64, src=448,0
20:37:58.414 [FXGL Background Thread 2 ] DEBUG TilesetLoader        - Writing to buffer: dst=64,512, w=64,h=64, src=384,0
20:37:58.414 [FXGL Background Thread 2 ] DEBUG TilesetLoader        - Writing to buffer: dst=128,512, w=64,h=64, src=192,0
20:37:58.414 [FXGL Background Thread 2 ] DEBUG TilesetLoader        - Writing to buffer: dst=192,512, w=64,h=64, src=384,0
20:37:58.414 [FXGL Background Thread 2 ] DEBUG TilesetLoader        - Writing to buffer: dst=256,512, w=64,h=64, src=192,0
20:37:58.414 [FXGL Background Thread 2 ] DEBUG TilesetLoader        - Writing to buffer: dst=320,512, w=64,h=64, src=384,0
20:37:58.414 [FXGL Background Thread 2 ] DEBUG TilesetLoader        - Writing to buffer: dst=384,512, w=64,h=64, src=192,0
20:37:58.414 [FXGL Background Thread 2 ] DEBUG TilesetLoader        - Writing to buffer: dst=448,512, w=64,h=64, src=384,0
20:37:58.414 [FXGL Background Thread 2 ] DEBUG TilesetLoader        - Writing to buffer: dst=512,512, w=64,h=64, src=192,0
20:37:58.415 [FXGL Background Thread 2 ] DEBUG TilesetLoader        - Writing to buffer: dst=576,512, w=64,h=64, src=384,0
20:37:58.415 [FXGL Background Thread 2 ] DEBUG TilesetLoader        - Writing to buffer: dst=640,512, w=64,h=64, src=192,0
20:37:58.415 [FXGL Background Thread 2 ] DEBUG TilesetLoader        - Writing to buffer: dst=704,512, w=64,h=64, src=384,0
20:37:58.415 [FXGL Background Thread 2 ] DEBUG TilesetLoader        - Writing to buffer: dst=768,512, w=64,h=64, src=192,0
20:37:58.415 [FXGL Background Thread 2 ] DEBUG TilesetLoader        - Writing to buffer: dst=832,512, w=64,h=64, src=384,0
20:37:58.415 [FXGL Background Thread 2 ] DEBUG TilesetLoader        - Writing to buffer: dst=896,512, w=64,h=64, src=448,0
20:37:58.415 [FXGL Background Thread 2 ] DEBUG TilesetLoader        - Writing to buffer: dst=0,576, w=64,h=64, src=448,0
20:37:58.415 [FXGL Background Thread 2 ] DEBUG TilesetLoader        - Writing to buffer: dst=64,576, w=64,h=64, src=384,0
20:37:58.415 [FXGL Background Thread 2 ] DEBUG TilesetLoader        - Writing to buffer: dst=128,576, w=64,h=64, src=384,0
20:37:58.415 [FXGL Background Thread 2 ] DEBUG TilesetLoader        - Writing to buffer: dst=192,576, w=64,h=64, src=384,0
20:37:58.415 [FXGL Background Thread 2 ] DEBUG TilesetLoader        - Writing to buffer: dst=256,576, w=64,h=64, src=384,0
20:37:58.415 [FXGL Background Thread 2 ] DEBUG TilesetLoader        - Writing to buffer: dst=320,576, w=64,h=64, src=384,0
20:37:58.416 [FXGL Background Thread 2 ] DEBUG TilesetLoader        - Writing to buffer: dst=384,576, w=64,h=64, src=384,0
20:37:58.416 [FXGL Background Thread 2 ] DEBUG TilesetLoader        - Writing to buffer: dst=448,576, w=64,h=64, src=384,0
20:37:58.416 [FXGL Background Thread 2 ] DEBUG TilesetLoader        - Writing to buffer: dst=512,576, w=64,h=64, src=384,0
20:37:58.416 [FXGL Background Thread 2 ] DEBUG TilesetLoader        - Writing to buffer: dst=576,576, w=64,h=64, src=384,0
20:37:58.416 [FXGL Background Thread 2 ] DEBUG TilesetLoader        - Writing to buffer: dst=640,576, w=64,h=64, src=384,0
20:37:58.416 [FXGL Background Thread 2 ] DEBUG TilesetLoader        - Writing to buffer: dst=704,576, w=64,h=64, src=384,0
20:37:58.416 [FXGL Background Thread 2 ] DEBUG TilesetLoader        - Writing to buffer: dst=768,576, w=64,h=64, src=384,0
20:37:58.416 [FXGL Background Thread 2 ] DEBUG TilesetLoader        - Writing to buffer: dst=832,576, w=64,h=64, src=384,0
20:37:58.416 [FXGL Background Thread 2 ] DEBUG TilesetLoader        - Writing to buffer: dst=896,576, w=64,h=64, src=448,0
20:37:58.416 [FXGL Background Thread 2 ] DEBUG TilesetLoader        - Writing to buffer: dst=0,640, w=64,h=64, src=448,0
20:37:58.416 [FXGL Background Thread 2 ] DEBUG TilesetLoader        - Writing to buffer: dst=64,640, w=64,h=64, src=384,0
20:37:58.417 [FXGL Background Thread 2 ] DEBUG TilesetLoader        - Writing to buffer: dst=128,640, w=64,h=64, src=192,0
20:37:58.417 [FXGL Background Thread 2 ] DEBUG TilesetLoader        - Writing to buffer: dst=192,640, w=64,h=64, src=384,0
20:37:58.417 [FXGL Background Thread 2 ] DEBUG TilesetLoader        - Writing to buffer: dst=256,640, w=64,h=64, src=192,0
20:37:58.417 [FXGL Background Thread 2 ] DEBUG TilesetLoader        - Writing to buffer: dst=320,640, w=64,h=64, src=384,0
20:37:58.417 [FXGL Background Thread 2 ] DEBUG TilesetLoader        - Writing to buffer: dst=384,640, w=64,h=64, src=192,0
20:37:58.417 [FXGL Background Thread 2 ] DEBUG TilesetLoader        - Writing to buffer: dst=448,640, w=64,h=64, src=384,0
20:37:58.417 [FXGL Background Thread 2 ] DEBUG TilesetLoader        - Writing to buffer: dst=512,640, w=64,h=64, src=192,0
20:37:58.417 [FXGL Background Thread 2 ] DEBUG TilesetLoader        - Writing to buffer: dst=576,640, w=64,h=64, src=384,0
20:37:58.417 [FXGL Background Thread 2 ] DEBUG TilesetLoader        - Writing to buffer: dst=640,640, w=64,h=64, src=192,0
20:37:58.417 [FXGL Background Thread 2 ] DEBUG TilesetLoader        - Writing to buffer: dst=704,640, w=64,h=64, src=384,0
20:37:58.417 [FXGL Background Thread 2 ] DEBUG TilesetLoader        - Writing to buffer: dst=768,640, w=64,h=64, src=192,0
20:37:58.417 [FXGL Background Thread 2 ] DEBUG TilesetLoader        - Writing to buffer: dst=832,640, w=64,h=64, src=384,0
20:37:58.417 [FXGL Background Thread 2 ] DEBUG TilesetLoader        - Writing to buffer: dst=896,640, w=64,h=64, src=448,0
20:37:58.418 [FXGL Background Thread 2 ] DEBUG TilesetLoader        - Writing to buffer: dst=0,704, w=64,h=64, src=448,0
20:37:58.418 [FXGL Background Thread 2 ] DEBUG TilesetLoader        - Writing to buffer: dst=64,704, w=64,h=64, src=384,0
20:37:58.418 [FXGL Background Thread 2 ] DEBUG TilesetLoader        - Writing to buffer: dst=128,704, w=64,h=64, src=384,0
20:37:58.418 [FXGL Background Thread 2 ] DEBUG TilesetLoader        - Writing to buffer: dst=192,704, w=64,h=64, src=384,0
20:37:58.418 [FXGL Background Thread 2 ] DEBUG TilesetLoader        - Writing to buffer: dst=256,704, w=64,h=64, src=384,0
20:37:58.418 [FXGL Background Thread 2 ] DEBUG TilesetLoader        - Writing to buffer: dst=320,704, w=64,h=64, src=384,0
20:37:58.418 [FXGL Background Thread 2 ] DEBUG TilesetLoader        - Writing to buffer: dst=384,704, w=64,h=64, src=384,0
20:37:58.418 [FXGL Background Thread 2 ] DEBUG TilesetLoader        - Writing to buffer: dst=448,704, w=64,h=64, src=384,0
20:37:58.418 [FXGL Background Thread 2 ] DEBUG TilesetLoader        - Writing to buffer: dst=512,704, w=64,h=64, src=384,0
20:37:58.418 [FXGL Background Thread 2 ] DEBUG TilesetLoader        - Writing to buffer: dst=576,704, w=64,h=64, src=384,0
20:37:58.418 [FXGL Background Thread 2 ] DEBUG TilesetLoader        - Writing to buffer: dst=640,704, w=64,h=64, src=384,0
20:37:58.419 [FXGL Background Thread 2 ] DEBUG TilesetLoader        - Writing to buffer: dst=704,704, w=64,h=64, src=384,0
20:37:58.420 [FXGL Background Thread 2 ] DEBUG TilesetLoader        - Writing to buffer: dst=768,704, w=64,h=64, src=384,0
20:37:58.420 [FXGL Background Thread 2 ] DEBUG TilesetLoader        - Writing to buffer: dst=832,704, w=64,h=64, src=384,0
20:37:58.420 [FXGL Background Thread 2 ] DEBUG TilesetLoader        - Writing to buffer: dst=896,704, w=64,h=64, src=448,0
20:37:58.420 [FXGL Background Thread 2 ] DEBUG TilesetLoader        - Writing to buffer: dst=0,768, w=64,h=64, src=448,0
20:37:58.420 [FXGL Background Thread 2 ] DEBUG TilesetLoader        - Writing to buffer: dst=64,768, w=64,h=64, src=448,0
20:37:58.420 [FXGL Background Thread 2 ] DEBUG TilesetLoader        - Writing to buffer: dst=128,768, w=64,h=64, src=448,0
20:37:58.421 [FXGL Background Thread 2 ] DEBUG TilesetLoader        - Writing to buffer: dst=192,768, w=64,h=64, src=448,0
20:37:58.421 [FXGL Background Thread 2 ] DEBUG TilesetLoader        - Writing to buffer: dst=256,768, w=64,h=64, src=448,0
20:37:58.421 [FXGL Background Thread 2 ] DEBUG TilesetLoader        - Writing to buffer: dst=320,768, w=64,h=64, src=448,0
20:37:58.421 [FXGL Background Thread 2 ] DEBUG TilesetLoader        - Writing to buffer: dst=384,768, w=64,h=64, src=448,0
20:37:58.421 [FXGL Background Thread 2 ] DEBUG TilesetLoader        - Writing to buffer: dst=448,768, w=64,h=64, src=448,0
20:37:58.421 [FXGL Background Thread 2 ] DEBUG TilesetLoader        - Writing to buffer: dst=512,768, w=64,h=64, src=448,0
20:37:58.421 [FXGL Background Thread 2 ] DEBUG TilesetLoader        - Writing to buffer: dst=576,768, w=64,h=64, src=448,0
20:37:58.421 [FXGL Background Thread 2 ] DEBUG TilesetLoader        - Writing to buffer: dst=640,768, w=64,h=64, src=448,0
20:37:58.421 [FXGL Background Thread 2 ] DEBUG TilesetLoader        - Writing to buffer: dst=704,768, w=64,h=64, src=448,0
20:37:58.422 [FXGL Background Thread 2 ] DEBUG TilesetLoader        - Writing to buffer: dst=768,768, w=64,h=64, src=448,0
20:37:58.422 [FXGL Background Thread 2 ] DEBUG TilesetLoader        - Writing to buffer: dst=832,768, w=64,h=64, src=448,0
20:37:58.422 [FXGL Background Thread 2 ] DEBUG TilesetLoader        - Writing to buffer: dst=896,768, w=64,h=64, src=448,0
20:37:58.422 [FXGL Background Thread 2 ] DEBUG TMXLevelLoader       - Creating object layer entities
20:37:58.441 [FXGL Background Thread 2 ] DEBUG GameWorld            - Clearing removable entities
20:37:58.441 [FXGL Background Thread 2 ] DEBUG GameWorld            - Setting level: com.almasb.fxgl.entity.level.Level@2375bc4d
20:37:58.447 [FXGL Background Thread 2 ] DEBUG FXGLAssetLoaderServi - Loading from file system: file:/C:/Users/Stan/Documents/SE-Challengeweek/target/classes/assets/textures/player_1_move_down.png
20:37:58.451 [FXGL Background Thread 2 ] DEBUG FXGLAssetLoaderServi - Loading from file system: file:/C:/Users/Stan/Documents/SE-Challengeweek/target/classes/assets/textures/box-1.png
20:37:58.484 [FXGL Background Thread 2 ] DEBUG FXGLAssetLoaderServi - Loading from file system: file:/C:/Users/Stan/Documents/SE-Challengeweek/target/classes/assets/music/BGM.wav
20:37:58.571 [FXGL Background Thread 2 ] DEBUG AudioPlayer          - Playing music com.almasb.fxgl.audio.Music@d9da7cc
20:37:58.574 [FXGL Background Thread 2 ] INFO  FXGLApplication      - Game initialization took: 0,208 sec
20:37:58.577 [JavaFX Application Thread] DEBUG Input                - Clearing active input actions
20:37:58.581 [JavaFX Application Thread] DEBUG GameApplicationServi - Removing overlay from FXGLLoadingScene and adding to GameScene
20:37:58.583 [JavaFX Application Thread] DEBUG PrimaryStageWindow   - FXGLLoadingScene -> GameScene
20:37:58.587 [JavaFX Application Thread] DEBUG FXGLAssetLoaderServi - Loading from file system: file:/C:/Users/Stan/Documents/SE-Challengeweek/target/classes/assets/textures/player_1_idle_down.png
20:37:58.587 [JavaFX Application Thread] DEBUG FXGLAssetLoaderServi - Loading from file system: file:/C:/Users/Stan/Documents/SE-Challengeweek/target/classes/assets/textures/player_2_idle_down.png
20:37:59.331 [JavaFX Application Thread] DEBUG FXGLAssetLoaderServi - Loading from file system: file:/C:/Users/Stan/Documents/SE-Challengeweek/target/classes/assets/textures/player_1_move_right.png
20:37:59.867 [JavaFX Application Thread] DEBUG FXGLAssetLoaderServi - Loading from file system: file:/C:/Users/Stan/Documents/SE-Challengeweek/target/classes/assets/textures/bomb-1.png
20:37:59.889 [JavaFX Application Thread] DEBUG FXGLAssetLoaderServi - Loading from file system: file:/C:/Users/Stan/Documents/SE-Challengeweek/target/classes/assets/textures/player_1_move_left.png
20:38:00.915 [JavaFX Application Thread] DEBUG FXGLAssetLoaderServi - Loading from file system: file:/C:/Users/Stan/Documents/SE-Challengeweek/target/classes/assets/textures/player_2_move_Up.png
20:38:00.962 [JavaFX Application Thread] DEBUG FXGLAssetLoaderServi - Loading from file system: file:/C:/Users/Stan/Documents/SE-Challengeweek/target/classes/assets/textures/player_2_idle_Up.png
20:38:01.475 [JavaFX Application Thread] DEBUG FXGLAssetLoaderServi - Loading from file system: file:/C:/Users/Stan/Documents/SE-Challengeweek/target/classes/assets/textures/player_1_move_Up.png
20:38:04.611 [JavaFX Application Thread] DEBUG FXGLAssetLoaderServi - Loading from file system: file:/C:/Users/Stan/Documents/SE-Challengeweek/target/classes/assets/textures/bomb_explosion.png
20:38:04.616 [JavaFX Application Thread] DEBUG FXGLAssetLoaderServi - Loading from file system: file:/C:/Users/Stan/Documents/SE-Challengeweek/target/classes/assets/sounds/explode.wav
20:38:04.621 [JavaFX Application Thread] DEBUG FXGLAssetLoaderServi - Loading from file system: file:/C:/Users/Stan/Documents/SE-Challengeweek/target/classes/assets/sounds/player_hit.wav
20:38:06.356 [JavaFX Application Thread] DEBUG FXGLAssetLoaderServi - Loading from file system: file:/C:/Users/Stan/Documents/SE-Challengeweek/target/classes/assets/sounds/player_dead.wav
20:38:06.361 [JavaFX Application Thread] DEBUG PrimaryStageWindow   - Push state: DialogSubScene
20:38:06.361 [JavaFX Application Thread] DEBUG Input                - Clearing active input actions
20:38:06.361 [JavaFX Application Thread] DEBUG GameApplicationServi - Removing overlay from GameScene and adding to DialogSubScene
20:38:06.362 [JavaFX Application Thread] DEBUG PrimaryStageWindow   - GameScene -> DialogSubScene
20:38:07.968 [JavaFX Application Thread] DEBUG PrimaryStageWindow   - Pop state: DialogSubScene
20:38:07.968 [JavaFX Application Thread] DEBUG Input                - Clearing active input actions
20:38:07.969 [JavaFX Application Thread] DEBUG GameApplicationServi - Removing overlay from DialogSubScene and adding to GameScene
20:38:07.969 [JavaFX Application Thread] DEBUG PrimaryStageWindow   - GameScene <- DialogSubScene
20:38:08.473 [JavaFX Application Thread] WARN  GameWorld            - Attempted to remove entity which is not active
20:38:08.473 [JavaFX Application Thread] WARN  GameWorld            - Attempted to remove entity which is not active
20:38:08.473 [JavaFX Application Thread] WARN  GameWorld            - Attempted to remove entity which is not active
20:38:08.473 [JavaFX Application Thread] WARN  GameWorld            - Attempted to remove entity which is not active
20:38:08.473 [JavaFX Application Thread] WARN  GameWorld            - Attempted to remove entity which is not active
20:38:08.473 [JavaFX Application Thread] WARN  GameWorld            - Attempted to remove entity which is not active
20:38:08.473 [JavaFX Application Thread] WARN  GameWorld            - Attempted to remove entity which is not active
20:38:08.474 [JavaFX Application Thread] WARN  GameWorld            - Attempted to remove entity which is not active
20:38:08.474 [JavaFX Application Thread] WARN  GameWorld            - Attempted to remove entity which is not active
20:38:08.474 [JavaFX Application Thread] WARN  GameWorld            - Attempted to remove entity which is not active
20:38:08.474 [JavaFX Application Thread] WARN  GameWorld            - Attempted to remove entity which is not active
20:38:08.474 [JavaFX Application Thread] WARN  GameWorld            - Attempted to remove entity which is not active
20:38:08.474 [JavaFX Application Thread] WARN  GameWorld            - Attempted to remove entity which is not active
20:38:08.474 [JavaFX Application Thread] WARN  GameWorld            - Attempted to remove entity which is not active
20:38:08.474 [JavaFX Application Thread] WARN  GameWorld            - Attempted to remove entity which is not active
20:38:08.474 [JavaFX Application Thread] WARN  GameWorld            - Attempted to remove entity which is not active
20:38:08.474 [JavaFX Application Thread] WARN  GameWorld            - Attempted to remove entity which is not active
20:38:08.474 [JavaFX Application Thread] WARN  GameWorld            - Attempted to remove entity which is not active
20:38:08.915 [JavaFX Application Thread] DEBUG FXGLApplication      - Exiting FXGL
20:38:08.915 [JavaFX Application Thread] DEBUG LoopRunner           - Stopping loop
20:38:08.915 [JavaFX Application Thread] DEBUG SystemBundleService  - Saving FXGL system data
20:38:08.916 [JavaFX Application Thread] DEBUG FileSystemAccess     - Writing to: C:\Users\Stan\Documents\SE-Challengeweek\system\fxgl.bundle
20:38:08.917 [JavaFX Application Thread] DEBUG Async                - Shutting down background threads
20:38:08.917 [JavaFX Application Thread] DEBUG PrimaryStageWindow   - Closing main window
20:38:08.924 [JavaFX Application Thread] DEBUG Logger               - Closing Logger
