09:24:42.819 [main                     ] DEBUG Logger               - Configured Logger
09:24:42.826 [main                     ] DEBUG GameApplication      - Logging settings
Title: Bomberman SE
Version: 1.0
Width: 960
Height: 832
Fullscreen: false
Intro: false
Profiling: false
Single step:false
App Mode: DEVELOPER
Menu Key: ESCAPE
Stage Style: DECORATED
Scene Factory: class com.almasb.fxgl.app.scene.SceneFactory

09:24:43.221 [JavaFX Application Thread] DEBUG FXGLApplication      - Initializing FXGL
09:24:43.223 [JavaFX Application Thread] INFO  Engine               - FXGL-11.14 (01.03.2021 16.59) on WINDOWS (J:15.0.2 FX:15)
09:24:43.224 [JavaFX Application Thread] DEBUG Engine               - JRE Vendor Name: Amazon.com Inc.
09:24:43.224 [JavaFX Application Thread] DEBUG Engine               - Running on OS: Windows 10 version 10.0
09:24:43.224 [JavaFX Application Thread] DEBUG Engine               - Architecture: amd64
09:24:43.224 [JavaFX Application Thread] INFO  Engine               - Source code and latest versions at: https://github.com/AlmasB/FXGL
09:24:43.224 [JavaFX Application Thread] INFO  Engine               -              Join the FXGL chat at: https://gitter.im/AlmasB/FXGL
09:24:43.357 [JavaFX Application Thread] DEBUG PrimaryStageWindow   - Creating a JavaFX scene
09:24:43.358 [JavaFX Application Thread] DEBUG PrimaryStageWindow   - Target size > screen size
09:24:43.415 [JavaFX Application Thread] DEBUG PrimaryStageWindow   - Target settings size: 960.0 x 832.0
09:24:43.416 [JavaFX Application Thread] DEBUG PrimaryStageWindow   - Scaled scene size:    925.0 x 823.0
09:24:43.416 [JavaFX Application Thread] DEBUG PrimaryStageWindow   - Scaled ratio: (0.9635416666666666, 0.9891826923076923)
09:24:43.417 [JavaFX Application Thread] DEBUG PrimaryStageWindow   - Set initial scene to FXGLStartupScene
09:24:43.426 [JavaFX Application Thread] DEBUG PrimaryStageWindow   - Opening main window
09:24:43.523 [JavaFX Application Thread] DEBUG PrimaryStageWindow   - Window border size: (15.0, 37.79998779296875)
09:24:43.523 [JavaFX Application Thread] DEBUG PrimaryStageWindow   - Scaled size: 925.0 x 823.0
09:24:43.524 [JavaFX Application Thread] DEBUG PrimaryStageWindow   - Scaled ratio: (0.9635416666666666, 0.9891826923076923)
09:24:43.524 [JavaFX Application Thread] DEBUG PrimaryStageWindow   - Scene size: 925.0 x 823.0
09:24:43.524 [JavaFX Application Thread] DEBUG PrimaryStageWindow   - Stage size: 940.0 x 860.7999877929688
09:24:43.532 [FXGL Background Thread 1 ] DEBUG Engine               - Initializing environment variables
09:24:43.571 [FXGL Background Thread 1 ] DEBUG FXGLAssetLoaderServi - User app class for loading assets: class Game
09:24:43.572 [FXGL Background Thread 1 ] DEBUG GameApplicationServi - Applying CSS: fxgl_dark.css
09:24:43.572 [FXGL Background Thread 1 ] DEBUG FXGLAssetLoaderServi - Loading from file system: jar:file:/C:/Users/roan2/.m2/repository/com/github/almasb/fxgl/11.14/fxgl-11.14.jar!/fxglassets/ui/css/fxgl_dark.css
09:24:43.632 [FXGL Background Thread 1 ] DEBUG GameApplicationServi - Initializing application scenes
09:24:43.669 [FXGL Background Thread 1 ] DEBUG GameWorld            - Game world initialized
09:24:43.728 [FXGL Background Thread 1 ] DEBUG PhysicsWorld         - Physics world initialized: appHeight=832, physics.ppm=50.0
09:24:43.728 [FXGL Background Thread 1 ] DEBUG PhysicsWorld         - Using strategy: BRUTE_FORCE
09:24:43.730 [FXGL Background Thread 1 ] DEBUG GameScene            - Game scene initialized: 960x832
09:24:43.776 [FXGL Background Thread 1 ] DEBUG FXGLAssetLoaderServi - Loading from file system: jar:file:/C:/Users/roan2/.m2/repository/com/github/almasb/fxgl/11.14/fxgl-11.14.jar!/fxglassets/textures/particles/trace_horizontal.png
09:24:43.840 [FXGL Background Thread 1 ] DEBUG FXGL.DefaultMenu     - createMenuBodyGameMenu()
09:24:43.859 [FXGL Background Thread 1 ] DEBUG FXGL.DefaultMenu     - createOptionsMenu()
09:24:43.867 [FXGL Background Thread 1 ] DEBUG FXGLAssetLoaderServi - Loading from file system: jar:file:/C:/Users/roan2/.m2/repository/com/github/almasb/fxgl/11.14/fxgl-11.14.jar!/fxglassets/textures/particles/smoke.png
09:24:43.923 [FXGL Background Thread 1 ] DEBUG GameApplicationServi - Application scenes initialized
09:24:43.933 [FXGL Background Thread 1 ] DEBUG SystemBundleService  - Loading FXGL system data
09:24:43.936 [FXGL Background Thread 1 ] DEBUG FileSystemAccess     - Reading from: C:\Users\roan2\Documents\SE-Challengeweek\system\fxgl.bundle
09:24:43.942 [FXGL Background Thread 1 ] DEBUG SystemBundleService  - Bundle FXGL: {}
09:24:43.942 [FXGL Background Thread 1 ] DEBUG UpdaterService       - Checking for updates
09:24:43.948 [FXGL Background Thread 4 ] DEBUG FXGLApplication      - Loading fonts
09:24:43.948 [FXGL Background Thread 1 ] DEBUG FXGLApplication      - Loading default localization
09:24:43.949 [FXGL Background Thread 4 ] DEBUG FXGLAssetLoaderServi - Loading from file system: jar:file:/C:/Users/roan2/.m2/repository/com/github/almasb/fxgl/11.14/fxgl-11.14.jar!/fxglassets/ui/fonts/VarelaRound-Regular.ttf
09:24:43.949 [FXGL Background Thread 1 ] DEBUG FXGLAssetLoaderServi - Loading from file system: jar:file:/C:/Users/roan2/.m2/repository/com/github/almasb/fxgl/11.14/fxgl-11.14.jar!/fxglassets/languages/english.lang
09:24:43.963 [FXGL Background Thread 1 ] INFO  FXGLApplication      - FXGL initialization took: 0.431 sec
09:24:43.974 [JavaFX Application Thread] DEBUG Input                - Registered new binding: action0 - D
09:24:43.975 [JavaFX Application Thread] DEBUG Input                - Registered new binding: action1 - A
09:24:43.975 [JavaFX Application Thread] DEBUG Input                - Registered new binding: action2 - W
09:24:43.975 [JavaFX Application Thread] DEBUG Input                - Registered new binding: action3 - S
09:24:43.976 [JavaFX Application Thread] DEBUG FXGLAssetLoaderServi - Loading from file system: jar:file:/C:/Users/roan2/.m2/repository/com/github/almasb/fxgl/11.14/fxgl-11.14.jar!/fxglassets/textures/fxgl_icon.png
09:24:43.996 [JavaFX Application Thread] DEBUG FXGLAssetLoaderServi - Loading from file system: jar:file:/C:/Users/roan2/.m2/repository/com/github/almasb/fxgl/11.14/fxgl-11.14.jar!/fxglassets/ui/cursors/fxgl_default.png
09:24:43.998 [JavaFX Application Thread] DEBUG Input                - Registered new binding: Screenshot - P
09:24:43.999 [JavaFX Application Thread] DEBUG Input                - Registered new binding: System info dump - CTRL+9
09:24:43.999 [JavaFX Application Thread] DEBUG Input                - Registered new binding: Restart - CTRL+R
09:24:44.000 [JavaFX Application Thread] DEBUG Input                - Registered new binding: Toggle Debug Camera - CTRL+C
09:24:44.002 [JavaFX Application Thread] DEBUG LoopRunner           - Starting loop
09:24:44.002 [JavaFX Application Thread] DEBUG LoopRunner           - Initializing JavaFX AnimationTimerLoop
09:24:44.004 [JavaFX Application Thread] DEBUG GameApplicationServi - Starting new game
09:24:44.004 [JavaFX Application Thread] DEBUG Input                - Clearing active input actions
09:24:44.018 [JavaFX Application Thread] DEBUG GameApplicationServi - Removing overlay from FXGLStartupScene and adding to FXGLLoadingScene
09:24:44.019 [JavaFX Application Thread] DEBUG PrimaryStageWindow   - FXGLStartupScene -> FXGLLoadingScene
09:24:44.019 [JavaFX Application Thread] DEBUG GameApplicationServi - Clearing previous game
09:24:44.019 [JavaFX Application Thread] DEBUG GameScene            - Clearing game scene
09:24:44.019 [JavaFX Application Thread] DEBUG GameWorld            - Clearing game world
09:24:44.020 [JavaFX Application Thread] DEBUG PhysicsWorld         - Clearing physics world
09:24:44.021 [FXGL Background Thread 1 ] DEBUG FXGLApplication      - Initializing game
09:24:44.024 [FXGL Background Thread 1 ] DEBUG FXGLAssetLoaderServi - Loading from file system: file:/C:/Users/roan2/Documents/SE-Challengeweek/target/classes/assets/textures/sprite.png
09:24:44.038 [FXGL Background Thread 4 ] DEBUG FXGLAssetLoaderServi - Loading from file system: jar:file:/C:/Users/roan2/.m2/repository/com/github/almasb/fxgl/11.14/fxgl-11.14.jar!/fxglassets/ui/fonts/Abel-Regular.ttf
09:24:44.041 [FXGL Background Thread 4 ] DEBUG FXGLAssetLoaderServi - Loading from file system: jar:file:/C:/Users/roan2/.m2/repository/com/github/almasb/fxgl/11.14/fxgl-11.14.jar!/fxglassets/ui/fonts/lucida_console.ttf
09:24:44.045 [FXGL Background Thread 4 ] DEBUG FXGLAssetLoaderServi - Loading from file system: jar:file:/C:/Users/roan2/.m2/repository/com/github/almasb/fxgl/11.14/fxgl-11.14.jar!/fxglassets/ui/fonts/Courier-Prime.ttf
09:24:44.063 [JavaFX Application Thread] DEBUG FXGLApplication      - Registering font factories with UI factory
09:24:44.110 [FXGL Background Thread 1 ] INFO  FXGLApplication      - Game initialization took: 0.088 sec
09:24:44.111 [JavaFX Application Thread] DEBUG Input                - Clearing active input actions
09:24:44.137 [JavaFX Application Thread] DEBUG GameApplicationServi - Removing overlay from FXGLLoadingScene and adding to GameScene
09:24:44.137 [JavaFX Application Thread] DEBUG PrimaryStageWindow   - FXGLLoadingScene -> GameScene
09:24:44.319 [FXGL Background Thread 2 ] INFO  UpdaterService       - Your current version:  11.14
09:24:44.319 [FXGL Background Thread 2 ] INFO  UpdaterService       - Latest stable version: 17.1
09:24:46.947 [FXGL Background Thread 3 ] DEBUG Engine               - Logging environment variables
09:24:46.948 [FXGL Background Thread 3 ] DEBUG Engine               - achievements: []
09:24:46.948 [FXGL Background Thread 3 ] DEBUG Engine               - actualHeight: 823.0
09:24:46.948 [FXGL Background Thread 3 ] DEBUG Engine               - actualHeightProperty: ReadOnlyDoubleProperty [value: 823.0]
09:24:46.948 [FXGL Background Thread 3 ] DEBUG Engine               - actualWidth: 925.0
09:24:46.949 [FXGL Background Thread 3 ] DEBUG Engine               - actualWidthProperty: ReadOnlyDoubleProperty [value: 925.0]
09:24:46.949 [FXGL Background Thread 3 ] DEBUG Engine               - appIcon: fxgl_icon.png
09:24:46.949 [FXGL Background Thread 3 ] DEBUG Engine               - applicationMode: DEVELOPER
09:24:46.949 [FXGL Background Thread 3 ] DEBUG Engine               - cSSList: [fxgl_dark.css]
09:24:46.950 [FXGL Background Thread 3 ] DEBUG Engine               - collisionDetectionStrategy: BRUTE_FORCE
09:24:46.950 [FXGL Background Thread 3 ] DEBUG Engine               - configClass: Optional.empty
09:24:46.950 [FXGL Background Thread 3 ] DEBUG Engine               - credits: []
09:24:46.951 [FXGL Background Thread 3 ] DEBUG Engine               - devBBoxColorProperty: ObjectProperty [value: 0xff0000ff]
09:24:46.951 [FXGL Background Thread 3 ] DEBUG Engine               - devEnableDebugCameraProperty: BooleanProperty [value: false]
09:24:46.951 [FXGL Background Thread 3 ] DEBUG Engine               - devSensorColorProperty: ObjectProperty [value: 0xffff00ff]
09:24:46.952 [FXGL Background Thread 3 ] DEBUG Engine               - devShowBBoxProperty: BooleanProperty [value: false]
09:24:46.952 [FXGL Background Thread 3 ] DEBUG Engine               - devShowPositionProperty: BooleanProperty [value: false]
09:24:46.952 [FXGL Background Thread 3 ] DEBUG Engine               - enabledMenuItems: []
09:24:46.952 [FXGL Background Thread 3 ] DEBUG Engine               - engineServices: [class com.almasb.fxgl.app.services.FXGLAssetLoaderService, class com.almasb.fxgl.app.FXGLApplication$GameApplicationService, class com.almasb.fxgl.app.services.FXGLDialogService, class com.almasb.fxgl.app.services.IOTaskExecutorService, class com.almasb.fxgl.event.EventBusService, class com.almasb.fxgl.io.FileSystemService, class com.almasb.fxgl.localization.LocalizationService, class com.almasb.fxgl.app.services.SystemBundleService, class com.almasb.fxgl.profile.SaveLoadService, class com.almasb.fxgl.ui.FXGLUIFactoryServiceProvider, class com.almasb.fxgl.ui.FXGLDialogFactoryServiceProvider, class com.almasb.fxgl.audio.AudioPlayer, class com.almasb.fxgl.notification.impl.NotificationServiceProvider, class com.almasb.fxgl.achievement.AchievementService, class com.almasb.fxgl.cutscene.CutsceneService, class com.almasb.fxgl.minigames.MiniGameService, class com.almasb.fxgl.net.NetService, class com.almasb.fxgl.app.services.UpdaterService, class com.almasb.fxgl.dev.DevService]
09:24:46.953 [FXGL Background Thread 3 ] DEBUG Engine               - fontGame: Abel-Regular.ttf
09:24:46.953 [FXGL Background Thread 3 ] DEBUG Engine               - fontMono: lucida_console.ttf
09:24:46.953 [FXGL Background Thread 3 ] DEBUG Engine               - fontText: Courier-Prime.ttf
09:24:46.953 [FXGL Background Thread 3 ] DEBUG Engine               - fontUI: VarelaRound-Regular.ttf
09:24:46.953 [FXGL Background Thread 3 ] DEBUG Engine               - fullScreen: BooleanProperty [value: false]
09:24:46.954 [FXGL Background Thread 3 ] DEBUG Engine               - gameDifficulty: MEDIUM
09:24:46.955 [FXGL Background Thread 3 ] DEBUG Engine               - gameDifficultyProperty: ObjectProperty [value: MEDIUM]
09:24:46.955 [FXGL Background Thread 3 ] DEBUG Engine               - globalMusicVolume: 0.5
09:24:46.955 [FXGL Background Thread 3 ] DEBUG Engine               - globalMusicVolumeProperty: DoubleProperty [value: 0.5]
09:24:46.955 [FXGL Background Thread 3 ] DEBUG Engine               - globalSoundVolume: 0.5
09:24:46.956 [FXGL Background Thread 3 ] DEBUG Engine               - globalSoundVolumeProperty: DoubleProperty [value: 0.5]
09:24:46.956 [FXGL Background Thread 3 ] DEBUG Engine               - height: 832
09:24:46.956 [FXGL Background Thread 3 ] DEBUG Engine               - isAndroid: false
09:24:46.956 [FXGL Background Thread 3 ] DEBUG Engine               - isBrowser: false
09:24:46.957 [FXGL Background Thread 3 ] DEBUG Engine               - isClickFeedbackEnabled: false
09:24:46.957 [FXGL Background Thread 3 ] DEBUG Engine               - isCloseConfirmation: false
09:24:46.957 [FXGL Background Thread 3 ] DEBUG Engine               - isDesktop: true
09:24:46.957 [FXGL Background Thread 3 ] DEBUG Engine               - isDeveloperMenuEnabled: false
09:24:46.957 [FXGL Background Thread 3 ] DEBUG Engine               - isEntityPreloadEnabled: true
09:24:46.958 [FXGL Background Thread 3 ] DEBUG Engine               - isExperimental3D: false
09:24:46.958 [FXGL Background Thread 3 ] DEBUG Engine               - isExperimentalNative: false
09:24:46.958 [FXGL Background Thread 3 ] DEBUG Engine               - isExperimentalTiledLargeMap: false
09:24:46.959 [FXGL Background Thread 3 ] DEBUG Engine               - isFileSystemWriteAllowed: true
09:24:46.959 [FXGL Background Thread 3 ] DEBUG Engine               - isFullScreenAllowed: false
09:24:46.959 [FXGL Background Thread 3 ] DEBUG Engine               - isFullScreenFromStart: false
09:24:46.959 [FXGL Background Thread 3 ] DEBUG Engine               - isGameMenuEnabled: true
09:24:46.959 [FXGL Background Thread 3 ] DEBUG Engine               - isIOS: false
09:24:46.960 [FXGL Background Thread 3 ] DEBUG Engine               - isIntroEnabled: false
09:24:46.960 [FXGL Background Thread 3 ] DEBUG Engine               - isLinux: false
09:24:46.960 [FXGL Background Thread 3 ] DEBUG Engine               - isMac: false
09:24:46.960 [FXGL Background Thread 3 ] DEBUG Engine               - isMainMenuEnabled: false
09:24:46.960 [FXGL Background Thread 3 ] DEBUG Engine               - isManualResizeEnabled: false
09:24:46.961 [FXGL Background Thread 3 ] DEBUG Engine               - isMobile: false
09:24:46.961 [FXGL Background Thread 3 ] DEBUG Engine               - isPreserveResizeRatio: false
09:24:46.961 [FXGL Background Thread 3 ] DEBUG Engine               - isProfilingEnabled: false
09:24:46.961 [FXGL Background Thread 3 ] DEBUG Engine               - isScaleAffectedOnResize: true
09:24:46.962 [FXGL Background Thread 3 ] DEBUG Engine               - isSingleStep: false
09:24:46.962 [FXGL Background Thread 3 ] DEBUG Engine               - isUserProfileEnabled: false
09:24:46.962 [FXGL Background Thread 3 ] DEBUG Engine               - isWindows: true
09:24:46.963 [FXGL Background Thread 3 ] DEBUG Engine               - language: ObjectProperty [value: ENGLISH]
09:24:46.963 [FXGL Background Thread 3 ] DEBUG Engine               - menuKey: ESCAPE
09:24:46.963 [FXGL Background Thread 3 ] DEBUG Engine               - notificationViewClass: class com.almasb.fxgl.notification.view.XboxNotificationView
09:24:46.963 [FXGL Background Thread 3 ] DEBUG Engine               - pixelsPerMeter: 50.0
09:24:46.963 [FXGL Background Thread 3 ] DEBUG Engine               - platform: WINDOWS
09:24:46.964 [FXGL Background Thread 3 ] DEBUG Engine               - prefHeightProperty: ReadOnlyDoubleProperty [value: 832.0]
09:24:46.964 [FXGL Background Thread 3 ] DEBUG Engine               - prefWidthProperty: ReadOnlyDoubleProperty [value: 960.0]
09:24:46.964 [FXGL Background Thread 3 ] DEBUG Engine               - profileDir: profiles/
09:24:46.964 [FXGL Background Thread 3 ] DEBUG Engine               - profileName: StringProperty [value: DEFAULT]
09:24:46.965 [FXGL Background Thread 3 ] DEBUG Engine               - randomSeed: -1
09:24:46.965 [FXGL Background Thread 3 ] DEBUG Engine               - runtimeInfo: RuntimeInfo(platform=WINDOWS, version=11.14, build=01.03.2021 16.59)
09:24:46.965 [FXGL Background Thread 3 ] DEBUG Engine               - saveFileExt: sav
09:24:46.965 [FXGL Background Thread 3 ] DEBUG Engine               - scaledHeightProp$fxgl: DoubleProperty [bound, value: 823.0]
09:24:46.966 [FXGL Background Thread 3 ] DEBUG Engine               - scaledWidthProp$fxgl: DoubleProperty [bound, value: 925.0]
09:24:46.966 [FXGL Background Thread 3 ] DEBUG Engine               - sceneFactory: com.almasb.fxgl.app.scene.SceneFactory@4359d5ea
09:24:46.967 [FXGL Background Thread 3 ] DEBUG Engine               - secondsIn24h: 60
09:24:46.967 [FXGL Background Thread 3 ] DEBUG Engine               - soundMenuBack: menu/back.wav
09:24:46.967 [FXGL Background Thread 3 ] DEBUG Engine               - soundMenuPress: menu/press.wav
09:24:46.967 [FXGL Background Thread 3 ] DEBUG Engine               - soundMenuSelect: menu/select.wav
09:24:46.967 [FXGL Background Thread 3 ] DEBUG Engine               - soundNotification: core/notification.wav
09:24:46.968 [FXGL Background Thread 3 ] DEBUG Engine               - stageStyle: DECORATED
09:24:46.968 [FXGL Background Thread 3 ] DEBUG Engine               - supportedLanguages: [ENGLISH, FRENCH, GERMAN, HUNGARIAN, RUSSIAN]
09:24:46.968 [FXGL Background Thread 3 ] DEBUG Engine               - ticksPerSecond: -1
09:24:46.968 [FXGL Background Thread 3 ] DEBUG Engine               - title: Bomberman SE
09:24:46.969 [FXGL Background Thread 3 ] DEBUG Engine               - urlGithub: https://github.com/AlmasB/FXGL
09:24:46.969 [FXGL Background Thread 3 ] DEBUG Engine               - urlLeaderboard: http://fxgl-top.herokuapp.com/
09:24:46.969 [FXGL Background Thread 3 ] DEBUG Engine               - urlPOM: https://raw.githubusercontent.com/AlmasB/FXGL/release/README.md
09:24:46.969 [FXGL Background Thread 3 ] DEBUG Engine               - userAppClass: class Game
09:24:46.970 [FXGL Background Thread 3 ] DEBUG Engine               - version: 1.0
09:24:46.970 [FXGL Background Thread 3 ] DEBUG Engine               - versionCheckDays: 7
09:24:46.970 [FXGL Background Thread 3 ] DEBUG Engine               - width: 960
09:24:46.970 [FXGL Background Thread 3 ] DEBUG Engine               - Logging services
09:24:46.970 [FXGL Background Thread 3 ] DEBUG Engine               - class com.almasb.fxgl.app.services.FXGLAssetLoaderService
09:24:46.970 [FXGL Background Thread 3 ] DEBUG Engine               - class com.almasb.fxgl.app.FXGLApplication$GameApplicationService
09:24:46.970 [FXGL Background Thread 3 ] DEBUG Engine               - class com.almasb.fxgl.app.services.FXGLDialogService
09:24:46.972 [FXGL Background Thread 3 ] DEBUG Engine               - class com.almasb.fxgl.app.services.IOTaskExecutorService
09:24:46.972 [FXGL Background Thread 3 ] DEBUG Engine               - class com.almasb.fxgl.event.EventBusService
09:24:46.972 [FXGL Background Thread 3 ] DEBUG Engine               - class com.almasb.fxgl.io.FileSystemService
09:24:46.972 [FXGL Background Thread 3 ] DEBUG Engine               - class com.almasb.fxgl.localization.LocalizationService
09:24:46.972 [FXGL Background Thread 3 ] DEBUG Engine               - class com.almasb.fxgl.app.services.SystemBundleService
09:24:46.972 [FXGL Background Thread 3 ] DEBUG Engine               - class com.almasb.fxgl.profile.SaveLoadService
09:24:46.972 [FXGL Background Thread 3 ] DEBUG Engine               - class com.almasb.fxgl.ui.FXGLUIFactoryServiceProvider
09:24:46.972 [FXGL Background Thread 3 ] DEBUG Engine               - class com.almasb.fxgl.ui.FXGLDialogFactoryServiceProvider
09:24:46.972 [FXGL Background Thread 3 ] DEBUG Engine               - class com.almasb.fxgl.audio.AudioPlayer
09:24:46.973 [FXGL Background Thread 3 ] DEBUG Engine               - class com.almasb.fxgl.notification.impl.NotificationServiceProvider
09:24:46.973 [FXGL Background Thread 3 ] DEBUG Engine               - class com.almasb.fxgl.achievement.AchievementService
09:24:46.973 [FXGL Background Thread 3 ] DEBUG Engine               - class com.almasb.fxgl.cutscene.CutsceneService
09:24:46.974 [FXGL Background Thread 3 ] DEBUG Engine               - class com.almasb.fxgl.minigames.MiniGameService
09:24:46.974 [FXGL Background Thread 3 ] DEBUG Engine               - class com.almasb.fxgl.net.NetService
09:24:46.974 [FXGL Background Thread 3 ] DEBUG Engine               - class com.almasb.fxgl.app.services.UpdaterService
09:24:46.974 [FXGL Background Thread 3 ] DEBUG Engine               - class com.almasb.fxgl.dev.DevService
09:25:00.472 [JavaFX Application Thread] DEBUG FXGLApplication      - Exiting FXGL
09:25:00.472 [JavaFX Application Thread] DEBUG LoopRunner           - Stopping loop
09:25:00.472 [JavaFX Application Thread] DEBUG SystemBundleService  - Saving FXGL system data
09:25:00.474 [JavaFX Application Thread] DEBUG FileSystemAccess     - Writing to: C:\Users\roan2\Documents\SE-Challengeweek\system\fxgl.bundle
09:25:00.476 [JavaFX Application Thread] DEBUG Async                - Shutting down background threads
09:25:00.476 [JavaFX Application Thread] DEBUG PrimaryStageWindow   - Closing main window
09:25:00.490 [JavaFX Application Thread] DEBUG Logger               - Closing Logger
