12:15:51.699 [main                     ] DEBUG Logger               - Configured Logger
12:15:51.704 [main                     ] DEBUG GameApplication      - Logging settings
Title: Bomberman SE
Version: 1.0
Width: 960
Height: 832
Fullscreen: false
Intro: false
Profiling: false
Single step:false
App Mode: DEVELOPER
Menu Key: ESCAPE
Stage Style: DECORATED
Scene Factory: class UI.MySceneFactory

12:15:52.060 [JavaFX Application Thread] DEBUG FXGLApplication      - Initializing FXGL
12:15:52.061 [JavaFX Application Thread] INFO  Engine               - FXGL-11.14 (01.03.2021 16.59) on WINDOWS (J:15.0.2 FX:15)
12:15:52.062 [JavaFX Application Thread] DEBUG Engine               - JRE Vendor Name: Amazon.com Inc.
12:15:52.062 [JavaFX Application Thread] DEBUG Engine               - Running on OS: Windows 10 version 10.0
12:15:52.062 [JavaFX Application Thread] DEBUG Engine               - Architecture: amd64
12:15:52.062 [JavaFX Application Thread] INFO  Engine               - Source code and latest versions at: https://github.com/AlmasB/FXGL
12:15:52.062 [JavaFX Application Thread] INFO  Engine               -              Join the FXGL chat at: https://gitter.im/AlmasB/FXGL
12:15:52.187 [JavaFX Application Thread] DEBUG PrimaryStageWindow   - Creating a JavaFX scene
12:15:52.187 [JavaFX Application Thread] DEBUG PrimaryStageWindow   - Target size > screen size
12:15:52.240 [JavaFX Application Thread] DEBUG PrimaryStageWindow   - Target settings size: 960.0 x 832.0
12:15:52.240 [JavaFX Application Thread] DEBUG PrimaryStageWindow   - Scaled scene size:    925.0 x 823.0
12:15:52.240 [JavaFX Application Thread] DEBUG PrimaryStageWindow   - Scaled ratio: (0.9635416666666666, 0.9891826923076923)
12:15:52.241 [JavaFX Application Thread] DEBUG PrimaryStageWindow   - Set initial scene to FXGLStartupScene
12:15:52.249 [JavaFX Application Thread] DEBUG PrimaryStageWindow   - Opening main window
12:15:52.353 [JavaFX Application Thread] DEBUG PrimaryStageWindow   - Window border size: (15.0, 37.79998779296875)
12:15:52.353 [JavaFX Application Thread] DEBUG PrimaryStageWindow   - Scaled size: 925.0 x 823.0
12:15:52.353 [JavaFX Application Thread] DEBUG PrimaryStageWindow   - Scaled ratio: (0.9635416666666666, 0.9891826923076923)
12:15:52.353 [JavaFX Application Thread] DEBUG PrimaryStageWindow   - Scene size: 925.0 x 823.0
12:15:52.354 [JavaFX Application Thread] DEBUG PrimaryStageWindow   - Stage size: 940.0 x 860.7999877929688
12:15:52.362 [FXGL Background Thread 1 ] DEBUG Engine               - Initializing environment variables
12:15:52.399 [FXGL Background Thread 1 ] DEBUG FXGLAssetLoaderServi - User app class for loading assets: class Game
12:15:52.399 [FXGL Background Thread 1 ] DEBUG GameApplicationServi - Applying CSS: fxgl_dark.css
12:15:52.401 [FXGL Background Thread 1 ] DEBUG FXGLAssetLoaderServi - Loading from file system: jar:file:/C:/Users/roan2/.m2/repository/com/github/almasb/fxgl/11.14/fxgl-11.14.jar!/fxglassets/ui/css/fxgl_dark.css
12:15:52.452 [FXGL Background Thread 1 ] DEBUG GameApplicationServi - Initializing application scenes
12:15:52.488 [FXGL Background Thread 1 ] DEBUG GameWorld            - Game world initialized
12:15:52.548 [FXGL Background Thread 1 ] DEBUG PhysicsWorld         - Physics world initialized: appHeight=832, physics.ppm=50.0
12:15:52.549 [FXGL Background Thread 1 ] DEBUG PhysicsWorld         - Using strategy: BRUTE_FORCE
12:15:52.551 [FXGL Background Thread 1 ] DEBUG GameScene            - Game scene initialized: 960x832
12:15:52.596 [FXGL Background Thread 1 ] DEBUG FXGLAssetLoaderServi - Loading from file system: jar:file:/C:/Users/roan2/.m2/repository/com/github/almasb/fxgl/11.14/fxgl-11.14.jar!/fxglassets/textures/particles/trace_horizontal.png
12:15:52.661 [FXGL Background Thread 1 ] DEBUG FXGL.DefaultMenu     - createMenuBodyGameMenu()
12:15:52.673 [FXGL Background Thread 1 ] DEBUG FXGL.DefaultMenu     - createOptionsMenu()
12:15:52.679 [FXGL Background Thread 1 ] DEBUG FXGLAssetLoaderServi - Loading from file system: jar:file:/C:/Users/roan2/.m2/repository/com/github/almasb/fxgl/11.14/fxgl-11.14.jar!/fxglassets/textures/particles/smoke.png
12:15:52.742 [FXGL Background Thread 1 ] DEBUG GameApplicationServi - Application scenes initialized
12:15:52.757 [FXGL Background Thread 1 ] DEBUG SystemBundleService  - Loading FXGL system data
12:15:52.761 [FXGL Background Thread 1 ] DEBUG FileSystemAccess     - Reading from: C:\Users\roan2\Documents\SE-Challengeweek\system\fxgl.bundle
12:15:52.769 [FXGL Background Thread 1 ] DEBUG SystemBundleService  - Bundle FXGL: {}
12:15:52.769 [FXGL Background Thread 1 ] DEBUG UpdaterService       - Checking for updates
12:15:52.777 [FXGL Background Thread 4 ] DEBUG FXGLApplication      - Loading fonts
12:15:52.778 [FXGL Background Thread 1 ] DEBUG FXGLApplication      - Loading default localization
12:15:52.778 [FXGL Background Thread 4 ] DEBUG FXGLAssetLoaderServi - Loading from file system: jar:file:/C:/Users/roan2/.m2/repository/com/github/almasb/fxgl/11.14/fxgl-11.14.jar!/fxglassets/ui/fonts/VarelaRound-Regular.ttf
12:15:52.778 [FXGL Background Thread 1 ] DEBUG FXGLAssetLoaderServi - Loading from file system: jar:file:/C:/Users/roan2/.m2/repository/com/github/almasb/fxgl/11.14/fxgl-11.14.jar!/fxglassets/languages/english.lang
12:15:52.799 [FXGL Background Thread 1 ] INFO  FXGLApplication      - FXGL initialization took: 0.436 sec
12:15:52.806 [JavaFX Application Thread] DEBUG FXGLAssetLoaderServi - Loading from file system: file:/C:/Users/roan2/Documents/SE-Challengeweek/target/classes/assets/textures/sprite.png
12:15:52.841 [JavaFX Application Thread] DEBUG Input                - Registered new binding: action0 - W
12:15:52.841 [JavaFX Application Thread] DEBUG Input                - Registered new binding: action1 - S
12:15:52.842 [JavaFX Application Thread] DEBUG Input                - Registered new binding: action2 - A
12:15:52.842 [JavaFX Application Thread] DEBUG Input                - Registered new binding: action3 - D
12:15:52.843 [JavaFX Application Thread] DEBUG FXGLAssetLoaderServi - Loading from file system: jar:file:/C:/Users/roan2/.m2/repository/com/github/almasb/fxgl/11.14/fxgl-11.14.jar!/fxglassets/textures/fxgl_icon.png
12:15:52.866 [JavaFX Application Thread] DEBUG FXGLAssetLoaderServi - Loading from file system: jar:file:/C:/Users/roan2/.m2/repository/com/github/almasb/fxgl/11.14/fxgl-11.14.jar!/fxglassets/ui/cursors/fxgl_default.png
12:15:52.868 [JavaFX Application Thread] DEBUG Input                - Registered new binding: Screenshot - P
12:15:52.869 [JavaFX Application Thread] DEBUG Input                - Registered new binding: System info dump - CTRL+9
12:15:52.870 [JavaFX Application Thread] DEBUG Input                - Registered new binding: Restart - CTRL+R
12:15:52.871 [JavaFX Application Thread] DEBUG Input                - Registered new binding: Toggle Debug Camera - CTRL+C
12:15:52.873 [JavaFX Application Thread] DEBUG LoopRunner           - Starting loop
12:15:52.874 [JavaFX Application Thread] DEBUG LoopRunner           - Initializing JavaFX AnimationTimerLoop
12:15:52.877 [JavaFX Application Thread] DEBUG Input                - Clearing active input actions
12:15:52.878 [FXGL Background Thread 4 ] DEBUG FXGLAssetLoaderServi - Loading from file system: jar:file:/C:/Users/roan2/.m2/repository/com/github/almasb/fxgl/11.14/fxgl-11.14.jar!/fxglassets/ui/fonts/Abel-Regular.ttf
12:15:52.882 [FXGL Background Thread 4 ] DEBUG FXGLAssetLoaderServi - Loading from file system: jar:file:/C:/Users/roan2/.m2/repository/com/github/almasb/fxgl/11.14/fxgl-11.14.jar!/fxglassets/ui/fonts/lucida_console.ttf
12:15:52.886 [JavaFX Application Thread] DEBUG GameApplicationServi - Removing overlay from FXGLStartupScene and adding to FXGLMainMenuDummyScene
12:15:52.887 [JavaFX Application Thread] DEBUG PrimaryStageWindow   - FXGLStartupScene -> FXGLMainMenuDummyScene
12:15:52.887 [JavaFX Application Thread] DEBUG PrimaryStageWindow   - Push state: MyMenu
12:15:52.888 [JavaFX Application Thread] DEBUG Input                - Clearing active input actions
12:15:52.888 [FXGL Background Thread 4 ] DEBUG FXGLAssetLoaderServi - Loading from file system: jar:file:/C:/Users/roan2/.m2/repository/com/github/almasb/fxgl/11.14/fxgl-11.14.jar!/fxglassets/ui/fonts/Courier-Prime.ttf
12:15:52.895 [JavaFX Application Thread] DEBUG GameApplicationServi - Removing overlay from FXGLMainMenuDummyScene and adding to MyMenu
12:15:52.895 [JavaFX Application Thread] DEBUG PrimaryStageWindow   - FXGLMainMenuDummyScene -> MyMenu
12:15:52.950 [JavaFX Application Thread] DEBUG FXGLApplication      - Registering font factories with UI factory
12:15:53.138 [FXGL Background Thread 2 ] INFO  UpdaterService       - Your current version:  11.14
12:15:53.138 [FXGL Background Thread 2 ] INFO  UpdaterService       - Latest stable version: 17.1
12:15:55.774 [FXGL Background Thread 3 ] DEBUG Engine               - Logging environment variables
12:15:55.775 [FXGL Background Thread 3 ] DEBUG Engine               - achievements: []
12:15:55.776 [FXGL Background Thread 3 ] DEBUG Engine               - actualHeight: 823.0
12:15:55.777 [FXGL Background Thread 3 ] DEBUG Engine               - actualHeightProperty: ReadOnlyDoubleProperty [value: 823.0]
12:15:55.777 [FXGL Background Thread 3 ] DEBUG Engine               - actualWidth: 925.0
12:15:55.778 [FXGL Background Thread 3 ] DEBUG Engine               - actualWidthProperty: ReadOnlyDoubleProperty [value: 925.0]
12:15:55.778 [FXGL Background Thread 3 ] DEBUG Engine               - appIcon: fxgl_icon.png
12:15:55.779 [FXGL Background Thread 3 ] DEBUG Engine               - applicationMode: DEVELOPER
12:15:55.779 [FXGL Background Thread 3 ] DEBUG Engine               - cSSList: [fxgl_dark.css]
12:15:55.780 [FXGL Background Thread 3 ] DEBUG Engine               - collisionDetectionStrategy: BRUTE_FORCE
12:15:55.780 [FXGL Background Thread 3 ] DEBUG Engine               - configClass: Optional.empty
12:15:55.780 [FXGL Background Thread 3 ] DEBUG Engine               - credits: []
12:15:55.781 [FXGL Background Thread 3 ] DEBUG Engine               - devBBoxColorProperty: ObjectProperty [value: 0xff0000ff]
12:15:55.782 [FXGL Background Thread 3 ] DEBUG Engine               - devEnableDebugCameraProperty: BooleanProperty [value: false]
12:15:55.783 [FXGL Background Thread 3 ] DEBUG Engine               - devSensorColorProperty: ObjectProperty [value: 0xffff00ff]
12:15:55.783 [FXGL Background Thread 3 ] DEBUG Engine               - devShowBBoxProperty: BooleanProperty [value: false]
12:15:55.784 [FXGL Background Thread 3 ] DEBUG Engine               - devShowPositionProperty: BooleanProperty [value: false]
12:15:55.784 [FXGL Background Thread 3 ] DEBUG Engine               - enabledMenuItems: []
12:15:55.785 [FXGL Background Thread 3 ] DEBUG Engine               - engineServices: [class com.almasb.fxgl.app.services.FXGLAssetLoaderService, class com.almasb.fxgl.app.FXGLApplication$GameApplicationService, class com.almasb.fxgl.app.services.FXGLDialogService, class com.almasb.fxgl.app.services.IOTaskExecutorService, class com.almasb.fxgl.event.EventBusService, class com.almasb.fxgl.io.FileSystemService, class com.almasb.fxgl.localization.LocalizationService, class com.almasb.fxgl.app.services.SystemBundleService, class com.almasb.fxgl.profile.SaveLoadService, class com.almasb.fxgl.ui.FXGLUIFactoryServiceProvider, class com.almasb.fxgl.ui.FXGLDialogFactoryServiceProvider, class com.almasb.fxgl.audio.AudioPlayer, class com.almasb.fxgl.notification.impl.NotificationServiceProvider, class com.almasb.fxgl.achievement.AchievementService, class com.almasb.fxgl.cutscene.CutsceneService, class com.almasb.fxgl.minigames.MiniGameService, class com.almasb.fxgl.net.NetService, class com.almasb.fxgl.app.services.UpdaterService, class com.almasb.fxgl.dev.DevService]
12:15:55.785 [FXGL Background Thread 3 ] DEBUG Engine               - fontGame: Abel-Regular.ttf
12:15:55.786 [FXGL Background Thread 3 ] DEBUG Engine               - fontMono: lucida_console.ttf
12:15:55.786 [FXGL Background Thread 3 ] DEBUG Engine               - fontText: Courier-Prime.ttf
12:15:55.786 [FXGL Background Thread 3 ] DEBUG Engine               - fontUI: VarelaRound-Regular.ttf
12:15:55.787 [FXGL Background Thread 3 ] DEBUG Engine               - fullScreen: BooleanProperty [value: false]
12:15:55.787 [FXGL Background Thread 3 ] DEBUG Engine               - gameDifficulty: MEDIUM
12:15:55.788 [FXGL Background Thread 3 ] DEBUG Engine               - gameDifficultyProperty: ObjectProperty [value: MEDIUM]
12:15:55.788 [FXGL Background Thread 3 ] DEBUG Engine               - globalMusicVolume: 0.5
12:15:55.789 [FXGL Background Thread 3 ] DEBUG Engine               - globalMusicVolumeProperty: DoubleProperty [value: 0.5]
12:15:55.789 [FXGL Background Thread 3 ] DEBUG Engine               - globalSoundVolume: 0.5
12:15:55.790 [FXGL Background Thread 3 ] DEBUG Engine               - globalSoundVolumeProperty: DoubleProperty [value: 0.5]
12:15:55.791 [FXGL Background Thread 3 ] DEBUG Engine               - height: 832
12:15:55.791 [FXGL Background Thread 3 ] DEBUG Engine               - isAndroid: false
12:15:55.792 [FXGL Background Thread 3 ] DEBUG Engine               - isBrowser: false
12:15:55.792 [FXGL Background Thread 3 ] DEBUG Engine               - isClickFeedbackEnabled: false
12:15:55.793 [FXGL Background Thread 3 ] DEBUG Engine               - isCloseConfirmation: false
12:15:55.793 [FXGL Background Thread 3 ] DEBUG Engine               - isDesktop: true
12:15:55.793 [FXGL Background Thread 3 ] DEBUG Engine               - isDeveloperMenuEnabled: false
12:15:55.794 [FXGL Background Thread 3 ] DEBUG Engine               - isEntityPreloadEnabled: true
12:15:55.794 [FXGL Background Thread 3 ] DEBUG Engine               - isExperimental3D: false
12:15:55.795 [FXGL Background Thread 3 ] DEBUG Engine               - isExperimentalNative: false
12:15:55.795 [FXGL Background Thread 3 ] DEBUG Engine               - isExperimentalTiledLargeMap: false
12:15:55.795 [FXGL Background Thread 3 ] DEBUG Engine               - isFileSystemWriteAllowed: true
12:15:55.796 [FXGL Background Thread 3 ] DEBUG Engine               - isFullScreenAllowed: false
12:15:55.796 [FXGL Background Thread 3 ] DEBUG Engine               - isFullScreenFromStart: false
12:15:55.796 [FXGL Background Thread 3 ] DEBUG Engine               - isGameMenuEnabled: true
12:15:55.797 [FXGL Background Thread 3 ] DEBUG Engine               - isIOS: false
12:15:55.798 [FXGL Background Thread 3 ] DEBUG Engine               - isIntroEnabled: false
12:15:55.798 [FXGL Background Thread 3 ] DEBUG Engine               - isLinux: false
12:15:55.799 [FXGL Background Thread 3 ] DEBUG Engine               - isMac: false
12:15:55.799 [FXGL Background Thread 3 ] DEBUG Engine               - isMainMenuEnabled: true
12:15:55.799 [FXGL Background Thread 3 ] DEBUG Engine               - isManualResizeEnabled: false
12:15:55.800 [FXGL Background Thread 3 ] DEBUG Engine               - isMobile: false
12:15:55.800 [FXGL Background Thread 3 ] DEBUG Engine               - isPreserveResizeRatio: false
12:15:55.800 [FXGL Background Thread 3 ] DEBUG Engine               - isProfilingEnabled: false
12:15:55.801 [FXGL Background Thread 3 ] DEBUG Engine               - isScaleAffectedOnResize: true
12:15:55.801 [FXGL Background Thread 3 ] DEBUG Engine               - isSingleStep: false
12:15:55.801 [FXGL Background Thread 3 ] DEBUG Engine               - isUserProfileEnabled: false
12:15:55.802 [FXGL Background Thread 3 ] DEBUG Engine               - isWindows: true
12:15:55.802 [FXGL Background Thread 3 ] DEBUG Engine               - language: ObjectProperty [value: ENGLISH]
12:15:55.803 [FXGL Background Thread 3 ] DEBUG Engine               - menuKey: ESCAPE
12:15:55.803 [FXGL Background Thread 3 ] DEBUG Engine               - notificationViewClass: class com.almasb.fxgl.notification.view.XboxNotificationView
12:15:55.803 [FXGL Background Thread 3 ] DEBUG Engine               - pixelsPerMeter: 50.0
12:15:55.804 [FXGL Background Thread 3 ] DEBUG Engine               - platform: WINDOWS
12:15:55.804 [FXGL Background Thread 3 ] DEBUG Engine               - prefHeightProperty: ReadOnlyDoubleProperty [value: 832.0]
12:15:55.805 [FXGL Background Thread 3 ] DEBUG Engine               - prefWidthProperty: ReadOnlyDoubleProperty [value: 960.0]
12:15:55.805 [FXGL Background Thread 3 ] DEBUG Engine               - profileDir: profiles/
12:15:55.805 [FXGL Background Thread 3 ] DEBUG Engine               - profileName: StringProperty [value: DEFAULT]
12:15:55.806 [FXGL Background Thread 3 ] DEBUG Engine               - randomSeed: -1
12:15:55.806 [FXGL Background Thread 3 ] DEBUG Engine               - runtimeInfo: RuntimeInfo(platform=WINDOWS, version=11.14, build=01.03.2021 16.59)
12:15:55.806 [FXGL Background Thread 3 ] DEBUG Engine               - saveFileExt: sav
12:15:55.807 [FXGL Background Thread 3 ] DEBUG Engine               - scaledHeightProp$fxgl: DoubleProperty [bound, value: 823.0]
12:15:55.807 [FXGL Background Thread 3 ] DEBUG Engine               - scaledWidthProp$fxgl: DoubleProperty [bound, value: 925.0]
12:15:55.807 [FXGL Background Thread 3 ] DEBUG Engine               - sceneFactory: UI.MySceneFactory@48cf992d
12:15:55.808 [FXGL Background Thread 3 ] DEBUG Engine               - secondsIn24h: 60
12:15:55.808 [FXGL Background Thread 3 ] DEBUG Engine               - soundMenuBack: menu/back.wav
12:15:55.808 [FXGL Background Thread 3 ] DEBUG Engine               - soundMenuPress: menu/press.wav
12:15:55.809 [FXGL Background Thread 3 ] DEBUG Engine               - soundMenuSelect: menu/select.wav
12:15:55.809 [FXGL Background Thread 3 ] DEBUG Engine               - soundNotification: core/notification.wav
12:15:55.810 [FXGL Background Thread 3 ] DEBUG Engine               - stageStyle: DECORATED
12:15:55.810 [FXGL Background Thread 3 ] DEBUG Engine               - supportedLanguages: [ENGLISH, FRENCH, GERMAN, HUNGARIAN, RUSSIAN]
12:15:55.810 [FXGL Background Thread 3 ] DEBUG Engine               - ticksPerSecond: -1
12:15:55.811 [FXGL Background Thread 3 ] DEBUG Engine               - title: Bomberman SE
12:15:55.811 [FXGL Background Thread 3 ] DEBUG Engine               - urlGithub: https://github.com/AlmasB/FXGL
12:15:55.811 [FXGL Background Thread 3 ] DEBUG Engine               - urlLeaderboard: http://fxgl-top.herokuapp.com/
12:15:55.812 [FXGL Background Thread 3 ] DEBUG Engine               - urlPOM: https://raw.githubusercontent.com/AlmasB/FXGL/release/README.md
12:15:55.812 [FXGL Background Thread 3 ] DEBUG Engine               - userAppClass: class Game
12:15:55.812 [FXGL Background Thread 3 ] DEBUG Engine               - version: 1.0
12:15:55.812 [FXGL Background Thread 3 ] DEBUG Engine               - versionCheckDays: 7
12:15:55.813 [FXGL Background Thread 3 ] DEBUG Engine               - width: 960
12:15:55.813 [FXGL Background Thread 3 ] DEBUG Engine               - Logging services
12:15:55.813 [FXGL Background Thread 3 ] DEBUG Engine               - class com.almasb.fxgl.app.services.FXGLAssetLoaderService
12:15:55.814 [FXGL Background Thread 3 ] DEBUG Engine               - class com.almasb.fxgl.app.FXGLApplication$GameApplicationService
12:15:55.814 [FXGL Background Thread 3 ] DEBUG Engine               - class com.almasb.fxgl.app.services.FXGLDialogService
12:15:55.815 [FXGL Background Thread 3 ] DEBUG Engine               - class com.almasb.fxgl.app.services.IOTaskExecutorService
12:15:55.815 [FXGL Background Thread 3 ] DEBUG Engine               - class com.almasb.fxgl.event.EventBusService
12:15:55.815 [FXGL Background Thread 3 ] DEBUG Engine               - class com.almasb.fxgl.io.FileSystemService
12:15:55.816 [FXGL Background Thread 3 ] DEBUG Engine               - class com.almasb.fxgl.localization.LocalizationService
12:15:55.816 [FXGL Background Thread 3 ] DEBUG Engine               - class com.almasb.fxgl.app.services.SystemBundleService
12:15:55.816 [FXGL Background Thread 3 ] DEBUG Engine               - class com.almasb.fxgl.profile.SaveLoadService
12:15:55.816 [FXGL Background Thread 3 ] DEBUG Engine               - class com.almasb.fxgl.ui.FXGLUIFactoryServiceProvider
12:15:55.817 [FXGL Background Thread 3 ] DEBUG Engine               - class com.almasb.fxgl.ui.FXGLDialogFactoryServiceProvider
12:15:55.817 [FXGL Background Thread 3 ] DEBUG Engine               - class com.almasb.fxgl.audio.AudioPlayer
12:15:55.817 [FXGL Background Thread 3 ] DEBUG Engine               - class com.almasb.fxgl.notification.impl.NotificationServiceProvider
12:15:55.818 [FXGL Background Thread 3 ] DEBUG Engine               - class com.almasb.fxgl.achievement.AchievementService
12:15:55.818 [FXGL Background Thread 3 ] DEBUG Engine               - class com.almasb.fxgl.cutscene.CutsceneService
12:15:55.818 [FXGL Background Thread 3 ] DEBUG Engine               - class com.almasb.fxgl.minigames.MiniGameService
12:15:55.818 [FXGL Background Thread 3 ] DEBUG Engine               - class com.almasb.fxgl.net.NetService
12:15:55.819 [FXGL Background Thread 3 ] DEBUG Engine               - class com.almasb.fxgl.app.services.UpdaterService
12:15:55.819 [FXGL Background Thread 3 ] DEBUG Engine               - class com.almasb.fxgl.dev.DevService
12:16:04.314 [JavaFX Application Thread] DEBUG FXGLApplication      - Exiting FXGL
12:16:04.315 [JavaFX Application Thread] DEBUG LoopRunner           - Stopping loop
12:16:04.315 [JavaFX Application Thread] DEBUG SystemBundleService  - Saving FXGL system data
12:16:04.317 [JavaFX Application Thread] DEBUG FileSystemAccess     - Writing to: C:\Users\roan2\Documents\SE-Challengeweek\system\fxgl.bundle
12:16:04.318 [JavaFX Application Thread] DEBUG Async                - Shutting down background threads
12:16:04.318 [JavaFX Application Thread] DEBUG PrimaryStageWindow   - Closing main window
12:16:04.329 [JavaFX Application Thread] DEBUG Logger               - Closing Logger
