13:23:54.782 [main                     ] DEBUG Logger               - Configured Logger
13:23:54.799 [main                     ] DEBUG GameApplication      - Logging settings
Title: Untitled
Version: 0.0
Width: 1050
Height: 700
Fullscreen: false
Intro: false
Profiling: false
Single step:false
App Mode: DEVELOPER
Menu Key: ESCAPE
Stage Style: DECORATED
Scene Factory: class com.almasb.fxgl.app.scene.SceneFactory

13:23:55.103 [JavaFX Application Thread] DEBUG FXGLApplication      - Initializing FXGL
13:23:55.104 [JavaFX Application Thread] INFO  Engine               - FXGL-11.14 (01.03.2021 16.59) on WINDOWS (J:15.0.2 FX:15)
13:23:55.105 [JavaFX Application Thread] DEBUG Engine               - JRE Vendor Name: Amazon.com Inc.
13:23:55.105 [JavaFX Application Thread] DEBUG Engine               - Running on OS: Windows 10 version 10.0
13:23:55.105 [JavaFX Application Thread] DEBUG Engine               - Architecture: amd64
13:23:55.105 [JavaFX Application Thread] INFO  Engine               - Source code and latest versions at: https://github.com/AlmasB/FXGL
13:23:55.105 [JavaFX Application Thread] INFO  Engine               -              Join the FXGL chat at: https://gitter.im/AlmasB/FXGL
13:23:55.203 [JavaFX Application Thread] DEBUG PrimaryStageWindow   - Creating a JavaFX scene
13:23:55.244 [JavaFX Application Thread] DEBUG PrimaryStageWindow   - Target settings size: 1050.0 x 700.0
13:23:55.244 [JavaFX Application Thread] DEBUG PrimaryStageWindow   - Scaled scene size:    1050.0 x 700.0
13:23:55.245 [JavaFX Application Thread] DEBUG PrimaryStageWindow   - Scaled ratio: (1.0, 1.0)
13:23:55.245 [JavaFX Application Thread] DEBUG PrimaryStageWindow   - Set initial scene to FXGLStartupScene
13:23:55.251 [JavaFX Application Thread] DEBUG PrimaryStageWindow   - Opening main window
13:23:55.320 [JavaFX Application Thread] DEBUG PrimaryStageWindow   - Window border size: (14.800048828125, 37.5999755859375)
13:23:55.320 [JavaFX Application Thread] DEBUG PrimaryStageWindow   - Scaled size: 1050.0 x 700.0
13:23:55.320 [JavaFX Application Thread] DEBUG PrimaryStageWindow   - Scaled ratio: (1.0, 1.0)
13:23:55.321 [JavaFX Application Thread] DEBUG PrimaryStageWindow   - Scene size: 1050.0 x 700.0
13:23:55.321 [JavaFX Application Thread] DEBUG PrimaryStageWindow   - Stage size: 1064.800048828125 x 737.5999755859375
13:23:55.329 [FXGL Background Thread 1 ] DEBUG Engine               - Initializing environment variables
13:23:55.365 [FXGL Background Thread 1 ] DEBUG FXGLAssetLoaderServi - User app class for loading assets: class Game
13:23:55.366 [FXGL Background Thread 1 ] DEBUG GameApplicationServi - Applying CSS: fxgl_dark.css
13:23:55.367 [FXGL Background Thread 1 ] DEBUG FXGLAssetLoaderServi - Loading from file system: jar:file:/C:/Users/stanm/.m2/repository/com/github/almasb/fxgl/11.14/fxgl-11.14.jar!/fxglassets/ui/css/fxgl_dark.css
13:23:55.411 [FXGL Background Thread 1 ] DEBUG GameApplicationServi - Initializing application scenes
13:23:55.444 [FXGL Background Thread 1 ] DEBUG GameWorld            - Game world initialized
13:23:55.490 [FXGL Background Thread 1 ] DEBUG PhysicsWorld         - Physics world initialized: appHeight=700, physics.ppm=50,0
13:23:55.491 [FXGL Background Thread 1 ] DEBUG PhysicsWorld         - Using strategy: BRUTE_FORCE
13:23:55.493 [FXGL Background Thread 1 ] DEBUG GameScene            - Game scene initialized: 1050x700
13:23:55.528 [FXGL Background Thread 1 ] DEBUG FXGLAssetLoaderServi - Loading from file system: jar:file:/C:/Users/stanm/.m2/repository/com/github/almasb/fxgl/11.14/fxgl-11.14.jar!/fxglassets/textures/particles/trace_horizontal.png
13:23:55.572 [FXGL Background Thread 1 ] DEBUG FXGL.DefaultMenu     - createMenuBodyGameMenu()
13:23:55.585 [FXGL Background Thread 1 ] DEBUG FXGL.DefaultMenu     - createOptionsMenu()
13:23:55.589 [FXGL Background Thread 1 ] DEBUG FXGLAssetLoaderServi - Loading from file system: jar:file:/C:/Users/stanm/.m2/repository/com/github/almasb/fxgl/11.14/fxgl-11.14.jar!/fxglassets/textures/particles/smoke.png
13:23:55.632 [FXGL Background Thread 1 ] DEBUG GameApplicationServi - Application scenes initialized
13:23:55.640 [FXGL Background Thread 1 ] DEBUG SystemBundleService  - Loading FXGL system data
13:23:55.647 [FXGL Background Thread 1 ] DEBUG FileSystemAccess     - Reading from: C:\Users\stanm\Documents\SE-Challengeweek\system\fxgl.bundle
13:23:55.651 [FXGL Background Thread 1 ] DEBUG SystemBundleService  - Bundle FXGL: {}
13:23:55.652 [FXGL Background Thread 1 ] DEBUG UpdaterService       - Checking for updates
13:23:55.655 [FXGL Background Thread 4 ] DEBUG FXGLApplication      - Loading fonts
13:23:55.656 [FXGL Background Thread 1 ] DEBUG FXGLApplication      - Loading default localization
13:23:55.656 [FXGL Background Thread 4 ] DEBUG FXGLAssetLoaderServi - Loading from file system: jar:file:/C:/Users/stanm/.m2/repository/com/github/almasb/fxgl/11.14/fxgl-11.14.jar!/fxglassets/ui/fonts/VarelaRound-Regular.ttf
13:23:55.656 [FXGL Background Thread 1 ] DEBUG FXGLAssetLoaderServi - Loading from file system: jar:file:/C:/Users/stanm/.m2/repository/com/github/almasb/fxgl/11.14/fxgl-11.14.jar!/fxglassets/languages/english.lang
13:23:55.670 [FXGL Background Thread 1 ] INFO  FXGLApplication      - FXGL initialization took: 0,341 sec
13:23:55.677 [JavaFX Application Thread] DEBUG Input                - Registered new binding: Right - D
13:23:55.678 [JavaFX Application Thread] DEBUG LoopRunner           - Stopping loop
13:23:55.678 [JavaFX Application Thread] DEBUG LoopRunner           - Initializing JavaFX AnimationTimerLoop
13:23:55.680 [JavaFX Application Thread] FATAL FXGLApplication      - Uncaught Exception:
java.lang.IllegalArgumentException: Trigger is already bound: D
	at com.almasb.fxgl.input.Input.addBinding(Input.kt:451)
	at com.almasb.fxgl.input.Input.addAction(Input.kt:520)
	at Game.initInput(Game.java:46)
	at com.almasb.fxgl.app.FXGLApplication$GameApplicationService.onMainLoopStarting(FXGLApplication.kt:547)
	at com.almasb.fxgl.app.Engine.startLoop(Engine.kt:149)
	at com.almasb.fxgl.app.FXGLApplication$start$task$2.accept(FXGLApplication.kt:178)
	at com.almasb.fxgl.app.FXGLApplication$start$task$2.accept(FXGLApplication.kt:69)
	at com.almasb.fxgl.core.concurrent.IOTask.succeed(IOTask.java:123)
	at com.almasb.fxgl.core.concurrent.IOTask$1.succeeded(IOTask.java:112)
	at javafx.concurrent.Task.setState(Task.java:726)
	at javafx.concurrent.Task$TaskCallable.lambda$call$1(Task.java:1436)
	at com.sun.javafx.application.PlatformImpl.lambda$runLater$10(PlatformImpl.java:428)
	at java.base/java.security.AccessController.doPrivileged(AccessController.java:391)
	at com.sun.javafx.application.PlatformImpl.lambda$runLater$11(PlatformImpl.java:427)
	at com.sun.glass.ui.InvokeLaterDispatcher$Future.run(InvokeLaterDispatcher.java:96)
	at com.sun.glass.ui.win.WinApplication._runLoop(Native Method)
	at com.sun.glass.ui.win.WinApplication.lambda$runLoop$3(WinApplication.java:174)
	at java.base/java.lang.Thread.run(Thread.java:832)

13:23:55.680 [JavaFX Application Thread] FATAL FXGLApplication      - Application will now exit
13:23:55.690 [JavaFX Application Thread] DEBUG PrimaryStageWindow   - Push state: ErrorSubScene
13:23:55.691 [JavaFX Application Thread] DEBUG Input                - Clearing active input actions
13:23:55.697 [JavaFX Application Thread] DEBUG GameApplicationServi - Removing overlay from FXGLStartupScene and adding to ErrorSubScene
13:23:55.698 [JavaFX Application Thread] DEBUG PrimaryStageWindow   - FXGLStartupScene -> ErrorSubScene
13:23:55.718 [FXGL Background Thread 4 ] DEBUG FXGLAssetLoaderServi - Loading from file system: jar:file:/C:/Users/stanm/.m2/repository/com/github/almasb/fxgl/11.14/fxgl-11.14.jar!/fxglassets/ui/fonts/Abel-Regular.ttf
13:23:55.735 [FXGL Background Thread 4 ] DEBUG FXGLAssetLoaderServi - Loading from file system: jar:file:/C:/Users/stanm/.m2/repository/com/github/almasb/fxgl/11.14/fxgl-11.14.jar!/fxglassets/ui/fonts/lucida_console.ttf
13:23:55.747 [FXGL Background Thread 4 ] DEBUG FXGLAssetLoaderServi - Loading from file system: jar:file:/C:/Users/stanm/.m2/repository/com/github/almasb/fxgl/11.14/fxgl-11.14.jar!/fxglassets/ui/fonts/Courier-Prime.ttf
13:23:55.885 [JavaFX Application Thread] DEBUG FXGLApplication      - Registering font factories with UI factory
13:23:55.987 [FXGL Background Thread 2 ] INFO  UpdaterService       - Your current version:  11.14
13:23:55.987 [FXGL Background Thread 2 ] INFO  UpdaterService       - Latest stable version: 17.1
13:23:58.464 [JavaFX Application Thread] DEBUG FXGLApplication      - Exiting FXGL
13:23:58.465 [JavaFX Application Thread] DEBUG Async                - Shutting down background threads
13:23:58.465 [JavaFX Application Thread] DEBUG PrimaryStageWindow   - Closing main window
13:23:58.475 [JavaFX Application Thread] DEBUG Logger               - Closing Logger
