09:28:55.575 [main                     ] DEBUG Logger               - Configured Logger
09:28:55.583 [main                     ] DEBUG GameApplication      - Logging settings
Title: Bomberman SE
Version: 1.0
Width: 960
Height: 832
Fullscreen: false
Intro: false
Profiling: false
Single step:false
App Mode: DEVELOPER
Menu Key: ESCAPE
Stage Style: DECORATED
Scene Factory: class com.almasb.fxgl.app.scene.SceneFactory

09:28:55.957 [JavaFX Application Thread] DEBUG FXGLApplication      - Initializing FXGL
09:28:55.959 [JavaFX Application Thread] INFO  Engine               - FXGL-11.14 (01.03.2021 16.59) on WINDOWS (J:15.0.2 FX:15)
09:28:55.959 [JavaFX Application Thread] DEBUG Engine               - JRE Vendor Name: Amazon.com Inc.
09:28:55.959 [JavaFX Application Thread] DEBUG Engine               - Running on OS: Windows 10 version 10.0
09:28:55.960 [JavaFX Application Thread] DEBUG Engine               - Architecture: amd64
09:28:55.960 [JavaFX Application Thread] INFO  Engine               - Source code and latest versions at: https://github.com/AlmasB/FXGL
09:28:55.960 [JavaFX Application Thread] INFO  Engine               -              Join the FXGL chat at: https://gitter.im/AlmasB/FXGL
09:28:56.085 [JavaFX Application Thread] DEBUG PrimaryStageWindow   - Creating a JavaFX scene
09:28:56.085 [JavaFX Application Thread] DEBUG PrimaryStageWindow   - Target size > screen size
09:28:56.140 [JavaFX Application Thread] DEBUG PrimaryStageWindow   - Target settings size: 960.0 x 832.0
09:28:56.140 [JavaFX Application Thread] DEBUG PrimaryStageWindow   - Scaled scene size:    925.0 x 823.0
09:28:56.140 [JavaFX Application Thread] DEBUG PrimaryStageWindow   - Scaled ratio: (0.9635416666666666, 0.9891826923076923)
09:28:56.141 [JavaFX Application Thread] DEBUG PrimaryStageWindow   - Set initial scene to FXGLStartupScene
09:28:56.150 [JavaFX Application Thread] DEBUG PrimaryStageWindow   - Opening main window
09:28:56.244 [JavaFX Application Thread] DEBUG PrimaryStageWindow   - Window border size: (15.0, 37.79998779296875)
09:28:56.244 [JavaFX Application Thread] DEBUG PrimaryStageWindow   - Scaled size: 925.0 x 823.0
09:28:56.244 [JavaFX Application Thread] DEBUG PrimaryStageWindow   - Scaled ratio: (0.9635416666666666, 0.9891826923076923)
09:28:56.244 [JavaFX Application Thread] DEBUG PrimaryStageWindow   - Scene size: 925.0 x 823.0
09:28:56.245 [JavaFX Application Thread] DEBUG PrimaryStageWindow   - Stage size: 940.0 x 860.7999877929688
09:28:56.256 [FXGL Background Thread 1 ] DEBUG Engine               - Initializing environment variables
09:28:56.292 [FXGL Background Thread 1 ] DEBUG FXGLAssetLoaderServi - User app class for loading assets: class Game
09:28:56.292 [FXGL Background Thread 1 ] DEBUG GameApplicationServi - Applying CSS: fxgl_dark.css
09:28:56.293 [FXGL Background Thread 1 ] DEBUG FXGLAssetLoaderServi - Loading from file system: jar:file:/C:/Users/roan2/.m2/repository/com/github/almasb/fxgl/11.14/fxgl-11.14.jar!/fxglassets/ui/css/fxgl_dark.css
09:28:56.352 [FXGL Background Thread 1 ] DEBUG GameApplicationServi - Initializing application scenes
09:28:56.392 [FXGL Background Thread 1 ] DEBUG GameWorld            - Game world initialized
09:28:56.453 [FXGL Background Thread 1 ] DEBUG PhysicsWorld         - Physics world initialized: appHeight=832, physics.ppm=50.0
09:28:56.454 [FXGL Background Thread 1 ] DEBUG PhysicsWorld         - Using strategy: BRUTE_FORCE
09:28:56.456 [FXGL Background Thread 1 ] DEBUG GameScene            - Game scene initialized: 960x832
09:28:56.493 [FXGL Background Thread 1 ] DEBUG FXGLAssetLoaderServi - Loading from file system: jar:file:/C:/Users/roan2/.m2/repository/com/github/almasb/fxgl/11.14/fxgl-11.14.jar!/fxglassets/textures/particles/trace_horizontal.png
09:28:56.555 [FXGL Background Thread 1 ] DEBUG FXGL.DefaultMenu     - createMenuBodyMainMenu()
09:28:56.570 [FXGL Background Thread 1 ] DEBUG FXGL.DefaultMenu     - createOptionsMenu()
09:28:56.576 [FXGL Background Thread 1 ] DEBUG FXGLAssetLoaderServi - Loading from file system: jar:file:/C:/Users/roan2/.m2/repository/com/github/almasb/fxgl/11.14/fxgl-11.14.jar!/fxglassets/textures/particles/smoke.png
09:28:56.633 [FXGL Background Thread 1 ] DEBUG FXGL.DefaultMenu     - createMenuBodyGameMenu()
09:28:56.634 [FXGL Background Thread 1 ] DEBUG FXGL.DefaultMenu     - createOptionsMenu()
09:28:56.651 [FXGL Background Thread 1 ] DEBUG GameApplicationServi - Application scenes initialized
09:28:56.660 [FXGL Background Thread 1 ] DEBUG SystemBundleService  - Loading FXGL system data
09:28:56.664 [FXGL Background Thread 1 ] DEBUG FileSystemAccess     - Reading from: C:\Users\roan2\Documents\SE-Challengeweek\system\fxgl.bundle
09:28:56.669 [FXGL Background Thread 1 ] DEBUG SystemBundleService  - Bundle FXGL: {}
09:28:56.670 [FXGL Background Thread 1 ] DEBUG UpdaterService       - Checking for updates
09:28:56.676 [FXGL Background Thread 4 ] DEBUG FXGLApplication      - Loading fonts
09:28:56.676 [FXGL Background Thread 1 ] DEBUG FXGLApplication      - Loading default localization
09:28:56.677 [FXGL Background Thread 4 ] DEBUG FXGLAssetLoaderServi - Loading from file system: jar:file:/C:/Users/roan2/.m2/repository/com/github/almasb/fxgl/11.14/fxgl-11.14.jar!/fxglassets/ui/fonts/VarelaRound-Regular.ttf
09:28:56.677 [FXGL Background Thread 1 ] DEBUG FXGLAssetLoaderServi - Loading from file system: jar:file:/C:/Users/roan2/.m2/repository/com/github/almasb/fxgl/11.14/fxgl-11.14.jar!/fxglassets/languages/english.lang
09:28:56.695 [FXGL Background Thread 1 ] INFO  FXGLApplication      - FXGL initialization took: 0.437 sec
09:28:56.706 [JavaFX Application Thread] DEBUG Input                - Registered new binding: action0 - W
09:28:56.707 [JavaFX Application Thread] DEBUG Input                - Registered new binding: action1 - S
09:28:56.707 [JavaFX Application Thread] DEBUG Input                - Registered new binding: action2 - A
09:28:56.708 [JavaFX Application Thread] DEBUG Input                - Registered new binding: action3 - D
09:28:56.708 [JavaFX Application Thread] DEBUG FXGLAssetLoaderServi - Loading from file system: jar:file:/C:/Users/roan2/.m2/repository/com/github/almasb/fxgl/11.14/fxgl-11.14.jar!/fxglassets/textures/fxgl_icon.png
09:28:56.726 [JavaFX Application Thread] DEBUG FXGLAssetLoaderServi - Loading from file system: jar:file:/C:/Users/roan2/.m2/repository/com/github/almasb/fxgl/11.14/fxgl-11.14.jar!/fxglassets/ui/cursors/fxgl_default.png
09:28:56.727 [JavaFX Application Thread] DEBUG Input                - Registered new binding: Screenshot - P
09:28:56.727 [JavaFX Application Thread] DEBUG Input                - Registered new binding: System info dump - CTRL+9
09:28:56.727 [JavaFX Application Thread] DEBUG Input                - Registered new binding: Restart - CTRL+R
09:28:56.728 [JavaFX Application Thread] DEBUG Input                - Registered new binding: Toggle Debug Camera - CTRL+C
09:28:56.730 [JavaFX Application Thread] DEBUG LoopRunner           - Starting loop
09:28:56.730 [JavaFX Application Thread] DEBUG LoopRunner           - Initializing JavaFX AnimationTimerLoop
09:28:56.733 [JavaFX Application Thread] DEBUG Input                - Clearing active input actions
09:28:56.740 [JavaFX Application Thread] DEBUG GameApplicationServi - Removing overlay from FXGLStartupScene and adding to FXGLMainMenuDummyScene
09:28:56.740 [JavaFX Application Thread] DEBUG PrimaryStageWindow   - FXGLStartupScene -> FXGLMainMenuDummyScene
09:28:56.740 [JavaFX Application Thread] DEBUG PrimaryStageWindow   - Push state: FXGLDefaultMenu
09:28:56.745 [JavaFX Application Thread] DEBUG Input                - Clearing active input actions
09:28:56.754 [FXGL Background Thread 4 ] DEBUG FXGLAssetLoaderServi - Loading from file system: jar:file:/C:/Users/roan2/.m2/repository/com/github/almasb/fxgl/11.14/fxgl-11.14.jar!/fxglassets/ui/fonts/Abel-Regular.ttf
09:28:56.756 [FXGL Background Thread 4 ] DEBUG FXGLAssetLoaderServi - Loading from file system: jar:file:/C:/Users/roan2/.m2/repository/com/github/almasb/fxgl/11.14/fxgl-11.14.jar!/fxglassets/ui/fonts/lucida_console.ttf
09:28:56.757 [JavaFX Application Thread] DEBUG GameApplicationServi - Removing overlay from FXGLMainMenuDummyScene and adding to FXGLDefaultMenu
09:28:56.758 [JavaFX Application Thread] DEBUG PrimaryStageWindow   - FXGLMainMenuDummyScene -> FXGLDefaultMenu
09:28:56.761 [FXGL Background Thread 4 ] DEBUG FXGLAssetLoaderServi - Loading from file system: jar:file:/C:/Users/roan2/.m2/repository/com/github/almasb/fxgl/11.14/fxgl-11.14.jar!/fxglassets/ui/fonts/Courier-Prime.ttf
09:28:56.844 [JavaFX Application Thread] DEBUG FXGLApplication      - Registering font factories with UI factory
09:28:57.048 [FXGL Background Thread 2 ] INFO  UpdaterService       - Your current version:  11.14
09:28:57.049 [FXGL Background Thread 2 ] INFO  UpdaterService       - Latest stable version: 17.1
09:28:59.674 [FXGL Background Thread 3 ] DEBUG Engine               - Logging environment variables
09:28:59.674 [FXGL Background Thread 3 ] DEBUG Engine               - achievements: []
09:28:59.675 [FXGL Background Thread 3 ] DEBUG Engine               - actualHeight: 823.0
09:28:59.675 [FXGL Background Thread 3 ] DEBUG Engine               - actualHeightProperty: ReadOnlyDoubleProperty [value: 823.0]
09:28:59.675 [FXGL Background Thread 3 ] DEBUG Engine               - actualWidth: 925.0
09:28:59.675 [FXGL Background Thread 3 ] DEBUG Engine               - actualWidthProperty: ReadOnlyDoubleProperty [value: 925.0]
09:28:59.675 [FXGL Background Thread 3 ] DEBUG Engine               - appIcon: fxgl_icon.png
09:28:59.675 [FXGL Background Thread 3 ] DEBUG Engine               - applicationMode: DEVELOPER
09:28:59.676 [FXGL Background Thread 3 ] DEBUG Engine               - cSSList: [fxgl_dark.css]
09:28:59.676 [FXGL Background Thread 3 ] DEBUG Engine               - collisionDetectionStrategy: BRUTE_FORCE
09:28:59.676 [FXGL Background Thread 3 ] DEBUG Engine               - configClass: Optional.empty
09:28:59.676 [FXGL Background Thread 3 ] DEBUG Engine               - credits: []
09:28:59.677 [FXGL Background Thread 3 ] DEBUG Engine               - devBBoxColorProperty: ObjectProperty [value: 0xff0000ff]
09:28:59.677 [FXGL Background Thread 3 ] DEBUG Engine               - devEnableDebugCameraProperty: BooleanProperty [value: false]
09:28:59.677 [FXGL Background Thread 3 ] DEBUG Engine               - devSensorColorProperty: ObjectProperty [value: 0xffff00ff]
09:28:59.677 [FXGL Background Thread 3 ] DEBUG Engine               - devShowBBoxProperty: BooleanProperty [value: false]
09:28:59.677 [FXGL Background Thread 3 ] DEBUG Engine               - devShowPositionProperty: BooleanProperty [value: false]
09:28:59.677 [FXGL Background Thread 3 ] DEBUG Engine               - enabledMenuItems: []
09:28:59.678 [FXGL Background Thread 3 ] DEBUG Engine               - engineServices: [class com.almasb.fxgl.app.services.FXGLAssetLoaderService, class com.almasb.fxgl.app.FXGLApplication$GameApplicationService, class com.almasb.fxgl.app.services.FXGLDialogService, class com.almasb.fxgl.app.services.IOTaskExecutorService, class com.almasb.fxgl.event.EventBusService, class com.almasb.fxgl.io.FileSystemService, class com.almasb.fxgl.localization.LocalizationService, class com.almasb.fxgl.app.services.SystemBundleService, class com.almasb.fxgl.profile.SaveLoadService, class com.almasb.fxgl.ui.FXGLUIFactoryServiceProvider, class com.almasb.fxgl.ui.FXGLDialogFactoryServiceProvider, class com.almasb.fxgl.audio.AudioPlayer, class com.almasb.fxgl.notification.impl.NotificationServiceProvider, class com.almasb.fxgl.achievement.AchievementService, class com.almasb.fxgl.cutscene.CutsceneService, class com.almasb.fxgl.minigames.MiniGameService, class com.almasb.fxgl.net.NetService, class com.almasb.fxgl.app.services.UpdaterService, class com.almasb.fxgl.dev.DevService]
09:28:59.678 [FXGL Background Thread 3 ] DEBUG Engine               - fontGame: Abel-Regular.ttf
09:28:59.678 [FXGL Background Thread 3 ] DEBUG Engine               - fontMono: lucida_console.ttf
09:28:59.678 [FXGL Background Thread 3 ] DEBUG Engine               - fontText: Courier-Prime.ttf
09:28:59.678 [FXGL Background Thread 3 ] DEBUG Engine               - fontUI: VarelaRound-Regular.ttf
09:28:59.678 [FXGL Background Thread 3 ] DEBUG Engine               - fullScreen: BooleanProperty [value: false]
09:28:59.679 [FXGL Background Thread 3 ] DEBUG Engine               - gameDifficulty: MEDIUM
09:28:59.679 [FXGL Background Thread 3 ] DEBUG Engine               - gameDifficultyProperty: ObjectProperty [value: MEDIUM]
09:28:59.679 [FXGL Background Thread 3 ] DEBUG Engine               - globalMusicVolume: 0.5
09:28:59.679 [FXGL Background Thread 3 ] DEBUG Engine               - globalMusicVolumeProperty: DoubleProperty [value: 0.5]
09:28:59.679 [FXGL Background Thread 3 ] DEBUG Engine               - globalSoundVolume: 0.5
09:28:59.679 [FXGL Background Thread 3 ] DEBUG Engine               - globalSoundVolumeProperty: DoubleProperty [value: 0.5]
09:28:59.680 [FXGL Background Thread 3 ] DEBUG Engine               - height: 832
09:28:59.680 [FXGL Background Thread 3 ] DEBUG Engine               - isAndroid: false
09:28:59.681 [FXGL Background Thread 3 ] DEBUG Engine               - isBrowser: false
09:28:59.681 [FXGL Background Thread 3 ] DEBUG Engine               - isClickFeedbackEnabled: false
09:28:59.681 [FXGL Background Thread 3 ] DEBUG Engine               - isCloseConfirmation: false
09:28:59.681 [FXGL Background Thread 3 ] DEBUG Engine               - isDesktop: true
09:28:59.681 [FXGL Background Thread 3 ] DEBUG Engine               - isDeveloperMenuEnabled: false
09:28:59.681 [FXGL Background Thread 3 ] DEBUG Engine               - isEntityPreloadEnabled: true
09:28:59.681 [FXGL Background Thread 3 ] DEBUG Engine               - isExperimental3D: false
09:28:59.681 [FXGL Background Thread 3 ] DEBUG Engine               - isExperimentalNative: false
09:28:59.682 [FXGL Background Thread 3 ] DEBUG Engine               - isExperimentalTiledLargeMap: false
09:28:59.682 [FXGL Background Thread 3 ] DEBUG Engine               - isFileSystemWriteAllowed: true
09:28:59.682 [FXGL Background Thread 3 ] DEBUG Engine               - isFullScreenAllowed: false
09:28:59.683 [FXGL Background Thread 3 ] DEBUG Engine               - isFullScreenFromStart: false
09:28:59.683 [FXGL Background Thread 3 ] DEBUG Engine               - isGameMenuEnabled: true
09:28:59.683 [FXGL Background Thread 3 ] DEBUG Engine               - isIOS: false
09:28:59.683 [FXGL Background Thread 3 ] DEBUG Engine               - isIntroEnabled: false
09:28:59.683 [FXGL Background Thread 3 ] DEBUG Engine               - isLinux: false
09:28:59.684 [FXGL Background Thread 3 ] DEBUG Engine               - isMac: false
09:28:59.684 [FXGL Background Thread 3 ] DEBUG Engine               - isMainMenuEnabled: true
09:28:59.684 [FXGL Background Thread 3 ] DEBUG Engine               - isManualResizeEnabled: false
09:28:59.684 [FXGL Background Thread 3 ] DEBUG Engine               - isMobile: false
09:28:59.684 [FXGL Background Thread 3 ] DEBUG Engine               - isPreserveResizeRatio: false
09:28:59.684 [FXGL Background Thread 3 ] DEBUG Engine               - isProfilingEnabled: false
09:28:59.684 [FXGL Background Thread 3 ] DEBUG Engine               - isScaleAffectedOnResize: true
09:28:59.685 [FXGL Background Thread 3 ] DEBUG Engine               - isSingleStep: false
09:28:59.685 [FXGL Background Thread 3 ] DEBUG Engine               - isUserProfileEnabled: false
09:28:59.685 [FXGL Background Thread 3 ] DEBUG Engine               - isWindows: true
09:28:59.685 [FXGL Background Thread 3 ] DEBUG Engine               - language: ObjectProperty [value: ENGLISH]
09:28:59.685 [FXGL Background Thread 3 ] DEBUG Engine               - menuKey: ESCAPE
09:28:59.686 [FXGL Background Thread 3 ] DEBUG Engine               - notificationViewClass: class com.almasb.fxgl.notification.view.XboxNotificationView
09:28:59.686 [FXGL Background Thread 3 ] DEBUG Engine               - pixelsPerMeter: 50.0
09:28:59.686 [FXGL Background Thread 3 ] DEBUG Engine               - platform: WINDOWS
09:28:59.686 [FXGL Background Thread 3 ] DEBUG Engine               - prefHeightProperty: ReadOnlyDoubleProperty [value: 832.0]
09:28:59.686 [FXGL Background Thread 3 ] DEBUG Engine               - prefWidthProperty: ReadOnlyDoubleProperty [value: 960.0]
09:28:59.686 [FXGL Background Thread 3 ] DEBUG Engine               - profileDir: profiles/
09:28:59.686 [FXGL Background Thread 3 ] DEBUG Engine               - profileName: StringProperty [value: DEFAULT]
09:28:59.686 [FXGL Background Thread 3 ] DEBUG Engine               - randomSeed: -1
09:28:59.687 [FXGL Background Thread 3 ] DEBUG Engine               - runtimeInfo: RuntimeInfo(platform=WINDOWS, version=11.14, build=01.03.2021 16.59)
09:28:59.687 [FXGL Background Thread 3 ] DEBUG Engine               - saveFileExt: sav
09:28:59.687 [FXGL Background Thread 3 ] DEBUG Engine               - scaledHeightProp$fxgl: DoubleProperty [bound, value: 823.0]
09:28:59.687 [FXGL Background Thread 3 ] DEBUG Engine               - scaledWidthProp$fxgl: DoubleProperty [bound, value: 925.0]
09:28:59.687 [FXGL Background Thread 3 ] DEBUG Engine               - sceneFactory: com.almasb.fxgl.app.scene.SceneFactory@7c2541c9
09:28:59.687 [FXGL Background Thread 3 ] DEBUG Engine               - secondsIn24h: 60
09:28:59.688 [FXGL Background Thread 3 ] DEBUG Engine               - soundMenuBack: menu/back.wav
09:28:59.688 [FXGL Background Thread 3 ] DEBUG Engine               - soundMenuPress: menu/press.wav
09:28:59.688 [FXGL Background Thread 3 ] DEBUG Engine               - soundMenuSelect: menu/select.wav
09:28:59.688 [FXGL Background Thread 3 ] DEBUG Engine               - soundNotification: core/notification.wav
09:28:59.688 [FXGL Background Thread 3 ] DEBUG Engine               - stageStyle: DECORATED
09:28:59.688 [FXGL Background Thread 3 ] DEBUG Engine               - supportedLanguages: [ENGLISH, FRENCH, GERMAN, HUNGARIAN, RUSSIAN]
09:28:59.688 [FXGL Background Thread 3 ] DEBUG Engine               - ticksPerSecond: -1
09:28:59.688 [FXGL Background Thread 3 ] DEBUG Engine               - title: Bomberman SE
09:28:59.688 [FXGL Background Thread 3 ] DEBUG Engine               - urlGithub: https://github.com/AlmasB/FXGL
09:28:59.689 [FXGL Background Thread 3 ] DEBUG Engine               - urlLeaderboard: http://fxgl-top.herokuapp.com/
09:28:59.689 [FXGL Background Thread 3 ] DEBUG Engine               - urlPOM: https://raw.githubusercontent.com/AlmasB/FXGL/release/README.md
09:28:59.689 [FXGL Background Thread 3 ] DEBUG Engine               - userAppClass: class Game
09:28:59.689 [FXGL Background Thread 3 ] DEBUG Engine               - version: 1.0
09:28:59.689 [FXGL Background Thread 3 ] DEBUG Engine               - versionCheckDays: 7
09:28:59.689 [FXGL Background Thread 3 ] DEBUG Engine               - width: 960
09:28:59.689 [FXGL Background Thread 3 ] DEBUG Engine               - Logging services
09:28:59.690 [FXGL Background Thread 3 ] DEBUG Engine               - class com.almasb.fxgl.app.services.FXGLAssetLoaderService
09:28:59.690 [FXGL Background Thread 3 ] DEBUG Engine               - class com.almasb.fxgl.app.FXGLApplication$GameApplicationService
09:28:59.690 [FXGL Background Thread 3 ] DEBUG Engine               - class com.almasb.fxgl.app.services.FXGLDialogService
09:28:59.690 [FXGL Background Thread 3 ] DEBUG Engine               - class com.almasb.fxgl.app.services.IOTaskExecutorService
09:28:59.690 [FXGL Background Thread 3 ] DEBUG Engine               - class com.almasb.fxgl.event.EventBusService
09:28:59.690 [FXGL Background Thread 3 ] DEBUG Engine               - class com.almasb.fxgl.io.FileSystemService
09:28:59.690 [FXGL Background Thread 3 ] DEBUG Engine               - class com.almasb.fxgl.localization.LocalizationService
09:28:59.690 [FXGL Background Thread 3 ] DEBUG Engine               - class com.almasb.fxgl.app.services.SystemBundleService
09:28:59.690 [FXGL Background Thread 3 ] DEBUG Engine               - class com.almasb.fxgl.profile.SaveLoadService
09:28:59.690 [FXGL Background Thread 3 ] DEBUG Engine               - class com.almasb.fxgl.ui.FXGLUIFactoryServiceProvider
09:28:59.691 [FXGL Background Thread 3 ] DEBUG Engine               - class com.almasb.fxgl.ui.FXGLDialogFactoryServiceProvider
09:28:59.691 [FXGL Background Thread 3 ] DEBUG Engine               - class com.almasb.fxgl.audio.AudioPlayer
09:28:59.691 [FXGL Background Thread 3 ] DEBUG Engine               - class com.almasb.fxgl.notification.impl.NotificationServiceProvider
09:28:59.691 [FXGL Background Thread 3 ] DEBUG Engine               - class com.almasb.fxgl.achievement.AchievementService
09:28:59.691 [FXGL Background Thread 3 ] DEBUG Engine               - class com.almasb.fxgl.cutscene.CutsceneService
09:28:59.691 [FXGL Background Thread 3 ] DEBUG Engine               - class com.almasb.fxgl.minigames.MiniGameService
09:28:59.691 [FXGL Background Thread 3 ] DEBUG Engine               - class com.almasb.fxgl.net.NetService
09:28:59.691 [FXGL Background Thread 3 ] DEBUG Engine               - class com.almasb.fxgl.app.services.UpdaterService
09:28:59.692 [FXGL Background Thread 3 ] DEBUG Engine               - class com.almasb.fxgl.dev.DevService
09:29:07.576 [JavaFX Application Thread] DEBUG LoopRunner           - Pausing loop
09:29:21.358 [JavaFX Application Thread] DEBUG LoopRunner           - Resuming loop
09:30:03.347 [JavaFX Application Thread] DEBUG LoopRunner           - Pausing loop
09:30:59.429 [JavaFX Application Thread] DEBUG LoopRunner           - Resuming loop
09:31:15.813 [JavaFX Application Thread] DEBUG FXGLApplication      - Exiting FXGL
09:31:15.813 [JavaFX Application Thread] DEBUG LoopRunner           - Stopping loop
09:31:15.813 [JavaFX Application Thread] DEBUG SystemBundleService  - Saving FXGL system data
09:31:15.815 [JavaFX Application Thread] DEBUG FileSystemAccess     - Writing to: C:\Users\roan2\Documents\SE-Challengeweek\system\fxgl.bundle
09:31:15.817 [JavaFX Application Thread] DEBUG Async                - Shutting down background threads
09:31:15.817 [JavaFX Application Thread] DEBUG PrimaryStageWindow   - Closing main window
09:31:15.827 [JavaFX Application Thread] DEBUG Logger               - Closing Logger
