10:09:02.817 [main                     ] DEBUG Logger               - Configured Logger
10:09:02.863 [main                     ] DEBUG GameApplication      - Logging settings
Title: Bomberman SE
Version: 1.0
Width: 960
Height: 832
Fullscreen: false
Intro: false
Profiling: false
Single step:false
App Mode: DEVELOPER
Menu Key: ESCAPE
Stage Style: DECORATED
Scene Factory: class com.almasb.fxgl.app.scene.SceneFactory

10:09:03.928 [JavaFX Application Thread] DEBUG FXGLApplication      - Initializing FXGL
10:09:03.935 [JavaFX Application Thread] INFO  Engine               - FXGL-11.14 (01.03.2021 16.59) on WINDOWS (J:15.0.2 FX:15)
10:09:03.936 [JavaFX Application Thread] DEBUG Engine               - JRE Vendor Name: Amazon.com Inc.
10:09:03.937 [JavaFX Application Thread] DEBUG Engine               - Running on OS: Windows 10 version 10.0
10:09:03.937 [JavaFX Application Thread] DEBUG Engine               - Architecture: amd64
10:09:03.938 [JavaFX Application Thread] INFO  Engine               - Source code and latest versions at: https://github.com/AlmasB/FXGL
10:09:03.939 [JavaFX Application Thread] INFO  Engine               -              Join the FXGL chat at: https://gitter.im/AlmasB/FXGL
10:09:04.299 [JavaFX Application Thread] DEBUG PrimaryStageWindow   - Creating a JavaFX scene
10:09:04.443 [JavaFX Application Thread] DEBUG PrimaryStageWindow   - Target settings size: 960.0 x 832.0
10:09:04.444 [JavaFX Application Thread] DEBUG PrimaryStageWindow   - Scaled scene size:    960.0 x 832.0
10:09:04.444 [JavaFX Application Thread] DEBUG PrimaryStageWindow   - Scaled ratio: (1.0, 1.0)
10:09:04.446 [JavaFX Application Thread] DEBUG PrimaryStageWindow   - Set initial scene to FXGLStartupScene
10:09:04.459 [JavaFX Application Thread] DEBUG PrimaryStageWindow   - Opening main window
10:09:04.597 [JavaFX Application Thread] DEBUG PrimaryStageWindow   - Window border size: (16.0, 39.0)
10:09:04.598 [JavaFX Application Thread] DEBUG PrimaryStageWindow   - Scaled size: 960.0 x 832.0
10:09:04.598 [JavaFX Application Thread] DEBUG PrimaryStageWindow   - Scaled ratio: (1.0, 1.0)
10:09:04.599 [JavaFX Application Thread] DEBUG PrimaryStageWindow   - Scene size: 960.0 x 832.0
10:09:04.599 [JavaFX Application Thread] DEBUG PrimaryStageWindow   - Stage size: 976.0 x 871.0
10:09:04.618 [FXGL Background Thread 1 ] DEBUG Engine               - Initializing environment variables
10:09:04.718 [FXGL Background Thread 1 ] DEBUG FXGLAssetLoaderServi - User app class for loading assets: class Game
10:09:04.719 [FXGL Background Thread 1 ] DEBUG GameApplicationServi - Applying CSS: fxgl_dark.css
10:09:04.722 [FXGL Background Thread 1 ] DEBUG FXGLAssetLoaderServi - Loading from file system: jar:file:/C:/Users/0705s/.m2/repository/com/github/almasb/fxgl/11.14/fxgl-11.14.jar!/fxglassets/ui/css/fxgl_dark.css
10:09:04.829 [FXGL Background Thread 1 ] DEBUG GameApplicationServi - Initializing application scenes
10:09:04.953 [FXGL Background Thread 1 ] DEBUG GameWorld            - Game world initialized
10:09:05.129 [FXGL Background Thread 1 ] DEBUG PhysicsWorld         - Physics world initialized: appHeight=832, physics.ppm=50,0
10:09:05.129 [FXGL Background Thread 1 ] DEBUG PhysicsWorld         - Using strategy: BRUTE_FORCE
10:09:05.134 [FXGL Background Thread 1 ] DEBUG GameScene            - Game scene initialized: 960x832
10:09:05.206 [FXGL Background Thread 1 ] DEBUG FXGLAssetLoaderServi - Loading from file system: jar:file:/C:/Users/0705s/.m2/repository/com/github/almasb/fxgl/11.14/fxgl-11.14.jar!/fxglassets/textures/particles/trace_horizontal.png
10:09:05.309 [FXGL Background Thread 1 ] DEBUG FXGL.DefaultMenu     - createMenuBodyGameMenu()
10:09:05.343 [FXGL Background Thread 1 ] DEBUG FXGL.DefaultMenu     - createOptionsMenu()
10:09:05.352 [FXGL Background Thread 1 ] DEBUG FXGLAssetLoaderServi - Loading from file system: jar:file:/C:/Users/0705s/.m2/repository/com/github/almasb/fxgl/11.14/fxgl-11.14.jar!/fxglassets/textures/particles/smoke.png
10:09:05.487 [FXGL Background Thread 1 ] DEBUG GameApplicationServi - Application scenes initialized
10:09:05.513 [FXGL Background Thread 1 ] DEBUG SystemBundleService  - Loading FXGL system data
10:09:05.522 [FXGL Background Thread 1 ] DEBUG FileSystemAccess     - Reading from: C:\Users\0705s\OneDrive\Desktop\SE-Challengeweek\system\fxgl.bundle
10:09:05.541 [FXGL Background Thread 1 ] DEBUG SystemBundleService  - Bundle FXGL: {}
10:09:05.542 [FXGL Background Thread 1 ] DEBUG UpdaterService       - Checking for updates
10:09:05.557 [FXGL Background Thread 4 ] DEBUG FXGLApplication      - Loading fonts
10:09:05.559 [FXGL Background Thread 1 ] DEBUG FXGLApplication      - Loading default localization
10:09:05.559 [FXGL Background Thread 4 ] DEBUG FXGLAssetLoaderServi - Loading from file system: jar:file:/C:/Users/0705s/.m2/repository/com/github/almasb/fxgl/11.14/fxgl-11.14.jar!/fxglassets/ui/fonts/VarelaRound-Regular.ttf
10:09:05.561 [FXGL Background Thread 1 ] DEBUG FXGLAssetLoaderServi - Loading from file system: jar:file:/C:/Users/0705s/.m2/repository/com/github/almasb/fxgl/11.14/fxgl-11.14.jar!/fxglassets/languages/english.lang
10:09:05.611 [FXGL Background Thread 1 ] INFO  FXGLApplication      - FXGL initialization took: 0,991 sec
10:09:05.630 [JavaFX Application Thread] DEBUG FXGLAssetLoaderServi - Loading from file system: file:/C:/Users/0705s/OneDrive/Desktop/SE-Challengeweek/target/classes/assets/textures/sprite.png
10:09:05.714 [FXGL Background Thread 4 ] DEBUG FXGLAssetLoaderServi - Loading from file system: jar:file:/C:/Users/0705s/.m2/repository/com/github/almasb/fxgl/11.14/fxgl-11.14.jar!/fxglassets/ui/fonts/Abel-Regular.ttf
10:09:05.725 [JavaFX Application Thread] DEBUG Input                - Registered new binding: action0 - W
10:09:05.725 [FXGL Background Thread 4 ] DEBUG FXGLAssetLoaderServi - Loading from file system: jar:file:/C:/Users/0705s/.m2/repository/com/github/almasb/fxgl/11.14/fxgl-11.14.jar!/fxglassets/ui/fonts/lucida_console.ttf
10:09:05.727 [JavaFX Application Thread] DEBUG Input                - Registered new binding: action1 - S
10:09:05.728 [JavaFX Application Thread] DEBUG Input                - Registered new binding: action2 - A
10:09:05.729 [JavaFX Application Thread] DEBUG Input                - Registered new binding: action3 - D
10:09:05.730 [JavaFX Application Thread] DEBUG FXGLAssetLoaderServi - Loading from file system: jar:file:/C:/Users/0705s/.m2/repository/com/github/almasb/fxgl/11.14/fxgl-11.14.jar!/fxglassets/textures/fxgl_icon.png
10:09:05.740 [FXGL Background Thread 4 ] DEBUG FXGLAssetLoaderServi - Loading from file system: jar:file:/C:/Users/0705s/.m2/repository/com/github/almasb/fxgl/11.14/fxgl-11.14.jar!/fxglassets/ui/fonts/Courier-Prime.ttf
10:09:05.766 [JavaFX Application Thread] DEBUG FXGLAssetLoaderServi - Loading from file system: jar:file:/C:/Users/0705s/.m2/repository/com/github/almasb/fxgl/11.14/fxgl-11.14.jar!/fxglassets/ui/cursors/fxgl_default.png
10:09:05.770 [JavaFX Application Thread] DEBUG Input                - Registered new binding: Screenshot - P
10:09:05.771 [JavaFX Application Thread] DEBUG Input                - Registered new binding: System info dump - CTRL+9
10:09:05.773 [JavaFX Application Thread] DEBUG Input                - Registered new binding: Restart - CTRL+R
10:09:05.775 [JavaFX Application Thread] DEBUG Input                - Registered new binding: Toggle Debug Camera - CTRL+C
10:09:05.781 [JavaFX Application Thread] DEBUG LoopRunner           - Starting loop
10:09:05.781 [JavaFX Application Thread] DEBUG LoopRunner           - Initializing JavaFX AnimationTimerLoop
10:09:05.786 [JavaFX Application Thread] DEBUG GameApplicationServi - Starting new game
10:09:05.787 [JavaFX Application Thread] DEBUG Input                - Clearing active input actions
10:09:05.813 [JavaFX Application Thread] DEBUG GameApplicationServi - Removing overlay from FXGLStartupScene and adding to FXGLLoadingScene
10:09:05.814 [JavaFX Application Thread] DEBUG PrimaryStageWindow   - FXGLStartupScene -> FXGLLoadingScene
10:09:05.815 [JavaFX Application Thread] DEBUG GameApplicationServi - Clearing previous game
10:09:05.815 [JavaFX Application Thread] DEBUG GameScene            - Clearing game scene
10:09:05.816 [JavaFX Application Thread] DEBUG GameWorld            - Clearing game world
10:09:05.820 [JavaFX Application Thread] DEBUG PhysicsWorld         - Clearing physics world
10:09:05.823 [JavaFX Application Thread] DEBUG FXGLApplication      - Registering font factories with UI factory
10:09:05.823 [FXGL Background Thread 4 ] DEBUG FXGLApplication      - Initializing game
10:09:05.873 [FXGL Background Thread 4 ] DEBUG FXGLAssetLoaderServi - Loading from file system: file:/C:/Users/0705s/OneDrive/Desktop/SE-Challengeweek/target/classes/assets/textures/tonnetje-1.png
10:09:06.000 [FXGL Background Thread 4 ] INFO  FXGLApplication      - Game initialization took: 0,177 sec
10:09:06.120 [JavaFX Application Thread] DEBUG Input                - Clearing active input actions
10:09:06.156 [JavaFX Application Thread] DEBUG GameApplicationServi - Removing overlay from FXGLLoadingScene and adding to GameScene
10:09:06.157 [JavaFX Application Thread] DEBUG PrimaryStageWindow   - FXGLLoadingScene -> GameScene
10:09:06.818 [FXGL Background Thread 2 ] INFO  UpdaterService       - Your current version:  11.14
10:09:06.818 [FXGL Background Thread 2 ] INFO  UpdaterService       - Latest stable version: 17.1
10:09:08.553 [FXGL Background Thread 3 ] DEBUG Engine               - Logging environment variables
10:09:08.554 [FXGL Background Thread 3 ] DEBUG Engine               - achievements: []
10:09:08.554 [FXGL Background Thread 3 ] DEBUG Engine               - actualHeight: 832.0
10:09:08.555 [FXGL Background Thread 3 ] DEBUG Engine               - actualHeightProperty: ReadOnlyDoubleProperty [value: 832.0]
10:09:08.556 [FXGL Background Thread 3 ] DEBUG Engine               - actualWidth: 960.0
10:09:08.556 [FXGL Background Thread 3 ] DEBUG Engine               - actualWidthProperty: ReadOnlyDoubleProperty [value: 960.0]
10:09:08.557 [FXGL Background Thread 3 ] DEBUG Engine               - appIcon: fxgl_icon.png
10:09:08.557 [FXGL Background Thread 3 ] DEBUG Engine               - applicationMode: DEVELOPER
10:09:08.558 [FXGL Background Thread 3 ] DEBUG Engine               - cSSList: [fxgl_dark.css]
10:09:08.558 [FXGL Background Thread 3 ] DEBUG Engine               - collisionDetectionStrategy: BRUTE_FORCE
10:09:08.558 [FXGL Background Thread 3 ] DEBUG Engine               - configClass: Optional.empty
10:09:08.559 [FXGL Background Thread 3 ] DEBUG Engine               - credits: []
10:09:08.560 [FXGL Background Thread 3 ] DEBUG Engine               - devBBoxColorProperty: ObjectProperty [value: 0xff0000ff]
10:09:08.560 [FXGL Background Thread 3 ] DEBUG Engine               - devEnableDebugCameraProperty: BooleanProperty [value: false]
10:09:08.561 [FXGL Background Thread 3 ] DEBUG Engine               - devSensorColorProperty: ObjectProperty [value: 0xffff00ff]
10:09:08.562 [FXGL Background Thread 3 ] DEBUG Engine               - devShowBBoxProperty: BooleanProperty [value: false]
10:09:08.563 [FXGL Background Thread 3 ] DEBUG Engine               - devShowPositionProperty: BooleanProperty [value: false]
10:09:08.564 [FXGL Background Thread 3 ] DEBUG Engine               - enabledMenuItems: []
10:09:08.564 [FXGL Background Thread 3 ] DEBUG Engine               - engineServices: [class com.almasb.fxgl.app.services.FXGLAssetLoaderService, class com.almasb.fxgl.app.FXGLApplication$GameApplicationService, class com.almasb.fxgl.app.services.FXGLDialogService, class com.almasb.fxgl.app.services.IOTaskExecutorService, class com.almasb.fxgl.event.EventBusService, class com.almasb.fxgl.io.FileSystemService, class com.almasb.fxgl.localization.LocalizationService, class com.almasb.fxgl.app.services.SystemBundleService, class com.almasb.fxgl.profile.SaveLoadService, class com.almasb.fxgl.ui.FXGLUIFactoryServiceProvider, class com.almasb.fxgl.ui.FXGLDialogFactoryServiceProvider, class com.almasb.fxgl.audio.AudioPlayer, class com.almasb.fxgl.notification.impl.NotificationServiceProvider, class com.almasb.fxgl.achievement.AchievementService, class com.almasb.fxgl.cutscene.CutsceneService, class com.almasb.fxgl.minigames.MiniGameService, class com.almasb.fxgl.net.NetService, class com.almasb.fxgl.app.services.UpdaterService, class com.almasb.fxgl.dev.DevService]
10:09:08.565 [FXGL Background Thread 3 ] DEBUG Engine               - fontGame: Abel-Regular.ttf
10:09:08.566 [FXGL Background Thread 3 ] DEBUG Engine               - fontMono: lucida_console.ttf
10:09:08.566 [FXGL Background Thread 3 ] DEBUG Engine               - fontText: Courier-Prime.ttf
10:09:08.567 [FXGL Background Thread 3 ] DEBUG Engine               - fontUI: VarelaRound-Regular.ttf
10:09:08.567 [FXGL Background Thread 3 ] DEBUG Engine               - fullScreen: BooleanProperty [value: false]
10:09:08.568 [FXGL Background Thread 3 ] DEBUG Engine               - gameDifficulty: MEDIUM
10:09:08.569 [FXGL Background Thread 3 ] DEBUG Engine               - gameDifficultyProperty: ObjectProperty [value: MEDIUM]
10:09:08.570 [FXGL Background Thread 3 ] DEBUG Engine               - globalMusicVolume: 0.5
10:09:08.570 [FXGL Background Thread 3 ] DEBUG Engine               - globalMusicVolumeProperty: DoubleProperty [value: 0.5]
10:09:08.571 [FXGL Background Thread 3 ] DEBUG Engine               - globalSoundVolume: 0.5
10:09:08.572 [FXGL Background Thread 3 ] DEBUG Engine               - globalSoundVolumeProperty: DoubleProperty [value: 0.5]
10:09:08.572 [FXGL Background Thread 3 ] DEBUG Engine               - height: 832
10:09:08.573 [FXGL Background Thread 3 ] DEBUG Engine               - isAndroid: false
10:09:08.573 [FXGL Background Thread 3 ] DEBUG Engine               - isBrowser: false
10:09:08.574 [FXGL Background Thread 3 ] DEBUG Engine               - isClickFeedbackEnabled: false
10:09:08.574 [FXGL Background Thread 3 ] DEBUG Engine               - isCloseConfirmation: false
10:09:08.575 [FXGL Background Thread 3 ] DEBUG Engine               - isDesktop: true
10:09:08.575 [FXGL Background Thread 3 ] DEBUG Engine               - isDeveloperMenuEnabled: false
10:09:08.576 [FXGL Background Thread 3 ] DEBUG Engine               - isEntityPreloadEnabled: true
10:09:08.576 [FXGL Background Thread 3 ] DEBUG Engine               - isExperimental3D: false
10:09:08.577 [FXGL Background Thread 3 ] DEBUG Engine               - isExperimentalNative: false
10:09:08.577 [FXGL Background Thread 3 ] DEBUG Engine               - isExperimentalTiledLargeMap: false
10:09:08.578 [FXGL Background Thread 3 ] DEBUG Engine               - isFileSystemWriteAllowed: true
10:09:08.578 [FXGL Background Thread 3 ] DEBUG Engine               - isFullScreenAllowed: false
10:09:08.579 [FXGL Background Thread 3 ] DEBUG Engine               - isFullScreenFromStart: false
10:09:08.579 [FXGL Background Thread 3 ] DEBUG Engine               - isGameMenuEnabled: true
10:09:08.580 [FXGL Background Thread 3 ] DEBUG Engine               - isIOS: false
10:09:08.581 [FXGL Background Thread 3 ] DEBUG Engine               - isIntroEnabled: false
10:09:08.581 [FXGL Background Thread 3 ] DEBUG Engine               - isLinux: false
10:09:08.582 [FXGL Background Thread 3 ] DEBUG Engine               - isMac: false
10:09:08.583 [FXGL Background Thread 3 ] DEBUG Engine               - isMainMenuEnabled: false
10:09:08.583 [FXGL Background Thread 3 ] DEBUG Engine               - isManualResizeEnabled: false
10:09:08.584 [FXGL Background Thread 3 ] DEBUG Engine               - isMobile: false
10:09:08.585 [FXGL Background Thread 3 ] DEBUG Engine               - isPreserveResizeRatio: false
10:09:08.586 [FXGL Background Thread 3 ] DEBUG Engine               - isProfilingEnabled: false
10:09:08.586 [FXGL Background Thread 3 ] DEBUG Engine               - isScaleAffectedOnResize: true
10:09:08.587 [FXGL Background Thread 3 ] DEBUG Engine               - isSingleStep: false
10:09:08.587 [FXGL Background Thread 3 ] DEBUG Engine               - isUserProfileEnabled: false
10:09:08.588 [FXGL Background Thread 3 ] DEBUG Engine               - isWindows: true
10:09:08.588 [FXGL Background Thread 3 ] DEBUG Engine               - language: ObjectProperty [value: ENGLISH]
10:09:08.589 [FXGL Background Thread 3 ] DEBUG Engine               - menuKey: ESCAPE
10:09:08.590 [FXGL Background Thread 3 ] DEBUG Engine               - notificationViewClass: class com.almasb.fxgl.notification.view.XboxNotificationView
10:09:08.590 [FXGL Background Thread 3 ] DEBUG Engine               - pixelsPerMeter: 50.0
10:09:08.591 [FXGL Background Thread 3 ] DEBUG Engine               - platform: WINDOWS
10:09:08.591 [FXGL Background Thread 3 ] DEBUG Engine               - prefHeightProperty: ReadOnlyDoubleProperty [value: 832.0]
10:09:08.592 [FXGL Background Thread 3 ] DEBUG Engine               - prefWidthProperty: ReadOnlyDoubleProperty [value: 960.0]
10:09:08.592 [FXGL Background Thread 3 ] DEBUG Engine               - profileDir: profiles/
10:09:08.593 [FXGL Background Thread 3 ] DEBUG Engine               - profileName: StringProperty [value: DEFAULT]
10:09:08.593 [FXGL Background Thread 3 ] DEBUG Engine               - randomSeed: -1
10:09:08.594 [FXGL Background Thread 3 ] DEBUG Engine               - runtimeInfo: RuntimeInfo(platform=WINDOWS, version=11.14, build=01.03.2021 16.59)
10:09:08.594 [FXGL Background Thread 3 ] DEBUG Engine               - saveFileExt: sav
10:09:08.595 [FXGL Background Thread 3 ] DEBUG Engine               - scaledHeightProp$fxgl: DoubleProperty [bound, value: 832.0]
10:09:08.595 [FXGL Background Thread 3 ] DEBUG Engine               - scaledWidthProp$fxgl: DoubleProperty [bound, value: 960.0]
10:09:08.596 [FXGL Background Thread 3 ] DEBUG Engine               - sceneFactory: com.almasb.fxgl.app.scene.SceneFactory@6992d073
10:09:08.597 [FXGL Background Thread 3 ] DEBUG Engine               - secondsIn24h: 60
10:09:08.597 [FXGL Background Thread 3 ] DEBUG Engine               - soundMenuBack: menu/back.wav
10:09:08.598 [FXGL Background Thread 3 ] DEBUG Engine               - soundMenuPress: menu/press.wav
10:09:08.598 [FXGL Background Thread 3 ] DEBUG Engine               - soundMenuSelect: menu/select.wav
10:09:08.598 [FXGL Background Thread 3 ] DEBUG Engine               - soundNotification: core/notification.wav
10:09:08.599 [FXGL Background Thread 3 ] DEBUG Engine               - stageStyle: DECORATED
10:09:08.599 [FXGL Background Thread 3 ] DEBUG Engine               - supportedLanguages: [ENGLISH, FRENCH, GERMAN, HUNGARIAN, RUSSIAN]
10:09:08.600 [FXGL Background Thread 3 ] DEBUG Engine               - ticksPerSecond: -1
10:09:08.600 [FXGL Background Thread 3 ] DEBUG Engine               - title: Bomberman SE
10:09:08.600 [FXGL Background Thread 3 ] DEBUG Engine               - urlGithub: https://github.com/AlmasB/FXGL
10:09:08.601 [FXGL Background Thread 3 ] DEBUG Engine               - urlLeaderboard: http://fxgl-top.herokuapp.com/
10:09:08.601 [FXGL Background Thread 3 ] DEBUG Engine               - urlPOM: https://raw.githubusercontent.com/AlmasB/FXGL/release/README.md
10:09:08.602 [FXGL Background Thread 3 ] DEBUG Engine               - userAppClass: class Game
10:09:08.602 [FXGL Background Thread 3 ] DEBUG Engine               - version: 1.0
10:09:08.602 [FXGL Background Thread 3 ] DEBUG Engine               - versionCheckDays: 7
10:09:08.603 [FXGL Background Thread 3 ] DEBUG Engine               - width: 960
10:09:08.603 [FXGL Background Thread 3 ] DEBUG Engine               - Logging services
10:09:08.604 [FXGL Background Thread 3 ] DEBUG Engine               - class com.almasb.fxgl.app.services.FXGLAssetLoaderService
10:09:08.604 [FXGL Background Thread 3 ] DEBUG Engine               - class com.almasb.fxgl.app.FXGLApplication$GameApplicationService
10:09:08.605 [FXGL Background Thread 3 ] DEBUG Engine               - class com.almasb.fxgl.app.services.FXGLDialogService
10:09:08.605 [FXGL Background Thread 3 ] DEBUG Engine               - class com.almasb.fxgl.app.services.IOTaskExecutorService
10:09:08.605 [FXGL Background Thread 3 ] DEBUG Engine               - class com.almasb.fxgl.event.EventBusService
10:09:08.606 [FXGL Background Thread 3 ] DEBUG Engine               - class com.almasb.fxgl.io.FileSystemService
10:09:08.606 [FXGL Background Thread 3 ] DEBUG Engine               - class com.almasb.fxgl.localization.LocalizationService
10:09:08.606 [FXGL Background Thread 3 ] DEBUG Engine               - class com.almasb.fxgl.app.services.SystemBundleService
10:09:08.607 [FXGL Background Thread 3 ] DEBUG Engine               - class com.almasb.fxgl.profile.SaveLoadService
10:09:08.607 [FXGL Background Thread 3 ] DEBUG Engine               - class com.almasb.fxgl.ui.FXGLUIFactoryServiceProvider
10:09:08.607 [FXGL Background Thread 3 ] DEBUG Engine               - class com.almasb.fxgl.ui.FXGLDialogFactoryServiceProvider
10:09:08.608 [FXGL Background Thread 3 ] DEBUG Engine               - class com.almasb.fxgl.audio.AudioPlayer
10:09:08.608 [FXGL Background Thread 3 ] DEBUG Engine               - class com.almasb.fxgl.notification.impl.NotificationServiceProvider
10:09:08.608 [FXGL Background Thread 3 ] DEBUG Engine               - class com.almasb.fxgl.achievement.AchievementService
10:09:08.608 [FXGL Background Thread 3 ] DEBUG Engine               - class com.almasb.fxgl.cutscene.CutsceneService
10:09:08.609 [FXGL Background Thread 3 ] DEBUG Engine               - class com.almasb.fxgl.minigames.MiniGameService
10:09:08.609 [FXGL Background Thread 3 ] DEBUG Engine               - class com.almasb.fxgl.net.NetService
10:09:08.610 [FXGL Background Thread 3 ] DEBUG Engine               - class com.almasb.fxgl.app.services.UpdaterService
10:09:08.610 [FXGL Background Thread 3 ] DEBUG Engine               - class com.almasb.fxgl.dev.DevService
10:09:13.748 [JavaFX Application Thread] DEBUG FXGLApplication      - Exiting FXGL
10:09:13.748 [JavaFX Application Thread] DEBUG LoopRunner           - Stopping loop
10:09:13.748 [JavaFX Application Thread] DEBUG SystemBundleService  - Saving FXGL system data
10:09:13.750 [JavaFX Application Thread] DEBUG FileSystemAccess     - Writing to: C:\Users\0705s\OneDrive\Desktop\SE-Challengeweek\system\fxgl.bundle
10:09:13.752 [JavaFX Application Thread] DEBUG Async                - Shutting down background threads
10:09:13.752 [JavaFX Application Thread] DEBUG PrimaryStageWindow   - Closing main window
10:09:13.766 [JavaFX Application Thread] DEBUG Logger               - Closing Logger
