16:33:25.815 [main                     ] DEBUG Logger               - Configured Logger
16:33:25.849 [main                     ] DEBUG GameApplication      - Logging settings
Title: Bomberman SE
Version: 1.0
Width: 1920
Height: 1080
Fullscreen: false
Intro: false
Profiling: false
Single step:false
App Mode: DEVELOPER
Menu Key: ESCAPE
Stage Style: DECORATED
Scene Factory: class com.almasb.fxgl.app.scene.SceneFactory

16:33:26.753 [JavaFX Application Thread] DEBUG FXGLApplication      - Initializing FXGL
16:33:26.757 [JavaFX Application Thread] INFO  Engine               - FXGL-11.14 (01.03.2021 16.59) on WINDOWS (J:15.0.2 FX:15)
16:33:26.758 [JavaFX Application Thread] DEBUG Engine               - JRE Vendor Name: Amazon.com Inc.
16:33:26.759 [JavaFX Application Thread] DEBUG Engine               - Running on OS: Windows 10 version 10.0
16:33:26.760 [JavaFX Application Thread] DEBUG Engine               - Architecture: amd64
16:33:26.760 [JavaFX Application Thread] INFO  Engine               - Source code and latest versions at: https://github.com/AlmasB/FXGL
16:33:26.761 [JavaFX Application Thread] INFO  Engine               -              Join the FXGL chat at: https://gitter.im/AlmasB/FXGL
16:33:27.019 [JavaFX Application Thread] DEBUG PrimaryStageWindow   - Creating a JavaFX scene
16:33:27.020 [JavaFX Application Thread] DEBUG PrimaryStageWindow   - Target size > screen size
16:33:27.136 [JavaFX Application Thread] DEBUG PrimaryStageWindow   - Target settings size: 1920.0 x 1080.0
16:33:27.137 [JavaFX Application Thread] DEBUG PrimaryStageWindow   - Scaled scene size:    1823.0 x 1039.0
16:33:27.137 [JavaFX Application Thread] DEBUG PrimaryStageWindow   - Scaled ratio: (0.9494791666666667, 0.962037037037037)
16:33:27.140 [JavaFX Application Thread] DEBUG PrimaryStageWindow   - Set initial scene to FXGLStartupScene
16:33:27.161 [JavaFX Application Thread] DEBUG PrimaryStageWindow   - Opening main window
16:33:27.382 [JavaFX Application Thread] DEBUG PrimaryStageWindow   - Window border size: (16.0, 39.0)
16:33:27.382 [JavaFX Application Thread] DEBUG PrimaryStageWindow   - Scaled size: 1823.0 x 1039.0
16:33:27.383 [JavaFX Application Thread] DEBUG PrimaryStageWindow   - Scaled ratio: (0.9494791666666667, 0.962037037037037)
16:33:27.384 [JavaFX Application Thread] DEBUG PrimaryStageWindow   - Scene size: 1823.0 x 1039.0
16:33:27.385 [JavaFX Application Thread] DEBUG PrimaryStageWindow   - Stage size: 1839.0 x 1078.0
16:33:27.414 [FXGL Background Thread 1 ] DEBUG Engine               - Initializing environment variables
16:33:27.546 [FXGL Background Thread 1 ] DEBUG FXGLAssetLoaderServi - User app class for loading assets: class Game
16:33:27.547 [FXGL Background Thread 1 ] DEBUG GameApplicationServi - Applying CSS: fxgl_dark.css
16:33:27.550 [FXGL Background Thread 1 ] DEBUG FXGLAssetLoaderServi - Loading from file system: jar:file:/C:/Users/0705s/.m2/repository/com/github/almasb/fxgl/11.14/fxgl-11.14.jar!/fxglassets/ui/css/fxgl_dark.css
16:33:27.684 [FXGL Background Thread 1 ] DEBUG GameApplicationServi - Initializing application scenes
16:33:27.775 [FXGL Background Thread 1 ] DEBUG GameWorld            - Game world initialized
16:33:27.922 [FXGL Background Thread 1 ] DEBUG PhysicsWorld         - Physics world initialized: appHeight=1080, physics.ppm=50,0
16:33:27.922 [FXGL Background Thread 1 ] DEBUG PhysicsWorld         - Using strategy: BRUTE_FORCE
16:33:27.927 [FXGL Background Thread 1 ] DEBUG GameScene            - Game scene initialized: 1920x1080
16:33:27.983 [FXGL Background Thread 1 ] DEBUG FXGLAssetLoaderServi - Loading from file system: jar:file:/C:/Users/0705s/.m2/repository/com/github/almasb/fxgl/11.14/fxgl-11.14.jar!/fxglassets/textures/particles/trace_horizontal.png
16:33:28.076 [FXGL Background Thread 1 ] DEBUG FXGL.DefaultMenu     - createMenuBodyGameMenu()
16:33:28.099 [FXGL Background Thread 1 ] DEBUG FXGL.DefaultMenu     - createOptionsMenu()
16:33:28.107 [FXGL Background Thread 1 ] DEBUG FXGLAssetLoaderServi - Loading from file system: jar:file:/C:/Users/0705s/.m2/repository/com/github/almasb/fxgl/11.14/fxgl-11.14.jar!/fxglassets/textures/particles/smoke.png
16:33:28.225 [FXGL Background Thread 1 ] DEBUG GameApplicationServi - Application scenes initialized
16:33:28.252 [FXGL Background Thread 1 ] DEBUG SystemBundleService  - Loading FXGL system data
16:33:28.262 [FXGL Background Thread 1 ] DEBUG FileSystemAccess     - Reading from: C:\Users\0705s\OneDrive - Hogeschool Leiden\IOOA\SE-Bomberman\system\fxgl.bundle
16:33:28.281 [FXGL Background Thread 1 ] DEBUG SystemBundleService  - Bundle FXGL: {}
16:33:28.282 [FXGL Background Thread 1 ] DEBUG UpdaterService       - Checking for updates
16:33:28.291 [FXGL Background Thread 4 ] DEBUG FXGLApplication      - Loading fonts
16:33:28.292 [FXGL Background Thread 1 ] DEBUG FXGLApplication      - Loading default localization
16:33:28.294 [FXGL Background Thread 4 ] DEBUG FXGLAssetLoaderServi - Loading from file system: jar:file:/C:/Users/0705s/.m2/repository/com/github/almasb/fxgl/11.14/fxgl-11.14.jar!/fxglassets/ui/fonts/VarelaRound-Regular.ttf
16:33:28.294 [FXGL Background Thread 1 ] DEBUG FXGLAssetLoaderServi - Loading from file system: jar:file:/C:/Users/0705s/.m2/repository/com/github/almasb/fxgl/11.14/fxgl-11.14.jar!/fxglassets/languages/english.lang
16:33:28.330 [FXGL Background Thread 1 ] INFO  FXGLApplication      - FXGL initialization took: 0,915 sec
16:33:28.354 [JavaFX Application Thread] DEBUG Input                - Registered new binding: action0 - D
16:33:28.356 [JavaFX Application Thread] DEBUG Input                - Registered new binding: action1 - A
16:33:28.357 [JavaFX Application Thread] DEBUG Input                - Registered new binding: action2 - W
16:33:28.358 [JavaFX Application Thread] DEBUG Input                - Registered new binding: action3 - S
16:33:28.360 [JavaFX Application Thread] DEBUG FXGLAssetLoaderServi - Loading from file system: jar:file:/C:/Users/0705s/.m2/repository/com/github/almasb/fxgl/11.14/fxgl-11.14.jar!/fxglassets/textures/fxgl_icon.png
16:33:28.409 [JavaFX Application Thread] DEBUG FXGLAssetLoaderServi - Loading from file system: jar:file:/C:/Users/0705s/.m2/repository/com/github/almasb/fxgl/11.14/fxgl-11.14.jar!/fxglassets/ui/cursors/fxgl_default.png
16:33:28.415 [JavaFX Application Thread] DEBUG Input                - Registered new binding: Screenshot - P
16:33:28.416 [JavaFX Application Thread] DEBUG Input                - Registered new binding: System info dump - CTRL+9
16:33:28.418 [JavaFX Application Thread] DEBUG Input                - Registered new binding: Restart - CTRL+R
16:33:28.420 [JavaFX Application Thread] DEBUG Input                - Registered new binding: Toggle Debug Camera - CTRL+C
16:33:28.424 [JavaFX Application Thread] DEBUG LoopRunner           - Starting loop
16:33:28.425 [JavaFX Application Thread] DEBUG LoopRunner           - Initializing JavaFX AnimationTimerLoop
16:33:28.427 [JavaFX Application Thread] DEBUG GameApplicationServi - Starting new game
16:33:28.428 [JavaFX Application Thread] DEBUG Input                - Clearing active input actions
16:33:28.444 [FXGL Background Thread 4 ] DEBUG FXGLAssetLoaderServi - Loading from file system: jar:file:/C:/Users/0705s/.m2/repository/com/github/almasb/fxgl/11.14/fxgl-11.14.jar!/fxglassets/ui/fonts/Abel-Regular.ttf
16:33:28.452 [FXGL Background Thread 4 ] DEBUG FXGLAssetLoaderServi - Loading from file system: jar:file:/C:/Users/0705s/.m2/repository/com/github/almasb/fxgl/11.14/fxgl-11.14.jar!/fxglassets/ui/fonts/lucida_console.ttf
16:33:28.456 [JavaFX Application Thread] DEBUG GameApplicationServi - Removing overlay from FXGLStartupScene and adding to FXGLLoadingScene
16:33:28.456 [JavaFX Application Thread] DEBUG PrimaryStageWindow   - FXGLStartupScene -> FXGLLoadingScene
16:33:28.457 [JavaFX Application Thread] DEBUG GameApplicationServi - Clearing previous game
16:33:28.458 [JavaFX Application Thread] DEBUG GameScene            - Clearing game scene
16:33:28.458 [JavaFX Application Thread] DEBUG GameWorld            - Clearing game world
16:33:28.459 [JavaFX Application Thread] DEBUG PhysicsWorld         - Clearing physics world
16:33:28.462 [FXGL Background Thread 1 ] DEBUG FXGLApplication      - Initializing game
16:33:28.464 [FXGL Background Thread 4 ] DEBUG FXGLAssetLoaderServi - Loading from file system: jar:file:/C:/Users/0705s/.m2/repository/com/github/almasb/fxgl/11.14/fxgl-11.14.jar!/fxglassets/ui/fonts/Courier-Prime.ttf
16:33:28.467 [FXGL Background Thread 1 ] DEBUG FXGLAssetLoaderServi - Loading from file system: file:/C:/Users/0705s/OneDrive%20-%20Hogeschool%20Leiden/IOOA/SE-Bomberman/target/classes/assets/textures/sprite.png
16:33:28.566 [JavaFX Application Thread] DEBUG FXGLApplication      - Registering font factories with UI factory
16:33:28.731 [FXGL Background Thread 1 ] INFO  FXGLApplication      - Game initialization took: 0,268 sec
16:33:28.786 [JavaFX Application Thread] DEBUG Input                - Clearing active input actions
16:33:28.835 [JavaFX Application Thread] DEBUG GameApplicationServi - Removing overlay from FXGLLoadingScene and adding to GameScene
16:33:28.836 [JavaFX Application Thread] DEBUG PrimaryStageWindow   - FXGLLoadingScene -> GameScene
16:33:29.250 [FXGL Background Thread 2 ] INFO  UpdaterService       - Your current version:  11.14
16:33:29.250 [FXGL Background Thread 2 ] INFO  UpdaterService       - Latest stable version: 17.1
16:33:31.289 [FXGL Background Thread 3 ] DEBUG Engine               - Logging environment variables
16:33:31.289 [FXGL Background Thread 3 ] DEBUG Engine               - achievements: []
16:33:31.290 [FXGL Background Thread 3 ] DEBUG Engine               - actualHeight: 1039.0
16:33:31.290 [FXGL Background Thread 3 ] DEBUG Engine               - actualHeightProperty: ReadOnlyDoubleProperty [value: 1039.0]
16:33:31.290 [FXGL Background Thread 3 ] DEBUG Engine               - actualWidth: 1823.0
16:33:31.291 [FXGL Background Thread 3 ] DEBUG Engine               - actualWidthProperty: ReadOnlyDoubleProperty [value: 1823.0]
16:33:31.291 [FXGL Background Thread 3 ] DEBUG Engine               - appIcon: fxgl_icon.png
16:33:31.291 [FXGL Background Thread 3 ] DEBUG Engine               - applicationMode: DEVELOPER
16:33:31.291 [FXGL Background Thread 3 ] DEBUG Engine               - cSSList: [fxgl_dark.css]
16:33:31.292 [FXGL Background Thread 3 ] DEBUG Engine               - collisionDetectionStrategy: BRUTE_FORCE
16:33:31.293 [FXGL Background Thread 3 ] DEBUG Engine               - configClass: Optional.empty
16:33:31.293 [FXGL Background Thread 3 ] DEBUG Engine               - credits: []
16:33:31.294 [FXGL Background Thread 3 ] DEBUG Engine               - devBBoxColorProperty: ObjectProperty [value: 0xff0000ff]
16:33:31.295 [FXGL Background Thread 3 ] DEBUG Engine               - devEnableDebugCameraProperty: BooleanProperty [value: false]
16:33:31.295 [FXGL Background Thread 3 ] DEBUG Engine               - devSensorColorProperty: ObjectProperty [value: 0xffff00ff]
16:33:31.296 [FXGL Background Thread 3 ] DEBUG Engine               - devShowBBoxProperty: BooleanProperty [value: false]
16:33:31.296 [FXGL Background Thread 3 ] DEBUG Engine               - devShowPositionProperty: BooleanProperty [value: false]
16:33:31.297 [FXGL Background Thread 3 ] DEBUG Engine               - enabledMenuItems: []
16:33:31.298 [FXGL Background Thread 3 ] DEBUG Engine               - engineServices: [class com.almasb.fxgl.app.services.FXGLAssetLoaderService, class com.almasb.fxgl.app.FXGLApplication$GameApplicationService, class com.almasb.fxgl.app.services.FXGLDialogService, class com.almasb.fxgl.app.services.IOTaskExecutorService, class com.almasb.fxgl.event.EventBusService, class com.almasb.fxgl.io.FileSystemService, class com.almasb.fxgl.localization.LocalizationService, class com.almasb.fxgl.app.services.SystemBundleService, class com.almasb.fxgl.profile.SaveLoadService, class com.almasb.fxgl.ui.FXGLUIFactoryServiceProvider, class com.almasb.fxgl.ui.FXGLDialogFactoryServiceProvider, class com.almasb.fxgl.audio.AudioPlayer, class com.almasb.fxgl.notification.impl.NotificationServiceProvider, class com.almasb.fxgl.achievement.AchievementService, class com.almasb.fxgl.cutscene.CutsceneService, class com.almasb.fxgl.minigames.MiniGameService, class com.almasb.fxgl.net.NetService, class com.almasb.fxgl.app.services.UpdaterService, class com.almasb.fxgl.dev.DevService]
16:33:31.298 [FXGL Background Thread 3 ] DEBUG Engine               - fontGame: Abel-Regular.ttf
16:33:31.299 [FXGL Background Thread 3 ] DEBUG Engine               - fontMono: lucida_console.ttf
16:33:31.299 [FXGL Background Thread 3 ] DEBUG Engine               - fontText: Courier-Prime.ttf
16:33:31.300 [FXGL Background Thread 3 ] DEBUG Engine               - fontUI: VarelaRound-Regular.ttf
16:33:31.300 [FXGL Background Thread 3 ] DEBUG Engine               - fullScreen: BooleanProperty [value: false]
16:33:31.301 [FXGL Background Thread 3 ] DEBUG Engine               - gameDifficulty: MEDIUM
16:33:31.301 [FXGL Background Thread 3 ] DEBUG Engine               - gameDifficultyProperty: ObjectProperty [value: MEDIUM]
16:33:31.302 [FXGL Background Thread 3 ] DEBUG Engine               - globalMusicVolume: 0.5
16:33:31.302 [FXGL Background Thread 3 ] DEBUG Engine               - globalMusicVolumeProperty: DoubleProperty [value: 0.5]
16:33:31.303 [FXGL Background Thread 3 ] DEBUG Engine               - globalSoundVolume: 0.5
16:33:31.303 [FXGL Background Thread 3 ] DEBUG Engine               - globalSoundVolumeProperty: DoubleProperty [value: 0.5]
16:33:31.304 [FXGL Background Thread 3 ] DEBUG Engine               - height: 1080
16:33:31.304 [FXGL Background Thread 3 ] DEBUG Engine               - isAndroid: false
16:33:31.305 [FXGL Background Thread 3 ] DEBUG Engine               - isBrowser: false
16:33:31.305 [FXGL Background Thread 3 ] DEBUG Engine               - isClickFeedbackEnabled: false
16:33:31.306 [FXGL Background Thread 3 ] DEBUG Engine               - isCloseConfirmation: false
16:33:31.306 [FXGL Background Thread 3 ] DEBUG Engine               - isDesktop: true
16:33:31.307 [FXGL Background Thread 3 ] DEBUG Engine               - isDeveloperMenuEnabled: false
16:33:31.307 [FXGL Background Thread 3 ] DEBUG Engine               - isEntityPreloadEnabled: true
16:33:31.307 [FXGL Background Thread 3 ] DEBUG Engine               - isExperimental3D: false
16:33:31.308 [FXGL Background Thread 3 ] DEBUG Engine               - isExperimentalNative: false
16:33:31.308 [FXGL Background Thread 3 ] DEBUG Engine               - isExperimentalTiledLargeMap: false
16:33:31.309 [FXGL Background Thread 3 ] DEBUG Engine               - isFileSystemWriteAllowed: true
16:33:31.309 [FXGL Background Thread 3 ] DEBUG Engine               - isFullScreenAllowed: false
16:33:31.309 [FXGL Background Thread 3 ] DEBUG Engine               - isFullScreenFromStart: false
16:33:31.309 [FXGL Background Thread 3 ] DEBUG Engine               - isGameMenuEnabled: true
16:33:31.310 [FXGL Background Thread 3 ] DEBUG Engine               - isIOS: false
16:33:31.310 [FXGL Background Thread 3 ] DEBUG Engine               - isIntroEnabled: false
16:33:31.310 [FXGL Background Thread 3 ] DEBUG Engine               - isLinux: false
16:33:31.310 [FXGL Background Thread 3 ] DEBUG Engine               - isMac: false
16:33:31.311 [FXGL Background Thread 3 ] DEBUG Engine               - isMainMenuEnabled: false
16:33:31.311 [FXGL Background Thread 3 ] DEBUG Engine               - isManualResizeEnabled: false
16:33:31.311 [FXGL Background Thread 3 ] DEBUG Engine               - isMobile: false
16:33:31.312 [FXGL Background Thread 3 ] DEBUG Engine               - isPreserveResizeRatio: false
16:33:31.312 [FXGL Background Thread 3 ] DEBUG Engine               - isProfilingEnabled: false
16:33:31.312 [FXGL Background Thread 3 ] DEBUG Engine               - isScaleAffectedOnResize: true
16:33:31.313 [FXGL Background Thread 3 ] DEBUG Engine               - isSingleStep: false
16:33:31.313 [FXGL Background Thread 3 ] DEBUG Engine               - isUserProfileEnabled: false
16:33:31.313 [FXGL Background Thread 3 ] DEBUG Engine               - isWindows: true
16:33:31.314 [FXGL Background Thread 3 ] DEBUG Engine               - language: ObjectProperty [value: ENGLISH]
16:33:31.314 [FXGL Background Thread 3 ] DEBUG Engine               - menuKey: ESCAPE
16:33:31.314 [FXGL Background Thread 3 ] DEBUG Engine               - notificationViewClass: class com.almasb.fxgl.notification.view.XboxNotificationView
16:33:31.315 [FXGL Background Thread 3 ] DEBUG Engine               - pixelsPerMeter: 50.0
16:33:31.315 [FXGL Background Thread 3 ] DEBUG Engine               - platform: WINDOWS
16:33:31.316 [FXGL Background Thread 3 ] DEBUG Engine               - prefHeightProperty: ReadOnlyDoubleProperty [value: 1080.0]
16:33:31.316 [FXGL Background Thread 3 ] DEBUG Engine               - prefWidthProperty: ReadOnlyDoubleProperty [value: 1920.0]
16:33:31.316 [FXGL Background Thread 3 ] DEBUG Engine               - profileDir: profiles/
16:33:31.317 [FXGL Background Thread 3 ] DEBUG Engine               - profileName: StringProperty [value: DEFAULT]
16:33:31.317 [FXGL Background Thread 3 ] DEBUG Engine               - randomSeed: -1
16:33:31.318 [FXGL Background Thread 3 ] DEBUG Engine               - runtimeInfo: RuntimeInfo(platform=WINDOWS, version=11.14, build=01.03.2021 16.59)
16:33:31.318 [FXGL Background Thread 3 ] DEBUG Engine               - saveFileExt: sav
16:33:31.319 [FXGL Background Thread 3 ] DEBUG Engine               - scaledHeightProp$fxgl: DoubleProperty [bound, value: 1039.0]
16:33:31.319 [FXGL Background Thread 3 ] DEBUG Engine               - scaledWidthProp$fxgl: DoubleProperty [bound, value: 1823.0]
16:33:31.320 [FXGL Background Thread 3 ] DEBUG Engine               - sceneFactory: com.almasb.fxgl.app.scene.SceneFactory@7efafae9
16:33:31.320 [FXGL Background Thread 3 ] DEBUG Engine               - secondsIn24h: 60
16:33:31.320 [FXGL Background Thread 3 ] DEBUG Engine               - soundMenuBack: menu/back.wav
16:33:31.321 [FXGL Background Thread 3 ] DEBUG Engine               - soundMenuPress: menu/press.wav
16:33:31.321 [FXGL Background Thread 3 ] DEBUG Engine               - soundMenuSelect: menu/select.wav
16:33:31.321 [FXGL Background Thread 3 ] DEBUG Engine               - soundNotification: core/notification.wav
16:33:31.321 [FXGL Background Thread 3 ] DEBUG Engine               - stageStyle: DECORATED
16:33:31.322 [FXGL Background Thread 3 ] DEBUG Engine               - supportedLanguages: [ENGLISH, FRENCH, GERMAN, HUNGARIAN, RUSSIAN]
16:33:31.322 [FXGL Background Thread 3 ] DEBUG Engine               - ticksPerSecond: -1
16:33:31.322 [FXGL Background Thread 3 ] DEBUG Engine               - title: Bomberman SE
16:33:31.322 [FXGL Background Thread 3 ] DEBUG Engine               - urlGithub: https://github.com/AlmasB/FXGL
16:33:31.323 [FXGL Background Thread 3 ] DEBUG Engine               - urlLeaderboard: http://fxgl-top.herokuapp.com/
16:33:31.323 [FXGL Background Thread 3 ] DEBUG Engine               - urlPOM: https://raw.githubusercontent.com/AlmasB/FXGL/release/README.md
16:33:31.323 [FXGL Background Thread 3 ] DEBUG Engine               - userAppClass: class Game
16:33:31.324 [FXGL Background Thread 3 ] DEBUG Engine               - version: 1.0
16:33:31.324 [FXGL Background Thread 3 ] DEBUG Engine               - versionCheckDays: 7
16:33:31.324 [FXGL Background Thread 3 ] DEBUG Engine               - width: 1920
16:33:31.325 [FXGL Background Thread 3 ] DEBUG Engine               - Logging services
16:33:31.325 [FXGL Background Thread 3 ] DEBUG Engine               - class com.almasb.fxgl.app.services.FXGLAssetLoaderService
16:33:31.325 [FXGL Background Thread 3 ] DEBUG Engine               - class com.almasb.fxgl.app.FXGLApplication$GameApplicationService
16:33:31.325 [FXGL Background Thread 3 ] DEBUG Engine               - class com.almasb.fxgl.app.services.FXGLDialogService
16:33:31.325 [FXGL Background Thread 3 ] DEBUG Engine               - class com.almasb.fxgl.app.services.IOTaskExecutorService
16:33:31.326 [FXGL Background Thread 3 ] DEBUG Engine               - class com.almasb.fxgl.event.EventBusService
16:33:31.326 [FXGL Background Thread 3 ] DEBUG Engine               - class com.almasb.fxgl.io.FileSystemService
16:33:31.327 [FXGL Background Thread 3 ] DEBUG Engine               - class com.almasb.fxgl.localization.LocalizationService
16:33:31.327 [FXGL Background Thread 3 ] DEBUG Engine               - class com.almasb.fxgl.app.services.SystemBundleService
16:33:31.328 [FXGL Background Thread 3 ] DEBUG Engine               - class com.almasb.fxgl.profile.SaveLoadService
16:33:31.328 [FXGL Background Thread 3 ] DEBUG Engine               - class com.almasb.fxgl.ui.FXGLUIFactoryServiceProvider
16:33:31.328 [FXGL Background Thread 3 ] DEBUG Engine               - class com.almasb.fxgl.ui.FXGLDialogFactoryServiceProvider
16:33:31.329 [FXGL Background Thread 3 ] DEBUG Engine               - class com.almasb.fxgl.audio.AudioPlayer
16:33:31.330 [FXGL Background Thread 3 ] DEBUG Engine               - class com.almasb.fxgl.notification.impl.NotificationServiceProvider
16:33:31.330 [FXGL Background Thread 3 ] DEBUG Engine               - class com.almasb.fxgl.achievement.AchievementService
16:33:31.330 [FXGL Background Thread 3 ] DEBUG Engine               - class com.almasb.fxgl.cutscene.CutsceneService
16:33:31.331 [FXGL Background Thread 3 ] DEBUG Engine               - class com.almasb.fxgl.minigames.MiniGameService
16:33:31.331 [FXGL Background Thread 3 ] DEBUG Engine               - class com.almasb.fxgl.net.NetService
16:33:31.332 [FXGL Background Thread 3 ] DEBUG Engine               - class com.almasb.fxgl.app.services.UpdaterService
16:33:31.332 [FXGL Background Thread 3 ] DEBUG Engine               - class com.almasb.fxgl.dev.DevService
16:37:01.403 [JavaFX Application Thread] DEBUG FXGLApplication      - Exiting FXGL
16:37:01.404 [JavaFX Application Thread] DEBUG LoopRunner           - Stopping loop
16:37:01.405 [JavaFX Application Thread] DEBUG SystemBundleService  - Saving FXGL system data
16:37:01.412 [JavaFX Application Thread] DEBUG FileSystemAccess     - Writing to: C:\Users\0705s\OneDrive - Hogeschool Leiden\IOOA\SE-Bomberman\system\fxgl.bundle
16:37:01.418 [JavaFX Application Thread] DEBUG Async                - Shutting down background threads
16:37:01.419 [JavaFX Application Thread] DEBUG PrimaryStageWindow   - Closing main window
16:37:01.438 [JavaFX Application Thread] DEBUG Logger               - Closing Logger
