17:44:56.264 [main                     ] DEBUG Logger               - Configured Logger
17:44:56.277 [main                     ] DEBUG GameApplication      - Logging settings
Title: Bomberman
Version: 0.0
Width: 950
Height: 820
Fullscreen: false
Intro: false
Profiling: false
Single step:false
App Mode: DEVELOPER
Menu Key: ESCAPE
Stage Style: DECORATED
Scene Factory: class com.almasb.fxgl.app.scene.SceneFactory

17:44:56.611 [JavaFX Application Thread] DEBUG FXGLApplication      - Initializing FXGL
17:44:56.613 [JavaFX Application Thread] INFO  Engine               - FXGL-11.14 (01.03.2021 16.59) on WINDOWS (J:15.0.2 FX:15)
17:44:56.613 [JavaFX Application Thread] DEBUG Engine               - JRE Vendor Name: Amazon.com Inc.
17:44:56.613 [JavaFX Application Thread] DEBUG Engine               - Running on OS: Windows 10 version 10.0
17:44:56.614 [JavaFX Application Thread] DEBUG Engine               - Architecture: amd64
17:44:56.614 [JavaFX Application Thread] INFO  Engine               - Source code and latest versions at: https://github.com/AlmasB/FXGL
17:44:56.614 [JavaFX Application Thread] INFO  Engine               -              Join the FXGL chat at: https://gitter.im/AlmasB/FXGL
17:44:56.714 [JavaFX Application Thread] DEBUG PrimaryStageWindow   - Creating a JavaFX scene
17:44:56.765 [JavaFX Application Thread] DEBUG PrimaryStageWindow   - Target settings size: 950.0 x 820.0
17:44:56.765 [JavaFX Application Thread] DEBUG PrimaryStageWindow   - Scaled scene size:    950.0 x 820.0
17:44:56.766 [JavaFX Application Thread] DEBUG PrimaryStageWindow   - Scaled ratio: (1.0, 1.0)
17:44:56.767 [JavaFX Application Thread] DEBUG PrimaryStageWindow   - Set initial scene to FXGLStartupScene
17:44:56.773 [JavaFX Application Thread] DEBUG PrimaryStageWindow   - Opening main window
17:44:56.853 [JavaFX Application Thread] DEBUG PrimaryStageWindow   - Window border size: (14.79998779296875, 37.5999755859375)
17:44:56.853 [JavaFX Application Thread] DEBUG PrimaryStageWindow   - Scaled size: 950.0 x 820.0
17:44:56.854 [JavaFX Application Thread] DEBUG PrimaryStageWindow   - Scaled ratio: (1.0, 1.0)
17:44:56.854 [JavaFX Application Thread] DEBUG PrimaryStageWindow   - Scene size: 950.0 x 820.0
17:44:56.854 [JavaFX Application Thread] DEBUG PrimaryStageWindow   - Stage size: 964.7999877929688 x 857.5999755859375
17:44:56.862 [FXGL Background Thread 1 ] DEBUG Engine               - Initializing environment variables
17:44:56.899 [FXGL Background Thread 1 ] DEBUG FXGLAssetLoaderServi - User app class for loading assets: class Game
17:44:56.900 [FXGL Background Thread 1 ] DEBUG GameApplicationServi - Applying CSS: fxgl_dark.css
17:44:56.901 [FXGL Background Thread 1 ] DEBUG FXGLAssetLoaderServi - Loading from file system: jar:file:/C:/Users/stanm/.m2/repository/com/github/almasb/fxgl/11.14/fxgl-11.14.jar!/fxglassets/ui/css/fxgl_dark.css
17:44:56.950 [FXGL Background Thread 1 ] DEBUG GameApplicationServi - Initializing application scenes
17:44:56.983 [FXGL Background Thread 1 ] DEBUG GameWorld            - Game world initialized
17:44:57.035 [FXGL Background Thread 1 ] DEBUG PhysicsWorld         - Physics world initialized: appHeight=820, physics.ppm=50,0
17:44:57.036 [FXGL Background Thread 1 ] DEBUG PhysicsWorld         - Using strategy: BRUTE_FORCE
17:44:57.038 [FXGL Background Thread 1 ] DEBUG GameScene            - Game scene initialized: 950x820
17:44:57.077 [FXGL Background Thread 1 ] DEBUG FXGLAssetLoaderServi - Loading from file system: jar:file:/C:/Users/stanm/.m2/repository/com/github/almasb/fxgl/11.14/fxgl-11.14.jar!/fxglassets/textures/particles/trace_horizontal.png
17:44:57.123 [FXGL Background Thread 1 ] DEBUG FXGL.DefaultMenu     - createMenuBodyMainMenu()
17:44:57.137 [FXGL Background Thread 1 ] DEBUG FXGL.DefaultMenu     - createOptionsMenu()
17:44:57.141 [FXGL Background Thread 1 ] DEBUG FXGLAssetLoaderServi - Loading from file system: jar:file:/C:/Users/stanm/.m2/repository/com/github/almasb/fxgl/11.14/fxgl-11.14.jar!/fxglassets/textures/particles/smoke.png
17:44:57.186 [FXGL Background Thread 1 ] DEBUG FXGL.DefaultMenu     - createMenuBodyGameMenu()
17:44:57.188 [FXGL Background Thread 1 ] DEBUG FXGL.DefaultMenu     - createOptionsMenu()
17:44:57.201 [FXGL Background Thread 1 ] DEBUG GameApplicationServi - Application scenes initialized
17:44:57.209 [FXGL Background Thread 1 ] DEBUG SystemBundleService  - Loading FXGL system data
17:44:57.213 [FXGL Background Thread 1 ] DEBUG FileSystemAccess     - Reading from: C:\Users\stanm\Documents\SE-Challengeweek\system\fxgl.bundle
17:44:57.218 [FXGL Background Thread 1 ] DEBUG SystemBundleService  - Bundle FXGL: {}
17:44:57.218 [FXGL Background Thread 1 ] DEBUG UpdaterService       - Checking for updates
17:44:57.239 [FXGL Background Thread 4 ] DEBUG FXGLApplication      - Loading fonts
17:44:57.240 [FXGL Background Thread 1 ] DEBUG FXGLApplication      - Loading default localization
17:44:57.240 [FXGL Background Thread 4 ] DEBUG FXGLAssetLoaderServi - Loading from file system: jar:file:/C:/Users/stanm/.m2/repository/com/github/almasb/fxgl/11.14/fxgl-11.14.jar!/fxglassets/ui/fonts/VarelaRound-Regular.ttf
17:44:57.241 [FXGL Background Thread 1 ] DEBUG FXGLAssetLoaderServi - Loading from file system: jar:file:/C:/Users/stanm/.m2/repository/com/github/almasb/fxgl/11.14/fxgl-11.14.jar!/fxglassets/languages/english.lang
17:44:57.256 [FXGL Background Thread 1 ] INFO  FXGLApplication      - FXGL initialization took: 0,393 sec
17:44:57.266 [JavaFX Application Thread] DEBUG Input                - Registered new binding: up - W
17:44:57.266 [JavaFX Application Thread] DEBUG Input                - Registered new binding: up2 - Up
17:44:57.266 [JavaFX Application Thread] DEBUG Input                - Registered new binding: down - S
17:44:57.267 [JavaFX Application Thread] DEBUG Input                - Registered new binding: down2 - Down
17:44:57.267 [JavaFX Application Thread] DEBUG Input                - Registered new binding: left - A
17:44:57.267 [JavaFX Application Thread] DEBUG Input                - Registered new binding: left2 - Left
17:44:57.267 [JavaFX Application Thread] DEBUG Input                - Registered new binding: right - D
17:44:57.267 [JavaFX Application Thread] DEBUG Input                - Registered new binding: right2 - Right
17:44:57.268 [JavaFX Application Thread] DEBUG Input                - Registered new binding: Place Bomb - Space
17:44:57.268 [JavaFX Application Thread] DEBUG Input                - Registered new binding: Place Bomb2 - Enter
17:44:57.268 [JavaFX Application Thread] DEBUG FXGLAssetLoaderServi - Loading from file system: jar:file:/C:/Users/stanm/.m2/repository/com/github/almasb/fxgl/11.14/fxgl-11.14.jar!/fxglassets/textures/fxgl_icon.png
17:44:57.290 [JavaFX Application Thread] DEBUG FXGLAssetLoaderServi - Loading from file system: jar:file:/C:/Users/stanm/.m2/repository/com/github/almasb/fxgl/11.14/fxgl-11.14.jar!/fxglassets/ui/cursors/fxgl_default.png
17:44:57.292 [JavaFX Application Thread] DEBUG Input                - Registered new binding: Screenshot - P
17:44:57.293 [JavaFX Application Thread] DEBUG Input                - Registered new binding: Dev Options - 1
17:44:57.293 [JavaFX Application Thread] DEBUG Input                - Registered new binding: Dev Console - 2
17:44:57.294 [JavaFX Application Thread] DEBUG Input                - Registered new binding: System info dump - CTRL+9
17:44:57.294 [JavaFX Application Thread] DEBUG Input                - Registered new binding: Restart - CTRL+R
17:44:57.294 [JavaFX Application Thread] DEBUG Input                - Registered new binding: Toggle Debug Camera - CTRL+C
17:44:57.298 [JavaFX Application Thread] DEBUG LoopRunner           - Starting loop
17:44:57.303 [FXGL Background Thread 4 ] DEBUG FXGLAssetLoaderServi - Loading from file system: jar:file:/C:/Users/stanm/.m2/repository/com/github/almasb/fxgl/11.14/fxgl-11.14.jar!/fxglassets/ui/fonts/Abel-Regular.ttf
17:44:57.310 [JavaFX Application Thread] DEBUG LoopRunner           - Initializing JavaFX AnimationTimerLoop
17:44:57.313 [JavaFX Application Thread] DEBUG Input                - Clearing active input actions
17:44:57.318 [FXGL Background Thread 4 ] DEBUG FXGLAssetLoaderServi - Loading from file system: jar:file:/C:/Users/stanm/.m2/repository/com/github/almasb/fxgl/11.14/fxgl-11.14.jar!/fxglassets/ui/fonts/lucida_console.ttf
17:44:57.319 [JavaFX Application Thread] DEBUG GameApplicationServi - Removing overlay from FXGLStartupScene and adding to FXGLMainMenuDummyScene
17:44:57.323 [JavaFX Application Thread] DEBUG PrimaryStageWindow   - FXGLStartupScene -> FXGLMainMenuDummyScene
17:44:57.324 [JavaFX Application Thread] DEBUG PrimaryStageWindow   - Push state: FXGLDefaultMenu
17:44:57.327 [JavaFX Application Thread] DEBUG Input                - Clearing active input actions
17:44:57.331 [FXGL Background Thread 4 ] DEBUG FXGLAssetLoaderServi - Loading from file system: jar:file:/C:/Users/stanm/.m2/repository/com/github/almasb/fxgl/11.14/fxgl-11.14.jar!/fxglassets/ui/fonts/Courier-Prime.ttf
17:44:57.335 [JavaFX Application Thread] DEBUG GameApplicationServi - Removing overlay from FXGLMainMenuDummyScene and adding to FXGLDefaultMenu
17:44:57.336 [JavaFX Application Thread] DEBUG PrimaryStageWindow   - FXGLMainMenuDummyScene -> FXGLDefaultMenu
17:44:57.541 [JavaFX Application Thread] DEBUG FXGLApplication      - Registering font factories with UI factory
17:44:57.570 [FXGL Background Thread 2 ] INFO  UpdaterService       - Your current version:  11.14
17:44:57.570 [FXGL Background Thread 2 ] INFO  UpdaterService       - Latest stable version: 17.1
17:44:58.994 [JavaFX Application Thread] DEBUG Menu                 - fireNewGame()
17:44:58.995 [JavaFX Application Thread] DEBUG GameApplicationServi - Starting new game
17:44:59.000 [JavaFX Application Thread] DEBUG PrimaryStageWindow   - Pop state: FXGLDefaultMenu
17:44:59.000 [JavaFX Application Thread] DEBUG Input                - Clearing active input actions
17:44:59.002 [JavaFX Application Thread] DEBUG GameApplicationServi - Removing overlay from FXGLDefaultMenu and adding to FXGLMainMenuDummyScene
17:44:59.004 [JavaFX Application Thread] DEBUG PrimaryStageWindow   - FXGLMainMenuDummyScene <- FXGLDefaultMenu
17:44:59.004 [JavaFX Application Thread] DEBUG Input                - Clearing active input actions
17:44:59.012 [JavaFX Application Thread] DEBUG GameApplicationServi - Removing overlay from FXGLMainMenuDummyScene and adding to FXGLLoadingScene
17:44:59.013 [JavaFX Application Thread] DEBUG PrimaryStageWindow   - FXGLMainMenuDummyScene -> FXGLLoadingScene
17:44:59.013 [JavaFX Application Thread] DEBUG GameApplicationServi - Clearing previous game
17:44:59.013 [JavaFX Application Thread] DEBUG GameScene            - Clearing game scene
17:44:59.013 [JavaFX Application Thread] DEBUG GameWorld            - Clearing game world
17:44:59.014 [JavaFX Application Thread] DEBUG PhysicsWorld         - Clearing physics world
17:44:59.015 [FXGL Background Thread 2 ] DEBUG FXGLApplication      - Initializing game
17:44:59.042 [FXGL Background Thread 2 ] WARN  TMXLevelLoader       - TiledMap generated from 1.8.4. Supported version: 1.2.3. Some features may not be parsed fully.
17:44:59.052 [FXGL Background Thread 2 ] DEBUG TMXLevelLoader       - Parsed raw map: TiledMap(width=15, height=13, tilewidth=64, tileheight=64, orientation=orthogonal, layers=[Layer(width=15, height=13, name=Tile Layer 1, type=tilelayer, visible=false, x=0, y=0, data=[8, 8, 8, 8, 8, 8, 8, 8, 8, 8, 8, 8, 8, 8, 8, 8, 7, 7, 7, 7, 7, 7, 7, 7, 7, 7, 7, 7, 7, 8, 8, 7, 4, 7, 4, 7, 4, 7, 4, 7, 4, 7, 4, 7, 8, 8, 7, 7, 7, 7, 7, 7, 7, 7, 7, 7, 7, 7, 7, 8, 8, 7, 4, 7, 4, 7, 4, 7, 4, 7, 4, 7, 4, 7, 8, 8, 7, 7, 7, 7, 7, 7, 7, 7, 7, 7, 7, 7, 7, 8, 8, 7, 4, 7, 4, 7, 4, 7, 4, 7, 4, 7, 4, 7, 8, 8, 7, 7, 7, 7, 7, 7, 7, 7, 7, 7, 7, 7, 7, 8, 8, 7, 4, 7, 4, 7, 4, 7, 4, 7, 4, 7, 4, 7, 8, 8, 7, 7, 7, 7, 7, 7, 7, 7, 7, 7, 7, 7, 7, 8, 8, 7, 4, 7, 4, 7, 4, 7, 4, 7, 4, 7, 4, 7, 8, 8, 7, 7, 7, 7, 7, 7, 7, 7, 7, 7, 7, 7, 7, 8, 8, 8, 8, 8, 8, 8, 8, 8, 8, 8, 8, 8, 8, 8, 8], objects=[], opacity=0.0, draworder=), Layer(width=0, height=0, name=Object Layer 1, type=objectgroup, visible=false, x=0, y=0, data=[], objects=[com.almasb.fxgl.entity.level.tiled.TiledObject@2797ef4d, com.almasb.fxgl.entity.level.tiled.TiledObject@4985d528, com.almasb.fxgl.entity.level.tiled.TiledObject@8467369, com.almasb.fxgl.entity.level.tiled.TiledObject@b44dda4, com.almasb.fxgl.entity.level.tiled.TiledObject@13b1a606, com.almasb.fxgl.entity.level.tiled.TiledObject@747a0dcd, com.almasb.fxgl.entity.level.tiled.TiledObject@4f9ce510, com.almasb.fxgl.entity.level.tiled.TiledObject@6298b8ba, com.almasb.fxgl.entity.level.tiled.TiledObject@7c07b379, com.almasb.fxgl.entity.level.tiled.TiledObject@58b7dd51, com.almasb.fxgl.entity.level.tiled.TiledObject@70ab0732, com.almasb.fxgl.entity.level.tiled.TiledObject@57d12cf5, com.almasb.fxgl.entity.level.tiled.TiledObject@168cd10d, com.almasb.fxgl.entity.level.tiled.TiledObject@7037dbd8, com.almasb.fxgl.entity.level.tiled.TiledObject@580dc07b, com.almasb.fxgl.entity.level.tiled.TiledObject@6e5f90b, com.almasb.fxgl.entity.level.tiled.TiledObject@76914463, com.almasb.fxgl.entity.level.tiled.TiledObject@3836b872, com.almasb.fxgl.entity.level.tiled.TiledObject@e0ea917, com.almasb.fxgl.entity.level.tiled.TiledObject@270a247c, com.almasb.fxgl.entity.level.tiled.TiledObject@5b44cea2, com.almasb.fxgl.entity.level.tiled.TiledObject@563c0890, com.almasb.fxgl.entity.level.tiled.TiledObject@2d015551, com.almasb.fxgl.entity.level.tiled.TiledObject@5b5ebd49, com.almasb.fxgl.entity.level.tiled.TiledObject@2692595e, com.almasb.fxgl.entity.level.tiled.TiledObject@105cbd94, com.almasb.fxgl.entity.level.tiled.TiledObject@37d0c913, com.almasb.fxgl.entity.level.tiled.TiledObject@19ca8e55, com.almasb.fxgl.entity.level.tiled.TiledObject@2da66c9b, com.almasb.fxgl.entity.level.tiled.TiledObject@58e3d4a6, com.almasb.fxgl.entity.level.tiled.TiledObject@69ca16f8, com.almasb.fxgl.entity.level.tiled.TiledObject@24bf95b2, com.almasb.fxgl.entity.level.tiled.TiledObject@3ae3e70a, com.almasb.fxgl.entity.level.tiled.TiledObject@7ce35214], opacity=0.0, draworder=)], tilesets=[Tileset(firstgid=1, image=spritesheet(1).png, name=spritesheet(1), tilewidth=64, tileheight=64, imagewidth=1472, imageheight=64, margin=0, spacing=0, columns=23, tilecount=23, transparentcolor=, tiles=[])], backgroundcolor=, renderorder=right-down, nextobjectid=139, version=1, tiledversion=1.8.4, type=map, infinite=false, hexsidelength=0, staggeraxis=, staggerindex=, properties={}, propertytypes={})
17:44:59.054 [FXGL Background Thread 2 ] DEBUG TMXLevelLoader       - Creating tile layer entities
17:44:59.054 [FXGL Background Thread 2 ] DEBUG TilesetLoader        - Loading view for layer Tile Layer 1
17:44:59.055 [FXGL Background Thread 2 ] DEBUG TilesetLoader        - Created buffer with size 960.0x832.0
17:44:59.061 [FXGL Background Thread 2 ] DEBUG TilesetLoader        - Writing to buffer: dst=0,0, w=64,h=64, src=448,0
17:44:59.062 [FXGL Background Thread 2 ] DEBUG TilesetLoader        - Writing to buffer: dst=64,0, w=64,h=64, src=448,0
17:44:59.062 [FXGL Background Thread 2 ] DEBUG TilesetLoader        - Writing to buffer: dst=128,0, w=64,h=64, src=448,0
17:44:59.063 [FXGL Background Thread 2 ] DEBUG TilesetLoader        - Writing to buffer: dst=192,0, w=64,h=64, src=448,0
17:44:59.063 [FXGL Background Thread 2 ] DEBUG TilesetLoader        - Writing to buffer: dst=256,0, w=64,h=64, src=448,0
17:44:59.063 [FXGL Background Thread 2 ] DEBUG TilesetLoader        - Writing to buffer: dst=320,0, w=64,h=64, src=448,0
17:44:59.063 [FXGL Background Thread 2 ] DEBUG TilesetLoader        - Writing to buffer: dst=384,0, w=64,h=64, src=448,0
17:44:59.064 [FXGL Background Thread 2 ] DEBUG TilesetLoader        - Writing to buffer: dst=448,0, w=64,h=64, src=448,0
17:44:59.064 [FXGL Background Thread 2 ] DEBUG TilesetLoader        - Writing to buffer: dst=512,0, w=64,h=64, src=448,0
17:44:59.064 [FXGL Background Thread 2 ] DEBUG TilesetLoader        - Writing to buffer: dst=576,0, w=64,h=64, src=448,0
17:44:59.064 [FXGL Background Thread 2 ] DEBUG TilesetLoader        - Writing to buffer: dst=640,0, w=64,h=64, src=448,0
17:44:59.065 [FXGL Background Thread 2 ] DEBUG TilesetLoader        - Writing to buffer: dst=704,0, w=64,h=64, src=448,0
17:44:59.065 [FXGL Background Thread 2 ] DEBUG TilesetLoader        - Writing to buffer: dst=768,0, w=64,h=64, src=448,0
17:44:59.065 [FXGL Background Thread 2 ] DEBUG TilesetLoader        - Writing to buffer: dst=832,0, w=64,h=64, src=448,0
17:44:59.065 [FXGL Background Thread 2 ] DEBUG TilesetLoader        - Writing to buffer: dst=896,0, w=64,h=64, src=448,0
17:44:59.066 [FXGL Background Thread 2 ] DEBUG TilesetLoader        - Writing to buffer: dst=0,64, w=64,h=64, src=448,0
17:44:59.066 [FXGL Background Thread 2 ] DEBUG TilesetLoader        - Writing to buffer: dst=64,64, w=64,h=64, src=384,0
17:44:59.066 [FXGL Background Thread 2 ] DEBUG TilesetLoader        - Writing to buffer: dst=128,64, w=64,h=64, src=384,0
17:44:59.067 [FXGL Background Thread 2 ] DEBUG TilesetLoader        - Writing to buffer: dst=192,64, w=64,h=64, src=384,0
17:44:59.067 [FXGL Background Thread 2 ] DEBUG TilesetLoader        - Writing to buffer: dst=256,64, w=64,h=64, src=384,0
17:44:59.067 [FXGL Background Thread 2 ] DEBUG TilesetLoader        - Writing to buffer: dst=320,64, w=64,h=64, src=384,0
17:44:59.067 [FXGL Background Thread 2 ] DEBUG TilesetLoader        - Writing to buffer: dst=384,64, w=64,h=64, src=384,0
17:44:59.068 [FXGL Background Thread 2 ] DEBUG TilesetLoader        - Writing to buffer: dst=448,64, w=64,h=64, src=384,0
17:44:59.068 [FXGL Background Thread 2 ] DEBUG TilesetLoader        - Writing to buffer: dst=512,64, w=64,h=64, src=384,0
17:44:59.068 [FXGL Background Thread 2 ] DEBUG TilesetLoader        - Writing to buffer: dst=576,64, w=64,h=64, src=384,0
17:44:59.068 [FXGL Background Thread 2 ] DEBUG TilesetLoader        - Writing to buffer: dst=640,64, w=64,h=64, src=384,0
17:44:59.068 [FXGL Background Thread 2 ] DEBUG TilesetLoader        - Writing to buffer: dst=704,64, w=64,h=64, src=384,0
17:44:59.068 [FXGL Background Thread 2 ] DEBUG TilesetLoader        - Writing to buffer: dst=768,64, w=64,h=64, src=384,0
17:44:59.069 [FXGL Background Thread 2 ] DEBUG TilesetLoader        - Writing to buffer: dst=832,64, w=64,h=64, src=384,0
17:44:59.069 [FXGL Background Thread 2 ] DEBUG TilesetLoader        - Writing to buffer: dst=896,64, w=64,h=64, src=448,0
17:44:59.069 [FXGL Background Thread 2 ] DEBUG TilesetLoader        - Writing to buffer: dst=0,128, w=64,h=64, src=448,0
17:44:59.069 [FXGL Background Thread 2 ] DEBUG TilesetLoader        - Writing to buffer: dst=64,128, w=64,h=64, src=384,0
17:44:59.069 [FXGL Background Thread 2 ] DEBUG TilesetLoader        - Writing to buffer: dst=128,128, w=64,h=64, src=192,0
17:44:59.070 [FXGL Background Thread 2 ] DEBUG TilesetLoader        - Writing to buffer: dst=192,128, w=64,h=64, src=384,0
17:44:59.070 [FXGL Background Thread 2 ] DEBUG TilesetLoader        - Writing to buffer: dst=256,128, w=64,h=64, src=192,0
17:44:59.070 [FXGL Background Thread 2 ] DEBUG TilesetLoader        - Writing to buffer: dst=320,128, w=64,h=64, src=384,0
17:44:59.071 [FXGL Background Thread 2 ] DEBUG TilesetLoader        - Writing to buffer: dst=384,128, w=64,h=64, src=192,0
17:44:59.071 [FXGL Background Thread 2 ] DEBUG TilesetLoader        - Writing to buffer: dst=448,128, w=64,h=64, src=384,0
17:44:59.071 [FXGL Background Thread 2 ] DEBUG TilesetLoader        - Writing to buffer: dst=512,128, w=64,h=64, src=192,0
17:44:59.071 [FXGL Background Thread 2 ] DEBUG TilesetLoader        - Writing to buffer: dst=576,128, w=64,h=64, src=384,0
17:44:59.071 [FXGL Background Thread 2 ] DEBUG TilesetLoader        - Writing to buffer: dst=640,128, w=64,h=64, src=192,0
17:44:59.072 [FXGL Background Thread 2 ] DEBUG TilesetLoader        - Writing to buffer: dst=704,128, w=64,h=64, src=384,0
17:44:59.072 [FXGL Background Thread 2 ] DEBUG TilesetLoader        - Writing to buffer: dst=768,128, w=64,h=64, src=192,0
17:44:59.072 [FXGL Background Thread 2 ] DEBUG TilesetLoader        - Writing to buffer: dst=832,128, w=64,h=64, src=384,0
17:44:59.072 [FXGL Background Thread 2 ] DEBUG TilesetLoader        - Writing to buffer: dst=896,128, w=64,h=64, src=448,0
17:44:59.072 [FXGL Background Thread 2 ] DEBUG TilesetLoader        - Writing to buffer: dst=0,192, w=64,h=64, src=448,0
17:44:59.073 [FXGL Background Thread 2 ] DEBUG TilesetLoader        - Writing to buffer: dst=64,192, w=64,h=64, src=384,0
17:44:59.073 [FXGL Background Thread 2 ] DEBUG TilesetLoader        - Writing to buffer: dst=128,192, w=64,h=64, src=384,0
17:44:59.073 [FXGL Background Thread 2 ] DEBUG TilesetLoader        - Writing to buffer: dst=192,192, w=64,h=64, src=384,0
17:44:59.073 [FXGL Background Thread 2 ] DEBUG TilesetLoader        - Writing to buffer: dst=256,192, w=64,h=64, src=384,0
17:44:59.074 [FXGL Background Thread 2 ] DEBUG TilesetLoader        - Writing to buffer: dst=320,192, w=64,h=64, src=384,0
17:44:59.074 [FXGL Background Thread 2 ] DEBUG TilesetLoader        - Writing to buffer: dst=384,192, w=64,h=64, src=384,0
17:44:59.074 [FXGL Background Thread 2 ] DEBUG TilesetLoader        - Writing to buffer: dst=448,192, w=64,h=64, src=384,0
17:44:59.074 [FXGL Background Thread 2 ] DEBUG TilesetLoader        - Writing to buffer: dst=512,192, w=64,h=64, src=384,0
17:44:59.074 [FXGL Background Thread 2 ] DEBUG TilesetLoader        - Writing to buffer: dst=576,192, w=64,h=64, src=384,0
17:44:59.074 [FXGL Background Thread 2 ] DEBUG TilesetLoader        - Writing to buffer: dst=640,192, w=64,h=64, src=384,0
17:44:59.074 [FXGL Background Thread 2 ] DEBUG TilesetLoader        - Writing to buffer: dst=704,192, w=64,h=64, src=384,0
17:44:59.075 [FXGL Background Thread 2 ] DEBUG TilesetLoader        - Writing to buffer: dst=768,192, w=64,h=64, src=384,0
17:44:59.075 [FXGL Background Thread 2 ] DEBUG TilesetLoader        - Writing to buffer: dst=832,192, w=64,h=64, src=384,0
17:44:59.075 [FXGL Background Thread 2 ] DEBUG TilesetLoader        - Writing to buffer: dst=896,192, w=64,h=64, src=448,0
17:44:59.075 [FXGL Background Thread 2 ] DEBUG TilesetLoader        - Writing to buffer: dst=0,256, w=64,h=64, src=448,0
17:44:59.075 [FXGL Background Thread 2 ] DEBUG TilesetLoader        - Writing to buffer: dst=64,256, w=64,h=64, src=384,0
17:44:59.075 [FXGL Background Thread 2 ] DEBUG TilesetLoader        - Writing to buffer: dst=128,256, w=64,h=64, src=192,0
17:44:59.076 [FXGL Background Thread 2 ] DEBUG TilesetLoader        - Writing to buffer: dst=192,256, w=64,h=64, src=384,0
17:44:59.076 [FXGL Background Thread 2 ] DEBUG TilesetLoader        - Writing to buffer: dst=256,256, w=64,h=64, src=192,0
17:44:59.076 [FXGL Background Thread 2 ] DEBUG TilesetLoader        - Writing to buffer: dst=320,256, w=64,h=64, src=384,0
17:44:59.077 [FXGL Background Thread 2 ] DEBUG TilesetLoader        - Writing to buffer: dst=384,256, w=64,h=64, src=192,0
17:44:59.077 [FXGL Background Thread 2 ] DEBUG TilesetLoader        - Writing to buffer: dst=448,256, w=64,h=64, src=384,0
17:44:59.077 [FXGL Background Thread 2 ] DEBUG TilesetLoader        - Writing to buffer: dst=512,256, w=64,h=64, src=192,0
17:44:59.077 [FXGL Background Thread 2 ] DEBUG TilesetLoader        - Writing to buffer: dst=576,256, w=64,h=64, src=384,0
17:44:59.077 [FXGL Background Thread 2 ] DEBUG TilesetLoader        - Writing to buffer: dst=640,256, w=64,h=64, src=192,0
17:44:59.077 [FXGL Background Thread 2 ] DEBUG TilesetLoader        - Writing to buffer: dst=704,256, w=64,h=64, src=384,0
17:44:59.078 [FXGL Background Thread 2 ] DEBUG TilesetLoader        - Writing to buffer: dst=768,256, w=64,h=64, src=192,0
17:44:59.078 [FXGL Background Thread 2 ] DEBUG TilesetLoader        - Writing to buffer: dst=832,256, w=64,h=64, src=384,0
17:44:59.078 [FXGL Background Thread 2 ] DEBUG TilesetLoader        - Writing to buffer: dst=896,256, w=64,h=64, src=448,0
17:44:59.078 [FXGL Background Thread 2 ] DEBUG TilesetLoader        - Writing to buffer: dst=0,320, w=64,h=64, src=448,0
17:44:59.078 [FXGL Background Thread 2 ] DEBUG TilesetLoader        - Writing to buffer: dst=64,320, w=64,h=64, src=384,0
17:44:59.078 [FXGL Background Thread 2 ] DEBUG TilesetLoader        - Writing to buffer: dst=128,320, w=64,h=64, src=384,0
17:44:59.079 [FXGL Background Thread 2 ] DEBUG TilesetLoader        - Writing to buffer: dst=192,320, w=64,h=64, src=384,0
17:44:59.079 [FXGL Background Thread 2 ] DEBUG TilesetLoader        - Writing to buffer: dst=256,320, w=64,h=64, src=384,0
17:44:59.079 [FXGL Background Thread 2 ] DEBUG TilesetLoader        - Writing to buffer: dst=320,320, w=64,h=64, src=384,0
17:44:59.079 [FXGL Background Thread 2 ] DEBUG TilesetLoader        - Writing to buffer: dst=384,320, w=64,h=64, src=384,0
17:44:59.079 [FXGL Background Thread 2 ] DEBUG TilesetLoader        - Writing to buffer: dst=448,320, w=64,h=64, src=384,0
17:44:59.080 [FXGL Background Thread 2 ] DEBUG TilesetLoader        - Writing to buffer: dst=512,320, w=64,h=64, src=384,0
17:44:59.080 [FXGL Background Thread 2 ] DEBUG TilesetLoader        - Writing to buffer: dst=576,320, w=64,h=64, src=384,0
17:44:59.080 [FXGL Background Thread 2 ] DEBUG TilesetLoader        - Writing to buffer: dst=640,320, w=64,h=64, src=384,0
17:44:59.080 [FXGL Background Thread 2 ] DEBUG TilesetLoader        - Writing to buffer: dst=704,320, w=64,h=64, src=384,0
17:44:59.080 [FXGL Background Thread 2 ] DEBUG TilesetLoader        - Writing to buffer: dst=768,320, w=64,h=64, src=384,0
17:44:59.080 [FXGL Background Thread 2 ] DEBUG TilesetLoader        - Writing to buffer: dst=832,320, w=64,h=64, src=384,0
17:44:59.080 [FXGL Background Thread 2 ] DEBUG TilesetLoader        - Writing to buffer: dst=896,320, w=64,h=64, src=448,0
17:44:59.081 [FXGL Background Thread 2 ] DEBUG TilesetLoader        - Writing to buffer: dst=0,384, w=64,h=64, src=448,0
17:44:59.081 [FXGL Background Thread 2 ] DEBUG TilesetLoader        - Writing to buffer: dst=64,384, w=64,h=64, src=384,0
17:44:59.081 [FXGL Background Thread 2 ] DEBUG TilesetLoader        - Writing to buffer: dst=128,384, w=64,h=64, src=192,0
17:44:59.081 [FXGL Background Thread 2 ] DEBUG TilesetLoader        - Writing to buffer: dst=192,384, w=64,h=64, src=384,0
17:44:59.081 [FXGL Background Thread 2 ] DEBUG TilesetLoader        - Writing to buffer: dst=256,384, w=64,h=64, src=192,0
17:44:59.081 [FXGL Background Thread 2 ] DEBUG TilesetLoader        - Writing to buffer: dst=320,384, w=64,h=64, src=384,0
17:44:59.082 [FXGL Background Thread 2 ] DEBUG TilesetLoader        - Writing to buffer: dst=384,384, w=64,h=64, src=192,0
17:44:59.082 [FXGL Background Thread 2 ] DEBUG TilesetLoader        - Writing to buffer: dst=448,384, w=64,h=64, src=384,0
17:44:59.082 [FXGL Background Thread 2 ] DEBUG TilesetLoader        - Writing to buffer: dst=512,384, w=64,h=64, src=192,0
17:44:59.082 [FXGL Background Thread 2 ] DEBUG TilesetLoader        - Writing to buffer: dst=576,384, w=64,h=64, src=384,0
17:44:59.082 [FXGL Background Thread 2 ] DEBUG TilesetLoader        - Writing to buffer: dst=640,384, w=64,h=64, src=192,0
17:44:59.082 [FXGL Background Thread 2 ] DEBUG TilesetLoader        - Writing to buffer: dst=704,384, w=64,h=64, src=384,0
17:44:59.082 [FXGL Background Thread 2 ] DEBUG TilesetLoader        - Writing to buffer: dst=768,384, w=64,h=64, src=192,0
17:44:59.083 [FXGL Background Thread 2 ] DEBUG TilesetLoader        - Writing to buffer: dst=832,384, w=64,h=64, src=384,0
17:44:59.083 [FXGL Background Thread 2 ] DEBUG TilesetLoader        - Writing to buffer: dst=896,384, w=64,h=64, src=448,0
17:44:59.083 [FXGL Background Thread 2 ] DEBUG TilesetLoader        - Writing to buffer: dst=0,448, w=64,h=64, src=448,0
17:44:59.083 [FXGL Background Thread 2 ] DEBUG TilesetLoader        - Writing to buffer: dst=64,448, w=64,h=64, src=384,0
17:44:59.083 [FXGL Background Thread 2 ] DEBUG TilesetLoader        - Writing to buffer: dst=128,448, w=64,h=64, src=384,0
17:44:59.083 [FXGL Background Thread 2 ] DEBUG TilesetLoader        - Writing to buffer: dst=192,448, w=64,h=64, src=384,0
17:44:59.083 [FXGL Background Thread 2 ] DEBUG TilesetLoader        - Writing to buffer: dst=256,448, w=64,h=64, src=384,0
17:44:59.084 [FXGL Background Thread 2 ] DEBUG TilesetLoader        - Writing to buffer: dst=320,448, w=64,h=64, src=384,0
17:44:59.084 [FXGL Background Thread 2 ] DEBUG TilesetLoader        - Writing to buffer: dst=384,448, w=64,h=64, src=384,0
17:44:59.084 [FXGL Background Thread 2 ] DEBUG TilesetLoader        - Writing to buffer: dst=448,448, w=64,h=64, src=384,0
17:44:59.085 [FXGL Background Thread 2 ] DEBUG TilesetLoader        - Writing to buffer: dst=512,448, w=64,h=64, src=384,0
17:44:59.085 [FXGL Background Thread 2 ] DEBUG TilesetLoader        - Writing to buffer: dst=576,448, w=64,h=64, src=384,0
17:44:59.085 [FXGL Background Thread 2 ] DEBUG TilesetLoader        - Writing to buffer: dst=640,448, w=64,h=64, src=384,0
17:44:59.085 [FXGL Background Thread 2 ] DEBUG TilesetLoader        - Writing to buffer: dst=704,448, w=64,h=64, src=384,0
17:44:59.085 [FXGL Background Thread 2 ] DEBUG TilesetLoader        - Writing to buffer: dst=768,448, w=64,h=64, src=384,0
17:44:59.085 [FXGL Background Thread 2 ] DEBUG TilesetLoader        - Writing to buffer: dst=832,448, w=64,h=64, src=384,0
17:44:59.085 [FXGL Background Thread 2 ] DEBUG TilesetLoader        - Writing to buffer: dst=896,448, w=64,h=64, src=448,0
17:44:59.085 [FXGL Background Thread 2 ] DEBUG TilesetLoader        - Writing to buffer: dst=0,512, w=64,h=64, src=448,0
17:44:59.086 [FXGL Background Thread 2 ] DEBUG TilesetLoader        - Writing to buffer: dst=64,512, w=64,h=64, src=384,0
17:44:59.086 [FXGL Background Thread 2 ] DEBUG TilesetLoader        - Writing to buffer: dst=128,512, w=64,h=64, src=192,0
17:44:59.086 [FXGL Background Thread 2 ] DEBUG TilesetLoader        - Writing to buffer: dst=192,512, w=64,h=64, src=384,0
17:44:59.086 [FXGL Background Thread 2 ] DEBUG TilesetLoader        - Writing to buffer: dst=256,512, w=64,h=64, src=192,0
17:44:59.086 [FXGL Background Thread 2 ] DEBUG TilesetLoader        - Writing to buffer: dst=320,512, w=64,h=64, src=384,0
17:44:59.087 [FXGL Background Thread 2 ] DEBUG TilesetLoader        - Writing to buffer: dst=384,512, w=64,h=64, src=192,0
17:44:59.087 [FXGL Background Thread 2 ] DEBUG TilesetLoader        - Writing to buffer: dst=448,512, w=64,h=64, src=384,0
17:44:59.087 [FXGL Background Thread 2 ] DEBUG TilesetLoader        - Writing to buffer: dst=512,512, w=64,h=64, src=192,0
17:44:59.087 [FXGL Background Thread 2 ] DEBUG TilesetLoader        - Writing to buffer: dst=576,512, w=64,h=64, src=384,0
17:44:59.087 [FXGL Background Thread 2 ] DEBUG TilesetLoader        - Writing to buffer: dst=640,512, w=64,h=64, src=192,0
17:44:59.087 [FXGL Background Thread 2 ] DEBUG TilesetLoader        - Writing to buffer: dst=704,512, w=64,h=64, src=384,0
17:44:59.087 [FXGL Background Thread 2 ] DEBUG TilesetLoader        - Writing to buffer: dst=768,512, w=64,h=64, src=192,0
17:44:59.088 [FXGL Background Thread 2 ] DEBUG TilesetLoader        - Writing to buffer: dst=832,512, w=64,h=64, src=384,0
17:44:59.088 [FXGL Background Thread 2 ] DEBUG TilesetLoader        - Writing to buffer: dst=896,512, w=64,h=64, src=448,0
17:44:59.088 [FXGL Background Thread 2 ] DEBUG TilesetLoader        - Writing to buffer: dst=0,576, w=64,h=64, src=448,0
17:44:59.088 [FXGL Background Thread 2 ] DEBUG TilesetLoader        - Writing to buffer: dst=64,576, w=64,h=64, src=384,0
17:44:59.088 [FXGL Background Thread 2 ] DEBUG TilesetLoader        - Writing to buffer: dst=128,576, w=64,h=64, src=384,0
17:44:59.088 [FXGL Background Thread 2 ] DEBUG TilesetLoader        - Writing to buffer: dst=192,576, w=64,h=64, src=384,0
17:44:59.088 [FXGL Background Thread 2 ] DEBUG TilesetLoader        - Writing to buffer: dst=256,576, w=64,h=64, src=384,0
17:44:59.088 [FXGL Background Thread 2 ] DEBUG TilesetLoader        - Writing to buffer: dst=320,576, w=64,h=64, src=384,0
17:44:59.089 [FXGL Background Thread 2 ] DEBUG TilesetLoader        - Writing to buffer: dst=384,576, w=64,h=64, src=384,0
17:44:59.089 [FXGL Background Thread 2 ] DEBUG TilesetLoader        - Writing to buffer: dst=448,576, w=64,h=64, src=384,0
17:44:59.089 [FXGL Background Thread 2 ] DEBUG TilesetLoader        - Writing to buffer: dst=512,576, w=64,h=64, src=384,0
17:44:59.089 [FXGL Background Thread 2 ] DEBUG TilesetLoader        - Writing to buffer: dst=576,576, w=64,h=64, src=384,0
17:44:59.089 [FXGL Background Thread 2 ] DEBUG TilesetLoader        - Writing to buffer: dst=640,576, w=64,h=64, src=384,0
17:44:59.089 [FXGL Background Thread 2 ] DEBUG TilesetLoader        - Writing to buffer: dst=704,576, w=64,h=64, src=384,0
17:44:59.090 [FXGL Background Thread 2 ] DEBUG TilesetLoader        - Writing to buffer: dst=768,576, w=64,h=64, src=384,0
17:44:59.090 [FXGL Background Thread 2 ] DEBUG TilesetLoader        - Writing to buffer: dst=832,576, w=64,h=64, src=384,0
17:44:59.090 [FXGL Background Thread 2 ] DEBUG TilesetLoader        - Writing to buffer: dst=896,576, w=64,h=64, src=448,0
17:44:59.090 [FXGL Background Thread 2 ] DEBUG TilesetLoader        - Writing to buffer: dst=0,640, w=64,h=64, src=448,0
17:44:59.090 [FXGL Background Thread 2 ] DEBUG TilesetLoader        - Writing to buffer: dst=64,640, w=64,h=64, src=384,0
17:44:59.090 [FXGL Background Thread 2 ] DEBUG TilesetLoader        - Writing to buffer: dst=128,640, w=64,h=64, src=192,0
17:44:59.090 [FXGL Background Thread 2 ] DEBUG TilesetLoader        - Writing to buffer: dst=192,640, w=64,h=64, src=384,0
17:44:59.090 [FXGL Background Thread 2 ] DEBUG TilesetLoader        - Writing to buffer: dst=256,640, w=64,h=64, src=192,0
17:44:59.091 [FXGL Background Thread 2 ] DEBUG TilesetLoader        - Writing to buffer: dst=320,640, w=64,h=64, src=384,0
17:44:59.091 [FXGL Background Thread 2 ] DEBUG TilesetLoader        - Writing to buffer: dst=384,640, w=64,h=64, src=192,0
17:44:59.091 [FXGL Background Thread 2 ] DEBUG TilesetLoader        - Writing to buffer: dst=448,640, w=64,h=64, src=384,0
17:44:59.091 [FXGL Background Thread 2 ] DEBUG TilesetLoader        - Writing to buffer: dst=512,640, w=64,h=64, src=192,0
17:44:59.091 [FXGL Background Thread 2 ] DEBUG TilesetLoader        - Writing to buffer: dst=576,640, w=64,h=64, src=384,0
17:44:59.091 [FXGL Background Thread 2 ] DEBUG TilesetLoader        - Writing to buffer: dst=640,640, w=64,h=64, src=192,0
17:44:59.092 [FXGL Background Thread 2 ] DEBUG TilesetLoader        - Writing to buffer: dst=704,640, w=64,h=64, src=384,0
17:44:59.092 [FXGL Background Thread 2 ] DEBUG TilesetLoader        - Writing to buffer: dst=768,640, w=64,h=64, src=192,0
17:44:59.092 [FXGL Background Thread 2 ] DEBUG TilesetLoader        - Writing to buffer: dst=832,640, w=64,h=64, src=384,0
17:44:59.092 [FXGL Background Thread 2 ] DEBUG TilesetLoader        - Writing to buffer: dst=896,640, w=64,h=64, src=448,0
17:44:59.092 [FXGL Background Thread 2 ] DEBUG TilesetLoader        - Writing to buffer: dst=0,704, w=64,h=64, src=448,0
17:44:59.092 [FXGL Background Thread 2 ] DEBUG TilesetLoader        - Writing to buffer: dst=64,704, w=64,h=64, src=384,0
17:44:59.092 [FXGL Background Thread 2 ] DEBUG TilesetLoader        - Writing to buffer: dst=128,704, w=64,h=64, src=384,0
17:44:59.092 [FXGL Background Thread 2 ] DEBUG TilesetLoader        - Writing to buffer: dst=192,704, w=64,h=64, src=384,0
17:44:59.093 [FXGL Background Thread 2 ] DEBUG TilesetLoader        - Writing to buffer: dst=256,704, w=64,h=64, src=384,0
17:44:59.093 [FXGL Background Thread 2 ] DEBUG TilesetLoader        - Writing to buffer: dst=320,704, w=64,h=64, src=384,0
17:44:59.093 [FXGL Background Thread 2 ] DEBUG TilesetLoader        - Writing to buffer: dst=384,704, w=64,h=64, src=384,0
17:44:59.093 [FXGL Background Thread 2 ] DEBUG TilesetLoader        - Writing to buffer: dst=448,704, w=64,h=64, src=384,0
17:44:59.093 [FXGL Background Thread 2 ] DEBUG TilesetLoader        - Writing to buffer: dst=512,704, w=64,h=64, src=384,0
17:44:59.093 [FXGL Background Thread 2 ] DEBUG TilesetLoader        - Writing to buffer: dst=576,704, w=64,h=64, src=384,0
17:44:59.093 [FXGL Background Thread 2 ] DEBUG TilesetLoader        - Writing to buffer: dst=640,704, w=64,h=64, src=384,0
17:44:59.094 [FXGL Background Thread 2 ] DEBUG TilesetLoader        - Writing to buffer: dst=704,704, w=64,h=64, src=384,0
17:44:59.094 [FXGL Background Thread 2 ] DEBUG TilesetLoader        - Writing to buffer: dst=768,704, w=64,h=64, src=384,0
17:44:59.094 [FXGL Background Thread 2 ] DEBUG TilesetLoader        - Writing to buffer: dst=832,704, w=64,h=64, src=384,0
17:44:59.094 [FXGL Background Thread 2 ] DEBUG TilesetLoader        - Writing to buffer: dst=896,704, w=64,h=64, src=448,0
17:44:59.094 [FXGL Background Thread 2 ] DEBUG TilesetLoader        - Writing to buffer: dst=0,768, w=64,h=64, src=448,0
17:44:59.094 [FXGL Background Thread 2 ] DEBUG TilesetLoader        - Writing to buffer: dst=64,768, w=64,h=64, src=448,0
17:44:59.094 [FXGL Background Thread 2 ] DEBUG TilesetLoader        - Writing to buffer: dst=128,768, w=64,h=64, src=448,0
17:44:59.094 [FXGL Background Thread 2 ] DEBUG TilesetLoader        - Writing to buffer: dst=192,768, w=64,h=64, src=448,0
17:44:59.095 [FXGL Background Thread 2 ] DEBUG TilesetLoader        - Writing to buffer: dst=256,768, w=64,h=64, src=448,0
17:44:59.095 [FXGL Background Thread 2 ] DEBUG TilesetLoader        - Writing to buffer: dst=320,768, w=64,h=64, src=448,0
17:44:59.095 [FXGL Background Thread 2 ] DEBUG TilesetLoader        - Writing to buffer: dst=384,768, w=64,h=64, src=448,0
17:44:59.095 [FXGL Background Thread 2 ] DEBUG TilesetLoader        - Writing to buffer: dst=448,768, w=64,h=64, src=448,0
17:44:59.095 [FXGL Background Thread 2 ] DEBUG TilesetLoader        - Writing to buffer: dst=512,768, w=64,h=64, src=448,0
17:44:59.095 [FXGL Background Thread 2 ] DEBUG TilesetLoader        - Writing to buffer: dst=576,768, w=64,h=64, src=448,0
17:44:59.096 [FXGL Background Thread 2 ] DEBUG TilesetLoader        - Writing to buffer: dst=640,768, w=64,h=64, src=448,0
17:44:59.096 [FXGL Background Thread 2 ] DEBUG TilesetLoader        - Writing to buffer: dst=704,768, w=64,h=64, src=448,0
17:44:59.096 [FXGL Background Thread 2 ] DEBUG TilesetLoader        - Writing to buffer: dst=768,768, w=64,h=64, src=448,0
17:44:59.096 [FXGL Background Thread 2 ] DEBUG TilesetLoader        - Writing to buffer: dst=832,768, w=64,h=64, src=448,0
17:44:59.096 [FXGL Background Thread 2 ] DEBUG TilesetLoader        - Writing to buffer: dst=896,768, w=64,h=64, src=448,0
17:44:59.096 [FXGL Background Thread 2 ] DEBUG TMXLevelLoader       - Creating object layer entities
17:44:59.122 [FXGL Background Thread 2 ] DEBUG GameWorld            - Clearing removable entities
17:44:59.122 [FXGL Background Thread 2 ] DEBUG GameWorld            - Setting level: com.almasb.fxgl.entity.level.Level@176f7507
17:44:59.134 [FXGL Background Thread 2 ] DEBUG FXGLAssetLoaderServi - Loading from file system: file:/C:/Users/stanm/Documents/SE-Challengeweek/target/classes/assets/textures/player_1_move_down.png
17:44:59.140 [FXGL Background Thread 2 ] DEBUG FXGLAssetLoaderServi - Loading from file system: file:/C:/Users/stanm/Documents/SE-Challengeweek/target/classes/assets/textures/box-1.png
17:44:59.142 [FXGL Background Thread 2 ] DEBUG FXGLAssetLoaderServi - Loading from file system: file:/C:/Users/stanm/Documents/SE-Challengeweek/target/classes/assets/music/BGM.wav
17:44:59.683 [FXGL Background Thread 2 ] DEBUG AudioPlayer          - Playing music com.almasb.fxgl.audio.Music@633a7fb7
17:44:59.684 [FXGL Background Thread 2 ] INFO  FXGLApplication      - Game initialization took: 0,668 sec
17:44:59.692 [JavaFX Application Thread] DEBUG Input                - Clearing active input actions
17:44:59.700 [JavaFX Application Thread] DEBUG GameApplicationServi - Removing overlay from FXGLLoadingScene and adding to GameScene
17:44:59.703 [JavaFX Application Thread] DEBUG PrimaryStageWindow   - FXGLLoadingScene -> GameScene
17:44:59.709 [JavaFX Application Thread] DEBUG FXGLAssetLoaderServi - Loading from file system: file:/C:/Users/stanm/Documents/SE-Challengeweek/target/classes/assets/textures/player_1_idle_down.png
17:44:59.710 [JavaFX Application Thread] DEBUG FXGLAssetLoaderServi - Loading from file system: file:/C:/Users/stanm/Documents/SE-Challengeweek/target/classes/assets/textures/player_2_idle_down.png
17:45:00.239 [FXGL Background Thread 3 ] DEBUG Engine               - Logging environment variables
17:45:00.240 [FXGL Background Thread 3 ] DEBUG Engine               - achievements: []
17:45:00.241 [FXGL Background Thread 3 ] DEBUG Engine               - actualHeight: 820.0
17:45:00.241 [FXGL Background Thread 3 ] DEBUG Engine               - actualHeightProperty: ReadOnlyDoubleProperty [value: 820.0]
17:45:00.242 [FXGL Background Thread 3 ] DEBUG Engine               - actualWidth: 950.0
17:45:00.242 [FXGL Background Thread 3 ] DEBUG Engine               - actualWidthProperty: ReadOnlyDoubleProperty [value: 950.0]
17:45:00.243 [FXGL Background Thread 3 ] DEBUG Engine               - appIcon: fxgl_icon.png
17:45:00.244 [FXGL Background Thread 3 ] DEBUG Engine               - applicationMode: DEVELOPER
17:45:00.244 [FXGL Background Thread 3 ] DEBUG Engine               - cSSList: [fxgl_dark.css]
17:45:00.245 [FXGL Background Thread 3 ] DEBUG Engine               - collisionDetectionStrategy: BRUTE_FORCE
17:45:00.246 [FXGL Background Thread 3 ] DEBUG Engine               - configClass: Optional.empty
17:45:00.246 [FXGL Background Thread 3 ] DEBUG Engine               - credits: []
17:45:00.247 [FXGL Background Thread 3 ] DEBUG Engine               - devBBoxColorProperty: ObjectProperty [value: 0xff0000ff]
17:45:00.247 [FXGL Background Thread 3 ] DEBUG Engine               - devEnableDebugCameraProperty: BooleanProperty [value: false]
17:45:00.248 [FXGL Background Thread 3 ] DEBUG Engine               - devSensorColorProperty: ObjectProperty [value: 0xffff00ff]
17:45:00.249 [FXGL Background Thread 3 ] DEBUG Engine               - devShowBBoxProperty: BooleanProperty [value: false]
17:45:00.249 [FXGL Background Thread 3 ] DEBUG Engine               - devShowPositionProperty: BooleanProperty [value: false]
17:45:00.249 [FXGL Background Thread 3 ] DEBUG Engine               - enabledMenuItems: []
17:45:00.250 [FXGL Background Thread 3 ] DEBUG Engine               - engineServices: [class com.almasb.fxgl.app.services.FXGLAssetLoaderService, class com.almasb.fxgl.app.FXGLApplication$GameApplicationService, class com.almasb.fxgl.app.services.FXGLDialogService, class com.almasb.fxgl.app.services.IOTaskExecutorService, class com.almasb.fxgl.event.EventBusService, class com.almasb.fxgl.io.FileSystemService, class com.almasb.fxgl.localization.LocalizationService, class com.almasb.fxgl.app.services.SystemBundleService, class com.almasb.fxgl.profile.SaveLoadService, class com.almasb.fxgl.ui.FXGLUIFactoryServiceProvider, class com.almasb.fxgl.ui.FXGLDialogFactoryServiceProvider, class com.almasb.fxgl.audio.AudioPlayer, class com.almasb.fxgl.notification.impl.NotificationServiceProvider, class com.almasb.fxgl.achievement.AchievementService, class com.almasb.fxgl.cutscene.CutsceneService, class com.almasb.fxgl.minigames.MiniGameService, class com.almasb.fxgl.net.NetService, class com.almasb.fxgl.app.services.UpdaterService, class com.almasb.fxgl.dev.DevService]
17:45:00.250 [FXGL Background Thread 3 ] DEBUG Engine               - fontGame: Abel-Regular.ttf
17:45:00.252 [FXGL Background Thread 3 ] DEBUG Engine               - fontMono: lucida_console.ttf
17:45:00.252 [FXGL Background Thread 3 ] DEBUG Engine               - fontText: Courier-Prime.ttf
17:45:00.253 [FXGL Background Thread 3 ] DEBUG Engine               - fontUI: VarelaRound-Regular.ttf
17:45:00.253 [FXGL Background Thread 3 ] DEBUG Engine               - fullScreen: BooleanProperty [value: false]
17:45:00.254 [FXGL Background Thread 3 ] DEBUG Engine               - gameDifficulty: MEDIUM
17:45:00.254 [FXGL Background Thread 3 ] DEBUG Engine               - gameDifficultyProperty: ObjectProperty [value: MEDIUM]
17:45:00.255 [FXGL Background Thread 3 ] DEBUG Engine               - globalMusicVolume: 0.5
17:45:00.255 [FXGL Background Thread 3 ] DEBUG Engine               - globalMusicVolumeProperty: DoubleProperty [value: 0.5]
17:45:00.256 [FXGL Background Thread 3 ] DEBUG Engine               - globalSoundVolume: 0.5
17:45:00.256 [FXGL Background Thread 3 ] DEBUG Engine               - globalSoundVolumeProperty: DoubleProperty [value: 0.5]
17:45:00.257 [FXGL Background Thread 3 ] DEBUG Engine               - height: 820
17:45:00.257 [FXGL Background Thread 3 ] DEBUG Engine               - isAndroid: false
17:45:00.257 [FXGL Background Thread 3 ] DEBUG Engine               - isBrowser: false
17:45:00.258 [FXGL Background Thread 3 ] DEBUG Engine               - isClickFeedbackEnabled: false
17:45:00.258 [FXGL Background Thread 3 ] DEBUG Engine               - isCloseConfirmation: false
17:45:00.260 [FXGL Background Thread 3 ] DEBUG Engine               - isDesktop: true
17:45:00.260 [FXGL Background Thread 3 ] DEBUG Engine               - isDeveloperMenuEnabled: true
17:45:00.260 [FXGL Background Thread 3 ] DEBUG Engine               - isEntityPreloadEnabled: true
17:45:00.261 [FXGL Background Thread 3 ] DEBUG Engine               - isExperimental3D: false
17:45:00.261 [FXGL Background Thread 3 ] DEBUG Engine               - isExperimentalNative: false
17:45:00.261 [FXGL Background Thread 3 ] DEBUG Engine               - isExperimentalTiledLargeMap: false
17:45:00.262 [FXGL Background Thread 3 ] DEBUG Engine               - isFileSystemWriteAllowed: true
17:45:00.262 [FXGL Background Thread 3 ] DEBUG Engine               - isFullScreenAllowed: false
17:45:00.262 [FXGL Background Thread 3 ] DEBUG Engine               - isFullScreenFromStart: false
17:45:00.263 [FXGL Background Thread 3 ] DEBUG Engine               - isGameMenuEnabled: true
17:45:00.263 [FXGL Background Thread 3 ] DEBUG Engine               - isIOS: false
17:45:00.263 [FXGL Background Thread 3 ] DEBUG Engine               - isIntroEnabled: false
17:45:00.264 [FXGL Background Thread 3 ] DEBUG Engine               - isLinux: false
17:45:00.264 [FXGL Background Thread 3 ] DEBUG Engine               - isMac: false
17:45:00.264 [FXGL Background Thread 3 ] DEBUG Engine               - isMainMenuEnabled: true
17:45:00.265 [FXGL Background Thread 3 ] DEBUG Engine               - isManualResizeEnabled: false
17:45:00.266 [FXGL Background Thread 3 ] DEBUG Engine               - isMobile: false
17:45:00.267 [FXGL Background Thread 3 ] DEBUG Engine               - isPreserveResizeRatio: false
17:45:00.267 [FXGL Background Thread 3 ] DEBUG Engine               - isProfilingEnabled: false
17:45:00.267 [FXGL Background Thread 3 ] DEBUG Engine               - isScaleAffectedOnResize: true
17:45:00.268 [FXGL Background Thread 3 ] DEBUG Engine               - isSingleStep: false
17:45:00.268 [FXGL Background Thread 3 ] DEBUG Engine               - isUserProfileEnabled: false
17:45:00.268 [FXGL Background Thread 3 ] DEBUG Engine               - isWindows: true
17:45:00.269 [FXGL Background Thread 3 ] DEBUG Engine               - language: ObjectProperty [value: ENGLISH]
17:45:00.269 [FXGL Background Thread 3 ] DEBUG Engine               - menuKey: ESCAPE
17:45:00.269 [FXGL Background Thread 3 ] DEBUG Engine               - notificationViewClass: class com.almasb.fxgl.notification.view.XboxNotificationView
17:45:00.270 [FXGL Background Thread 3 ] DEBUG Engine               - pixelsPerMeter: 50.0
17:45:00.270 [FXGL Background Thread 3 ] DEBUG Engine               - platform: WINDOWS
17:45:00.270 [FXGL Background Thread 3 ] DEBUG Engine               - prefHeightProperty: ReadOnlyDoubleProperty [value: 820.0]
17:45:00.271 [FXGL Background Thread 3 ] DEBUG Engine               - prefWidthProperty: ReadOnlyDoubleProperty [value: 950.0]
17:45:00.271 [FXGL Background Thread 3 ] DEBUG Engine               - profileDir: profiles/
17:45:00.271 [FXGL Background Thread 3 ] DEBUG Engine               - profileName: StringProperty [value: DEFAULT]
17:45:00.272 [FXGL Background Thread 3 ] DEBUG Engine               - randomSeed: -1
17:45:00.273 [FXGL Background Thread 3 ] DEBUG Engine               - runtimeInfo: RuntimeInfo(platform=WINDOWS, version=11.14, build=01.03.2021 16.59)
17:45:00.273 [FXGL Background Thread 3 ] DEBUG Engine               - saveFileExt: sav
17:45:00.273 [FXGL Background Thread 3 ] DEBUG Engine               - scaledHeightProp$fxgl: DoubleProperty [bound, value: 820.0]
17:45:00.274 [FXGL Background Thread 3 ] DEBUG Engine               - scaledWidthProp$fxgl: DoubleProperty [bound, value: 950.0]
17:45:00.274 [FXGL Background Thread 3 ] DEBUG Engine               - sceneFactory: com.almasb.fxgl.app.scene.SceneFactory@7036c2cb
17:45:00.274 [FXGL Background Thread 3 ] DEBUG Engine               - secondsIn24h: 60
17:45:00.275 [FXGL Background Thread 3 ] DEBUG Engine               - soundMenuBack: menu/back.wav
17:45:00.275 [FXGL Background Thread 3 ] DEBUG Engine               - soundMenuPress: menu/press.wav
17:45:00.275 [FXGL Background Thread 3 ] DEBUG Engine               - soundMenuSelect: menu/select.wav
17:45:00.276 [FXGL Background Thread 3 ] DEBUG Engine               - soundNotification: core/notification.wav
17:45:00.276 [FXGL Background Thread 3 ] DEBUG Engine               - stageStyle: DECORATED
17:45:00.276 [FXGL Background Thread 3 ] DEBUG Engine               - supportedLanguages: [ENGLISH, FRENCH, GERMAN, HUNGARIAN, RUSSIAN]
17:45:00.277 [FXGL Background Thread 3 ] DEBUG Engine               - ticksPerSecond: -1
17:45:00.277 [FXGL Background Thread 3 ] DEBUG Engine               - title: Bomberman
17:45:00.277 [FXGL Background Thread 3 ] DEBUG Engine               - urlGithub: https://github.com/AlmasB/FXGL
17:45:00.279 [FXGL Background Thread 3 ] DEBUG Engine               - urlLeaderboard: http://fxgl-top.herokuapp.com/
17:45:00.279 [FXGL Background Thread 3 ] DEBUG Engine               - urlPOM: https://raw.githubusercontent.com/AlmasB/FXGL/release/README.md
17:45:00.279 [FXGL Background Thread 3 ] DEBUG Engine               - userAppClass: class Game
17:45:00.280 [FXGL Background Thread 3 ] DEBUG Engine               - version: 0.0
17:45:00.280 [FXGL Background Thread 3 ] DEBUG Engine               - versionCheckDays: 7
17:45:00.281 [FXGL Background Thread 3 ] DEBUG Engine               - width: 950
17:45:00.281 [FXGL Background Thread 3 ] DEBUG Engine               - Logging services
17:45:00.282 [FXGL Background Thread 3 ] DEBUG Engine               - class com.almasb.fxgl.app.services.FXGLAssetLoaderService
17:45:00.282 [FXGL Background Thread 3 ] DEBUG Engine               - class com.almasb.fxgl.app.FXGLApplication$GameApplicationService
17:45:00.283 [FXGL Background Thread 3 ] DEBUG Engine               - class com.almasb.fxgl.app.services.FXGLDialogService
17:45:00.283 [FXGL Background Thread 3 ] DEBUG Engine               - class com.almasb.fxgl.app.services.IOTaskExecutorService
17:45:00.283 [FXGL Background Thread 3 ] DEBUG Engine               - class com.almasb.fxgl.event.EventBusService
17:45:00.284 [FXGL Background Thread 3 ] DEBUG Engine               - class com.almasb.fxgl.io.FileSystemService
17:45:00.284 [FXGL Background Thread 3 ] DEBUG Engine               - class com.almasb.fxgl.localization.LocalizationService
17:45:00.285 [FXGL Background Thread 3 ] DEBUG Engine               - class com.almasb.fxgl.app.services.SystemBundleService
17:45:00.285 [FXGL Background Thread 3 ] DEBUG Engine               - class com.almasb.fxgl.profile.SaveLoadService
17:45:00.286 [FXGL Background Thread 3 ] DEBUG Engine               - class com.almasb.fxgl.ui.FXGLUIFactoryServiceProvider
17:45:00.286 [FXGL Background Thread 3 ] DEBUG Engine               - class com.almasb.fxgl.ui.FXGLDialogFactoryServiceProvider
17:45:00.286 [FXGL Background Thread 3 ] DEBUG Engine               - class com.almasb.fxgl.audio.AudioPlayer
17:45:00.287 [FXGL Background Thread 3 ] DEBUG Engine               - class com.almasb.fxgl.notification.impl.NotificationServiceProvider
17:45:00.287 [FXGL Background Thread 3 ] DEBUG Engine               - class com.almasb.fxgl.achievement.AchievementService
17:45:00.287 [FXGL Background Thread 3 ] DEBUG Engine               - class com.almasb.fxgl.cutscene.CutsceneService
17:45:00.288 [FXGL Background Thread 3 ] DEBUG Engine               - class com.almasb.fxgl.minigames.MiniGameService
17:45:00.288 [FXGL Background Thread 3 ] DEBUG Engine               - class com.almasb.fxgl.net.NetService
17:45:00.289 [FXGL Background Thread 3 ] DEBUG Engine               - class com.almasb.fxgl.app.services.UpdaterService
17:45:00.289 [FXGL Background Thread 3 ] DEBUG Engine               - class com.almasb.fxgl.dev.DevService
17:45:00.419 [JavaFX Application Thread] DEBUG FXGLAssetLoaderServi - Loading from file system: file:/C:/Users/stanm/Documents/SE-Challengeweek/target/classes/assets/textures/player_1_move_right.png
17:45:02.946 [JavaFX Application Thread] DEBUG FXGLAssetLoaderServi - Loading from file system: file:/C:/Users/stanm/Documents/SE-Challengeweek/target/classes/assets/textures/player_2_move_left.png
17:45:03.410 [JavaFX Application Thread] DEBUG FXGLAssetLoaderServi - Loading from file system: file:/C:/Users/stanm/Documents/SE-Challengeweek/target/classes/assets/textures/player_2_idle_left.png
17:45:03.472 [JavaFX Application Thread] DEBUG FXGLAssetLoaderServi - Loading from file system: file:/C:/Users/stanm/Documents/SE-Challengeweek/target/classes/assets/textures/player_2_move_down.png
17:45:03.630 [JavaFX Application Thread] DEBUG FXGLAssetLoaderServi - Loading from file system: file:/C:/Users/stanm/Documents/SE-Challengeweek/target/classes/assets/textures/player_1_idle_right.png
17:45:04.627 [JavaFX Application Thread] DEBUG FXGLAssetLoaderServi - Loading from file system: file:/C:/Users/stanm/Documents/SE-Challengeweek/target/classes/assets/textures/player_2_move_Up.png
17:45:05.876 [JavaFX Application Thread] DEBUG FXGLAssetLoaderServi - Loading from file system: file:/C:/Users/stanm/Documents/SE-Challengeweek/target/classes/assets/textures/player_2_idle_Up.png
17:45:07.120 [JavaFX Application Thread] DEBUG FXGLAssetLoaderServi - Loading from file system: file:/C:/Users/stanm/Documents/SE-Challengeweek/target/classes/assets/textures/bomb-1.png
17:45:07.315 [JavaFX Application Thread] DEBUG FXGLAssetLoaderServi - Loading from file system: file:/C:/Users/stanm/Documents/SE-Challengeweek/target/classes/assets/textures/player_1_move_Up.png
17:45:07.568 [JavaFX Application Thread] DEBUG FXGLAssetLoaderServi - Loading from file system: file:/C:/Users/stanm/Documents/SE-Challengeweek/target/classes/assets/textures/player_1_move_left.png
17:45:09.180 [JavaFX Application Thread] DEBUG FXGLAssetLoaderServi - Loading from file system: file:/C:/Users/stanm/Documents/SE-Challengeweek/target/classes/assets/textures/player_1_idle_left.png
17:45:12.580 [JavaFX Application Thread] DEBUG FXGLAssetLoaderServi - Loading from file system: file:/C:/Users/stanm/Documents/SE-Challengeweek/target/classes/assets/textures/bomb_explosion.png
17:45:12.596 [JavaFX Application Thread] DEBUG FXGLAssetLoaderServi - Loading from file system: file:/C:/Users/stanm/Documents/SE-Challengeweek/target/classes/assets/sounds/explode.wav
17:45:19.258 [JavaFX Application Thread] DEBUG PrimaryStageWindow   - Push state: DialogSubScene
17:45:19.259 [JavaFX Application Thread] DEBUG Input                - Clearing active input actions
17:45:19.260 [JavaFX Application Thread] DEBUG GameApplicationServi - Removing overlay from GameScene and adding to DialogSubScene
17:45:19.263 [JavaFX Application Thread] DEBUG PrimaryStageWindow   - GameScene -> DialogSubScene
17:45:22.665 [JavaFX Application Thread] DEBUG PrimaryStageWindow   - Pop state: DialogSubScene
17:45:22.665 [JavaFX Application Thread] DEBUG Input                - Clearing active input actions
17:45:22.667 [JavaFX Application Thread] DEBUG GameApplicationServi - Removing overlay from DialogSubScene and adding to GameScene
17:45:22.669 [JavaFX Application Thread] DEBUG PrimaryStageWindow   - GameScene <- DialogSubScene
17:45:25.338 [JavaFX Application Thread] DEBUG FXGLApplication      - Exiting FXGL
17:45:25.338 [JavaFX Application Thread] DEBUG LoopRunner           - Stopping loop
17:45:25.338 [JavaFX Application Thread] DEBUG SystemBundleService  - Saving FXGL system data
17:45:25.343 [JavaFX Application Thread] DEBUG FileSystemAccess     - Writing to: C:\Users\stanm\Documents\SE-Challengeweek\system\fxgl.bundle
17:45:25.347 [JavaFX Application Thread] DEBUG Async                - Shutting down background threads
17:45:25.348 [JavaFX Application Thread] DEBUG PrimaryStageWindow   - Closing main window
17:45:25.367 [JavaFX Application Thread] DEBUG Logger               - Closing Logger
