15:00:42.935 [main                     ] DEBUG Logger               - Configured Logger
15:00:42.948 [main                     ] DEBUG GameApplication      - Logging settings
Title: Untitled
Version: 0.0
Width: 1050
Height: 700
Fullscreen: false
Intro: false
Profiling: false
Single step:false
App Mode: DEVELOPER
Menu Key: ESCAPE
Stage Style: DECORATED
Scene Factory: class com.almasb.fxgl.app.scene.SceneFactory

15:00:43.256 [JavaFX Application Thread] DEBUG FXGLApplication      - Initializing FXGL
15:00:43.258 [JavaFX Application Thread] INFO  Engine               - FXGL-11.14 (01.03.2021 16.59) on WINDOWS (J:15.0.2 FX:15)
15:00:43.258 [JavaFX Application Thread] DEBUG Engine               - JRE Vendor Name: Amazon.com Inc.
15:00:43.258 [JavaFX Application Thread] DEBUG Engine               - Running on OS: Windows 10 version 10.0
15:00:43.259 [JavaFX Application Thread] DEBUG Engine               - Architecture: amd64
15:00:43.259 [JavaFX Application Thread] INFO  Engine               - Source code and latest versions at: https://github.com/AlmasB/FXGL
15:00:43.259 [JavaFX Application Thread] INFO  Engine               -              Join the FXGL chat at: https://gitter.im/AlmasB/FXGL
15:00:43.351 [JavaFX Application Thread] DEBUG PrimaryStageWindow   - Creating a JavaFX scene
15:00:43.390 [JavaFX Application Thread] DEBUG PrimaryStageWindow   - Target settings size: 1050.0 x 700.0
15:00:43.391 [JavaFX Application Thread] DEBUG PrimaryStageWindow   - Scaled scene size:    1050.0 x 700.0
15:00:43.391 [JavaFX Application Thread] DEBUG PrimaryStageWindow   - Scaled ratio: (1.0, 1.0)
15:00:43.392 [JavaFX Application Thread] DEBUG PrimaryStageWindow   - Set initial scene to FXGLStartupScene
15:00:43.397 [JavaFX Application Thread] DEBUG PrimaryStageWindow   - Opening main window
15:00:43.465 [JavaFX Application Thread] DEBUG PrimaryStageWindow   - Window border size: (14.800048828125, 37.5999755859375)
15:00:43.465 [JavaFX Application Thread] DEBUG PrimaryStageWindow   - Scaled size: 1050.0 x 700.0
15:00:43.465 [JavaFX Application Thread] DEBUG PrimaryStageWindow   - Scaled ratio: (1.0, 1.0)
15:00:43.466 [JavaFX Application Thread] DEBUG PrimaryStageWindow   - Scene size: 1050.0 x 700.0
15:00:43.466 [JavaFX Application Thread] DEBUG PrimaryStageWindow   - Stage size: 1064.800048828125 x 737.5999755859375
15:00:43.474 [FXGL Background Thread 1 ] DEBUG Engine               - Initializing environment variables
15:00:43.506 [FXGL Background Thread 1 ] DEBUG FXGLAssetLoaderServi - User app class for loading assets: class Game
15:00:43.506 [FXGL Background Thread 1 ] DEBUG GameApplicationServi - Applying CSS: fxgl_dark.css
15:00:43.508 [FXGL Background Thread 1 ] DEBUG FXGLAssetLoaderServi - Loading from file system: jar:file:/C:/Users/stanm/.m2/repository/com/github/almasb/fxgl/11.14/fxgl-11.14.jar!/fxglassets/ui/css/fxgl_dark.css
15:00:43.553 [FXGL Background Thread 1 ] DEBUG GameApplicationServi - Initializing application scenes
15:00:43.585 [FXGL Background Thread 1 ] DEBUG GameWorld            - Game world initialized
15:00:43.634 [FXGL Background Thread 1 ] DEBUG PhysicsWorld         - Physics world initialized: appHeight=700, physics.ppm=50,0
15:00:43.634 [FXGL Background Thread 1 ] DEBUG PhysicsWorld         - Using strategy: BRUTE_FORCE
15:00:43.637 [FXGL Background Thread 1 ] DEBUG GameScene            - Game scene initialized: 1050x700
15:00:43.675 [FXGL Background Thread 1 ] DEBUG FXGLAssetLoaderServi - Loading from file system: jar:file:/C:/Users/stanm/.m2/repository/com/github/almasb/fxgl/11.14/fxgl-11.14.jar!/fxglassets/textures/particles/trace_horizontal.png
15:00:43.719 [FXGL Background Thread 1 ] DEBUG FXGL.DefaultMenu     - createMenuBodyGameMenu()
15:00:43.732 [FXGL Background Thread 1 ] DEBUG FXGL.DefaultMenu     - createOptionsMenu()
15:00:43.737 [FXGL Background Thread 1 ] DEBUG FXGLAssetLoaderServi - Loading from file system: jar:file:/C:/Users/stanm/.m2/repository/com/github/almasb/fxgl/11.14/fxgl-11.14.jar!/fxglassets/textures/particles/smoke.png
15:00:43.776 [FXGL Background Thread 1 ] DEBUG GameApplicationServi - Application scenes initialized
15:00:43.784 [FXGL Background Thread 1 ] DEBUG SystemBundleService  - Loading FXGL system data
15:00:43.787 [FXGL Background Thread 1 ] DEBUG FileSystemAccess     - Reading from: C:\Users\stanm\Documents\SE-Challengeweek\system\fxgl.bundle
15:00:43.792 [FXGL Background Thread 1 ] DEBUG SystemBundleService  - Bundle FXGL: {}
15:00:43.792 [FXGL Background Thread 1 ] DEBUG UpdaterService       - Checking for updates
15:00:43.795 [FXGL Background Thread 4 ] DEBUG FXGLApplication      - Loading fonts
15:00:43.795 [FXGL Background Thread 1 ] DEBUG FXGLApplication      - Loading default localization
15:00:43.796 [FXGL Background Thread 4 ] DEBUG FXGLAssetLoaderServi - Loading from file system: jar:file:/C:/Users/stanm/.m2/repository/com/github/almasb/fxgl/11.14/fxgl-11.14.jar!/fxglassets/ui/fonts/VarelaRound-Regular.ttf
15:00:43.796 [FXGL Background Thread 1 ] DEBUG FXGLAssetLoaderServi - Loading from file system: jar:file:/C:/Users/stanm/.m2/repository/com/github/almasb/fxgl/11.14/fxgl-11.14.jar!/fxglassets/languages/english.lang
15:00:43.806 [FXGL Background Thread 1 ] INFO  FXGLApplication      - FXGL initialization took: 0,333 sec
15:00:43.817 [JavaFX Application Thread] DEBUG Input                - Registered new binding: Right - D
15:00:43.818 [JavaFX Application Thread] DEBUG Input                - Registered new binding: Left - A
15:00:43.818 [JavaFX Application Thread] DEBUG Input                - Registered new binding: Up - W
15:00:43.818 [JavaFX Application Thread] DEBUG Input                - Registered new binding: Down - S
15:00:43.819 [JavaFX Application Thread] DEBUG FXGLAssetLoaderServi - Loading from file system: jar:file:/C:/Users/stanm/.m2/repository/com/github/almasb/fxgl/11.14/fxgl-11.14.jar!/fxglassets/textures/fxgl_icon.png
15:00:43.832 [JavaFX Application Thread] DEBUG FXGLAssetLoaderServi - Loading from file system: jar:file:/C:/Users/stanm/.m2/repository/com/github/almasb/fxgl/11.14/fxgl-11.14.jar!/fxglassets/ui/cursors/fxgl_default.png
15:00:43.833 [JavaFX Application Thread] DEBUG Input                - Registered new binding: Screenshot - P
15:00:43.834 [JavaFX Application Thread] DEBUG Input                - Registered new binding: System info dump - CTRL+9
15:00:43.834 [JavaFX Application Thread] DEBUG Input                - Registered new binding: Restart - CTRL+R
15:00:43.835 [JavaFX Application Thread] DEBUG Input                - Registered new binding: Toggle Debug Camera - CTRL+C
15:00:43.836 [JavaFX Application Thread] DEBUG LoopRunner           - Starting loop
15:00:43.837 [JavaFX Application Thread] DEBUG LoopRunner           - Initializing JavaFX AnimationTimerLoop
15:00:43.838 [JavaFX Application Thread] DEBUG GameApplicationServi - Starting new game
15:00:43.838 [JavaFX Application Thread] DEBUG Input                - Clearing active input actions
15:00:43.847 [JavaFX Application Thread] DEBUG GameApplicationServi - Removing overlay from FXGLStartupScene and adding to FXGLLoadingScene
15:00:43.848 [JavaFX Application Thread] DEBUG PrimaryStageWindow   - FXGLStartupScene -> FXGLLoadingScene
15:00:43.848 [JavaFX Application Thread] DEBUG GameApplicationServi - Clearing previous game
15:00:43.848 [JavaFX Application Thread] DEBUG GameScene            - Clearing game scene
15:00:43.849 [JavaFX Application Thread] DEBUG GameWorld            - Clearing game world
15:00:43.849 [JavaFX Application Thread] DEBUG PhysicsWorld         - Clearing physics world
15:00:43.850 [FXGL Background Thread 1 ] DEBUG FXGLApplication      - Initializing game
15:00:43.855 [FXGL Background Thread 4 ] DEBUG FXGLAssetLoaderServi - Loading from file system: jar:file:/C:/Users/stanm/.m2/repository/com/github/almasb/fxgl/11.14/fxgl-11.14.jar!/fxglassets/ui/fonts/Abel-Regular.ttf
15:00:43.867 [FXGL Background Thread 4 ] DEBUG FXGLAssetLoaderServi - Loading from file system: jar:file:/C:/Users/stanm/.m2/repository/com/github/almasb/fxgl/11.14/fxgl-11.14.jar!/fxglassets/ui/fonts/lucida_console.ttf
15:00:43.877 [FXGL Background Thread 4 ] DEBUG FXGLAssetLoaderServi - Loading from file system: jar:file:/C:/Users/stanm/.m2/repository/com/github/almasb/fxgl/11.14/fxgl-11.14.jar!/fxglassets/ui/fonts/Courier-Prime.ttf
15:00:43.877 [FXGL Background Thread 1 ] WARN  TMXLevelLoader       - TiledMap generated from 1.0.1. Supported version: 1.2.3. Some features may not be parsed fully.
15:00:43.883 [FXGL Background Thread 1 ] DEBUG TMXLevelLoader       - Parsed raw map: TiledMap(width=15, height=10, tilewidth=70, tileheight=70, orientation=orthogonal, layers=[Layer(width=15, height=10, name=Tile Layer 1, type=tilelayer, visible=false, x=0, y=0, data=[73, 73, 73, 73, 73, 73, 73, 73, 73, 73, 73, 73, 73, 73, 73, 73, 0, 0, 133, 0, 133, 0, 133, 0, 133, 0, 133, 0, 0, 73, 73, 0, 128, 0, 128, 0, 128, 0, 128, 0, 128, 0, 128, 0, 73, 73, 133, 0, 133, 0, 133, 0, 133, 0, 133, 0, 133, 0, 133, 73, 73, 0, 128, 0, 128, 0, 128, 0, 128, 0, 128, 0, 128, 0, 73, 73, 0, 128, 0, 128, 0, 128, 0, 128, 0, 128, 0, 128, 0, 73, 73, 133, 0, 133, 0, 133, 0, 133, 0, 133, 0, 133, 0, 133, 73, 73, 0, 128, 0, 128, 0, 128, 0, 128, 0, 128, 0, 128, 0, 73, 73, 0, 0, 133, 0, 133, 0, 133, 0, 133, 0, 133, 0, 0, 73, 73, 73, 73, 73, 73, 73, 73, 73, 73, 73, 73, 73, 73, 73, 73], objects=[], opacity=0.0, draworder=), Layer(width=0, height=0, name=Object Layer 1, type=objectgroup, visible=false, x=0, y=0, data=[], objects=[com.almasb.fxgl.entity.level.tiled.TiledObject@1d0dbf09, com.almasb.fxgl.entity.level.tiled.TiledObject@69fbfa72, com.almasb.fxgl.entity.level.tiled.TiledObject@6864ee88, com.almasb.fxgl.entity.level.tiled.TiledObject@1937d104], opacity=0.0, draworder=)], tilesets=[Tileset(firstgid=1, image=../Pictures/tiles_spritesheet.png, name=tiles_spritesheet, tilewidth=70, tileheight=70, imagewidth=914, imageheight=936, margin=0, spacing=2, columns=12, tilecount=156, transparentcolor=, tiles=[])], backgroundcolor=, renderorder=right-down, nextobjectid=7, version=1, tiledversion=1.0.1, type=map, infinite=false, hexsidelength=0, staggeraxis=, staggerindex=, properties={}, propertytypes={})
15:00:43.884 [FXGL Background Thread 1 ] DEBUG TMXLevelLoader       - Creating tile layer entities
15:00:43.886 [FXGL Background Thread 1 ] DEBUG TilesetLoader        - Loading view for layer Tile Layer 1
15:00:43.887 [FXGL Background Thread 1 ] DEBUG TilesetLoader        - Created buffer with size 1050.0x700.0
15:00:43.894 [JavaFX Application Thread] DEBUG FXGLApplication      - Registering font factories with UI factory
15:00:43.931 [FXGL Background Thread 1 ] DEBUG TilesetLoader        - Writing to buffer: dst=0,0, w=70,h=70, src=0,432
15:00:43.932 [FXGL Background Thread 1 ] DEBUG TilesetLoader        - Writing to buffer: dst=70,0, w=70,h=70, src=0,432
15:00:43.932 [FXGL Background Thread 1 ] DEBUG TilesetLoader        - Writing to buffer: dst=140,0, w=70,h=70, src=0,432
15:00:43.932 [FXGL Background Thread 1 ] DEBUG TilesetLoader        - Writing to buffer: dst=210,0, w=70,h=70, src=0,432
15:00:43.933 [FXGL Background Thread 1 ] DEBUG TilesetLoader        - Writing to buffer: dst=280,0, w=70,h=70, src=0,432
15:00:43.933 [FXGL Background Thread 1 ] DEBUG TilesetLoader        - Writing to buffer: dst=350,0, w=70,h=70, src=0,432
15:00:43.933 [FXGL Background Thread 1 ] DEBUG TilesetLoader        - Writing to buffer: dst=420,0, w=70,h=70, src=0,432
15:00:43.933 [FXGL Background Thread 1 ] DEBUG TilesetLoader        - Writing to buffer: dst=490,0, w=70,h=70, src=0,432
15:00:43.934 [FXGL Background Thread 1 ] DEBUG TilesetLoader        - Writing to buffer: dst=560,0, w=70,h=70, src=0,432
15:00:43.934 [FXGL Background Thread 1 ] DEBUG TilesetLoader        - Writing to buffer: dst=630,0, w=70,h=70, src=0,432
15:00:43.934 [FXGL Background Thread 1 ] DEBUG TilesetLoader        - Writing to buffer: dst=700,0, w=70,h=70, src=0,432
15:00:43.934 [FXGL Background Thread 1 ] DEBUG TilesetLoader        - Writing to buffer: dst=770,0, w=70,h=70, src=0,432
15:00:43.935 [FXGL Background Thread 1 ] DEBUG TilesetLoader        - Writing to buffer: dst=840,0, w=70,h=70, src=0,432
15:00:43.935 [FXGL Background Thread 1 ] DEBUG TilesetLoader        - Writing to buffer: dst=910,0, w=70,h=70, src=0,432
15:00:43.935 [FXGL Background Thread 1 ] DEBUG TilesetLoader        - Writing to buffer: dst=980,0, w=70,h=70, src=0,432
15:00:43.935 [FXGL Background Thread 1 ] DEBUG TilesetLoader        - Writing to buffer: dst=0,70, w=70,h=70, src=0,432
15:00:43.936 [FXGL Background Thread 1 ] DEBUG TilesetLoader        - Writing to buffer: dst=210,70, w=70,h=70, src=0,792
15:00:43.936 [FXGL Background Thread 1 ] DEBUG TilesetLoader        - Writing to buffer: dst=350,70, w=70,h=70, src=0,792
15:00:43.936 [FXGL Background Thread 1 ] DEBUG TilesetLoader        - Writing to buffer: dst=490,70, w=70,h=70, src=0,792
15:00:43.936 [FXGL Background Thread 1 ] DEBUG TilesetLoader        - Writing to buffer: dst=630,70, w=70,h=70, src=0,792
15:00:43.937 [FXGL Background Thread 1 ] DEBUG TilesetLoader        - Writing to buffer: dst=770,70, w=70,h=70, src=0,792
15:00:43.937 [FXGL Background Thread 1 ] DEBUG TilesetLoader        - Writing to buffer: dst=980,70, w=70,h=70, src=0,432
15:00:43.937 [FXGL Background Thread 1 ] DEBUG TilesetLoader        - Writing to buffer: dst=0,140, w=70,h=70, src=0,432
15:00:43.937 [FXGL Background Thread 1 ] DEBUG TilesetLoader        - Writing to buffer: dst=140,140, w=70,h=70, src=504,720
15:00:43.937 [FXGL Background Thread 1 ] DEBUG TilesetLoader        - Writing to buffer: dst=280,140, w=70,h=70, src=504,720
15:00:43.938 [FXGL Background Thread 1 ] DEBUG TilesetLoader        - Writing to buffer: dst=420,140, w=70,h=70, src=504,720
15:00:43.938 [FXGL Background Thread 1 ] DEBUG TilesetLoader        - Writing to buffer: dst=560,140, w=70,h=70, src=504,720
15:00:43.938 [FXGL Background Thread 1 ] DEBUG TilesetLoader        - Writing to buffer: dst=700,140, w=70,h=70, src=504,720
15:00:43.938 [FXGL Background Thread 1 ] DEBUG TilesetLoader        - Writing to buffer: dst=840,140, w=70,h=70, src=504,720
15:00:43.939 [FXGL Background Thread 1 ] DEBUG TilesetLoader        - Writing to buffer: dst=980,140, w=70,h=70, src=0,432
15:00:43.939 [FXGL Background Thread 1 ] DEBUG TilesetLoader        - Writing to buffer: dst=0,210, w=70,h=70, src=0,432
15:00:43.939 [FXGL Background Thread 1 ] DEBUG TilesetLoader        - Writing to buffer: dst=70,210, w=70,h=70, src=0,792
15:00:43.940 [FXGL Background Thread 1 ] DEBUG TilesetLoader        - Writing to buffer: dst=210,210, w=70,h=70, src=0,792
15:00:43.940 [FXGL Background Thread 1 ] DEBUG TilesetLoader        - Writing to buffer: dst=350,210, w=70,h=70, src=0,792
15:00:43.940 [FXGL Background Thread 1 ] DEBUG TilesetLoader        - Writing to buffer: dst=490,210, w=70,h=70, src=0,792
15:00:43.940 [FXGL Background Thread 1 ] DEBUG TilesetLoader        - Writing to buffer: dst=630,210, w=70,h=70, src=0,792
15:00:43.941 [FXGL Background Thread 1 ] DEBUG TilesetLoader        - Writing to buffer: dst=770,210, w=70,h=70, src=0,792
15:00:43.941 [FXGL Background Thread 1 ] DEBUG TilesetLoader        - Writing to buffer: dst=910,210, w=70,h=70, src=0,792
15:00:43.941 [FXGL Background Thread 1 ] DEBUG TilesetLoader        - Writing to buffer: dst=980,210, w=70,h=70, src=0,432
15:00:43.941 [FXGL Background Thread 1 ] DEBUG TilesetLoader        - Writing to buffer: dst=0,280, w=70,h=70, src=0,432
15:00:43.942 [FXGL Background Thread 1 ] DEBUG TilesetLoader        - Writing to buffer: dst=140,280, w=70,h=70, src=504,720
15:00:43.942 [FXGL Background Thread 1 ] DEBUG TilesetLoader        - Writing to buffer: dst=280,280, w=70,h=70, src=504,720
15:00:43.942 [FXGL Background Thread 1 ] DEBUG TilesetLoader        - Writing to buffer: dst=420,280, w=70,h=70, src=504,720
15:00:43.942 [FXGL Background Thread 1 ] DEBUG TilesetLoader        - Writing to buffer: dst=560,280, w=70,h=70, src=504,720
15:00:43.942 [FXGL Background Thread 1 ] DEBUG TilesetLoader        - Writing to buffer: dst=700,280, w=70,h=70, src=504,720
15:00:43.943 [FXGL Background Thread 1 ] DEBUG TilesetLoader        - Writing to buffer: dst=840,280, w=70,h=70, src=504,720
15:00:43.943 [FXGL Background Thread 1 ] DEBUG TilesetLoader        - Writing to buffer: dst=980,280, w=70,h=70, src=0,432
15:00:43.943 [FXGL Background Thread 1 ] DEBUG TilesetLoader        - Writing to buffer: dst=0,350, w=70,h=70, src=0,432
15:00:43.944 [FXGL Background Thread 1 ] DEBUG TilesetLoader        - Writing to buffer: dst=140,350, w=70,h=70, src=504,720
15:00:43.944 [FXGL Background Thread 1 ] DEBUG TilesetLoader        - Writing to buffer: dst=280,350, w=70,h=70, src=504,720
15:00:43.944 [FXGL Background Thread 1 ] DEBUG TilesetLoader        - Writing to buffer: dst=420,350, w=70,h=70, src=504,720
15:00:43.944 [FXGL Background Thread 1 ] DEBUG TilesetLoader        - Writing to buffer: dst=560,350, w=70,h=70, src=504,720
15:00:43.945 [FXGL Background Thread 1 ] DEBUG TilesetLoader        - Writing to buffer: dst=700,350, w=70,h=70, src=504,720
15:00:43.945 [FXGL Background Thread 1 ] DEBUG TilesetLoader        - Writing to buffer: dst=840,350, w=70,h=70, src=504,720
15:00:43.945 [FXGL Background Thread 1 ] DEBUG TilesetLoader        - Writing to buffer: dst=980,350, w=70,h=70, src=0,432
15:00:43.945 [FXGL Background Thread 1 ] DEBUG TilesetLoader        - Writing to buffer: dst=0,420, w=70,h=70, src=0,432
15:00:43.946 [FXGL Background Thread 1 ] DEBUG TilesetLoader        - Writing to buffer: dst=70,420, w=70,h=70, src=0,792
15:00:43.946 [FXGL Background Thread 1 ] DEBUG TilesetLoader        - Writing to buffer: dst=210,420, w=70,h=70, src=0,792
15:00:43.946 [FXGL Background Thread 1 ] DEBUG TilesetLoader        - Writing to buffer: dst=350,420, w=70,h=70, src=0,792
15:00:43.946 [FXGL Background Thread 1 ] DEBUG TilesetLoader        - Writing to buffer: dst=490,420, w=70,h=70, src=0,792
15:00:43.947 [FXGL Background Thread 1 ] DEBUG TilesetLoader        - Writing to buffer: dst=630,420, w=70,h=70, src=0,792
15:00:43.947 [FXGL Background Thread 1 ] DEBUG TilesetLoader        - Writing to buffer: dst=770,420, w=70,h=70, src=0,792
15:00:43.947 [FXGL Background Thread 1 ] DEBUG TilesetLoader        - Writing to buffer: dst=910,420, w=70,h=70, src=0,792
15:00:43.948 [FXGL Background Thread 1 ] DEBUG TilesetLoader        - Writing to buffer: dst=980,420, w=70,h=70, src=0,432
15:00:43.948 [FXGL Background Thread 1 ] DEBUG TilesetLoader        - Writing to buffer: dst=0,490, w=70,h=70, src=0,432
15:00:43.948 [FXGL Background Thread 1 ] DEBUG TilesetLoader        - Writing to buffer: dst=140,490, w=70,h=70, src=504,720
15:00:43.948 [FXGL Background Thread 1 ] DEBUG TilesetLoader        - Writing to buffer: dst=280,490, w=70,h=70, src=504,720
15:00:43.948 [FXGL Background Thread 1 ] DEBUG TilesetLoader        - Writing to buffer: dst=420,490, w=70,h=70, src=504,720
15:00:43.949 [FXGL Background Thread 1 ] DEBUG TilesetLoader        - Writing to buffer: dst=560,490, w=70,h=70, src=504,720
15:00:43.949 [FXGL Background Thread 1 ] DEBUG TilesetLoader        - Writing to buffer: dst=700,490, w=70,h=70, src=504,720
15:00:43.949 [FXGL Background Thread 1 ] DEBUG TilesetLoader        - Writing to buffer: dst=840,490, w=70,h=70, src=504,720
15:00:43.949 [FXGL Background Thread 1 ] DEBUG TilesetLoader        - Writing to buffer: dst=980,490, w=70,h=70, src=0,432
15:00:43.949 [FXGL Background Thread 1 ] DEBUG TilesetLoader        - Writing to buffer: dst=0,560, w=70,h=70, src=0,432
15:00:43.949 [FXGL Background Thread 1 ] DEBUG TilesetLoader        - Writing to buffer: dst=210,560, w=70,h=70, src=0,792
15:00:43.950 [FXGL Background Thread 1 ] DEBUG TilesetLoader        - Writing to buffer: dst=350,560, w=70,h=70, src=0,792
15:00:43.950 [FXGL Background Thread 1 ] DEBUG TilesetLoader        - Writing to buffer: dst=490,560, w=70,h=70, src=0,792
15:00:43.950 [FXGL Background Thread 1 ] DEBUG TilesetLoader        - Writing to buffer: dst=630,560, w=70,h=70, src=0,792
15:00:43.950 [FXGL Background Thread 1 ] DEBUG TilesetLoader        - Writing to buffer: dst=770,560, w=70,h=70, src=0,792
15:00:43.950 [FXGL Background Thread 1 ] DEBUG TilesetLoader        - Writing to buffer: dst=980,560, w=70,h=70, src=0,432
15:00:43.951 [FXGL Background Thread 1 ] DEBUG TilesetLoader        - Writing to buffer: dst=0,630, w=70,h=70, src=0,432
15:00:43.951 [FXGL Background Thread 1 ] DEBUG TilesetLoader        - Writing to buffer: dst=70,630, w=70,h=70, src=0,432
15:00:43.951 [FXGL Background Thread 1 ] DEBUG TilesetLoader        - Writing to buffer: dst=140,630, w=70,h=70, src=0,432
15:00:43.951 [FXGL Background Thread 1 ] DEBUG TilesetLoader        - Writing to buffer: dst=210,630, w=70,h=70, src=0,432
15:00:43.951 [FXGL Background Thread 1 ] DEBUG TilesetLoader        - Writing to buffer: dst=280,630, w=70,h=70, src=0,432
15:00:43.951 [FXGL Background Thread 1 ] DEBUG TilesetLoader        - Writing to buffer: dst=350,630, w=70,h=70, src=0,432
15:00:43.951 [FXGL Background Thread 1 ] DEBUG TilesetLoader        - Writing to buffer: dst=420,630, w=70,h=70, src=0,432
15:00:43.952 [FXGL Background Thread 1 ] DEBUG TilesetLoader        - Writing to buffer: dst=490,630, w=70,h=70, src=0,432
15:00:43.952 [FXGL Background Thread 1 ] DEBUG TilesetLoader        - Writing to buffer: dst=560,630, w=70,h=70, src=0,432
15:00:43.952 [FXGL Background Thread 1 ] DEBUG TilesetLoader        - Writing to buffer: dst=630,630, w=70,h=70, src=0,432
15:00:43.952 [FXGL Background Thread 1 ] DEBUG TilesetLoader        - Writing to buffer: dst=700,630, w=70,h=70, src=0,432
15:00:43.952 [FXGL Background Thread 1 ] DEBUG TilesetLoader        - Writing to buffer: dst=770,630, w=70,h=70, src=0,432
15:00:43.952 [FXGL Background Thread 1 ] DEBUG TilesetLoader        - Writing to buffer: dst=840,630, w=70,h=70, src=0,432
15:00:43.953 [FXGL Background Thread 1 ] DEBUG TilesetLoader        - Writing to buffer: dst=910,630, w=70,h=70, src=0,432
15:00:43.953 [FXGL Background Thread 1 ] DEBUG TilesetLoader        - Writing to buffer: dst=980,630, w=70,h=70, src=0,432
15:00:43.954 [FXGL Background Thread 1 ] DEBUG TMXLevelLoader       - Creating object layer entities
15:00:43.967 [FXGL Background Thread 1 ] DEBUG GameWorld            - Clearing removable entities
15:00:43.967 [FXGL Background Thread 1 ] DEBUG GameWorld            - Setting level: com.almasb.fxgl.entity.level.Level@3fef9142
15:00:43.976 [FXGL Background Thread 1 ] WARN  FXGLAssetLoaderServi - Asset "/assets/textures/player_idle_ .png" was not found!
15:00:43.976 [FXGL Background Thread 1 ] WARN  FXGLAssetLoaderServi - Failed to load IMAGE
15:00:44.004 [FXGL Background Thread 1 ] INFO  FXGLApplication      - Game initialization took: 0,153 sec
15:00:44.005 [JavaFX Application Thread] DEBUG Input                - Clearing active input actions
15:00:44.015 [JavaFX Application Thread] DEBUG GameApplicationServi - Removing overlay from FXGLLoadingScene and adding to GameScene
15:00:44.015 [JavaFX Application Thread] DEBUG PrimaryStageWindow   - FXGLLoadingScene -> GameScene
15:00:44.126 [FXGL Background Thread 2 ] INFO  UpdaterService       - Your current version:  11.14
15:00:44.126 [FXGL Background Thread 2 ] INFO  UpdaterService       - Latest stable version: 17.1
15:00:46.796 [FXGL Background Thread 3 ] DEBUG Engine               - Logging environment variables
15:00:46.798 [FXGL Background Thread 3 ] DEBUG Engine               - achievements: []
15:00:46.798 [FXGL Background Thread 3 ] DEBUG Engine               - actualHeight: 700.0
15:00:46.799 [FXGL Background Thread 3 ] DEBUG Engine               - actualHeightProperty: ReadOnlyDoubleProperty [value: 700.0]
15:00:46.800 [FXGL Background Thread 3 ] DEBUG Engine               - actualWidth: 1050.0
15:00:46.800 [FXGL Background Thread 3 ] DEBUG Engine               - actualWidthProperty: ReadOnlyDoubleProperty [value: 1050.0]
15:00:46.801 [FXGL Background Thread 3 ] DEBUG Engine               - appIcon: fxgl_icon.png
15:00:46.801 [FXGL Background Thread 3 ] DEBUG Engine               - applicationMode: DEVELOPER
15:00:46.801 [FXGL Background Thread 3 ] DEBUG Engine               - cSSList: [fxgl_dark.css]
15:00:46.802 [FXGL Background Thread 3 ] DEBUG Engine               - collisionDetectionStrategy: BRUTE_FORCE
15:00:46.802 [FXGL Background Thread 3 ] DEBUG Engine               - configClass: Optional.empty
15:00:46.803 [FXGL Background Thread 3 ] DEBUG Engine               - credits: []
15:00:46.804 [FXGL Background Thread 3 ] DEBUG Engine               - devBBoxColorProperty: ObjectProperty [value: 0xff0000ff]
15:00:46.805 [FXGL Background Thread 3 ] DEBUG Engine               - devEnableDebugCameraProperty: BooleanProperty [value: false]
15:00:46.806 [FXGL Background Thread 3 ] DEBUG Engine               - devSensorColorProperty: ObjectProperty [value: 0xffff00ff]
15:00:46.806 [FXGL Background Thread 3 ] DEBUG Engine               - devShowBBoxProperty: BooleanProperty [value: false]
15:00:46.807 [FXGL Background Thread 3 ] DEBUG Engine               - devShowPositionProperty: BooleanProperty [value: false]
15:00:46.807 [FXGL Background Thread 3 ] DEBUG Engine               - enabledMenuItems: []
15:00:46.808 [FXGL Background Thread 3 ] DEBUG Engine               - engineServices: [class com.almasb.fxgl.app.services.FXGLAssetLoaderService, class com.almasb.fxgl.app.FXGLApplication$GameApplicationService, class com.almasb.fxgl.app.services.FXGLDialogService, class com.almasb.fxgl.app.services.IOTaskExecutorService, class com.almasb.fxgl.event.EventBusService, class com.almasb.fxgl.io.FileSystemService, class com.almasb.fxgl.localization.LocalizationService, class com.almasb.fxgl.app.services.SystemBundleService, class com.almasb.fxgl.profile.SaveLoadService, class com.almasb.fxgl.ui.FXGLUIFactoryServiceProvider, class com.almasb.fxgl.ui.FXGLDialogFactoryServiceProvider, class com.almasb.fxgl.audio.AudioPlayer, class com.almasb.fxgl.notification.impl.NotificationServiceProvider, class com.almasb.fxgl.achievement.AchievementService, class com.almasb.fxgl.cutscene.CutsceneService, class com.almasb.fxgl.minigames.MiniGameService, class com.almasb.fxgl.net.NetService, class com.almasb.fxgl.app.services.UpdaterService, class com.almasb.fxgl.dev.DevService]
15:00:46.808 [FXGL Background Thread 3 ] DEBUG Engine               - fontGame: Abel-Regular.ttf
15:00:46.809 [FXGL Background Thread 3 ] DEBUG Engine               - fontMono: lucida_console.ttf
15:00:46.809 [FXGL Background Thread 3 ] DEBUG Engine               - fontText: Courier-Prime.ttf
15:00:46.810 [FXGL Background Thread 3 ] DEBUG Engine               - fontUI: VarelaRound-Regular.ttf
15:00:46.810 [FXGL Background Thread 3 ] DEBUG Engine               - fullScreen: BooleanProperty [value: false]
15:00:46.811 [FXGL Background Thread 3 ] DEBUG Engine               - gameDifficulty: MEDIUM
15:00:46.811 [FXGL Background Thread 3 ] DEBUG Engine               - gameDifficultyProperty: ObjectProperty [value: MEDIUM]
15:00:46.812 [FXGL Background Thread 3 ] DEBUG Engine               - globalMusicVolume: 0.5
15:00:46.813 [FXGL Background Thread 3 ] DEBUG Engine               - globalMusicVolumeProperty: DoubleProperty [value: 0.5]
15:00:46.814 [FXGL Background Thread 3 ] DEBUG Engine               - globalSoundVolume: 0.5
15:00:46.814 [FXGL Background Thread 3 ] DEBUG Engine               - globalSoundVolumeProperty: DoubleProperty [value: 0.5]
15:00:46.815 [FXGL Background Thread 3 ] DEBUG Engine               - height: 700
15:00:46.815 [FXGL Background Thread 3 ] DEBUG Engine               - isAndroid: false
15:00:46.816 [FXGL Background Thread 3 ] DEBUG Engine               - isBrowser: false
15:00:46.816 [FXGL Background Thread 3 ] DEBUG Engine               - isClickFeedbackEnabled: false
15:00:46.817 [FXGL Background Thread 3 ] DEBUG Engine               - isCloseConfirmation: false
15:00:46.817 [FXGL Background Thread 3 ] DEBUG Engine               - isDesktop: true
15:00:46.818 [FXGL Background Thread 3 ] DEBUG Engine               - isDeveloperMenuEnabled: false
15:00:46.818 [FXGL Background Thread 3 ] DEBUG Engine               - isEntityPreloadEnabled: true
15:00:46.819 [FXGL Background Thread 3 ] DEBUG Engine               - isExperimental3D: false
15:00:46.819 [FXGL Background Thread 3 ] DEBUG Engine               - isExperimentalNative: false
15:00:46.819 [FXGL Background Thread 3 ] DEBUG Engine               - isExperimentalTiledLargeMap: false
15:00:46.820 [FXGL Background Thread 3 ] DEBUG Engine               - isFileSystemWriteAllowed: true
15:00:46.820 [FXGL Background Thread 3 ] DEBUG Engine               - isFullScreenAllowed: false
15:00:46.821 [FXGL Background Thread 3 ] DEBUG Engine               - isFullScreenFromStart: false
15:00:46.822 [FXGL Background Thread 3 ] DEBUG Engine               - isGameMenuEnabled: true
15:00:46.822 [FXGL Background Thread 3 ] DEBUG Engine               - isIOS: false
15:00:46.823 [FXGL Background Thread 3 ] DEBUG Engine               - isIntroEnabled: false
15:00:46.823 [FXGL Background Thread 3 ] DEBUG Engine               - isLinux: false
15:00:46.823 [FXGL Background Thread 3 ] DEBUG Engine               - isMac: false
15:00:46.824 [FXGL Background Thread 3 ] DEBUG Engine               - isMainMenuEnabled: false
15:00:46.824 [FXGL Background Thread 3 ] DEBUG Engine               - isManualResizeEnabled: false
15:00:46.825 [FXGL Background Thread 3 ] DEBUG Engine               - isMobile: false
15:00:46.825 [FXGL Background Thread 3 ] DEBUG Engine               - isPreserveResizeRatio: false
15:00:46.826 [FXGL Background Thread 3 ] DEBUG Engine               - isProfilingEnabled: false
15:00:46.826 [FXGL Background Thread 3 ] DEBUG Engine               - isScaleAffectedOnResize: true
15:00:46.827 [FXGL Background Thread 3 ] DEBUG Engine               - isSingleStep: false
15:00:46.827 [FXGL Background Thread 3 ] DEBUG Engine               - isUserProfileEnabled: false
15:00:46.828 [FXGL Background Thread 3 ] DEBUG Engine               - isWindows: true
15:00:46.829 [FXGL Background Thread 3 ] DEBUG Engine               - language: ObjectProperty [value: ENGLISH]
15:00:46.829 [FXGL Background Thread 3 ] DEBUG Engine               - menuKey: ESCAPE
15:00:46.829 [FXGL Background Thread 3 ] DEBUG Engine               - notificationViewClass: class com.almasb.fxgl.notification.view.XboxNotificationView
15:00:46.830 [FXGL Background Thread 3 ] DEBUG Engine               - pixelsPerMeter: 50.0
15:00:46.830 [FXGL Background Thread 3 ] DEBUG Engine               - platform: WINDOWS
15:00:46.831 [FXGL Background Thread 3 ] DEBUG Engine               - prefHeightProperty: ReadOnlyDoubleProperty [value: 700.0]
15:00:46.832 [FXGL Background Thread 3 ] DEBUG Engine               - prefWidthProperty: ReadOnlyDoubleProperty [value: 1050.0]
15:00:46.832 [FXGL Background Thread 3 ] DEBUG Engine               - profileDir: profiles/
15:00:46.833 [FXGL Background Thread 3 ] DEBUG Engine               - profileName: StringProperty [value: DEFAULT]
15:00:46.833 [FXGL Background Thread 3 ] DEBUG Engine               - randomSeed: -1
15:00:46.833 [FXGL Background Thread 3 ] DEBUG Engine               - runtimeInfo: RuntimeInfo(platform=WINDOWS, version=11.14, build=01.03.2021 16.59)
15:00:46.834 [FXGL Background Thread 3 ] DEBUG Engine               - saveFileExt: sav
15:00:46.835 [FXGL Background Thread 3 ] DEBUG Engine               - scaledHeightProp$fxgl: DoubleProperty [bound, value: 700.0]
15:00:46.835 [FXGL Background Thread 3 ] DEBUG Engine               - scaledWidthProp$fxgl: DoubleProperty [bound, value: 1050.0]
15:00:46.835 [FXGL Background Thread 3 ] DEBUG Engine               - sceneFactory: com.almasb.fxgl.app.scene.SceneFactory@7e481aa5
15:00:46.836 [FXGL Background Thread 3 ] DEBUG Engine               - secondsIn24h: 60
15:00:46.837 [FXGL Background Thread 3 ] DEBUG Engine               - soundMenuBack: menu/back.wav
15:00:46.837 [FXGL Background Thread 3 ] DEBUG Engine               - soundMenuPress: menu/press.wav
15:00:46.838 [FXGL Background Thread 3 ] DEBUG Engine               - soundMenuSelect: menu/select.wav
15:00:46.839 [FXGL Background Thread 3 ] DEBUG Engine               - soundNotification: core/notification.wav
15:00:46.840 [FXGL Background Thread 3 ] DEBUG Engine               - stageStyle: DECORATED
15:00:46.840 [FXGL Background Thread 3 ] DEBUG Engine               - supportedLanguages: [ENGLISH, FRENCH, GERMAN, HUNGARIAN, RUSSIAN]
15:00:46.841 [FXGL Background Thread 3 ] DEBUG Engine               - ticksPerSecond: -1
15:00:46.842 [FXGL Background Thread 3 ] DEBUG Engine               - title: Untitled
15:00:46.842 [FXGL Background Thread 3 ] DEBUG Engine               - urlGithub: https://github.com/AlmasB/FXGL
15:00:46.843 [FXGL Background Thread 3 ] DEBUG Engine               - urlLeaderboard: http://fxgl-top.herokuapp.com/
15:00:46.843 [FXGL Background Thread 3 ] DEBUG Engine               - urlPOM: https://raw.githubusercontent.com/AlmasB/FXGL/release/README.md
15:00:46.844 [FXGL Background Thread 3 ] DEBUG Engine               - userAppClass: class Game
15:00:46.845 [FXGL Background Thread 3 ] DEBUG Engine               - version: 0.0
15:00:46.845 [FXGL Background Thread 3 ] DEBUG Engine               - versionCheckDays: 7
15:00:46.846 [FXGL Background Thread 3 ] DEBUG Engine               - width: 1050
15:00:46.847 [FXGL Background Thread 3 ] DEBUG Engine               - Logging services
15:00:46.848 [FXGL Background Thread 3 ] DEBUG Engine               - class com.almasb.fxgl.app.services.FXGLAssetLoaderService
15:00:46.848 [FXGL Background Thread 3 ] DEBUG Engine               - class com.almasb.fxgl.app.FXGLApplication$GameApplicationService
15:00:46.848 [FXGL Background Thread 3 ] DEBUG Engine               - class com.almasb.fxgl.app.services.FXGLDialogService
15:00:46.849 [FXGL Background Thread 3 ] DEBUG Engine               - class com.almasb.fxgl.app.services.IOTaskExecutorService
15:00:46.849 [FXGL Background Thread 3 ] DEBUG Engine               - class com.almasb.fxgl.event.EventBusService
15:00:46.850 [FXGL Background Thread 3 ] DEBUG Engine               - class com.almasb.fxgl.io.FileSystemService
15:00:46.850 [FXGL Background Thread 3 ] DEBUG Engine               - class com.almasb.fxgl.localization.LocalizationService
15:00:46.850 [FXGL Background Thread 3 ] DEBUG Engine               - class com.almasb.fxgl.app.services.SystemBundleService
15:00:46.851 [FXGL Background Thread 3 ] DEBUG Engine               - class com.almasb.fxgl.profile.SaveLoadService
15:00:46.851 [FXGL Background Thread 3 ] DEBUG Engine               - class com.almasb.fxgl.ui.FXGLUIFactoryServiceProvider
15:00:46.852 [FXGL Background Thread 3 ] DEBUG Engine               - class com.almasb.fxgl.ui.FXGLDialogFactoryServiceProvider
15:00:46.852 [FXGL Background Thread 3 ] DEBUG Engine               - class com.almasb.fxgl.audio.AudioPlayer
15:00:46.852 [FXGL Background Thread 3 ] DEBUG Engine               - class com.almasb.fxgl.notification.impl.NotificationServiceProvider
15:00:46.853 [FXGL Background Thread 3 ] DEBUG Engine               - class com.almasb.fxgl.achievement.AchievementService
15:00:46.853 [FXGL Background Thread 3 ] DEBUG Engine               - class com.almasb.fxgl.cutscene.CutsceneService
15:00:46.853 [FXGL Background Thread 3 ] DEBUG Engine               - class com.almasb.fxgl.minigames.MiniGameService
15:00:46.854 [FXGL Background Thread 3 ] DEBUG Engine               - class com.almasb.fxgl.net.NetService
15:00:46.855 [FXGL Background Thread 3 ] DEBUG Engine               - class com.almasb.fxgl.app.services.UpdaterService
15:00:46.855 [FXGL Background Thread 3 ] DEBUG Engine               - class com.almasb.fxgl.dev.DevService
15:00:51.577 [JavaFX Application Thread] DEBUG FXGLApplication      - Exiting FXGL
15:00:51.578 [JavaFX Application Thread] DEBUG LoopRunner           - Stopping loop
15:00:51.578 [JavaFX Application Thread] DEBUG SystemBundleService  - Saving FXGL system data
15:00:51.582 [JavaFX Application Thread] DEBUG FileSystemAccess     - Writing to: C:\Users\stanm\Documents\SE-Challengeweek\system\fxgl.bundle
15:00:51.587 [JavaFX Application Thread] DEBUG Async                - Shutting down background threads
15:00:51.588 [JavaFX Application Thread] DEBUG PrimaryStageWindow   - Closing main window
15:00:51.600 [JavaFX Application Thread] DEBUG Logger               - Closing Logger
