15:02:14.428 [main                     ] DEBUG Logger               - Configured Logger
15:02:14.441 [main                     ] DEBUG GameApplication      - Logging settings
Title: Untitled
Version: 0.0
Width: 1050
Height: 700
Fullscreen: false
Intro: false
Profiling: false
Single step:false
App Mode: DEVELOPER
Menu Key: ESCAPE
Stage Style: DECORATED
Scene Factory: class com.almasb.fxgl.app.scene.SceneFactory

15:02:14.759 [JavaFX Application Thread] DEBUG FXGLApplication      - Initializing FXGL
15:02:14.762 [JavaFX Application Thread] INFO  Engine               - FXGL-11.14 (01.03.2021 16.59) on WINDOWS (J:15.0.2 FX:15)
15:02:14.762 [JavaFX Application Thread] DEBUG Engine               - JRE Vendor Name: Amazon.com Inc.
15:02:14.762 [JavaFX Application Thread] DEBUG Engine               - Running on OS: Windows 10 version 10.0
15:02:14.763 [JavaFX Application Thread] DEBUG Engine               - Architecture: amd64
15:02:14.763 [JavaFX Application Thread] INFO  Engine               - Source code and latest versions at: https://github.com/AlmasB/FXGL
15:02:14.763 [JavaFX Application Thread] INFO  Engine               -              Join the FXGL chat at: https://gitter.im/AlmasB/FXGL
15:02:14.856 [JavaFX Application Thread] DEBUG PrimaryStageWindow   - Creating a JavaFX scene
15:02:14.897 [JavaFX Application Thread] DEBUG PrimaryStageWindow   - Target settings size: 1050.0 x 700.0
15:02:14.898 [JavaFX Application Thread] DEBUG PrimaryStageWindow   - Scaled scene size:    1050.0 x 700.0
15:02:14.898 [JavaFX Application Thread] DEBUG PrimaryStageWindow   - Scaled ratio: (1.0, 1.0)
15:02:14.899 [JavaFX Application Thread] DEBUG PrimaryStageWindow   - Set initial scene to FXGLStartupScene
15:02:14.905 [JavaFX Application Thread] DEBUG PrimaryStageWindow   - Opening main window
15:02:14.975 [JavaFX Application Thread] DEBUG PrimaryStageWindow   - Window border size: (14.800048828125, 37.5999755859375)
15:02:14.975 [JavaFX Application Thread] DEBUG PrimaryStageWindow   - Scaled size: 1050.0 x 700.0
15:02:14.975 [JavaFX Application Thread] DEBUG PrimaryStageWindow   - Scaled ratio: (1.0, 1.0)
15:02:14.975 [JavaFX Application Thread] DEBUG PrimaryStageWindow   - Scene size: 1050.0 x 700.0
15:02:14.975 [JavaFX Application Thread] DEBUG PrimaryStageWindow   - Stage size: 1064.800048828125 x 737.5999755859375
15:02:14.982 [FXGL Background Thread 1 ] DEBUG Engine               - Initializing environment variables
15:02:15.016 [FXGL Background Thread 1 ] DEBUG FXGLAssetLoaderServi - User app class for loading assets: class Game
15:02:15.016 [FXGL Background Thread 1 ] DEBUG GameApplicationServi - Applying CSS: fxgl_dark.css
15:02:15.017 [FXGL Background Thread 1 ] DEBUG FXGLAssetLoaderServi - Loading from file system: jar:file:/C:/Users/stanm/.m2/repository/com/github/almasb/fxgl/11.14/fxgl-11.14.jar!/fxglassets/ui/css/fxgl_dark.css
15:02:15.069 [FXGL Background Thread 1 ] DEBUG GameApplicationServi - Initializing application scenes
15:02:15.102 [FXGL Background Thread 1 ] DEBUG GameWorld            - Game world initialized
15:02:15.157 [FXGL Background Thread 1 ] DEBUG PhysicsWorld         - Physics world initialized: appHeight=700, physics.ppm=50,0
15:02:15.157 [FXGL Background Thread 1 ] DEBUG PhysicsWorld         - Using strategy: BRUTE_FORCE
15:02:15.159 [FXGL Background Thread 1 ] DEBUG GameScene            - Game scene initialized: 1050x700
15:02:15.198 [FXGL Background Thread 1 ] DEBUG FXGLAssetLoaderServi - Loading from file system: jar:file:/C:/Users/stanm/.m2/repository/com/github/almasb/fxgl/11.14/fxgl-11.14.jar!/fxglassets/textures/particles/trace_horizontal.png
15:02:15.239 [FXGL Background Thread 1 ] DEBUG FXGL.DefaultMenu     - createMenuBodyGameMenu()
15:02:15.251 [FXGL Background Thread 1 ] DEBUG FXGL.DefaultMenu     - createOptionsMenu()
15:02:15.255 [FXGL Background Thread 1 ] DEBUG FXGLAssetLoaderServi - Loading from file system: jar:file:/C:/Users/stanm/.m2/repository/com/github/almasb/fxgl/11.14/fxgl-11.14.jar!/fxglassets/textures/particles/smoke.png
15:02:15.296 [FXGL Background Thread 1 ] DEBUG GameApplicationServi - Application scenes initialized
15:02:15.307 [FXGL Background Thread 1 ] DEBUG SystemBundleService  - Loading FXGL system data
15:02:15.312 [FXGL Background Thread 1 ] DEBUG FileSystemAccess     - Reading from: C:\Users\stanm\Documents\SE-Challengeweek\system\fxgl.bundle
15:02:15.317 [FXGL Background Thread 1 ] DEBUG SystemBundleService  - Bundle FXGL: {}
15:02:15.317 [FXGL Background Thread 1 ] DEBUG UpdaterService       - Checking for updates
15:02:15.320 [FXGL Background Thread 4 ] DEBUG FXGLApplication      - Loading fonts
15:02:15.321 [FXGL Background Thread 1 ] DEBUG FXGLApplication      - Loading default localization
15:02:15.321 [FXGL Background Thread 1 ] DEBUG FXGLAssetLoaderServi - Loading from file system: jar:file:/C:/Users/stanm/.m2/repository/com/github/almasb/fxgl/11.14/fxgl-11.14.jar!/fxglassets/languages/english.lang
15:02:15.321 [FXGL Background Thread 4 ] DEBUG FXGLAssetLoaderServi - Loading from file system: jar:file:/C:/Users/stanm/.m2/repository/com/github/almasb/fxgl/11.14/fxgl-11.14.jar!/fxglassets/ui/fonts/VarelaRound-Regular.ttf
15:02:15.332 [FXGL Background Thread 1 ] INFO  FXGLApplication      - FXGL initialization took: 0,350 sec
15:02:15.341 [JavaFX Application Thread] DEBUG Input                - Registered new binding: Right - D
15:02:15.341 [JavaFX Application Thread] DEBUG Input                - Registered new binding: Left - A
15:02:15.342 [JavaFX Application Thread] DEBUG Input                - Registered new binding: Up - W
15:02:15.342 [JavaFX Application Thread] DEBUG Input                - Registered new binding: Down - S
15:02:15.343 [JavaFX Application Thread] DEBUG FXGLAssetLoaderServi - Loading from file system: jar:file:/C:/Users/stanm/.m2/repository/com/github/almasb/fxgl/11.14/fxgl-11.14.jar!/fxglassets/textures/fxgl_icon.png
15:02:15.358 [JavaFX Application Thread] DEBUG FXGLAssetLoaderServi - Loading from file system: jar:file:/C:/Users/stanm/.m2/repository/com/github/almasb/fxgl/11.14/fxgl-11.14.jar!/fxglassets/ui/cursors/fxgl_default.png
15:02:15.361 [JavaFX Application Thread] DEBUG Input                - Registered new binding: Screenshot - P
15:02:15.361 [JavaFX Application Thread] DEBUG Input                - Registered new binding: System info dump - CTRL+9
15:02:15.362 [JavaFX Application Thread] DEBUG Input                - Registered new binding: Restart - CTRL+R
15:02:15.363 [JavaFX Application Thread] DEBUG Input                - Registered new binding: Toggle Debug Camera - CTRL+C
15:02:15.365 [JavaFX Application Thread] DEBUG LoopRunner           - Starting loop
15:02:15.365 [JavaFX Application Thread] DEBUG LoopRunner           - Initializing JavaFX AnimationTimerLoop
15:02:15.367 [JavaFX Application Thread] DEBUG GameApplicationServi - Starting new game
15:02:15.367 [JavaFX Application Thread] DEBUG Input                - Clearing active input actions
15:02:15.379 [FXGL Background Thread 4 ] DEBUG FXGLAssetLoaderServi - Loading from file system: jar:file:/C:/Users/stanm/.m2/repository/com/github/almasb/fxgl/11.14/fxgl-11.14.jar!/fxglassets/ui/fonts/Abel-Regular.ttf
15:02:15.380 [JavaFX Application Thread] DEBUG GameApplicationServi - Removing overlay from FXGLStartupScene and adding to FXGLLoadingScene
15:02:15.380 [JavaFX Application Thread] DEBUG PrimaryStageWindow   - FXGLStartupScene -> FXGLLoadingScene
15:02:15.380 [JavaFX Application Thread] DEBUG GameApplicationServi - Clearing previous game
15:02:15.380 [JavaFX Application Thread] DEBUG GameScene            - Clearing game scene
15:02:15.381 [JavaFX Application Thread] DEBUG GameWorld            - Clearing game world
15:02:15.381 [JavaFX Application Thread] DEBUG PhysicsWorld         - Clearing physics world
15:02:15.382 [FXGL Background Thread 1 ] DEBUG FXGLApplication      - Initializing game
15:02:15.389 [FXGL Background Thread 4 ] DEBUG FXGLAssetLoaderServi - Loading from file system: jar:file:/C:/Users/stanm/.m2/repository/com/github/almasb/fxgl/11.14/fxgl-11.14.jar!/fxglassets/ui/fonts/lucida_console.ttf
15:02:15.400 [FXGL Background Thread 4 ] DEBUG FXGLAssetLoaderServi - Loading from file system: jar:file:/C:/Users/stanm/.m2/repository/com/github/almasb/fxgl/11.14/fxgl-11.14.jar!/fxglassets/ui/fonts/Courier-Prime.ttf
15:02:15.411 [FXGL Background Thread 1 ] WARN  TMXLevelLoader       - TiledMap generated from 1.0.1. Supported version: 1.2.3. Some features may not be parsed fully.
15:02:15.415 [JavaFX Application Thread] DEBUG FXGLApplication      - Registering font factories with UI factory
15:02:15.417 [FXGL Background Thread 1 ] DEBUG TMXLevelLoader       - Parsed raw map: TiledMap(width=15, height=10, tilewidth=70, tileheight=70, orientation=orthogonal, layers=[Layer(width=15, height=10, name=Tile Layer 1, type=tilelayer, visible=false, x=0, y=0, data=[73, 73, 73, 73, 73, 73, 73, 73, 73, 73, 73, 73, 73, 73, 73, 73, 0, 0, 133, 0, 133, 0, 133, 0, 133, 0, 133, 0, 0, 73, 73, 0, 128, 0, 128, 0, 128, 0, 128, 0, 128, 0, 128, 0, 73, 73, 133, 0, 133, 0, 133, 0, 133, 0, 133, 0, 133, 0, 133, 73, 73, 0, 128, 0, 128, 0, 128, 0, 128, 0, 128, 0, 128, 0, 73, 73, 0, 128, 0, 128, 0, 128, 0, 128, 0, 128, 0, 128, 0, 73, 73, 133, 0, 133, 0, 133, 0, 133, 0, 133, 0, 133, 0, 133, 73, 73, 0, 128, 0, 128, 0, 128, 0, 128, 0, 128, 0, 128, 0, 73, 73, 0, 0, 133, 0, 133, 0, 133, 0, 133, 0, 133, 0, 0, 73, 73, 73, 73, 73, 73, 73, 73, 73, 73, 73, 73, 73, 73, 73, 73], objects=[], opacity=0.0, draworder=), Layer(width=0, height=0, name=Object Layer 1, type=objectgroup, visible=false, x=0, y=0, data=[], objects=[com.almasb.fxgl.entity.level.tiled.TiledObject@6864ee88, com.almasb.fxgl.entity.level.tiled.TiledObject@1937d104, com.almasb.fxgl.entity.level.tiled.TiledObject@6932d0dc, com.almasb.fxgl.entity.level.tiled.TiledObject@5fac8fe2], opacity=0.0, draworder=)], tilesets=[Tileset(firstgid=1, image=../Pictures/tiles_spritesheet.png, name=tiles_spritesheet, tilewidth=70, tileheight=70, imagewidth=914, imageheight=936, margin=0, spacing=2, columns=12, tilecount=156, transparentcolor=, tiles=[])], backgroundcolor=, renderorder=right-down, nextobjectid=7, version=1, tiledversion=1.0.1, type=map, infinite=false, hexsidelength=0, staggeraxis=, staggerindex=, properties={}, propertytypes={})
15:02:15.418 [FXGL Background Thread 1 ] DEBUG TMXLevelLoader       - Creating tile layer entities
15:02:15.419 [FXGL Background Thread 1 ] DEBUG TilesetLoader        - Loading view for layer Tile Layer 1
15:02:15.420 [FXGL Background Thread 1 ] DEBUG TilesetLoader        - Created buffer with size 1050.0x700.0
15:02:15.456 [FXGL Background Thread 1 ] DEBUG TilesetLoader        - Writing to buffer: dst=0,0, w=70,h=70, src=0,432
15:02:15.456 [FXGL Background Thread 1 ] DEBUG TilesetLoader        - Writing to buffer: dst=70,0, w=70,h=70, src=0,432
15:02:15.457 [FXGL Background Thread 1 ] DEBUG TilesetLoader        - Writing to buffer: dst=140,0, w=70,h=70, src=0,432
15:02:15.457 [FXGL Background Thread 1 ] DEBUG TilesetLoader        - Writing to buffer: dst=210,0, w=70,h=70, src=0,432
15:02:15.457 [FXGL Background Thread 1 ] DEBUG TilesetLoader        - Writing to buffer: dst=280,0, w=70,h=70, src=0,432
15:02:15.457 [FXGL Background Thread 1 ] DEBUG TilesetLoader        - Writing to buffer: dst=350,0, w=70,h=70, src=0,432
15:02:15.457 [FXGL Background Thread 1 ] DEBUG TilesetLoader        - Writing to buffer: dst=420,0, w=70,h=70, src=0,432
15:02:15.457 [FXGL Background Thread 1 ] DEBUG TilesetLoader        - Writing to buffer: dst=490,0, w=70,h=70, src=0,432
15:02:15.458 [FXGL Background Thread 1 ] DEBUG TilesetLoader        - Writing to buffer: dst=560,0, w=70,h=70, src=0,432
15:02:15.458 [FXGL Background Thread 1 ] DEBUG TilesetLoader        - Writing to buffer: dst=630,0, w=70,h=70, src=0,432
15:02:15.458 [FXGL Background Thread 1 ] DEBUG TilesetLoader        - Writing to buffer: dst=700,0, w=70,h=70, src=0,432
15:02:15.458 [FXGL Background Thread 1 ] DEBUG TilesetLoader        - Writing to buffer: dst=770,0, w=70,h=70, src=0,432
15:02:15.458 [FXGL Background Thread 1 ] DEBUG TilesetLoader        - Writing to buffer: dst=840,0, w=70,h=70, src=0,432
15:02:15.458 [FXGL Background Thread 1 ] DEBUG TilesetLoader        - Writing to buffer: dst=910,0, w=70,h=70, src=0,432
15:02:15.459 [FXGL Background Thread 1 ] DEBUG TilesetLoader        - Writing to buffer: dst=980,0, w=70,h=70, src=0,432
15:02:15.459 [FXGL Background Thread 1 ] DEBUG TilesetLoader        - Writing to buffer: dst=0,70, w=70,h=70, src=0,432
15:02:15.459 [FXGL Background Thread 1 ] DEBUG TilesetLoader        - Writing to buffer: dst=210,70, w=70,h=70, src=0,792
15:02:15.459 [FXGL Background Thread 1 ] DEBUG TilesetLoader        - Writing to buffer: dst=350,70, w=70,h=70, src=0,792
15:02:15.460 [FXGL Background Thread 1 ] DEBUG TilesetLoader        - Writing to buffer: dst=490,70, w=70,h=70, src=0,792
15:02:15.460 [FXGL Background Thread 1 ] DEBUG TilesetLoader        - Writing to buffer: dst=630,70, w=70,h=70, src=0,792
15:02:15.460 [FXGL Background Thread 1 ] DEBUG TilesetLoader        - Writing to buffer: dst=770,70, w=70,h=70, src=0,792
15:02:15.460 [FXGL Background Thread 1 ] DEBUG TilesetLoader        - Writing to buffer: dst=980,70, w=70,h=70, src=0,432
15:02:15.460 [FXGL Background Thread 1 ] DEBUG TilesetLoader        - Writing to buffer: dst=0,140, w=70,h=70, src=0,432
15:02:15.461 [FXGL Background Thread 1 ] DEBUG TilesetLoader        - Writing to buffer: dst=140,140, w=70,h=70, src=504,720
15:02:15.461 [FXGL Background Thread 1 ] DEBUG TilesetLoader        - Writing to buffer: dst=280,140, w=70,h=70, src=504,720
15:02:15.461 [FXGL Background Thread 1 ] DEBUG TilesetLoader        - Writing to buffer: dst=420,140, w=70,h=70, src=504,720
15:02:15.461 [FXGL Background Thread 1 ] DEBUG TilesetLoader        - Writing to buffer: dst=560,140, w=70,h=70, src=504,720
15:02:15.462 [FXGL Background Thread 1 ] DEBUG TilesetLoader        - Writing to buffer: dst=700,140, w=70,h=70, src=504,720
15:02:15.462 [FXGL Background Thread 1 ] DEBUG TilesetLoader        - Writing to buffer: dst=840,140, w=70,h=70, src=504,720
15:02:15.462 [FXGL Background Thread 1 ] DEBUG TilesetLoader        - Writing to buffer: dst=980,140, w=70,h=70, src=0,432
15:02:15.462 [FXGL Background Thread 1 ] DEBUG TilesetLoader        - Writing to buffer: dst=0,210, w=70,h=70, src=0,432
15:02:15.463 [FXGL Background Thread 1 ] DEBUG TilesetLoader        - Writing to buffer: dst=70,210, w=70,h=70, src=0,792
15:02:15.463 [FXGL Background Thread 1 ] DEBUG TilesetLoader        - Writing to buffer: dst=210,210, w=70,h=70, src=0,792
15:02:15.463 [FXGL Background Thread 1 ] DEBUG TilesetLoader        - Writing to buffer: dst=350,210, w=70,h=70, src=0,792
15:02:15.463 [FXGL Background Thread 1 ] DEBUG TilesetLoader        - Writing to buffer: dst=490,210, w=70,h=70, src=0,792
15:02:15.464 [FXGL Background Thread 1 ] DEBUG TilesetLoader        - Writing to buffer: dst=630,210, w=70,h=70, src=0,792
15:02:15.464 [FXGL Background Thread 1 ] DEBUG TilesetLoader        - Writing to buffer: dst=770,210, w=70,h=70, src=0,792
15:02:15.464 [FXGL Background Thread 1 ] DEBUG TilesetLoader        - Writing to buffer: dst=910,210, w=70,h=70, src=0,792
15:02:15.464 [FXGL Background Thread 1 ] DEBUG TilesetLoader        - Writing to buffer: dst=980,210, w=70,h=70, src=0,432
15:02:15.465 [FXGL Background Thread 1 ] DEBUG TilesetLoader        - Writing to buffer: dst=0,280, w=70,h=70, src=0,432
15:02:15.465 [FXGL Background Thread 1 ] DEBUG TilesetLoader        - Writing to buffer: dst=140,280, w=70,h=70, src=504,720
15:02:15.465 [FXGL Background Thread 1 ] DEBUG TilesetLoader        - Writing to buffer: dst=280,280, w=70,h=70, src=504,720
15:02:15.465 [FXGL Background Thread 1 ] DEBUG TilesetLoader        - Writing to buffer: dst=420,280, w=70,h=70, src=504,720
15:02:15.466 [FXGL Background Thread 1 ] DEBUG TilesetLoader        - Writing to buffer: dst=560,280, w=70,h=70, src=504,720
15:02:15.466 [FXGL Background Thread 1 ] DEBUG TilesetLoader        - Writing to buffer: dst=700,280, w=70,h=70, src=504,720
15:02:15.466 [FXGL Background Thread 1 ] DEBUG TilesetLoader        - Writing to buffer: dst=840,280, w=70,h=70, src=504,720
15:02:15.466 [FXGL Background Thread 1 ] DEBUG TilesetLoader        - Writing to buffer: dst=980,280, w=70,h=70, src=0,432
15:02:15.466 [FXGL Background Thread 1 ] DEBUG TilesetLoader        - Writing to buffer: dst=0,350, w=70,h=70, src=0,432
15:02:15.467 [FXGL Background Thread 1 ] DEBUG TilesetLoader        - Writing to buffer: dst=140,350, w=70,h=70, src=504,720
15:02:15.467 [FXGL Background Thread 1 ] DEBUG TilesetLoader        - Writing to buffer: dst=280,350, w=70,h=70, src=504,720
15:02:15.467 [FXGL Background Thread 1 ] DEBUG TilesetLoader        - Writing to buffer: dst=420,350, w=70,h=70, src=504,720
15:02:15.468 [FXGL Background Thread 1 ] DEBUG TilesetLoader        - Writing to buffer: dst=560,350, w=70,h=70, src=504,720
15:02:15.468 [FXGL Background Thread 1 ] DEBUG TilesetLoader        - Writing to buffer: dst=700,350, w=70,h=70, src=504,720
15:02:15.468 [FXGL Background Thread 1 ] DEBUG TilesetLoader        - Writing to buffer: dst=840,350, w=70,h=70, src=504,720
15:02:15.468 [FXGL Background Thread 1 ] DEBUG TilesetLoader        - Writing to buffer: dst=980,350, w=70,h=70, src=0,432
15:02:15.468 [FXGL Background Thread 1 ] DEBUG TilesetLoader        - Writing to buffer: dst=0,420, w=70,h=70, src=0,432
15:02:15.468 [FXGL Background Thread 1 ] DEBUG TilesetLoader        - Writing to buffer: dst=70,420, w=70,h=70, src=0,792
15:02:15.469 [FXGL Background Thread 1 ] DEBUG TilesetLoader        - Writing to buffer: dst=210,420, w=70,h=70, src=0,792
15:02:15.469 [FXGL Background Thread 1 ] DEBUG TilesetLoader        - Writing to buffer: dst=350,420, w=70,h=70, src=0,792
15:02:15.469 [FXGL Background Thread 1 ] DEBUG TilesetLoader        - Writing to buffer: dst=490,420, w=70,h=70, src=0,792
15:02:15.469 [FXGL Background Thread 1 ] DEBUG TilesetLoader        - Writing to buffer: dst=630,420, w=70,h=70, src=0,792
15:02:15.469 [FXGL Background Thread 1 ] DEBUG TilesetLoader        - Writing to buffer: dst=770,420, w=70,h=70, src=0,792
15:02:15.470 [FXGL Background Thread 1 ] DEBUG TilesetLoader        - Writing to buffer: dst=910,420, w=70,h=70, src=0,792
15:02:15.470 [FXGL Background Thread 1 ] DEBUG TilesetLoader        - Writing to buffer: dst=980,420, w=70,h=70, src=0,432
15:02:15.470 [FXGL Background Thread 1 ] DEBUG TilesetLoader        - Writing to buffer: dst=0,490, w=70,h=70, src=0,432
15:02:15.470 [FXGL Background Thread 1 ] DEBUG TilesetLoader        - Writing to buffer: dst=140,490, w=70,h=70, src=504,720
15:02:15.470 [FXGL Background Thread 1 ] DEBUG TilesetLoader        - Writing to buffer: dst=280,490, w=70,h=70, src=504,720
15:02:15.471 [FXGL Background Thread 1 ] DEBUG TilesetLoader        - Writing to buffer: dst=420,490, w=70,h=70, src=504,720
15:02:15.471 [FXGL Background Thread 1 ] DEBUG TilesetLoader        - Writing to buffer: dst=560,490, w=70,h=70, src=504,720
15:02:15.471 [FXGL Background Thread 1 ] DEBUG TilesetLoader        - Writing to buffer: dst=700,490, w=70,h=70, src=504,720
15:02:15.471 [FXGL Background Thread 1 ] DEBUG TilesetLoader        - Writing to buffer: dst=840,490, w=70,h=70, src=504,720
15:02:15.471 [FXGL Background Thread 1 ] DEBUG TilesetLoader        - Writing to buffer: dst=980,490, w=70,h=70, src=0,432
15:02:15.471 [FXGL Background Thread 1 ] DEBUG TilesetLoader        - Writing to buffer: dst=0,560, w=70,h=70, src=0,432
15:02:15.472 [FXGL Background Thread 1 ] DEBUG TilesetLoader        - Writing to buffer: dst=210,560, w=70,h=70, src=0,792
15:02:15.472 [FXGL Background Thread 1 ] DEBUG TilesetLoader        - Writing to buffer: dst=350,560, w=70,h=70, src=0,792
15:02:15.472 [FXGL Background Thread 1 ] DEBUG TilesetLoader        - Writing to buffer: dst=490,560, w=70,h=70, src=0,792
15:02:15.472 [FXGL Background Thread 1 ] DEBUG TilesetLoader        - Writing to buffer: dst=630,560, w=70,h=70, src=0,792
15:02:15.472 [FXGL Background Thread 1 ] DEBUG TilesetLoader        - Writing to buffer: dst=770,560, w=70,h=70, src=0,792
15:02:15.472 [FXGL Background Thread 1 ] DEBUG TilesetLoader        - Writing to buffer: dst=980,560, w=70,h=70, src=0,432
15:02:15.473 [FXGL Background Thread 1 ] DEBUG TilesetLoader        - Writing to buffer: dst=0,630, w=70,h=70, src=0,432
15:02:15.473 [FXGL Background Thread 1 ] DEBUG TilesetLoader        - Writing to buffer: dst=70,630, w=70,h=70, src=0,432
15:02:15.473 [FXGL Background Thread 1 ] DEBUG TilesetLoader        - Writing to buffer: dst=140,630, w=70,h=70, src=0,432
15:02:15.474 [FXGL Background Thread 1 ] DEBUG TilesetLoader        - Writing to buffer: dst=210,630, w=70,h=70, src=0,432
15:02:15.474 [FXGL Background Thread 1 ] DEBUG TilesetLoader        - Writing to buffer: dst=280,630, w=70,h=70, src=0,432
15:02:15.474 [FXGL Background Thread 1 ] DEBUG TilesetLoader        - Writing to buffer: dst=350,630, w=70,h=70, src=0,432
15:02:15.474 [FXGL Background Thread 1 ] DEBUG TilesetLoader        - Writing to buffer: dst=420,630, w=70,h=70, src=0,432
15:02:15.474 [FXGL Background Thread 1 ] DEBUG TilesetLoader        - Writing to buffer: dst=490,630, w=70,h=70, src=0,432
15:02:15.475 [FXGL Background Thread 1 ] DEBUG TilesetLoader        - Writing to buffer: dst=560,630, w=70,h=70, src=0,432
15:02:15.475 [FXGL Background Thread 1 ] DEBUG TilesetLoader        - Writing to buffer: dst=630,630, w=70,h=70, src=0,432
15:02:15.475 [FXGL Background Thread 1 ] DEBUG TilesetLoader        - Writing to buffer: dst=700,630, w=70,h=70, src=0,432
15:02:15.475 [FXGL Background Thread 1 ] DEBUG TilesetLoader        - Writing to buffer: dst=770,630, w=70,h=70, src=0,432
15:02:15.475 [FXGL Background Thread 1 ] DEBUG TilesetLoader        - Writing to buffer: dst=840,630, w=70,h=70, src=0,432
15:02:15.476 [FXGL Background Thread 1 ] DEBUG TilesetLoader        - Writing to buffer: dst=910,630, w=70,h=70, src=0,432
15:02:15.476 [FXGL Background Thread 1 ] DEBUG TilesetLoader        - Writing to buffer: dst=980,630, w=70,h=70, src=0,432
15:02:15.476 [FXGL Background Thread 1 ] DEBUG TMXLevelLoader       - Creating object layer entities
15:02:15.490 [FXGL Background Thread 1 ] DEBUG GameWorld            - Clearing removable entities
15:02:15.491 [FXGL Background Thread 1 ] DEBUG GameWorld            - Setting level: com.almasb.fxgl.entity.level.Level@67b84561
15:02:15.506 [FXGL Background Thread 1 ] WARN  FXGLAssetLoaderServi - Asset "/assets/textures/player_idle_ .png" was not found!
15:02:15.507 [FXGL Background Thread 1 ] WARN  FXGLAssetLoaderServi - Failed to load IMAGE
15:02:15.533 [FXGL Background Thread 1 ] INFO  FXGLApplication      - Game initialization took: 0,151 sec
15:02:15.533 [JavaFX Application Thread] DEBUG Input                - Clearing active input actions
15:02:15.541 [JavaFX Application Thread] DEBUG GameApplicationServi - Removing overlay from FXGLLoadingScene and adding to GameScene
15:02:15.541 [JavaFX Application Thread] DEBUG PrimaryStageWindow   - FXGLLoadingScene -> GameScene
15:02:15.784 [FXGL Background Thread 2 ] INFO  UpdaterService       - Your current version:  11.14
15:02:15.785 [FXGL Background Thread 2 ] INFO  UpdaterService       - Latest stable version: 17.1
15:02:18.321 [FXGL Background Thread 3 ] DEBUG Engine               - Logging environment variables
15:02:18.322 [FXGL Background Thread 3 ] DEBUG Engine               - achievements: []
15:02:18.323 [FXGL Background Thread 3 ] DEBUG Engine               - actualHeight: 700.0
15:02:18.324 [FXGL Background Thread 3 ] DEBUG Engine               - actualHeightProperty: ReadOnlyDoubleProperty [value: 700.0]
15:02:18.324 [FXGL Background Thread 3 ] DEBUG Engine               - actualWidth: 1050.0
15:02:18.325 [FXGL Background Thread 3 ] DEBUG Engine               - actualWidthProperty: ReadOnlyDoubleProperty [value: 1050.0]
15:02:18.325 [FXGL Background Thread 3 ] DEBUG Engine               - appIcon: fxgl_icon.png
15:02:18.326 [FXGL Background Thread 3 ] DEBUG Engine               - applicationMode: DEVELOPER
15:02:18.326 [FXGL Background Thread 3 ] DEBUG Engine               - cSSList: [fxgl_dark.css]
15:02:18.327 [FXGL Background Thread 3 ] DEBUG Engine               - collisionDetectionStrategy: BRUTE_FORCE
15:02:18.327 [FXGL Background Thread 3 ] DEBUG Engine               - configClass: Optional.empty
15:02:18.328 [FXGL Background Thread 3 ] DEBUG Engine               - credits: []
15:02:18.331 [FXGL Background Thread 3 ] DEBUG Engine               - devBBoxColorProperty: ObjectProperty [value: 0xff0000ff]
15:02:18.331 [FXGL Background Thread 3 ] DEBUG Engine               - devEnableDebugCameraProperty: BooleanProperty [value: false]
15:02:18.332 [FXGL Background Thread 3 ] DEBUG Engine               - devSensorColorProperty: ObjectProperty [value: 0xffff00ff]
15:02:18.333 [FXGL Background Thread 3 ] DEBUG Engine               - devShowBBoxProperty: BooleanProperty [value: false]
15:02:18.333 [FXGL Background Thread 3 ] DEBUG Engine               - devShowPositionProperty: BooleanProperty [value: false]
15:02:18.334 [FXGL Background Thread 3 ] DEBUG Engine               - enabledMenuItems: []
15:02:18.334 [FXGL Background Thread 3 ] DEBUG Engine               - engineServices: [class com.almasb.fxgl.app.services.FXGLAssetLoaderService, class com.almasb.fxgl.app.FXGLApplication$GameApplicationService, class com.almasb.fxgl.app.services.FXGLDialogService, class com.almasb.fxgl.app.services.IOTaskExecutorService, class com.almasb.fxgl.event.EventBusService, class com.almasb.fxgl.io.FileSystemService, class com.almasb.fxgl.localization.LocalizationService, class com.almasb.fxgl.app.services.SystemBundleService, class com.almasb.fxgl.profile.SaveLoadService, class com.almasb.fxgl.ui.FXGLUIFactoryServiceProvider, class com.almasb.fxgl.ui.FXGLDialogFactoryServiceProvider, class com.almasb.fxgl.audio.AudioPlayer, class com.almasb.fxgl.notification.impl.NotificationServiceProvider, class com.almasb.fxgl.achievement.AchievementService, class com.almasb.fxgl.cutscene.CutsceneService, class com.almasb.fxgl.minigames.MiniGameService, class com.almasb.fxgl.net.NetService, class com.almasb.fxgl.app.services.UpdaterService, class com.almasb.fxgl.dev.DevService]
15:02:18.334 [FXGL Background Thread 3 ] DEBUG Engine               - fontGame: Abel-Regular.ttf
15:02:18.335 [FXGL Background Thread 3 ] DEBUG Engine               - fontMono: lucida_console.ttf
15:02:18.335 [FXGL Background Thread 3 ] DEBUG Engine               - fontText: Courier-Prime.ttf
15:02:18.336 [FXGL Background Thread 3 ] DEBUG Engine               - fontUI: VarelaRound-Regular.ttf
15:02:18.337 [FXGL Background Thread 3 ] DEBUG Engine               - fullScreen: BooleanProperty [value: false]
15:02:18.338 [FXGL Background Thread 3 ] DEBUG Engine               - gameDifficulty: MEDIUM
15:02:18.338 [FXGL Background Thread 3 ] DEBUG Engine               - gameDifficultyProperty: ObjectProperty [value: MEDIUM]
15:02:18.339 [FXGL Background Thread 3 ] DEBUG Engine               - globalMusicVolume: 0.5
15:02:18.340 [FXGL Background Thread 3 ] DEBUG Engine               - globalMusicVolumeProperty: DoubleProperty [value: 0.5]
15:02:18.341 [FXGL Background Thread 3 ] DEBUG Engine               - globalSoundVolume: 0.5
15:02:18.342 [FXGL Background Thread 3 ] DEBUG Engine               - globalSoundVolumeProperty: DoubleProperty [value: 0.5]
15:02:18.342 [FXGL Background Thread 3 ] DEBUG Engine               - height: 700
15:02:18.343 [FXGL Background Thread 3 ] DEBUG Engine               - isAndroid: false
15:02:18.344 [FXGL Background Thread 3 ] DEBUG Engine               - isBrowser: false
15:02:18.345 [FXGL Background Thread 3 ] DEBUG Engine               - isClickFeedbackEnabled: false
15:02:18.345 [FXGL Background Thread 3 ] DEBUG Engine               - isCloseConfirmation: false
15:02:18.346 [FXGL Background Thread 3 ] DEBUG Engine               - isDesktop: true
15:02:18.346 [FXGL Background Thread 3 ] DEBUG Engine               - isDeveloperMenuEnabled: false
15:02:18.348 [FXGL Background Thread 3 ] DEBUG Engine               - isEntityPreloadEnabled: true
15:02:18.349 [FXGL Background Thread 3 ] DEBUG Engine               - isExperimental3D: false
15:02:18.350 [FXGL Background Thread 3 ] DEBUG Engine               - isExperimentalNative: false
15:02:18.351 [FXGL Background Thread 3 ] DEBUG Engine               - isExperimentalTiledLargeMap: false
15:02:18.351 [FXGL Background Thread 3 ] DEBUG Engine               - isFileSystemWriteAllowed: true
15:02:18.352 [FXGL Background Thread 3 ] DEBUG Engine               - isFullScreenAllowed: false
15:02:18.353 [FXGL Background Thread 3 ] DEBUG Engine               - isFullScreenFromStart: false
15:02:18.354 [FXGL Background Thread 3 ] DEBUG Engine               - isGameMenuEnabled: true
15:02:18.354 [FXGL Background Thread 3 ] DEBUG Engine               - isIOS: false
15:02:18.355 [FXGL Background Thread 3 ] DEBUG Engine               - isIntroEnabled: false
15:02:18.355 [FXGL Background Thread 3 ] DEBUG Engine               - isLinux: false
15:02:18.355 [FXGL Background Thread 3 ] DEBUG Engine               - isMac: false
15:02:18.356 [FXGL Background Thread 3 ] DEBUG Engine               - isMainMenuEnabled: false
15:02:18.357 [FXGL Background Thread 3 ] DEBUG Engine               - isManualResizeEnabled: false
15:02:18.357 [FXGL Background Thread 3 ] DEBUG Engine               - isMobile: false
15:02:18.358 [FXGL Background Thread 3 ] DEBUG Engine               - isPreserveResizeRatio: false
15:02:18.358 [FXGL Background Thread 3 ] DEBUG Engine               - isProfilingEnabled: false
15:02:18.359 [FXGL Background Thread 3 ] DEBUG Engine               - isScaleAffectedOnResize: true
15:02:18.359 [FXGL Background Thread 3 ] DEBUG Engine               - isSingleStep: false
15:02:18.360 [FXGL Background Thread 3 ] DEBUG Engine               - isUserProfileEnabled: false
15:02:18.360 [FXGL Background Thread 3 ] DEBUG Engine               - isWindows: true
15:02:18.361 [FXGL Background Thread 3 ] DEBUG Engine               - language: ObjectProperty [value: ENGLISH]
15:02:18.361 [FXGL Background Thread 3 ] DEBUG Engine               - menuKey: ESCAPE
15:02:18.362 [FXGL Background Thread 3 ] DEBUG Engine               - notificationViewClass: class com.almasb.fxgl.notification.view.XboxNotificationView
15:02:18.362 [FXGL Background Thread 3 ] DEBUG Engine               - pixelsPerMeter: 50.0
15:02:18.363 [FXGL Background Thread 3 ] DEBUG Engine               - platform: WINDOWS
15:02:18.363 [FXGL Background Thread 3 ] DEBUG Engine               - prefHeightProperty: ReadOnlyDoubleProperty [value: 700.0]
15:02:18.364 [FXGL Background Thread 3 ] DEBUG Engine               - prefWidthProperty: ReadOnlyDoubleProperty [value: 1050.0]
15:02:18.364 [FXGL Background Thread 3 ] DEBUG Engine               - profileDir: profiles/
15:02:18.365 [FXGL Background Thread 3 ] DEBUG Engine               - profileName: StringProperty [value: DEFAULT]
15:02:18.365 [FXGL Background Thread 3 ] DEBUG Engine               - randomSeed: -1
15:02:18.365 [FXGL Background Thread 3 ] DEBUG Engine               - runtimeInfo: RuntimeInfo(platform=WINDOWS, version=11.14, build=01.03.2021 16.59)
15:02:18.366 [FXGL Background Thread 3 ] DEBUG Engine               - saveFileExt: sav
15:02:18.366 [FXGL Background Thread 3 ] DEBUG Engine               - scaledHeightProp$fxgl: DoubleProperty [bound, value: 700.0]
15:02:18.367 [FXGL Background Thread 3 ] DEBUG Engine               - scaledWidthProp$fxgl: DoubleProperty [bound, value: 1050.0]
15:02:18.367 [FXGL Background Thread 3 ] DEBUG Engine               - sceneFactory: com.almasb.fxgl.app.scene.SceneFactory@48aea5d5
15:02:18.368 [FXGL Background Thread 3 ] DEBUG Engine               - secondsIn24h: 60
15:02:18.369 [FXGL Background Thread 3 ] DEBUG Engine               - soundMenuBack: menu/back.wav
15:02:18.369 [FXGL Background Thread 3 ] DEBUG Engine               - soundMenuPress: menu/press.wav
15:02:18.370 [FXGL Background Thread 3 ] DEBUG Engine               - soundMenuSelect: menu/select.wav
15:02:18.370 [FXGL Background Thread 3 ] DEBUG Engine               - soundNotification: core/notification.wav
15:02:18.371 [FXGL Background Thread 3 ] DEBUG Engine               - stageStyle: DECORATED
15:02:18.371 [FXGL Background Thread 3 ] DEBUG Engine               - supportedLanguages: [ENGLISH, FRENCH, GERMAN, HUNGARIAN, RUSSIAN]
15:02:18.371 [FXGL Background Thread 3 ] DEBUG Engine               - ticksPerSecond: -1
15:02:18.372 [FXGL Background Thread 3 ] DEBUG Engine               - title: Untitled
15:02:18.372 [FXGL Background Thread 3 ] DEBUG Engine               - urlGithub: https://github.com/AlmasB/FXGL
15:02:18.372 [FXGL Background Thread 3 ] DEBUG Engine               - urlLeaderboard: http://fxgl-top.herokuapp.com/
15:02:18.373 [FXGL Background Thread 3 ] DEBUG Engine               - urlPOM: https://raw.githubusercontent.com/AlmasB/FXGL/release/README.md
15:02:18.373 [FXGL Background Thread 3 ] DEBUG Engine               - userAppClass: class Game
15:02:18.373 [FXGL Background Thread 3 ] DEBUG Engine               - version: 0.0
15:02:18.374 [FXGL Background Thread 3 ] DEBUG Engine               - versionCheckDays: 7
15:02:18.375 [FXGL Background Thread 3 ] DEBUG Engine               - width: 1050
15:02:18.375 [FXGL Background Thread 3 ] DEBUG Engine               - Logging services
15:02:18.376 [FXGL Background Thread 3 ] DEBUG Engine               - class com.almasb.fxgl.app.services.FXGLAssetLoaderService
15:02:18.376 [FXGL Background Thread 3 ] DEBUG Engine               - class com.almasb.fxgl.app.FXGLApplication$GameApplicationService
15:02:18.376 [FXGL Background Thread 3 ] DEBUG Engine               - class com.almasb.fxgl.app.services.FXGLDialogService
15:02:18.377 [FXGL Background Thread 3 ] DEBUG Engine               - class com.almasb.fxgl.app.services.IOTaskExecutorService
15:02:18.377 [FXGL Background Thread 3 ] DEBUG Engine               - class com.almasb.fxgl.event.EventBusService
15:02:18.378 [FXGL Background Thread 3 ] DEBUG Engine               - class com.almasb.fxgl.io.FileSystemService
15:02:18.378 [FXGL Background Thread 3 ] DEBUG Engine               - class com.almasb.fxgl.localization.LocalizationService
15:02:18.378 [FXGL Background Thread 3 ] DEBUG Engine               - class com.almasb.fxgl.app.services.SystemBundleService
15:02:18.379 [FXGL Background Thread 3 ] DEBUG Engine               - class com.almasb.fxgl.profile.SaveLoadService
15:02:18.379 [FXGL Background Thread 3 ] DEBUG Engine               - class com.almasb.fxgl.ui.FXGLUIFactoryServiceProvider
15:02:18.380 [FXGL Background Thread 3 ] DEBUG Engine               - class com.almasb.fxgl.ui.FXGLDialogFactoryServiceProvider
15:02:18.380 [FXGL Background Thread 3 ] DEBUG Engine               - class com.almasb.fxgl.audio.AudioPlayer
15:02:18.380 [FXGL Background Thread 3 ] DEBUG Engine               - class com.almasb.fxgl.notification.impl.NotificationServiceProvider
15:02:18.381 [FXGL Background Thread 3 ] DEBUG Engine               - class com.almasb.fxgl.achievement.AchievementService
15:02:18.382 [FXGL Background Thread 3 ] DEBUG Engine               - class com.almasb.fxgl.cutscene.CutsceneService
15:02:18.382 [FXGL Background Thread 3 ] DEBUG Engine               - class com.almasb.fxgl.minigames.MiniGameService
15:02:18.382 [FXGL Background Thread 3 ] DEBUG Engine               - class com.almasb.fxgl.net.NetService
15:02:18.383 [FXGL Background Thread 3 ] DEBUG Engine               - class com.almasb.fxgl.app.services.UpdaterService
15:02:18.383 [FXGL Background Thread 3 ] DEBUG Engine               - class com.almasb.fxgl.dev.DevService
15:02:25.191 [JavaFX Application Thread] DEBUG FXGLApplication      - Exiting FXGL
15:02:25.191 [JavaFX Application Thread] DEBUG LoopRunner           - Stopping loop
15:02:25.192 [JavaFX Application Thread] DEBUG SystemBundleService  - Saving FXGL system data
15:02:25.196 [JavaFX Application Thread] DEBUG FileSystemAccess     - Writing to: C:\Users\stanm\Documents\SE-Challengeweek\system\fxgl.bundle
15:02:25.201 [JavaFX Application Thread] DEBUG Async                - Shutting down background threads
15:02:25.202 [JavaFX Application Thread] DEBUG PrimaryStageWindow   - Closing main window
15:02:25.224 [JavaFX Application Thread] DEBUG Logger               - Closing Logger
