13:20:41.840 [main                     ] DEBUG Logger               - Configured Logger
13:20:41.852 [main                     ] DEBUG GameApplication      - Logging settings
Title: Untitled
Version: 0.0
Width: 1050
Height: 700
Fullscreen: false
Intro: false
Profiling: false
Single step:false
App Mode: DEVELOPER
Menu Key: ESCAPE
Stage Style: DECORATED
Scene Factory: class com.almasb.fxgl.app.scene.SceneFactory

13:20:42.169 [JavaFX Application Thread] DEBUG FXGLApplication      - Initializing FXGL
13:20:42.171 [JavaFX Application Thread] INFO  Engine               - FXGL-11.14 (01.03.2021 16.59) on WINDOWS (J:15.0.2 FX:15)
13:20:42.171 [JavaFX Application Thread] DEBUG Engine               - JRE Vendor Name: Amazon.com Inc.
13:20:42.171 [JavaFX Application Thread] DEBUG Engine               - Running on OS: Windows 10 version 10.0
13:20:42.171 [JavaFX Application Thread] DEBUG Engine               - Architecture: amd64
13:20:42.171 [JavaFX Application Thread] INFO  Engine               - Source code and latest versions at: https://github.com/AlmasB/FXGL
13:20:42.172 [JavaFX Application Thread] INFO  Engine               -              Join the FXGL chat at: https://gitter.im/AlmasB/FXGL
13:20:42.266 [JavaFX Application Thread] DEBUG PrimaryStageWindow   - Creating a JavaFX scene
13:20:42.312 [JavaFX Application Thread] DEBUG PrimaryStageWindow   - Target settings size: 1050.0 x 700.0
13:20:42.313 [JavaFX Application Thread] DEBUG PrimaryStageWindow   - Scaled scene size:    1050.0 x 700.0
13:20:42.313 [JavaFX Application Thread] DEBUG PrimaryStageWindow   - Scaled ratio: (1.0, 1.0)
13:20:42.314 [JavaFX Application Thread] DEBUG PrimaryStageWindow   - Set initial scene to FXGLStartupScene
13:20:42.320 [JavaFX Application Thread] DEBUG PrimaryStageWindow   - Opening main window
13:20:42.386 [JavaFX Application Thread] DEBUG PrimaryStageWindow   - Window border size: (14.800048828125, 37.5999755859375)
13:20:42.386 [JavaFX Application Thread] DEBUG PrimaryStageWindow   - Scaled size: 1050.0 x 700.0
13:20:42.386 [JavaFX Application Thread] DEBUG PrimaryStageWindow   - Scaled ratio: (1.0, 1.0)
13:20:42.387 [JavaFX Application Thread] DEBUG PrimaryStageWindow   - Scene size: 1050.0 x 700.0
13:20:42.387 [JavaFX Application Thread] DEBUG PrimaryStageWindow   - Stage size: 1064.800048828125 x 737.5999755859375
13:20:42.394 [FXGL Background Thread 1 ] DEBUG Engine               - Initializing environment variables
13:20:42.428 [FXGL Background Thread 1 ] DEBUG FXGLAssetLoaderServi - User app class for loading assets: class Game
13:20:42.428 [FXGL Background Thread 1 ] DEBUG GameApplicationServi - Applying CSS: fxgl_dark.css
13:20:42.429 [FXGL Background Thread 1 ] DEBUG FXGLAssetLoaderServi - Loading from file system: jar:file:/C:/Users/stanm/.m2/repository/com/github/almasb/fxgl/11.14/fxgl-11.14.jar!/fxglassets/ui/css/fxgl_dark.css
13:20:42.470 [FXGL Background Thread 1 ] DEBUG GameApplicationServi - Initializing application scenes
13:20:42.504 [FXGL Background Thread 1 ] DEBUG GameWorld            - Game world initialized
13:20:42.553 [FXGL Background Thread 1 ] DEBUG PhysicsWorld         - Physics world initialized: appHeight=700, physics.ppm=50,0
13:20:42.553 [FXGL Background Thread 1 ] DEBUG PhysicsWorld         - Using strategy: BRUTE_FORCE
13:20:42.555 [FXGL Background Thread 1 ] DEBUG GameScene            - Game scene initialized: 1050x700
13:20:42.591 [FXGL Background Thread 1 ] DEBUG FXGLAssetLoaderServi - Loading from file system: jar:file:/C:/Users/stanm/.m2/repository/com/github/almasb/fxgl/11.14/fxgl-11.14.jar!/fxglassets/textures/particles/trace_horizontal.png
13:20:42.636 [FXGL Background Thread 1 ] DEBUG FXGL.DefaultMenu     - createMenuBodyGameMenu()
13:20:42.650 [FXGL Background Thread 1 ] DEBUG FXGL.DefaultMenu     - createOptionsMenu()
13:20:42.654 [FXGL Background Thread 1 ] DEBUG FXGLAssetLoaderServi - Loading from file system: jar:file:/C:/Users/stanm/.m2/repository/com/github/almasb/fxgl/11.14/fxgl-11.14.jar!/fxglassets/textures/particles/smoke.png
13:20:42.700 [FXGL Background Thread 1 ] DEBUG GameApplicationServi - Application scenes initialized
13:20:42.709 [FXGL Background Thread 1 ] DEBUG SystemBundleService  - Loading FXGL system data
13:20:42.712 [FXGL Background Thread 1 ] DEBUG FileSystemAccess     - Reading from: C:\Users\stanm\Documents\SE-Challengeweek\system\fxgl.bundle
13:20:42.717 [FXGL Background Thread 1 ] DEBUG SystemBundleService  - Bundle FXGL: {}
13:20:42.717 [FXGL Background Thread 1 ] DEBUG UpdaterService       - Checking for updates
13:20:42.721 [FXGL Background Thread 4 ] DEBUG FXGLApplication      - Loading fonts
13:20:42.722 [FXGL Background Thread 1 ] DEBUG FXGLApplication      - Loading default localization
13:20:42.722 [FXGL Background Thread 4 ] DEBUG FXGLAssetLoaderServi - Loading from file system: jar:file:/C:/Users/stanm/.m2/repository/com/github/almasb/fxgl/11.14/fxgl-11.14.jar!/fxglassets/ui/fonts/VarelaRound-Regular.ttf
13:20:42.722 [FXGL Background Thread 1 ] DEBUG FXGLAssetLoaderServi - Loading from file system: jar:file:/C:/Users/stanm/.m2/repository/com/github/almasb/fxgl/11.14/fxgl-11.14.jar!/fxglassets/languages/english.lang
13:20:42.733 [FXGL Background Thread 1 ] INFO  FXGLApplication      - FXGL initialization took: 0,339 sec
13:20:42.741 [JavaFX Application Thread] DEBUG Input                - Registered new binding: Right - D
13:20:42.742 [JavaFX Application Thread] DEBUG LoopRunner           - Stopping loop
13:20:42.742 [JavaFX Application Thread] DEBUG LoopRunner           - Initializing JavaFX AnimationTimerLoop
13:20:42.744 [JavaFX Application Thread] FATAL FXGLApplication      - Uncaught Exception:
java.lang.IllegalArgumentException: Trigger is already bound: D
	at com.almasb.fxgl.input.Input.addBinding(Input.kt:451)
	at com.almasb.fxgl.input.Input.addAction(Input.kt:520)
	at Game.initInput(Game.java:44)
	at com.almasb.fxgl.app.FXGLApplication$GameApplicationService.onMainLoopStarting(FXGLApplication.kt:547)
	at com.almasb.fxgl.app.Engine.startLoop(Engine.kt:149)
	at com.almasb.fxgl.app.FXGLApplication$start$task$2.accept(FXGLApplication.kt:178)
	at com.almasb.fxgl.app.FXGLApplication$start$task$2.accept(FXGLApplication.kt:69)
	at com.almasb.fxgl.core.concurrent.IOTask.succeed(IOTask.java:123)
	at com.almasb.fxgl.core.concurrent.IOTask$1.succeeded(IOTask.java:112)
	at javafx.concurrent.Task.setState(Task.java:726)
	at javafx.concurrent.Task$TaskCallable.lambda$call$1(Task.java:1436)
	at com.sun.javafx.application.PlatformImpl.lambda$runLater$10(PlatformImpl.java:428)
	at java.base/java.security.AccessController.doPrivileged(AccessController.java:391)
	at com.sun.javafx.application.PlatformImpl.lambda$runLater$11(PlatformImpl.java:427)
	at com.sun.glass.ui.InvokeLaterDispatcher$Future.run(InvokeLaterDispatcher.java:96)
	at com.sun.glass.ui.win.WinApplication._runLoop(Native Method)
	at com.sun.glass.ui.win.WinApplication.lambda$runLoop$3(WinApplication.java:174)
	at java.base/java.lang.Thread.run(Thread.java:832)

13:20:42.744 [JavaFX Application Thread] FATAL FXGLApplication      - Application will now exit
13:20:42.755 [JavaFX Application Thread] DEBUG PrimaryStageWindow   - Push state: ErrorSubScene
13:20:42.755 [JavaFX Application Thread] DEBUG Input                - Clearing active input actions
13:20:42.761 [JavaFX Application Thread] DEBUG GameApplicationServi - Removing overlay from FXGLStartupScene and adding to ErrorSubScene
13:20:42.762 [JavaFX Application Thread] DEBUG PrimaryStageWindow   - FXGLStartupScene -> ErrorSubScene
13:20:42.778 [FXGL Background Thread 4 ] DEBUG FXGLAssetLoaderServi - Loading from file system: jar:file:/C:/Users/stanm/.m2/repository/com/github/almasb/fxgl/11.14/fxgl-11.14.jar!/fxglassets/ui/fonts/Abel-Regular.ttf
13:20:42.791 [FXGL Background Thread 4 ] DEBUG FXGLAssetLoaderServi - Loading from file system: jar:file:/C:/Users/stanm/.m2/repository/com/github/almasb/fxgl/11.14/fxgl-11.14.jar!/fxglassets/ui/fonts/lucida_console.ttf
13:20:42.802 [FXGL Background Thread 4 ] DEBUG FXGLAssetLoaderServi - Loading from file system: jar:file:/C:/Users/stanm/.m2/repository/com/github/almasb/fxgl/11.14/fxgl-11.14.jar!/fxglassets/ui/fonts/Courier-Prime.ttf
13:20:42.956 [JavaFX Application Thread] DEBUG FXGLApplication      - Registering font factories with UI factory
13:20:43.047 [FXGL Background Thread 2 ] INFO  UpdaterService       - Your current version:  11.14
13:20:43.047 [FXGL Background Thread 2 ] INFO  UpdaterService       - Latest stable version: 17.1
13:20:45.721 [FXGL Background Thread 3 ] DEBUG Engine               - Logging environment variables
13:20:45.722 [FXGL Background Thread 3 ] DEBUG Engine               - achievements: []
13:20:45.723 [FXGL Background Thread 3 ] DEBUG Engine               - actualHeight: 700.0
13:20:45.724 [FXGL Background Thread 3 ] DEBUG Engine               - actualHeightProperty: ReadOnlyDoubleProperty [value: 700.0]
13:20:45.724 [FXGL Background Thread 3 ] DEBUG Engine               - actualWidth: 1050.0
13:20:45.725 [FXGL Background Thread 3 ] DEBUG Engine               - actualWidthProperty: ReadOnlyDoubleProperty [value: 1050.0]
13:20:45.725 [FXGL Background Thread 3 ] DEBUG Engine               - appIcon: fxgl_icon.png
13:20:45.726 [FXGL Background Thread 3 ] DEBUG Engine               - applicationMode: DEVELOPER
13:20:45.726 [FXGL Background Thread 3 ] DEBUG Engine               - cSSList: [fxgl_dark.css]
13:20:45.727 [FXGL Background Thread 3 ] DEBUG Engine               - collisionDetectionStrategy: BRUTE_FORCE
13:20:45.728 [FXGL Background Thread 3 ] DEBUG Engine               - configClass: Optional.empty
13:20:45.728 [FXGL Background Thread 3 ] DEBUG Engine               - credits: []
13:20:45.730 [FXGL Background Thread 3 ] DEBUG Engine               - devBBoxColorProperty: ObjectProperty [value: 0xff0000ff]
13:20:45.731 [FXGL Background Thread 3 ] DEBUG Engine               - devEnableDebugCameraProperty: BooleanProperty [value: false]
13:20:45.732 [FXGL Background Thread 3 ] DEBUG Engine               - devSensorColorProperty: ObjectProperty [value: 0xffff00ff]
13:20:45.732 [FXGL Background Thread 3 ] DEBUG Engine               - devShowBBoxProperty: BooleanProperty [value: false]
13:20:45.732 [JavaFX Application Thread] DEBUG FXGLApplication      - Exiting FXGL
13:20:45.733 [FXGL Background Thread 3 ] DEBUG Engine               - devShowPositionProperty: BooleanProperty [value: false]
13:20:45.733 [JavaFX Application Thread] DEBUG Async                - Shutting down background threads
13:20:45.733 [FXGL Background Thread 3 ] DEBUG Engine               - enabledMenuItems: []
13:20:45.733 [FXGL Background Thread 3 ] DEBUG Engine               - engineServices: [class com.almasb.fxgl.app.services.FXGLAssetLoaderService, class com.almasb.fxgl.app.FXGLApplication$GameApplicationService, class com.almasb.fxgl.app.services.FXGLDialogService, class com.almasb.fxgl.app.services.IOTaskExecutorService, class com.almasb.fxgl.event.EventBusService, class com.almasb.fxgl.io.FileSystemService, class com.almasb.fxgl.localization.LocalizationService, class com.almasb.fxgl.app.services.SystemBundleService, class com.almasb.fxgl.profile.SaveLoadService, class com.almasb.fxgl.ui.FXGLUIFactoryServiceProvider, class com.almasb.fxgl.ui.FXGLDialogFactoryServiceProvider, class com.almasb.fxgl.audio.AudioPlayer, class com.almasb.fxgl.notification.impl.NotificationServiceProvider, class com.almasb.fxgl.achievement.AchievementService, class com.almasb.fxgl.cutscene.CutsceneService, class com.almasb.fxgl.minigames.MiniGameService, class com.almasb.fxgl.net.NetService, class com.almasb.fxgl.app.services.UpdaterService, class com.almasb.fxgl.dev.DevService]
13:20:45.734 [JavaFX Application Thread] DEBUG PrimaryStageWindow   - Closing main window
13:20:45.734 [FXGL Background Thread 3 ] DEBUG Engine               - fontGame: Abel-Regular.ttf
13:20:45.734 [FXGL Background Thread 3 ] DEBUG Engine               - fontMono: lucida_console.ttf
13:20:45.735 [FXGL Background Thread 3 ] DEBUG Engine               - fontText: Courier-Prime.ttf
13:20:45.736 [FXGL Background Thread 3 ] DEBUG Engine               - fontUI: VarelaRound-Regular.ttf
13:20:45.736 [FXGL Background Thread 3 ] DEBUG Engine               - fullScreen: BooleanProperty [value: false]
13:20:45.736 [FXGL Background Thread 3 ] DEBUG Engine               - gameDifficulty: MEDIUM
13:20:45.737 [FXGL Background Thread 3 ] DEBUG Engine               - gameDifficultyProperty: ObjectProperty [value: MEDIUM]
13:20:45.737 [FXGL Background Thread 3 ] DEBUG Engine               - globalMusicVolume: 0.5
13:20:45.738 [FXGL Background Thread 3 ] DEBUG Engine               - globalMusicVolumeProperty: DoubleProperty [value: 0.5]
13:20:45.738 [FXGL Background Thread 3 ] DEBUG Engine               - globalSoundVolume: 0.5
13:20:45.739 [FXGL Background Thread 3 ] DEBUG Engine               - globalSoundVolumeProperty: DoubleProperty [value: 0.5]
13:20:45.739 [FXGL Background Thread 3 ] DEBUG Engine               - height: 700
13:20:45.739 [FXGL Background Thread 3 ] DEBUG Engine               - isAndroid: false
13:20:45.740 [FXGL Background Thread 3 ] DEBUG Engine               - isBrowser: false
13:20:45.740 [FXGL Background Thread 3 ] DEBUG Engine               - isClickFeedbackEnabled: false
13:20:45.740 [FXGL Background Thread 3 ] DEBUG Engine               - isCloseConfirmation: false
13:20:45.741 [FXGL Background Thread 3 ] DEBUG Engine               - isDesktop: true
13:20:45.741 [FXGL Background Thread 3 ] DEBUG Engine               - isDeveloperMenuEnabled: false
13:20:45.741 [FXGL Background Thread 3 ] DEBUG Engine               - isEntityPreloadEnabled: true
13:20:45.741 [FXGL Background Thread 3 ] DEBUG Engine               - isExperimental3D: false
13:20:45.741 [FXGL Background Thread 3 ] DEBUG Engine               - isExperimentalNative: false
13:20:45.742 [FXGL Background Thread 3 ] DEBUG Engine               - isExperimentalTiledLargeMap: false
13:20:45.742 [FXGL Background Thread 3 ] DEBUG Engine               - isFileSystemWriteAllowed: true
13:20:45.742 [FXGL Background Thread 3 ] DEBUG Engine               - isFullScreenAllowed: false
13:20:45.742 [FXGL Background Thread 3 ] DEBUG Engine               - isFullScreenFromStart: false
13:20:45.742 [FXGL Background Thread 3 ] DEBUG Engine               - isGameMenuEnabled: true
13:20:45.742 [FXGL Background Thread 3 ] DEBUG Engine               - isIOS: false
13:20:45.742 [FXGL Background Thread 3 ] DEBUG Engine               - isIntroEnabled: false
13:20:45.743 [FXGL Background Thread 3 ] DEBUG Engine               - isLinux: false
13:20:45.743 [FXGL Background Thread 3 ] DEBUG Engine               - isMac: false
13:20:45.743 [FXGL Background Thread 3 ] DEBUG Engine               - isMainMenuEnabled: false
13:20:45.743 [FXGL Background Thread 3 ] DEBUG Engine               - isManualResizeEnabled: false
13:20:45.743 [FXGL Background Thread 3 ] DEBUG Engine               - isMobile: false
13:20:45.743 [FXGL Background Thread 3 ] DEBUG Engine               - isPreserveResizeRatio: false
13:20:45.744 [FXGL Background Thread 3 ] DEBUG Engine               - isProfilingEnabled: false
13:20:45.744 [FXGL Background Thread 3 ] DEBUG Engine               - isScaleAffectedOnResize: true
13:20:45.744 [FXGL Background Thread 3 ] DEBUG Engine               - isSingleStep: false
13:20:45.744 [FXGL Background Thread 3 ] DEBUG Engine               - isUserProfileEnabled: false
13:20:45.744 [FXGL Background Thread 3 ] DEBUG Engine               - isWindows: true
13:20:45.744 [FXGL Background Thread 3 ] DEBUG Engine               - language: ObjectProperty [value: ENGLISH]
13:20:45.744 [FXGL Background Thread 3 ] DEBUG Engine               - menuKey: ESCAPE
13:20:45.745 [FXGL Background Thread 3 ] DEBUG Engine               - notificationViewClass: class com.almasb.fxgl.notification.view.XboxNotificationView
13:20:45.745 [FXGL Background Thread 3 ] DEBUG Engine               - pixelsPerMeter: 50.0
13:20:45.745 [FXGL Background Thread 3 ] DEBUG Engine               - platform: WINDOWS
13:20:45.745 [FXGL Background Thread 3 ] DEBUG Engine               - prefHeightProperty: ReadOnlyDoubleProperty [value: 700.0]
13:20:45.746 [FXGL Background Thread 3 ] DEBUG Engine               - prefWidthProperty: ReadOnlyDoubleProperty [value: 1050.0]
13:20:45.746 [FXGL Background Thread 3 ] DEBUG Engine               - profileDir: profiles/
13:20:45.746 [FXGL Background Thread 3 ] DEBUG Engine               - profileName: StringProperty [value: DEFAULT]
13:20:45.746 [FXGL Background Thread 3 ] DEBUG Engine               - randomSeed: -1
13:20:45.746 [FXGL Background Thread 3 ] DEBUG Engine               - runtimeInfo: RuntimeInfo(platform=WINDOWS, version=11.14, build=01.03.2021 16.59)
13:20:45.747 [FXGL Background Thread 3 ] DEBUG Engine               - saveFileExt: sav
13:20:45.747 [FXGL Background Thread 3 ] DEBUG Engine               - scaledHeightProp$fxgl: DoubleProperty [bound, value: 700.0]
13:20:45.747 [FXGL Background Thread 3 ] DEBUG Engine               - scaledWidthProp$fxgl: DoubleProperty [bound, value: 1050.0]
13:20:45.747 [FXGL Background Thread 3 ] DEBUG Engine               - sceneFactory: com.almasb.fxgl.app.scene.SceneFactory@7a7a86ed
13:20:45.747 [FXGL Background Thread 3 ] DEBUG Engine               - secondsIn24h: 60
13:20:45.748 [FXGL Background Thread 3 ] DEBUG Engine               - soundMenuBack: menu/back.wav
13:20:45.748 [FXGL Background Thread 3 ] DEBUG Engine               - soundMenuPress: menu/press.wav
13:20:45.748 [FXGL Background Thread 3 ] DEBUG Engine               - soundMenuSelect: menu/select.wav
13:20:45.748 [FXGL Background Thread 3 ] DEBUG Engine               - soundNotification: core/notification.wav
13:20:45.748 [FXGL Background Thread 3 ] DEBUG Engine               - stageStyle: DECORATED
13:20:45.748 [FXGL Background Thread 3 ] DEBUG Engine               - supportedLanguages: [ENGLISH, FRENCH, GERMAN, HUNGARIAN, RUSSIAN]
13:20:45.749 [FXGL Background Thread 3 ] DEBUG Engine               - ticksPerSecond: -1
13:20:45.749 [FXGL Background Thread 3 ] DEBUG Engine               - title: Untitled
13:20:45.749 [FXGL Background Thread 3 ] DEBUG Engine               - urlGithub: https://github.com/AlmasB/FXGL
13:20:45.749 [FXGL Background Thread 3 ] DEBUG Engine               - urlLeaderboard: http://fxgl-top.herokuapp.com/
13:20:45.749 [FXGL Background Thread 3 ] DEBUG Engine               - urlPOM: https://raw.githubusercontent.com/AlmasB/FXGL/release/README.md
13:20:45.750 [FXGL Background Thread 3 ] DEBUG Engine               - userAppClass: class Game
13:20:45.750 [FXGL Background Thread 3 ] DEBUG Engine               - version: 0.0
13:20:45.750 [FXGL Background Thread 3 ] DEBUG Engine               - versionCheckDays: 7
13:20:45.750 [FXGL Background Thread 3 ] DEBUG Engine               - width: 1050
13:20:45.751 [FXGL Background Thread 3 ] DEBUG Engine               - Logging services
13:20:45.751 [FXGL Background Thread 3 ] DEBUG Engine               - class com.almasb.fxgl.app.services.FXGLAssetLoaderService
13:20:45.751 [FXGL Background Thread 3 ] DEBUG Engine               - class com.almasb.fxgl.app.FXGLApplication$GameApplicationService
13:20:45.751 [FXGL Background Thread 3 ] DEBUG Engine               - class com.almasb.fxgl.app.services.FXGLDialogService
13:20:45.751 [FXGL Background Thread 3 ] DEBUG Engine               - class com.almasb.fxgl.app.services.IOTaskExecutorService
13:20:45.751 [FXGL Background Thread 3 ] DEBUG Engine               - class com.almasb.fxgl.event.EventBusService
13:20:45.752 [FXGL Background Thread 3 ] DEBUG Engine               - class com.almasb.fxgl.io.FileSystemService
13:20:45.752 [FXGL Background Thread 3 ] DEBUG Engine               - class com.almasb.fxgl.localization.LocalizationService
13:20:45.752 [FXGL Background Thread 3 ] DEBUG Engine               - class com.almasb.fxgl.app.services.SystemBundleService
13:20:45.752 [FXGL Background Thread 3 ] DEBUG Engine               - class com.almasb.fxgl.profile.SaveLoadService
13:20:45.752 [FXGL Background Thread 3 ] DEBUG Engine               - class com.almasb.fxgl.ui.FXGLUIFactoryServiceProvider
13:20:45.753 [FXGL Background Thread 3 ] DEBUG Engine               - class com.almasb.fxgl.ui.FXGLDialogFactoryServiceProvider
13:20:45.753 [FXGL Background Thread 3 ] DEBUG Engine               - class com.almasb.fxgl.audio.AudioPlayer
13:20:45.753 [FXGL Background Thread 3 ] DEBUG Engine               - class com.almasb.fxgl.notification.impl.NotificationServiceProvider
13:20:45.753 [FXGL Background Thread 3 ] DEBUG Engine               - class com.almasb.fxgl.achievement.AchievementService
13:20:45.754 [FXGL Background Thread 3 ] DEBUG Engine               - class com.almasb.fxgl.cutscene.CutsceneService
13:20:45.754 [FXGL Background Thread 3 ] DEBUG Engine               - class com.almasb.fxgl.minigames.MiniGameService
13:20:45.754 [FXGL Background Thread 3 ] DEBUG Engine               - class com.almasb.fxgl.net.NetService
13:20:45.754 [FXGL Background Thread 3 ] DEBUG Engine               - class com.almasb.fxgl.app.services.UpdaterService
13:20:45.754 [FXGL Background Thread 3 ] DEBUG Engine               - class com.almasb.fxgl.dev.DevService
