11:23:23.944 [main                     ] DEBUG Logger               - Configured Logger
11:23:23.944 [main                     ] DEBUG GameApplication      - Logging settings
Title: Bomberman SE
Version: 1.0
Width: 960
Height: 832
Fullscreen: false
Intro: false
Profiling: false
Single step:false
App Mode: DEVELOPER
Menu Key: ESCAPE
Stage Style: DECORATED
Scene Factory: class UI.MySceneFactory

11:23:24.317 [JavaFX Application Thread] DEBUG FXGLApplication      - Initializing FXGL
11:23:24.320 [JavaFX Application Thread] INFO  Engine               - FXGL-11.14 (01.03.2021 16.59) on WINDOWS (J:15.0.2 FX:15)
11:23:24.320 [JavaFX Application Thread] DEBUG Engine               - JRE Vendor Name: Amazon.com Inc.
11:23:24.320 [JavaFX Application Thread] DEBUG Engine               - Running on OS: Windows 10 version 10.0
11:23:24.320 [JavaFX Application Thread] DEBUG Engine               - Architecture: amd64
11:23:24.320 [JavaFX Application Thread] INFO  Engine               - Source code and latest versions at: https://github.com/AlmasB/FXGL
11:23:24.321 [JavaFX Application Thread] INFO  Engine               -              Join the FXGL chat at: https://gitter.im/AlmasB/FXGL
11:23:24.455 [JavaFX Application Thread] DEBUG PrimaryStageWindow   - Creating a JavaFX scene
11:23:24.455 [JavaFX Application Thread] DEBUG PrimaryStageWindow   - Target size > screen size
11:23:24.516 [JavaFX Application Thread] DEBUG PrimaryStageWindow   - Target settings size: 960.0 x 832.0
11:23:24.517 [JavaFX Application Thread] DEBUG PrimaryStageWindow   - Scaled scene size:    925.0 x 823.0
11:23:24.517 [JavaFX Application Thread] DEBUG PrimaryStageWindow   - Scaled ratio: (0.9635416666666666, 0.9891826923076923)
11:23:24.518 [JavaFX Application Thread] DEBUG PrimaryStageWindow   - Set initial scene to FXGLStartupScene
11:23:24.526 [JavaFX Application Thread] DEBUG PrimaryStageWindow   - Opening main window
11:23:24.627 [JavaFX Application Thread] DEBUG PrimaryStageWindow   - Window border size: (15.0, 37.79998779296875)
11:23:24.627 [JavaFX Application Thread] DEBUG PrimaryStageWindow   - Scaled size: 925.0 x 823.0
11:23:24.628 [JavaFX Application Thread] DEBUG PrimaryStageWindow   - Scaled ratio: (0.9635416666666666, 0.9891826923076923)
11:23:24.628 [JavaFX Application Thread] DEBUG PrimaryStageWindow   - Scene size: 925.0 x 823.0
11:23:24.628 [JavaFX Application Thread] DEBUG PrimaryStageWindow   - Stage size: 940.0 x 860.7999877929688
11:23:24.635 [FXGL Background Thread 1 ] DEBUG Engine               - Initializing environment variables
11:23:24.665 [FXGL Background Thread 1 ] DEBUG FXGLAssetLoaderServi - User app class for loading assets: class Game
11:23:24.665 [FXGL Background Thread 1 ] DEBUG GameApplicationServi - Applying CSS: fxgl_dark.css
11:23:24.666 [FXGL Background Thread 1 ] DEBUG FXGLAssetLoaderServi - Loading from file system: jar:file:/C:/Users/roan2/.m2/repository/com/github/almasb/fxgl/11.14/fxgl-11.14.jar!/fxglassets/ui/css/fxgl_dark.css
11:23:24.716 [FXGL Background Thread 1 ] DEBUG GameApplicationServi - Initializing application scenes
11:23:24.751 [FXGL Background Thread 1 ] DEBUG GameWorld            - Game world initialized
11:23:24.807 [FXGL Background Thread 1 ] DEBUG PhysicsWorld         - Physics world initialized: appHeight=832, physics.ppm=50.0
11:23:24.808 [FXGL Background Thread 1 ] DEBUG PhysicsWorld         - Using strategy: BRUTE_FORCE
11:23:24.811 [FXGL Background Thread 1 ] DEBUG GameScene            - Game scene initialized: 960x832
11:23:24.850 [FXGL Background Thread 1 ] DEBUG FXGLAssetLoaderServi - Loading from file system: jar:file:/C:/Users/roan2/.m2/repository/com/github/almasb/fxgl/11.14/fxgl-11.14.jar!/fxglassets/textures/particles/trace_horizontal.png
11:23:24.904 [FXGL Background Thread 1 ] DEBUG FXGL.DefaultMenu     - createMenuBodyGameMenu()
11:23:24.916 [FXGL Background Thread 1 ] DEBUG FXGL.DefaultMenu     - createOptionsMenu()
11:23:24.921 [FXGL Background Thread 1 ] DEBUG FXGLAssetLoaderServi - Loading from file system: jar:file:/C:/Users/roan2/.m2/repository/com/github/almasb/fxgl/11.14/fxgl-11.14.jar!/fxglassets/textures/particles/smoke.png
11:23:24.975 [FXGL Background Thread 1 ] DEBUG GameApplicationServi - Application scenes initialized
11:23:24.985 [FXGL Background Thread 1 ] DEBUG SystemBundleService  - Loading FXGL system data
11:23:24.988 [FXGL Background Thread 1 ] DEBUG FileSystemAccess     - Reading from: C:\Users\roan2\Documents\SE-Challengeweek\system\fxgl.bundle
11:23:24.994 [FXGL Background Thread 1 ] DEBUG SystemBundleService  - Bundle FXGL: {}
11:23:24.994 [FXGL Background Thread 1 ] DEBUG UpdaterService       - Checking for updates
11:23:25.000 [FXGL Background Thread 4 ] DEBUG FXGLApplication      - Loading fonts
11:23:25.000 [FXGL Background Thread 1 ] DEBUG FXGLApplication      - Loading default localization
11:23:25.001 [FXGL Background Thread 4 ] DEBUG FXGLAssetLoaderServi - Loading from file system: jar:file:/C:/Users/roan2/.m2/repository/com/github/almasb/fxgl/11.14/fxgl-11.14.jar!/fxglassets/ui/fonts/VarelaRound-Regular.ttf
11:23:25.001 [FXGL Background Thread 1 ] DEBUG FXGLAssetLoaderServi - Loading from file system: jar:file:/C:/Users/roan2/.m2/repository/com/github/almasb/fxgl/11.14/fxgl-11.14.jar!/fxglassets/languages/english.lang
11:23:25.014 [FXGL Background Thread 1 ] INFO  FXGLApplication      - FXGL initialization took: 0.379 sec
11:23:25.019 [JavaFX Application Thread] DEBUG FXGLAssetLoaderServi - Loading from file system: file:/C:/Users/roan2/Documents/SE-Challengeweek/target/classes/assets/textures/sprite.png
11:23:25.045 [JavaFX Application Thread] DEBUG Input                - Registered new binding: action0 - W
11:23:25.045 [JavaFX Application Thread] DEBUG Input                - Registered new binding: action1 - S
11:23:25.046 [JavaFX Application Thread] DEBUG Input                - Registered new binding: action2 - A
11:23:25.046 [JavaFX Application Thread] DEBUG Input                - Registered new binding: action3 - D
11:23:25.046 [JavaFX Application Thread] DEBUG FXGLAssetLoaderServi - Loading from file system: jar:file:/C:/Users/roan2/.m2/repository/com/github/almasb/fxgl/11.14/fxgl-11.14.jar!/fxglassets/textures/fxgl_icon.png
11:23:25.065 [JavaFX Application Thread] DEBUG FXGLAssetLoaderServi - Loading from file system: jar:file:/C:/Users/roan2/.m2/repository/com/github/almasb/fxgl/11.14/fxgl-11.14.jar!/fxglassets/ui/cursors/fxgl_default.png
11:23:25.068 [JavaFX Application Thread] DEBUG Input                - Registered new binding: Screenshot - P
11:23:25.069 [JavaFX Application Thread] DEBUG Input                - Registered new binding: System info dump - CTRL+9
11:23:25.069 [JavaFX Application Thread] DEBUG Input                - Registered new binding: Restart - CTRL+R
11:23:25.070 [JavaFX Application Thread] DEBUG Input                - Registered new binding: Toggle Debug Camera - CTRL+C
11:23:25.073 [JavaFX Application Thread] DEBUG LoopRunner           - Starting loop
11:23:25.074 [JavaFX Application Thread] DEBUG LoopRunner           - Initializing JavaFX AnimationTimerLoop
11:23:25.077 [JavaFX Application Thread] DEBUG Input                - Clearing active input actions
11:23:25.077 [FXGL Background Thread 4 ] DEBUG FXGLAssetLoaderServi - Loading from file system: jar:file:/C:/Users/roan2/.m2/repository/com/github/almasb/fxgl/11.14/fxgl-11.14.jar!/fxglassets/ui/fonts/Abel-Regular.ttf
11:23:25.081 [FXGL Background Thread 4 ] DEBUG FXGLAssetLoaderServi - Loading from file system: jar:file:/C:/Users/roan2/.m2/repository/com/github/almasb/fxgl/11.14/fxgl-11.14.jar!/fxglassets/ui/fonts/lucida_console.ttf
11:23:25.086 [FXGL Background Thread 4 ] DEBUG FXGLAssetLoaderServi - Loading from file system: jar:file:/C:/Users/roan2/.m2/repository/com/github/almasb/fxgl/11.14/fxgl-11.14.jar!/fxglassets/ui/fonts/Courier-Prime.ttf
11:23:25.087 [JavaFX Application Thread] DEBUG GameApplicationServi - Removing overlay from FXGLStartupScene and adding to FXGLMainMenuDummyScene
11:23:25.087 [JavaFX Application Thread] DEBUG PrimaryStageWindow   - FXGLStartupScene -> FXGLMainMenuDummyScene
11:23:25.087 [JavaFX Application Thread] DEBUG PrimaryStageWindow   - Push state: MyMenu
11:23:25.088 [JavaFX Application Thread] DEBUG Input                - Clearing active input actions
11:23:25.093 [JavaFX Application Thread] DEBUG GameApplicationServi - Removing overlay from FXGLMainMenuDummyScene and adding to MyMenu
11:23:25.094 [JavaFX Application Thread] DEBUG PrimaryStageWindow   - FXGLMainMenuDummyScene -> MyMenu
11:23:25.147 [JavaFX Application Thread] DEBUG FXGLApplication      - Registering font factories with UI factory
11:23:25.327 [FXGL Background Thread 2 ] INFO  UpdaterService       - Your current version:  11.14
11:23:25.327 [FXGL Background Thread 2 ] INFO  UpdaterService       - Latest stable version: 17.1
11:23:27.999 [FXGL Background Thread 3 ] DEBUG Engine               - Logging environment variables
11:23:28.000 [FXGL Background Thread 3 ] DEBUG Engine               - achievements: []
11:23:28.000 [FXGL Background Thread 3 ] DEBUG Engine               - actualHeight: 823.0
11:23:28.001 [FXGL Background Thread 3 ] DEBUG Engine               - actualHeightProperty: ReadOnlyDoubleProperty [value: 823.0]
11:23:28.001 [FXGL Background Thread 3 ] DEBUG Engine               - actualWidth: 925.0
11:23:28.001 [FXGL Background Thread 3 ] DEBUG Engine               - actualWidthProperty: ReadOnlyDoubleProperty [value: 925.0]
11:23:28.002 [FXGL Background Thread 3 ] DEBUG Engine               - appIcon: fxgl_icon.png
11:23:28.003 [FXGL Background Thread 3 ] DEBUG Engine               - applicationMode: DEVELOPER
11:23:28.003 [FXGL Background Thread 3 ] DEBUG Engine               - cSSList: [fxgl_dark.css]
11:23:28.003 [FXGL Background Thread 3 ] DEBUG Engine               - collisionDetectionStrategy: BRUTE_FORCE
11:23:28.004 [FXGL Background Thread 3 ] DEBUG Engine               - configClass: Optional.empty
11:23:28.004 [FXGL Background Thread 3 ] DEBUG Engine               - credits: []
11:23:28.005 [FXGL Background Thread 3 ] DEBUG Engine               - devBBoxColorProperty: ObjectProperty [value: 0xff0000ff]
11:23:28.005 [FXGL Background Thread 3 ] DEBUG Engine               - devEnableDebugCameraProperty: BooleanProperty [value: false]
11:23:28.006 [FXGL Background Thread 3 ] DEBUG Engine               - devSensorColorProperty: ObjectProperty [value: 0xffff00ff]
11:23:28.007 [FXGL Background Thread 3 ] DEBUG Engine               - devShowBBoxProperty: BooleanProperty [value: false]
11:23:28.007 [FXGL Background Thread 3 ] DEBUG Engine               - devShowPositionProperty: BooleanProperty [value: false]
11:23:28.007 [FXGL Background Thread 3 ] DEBUG Engine               - enabledMenuItems: []
11:23:28.008 [FXGL Background Thread 3 ] DEBUG Engine               - engineServices: [class com.almasb.fxgl.app.services.FXGLAssetLoaderService, class com.almasb.fxgl.app.FXGLApplication$GameApplicationService, class com.almasb.fxgl.app.services.FXGLDialogService, class com.almasb.fxgl.app.services.IOTaskExecutorService, class com.almasb.fxgl.event.EventBusService, class com.almasb.fxgl.io.FileSystemService, class com.almasb.fxgl.localization.LocalizationService, class com.almasb.fxgl.app.services.SystemBundleService, class com.almasb.fxgl.profile.SaveLoadService, class com.almasb.fxgl.ui.FXGLUIFactoryServiceProvider, class com.almasb.fxgl.ui.FXGLDialogFactoryServiceProvider, class com.almasb.fxgl.audio.AudioPlayer, class com.almasb.fxgl.notification.impl.NotificationServiceProvider, class com.almasb.fxgl.achievement.AchievementService, class com.almasb.fxgl.cutscene.CutsceneService, class com.almasb.fxgl.minigames.MiniGameService, class com.almasb.fxgl.net.NetService, class com.almasb.fxgl.app.services.UpdaterService, class com.almasb.fxgl.dev.DevService]
11:23:28.008 [FXGL Background Thread 3 ] DEBUG Engine               - fontGame: Abel-Regular.ttf
11:23:28.009 [FXGL Background Thread 3 ] DEBUG Engine               - fontMono: lucida_console.ttf
11:23:28.009 [FXGL Background Thread 3 ] DEBUG Engine               - fontText: Courier-Prime.ttf
11:23:28.009 [FXGL Background Thread 3 ] DEBUG Engine               - fontUI: VarelaRound-Regular.ttf
11:23:28.009 [FXGL Background Thread 3 ] DEBUG Engine               - fullScreen: BooleanProperty [value: false]
11:23:28.010 [FXGL Background Thread 3 ] DEBUG Engine               - gameDifficulty: MEDIUM
11:23:28.010 [FXGL Background Thread 3 ] DEBUG Engine               - gameDifficultyProperty: ObjectProperty [value: MEDIUM]
11:23:28.011 [FXGL Background Thread 3 ] DEBUG Engine               - globalMusicVolume: 0.5
11:23:28.011 [FXGL Background Thread 3 ] DEBUG Engine               - globalMusicVolumeProperty: DoubleProperty [value: 0.5]
11:23:28.011 [FXGL Background Thread 3 ] DEBUG Engine               - globalSoundVolume: 0.5
11:23:28.012 [FXGL Background Thread 3 ] DEBUG Engine               - globalSoundVolumeProperty: DoubleProperty [value: 0.5]
11:23:28.013 [FXGL Background Thread 3 ] DEBUG Engine               - height: 832
11:23:28.013 [FXGL Background Thread 3 ] DEBUG Engine               - isAndroid: false
11:23:28.013 [FXGL Background Thread 3 ] DEBUG Engine               - isBrowser: false
11:23:28.014 [FXGL Background Thread 3 ] DEBUG Engine               - isClickFeedbackEnabled: false
11:23:28.014 [FXGL Background Thread 3 ] DEBUG Engine               - isCloseConfirmation: false
11:23:28.014 [FXGL Background Thread 3 ] DEBUG Engine               - isDesktop: true
11:23:28.015 [FXGL Background Thread 3 ] DEBUG Engine               - isDeveloperMenuEnabled: false
11:23:28.015 [FXGL Background Thread 3 ] DEBUG Engine               - isEntityPreloadEnabled: true
11:23:28.015 [FXGL Background Thread 3 ] DEBUG Engine               - isExperimental3D: false
11:23:28.016 [FXGL Background Thread 3 ] DEBUG Engine               - isExperimentalNative: false
11:23:28.016 [FXGL Background Thread 3 ] DEBUG Engine               - isExperimentalTiledLargeMap: false
11:23:28.016 [FXGL Background Thread 3 ] DEBUG Engine               - isFileSystemWriteAllowed: true
11:23:28.017 [FXGL Background Thread 3 ] DEBUG Engine               - isFullScreenAllowed: false
11:23:28.017 [FXGL Background Thread 3 ] DEBUG Engine               - isFullScreenFromStart: false
11:23:28.017 [FXGL Background Thread 3 ] DEBUG Engine               - isGameMenuEnabled: true
11:23:28.017 [FXGL Background Thread 3 ] DEBUG Engine               - isIOS: false
11:23:28.018 [FXGL Background Thread 3 ] DEBUG Engine               - isIntroEnabled: false
11:23:28.019 [FXGL Background Thread 3 ] DEBUG Engine               - isLinux: false
11:23:28.019 [FXGL Background Thread 3 ] DEBUG Engine               - isMac: false
11:23:28.019 [FXGL Background Thread 3 ] DEBUG Engine               - isMainMenuEnabled: true
11:23:28.019 [FXGL Background Thread 3 ] DEBUG Engine               - isManualResizeEnabled: false
11:23:28.020 [FXGL Background Thread 3 ] DEBUG Engine               - isMobile: false
11:23:28.020 [FXGL Background Thread 3 ] DEBUG Engine               - isPreserveResizeRatio: false
11:23:28.020 [FXGL Background Thread 3 ] DEBUG Engine               - isProfilingEnabled: false
11:23:28.021 [FXGL Background Thread 3 ] DEBUG Engine               - isScaleAffectedOnResize: true
11:23:28.021 [FXGL Background Thread 3 ] DEBUG Engine               - isSingleStep: false
11:23:28.021 [FXGL Background Thread 3 ] DEBUG Engine               - isUserProfileEnabled: false
11:23:28.021 [FXGL Background Thread 3 ] DEBUG Engine               - isWindows: true
11:23:28.022 [FXGL Background Thread 3 ] DEBUG Engine               - language: ObjectProperty [value: ENGLISH]
11:23:28.022 [FXGL Background Thread 3 ] DEBUG Engine               - menuKey: ESCAPE
11:23:28.022 [FXGL Background Thread 3 ] DEBUG Engine               - notificationViewClass: class com.almasb.fxgl.notification.view.XboxNotificationView
11:23:28.023 [FXGL Background Thread 3 ] DEBUG Engine               - pixelsPerMeter: 50.0
11:23:28.023 [FXGL Background Thread 3 ] DEBUG Engine               - platform: WINDOWS
11:23:28.024 [FXGL Background Thread 3 ] DEBUG Engine               - prefHeightProperty: ReadOnlyDoubleProperty [value: 832.0]
11:23:28.024 [FXGL Background Thread 3 ] DEBUG Engine               - prefWidthProperty: ReadOnlyDoubleProperty [value: 960.0]
11:23:28.024 [FXGL Background Thread 3 ] DEBUG Engine               - profileDir: profiles/
11:23:28.025 [FXGL Background Thread 3 ] DEBUG Engine               - profileName: StringProperty [value: DEFAULT]
11:23:28.025 [FXGL Background Thread 3 ] DEBUG Engine               - randomSeed: -1
11:23:28.025 [FXGL Background Thread 3 ] DEBUG Engine               - runtimeInfo: RuntimeInfo(platform=WINDOWS, version=11.14, build=01.03.2021 16.59)
11:23:28.026 [FXGL Background Thread 3 ] DEBUG Engine               - saveFileExt: sav
11:23:28.026 [FXGL Background Thread 3 ] DEBUG Engine               - scaledHeightProp$fxgl: DoubleProperty [bound, value: 823.0]
11:23:28.026 [FXGL Background Thread 3 ] DEBUG Engine               - scaledWidthProp$fxgl: DoubleProperty [bound, value: 925.0]
11:23:28.027 [FXGL Background Thread 3 ] DEBUG Engine               - sceneFactory: UI.MySceneFactory@69821a69
11:23:28.027 [FXGL Background Thread 3 ] DEBUG Engine               - secondsIn24h: 60
11:23:28.027 [FXGL Background Thread 3 ] DEBUG Engine               - soundMenuBack: menu/back.wav
11:23:28.027 [FXGL Background Thread 3 ] DEBUG Engine               - soundMenuPress: menu/press.wav
11:23:28.028 [FXGL Background Thread 3 ] DEBUG Engine               - soundMenuSelect: menu/select.wav
11:23:28.028 [FXGL Background Thread 3 ] DEBUG Engine               - soundNotification: core/notification.wav
11:23:28.029 [FXGL Background Thread 3 ] DEBUG Engine               - stageStyle: DECORATED
11:23:28.029 [FXGL Background Thread 3 ] DEBUG Engine               - supportedLanguages: [ENGLISH, FRENCH, GERMAN, HUNGARIAN, RUSSIAN]
11:23:28.029 [FXGL Background Thread 3 ] DEBUG Engine               - ticksPerSecond: -1
11:23:28.030 [FXGL Background Thread 3 ] DEBUG Engine               - title: Bomberman SE
11:23:28.030 [FXGL Background Thread 3 ] DEBUG Engine               - urlGithub: https://github.com/AlmasB/FXGL
11:23:28.030 [FXGL Background Thread 3 ] DEBUG Engine               - urlLeaderboard: http://fxgl-top.herokuapp.com/
11:23:28.030 [FXGL Background Thread 3 ] DEBUG Engine               - urlPOM: https://raw.githubusercontent.com/AlmasB/FXGL/release/README.md
11:23:28.031 [FXGL Background Thread 3 ] DEBUG Engine               - userAppClass: class Game
11:23:28.031 [FXGL Background Thread 3 ] DEBUG Engine               - version: 1.0
11:23:28.031 [FXGL Background Thread 3 ] DEBUG Engine               - versionCheckDays: 7
11:23:28.031 [FXGL Background Thread 3 ] DEBUG Engine               - width: 960
11:23:28.032 [FXGL Background Thread 3 ] DEBUG Engine               - Logging services
11:23:28.032 [FXGL Background Thread 3 ] DEBUG Engine               - class com.almasb.fxgl.app.services.FXGLAssetLoaderService
11:23:28.032 [FXGL Background Thread 3 ] DEBUG Engine               - class com.almasb.fxgl.app.FXGLApplication$GameApplicationService
11:23:28.033 [FXGL Background Thread 3 ] DEBUG Engine               - class com.almasb.fxgl.app.services.FXGLDialogService
11:23:28.033 [FXGL Background Thread 3 ] DEBUG Engine               - class com.almasb.fxgl.app.services.IOTaskExecutorService
11:23:28.033 [FXGL Background Thread 3 ] DEBUG Engine               - class com.almasb.fxgl.event.EventBusService
11:23:28.034 [FXGL Background Thread 3 ] DEBUG Engine               - class com.almasb.fxgl.io.FileSystemService
11:23:28.034 [FXGL Background Thread 3 ] DEBUG Engine               - class com.almasb.fxgl.localization.LocalizationService
11:23:28.034 [FXGL Background Thread 3 ] DEBUG Engine               - class com.almasb.fxgl.app.services.SystemBundleService
11:23:28.034 [FXGL Background Thread 3 ] DEBUG Engine               - class com.almasb.fxgl.profile.SaveLoadService
11:23:28.035 [FXGL Background Thread 3 ] DEBUG Engine               - class com.almasb.fxgl.ui.FXGLUIFactoryServiceProvider
11:23:28.035 [FXGL Background Thread 3 ] DEBUG Engine               - class com.almasb.fxgl.ui.FXGLDialogFactoryServiceProvider
11:23:28.035 [FXGL Background Thread 3 ] DEBUG Engine               - class com.almasb.fxgl.audio.AudioPlayer
11:23:28.036 [FXGL Background Thread 3 ] DEBUG Engine               - class com.almasb.fxgl.notification.impl.NotificationServiceProvider
11:23:28.036 [FXGL Background Thread 3 ] DEBUG Engine               - class com.almasb.fxgl.achievement.AchievementService
11:23:28.036 [FXGL Background Thread 3 ] DEBUG Engine               - class com.almasb.fxgl.cutscene.CutsceneService
11:23:28.036 [FXGL Background Thread 3 ] DEBUG Engine               - class com.almasb.fxgl.minigames.MiniGameService
11:23:28.037 [FXGL Background Thread 3 ] DEBUG Engine               - class com.almasb.fxgl.net.NetService
11:23:28.037 [FXGL Background Thread 3 ] DEBUG Engine               - class com.almasb.fxgl.app.services.UpdaterService
11:23:28.037 [FXGL Background Thread 3 ] DEBUG Engine               - class com.almasb.fxgl.dev.DevService
11:23:31.179 [JavaFX Application Thread] DEBUG FXGLApplication      - Exiting FXGL
11:23:31.180 [JavaFX Application Thread] DEBUG LoopRunner           - Stopping loop
11:23:31.180 [JavaFX Application Thread] DEBUG SystemBundleService  - Saving FXGL system data
11:23:31.182 [JavaFX Application Thread] DEBUG FileSystemAccess     - Writing to: C:\Users\roan2\Documents\SE-Challengeweek\system\fxgl.bundle
11:23:31.183 [JavaFX Application Thread] DEBUG Async                - Shutting down background threads
11:23:31.183 [JavaFX Application Thread] DEBUG PrimaryStageWindow   - Closing main window
11:23:31.196 [JavaFX Application Thread] DEBUG Logger               - Closing Logger
