14:05:14.226 [main                     ] DEBUG Logger               - Configured Logger
14:05:14.244 [main                     ] DEBUG GameApplication      - Logging settings
Title: Bomberman SE
Version: 1.0
Width: 960
Height: 832
Fullscreen: false
Intro: false
Profiling: false
Single step:false
App Mode: DEVELOPER
Menu Key: ESCAPE
Stage Style: DECORATED
Scene Factory: class com.almasb.fxgl.app.scene.SceneFactory

14:05:14.673 [JavaFX Application Thread] DEBUG FXGLApplication      - Initializing FXGL
14:05:14.675 [JavaFX Application Thread] INFO  Engine               - FXGL-11.14 (01.03.2021 16.59) on WINDOWS (J:15.0.2 FX:15)
14:05:14.676 [JavaFX Application Thread] DEBUG Engine               - JRE Vendor Name: Amazon.com Inc.
14:05:14.676 [JavaFX Application Thread] DEBUG Engine               - Running on OS: Windows 10 version 10.0
14:05:14.676 [JavaFX Application Thread] DEBUG Engine               - Architecture: amd64
14:05:14.676 [JavaFX Application Thread] INFO  Engine               - Source code and latest versions at: https://github.com/AlmasB/FXGL
14:05:14.677 [JavaFX Application Thread] INFO  Engine               -              Join the FXGL chat at: https://gitter.im/AlmasB/FXGL
14:05:14.825 [JavaFX Application Thread] DEBUG PrimaryStageWindow   - Creating a JavaFX scene
14:05:14.826 [JavaFX Application Thread] DEBUG PrimaryStageWindow   - Target size > screen size
14:05:14.897 [JavaFX Application Thread] DEBUG PrimaryStageWindow   - Target settings size: 960.0 x 832.0
14:05:14.897 [JavaFX Application Thread] DEBUG PrimaryStageWindow   - Scaled scene size:    925.0 x 823.0
14:05:14.898 [JavaFX Application Thread] DEBUG PrimaryStageWindow   - Scaled ratio: (0.9635416666666666, 0.9891826923076923)
14:05:14.900 [JavaFX Application Thread] DEBUG PrimaryStageWindow   - Set initial scene to FXGLStartupScene
14:05:14.913 [JavaFX Application Thread] DEBUG PrimaryStageWindow   - Opening main window
14:05:15.037 [JavaFX Application Thread] DEBUG PrimaryStageWindow   - Window border size: (15.0, 37.79998779296875)
14:05:15.037 [JavaFX Application Thread] DEBUG PrimaryStageWindow   - Scaled size: 925.0 x 823.0
14:05:15.038 [JavaFX Application Thread] DEBUG PrimaryStageWindow   - Scaled ratio: (0.9635416666666666, 0.9891826923076923)
14:05:15.038 [JavaFX Application Thread] DEBUG PrimaryStageWindow   - Scene size: 925.0 x 823.0
14:05:15.038 [JavaFX Application Thread] DEBUG PrimaryStageWindow   - Stage size: 940.0 x 860.7999877929688
14:05:15.047 [FXGL Background Thread 1 ] DEBUG Engine               - Initializing environment variables
14:05:15.103 [FXGL Background Thread 1 ] DEBUG FXGLAssetLoaderServi - User app class for loading assets: class Game
14:05:15.104 [FXGL Background Thread 1 ] DEBUG GameApplicationServi - Applying CSS: fxgl_dark.css
14:05:15.105 [FXGL Background Thread 1 ] DEBUG FXGLAssetLoaderServi - Loading from file system: jar:file:/C:/Users/diewe/.m2/repository/com/github/almasb/fxgl/11.14/fxgl-11.14.jar!/fxglassets/ui/css/fxgl_dark.css
14:05:15.179 [FXGL Background Thread 1 ] DEBUG GameApplicationServi - Initializing application scenes
14:05:15.267 [FXGL Background Thread 1 ] DEBUG GameWorld            - Game world initialized
14:05:15.341 [FXGL Background Thread 1 ] DEBUG PhysicsWorld         - Physics world initialized: appHeight=832, physics.ppm=50,0
14:05:15.342 [FXGL Background Thread 1 ] DEBUG PhysicsWorld         - Using strategy: BRUTE_FORCE
14:05:15.344 [FXGL Background Thread 1 ] DEBUG GameScene            - Game scene initialized: 960x832
14:05:15.381 [FXGL Background Thread 1 ] DEBUG FXGLAssetLoaderServi - Loading from file system: jar:file:/C:/Users/diewe/.m2/repository/com/github/almasb/fxgl/11.14/fxgl-11.14.jar!/fxglassets/textures/particles/trace_horizontal.png
14:05:15.424 [FXGL Background Thread 1 ] DEBUG FXGL.DefaultMenu     - createMenuBodyGameMenu()
14:05:15.438 [FXGL Background Thread 1 ] DEBUG FXGL.DefaultMenu     - createOptionsMenu()
14:05:15.443 [FXGL Background Thread 1 ] DEBUG FXGLAssetLoaderServi - Loading from file system: jar:file:/C:/Users/diewe/.m2/repository/com/github/almasb/fxgl/11.14/fxgl-11.14.jar!/fxglassets/textures/particles/smoke.png
14:05:15.493 [FXGL Background Thread 1 ] DEBUG GameApplicationServi - Application scenes initialized
14:05:15.504 [FXGL Background Thread 1 ] DEBUG SystemBundleService  - Loading FXGL system data
14:05:15.508 [FXGL Background Thread 1 ] DEBUG FileSystemAccess     - Reading from: C:\Users\diewe\OneDrive\Documenten\GitHub\SE-Challengeweek\system\fxgl.bundle
14:05:15.513 [FXGL Background Thread 1 ] DEBUG SystemBundleService  - Bundle FXGL: {}
14:05:15.513 [FXGL Background Thread 1 ] DEBUG UpdaterService       - Checking for updates
14:05:15.517 [FXGL Background Thread 4 ] DEBUG FXGLApplication      - Loading fonts
14:05:15.518 [FXGL Background Thread 1 ] DEBUG FXGLApplication      - Loading default localization
14:05:15.518 [FXGL Background Thread 4 ] DEBUG FXGLAssetLoaderServi - Loading from file system: jar:file:/C:/Users/diewe/.m2/repository/com/github/almasb/fxgl/11.14/fxgl-11.14.jar!/fxglassets/ui/fonts/VarelaRound-Regular.ttf
14:05:15.518 [FXGL Background Thread 1 ] DEBUG FXGLAssetLoaderServi - Loading from file system: jar:file:/C:/Users/diewe/.m2/repository/com/github/almasb/fxgl/11.14/fxgl-11.14.jar!/fxglassets/languages/english.lang
14:05:15.535 [FXGL Background Thread 1 ] INFO  FXGLApplication      - FXGL initialization took: 0,488 sec
14:05:15.545 [JavaFX Application Thread] DEBUG Input                - Registered new binding: action0 - W
14:05:15.546 [JavaFX Application Thread] DEBUG Input                - Registered new binding: action1 - S
14:05:15.547 [JavaFX Application Thread] DEBUG Input                - Registered new binding: action2 - A
14:05:15.547 [JavaFX Application Thread] DEBUG Input                - Registered new binding: action3 - D
14:05:15.548 [JavaFX Application Thread] DEBUG FXGLAssetLoaderServi - Loading from file system: jar:file:/C:/Users/diewe/.m2/repository/com/github/almasb/fxgl/11.14/fxgl-11.14.jar!/fxglassets/textures/fxgl_icon.png
14:05:15.572 [JavaFX Application Thread] DEBUG FXGLAssetLoaderServi - Loading from file system: jar:file:/C:/Users/diewe/.m2/repository/com/github/almasb/fxgl/11.14/fxgl-11.14.jar!/fxglassets/ui/cursors/fxgl_default.png
14:05:15.574 [JavaFX Application Thread] DEBUG Input                - Registered new binding: Screenshot - P
14:05:15.575 [JavaFX Application Thread] DEBUG Input                - Registered new binding: System info dump - CTRL+9
14:05:15.575 [JavaFX Application Thread] DEBUG Input                - Registered new binding: Restart - CTRL+R
14:05:15.576 [JavaFX Application Thread] DEBUG Input                - Registered new binding: Toggle Debug Camera - CTRL+C
14:05:15.579 [JavaFX Application Thread] DEBUG LoopRunner           - Starting loop
14:05:15.579 [JavaFX Application Thread] DEBUG LoopRunner           - Initializing JavaFX AnimationTimerLoop
14:05:15.581 [JavaFX Application Thread] DEBUG GameApplicationServi - Starting new game
14:05:15.581 [JavaFX Application Thread] DEBUG Input                - Clearing active input actions
14:05:15.596 [JavaFX Application Thread] DEBUG GameApplicationServi - Removing overlay from FXGLStartupScene and adding to FXGLLoadingScene
14:05:15.597 [JavaFX Application Thread] DEBUG PrimaryStageWindow   - FXGLStartupScene -> FXGLLoadingScene
14:05:15.597 [JavaFX Application Thread] DEBUG GameApplicationServi - Clearing previous game
14:05:15.598 [JavaFX Application Thread] DEBUG GameScene            - Clearing game scene
14:05:15.598 [JavaFX Application Thread] DEBUG GameWorld            - Clearing game world
14:05:15.598 [JavaFX Application Thread] DEBUG PhysicsWorld         - Clearing physics world
14:05:15.600 [FXGL Background Thread 1 ] DEBUG FXGLApplication      - Initializing game
14:05:15.603 [FXGL Background Thread 1 ] DEBUG FXGLAssetLoaderServi - Loading from file system: file:/C:/Users/diewe/OneDrive/Documenten/GitHub/SE-Challengeweek/target/classes/assets/textures/BombermanBruin2.png
14:05:15.604 [FXGL Background Thread 4 ] DEBUG FXGLAssetLoaderServi - Loading from file system: jar:file:/C:/Users/diewe/.m2/repository/com/github/almasb/fxgl/11.14/fxgl-11.14.jar!/fxglassets/ui/fonts/Abel-Regular.ttf
14:05:15.624 [FXGL Background Thread 4 ] DEBUG FXGLAssetLoaderServi - Loading from file system: jar:file:/C:/Users/diewe/.m2/repository/com/github/almasb/fxgl/11.14/fxgl-11.14.jar!/fxglassets/ui/fonts/lucida_console.ttf
14:05:15.641 [FXGL Background Thread 4 ] DEBUG FXGLAssetLoaderServi - Loading from file system: jar:file:/C:/Users/diewe/.m2/repository/com/github/almasb/fxgl/11.14/fxgl-11.14.jar!/fxglassets/ui/fonts/Courier-Prime.ttf
14:05:15.722 [FXGL Background Thread 1 ] INFO  FXGLApplication      - Game initialization took: 0,122 sec
14:05:15.758 [JavaFX Application Thread] DEBUG FXGLApplication      - Registering font factories with UI factory
14:05:15.760 [JavaFX Application Thread] DEBUG Input                - Clearing active input actions
14:05:15.778 [JavaFX Application Thread] DEBUG GameApplicationServi - Removing overlay from FXGLLoadingScene and adding to GameScene
14:05:15.778 [JavaFX Application Thread] DEBUG PrimaryStageWindow   - FXGLLoadingScene -> GameScene
14:05:15.946 [FXGL Background Thread 2 ] INFO  UpdaterService       - Your current version:  11.14
14:05:15.946 [FXGL Background Thread 2 ] INFO  UpdaterService       - Latest stable version: 17.1
14:05:18.517 [FXGL Background Thread 3 ] DEBUG Engine               - Logging environment variables
14:05:18.518 [FXGL Background Thread 3 ] DEBUG Engine               - achievements: []
14:05:18.518 [FXGL Background Thread 3 ] DEBUG Engine               - actualHeight: 823.0
14:05:18.518 [FXGL Background Thread 3 ] DEBUG Engine               - actualHeightProperty: ReadOnlyDoubleProperty [value: 823.0]
14:05:18.519 [FXGL Background Thread 3 ] DEBUG Engine               - actualWidth: 925.0
14:05:18.519 [FXGL Background Thread 3 ] DEBUG Engine               - actualWidthProperty: ReadOnlyDoubleProperty [value: 925.0]
14:05:18.519 [FXGL Background Thread 3 ] DEBUG Engine               - appIcon: fxgl_icon.png
14:05:18.519 [FXGL Background Thread 3 ] DEBUG Engine               - applicationMode: DEVELOPER
14:05:18.519 [FXGL Background Thread 3 ] DEBUG Engine               - cSSList: [fxgl_dark.css]
14:05:18.519 [FXGL Background Thread 3 ] DEBUG Engine               - collisionDetectionStrategy: BRUTE_FORCE
14:05:18.519 [FXGL Background Thread 3 ] DEBUG Engine               - configClass: Optional.empty
14:05:18.519 [FXGL Background Thread 3 ] DEBUG Engine               - credits: []
14:05:18.520 [FXGL Background Thread 3 ] DEBUG Engine               - devBBoxColorProperty: ObjectProperty [value: 0xff0000ff]
14:05:18.520 [FXGL Background Thread 3 ] DEBUG Engine               - devEnableDebugCameraProperty: BooleanProperty [value: false]
14:05:18.520 [FXGL Background Thread 3 ] DEBUG Engine               - devSensorColorProperty: ObjectProperty [value: 0xffff00ff]
14:05:18.520 [FXGL Background Thread 3 ] DEBUG Engine               - devShowBBoxProperty: BooleanProperty [value: false]
14:05:18.520 [FXGL Background Thread 3 ] DEBUG Engine               - devShowPositionProperty: BooleanProperty [value: false]
14:05:18.521 [FXGL Background Thread 3 ] DEBUG Engine               - enabledMenuItems: []
14:05:18.521 [FXGL Background Thread 3 ] DEBUG Engine               - engineServices: [class com.almasb.fxgl.app.services.FXGLAssetLoaderService, class com.almasb.fxgl.app.FXGLApplication$GameApplicationService, class com.almasb.fxgl.app.services.FXGLDialogService, class com.almasb.fxgl.app.services.IOTaskExecutorService, class com.almasb.fxgl.event.EventBusService, class com.almasb.fxgl.io.FileSystemService, class com.almasb.fxgl.localization.LocalizationService, class com.almasb.fxgl.app.services.SystemBundleService, class com.almasb.fxgl.profile.SaveLoadService, class com.almasb.fxgl.ui.FXGLUIFactoryServiceProvider, class com.almasb.fxgl.ui.FXGLDialogFactoryServiceProvider, class com.almasb.fxgl.audio.AudioPlayer, class com.almasb.fxgl.notification.impl.NotificationServiceProvider, class com.almasb.fxgl.achievement.AchievementService, class com.almasb.fxgl.cutscene.CutsceneService, class com.almasb.fxgl.minigames.MiniGameService, class com.almasb.fxgl.net.NetService, class com.almasb.fxgl.app.services.UpdaterService, class com.almasb.fxgl.dev.DevService]
14:05:18.521 [FXGL Background Thread 3 ] DEBUG Engine               - fontGame: Abel-Regular.ttf
14:05:18.521 [FXGL Background Thread 3 ] DEBUG Engine               - fontMono: lucida_console.ttf
14:05:18.521 [FXGL Background Thread 3 ] DEBUG Engine               - fontText: Courier-Prime.ttf
14:05:18.521 [FXGL Background Thread 3 ] DEBUG Engine               - fontUI: VarelaRound-Regular.ttf
14:05:18.521 [FXGL Background Thread 3 ] DEBUG Engine               - fullScreen: BooleanProperty [value: false]
14:05:18.522 [FXGL Background Thread 3 ] DEBUG Engine               - gameDifficulty: MEDIUM
14:05:18.522 [FXGL Background Thread 3 ] DEBUG Engine               - gameDifficultyProperty: ObjectProperty [value: MEDIUM]
14:05:18.522 [FXGL Background Thread 3 ] DEBUG Engine               - globalMusicVolume: 0.5
14:05:18.522 [FXGL Background Thread 3 ] DEBUG Engine               - globalMusicVolumeProperty: DoubleProperty [value: 0.5]
14:05:18.523 [FXGL Background Thread 3 ] DEBUG Engine               - globalSoundVolume: 0.5
14:05:18.523 [FXGL Background Thread 3 ] DEBUG Engine               - globalSoundVolumeProperty: DoubleProperty [value: 0.5]
14:05:18.523 [FXGL Background Thread 3 ] DEBUG Engine               - height: 832
14:05:18.523 [FXGL Background Thread 3 ] DEBUG Engine               - isAndroid: false
14:05:18.523 [FXGL Background Thread 3 ] DEBUG Engine               - isBrowser: false
14:05:18.523 [FXGL Background Thread 3 ] DEBUG Engine               - isClickFeedbackEnabled: false
14:05:18.523 [FXGL Background Thread 3 ] DEBUG Engine               - isCloseConfirmation: false
14:05:18.523 [FXGL Background Thread 3 ] DEBUG Engine               - isDesktop: true
14:05:18.524 [FXGL Background Thread 3 ] DEBUG Engine               - isDeveloperMenuEnabled: false
14:05:18.524 [FXGL Background Thread 3 ] DEBUG Engine               - isEntityPreloadEnabled: true
14:05:18.524 [FXGL Background Thread 3 ] DEBUG Engine               - isExperimental3D: false
14:05:18.524 [FXGL Background Thread 3 ] DEBUG Engine               - isExperimentalNative: false
14:05:18.524 [FXGL Background Thread 3 ] DEBUG Engine               - isExperimentalTiledLargeMap: false
14:05:18.524 [FXGL Background Thread 3 ] DEBUG Engine               - isFileSystemWriteAllowed: true
14:05:18.524 [FXGL Background Thread 3 ] DEBUG Engine               - isFullScreenAllowed: false
14:05:18.524 [FXGL Background Thread 3 ] DEBUG Engine               - isFullScreenFromStart: false
14:05:18.525 [FXGL Background Thread 3 ] DEBUG Engine               - isGameMenuEnabled: true
14:05:18.525 [FXGL Background Thread 3 ] DEBUG Engine               - isIOS: false
14:05:18.525 [FXGL Background Thread 3 ] DEBUG Engine               - isIntroEnabled: false
14:05:18.525 [FXGL Background Thread 3 ] DEBUG Engine               - isLinux: false
14:05:18.525 [FXGL Background Thread 3 ] DEBUG Engine               - isMac: false
14:05:18.525 [FXGL Background Thread 3 ] DEBUG Engine               - isMainMenuEnabled: false
14:05:18.525 [FXGL Background Thread 3 ] DEBUG Engine               - isManualResizeEnabled: false
14:05:18.525 [FXGL Background Thread 3 ] DEBUG Engine               - isMobile: false
14:05:18.526 [FXGL Background Thread 3 ] DEBUG Engine               - isPreserveResizeRatio: false
14:05:18.526 [FXGL Background Thread 3 ] DEBUG Engine               - isProfilingEnabled: false
14:05:18.526 [FXGL Background Thread 3 ] DEBUG Engine               - isScaleAffectedOnResize: true
14:05:18.526 [FXGL Background Thread 3 ] DEBUG Engine               - isSingleStep: false
14:05:18.526 [FXGL Background Thread 3 ] DEBUG Engine               - isUserProfileEnabled: false
14:05:18.526 [FXGL Background Thread 3 ] DEBUG Engine               - isWindows: true
14:05:18.526 [FXGL Background Thread 3 ] DEBUG Engine               - language: ObjectProperty [value: ENGLISH]
14:05:18.527 [FXGL Background Thread 3 ] DEBUG Engine               - menuKey: ESCAPE
14:05:18.527 [FXGL Background Thread 3 ] DEBUG Engine               - notificationViewClass: class com.almasb.fxgl.notification.view.XboxNotificationView
14:05:18.527 [FXGL Background Thread 3 ] DEBUG Engine               - pixelsPerMeter: 50.0
14:05:18.527 [FXGL Background Thread 3 ] DEBUG Engine               - platform: WINDOWS
14:05:18.527 [FXGL Background Thread 3 ] DEBUG Engine               - prefHeightProperty: ReadOnlyDoubleProperty [value: 832.0]
14:05:18.527 [FXGL Background Thread 3 ] DEBUG Engine               - prefWidthProperty: ReadOnlyDoubleProperty [value: 960.0]
14:05:18.527 [FXGL Background Thread 3 ] DEBUG Engine               - profileDir: profiles/
14:05:18.527 [FXGL Background Thread 3 ] DEBUG Engine               - profileName: StringProperty [value: DEFAULT]
14:05:18.528 [FXGL Background Thread 3 ] DEBUG Engine               - randomSeed: -1
14:05:18.528 [FXGL Background Thread 3 ] DEBUG Engine               - runtimeInfo: RuntimeInfo(platform=WINDOWS, version=11.14, build=01.03.2021 16.59)
14:05:18.528 [FXGL Background Thread 3 ] DEBUG Engine               - saveFileExt: sav
14:05:18.528 [FXGL Background Thread 3 ] DEBUG Engine               - scaledHeightProp$fxgl: DoubleProperty [bound, value: 823.0]
14:05:18.528 [FXGL Background Thread 3 ] DEBUG Engine               - scaledWidthProp$fxgl: DoubleProperty [bound, value: 925.0]
14:05:18.528 [FXGL Background Thread 3 ] DEBUG Engine               - sceneFactory: com.almasb.fxgl.app.scene.SceneFactory@7ee63e8f
14:05:18.528 [FXGL Background Thread 3 ] DEBUG Engine               - secondsIn24h: 60
14:05:18.528 [FXGL Background Thread 3 ] DEBUG Engine               - soundMenuBack: menu/back.wav
14:05:18.529 [FXGL Background Thread 3 ] DEBUG Engine               - soundMenuPress: menu/press.wav
14:05:18.529 [FXGL Background Thread 3 ] DEBUG Engine               - soundMenuSelect: menu/select.wav
14:05:18.529 [FXGL Background Thread 3 ] DEBUG Engine               - soundNotification: core/notification.wav
14:05:18.529 [FXGL Background Thread 3 ] DEBUG Engine               - stageStyle: DECORATED
14:05:18.529 [FXGL Background Thread 3 ] DEBUG Engine               - supportedLanguages: [ENGLISH, FRENCH, GERMAN, HUNGARIAN, RUSSIAN]
14:05:18.529 [FXGL Background Thread 3 ] DEBUG Engine               - ticksPerSecond: -1
14:05:18.529 [FXGL Background Thread 3 ] DEBUG Engine               - title: Bomberman SE
14:05:18.529 [FXGL Background Thread 3 ] DEBUG Engine               - urlGithub: https://github.com/AlmasB/FXGL
14:05:18.530 [FXGL Background Thread 3 ] DEBUG Engine               - urlLeaderboard: http://fxgl-top.herokuapp.com/
14:05:18.530 [FXGL Background Thread 3 ] DEBUG Engine               - urlPOM: https://raw.githubusercontent.com/AlmasB/FXGL/release/README.md
14:05:18.530 [FXGL Background Thread 3 ] DEBUG Engine               - userAppClass: class Game
14:05:18.530 [FXGL Background Thread 3 ] DEBUG Engine               - version: 1.0
14:05:18.530 [FXGL Background Thread 3 ] DEBUG Engine               - versionCheckDays: 7
14:05:18.530 [FXGL Background Thread 3 ] DEBUG Engine               - width: 960
14:05:18.530 [FXGL Background Thread 3 ] DEBUG Engine               - Logging services
14:05:18.531 [FXGL Background Thread 3 ] DEBUG Engine               - class com.almasb.fxgl.app.services.FXGLAssetLoaderService
14:05:18.531 [FXGL Background Thread 3 ] DEBUG Engine               - class com.almasb.fxgl.app.FXGLApplication$GameApplicationService
14:05:18.531 [FXGL Background Thread 3 ] DEBUG Engine               - class com.almasb.fxgl.app.services.FXGLDialogService
14:05:18.531 [FXGL Background Thread 3 ] DEBUG Engine               - class com.almasb.fxgl.app.services.IOTaskExecutorService
14:05:18.531 [FXGL Background Thread 3 ] DEBUG Engine               - class com.almasb.fxgl.event.EventBusService
14:05:18.532 [FXGL Background Thread 3 ] DEBUG Engine               - class com.almasb.fxgl.io.FileSystemService
14:05:18.532 [FXGL Background Thread 3 ] DEBUG Engine               - class com.almasb.fxgl.localization.LocalizationService
14:05:18.532 [FXGL Background Thread 3 ] DEBUG Engine               - class com.almasb.fxgl.app.services.SystemBundleService
14:05:18.532 [FXGL Background Thread 3 ] DEBUG Engine               - class com.almasb.fxgl.profile.SaveLoadService
14:05:18.532 [FXGL Background Thread 3 ] DEBUG Engine               - class com.almasb.fxgl.ui.FXGLUIFactoryServiceProvider
14:05:18.532 [FXGL Background Thread 3 ] DEBUG Engine               - class com.almasb.fxgl.ui.FXGLDialogFactoryServiceProvider
14:05:18.532 [FXGL Background Thread 3 ] DEBUG Engine               - class com.almasb.fxgl.audio.AudioPlayer
14:05:18.533 [FXGL Background Thread 3 ] DEBUG Engine               - class com.almasb.fxgl.notification.impl.NotificationServiceProvider
14:05:18.533 [FXGL Background Thread 3 ] DEBUG Engine               - class com.almasb.fxgl.achievement.AchievementService
14:05:18.533 [FXGL Background Thread 3 ] DEBUG Engine               - class com.almasb.fxgl.cutscene.CutsceneService
14:05:18.533 [FXGL Background Thread 3 ] DEBUG Engine               - class com.almasb.fxgl.minigames.MiniGameService
14:05:18.533 [FXGL Background Thread 3 ] DEBUG Engine               - class com.almasb.fxgl.net.NetService
14:05:18.534 [FXGL Background Thread 3 ] DEBUG Engine               - class com.almasb.fxgl.app.services.UpdaterService
14:05:18.534 [FXGL Background Thread 3 ] DEBUG Engine               - class com.almasb.fxgl.dev.DevService
14:05:52.290 [JavaFX Application Thread] DEBUG FXGLApplication      - Exiting FXGL
14:05:52.290 [JavaFX Application Thread] DEBUG LoopRunner           - Stopping loop
14:05:52.290 [JavaFX Application Thread] DEBUG SystemBundleService  - Saving FXGL system data
14:05:52.292 [JavaFX Application Thread] DEBUG FileSystemAccess     - Writing to: C:\Users\diewe\OneDrive\Documenten\GitHub\SE-Challengeweek\system\fxgl.bundle
14:05:52.294 [JavaFX Application Thread] DEBUG Async                - Shutting down background threads
14:05:52.294 [JavaFX Application Thread] DEBUG PrimaryStageWindow   - Closing main window
14:05:52.305 [JavaFX Application Thread] DEBUG Logger               - Closing Logger
