15:06:12.446 [main                     ] DEBUG Logger               - Configured Logger
15:06:12.458 [main                     ] DEBUG GameApplication      - Logging settings
Title: Untitled
Version: 0.0
Width: 1050
Height: 700
Fullscreen: false
Intro: false
Profiling: false
Single step:false
App Mode: DEVELOPER
Menu Key: ESCAPE
Stage Style: DECORATED
Scene Factory: class com.almasb.fxgl.app.scene.SceneFactory

15:06:12.767 [JavaFX Application Thread] DEBUG FXGLApplication      - Initializing FXGL
15:06:12.769 [JavaFX Application Thread] INFO  Engine               - FXGL-11.14 (01.03.2021 16.59) on WINDOWS (J:15.0.2 FX:15)
15:06:12.769 [JavaFX Application Thread] DEBUG Engine               - JRE Vendor Name: Amazon.com Inc.
15:06:12.769 [JavaFX Application Thread] DEBUG Engine               - Running on OS: Windows 10 version 10.0
15:06:12.769 [JavaFX Application Thread] DEBUG Engine               - Architecture: amd64
15:06:12.770 [JavaFX Application Thread] INFO  Engine               - Source code and latest versions at: https://github.com/AlmasB/FXGL
15:06:12.770 [JavaFX Application Thread] INFO  Engine               -              Join the FXGL chat at: https://gitter.im/AlmasB/FXGL
15:06:12.863 [JavaFX Application Thread] DEBUG PrimaryStageWindow   - Creating a JavaFX scene
15:06:12.903 [JavaFX Application Thread] DEBUG PrimaryStageWindow   - Target settings size: 1050.0 x 700.0
15:06:12.904 [JavaFX Application Thread] DEBUG PrimaryStageWindow   - Scaled scene size:    1050.0 x 700.0
15:06:12.904 [JavaFX Application Thread] DEBUG PrimaryStageWindow   - Scaled ratio: (1.0, 1.0)
15:06:12.905 [JavaFX Application Thread] DEBUG PrimaryStageWindow   - Set initial scene to FXGLStartupScene
15:06:12.910 [JavaFX Application Thread] DEBUG PrimaryStageWindow   - Opening main window
15:06:12.977 [JavaFX Application Thread] DEBUG PrimaryStageWindow   - Window border size: (14.800048828125, 37.5999755859375)
15:06:12.978 [JavaFX Application Thread] DEBUG PrimaryStageWindow   - Scaled size: 1050.0 x 700.0
15:06:12.978 [JavaFX Application Thread] DEBUG PrimaryStageWindow   - Scaled ratio: (1.0, 1.0)
15:06:12.978 [JavaFX Application Thread] DEBUG PrimaryStageWindow   - Scene size: 1050.0 x 700.0
15:06:12.978 [JavaFX Application Thread] DEBUG PrimaryStageWindow   - Stage size: 1064.800048828125 x 737.5999755859375
15:06:12.986 [FXGL Background Thread 1 ] DEBUG Engine               - Initializing environment variables
15:06:13.018 [FXGL Background Thread 1 ] DEBUG FXGLAssetLoaderServi - User app class for loading assets: class Game
15:06:13.018 [FXGL Background Thread 1 ] DEBUG GameApplicationServi - Applying CSS: fxgl_dark.css
15:06:13.019 [FXGL Background Thread 1 ] DEBUG FXGLAssetLoaderServi - Loading from file system: jar:file:/C:/Users/stanm/.m2/repository/com/github/almasb/fxgl/11.14/fxgl-11.14.jar!/fxglassets/ui/css/fxgl_dark.css
15:06:13.064 [FXGL Background Thread 1 ] DEBUG GameApplicationServi - Initializing application scenes
15:06:13.094 [FXGL Background Thread 1 ] DEBUG GameWorld            - Game world initialized
15:06:13.141 [FXGL Background Thread 1 ] DEBUG PhysicsWorld         - Physics world initialized: appHeight=700, physics.ppm=50,0
15:06:13.141 [FXGL Background Thread 1 ] DEBUG PhysicsWorld         - Using strategy: BRUTE_FORCE
15:06:13.143 [FXGL Background Thread 1 ] DEBUG GameScene            - Game scene initialized: 1050x700
15:06:13.178 [FXGL Background Thread 1 ] DEBUG FXGLAssetLoaderServi - Loading from file system: jar:file:/C:/Users/stanm/.m2/repository/com/github/almasb/fxgl/11.14/fxgl-11.14.jar!/fxglassets/textures/particles/trace_horizontal.png
15:06:13.220 [FXGL Background Thread 1 ] DEBUG FXGL.DefaultMenu     - createMenuBodyGameMenu()
15:06:13.234 [FXGL Background Thread 1 ] DEBUG FXGL.DefaultMenu     - createOptionsMenu()
15:06:13.238 [FXGL Background Thread 1 ] DEBUG FXGLAssetLoaderServi - Loading from file system: jar:file:/C:/Users/stanm/.m2/repository/com/github/almasb/fxgl/11.14/fxgl-11.14.jar!/fxglassets/textures/particles/smoke.png
15:06:13.282 [FXGL Background Thread 1 ] DEBUG GameApplicationServi - Application scenes initialized
15:06:13.292 [FXGL Background Thread 1 ] DEBUG SystemBundleService  - Loading FXGL system data
15:06:13.296 [FXGL Background Thread 1 ] DEBUG FileSystemAccess     - Reading from: C:\Users\stanm\Documents\SE-Challengeweek\system\fxgl.bundle
15:06:13.301 [FXGL Background Thread 1 ] DEBUG SystemBundleService  - Bundle FXGL: {}
15:06:13.301 [FXGL Background Thread 1 ] DEBUG UpdaterService       - Checking for updates
15:06:13.322 [FXGL Background Thread 4 ] DEBUG FXGLApplication      - Loading fonts
15:06:13.322 [FXGL Background Thread 1 ] DEBUG FXGLApplication      - Loading default localization
15:06:13.323 [FXGL Background Thread 4 ] DEBUG FXGLAssetLoaderServi - Loading from file system: jar:file:/C:/Users/stanm/.m2/repository/com/github/almasb/fxgl/11.14/fxgl-11.14.jar!/fxglassets/ui/fonts/VarelaRound-Regular.ttf
15:06:13.323 [FXGL Background Thread 1 ] DEBUG FXGLAssetLoaderServi - Loading from file system: jar:file:/C:/Users/stanm/.m2/repository/com/github/almasb/fxgl/11.14/fxgl-11.14.jar!/fxglassets/languages/english.lang
15:06:13.334 [FXGL Background Thread 1 ] INFO  FXGLApplication      - FXGL initialization took: 0,348 sec
15:06:13.344 [JavaFX Application Thread] DEBUG Input                - Registered new binding: up - W
15:06:13.344 [JavaFX Application Thread] DEBUG Input                - Registered new binding: down - S
15:06:13.345 [JavaFX Application Thread] DEBUG Input                - Registered new binding: left - A
15:06:13.345 [JavaFX Application Thread] DEBUG Input                - Registered new binding: right - D
15:06:13.345 [JavaFX Application Thread] DEBUG Input                - Registered new binding: Place Bomb - F
15:06:13.346 [JavaFX Application Thread] DEBUG FXGLAssetLoaderServi - Loading from file system: jar:file:/C:/Users/stanm/.m2/repository/com/github/almasb/fxgl/11.14/fxgl-11.14.jar!/fxglassets/textures/fxgl_icon.png
15:06:13.358 [JavaFX Application Thread] DEBUG FXGLAssetLoaderServi - Loading from file system: jar:file:/C:/Users/stanm/.m2/repository/com/github/almasb/fxgl/11.14/fxgl-11.14.jar!/fxglassets/ui/cursors/fxgl_default.png
15:06:13.360 [JavaFX Application Thread] DEBUG Input                - Registered new binding: Screenshot - P
15:06:13.360 [JavaFX Application Thread] DEBUG Input                - Registered new binding: Dev Options - 1
15:06:13.361 [JavaFX Application Thread] DEBUG Input                - Registered new binding: Dev Console - 2
15:06:13.361 [JavaFX Application Thread] DEBUG Input                - Registered new binding: System info dump - CTRL+9
15:06:13.361 [JavaFX Application Thread] DEBUG Input                - Registered new binding: Restart - CTRL+R
15:06:13.362 [JavaFX Application Thread] DEBUG Input                - Registered new binding: Toggle Debug Camera - CTRL+C
15:06:13.365 [JavaFX Application Thread] DEBUG LoopRunner           - Starting loop
15:06:13.382 [FXGL Background Thread 4 ] DEBUG FXGLAssetLoaderServi - Loading from file system: jar:file:/C:/Users/stanm/.m2/repository/com/github/almasb/fxgl/11.14/fxgl-11.14.jar!/fxglassets/ui/fonts/Abel-Regular.ttf
15:06:13.386 [JavaFX Application Thread] DEBUG LoopRunner           - Initializing JavaFX AnimationTimerLoop
15:06:13.387 [JavaFX Application Thread] DEBUG GameApplicationServi - Starting new game
15:06:13.388 [JavaFX Application Thread] DEBUG Input                - Clearing active input actions
15:06:13.395 [FXGL Background Thread 4 ] DEBUG FXGLAssetLoaderServi - Loading from file system: jar:file:/C:/Users/stanm/.m2/repository/com/github/almasb/fxgl/11.14/fxgl-11.14.jar!/fxglassets/ui/fonts/lucida_console.ttf
15:06:13.400 [JavaFX Application Thread] DEBUG GameApplicationServi - Removing overlay from FXGLStartupScene and adding to FXGLLoadingScene
15:06:13.403 [JavaFX Application Thread] DEBUG PrimaryStageWindow   - FXGLStartupScene -> FXGLLoadingScene
15:06:13.403 [JavaFX Application Thread] DEBUG GameApplicationServi - Clearing previous game
15:06:13.403 [JavaFX Application Thread] DEBUG GameScene            - Clearing game scene
15:06:13.403 [JavaFX Application Thread] DEBUG GameWorld            - Clearing game world
15:06:13.403 [JavaFX Application Thread] DEBUG PhysicsWorld         - Clearing physics world
15:06:13.405 [FXGL Background Thread 1 ] DEBUG FXGLApplication      - Initializing game
15:06:13.405 [FXGL Background Thread 4 ] DEBUG FXGLAssetLoaderServi - Loading from file system: jar:file:/C:/Users/stanm/.m2/repository/com/github/almasb/fxgl/11.14/fxgl-11.14.jar!/fxglassets/ui/fonts/Courier-Prime.ttf
15:06:13.434 [FXGL Background Thread 1 ] WARN  TMXLevelLoader       - TiledMap generated from 1.0.1. Supported version: 1.2.3. Some features may not be parsed fully.
15:06:13.447 [FXGL Background Thread 1 ] DEBUG TMXLevelLoader       - Parsed raw map: TiledMap(width=15, height=13, tilewidth=64, tileheight=64, orientation=orthogonal, layers=[Layer(width=15, height=13, name=Tile Layer 1, type=tilelayer, visible=false, x=0, y=0, data=[16, 16, 16, 16, 16, 16, 16, 16, 16, 16, 16, 16, 16, 16, 16, 16, 15, 15, 15, 15, 15, 15, 15, 15, 15, 15, 15, 15, 15, 16, 16, 15, 4, 15, 4, 15, 4, 15, 4, 15, 4, 15, 4, 15, 16, 16, 15, 15, 15, 15, 15, 15, 15, 15, 15, 15, 15, 15, 15, 16, 16, 15, 4, 15, 4, 15, 4, 15, 4, 15, 4, 15, 4, 15, 16, 16, 15, 15, 15, 15, 15, 15, 15, 15, 15, 15, 15, 15, 15, 16, 16, 15, 4, 15, 4, 15, 4, 15, 4, 15, 4, 15, 4, 15, 16, 16, 15, 15, 15, 15, 15, 15, 15, 15, 15, 15, 15, 15, 15, 16, 16, 15, 4, 15, 4, 15, 4, 15, 4, 15, 4, 15, 4, 15, 16, 16, 15, 15, 15, 15, 15, 15, 15, 15, 15, 15, 15, 15, 15, 16, 16, 15, 4, 15, 4, 15, 4, 15, 4, 15, 4, 15, 17, 15, 16, 16, 15, 15, 15, 15, 15, 15, 15, 15, 15, 15, 15, 15, 15, 16, 16, 16, 16, 16, 16, 16, 16, 16, 16, 16, 16, 16, 16, 16, 16], objects=[], opacity=0.0, draworder=), Layer(width=0, height=0, name=Object Layer 1, type=objectgroup, visible=false, x=0, y=0, data=[], objects=[com.almasb.fxgl.entity.level.tiled.TiledObject@66b2b5ae, com.almasb.fxgl.entity.level.tiled.TiledObject@1c144749, com.almasb.fxgl.entity.level.tiled.TiledObject@21a3180c, com.almasb.fxgl.entity.level.tiled.TiledObject@1c455cea, com.almasb.fxgl.entity.level.tiled.TiledObject@6fa98509, com.almasb.fxgl.entity.level.tiled.TiledObject@5139b9ba, com.almasb.fxgl.entity.level.tiled.TiledObject@6863a8e9, com.almasb.fxgl.entity.level.tiled.TiledObject@5ef70b03, com.almasb.fxgl.entity.level.tiled.TiledObject@7dd54c19, com.almasb.fxgl.entity.level.tiled.TiledObject@61bdce70, com.almasb.fxgl.entity.level.tiled.TiledObject@14ec064e, com.almasb.fxgl.entity.level.tiled.TiledObject@72a5b8c3, com.almasb.fxgl.entity.level.tiled.TiledObject@2547970a, com.almasb.fxgl.entity.level.tiled.TiledObject@2a06039c, com.almasb.fxgl.entity.level.tiled.TiledObject@5eacaee4, com.almasb.fxgl.entity.level.tiled.TiledObject@1106652, com.almasb.fxgl.entity.level.tiled.TiledObject@18764ebd, com.almasb.fxgl.entity.level.tiled.TiledObject@276b4cc, com.almasb.fxgl.entity.level.tiled.TiledObject@3996e1e8, com.almasb.fxgl.entity.level.tiled.TiledObject@3bb6327e, com.almasb.fxgl.entity.level.tiled.TiledObject@111f9013, com.almasb.fxgl.entity.level.tiled.TiledObject@26788628, com.almasb.fxgl.entity.level.tiled.TiledObject@286fbaae, com.almasb.fxgl.entity.level.tiled.TiledObject@22c0481f, com.almasb.fxgl.entity.level.tiled.TiledObject@4f32db5c, com.almasb.fxgl.entity.level.tiled.TiledObject@2d995d54, com.almasb.fxgl.entity.level.tiled.TiledObject@78f63883, com.almasb.fxgl.entity.level.tiled.TiledObject@58560732, com.almasb.fxgl.entity.level.tiled.TiledObject@167df5f, com.almasb.fxgl.entity.level.tiled.TiledObject@667341da, com.almasb.fxgl.entity.level.tiled.TiledObject@2f884fb7, com.almasb.fxgl.entity.level.tiled.TiledObject@470fb2e3, com.almasb.fxgl.entity.level.tiled.TiledObject@782d107a, com.almasb.fxgl.entity.level.tiled.TiledObject@42cf334], opacity=0.0, draworder=)], tilesets=[Tileset(firstgid=1, image=spritesheet(1).png, name=spritesheet(1), tilewidth=64, tileheight=64, imagewidth=1472, imageheight=64, margin=0, spacing=0, columns=23, tilecount=23, transparentcolor=, tiles=[])], backgroundcolor=, renderorder=right-down, nextobjectid=139, version=1, tiledversion=1.0.1, type=map, infinite=false, hexsidelength=0, staggeraxis=, staggerindex=, properties={}, propertytypes={})
15:06:13.448 [FXGL Background Thread 1 ] DEBUG TMXLevelLoader       - Creating tile layer entities
15:06:13.449 [FXGL Background Thread 1 ] DEBUG TilesetLoader        - Loading view for layer Tile Layer 1
15:06:13.450 [FXGL Background Thread 1 ] DEBUG TilesetLoader        - Created buffer with size 960.0x832.0
15:06:13.455 [FXGL Background Thread 1 ] DEBUG TilesetLoader        - Writing to buffer: dst=0,0, w=64,h=64, src=960,0
15:06:13.456 [FXGL Background Thread 1 ] DEBUG TilesetLoader        - Writing to buffer: dst=64,0, w=64,h=64, src=960,0
15:06:13.456 [FXGL Background Thread 1 ] DEBUG TilesetLoader        - Writing to buffer: dst=128,0, w=64,h=64, src=960,0
15:06:13.456 [FXGL Background Thread 1 ] DEBUG TilesetLoader        - Writing to buffer: dst=192,0, w=64,h=64, src=960,0
15:06:13.456 [FXGL Background Thread 1 ] DEBUG TilesetLoader        - Writing to buffer: dst=256,0, w=64,h=64, src=960,0
15:06:13.457 [FXGL Background Thread 1 ] DEBUG TilesetLoader        - Writing to buffer: dst=320,0, w=64,h=64, src=960,0
15:06:13.457 [FXGL Background Thread 1 ] DEBUG TilesetLoader        - Writing to buffer: dst=384,0, w=64,h=64, src=960,0
15:06:13.457 [FXGL Background Thread 1 ] DEBUG TilesetLoader        - Writing to buffer: dst=448,0, w=64,h=64, src=960,0
15:06:13.457 [FXGL Background Thread 1 ] DEBUG TilesetLoader        - Writing to buffer: dst=512,0, w=64,h=64, src=960,0
15:06:13.457 [FXGL Background Thread 1 ] DEBUG TilesetLoader        - Writing to buffer: dst=576,0, w=64,h=64, src=960,0
15:06:13.458 [FXGL Background Thread 1 ] DEBUG TilesetLoader        - Writing to buffer: dst=640,0, w=64,h=64, src=960,0
15:06:13.458 [FXGL Background Thread 1 ] DEBUG TilesetLoader        - Writing to buffer: dst=704,0, w=64,h=64, src=960,0
15:06:13.458 [FXGL Background Thread 1 ] DEBUG TilesetLoader        - Writing to buffer: dst=768,0, w=64,h=64, src=960,0
15:06:13.459 [FXGL Background Thread 1 ] DEBUG TilesetLoader        - Writing to buffer: dst=832,0, w=64,h=64, src=960,0
15:06:13.459 [FXGL Background Thread 1 ] DEBUG TilesetLoader        - Writing to buffer: dst=896,0, w=64,h=64, src=960,0
15:06:13.459 [FXGL Background Thread 1 ] DEBUG TilesetLoader        - Writing to buffer: dst=0,64, w=64,h=64, src=960,0
15:06:13.459 [FXGL Background Thread 1 ] DEBUG TilesetLoader        - Writing to buffer: dst=64,64, w=64,h=64, src=896,0
15:06:13.460 [FXGL Background Thread 1 ] DEBUG TilesetLoader        - Writing to buffer: dst=128,64, w=64,h=64, src=896,0
15:06:13.460 [FXGL Background Thread 1 ] DEBUG TilesetLoader        - Writing to buffer: dst=192,64, w=64,h=64, src=896,0
15:06:13.460 [FXGL Background Thread 1 ] DEBUG TilesetLoader        - Writing to buffer: dst=256,64, w=64,h=64, src=896,0
15:06:13.460 [FXGL Background Thread 1 ] DEBUG TilesetLoader        - Writing to buffer: dst=320,64, w=64,h=64, src=896,0
15:06:13.460 [FXGL Background Thread 1 ] DEBUG TilesetLoader        - Writing to buffer: dst=384,64, w=64,h=64, src=896,0
15:06:13.460 [FXGL Background Thread 1 ] DEBUG TilesetLoader        - Writing to buffer: dst=448,64, w=64,h=64, src=896,0
15:06:13.461 [FXGL Background Thread 1 ] DEBUG TilesetLoader        - Writing to buffer: dst=512,64, w=64,h=64, src=896,0
15:06:13.461 [FXGL Background Thread 1 ] DEBUG TilesetLoader        - Writing to buffer: dst=576,64, w=64,h=64, src=896,0
15:06:13.461 [FXGL Background Thread 1 ] DEBUG TilesetLoader        - Writing to buffer: dst=640,64, w=64,h=64, src=896,0
15:06:13.461 [FXGL Background Thread 1 ] DEBUG TilesetLoader        - Writing to buffer: dst=704,64, w=64,h=64, src=896,0
15:06:13.462 [FXGL Background Thread 1 ] DEBUG TilesetLoader        - Writing to buffer: dst=768,64, w=64,h=64, src=896,0
15:06:13.462 [FXGL Background Thread 1 ] DEBUG TilesetLoader        - Writing to buffer: dst=832,64, w=64,h=64, src=896,0
15:06:13.462 [FXGL Background Thread 1 ] DEBUG TilesetLoader        - Writing to buffer: dst=896,64, w=64,h=64, src=960,0
15:06:13.463 [FXGL Background Thread 1 ] DEBUG TilesetLoader        - Writing to buffer: dst=0,128, w=64,h=64, src=960,0
15:06:13.463 [FXGL Background Thread 1 ] DEBUG TilesetLoader        - Writing to buffer: dst=64,128, w=64,h=64, src=896,0
15:06:13.463 [FXGL Background Thread 1 ] DEBUG TilesetLoader        - Writing to buffer: dst=128,128, w=64,h=64, src=192,0
15:06:13.463 [FXGL Background Thread 1 ] DEBUG TilesetLoader        - Writing to buffer: dst=192,128, w=64,h=64, src=896,0
15:06:13.463 [FXGL Background Thread 1 ] DEBUG TilesetLoader        - Writing to buffer: dst=256,128, w=64,h=64, src=192,0
15:06:13.464 [FXGL Background Thread 1 ] DEBUG TilesetLoader        - Writing to buffer: dst=320,128, w=64,h=64, src=896,0
15:06:13.464 [FXGL Background Thread 1 ] DEBUG TilesetLoader        - Writing to buffer: dst=384,128, w=64,h=64, src=192,0
15:06:13.464 [FXGL Background Thread 1 ] DEBUG TilesetLoader        - Writing to buffer: dst=448,128, w=64,h=64, src=896,0
15:06:13.464 [FXGL Background Thread 1 ] DEBUG TilesetLoader        - Writing to buffer: dst=512,128, w=64,h=64, src=192,0
15:06:13.464 [FXGL Background Thread 1 ] DEBUG TilesetLoader        - Writing to buffer: dst=576,128, w=64,h=64, src=896,0
15:06:13.464 [FXGL Background Thread 1 ] DEBUG TilesetLoader        - Writing to buffer: dst=640,128, w=64,h=64, src=192,0
15:06:13.465 [FXGL Background Thread 1 ] DEBUG TilesetLoader        - Writing to buffer: dst=704,128, w=64,h=64, src=896,0
15:06:13.465 [FXGL Background Thread 1 ] DEBUG TilesetLoader        - Writing to buffer: dst=768,128, w=64,h=64, src=192,0
15:06:13.465 [FXGL Background Thread 1 ] DEBUG TilesetLoader        - Writing to buffer: dst=832,128, w=64,h=64, src=896,0
15:06:13.466 [FXGL Background Thread 1 ] DEBUG TilesetLoader        - Writing to buffer: dst=896,128, w=64,h=64, src=960,0
15:06:13.466 [FXGL Background Thread 1 ] DEBUG TilesetLoader        - Writing to buffer: dst=0,192, w=64,h=64, src=960,0
15:06:13.466 [FXGL Background Thread 1 ] DEBUG TilesetLoader        - Writing to buffer: dst=64,192, w=64,h=64, src=896,0
15:06:13.466 [FXGL Background Thread 1 ] DEBUG TilesetLoader        - Writing to buffer: dst=128,192, w=64,h=64, src=896,0
15:06:13.466 [FXGL Background Thread 1 ] DEBUG TilesetLoader        - Writing to buffer: dst=192,192, w=64,h=64, src=896,0
15:06:13.466 [FXGL Background Thread 1 ] DEBUG TilesetLoader        - Writing to buffer: dst=256,192, w=64,h=64, src=896,0
15:06:13.467 [FXGL Background Thread 1 ] DEBUG TilesetLoader        - Writing to buffer: dst=320,192, w=64,h=64, src=896,0
15:06:13.467 [FXGL Background Thread 1 ] DEBUG TilesetLoader        - Writing to buffer: dst=384,192, w=64,h=64, src=896,0
15:06:13.467 [FXGL Background Thread 1 ] DEBUG TilesetLoader        - Writing to buffer: dst=448,192, w=64,h=64, src=896,0
15:06:13.467 [FXGL Background Thread 1 ] DEBUG TilesetLoader        - Writing to buffer: dst=512,192, w=64,h=64, src=896,0
15:06:13.467 [FXGL Background Thread 1 ] DEBUG TilesetLoader        - Writing to buffer: dst=576,192, w=64,h=64, src=896,0
15:06:13.468 [FXGL Background Thread 1 ] DEBUG TilesetLoader        - Writing to buffer: dst=640,192, w=64,h=64, src=896,0
15:06:13.468 [FXGL Background Thread 1 ] DEBUG TilesetLoader        - Writing to buffer: dst=704,192, w=64,h=64, src=896,0
15:06:13.468 [FXGL Background Thread 1 ] DEBUG TilesetLoader        - Writing to buffer: dst=768,192, w=64,h=64, src=896,0
15:06:13.468 [FXGL Background Thread 1 ] DEBUG TilesetLoader        - Writing to buffer: dst=832,192, w=64,h=64, src=896,0
15:06:13.469 [FXGL Background Thread 1 ] DEBUG TilesetLoader        - Writing to buffer: dst=896,192, w=64,h=64, src=960,0
15:06:13.469 [FXGL Background Thread 1 ] DEBUG TilesetLoader        - Writing to buffer: dst=0,256, w=64,h=64, src=960,0
15:06:13.469 [FXGL Background Thread 1 ] DEBUG TilesetLoader        - Writing to buffer: dst=64,256, w=64,h=64, src=896,0
15:06:13.469 [FXGL Background Thread 1 ] DEBUG TilesetLoader        - Writing to buffer: dst=128,256, w=64,h=64, src=192,0
15:06:13.470 [FXGL Background Thread 1 ] DEBUG TilesetLoader        - Writing to buffer: dst=192,256, w=64,h=64, src=896,0
15:06:13.470 [FXGL Background Thread 1 ] DEBUG TilesetLoader        - Writing to buffer: dst=256,256, w=64,h=64, src=192,0
15:06:13.470 [FXGL Background Thread 1 ] DEBUG TilesetLoader        - Writing to buffer: dst=320,256, w=64,h=64, src=896,0
15:06:13.470 [FXGL Background Thread 1 ] DEBUG TilesetLoader        - Writing to buffer: dst=384,256, w=64,h=64, src=192,0
15:06:13.470 [FXGL Background Thread 1 ] DEBUG TilesetLoader        - Writing to buffer: dst=448,256, w=64,h=64, src=896,0
15:06:13.471 [FXGL Background Thread 1 ] DEBUG TilesetLoader        - Writing to buffer: dst=512,256, w=64,h=64, src=192,0
15:06:13.471 [FXGL Background Thread 1 ] DEBUG TilesetLoader        - Writing to buffer: dst=576,256, w=64,h=64, src=896,0
15:06:13.471 [FXGL Background Thread 1 ] DEBUG TilesetLoader        - Writing to buffer: dst=640,256, w=64,h=64, src=192,0
15:06:13.471 [FXGL Background Thread 1 ] DEBUG TilesetLoader        - Writing to buffer: dst=704,256, w=64,h=64, src=896,0
15:06:13.471 [FXGL Background Thread 1 ] DEBUG TilesetLoader        - Writing to buffer: dst=768,256, w=64,h=64, src=192,0
15:06:13.472 [FXGL Background Thread 1 ] DEBUG TilesetLoader        - Writing to buffer: dst=832,256, w=64,h=64, src=896,0
15:06:13.472 [FXGL Background Thread 1 ] DEBUG TilesetLoader        - Writing to buffer: dst=896,256, w=64,h=64, src=960,0
15:06:13.472 [FXGL Background Thread 1 ] DEBUG TilesetLoader        - Writing to buffer: dst=0,320, w=64,h=64, src=960,0
15:06:13.473 [FXGL Background Thread 1 ] DEBUG TilesetLoader        - Writing to buffer: dst=64,320, w=64,h=64, src=896,0
15:06:13.473 [FXGL Background Thread 1 ] DEBUG TilesetLoader        - Writing to buffer: dst=128,320, w=64,h=64, src=896,0
15:06:13.473 [FXGL Background Thread 1 ] DEBUG TilesetLoader        - Writing to buffer: dst=192,320, w=64,h=64, src=896,0
15:06:13.473 [FXGL Background Thread 1 ] DEBUG TilesetLoader        - Writing to buffer: dst=256,320, w=64,h=64, src=896,0
15:06:13.473 [FXGL Background Thread 1 ] DEBUG TilesetLoader        - Writing to buffer: dst=320,320, w=64,h=64, src=896,0
15:06:13.473 [FXGL Background Thread 1 ] DEBUG TilesetLoader        - Writing to buffer: dst=384,320, w=64,h=64, src=896,0
15:06:13.474 [FXGL Background Thread 1 ] DEBUG TilesetLoader        - Writing to buffer: dst=448,320, w=64,h=64, src=896,0
15:06:13.474 [FXGL Background Thread 1 ] DEBUG TilesetLoader        - Writing to buffer: dst=512,320, w=64,h=64, src=896,0
15:06:13.474 [FXGL Background Thread 1 ] DEBUG TilesetLoader        - Writing to buffer: dst=576,320, w=64,h=64, src=896,0
15:06:13.474 [FXGL Background Thread 1 ] DEBUG TilesetLoader        - Writing to buffer: dst=640,320, w=64,h=64, src=896,0
15:06:13.474 [FXGL Background Thread 1 ] DEBUG TilesetLoader        - Writing to buffer: dst=704,320, w=64,h=64, src=896,0
15:06:13.474 [FXGL Background Thread 1 ] DEBUG TilesetLoader        - Writing to buffer: dst=768,320, w=64,h=64, src=896,0
15:06:13.475 [FXGL Background Thread 1 ] DEBUG TilesetLoader        - Writing to buffer: dst=832,320, w=64,h=64, src=896,0
15:06:13.475 [FXGL Background Thread 1 ] DEBUG TilesetLoader        - Writing to buffer: dst=896,320, w=64,h=64, src=960,0
15:06:13.475 [FXGL Background Thread 1 ] DEBUG TilesetLoader        - Writing to buffer: dst=0,384, w=64,h=64, src=960,0
15:06:13.475 [FXGL Background Thread 1 ] DEBUG TilesetLoader        - Writing to buffer: dst=64,384, w=64,h=64, src=896,0
15:06:13.475 [FXGL Background Thread 1 ] DEBUG TilesetLoader        - Writing to buffer: dst=128,384, w=64,h=64, src=192,0
15:06:13.476 [FXGL Background Thread 1 ] DEBUG TilesetLoader        - Writing to buffer: dst=192,384, w=64,h=64, src=896,0
15:06:13.476 [FXGL Background Thread 1 ] DEBUG TilesetLoader        - Writing to buffer: dst=256,384, w=64,h=64, src=192,0
15:06:13.476 [FXGL Background Thread 1 ] DEBUG TilesetLoader        - Writing to buffer: dst=320,384, w=64,h=64, src=896,0
15:06:13.476 [FXGL Background Thread 1 ] DEBUG TilesetLoader        - Writing to buffer: dst=384,384, w=64,h=64, src=192,0
15:06:13.476 [FXGL Background Thread 1 ] DEBUG TilesetLoader        - Writing to buffer: dst=448,384, w=64,h=64, src=896,0
15:06:13.476 [FXGL Background Thread 1 ] DEBUG TilesetLoader        - Writing to buffer: dst=512,384, w=64,h=64, src=192,0
15:06:13.477 [FXGL Background Thread 1 ] DEBUG TilesetLoader        - Writing to buffer: dst=576,384, w=64,h=64, src=896,0
15:06:13.477 [FXGL Background Thread 1 ] DEBUG TilesetLoader        - Writing to buffer: dst=640,384, w=64,h=64, src=192,0
15:06:13.477 [FXGL Background Thread 1 ] DEBUG TilesetLoader        - Writing to buffer: dst=704,384, w=64,h=64, src=896,0
15:06:13.478 [FXGL Background Thread 1 ] DEBUG TilesetLoader        - Writing to buffer: dst=768,384, w=64,h=64, src=192,0
15:06:13.478 [FXGL Background Thread 1 ] DEBUG TilesetLoader        - Writing to buffer: dst=832,384, w=64,h=64, src=896,0
15:06:13.478 [FXGL Background Thread 1 ] DEBUG TilesetLoader        - Writing to buffer: dst=896,384, w=64,h=64, src=960,0
15:06:13.478 [FXGL Background Thread 1 ] DEBUG TilesetLoader        - Writing to buffer: dst=0,448, w=64,h=64, src=960,0
15:06:13.479 [FXGL Background Thread 1 ] DEBUG TilesetLoader        - Writing to buffer: dst=64,448, w=64,h=64, src=896,0
15:06:13.479 [FXGL Background Thread 1 ] DEBUG TilesetLoader        - Writing to buffer: dst=128,448, w=64,h=64, src=896,0
15:06:13.479 [FXGL Background Thread 1 ] DEBUG TilesetLoader        - Writing to buffer: dst=192,448, w=64,h=64, src=896,0
15:06:13.479 [FXGL Background Thread 1 ] DEBUG TilesetLoader        - Writing to buffer: dst=256,448, w=64,h=64, src=896,0
15:06:13.479 [FXGL Background Thread 1 ] DEBUG TilesetLoader        - Writing to buffer: dst=320,448, w=64,h=64, src=896,0
15:06:13.480 [FXGL Background Thread 1 ] DEBUG TilesetLoader        - Writing to buffer: dst=384,448, w=64,h=64, src=896,0
15:06:13.480 [FXGL Background Thread 1 ] DEBUG TilesetLoader        - Writing to buffer: dst=448,448, w=64,h=64, src=896,0
15:06:13.480 [FXGL Background Thread 1 ] DEBUG TilesetLoader        - Writing to buffer: dst=512,448, w=64,h=64, src=896,0
15:06:13.480 [FXGL Background Thread 1 ] DEBUG TilesetLoader        - Writing to buffer: dst=576,448, w=64,h=64, src=896,0
15:06:13.480 [FXGL Background Thread 1 ] DEBUG TilesetLoader        - Writing to buffer: dst=640,448, w=64,h=64, src=896,0
15:06:13.481 [FXGL Background Thread 1 ] DEBUG TilesetLoader        - Writing to buffer: dst=704,448, w=64,h=64, src=896,0
15:06:13.481 [FXGL Background Thread 1 ] DEBUG TilesetLoader        - Writing to buffer: dst=768,448, w=64,h=64, src=896,0
15:06:13.481 [FXGL Background Thread 1 ] DEBUG TilesetLoader        - Writing to buffer: dst=832,448, w=64,h=64, src=896,0
15:06:13.481 [FXGL Background Thread 1 ] DEBUG TilesetLoader        - Writing to buffer: dst=896,448, w=64,h=64, src=960,0
15:06:13.481 [FXGL Background Thread 1 ] DEBUG TilesetLoader        - Writing to buffer: dst=0,512, w=64,h=64, src=960,0
15:06:13.482 [FXGL Background Thread 1 ] DEBUG TilesetLoader        - Writing to buffer: dst=64,512, w=64,h=64, src=896,0
15:06:13.482 [FXGL Background Thread 1 ] DEBUG TilesetLoader        - Writing to buffer: dst=128,512, w=64,h=64, src=192,0
15:06:13.482 [FXGL Background Thread 1 ] DEBUG TilesetLoader        - Writing to buffer: dst=192,512, w=64,h=64, src=896,0
15:06:13.482 [FXGL Background Thread 1 ] DEBUG TilesetLoader        - Writing to buffer: dst=256,512, w=64,h=64, src=192,0
15:06:13.482 [FXGL Background Thread 1 ] DEBUG TilesetLoader        - Writing to buffer: dst=320,512, w=64,h=64, src=896,0
15:06:13.482 [FXGL Background Thread 1 ] DEBUG TilesetLoader        - Writing to buffer: dst=384,512, w=64,h=64, src=192,0
15:06:13.483 [FXGL Background Thread 1 ] DEBUG TilesetLoader        - Writing to buffer: dst=448,512, w=64,h=64, src=896,0
15:06:13.483 [FXGL Background Thread 1 ] DEBUG TilesetLoader        - Writing to buffer: dst=512,512, w=64,h=64, src=192,0
15:06:13.483 [FXGL Background Thread 1 ] DEBUG TilesetLoader        - Writing to buffer: dst=576,512, w=64,h=64, src=896,0
15:06:13.483 [FXGL Background Thread 1 ] DEBUG TilesetLoader        - Writing to buffer: dst=640,512, w=64,h=64, src=192,0
15:06:13.483 [FXGL Background Thread 1 ] DEBUG TilesetLoader        - Writing to buffer: dst=704,512, w=64,h=64, src=896,0
15:06:13.483 [FXGL Background Thread 1 ] DEBUG TilesetLoader        - Writing to buffer: dst=768,512, w=64,h=64, src=192,0
15:06:13.484 [FXGL Background Thread 1 ] DEBUG TilesetLoader        - Writing to buffer: dst=832,512, w=64,h=64, src=896,0
15:06:13.484 [FXGL Background Thread 1 ] DEBUG TilesetLoader        - Writing to buffer: dst=896,512, w=64,h=64, src=960,0
15:06:13.484 [FXGL Background Thread 1 ] DEBUG TilesetLoader        - Writing to buffer: dst=0,576, w=64,h=64, src=960,0
15:06:13.484 [FXGL Background Thread 1 ] DEBUG TilesetLoader        - Writing to buffer: dst=64,576, w=64,h=64, src=896,0
15:06:13.485 [FXGL Background Thread 1 ] DEBUG TilesetLoader        - Writing to buffer: dst=128,576, w=64,h=64, src=896,0
15:06:13.485 [FXGL Background Thread 1 ] DEBUG TilesetLoader        - Writing to buffer: dst=192,576, w=64,h=64, src=896,0
15:06:13.485 [FXGL Background Thread 1 ] DEBUG TilesetLoader        - Writing to buffer: dst=256,576, w=64,h=64, src=896,0
15:06:13.485 [FXGL Background Thread 1 ] DEBUG TilesetLoader        - Writing to buffer: dst=320,576, w=64,h=64, src=896,0
15:06:13.485 [FXGL Background Thread 1 ] DEBUG TilesetLoader        - Writing to buffer: dst=384,576, w=64,h=64, src=896,0
15:06:13.486 [FXGL Background Thread 1 ] DEBUG TilesetLoader        - Writing to buffer: dst=448,576, w=64,h=64, src=896,0
15:06:13.486 [FXGL Background Thread 1 ] DEBUG TilesetLoader        - Writing to buffer: dst=512,576, w=64,h=64, src=896,0
15:06:13.486 [FXGL Background Thread 1 ] DEBUG TilesetLoader        - Writing to buffer: dst=576,576, w=64,h=64, src=896,0
15:06:13.486 [FXGL Background Thread 1 ] DEBUG TilesetLoader        - Writing to buffer: dst=640,576, w=64,h=64, src=896,0
15:06:13.486 [FXGL Background Thread 1 ] DEBUG TilesetLoader        - Writing to buffer: dst=704,576, w=64,h=64, src=896,0
15:06:13.487 [FXGL Background Thread 1 ] DEBUG TilesetLoader        - Writing to buffer: dst=768,576, w=64,h=64, src=896,0
15:06:13.487 [FXGL Background Thread 1 ] DEBUG TilesetLoader        - Writing to buffer: dst=832,576, w=64,h=64, src=896,0
15:06:13.487 [FXGL Background Thread 1 ] DEBUG TilesetLoader        - Writing to buffer: dst=896,576, w=64,h=64, src=960,0
15:06:13.487 [FXGL Background Thread 1 ] DEBUG TilesetLoader        - Writing to buffer: dst=0,640, w=64,h=64, src=960,0
15:06:13.488 [FXGL Background Thread 1 ] DEBUG TilesetLoader        - Writing to buffer: dst=64,640, w=64,h=64, src=896,0
15:06:13.488 [FXGL Background Thread 1 ] DEBUG TilesetLoader        - Writing to buffer: dst=128,640, w=64,h=64, src=192,0
15:06:13.488 [FXGL Background Thread 1 ] DEBUG TilesetLoader        - Writing to buffer: dst=192,640, w=64,h=64, src=896,0
15:06:13.488 [FXGL Background Thread 1 ] DEBUG TilesetLoader        - Writing to buffer: dst=256,640, w=64,h=64, src=192,0
15:06:13.489 [FXGL Background Thread 1 ] DEBUG TilesetLoader        - Writing to buffer: dst=320,640, w=64,h=64, src=896,0
15:06:13.489 [FXGL Background Thread 1 ] DEBUG TilesetLoader        - Writing to buffer: dst=384,640, w=64,h=64, src=192,0
15:06:13.489 [FXGL Background Thread 1 ] DEBUG TilesetLoader        - Writing to buffer: dst=448,640, w=64,h=64, src=896,0
15:06:13.489 [FXGL Background Thread 1 ] DEBUG TilesetLoader        - Writing to buffer: dst=512,640, w=64,h=64, src=192,0
15:06:13.489 [FXGL Background Thread 1 ] DEBUG TilesetLoader        - Writing to buffer: dst=576,640, w=64,h=64, src=896,0
15:06:13.489 [FXGL Background Thread 1 ] DEBUG TilesetLoader        - Writing to buffer: dst=640,640, w=64,h=64, src=192,0
15:06:13.489 [FXGL Background Thread 1 ] DEBUG TilesetLoader        - Writing to buffer: dst=704,640, w=64,h=64, src=896,0
15:06:13.490 [FXGL Background Thread 1 ] DEBUG TilesetLoader        - Writing to buffer: dst=768,640, w=64,h=64, src=1024,0
15:06:13.490 [FXGL Background Thread 1 ] DEBUG TilesetLoader        - Writing to buffer: dst=832,640, w=64,h=64, src=896,0
15:06:13.490 [FXGL Background Thread 1 ] DEBUG TilesetLoader        - Writing to buffer: dst=896,640, w=64,h=64, src=960,0
15:06:13.490 [FXGL Background Thread 1 ] DEBUG TilesetLoader        - Writing to buffer: dst=0,704, w=64,h=64, src=960,0
15:06:13.490 [FXGL Background Thread 1 ] DEBUG TilesetLoader        - Writing to buffer: dst=64,704, w=64,h=64, src=896,0
15:06:13.491 [FXGL Background Thread 1 ] DEBUG TilesetLoader        - Writing to buffer: dst=128,704, w=64,h=64, src=896,0
15:06:13.491 [FXGL Background Thread 1 ] DEBUG TilesetLoader        - Writing to buffer: dst=192,704, w=64,h=64, src=896,0
15:06:13.491 [FXGL Background Thread 1 ] DEBUG TilesetLoader        - Writing to buffer: dst=256,704, w=64,h=64, src=896,0
15:06:13.491 [FXGL Background Thread 1 ] DEBUG TilesetLoader        - Writing to buffer: dst=320,704, w=64,h=64, src=896,0
15:06:13.491 [FXGL Background Thread 1 ] DEBUG TilesetLoader        - Writing to buffer: dst=384,704, w=64,h=64, src=896,0
15:06:13.491 [FXGL Background Thread 1 ] DEBUG TilesetLoader        - Writing to buffer: dst=448,704, w=64,h=64, src=896,0
15:06:13.491 [FXGL Background Thread 1 ] DEBUG TilesetLoader        - Writing to buffer: dst=512,704, w=64,h=64, src=896,0
15:06:13.492 [FXGL Background Thread 1 ] DEBUG TilesetLoader        - Writing to buffer: dst=576,704, w=64,h=64, src=896,0
15:06:13.492 [FXGL Background Thread 1 ] DEBUG TilesetLoader        - Writing to buffer: dst=640,704, w=64,h=64, src=896,0
15:06:13.492 [FXGL Background Thread 1 ] DEBUG TilesetLoader        - Writing to buffer: dst=704,704, w=64,h=64, src=896,0
15:06:13.492 [FXGL Background Thread 1 ] DEBUG TilesetLoader        - Writing to buffer: dst=768,704, w=64,h=64, src=896,0
15:06:13.492 [FXGL Background Thread 1 ] DEBUG TilesetLoader        - Writing to buffer: dst=832,704, w=64,h=64, src=896,0
15:06:13.492 [FXGL Background Thread 1 ] DEBUG TilesetLoader        - Writing to buffer: dst=896,704, w=64,h=64, src=960,0
15:06:13.493 [FXGL Background Thread 1 ] DEBUG TilesetLoader        - Writing to buffer: dst=0,768, w=64,h=64, src=960,0
15:06:13.493 [FXGL Background Thread 1 ] DEBUG TilesetLoader        - Writing to buffer: dst=64,768, w=64,h=64, src=960,0
15:06:13.493 [FXGL Background Thread 1 ] DEBUG TilesetLoader        - Writing to buffer: dst=128,768, w=64,h=64, src=960,0
15:06:13.493 [FXGL Background Thread 1 ] DEBUG TilesetLoader        - Writing to buffer: dst=192,768, w=64,h=64, src=960,0
15:06:13.494 [FXGL Background Thread 1 ] DEBUG TilesetLoader        - Writing to buffer: dst=256,768, w=64,h=64, src=960,0
15:06:13.494 [FXGL Background Thread 1 ] DEBUG TilesetLoader        - Writing to buffer: dst=320,768, w=64,h=64, src=960,0
15:06:13.494 [FXGL Background Thread 1 ] DEBUG TilesetLoader        - Writing to buffer: dst=384,768, w=64,h=64, src=960,0
15:06:13.494 [FXGL Background Thread 1 ] DEBUG TilesetLoader        - Writing to buffer: dst=448,768, w=64,h=64, src=960,0
15:06:13.494 [FXGL Background Thread 1 ] DEBUG TilesetLoader        - Writing to buffer: dst=512,768, w=64,h=64, src=960,0
15:06:13.495 [FXGL Background Thread 1 ] DEBUG TilesetLoader        - Writing to buffer: dst=576,768, w=64,h=64, src=960,0
15:06:13.495 [FXGL Background Thread 1 ] DEBUG TilesetLoader        - Writing to buffer: dst=640,768, w=64,h=64, src=960,0
15:06:13.495 [FXGL Background Thread 1 ] DEBUG TilesetLoader        - Writing to buffer: dst=704,768, w=64,h=64, src=960,0
15:06:13.495 [FXGL Background Thread 1 ] DEBUG TilesetLoader        - Writing to buffer: dst=768,768, w=64,h=64, src=960,0
15:06:13.495 [FXGL Background Thread 1 ] DEBUG TilesetLoader        - Writing to buffer: dst=832,768, w=64,h=64, src=960,0
15:06:13.496 [FXGL Background Thread 1 ] DEBUG TilesetLoader        - Writing to buffer: dst=896,768, w=64,h=64, src=960,0
15:06:13.496 [FXGL Background Thread 1 ] DEBUG TMXLevelLoader       - Creating object layer entities
15:06:13.525 [FXGL Background Thread 1 ] DEBUG GameWorld            - Clearing removable entities
15:06:13.525 [FXGL Background Thread 1 ] DEBUG GameWorld            - Setting level: com.almasb.fxgl.entity.level.Level@2d511633
15:06:13.536 [FXGL Background Thread 1 ] DEBUG FXGLAssetLoaderServi - Loading from file system: file:/C:/Users/stanm/Documents/SE-Challengeweek/target/classes/assets/textures/player_1_move_down.png
15:06:13.541 [FXGL Background Thread 1 ] INFO  FXGLApplication      - Game initialization took: 0,136 sec
15:06:13.574 [JavaFX Application Thread] DEBUG FXGLApplication      - Registering font factories with UI factory
15:06:13.631 [FXGL Background Thread 2 ] INFO  UpdaterService       - Your current version:  11.14
15:06:13.631 [FXGL Background Thread 2 ] INFO  UpdaterService       - Latest stable version: 17.1
15:06:13.701 [JavaFX Application Thread] DEBUG Input                - Clearing active input actions
15:06:13.707 [JavaFX Application Thread] DEBUG GameApplicationServi - Removing overlay from FXGLLoadingScene and adding to GameScene
15:06:13.710 [JavaFX Application Thread] DEBUG PrimaryStageWindow   - FXGLLoadingScene -> GameScene
15:06:13.715 [JavaFX Application Thread] DEBUG FXGLAssetLoaderServi - Loading from file system: file:/C:/Users/stanm/Documents/SE-Challengeweek/target/classes/assets/textures/player_1_idle_down.png
15:06:14.793 [JavaFX Application Thread] DEBUG FXGLAssetLoaderServi - Loading from file system: file:/C:/Users/stanm/Documents/SE-Challengeweek/target/classes/assets/textures/bomb-1.png
15:06:16.323 [FXGL Background Thread 3 ] DEBUG Engine               - Logging environment variables
15:06:16.324 [FXGL Background Thread 3 ] DEBUG Engine               - achievements: []
15:06:16.325 [FXGL Background Thread 3 ] DEBUG Engine               - actualHeight: 700.0
15:06:16.326 [FXGL Background Thread 3 ] DEBUG Engine               - actualHeightProperty: ReadOnlyDoubleProperty [value: 700.0]
15:06:16.326 [FXGL Background Thread 3 ] DEBUG Engine               - actualWidth: 1050.0
15:06:16.327 [FXGL Background Thread 3 ] DEBUG Engine               - actualWidthProperty: ReadOnlyDoubleProperty [value: 1050.0]
15:06:16.327 [FXGL Background Thread 3 ] DEBUG Engine               - appIcon: fxgl_icon.png
15:06:16.328 [FXGL Background Thread 3 ] DEBUG Engine               - applicationMode: DEVELOPER
15:06:16.329 [FXGL Background Thread 3 ] DEBUG Engine               - cSSList: [fxgl_dark.css]
15:06:16.329 [FXGL Background Thread 3 ] DEBUG Engine               - collisionDetectionStrategy: BRUTE_FORCE
15:06:16.330 [FXGL Background Thread 3 ] DEBUG Engine               - configClass: Optional.empty
15:06:16.330 [FXGL Background Thread 3 ] DEBUG Engine               - credits: []
15:06:16.331 [FXGL Background Thread 3 ] DEBUG Engine               - devBBoxColorProperty: ObjectProperty [value: 0xff0000ff]
15:06:16.332 [FXGL Background Thread 3 ] DEBUG Engine               - devEnableDebugCameraProperty: BooleanProperty [value: false]
15:06:16.333 [FXGL Background Thread 3 ] DEBUG Engine               - devSensorColorProperty: ObjectProperty [value: 0xffff00ff]
15:06:16.333 [FXGL Background Thread 3 ] DEBUG Engine               - devShowBBoxProperty: BooleanProperty [value: false]
15:06:16.333 [FXGL Background Thread 3 ] DEBUG Engine               - devShowPositionProperty: BooleanProperty [value: false]
15:06:16.334 [FXGL Background Thread 3 ] DEBUG Engine               - enabledMenuItems: []
15:06:16.334 [FXGL Background Thread 3 ] DEBUG Engine               - engineServices: [class com.almasb.fxgl.app.services.FXGLAssetLoaderService, class com.almasb.fxgl.app.FXGLApplication$GameApplicationService, class com.almasb.fxgl.app.services.FXGLDialogService, class com.almasb.fxgl.app.services.IOTaskExecutorService, class com.almasb.fxgl.event.EventBusService, class com.almasb.fxgl.io.FileSystemService, class com.almasb.fxgl.localization.LocalizationService, class com.almasb.fxgl.app.services.SystemBundleService, class com.almasb.fxgl.profile.SaveLoadService, class com.almasb.fxgl.ui.FXGLUIFactoryServiceProvider, class com.almasb.fxgl.ui.FXGLDialogFactoryServiceProvider, class com.almasb.fxgl.audio.AudioPlayer, class com.almasb.fxgl.notification.impl.NotificationServiceProvider, class com.almasb.fxgl.achievement.AchievementService, class com.almasb.fxgl.cutscene.CutsceneService, class com.almasb.fxgl.minigames.MiniGameService, class com.almasb.fxgl.net.NetService, class com.almasb.fxgl.app.services.UpdaterService, class com.almasb.fxgl.dev.DevService]
15:06:16.335 [FXGL Background Thread 3 ] DEBUG Engine               - fontGame: Abel-Regular.ttf
15:06:16.336 [FXGL Background Thread 3 ] DEBUG Engine               - fontMono: lucida_console.ttf
15:06:16.336 [FXGL Background Thread 3 ] DEBUG Engine               - fontText: Courier-Prime.ttf
15:06:16.337 [FXGL Background Thread 3 ] DEBUG Engine               - fontUI: VarelaRound-Regular.ttf
15:06:16.337 [FXGL Background Thread 3 ] DEBUG Engine               - fullScreen: BooleanProperty [value: false]
15:06:16.338 [FXGL Background Thread 3 ] DEBUG Engine               - gameDifficulty: MEDIUM
15:06:16.338 [FXGL Background Thread 3 ] DEBUG Engine               - gameDifficultyProperty: ObjectProperty [value: MEDIUM]
15:06:16.339 [FXGL Background Thread 3 ] DEBUG Engine               - globalMusicVolume: 0.5
15:06:16.340 [FXGL Background Thread 3 ] DEBUG Engine               - globalMusicVolumeProperty: DoubleProperty [value: 0.5]
15:06:16.340 [FXGL Background Thread 3 ] DEBUG Engine               - globalSoundVolume: 0.5
15:06:16.341 [FXGL Background Thread 3 ] DEBUG Engine               - globalSoundVolumeProperty: DoubleProperty [value: 0.5]
15:06:16.341 [FXGL Background Thread 3 ] DEBUG Engine               - height: 700
15:06:16.342 [FXGL Background Thread 3 ] DEBUG Engine               - isAndroid: false
15:06:16.342 [FXGL Background Thread 3 ] DEBUG Engine               - isBrowser: false
15:06:16.342 [FXGL Background Thread 3 ] DEBUG Engine               - isClickFeedbackEnabled: false
15:06:16.343 [FXGL Background Thread 3 ] DEBUG Engine               - isCloseConfirmation: false
15:06:16.343 [FXGL Background Thread 3 ] DEBUG Engine               - isDesktop: true
15:06:16.344 [FXGL Background Thread 3 ] DEBUG Engine               - isDeveloperMenuEnabled: true
15:06:16.344 [FXGL Background Thread 3 ] DEBUG Engine               - isEntityPreloadEnabled: true
15:06:16.344 [FXGL Background Thread 3 ] DEBUG Engine               - isExperimental3D: false
15:06:16.345 [FXGL Background Thread 3 ] DEBUG Engine               - isExperimentalNative: false
15:06:16.345 [FXGL Background Thread 3 ] DEBUG Engine               - isExperimentalTiledLargeMap: false
15:06:16.345 [FXGL Background Thread 3 ] DEBUG Engine               - isFileSystemWriteAllowed: true
15:06:16.347 [FXGL Background Thread 3 ] DEBUG Engine               - isFullScreenAllowed: false
15:06:16.347 [FXGL Background Thread 3 ] DEBUG Engine               - isFullScreenFromStart: false
15:06:16.347 [FXGL Background Thread 3 ] DEBUG Engine               - isGameMenuEnabled: true
15:06:16.348 [FXGL Background Thread 3 ] DEBUG Engine               - isIOS: false
15:06:16.348 [FXGL Background Thread 3 ] DEBUG Engine               - isIntroEnabled: false
15:06:16.348 [FXGL Background Thread 3 ] DEBUG Engine               - isLinux: false
15:06:16.349 [FXGL Background Thread 3 ] DEBUG Engine               - isMac: false
15:06:16.349 [FXGL Background Thread 3 ] DEBUG Engine               - isMainMenuEnabled: false
15:06:16.350 [FXGL Background Thread 3 ] DEBUG Engine               - isManualResizeEnabled: false
15:06:16.350 [FXGL Background Thread 3 ] DEBUG Engine               - isMobile: false
15:06:16.350 [FXGL Background Thread 3 ] DEBUG Engine               - isPreserveResizeRatio: false
15:06:16.351 [FXGL Background Thread 3 ] DEBUG Engine               - isProfilingEnabled: false
15:06:16.351 [FXGL Background Thread 3 ] DEBUG Engine               - isScaleAffectedOnResize: true
15:06:16.351 [FXGL Background Thread 3 ] DEBUG Engine               - isSingleStep: false
15:06:16.352 [FXGL Background Thread 3 ] DEBUG Engine               - isUserProfileEnabled: false
15:06:16.352 [FXGL Background Thread 3 ] DEBUG Engine               - isWindows: true
15:06:16.353 [FXGL Background Thread 3 ] DEBUG Engine               - language: ObjectProperty [value: ENGLISH]
15:06:16.354 [FXGL Background Thread 3 ] DEBUG Engine               - menuKey: ESCAPE
15:06:16.354 [FXGL Background Thread 3 ] DEBUG Engine               - notificationViewClass: class com.almasb.fxgl.notification.view.XboxNotificationView
15:06:16.354 [FXGL Background Thread 3 ] DEBUG Engine               - pixelsPerMeter: 50.0
15:06:16.355 [FXGL Background Thread 3 ] DEBUG Engine               - platform: WINDOWS
15:06:16.355 [FXGL Background Thread 3 ] DEBUG Engine               - prefHeightProperty: ReadOnlyDoubleProperty [value: 700.0]
15:06:16.356 [FXGL Background Thread 3 ] DEBUG Engine               - prefWidthProperty: ReadOnlyDoubleProperty [value: 1050.0]
15:06:16.356 [FXGL Background Thread 3 ] DEBUG Engine               - profileDir: profiles/
15:06:16.356 [FXGL Background Thread 3 ] DEBUG Engine               - profileName: StringProperty [value: DEFAULT]
15:06:16.357 [FXGL Background Thread 3 ] DEBUG Engine               - randomSeed: -1
15:06:16.357 [FXGL Background Thread 3 ] DEBUG Engine               - runtimeInfo: RuntimeInfo(platform=WINDOWS, version=11.14, build=01.03.2021 16.59)
15:06:16.358 [FXGL Background Thread 3 ] DEBUG Engine               - saveFileExt: sav
15:06:16.358 [FXGL Background Thread 3 ] DEBUG Engine               - scaledHeightProp$fxgl: DoubleProperty [bound, value: 700.0]
15:06:16.358 [FXGL Background Thread 3 ] DEBUG Engine               - scaledWidthProp$fxgl: DoubleProperty [bound, value: 1050.0]
15:06:16.359 [FXGL Background Thread 3 ] DEBUG Engine               - sceneFactory: com.almasb.fxgl.app.scene.SceneFactory@915e866
15:06:16.359 [FXGL Background Thread 3 ] DEBUG Engine               - secondsIn24h: 60
15:06:16.360 [FXGL Background Thread 3 ] DEBUG Engine               - soundMenuBack: menu/back.wav
15:06:16.360 [FXGL Background Thread 3 ] DEBUG Engine               - soundMenuPress: menu/press.wav
15:06:16.361 [FXGL Background Thread 3 ] DEBUG Engine               - soundMenuSelect: menu/select.wav
15:06:16.361 [FXGL Background Thread 3 ] DEBUG Engine               - soundNotification: core/notification.wav
15:06:16.361 [FXGL Background Thread 3 ] DEBUG Engine               - stageStyle: DECORATED
15:06:16.362 [FXGL Background Thread 3 ] DEBUG Engine               - supportedLanguages: [ENGLISH, FRENCH, GERMAN, HUNGARIAN, RUSSIAN]
15:06:16.362 [FXGL Background Thread 3 ] DEBUG Engine               - ticksPerSecond: -1
15:06:16.362 [FXGL Background Thread 3 ] DEBUG Engine               - title: Untitled
15:06:16.363 [FXGL Background Thread 3 ] DEBUG Engine               - urlGithub: https://github.com/AlmasB/FXGL
15:06:16.363 [FXGL Background Thread 3 ] DEBUG Engine               - urlLeaderboard: http://fxgl-top.herokuapp.com/
15:06:16.363 [FXGL Background Thread 3 ] DEBUG Engine               - urlPOM: https://raw.githubusercontent.com/AlmasB/FXGL/release/README.md
15:06:16.364 [FXGL Background Thread 3 ] DEBUG Engine               - userAppClass: class Game
15:06:16.364 [FXGL Background Thread 3 ] DEBUG Engine               - version: 0.0
15:06:16.364 [FXGL Background Thread 3 ] DEBUG Engine               - versionCheckDays: 7
15:06:16.365 [FXGL Background Thread 3 ] DEBUG Engine               - width: 1050
15:06:16.366 [FXGL Background Thread 3 ] DEBUG Engine               - Logging services
15:06:16.366 [FXGL Background Thread 3 ] DEBUG Engine               - class com.almasb.fxgl.app.services.FXGLAssetLoaderService
15:06:16.367 [FXGL Background Thread 3 ] DEBUG Engine               - class com.almasb.fxgl.app.FXGLApplication$GameApplicationService
15:06:16.367 [FXGL Background Thread 3 ] DEBUG Engine               - class com.almasb.fxgl.app.services.FXGLDialogService
15:06:16.368 [FXGL Background Thread 3 ] DEBUG Engine               - class com.almasb.fxgl.app.services.IOTaskExecutorService
15:06:16.368 [FXGL Background Thread 3 ] DEBUG Engine               - class com.almasb.fxgl.event.EventBusService
15:06:16.368 [FXGL Background Thread 3 ] DEBUG Engine               - class com.almasb.fxgl.io.FileSystemService
15:06:16.369 [FXGL Background Thread 3 ] DEBUG Engine               - class com.almasb.fxgl.localization.LocalizationService
15:06:16.369 [FXGL Background Thread 3 ] DEBUG Engine               - class com.almasb.fxgl.app.services.SystemBundleService
15:06:16.369 [FXGL Background Thread 3 ] DEBUG Engine               - class com.almasb.fxgl.profile.SaveLoadService
15:06:16.370 [FXGL Background Thread 3 ] DEBUG Engine               - class com.almasb.fxgl.ui.FXGLUIFactoryServiceProvider
15:06:16.370 [FXGL Background Thread 3 ] DEBUG Engine               - class com.almasb.fxgl.ui.FXGLDialogFactoryServiceProvider
15:06:16.371 [FXGL Background Thread 3 ] DEBUG Engine               - class com.almasb.fxgl.audio.AudioPlayer
15:06:16.371 [FXGL Background Thread 3 ] DEBUG Engine               - class com.almasb.fxgl.notification.impl.NotificationServiceProvider
15:06:16.371 [FXGL Background Thread 3 ] DEBUG Engine               - class com.almasb.fxgl.achievement.AchievementService
15:06:16.372 [FXGL Background Thread 3 ] DEBUG Engine               - class com.almasb.fxgl.cutscene.CutsceneService
15:06:16.372 [FXGL Background Thread 3 ] DEBUG Engine               - class com.almasb.fxgl.minigames.MiniGameService
15:06:16.373 [FXGL Background Thread 3 ] DEBUG Engine               - class com.almasb.fxgl.net.NetService
15:06:16.373 [FXGL Background Thread 3 ] DEBUG Engine               - class com.almasb.fxgl.app.services.UpdaterService
15:06:16.374 [FXGL Background Thread 3 ] DEBUG Engine               - class com.almasb.fxgl.dev.DevService
15:06:17.438 [JavaFX Application Thread] DEBUG FXGLAssetLoaderServi - Loading from file system: file:/C:/Users/stanm/Documents/SE-Challengeweek/target/classes/assets/textures/player_1_move_Up.png
15:06:17.727 [JavaFX Application Thread] DEBUG FXGLAssetLoaderServi - Loading from file system: file:/C:/Users/stanm/Documents/SE-Challengeweek/target/classes/assets/textures/player_1_move_right.png
15:06:17.982 [JavaFX Application Thread] DEBUG FXGLAssetLoaderServi - Loading from file system: file:/C:/Users/stanm/Documents/SE-Challengeweek/target/classes/assets/textures/bomb_explosion.png
15:06:17.989 [JavaFX Application Thread] DEBUG FXGLAssetLoaderServi - Loading from file system: file:/C:/Users/stanm/Documents/SE-Challengeweek/target/classes/assets/sounds/explode.wav
15:06:19.182 [JavaFX Application Thread] DEBUG FXGLAssetLoaderServi - Loading from file system: file:/C:/Users/stanm/Documents/SE-Challengeweek/target/classes/assets/textures/player_1_idle_right.png
15:06:20.987 [JavaFX Application Thread] DEBUG FXGLAssetLoaderServi - Loading from file system: file:/C:/Users/stanm/Documents/SE-Challengeweek/target/classes/assets/textures/player_1_idle_Up.png
15:06:21.795 [JavaFX Application Thread] DEBUG FXGLApplication      - Exiting FXGL
15:06:21.796 [JavaFX Application Thread] DEBUG LoopRunner           - Stopping loop
15:06:21.797 [JavaFX Application Thread] DEBUG SystemBundleService  - Saving FXGL system data
15:06:21.801 [JavaFX Application Thread] DEBUG FileSystemAccess     - Writing to: C:\Users\stanm\Documents\SE-Challengeweek\system\fxgl.bundle
15:06:21.805 [JavaFX Application Thread] DEBUG Async                - Shutting down background threads
15:06:21.805 [JavaFX Application Thread] DEBUG PrimaryStageWindow   - Closing main window
15:06:21.832 [JavaFX Application Thread] DEBUG Logger               - Closing Logger
