18:27:17.119 [main                     ] DEBUG Logger               - Configured Logger
18:27:17.146 [main                     ] DEBUG GameApplication      - Logging settings
Title: Bomberman
Version: 0.0
Width: 950
Height: 820
Fullscreen: false
Intro: false
Profiling: false
Single step:false
App Mode: DEVELOPER
Menu Key: ESCAPE
Stage Style: DECORATED
Scene Factory: class MenuFactory

18:27:17.883 [JavaFX Application Thread] DEBUG FXGLApplication      - Initializing FXGL
18:27:17.887 [JavaFX Application Thread] INFO  Engine               - FXGL-11.14 (01.03.2021 16.59) on WINDOWS (J:15.0.2 FX:15)
18:27:17.887 [JavaFX Application Thread] DEBUG Engine               - JRE Vendor Name: Amazon.com Inc.
18:27:17.888 [JavaFX Application Thread] DEBUG Engine               - Running on OS: Windows 10 version 10.0
18:27:17.888 [JavaFX Application Thread] DEBUG Engine               - Architecture: amd64
18:27:17.888 [JavaFX Application Thread] INFO  Engine               - Source code and latest versions at: https://github.com/AlmasB/FXGL
18:27:17.889 [JavaFX Application Thread] INFO  Engine               -              Join the FXGL chat at: https://gitter.im/AlmasB/FXGL
18:27:18.088 [JavaFX Application Thread] DEBUG PrimaryStageWindow   - Creating a JavaFX scene
18:27:18.234 [JavaFX Application Thread] DEBUG PrimaryStageWindow   - Target settings size: 950.0 x 820.0
18:27:18.235 [JavaFX Application Thread] DEBUG PrimaryStageWindow   - Scaled scene size:    950.0 x 820.0
18:27:18.236 [JavaFX Application Thread] DEBUG PrimaryStageWindow   - Scaled ratio: (1.0, 1.0)
18:27:18.239 [JavaFX Application Thread] DEBUG PrimaryStageWindow   - Set initial scene to FXGLStartupScene
18:27:18.259 [JavaFX Application Thread] DEBUG PrimaryStageWindow   - Opening main window
18:27:18.407 [JavaFX Application Thread] DEBUG PrimaryStageWindow   - Window border size: (16.0, 39.0)
18:27:18.408 [JavaFX Application Thread] DEBUG PrimaryStageWindow   - Scaled size: 950.0 x 820.0
18:27:18.408 [JavaFX Application Thread] DEBUG PrimaryStageWindow   - Scaled ratio: (1.0, 1.0)
18:27:18.409 [JavaFX Application Thread] DEBUG PrimaryStageWindow   - Scene size: 950.0 x 820.0
18:27:18.409 [JavaFX Application Thread] DEBUG PrimaryStageWindow   - Stage size: 966.0 x 859.0
18:27:18.426 [FXGL Background Thread 1 ] DEBUG Engine               - Initializing environment variables
18:27:18.507 [FXGL Background Thread 1 ] DEBUG FXGLAssetLoaderServi - User app class for loading assets: class Game
18:27:18.508 [FXGL Background Thread 1 ] DEBUG GameApplicationServi - Applying CSS: fxgl_dark.css
18:27:18.510 [FXGL Background Thread 1 ] DEBUG FXGLAssetLoaderServi - Loading from file system: jar:file:/C:/Users/0705s/.m2/repository/com/github/almasb/fxgl/11.14/fxgl-11.14.jar!/fxglassets/ui/css/fxgl_dark.css
18:27:18.596 [FXGL Background Thread 1 ] DEBUG GameApplicationServi - Initializing application scenes
18:27:18.664 [FXGL Background Thread 1 ] DEBUG GameWorld            - Game world initialized
18:27:18.788 [FXGL Background Thread 1 ] DEBUG PhysicsWorld         - Physics world initialized: appHeight=820, physics.ppm=50,0
18:27:18.788 [FXGL Background Thread 1 ] DEBUG PhysicsWorld         - Using strategy: BRUTE_FORCE
18:27:18.792 [FXGL Background Thread 1 ] DEBUG GameScene            - Game scene initialized: 950x820
18:27:19.019 [FXGL Background Thread 1 ] DEBUG FXGLAssetLoaderServi - Loading from file system: jar:file:/C:/Users/0705s/.m2/repository/com/github/almasb/fxgl/11.14/fxgl-11.14.jar!/fxglassets/textures/particles/trace_horizontal.png
18:27:19.048 [FXGL Background Thread 1 ] DEBUG FXGL.DefaultMenu     - createMenuBodyGameMenu()
18:27:19.063 [FXGL Background Thread 1 ] DEBUG FXGL.DefaultMenu     - createOptionsMenu()
18:27:19.070 [FXGL Background Thread 1 ] DEBUG FXGLAssetLoaderServi - Loading from file system: jar:file:/C:/Users/0705s/.m2/repository/com/github/almasb/fxgl/11.14/fxgl-11.14.jar!/fxglassets/textures/particles/smoke.png
18:27:19.147 [FXGL Background Thread 1 ] DEBUG GameApplicationServi - Application scenes initialized
18:27:19.166 [FXGL Background Thread 1 ] DEBUG SystemBundleService  - Loading FXGL system data
18:27:19.172 [FXGL Background Thread 1 ] DEBUG FileSystemAccess     - Reading from: C:\Users\0705s\OneDrive\Desktop\SE-Challengeweek\system\fxgl.bundle
18:27:19.184 [FXGL Background Thread 1 ] DEBUG SystemBundleService  - Bundle FXGL: {}
18:27:19.185 [FXGL Background Thread 1 ] DEBUG UpdaterService       - Checking for updates
18:27:19.234 [FXGL Background Thread 4 ] DEBUG FXGLApplication      - Loading fonts
18:27:19.234 [FXGL Background Thread 1 ] DEBUG FXGLApplication      - Loading default localization
18:27:19.235 [FXGL Background Thread 4 ] DEBUG FXGLAssetLoaderServi - Loading from file system: jar:file:/C:/Users/0705s/.m2/repository/com/github/almasb/fxgl/11.14/fxgl-11.14.jar!/fxglassets/ui/fonts/VarelaRound-Regular.ttf
18:27:19.235 [FXGL Background Thread 1 ] DEBUG FXGLAssetLoaderServi - Loading from file system: jar:file:/C:/Users/0705s/.m2/repository/com/github/almasb/fxgl/11.14/fxgl-11.14.jar!/fxglassets/languages/english.lang
18:27:19.263 [FXGL Background Thread 1 ] INFO  FXGLApplication      - FXGL initialization took: 0,837 sec
18:27:19.292 [JavaFX Application Thread] DEBUG Input                - Registered new binding: up - W
18:27:19.292 [JavaFX Application Thread] DEBUG Input                - Registered new binding: up2 - Up
18:27:19.293 [JavaFX Application Thread] DEBUG Input                - Registered new binding: down - S
18:27:19.293 [JavaFX Application Thread] DEBUG Input                - Registered new binding: down2 - Down
18:27:19.294 [JavaFX Application Thread] DEBUG Input                - Registered new binding: left - A
18:27:19.294 [JavaFX Application Thread] DEBUG Input                - Registered new binding: left2 - Left
18:27:19.295 [JavaFX Application Thread] DEBUG Input                - Registered new binding: right - D
18:27:19.296 [JavaFX Application Thread] DEBUG Input                - Registered new binding: right2 - Right
18:27:19.296 [JavaFX Application Thread] DEBUG Input                - Registered new binding: Place Bomb - Space
18:27:19.297 [JavaFX Application Thread] DEBUG Input                - Registered new binding: Place Bomb2 - Enter
18:27:19.299 [JavaFX Application Thread] DEBUG FXGLAssetLoaderServi - Loading from file system: jar:file:/C:/Users/0705s/.m2/repository/com/github/almasb/fxgl/11.14/fxgl-11.14.jar!/fxglassets/textures/fxgl_icon.png
18:27:19.337 [JavaFX Application Thread] DEBUG FXGLAssetLoaderServi - Loading from file system: jar:file:/C:/Users/0705s/.m2/repository/com/github/almasb/fxgl/11.14/fxgl-11.14.jar!/fxglassets/ui/cursors/fxgl_default.png
18:27:19.342 [JavaFX Application Thread] DEBUG Input                - Registered new binding: Screenshot - P
18:27:19.344 [JavaFX Application Thread] DEBUG Input                - Registered new binding: Dev Options - 1
18:27:19.346 [JavaFX Application Thread] DEBUG Input                - Registered new binding: Dev Console - 2
18:27:19.348 [JavaFX Application Thread] DEBUG Input                - Registered new binding: System info dump - CTRL+9
18:27:19.349 [JavaFX Application Thread] DEBUG Input                - Registered new binding: Restart - CTRL+R
18:27:19.352 [JavaFX Application Thread] DEBUG Input                - Registered new binding: Toggle Debug Camera - CTRL+C
18:27:19.359 [JavaFX Application Thread] DEBUG LoopRunner           - Starting loop
18:27:19.361 [FXGL Background Thread 4 ] DEBUG FXGLAssetLoaderServi - Loading from file system: jar:file:/C:/Users/0705s/.m2/repository/com/github/almasb/fxgl/11.14/fxgl-11.14.jar!/fxglassets/ui/fonts/Abel-Regular.ttf
18:27:19.391 [JavaFX Application Thread] DEBUG LoopRunner           - Initializing JavaFX AnimationTimerLoop
18:27:19.398 [JavaFX Application Thread] DEBUG Input                - Clearing active input actions
18:27:19.400 [FXGL Background Thread 4 ] DEBUG FXGLAssetLoaderServi - Loading from file system: jar:file:/C:/Users/0705s/.m2/repository/com/github/almasb/fxgl/11.14/fxgl-11.14.jar!/fxglassets/ui/fonts/lucida_console.ttf
18:27:19.412 [FXGL Background Thread 4 ] DEBUG FXGLAssetLoaderServi - Loading from file system: jar:file:/C:/Users/0705s/.m2/repository/com/github/almasb/fxgl/11.14/fxgl-11.14.jar!/fxglassets/ui/fonts/Courier-Prime.ttf
18:27:19.416 [JavaFX Application Thread] DEBUG GameApplicationServi - Removing overlay from FXGLStartupScene and adding to FXGLMainMenuDummyScene
18:27:19.428 [JavaFX Application Thread] DEBUG PrimaryStageWindow   - FXGLStartupScene -> FXGLMainMenuDummyScene
18:27:19.429 [JavaFX Application Thread] DEBUG PrimaryStageWindow   - Push state: StartMenu
18:27:19.430 [JavaFX Application Thread] DEBUG Input                - Clearing active input actions
18:27:19.445 [JavaFX Application Thread] DEBUG GameApplicationServi - Removing overlay from FXGLMainMenuDummyScene and adding to StartMenu
18:27:19.446 [JavaFX Application Thread] DEBUG PrimaryStageWindow   - FXGLMainMenuDummyScene -> StartMenu
18:27:19.806 [JavaFX Application Thread] DEBUG FXGLApplication      - Registering font factories with UI factory
18:27:19.900 [FXGL Background Thread 2 ] INFO  UpdaterService       - Your current version:  11.14
18:27:19.901 [FXGL Background Thread 2 ] INFO  UpdaterService       - Latest stable version: 17.1
18:27:21.897 [JavaFX Application Thread] DEBUG Menu                 - fireNewGame()
18:27:21.898 [JavaFX Application Thread] DEBUG GameApplicationServi - Starting new game
18:27:21.898 [JavaFX Application Thread] DEBUG PrimaryStageWindow   - Pop state: StartMenu
18:27:21.898 [JavaFX Application Thread] DEBUG Input                - Clearing active input actions
18:27:21.900 [JavaFX Application Thread] DEBUG GameApplicationServi - Removing overlay from StartMenu and adding to FXGLMainMenuDummyScene
18:27:21.902 [JavaFX Application Thread] DEBUG PrimaryStageWindow   - FXGLMainMenuDummyScene <- StartMenu
18:27:21.903 [JavaFX Application Thread] DEBUG Input                - Clearing active input actions
18:27:21.915 [JavaFX Application Thread] DEBUG GameApplicationServi - Removing overlay from FXGLMainMenuDummyScene and adding to FXGLLoadingScene
18:27:21.916 [JavaFX Application Thread] DEBUG PrimaryStageWindow   - FXGLMainMenuDummyScene -> FXGLLoadingScene
18:27:21.916 [JavaFX Application Thread] DEBUG GameApplicationServi - Clearing previous game
18:27:21.917 [JavaFX Application Thread] DEBUG GameScene            - Clearing game scene
18:27:21.917 [JavaFX Application Thread] DEBUG GameWorld            - Clearing game world
18:27:21.918 [JavaFX Application Thread] DEBUG PhysicsWorld         - Clearing physics world
18:27:21.920 [FXGL Background Thread 2 ] DEBUG FXGLApplication      - Initializing game
18:27:21.982 [FXGL Background Thread 2 ] WARN  TMXLevelLoader       - TiledMap generated from 1.8.4. Supported version: 1.2.3. Some features may not be parsed fully.
18:27:22.006 [FXGL Background Thread 2 ] DEBUG TMXLevelLoader       - Parsed raw map: TiledMap(width=15, height=13, tilewidth=64, tileheight=64, orientation=orthogonal, layers=[Layer(width=15, height=13, name=Tile Layer 1, type=tilelayer, visible=false, x=0, y=0, data=[1, 1, 1, 1, 1, 1, 1, 1, 1, 1, 1, 1, 1, 1, 1, 1, 5, 5, 5, 5, 5, 5, 5, 5, 5, 5, 5, 5, 5, 1, 1, 5, 4, 5, 4, 5, 4, 5, 4, 5, 4, 5, 4, 5, 1, 1, 5, 5, 5, 5, 5, 5, 5, 5, 5, 5, 5, 5, 5, 1, 1, 5, 4, 5, 4, 5, 4, 5, 4, 5, 4, 5, 4, 5, 1, 1, 5, 5, 5, 5, 5, 5, 5, 5, 5, 5, 5, 5, 5, 1, 1, 5, 4, 5, 4, 5, 4, 5, 4, 5, 4, 5, 4, 5, 1, 1, 5, 5, 5, 5, 5, 5, 5, 5, 5, 5, 5, 5, 5, 1, 1, 5, 4, 5, 4, 5, 4, 5, 4, 5, 4, 5, 4, 5, 1, 1, 5, 5, 5, 5, 5, 5, 5, 5, 5, 5, 5, 5, 5, 1, 1, 5, 4, 5, 4, 5, 4, 5, 4, 5, 4, 5, 4, 5, 1, 1, 5, 5, 5, 5, 5, 5, 5, 5, 5, 5, 5, 5, 5, 1, 1, 1, 1, 1, 1, 1, 1, 1, 1, 1, 1, 1, 1, 1, 1], objects=[], opacity=0.0, draworder=), Layer(width=0, height=0, name=Object Layer 1, type=objectgroup, visible=false, x=0, y=0, data=[], objects=[com.almasb.fxgl.entity.level.tiled.TiledObject@40f91ca2, com.almasb.fxgl.entity.level.tiled.TiledObject@26976f74, com.almasb.fxgl.entity.level.tiled.TiledObject@72ffd8d7, com.almasb.fxgl.entity.level.tiled.TiledObject@17914c14, com.almasb.fxgl.entity.level.tiled.TiledObject@1f054e48, com.almasb.fxgl.entity.level.tiled.TiledObject@2f46e13, com.almasb.fxgl.entity.level.tiled.TiledObject@e4137fa, com.almasb.fxgl.entity.level.tiled.TiledObject@13ad3bca, com.almasb.fxgl.entity.level.tiled.TiledObject@26ef50f9, com.almasb.fxgl.entity.level.tiled.TiledObject@7ca36c1, com.almasb.fxgl.entity.level.tiled.TiledObject@b32f25, com.almasb.fxgl.entity.level.tiled.TiledObject@7a3a2792, com.almasb.fxgl.entity.level.tiled.TiledObject@268ed8b4, com.almasb.fxgl.entity.level.tiled.TiledObject@70a48e9a, com.almasb.fxgl.entity.level.tiled.TiledObject@69775dac, com.almasb.fxgl.entity.level.tiled.TiledObject@42daf1a7, com.almasb.fxgl.entity.level.tiled.TiledObject@1241ca30, com.almasb.fxgl.entity.level.tiled.TiledObject@464556bc, com.almasb.fxgl.entity.level.tiled.TiledObject@158cf9e5, com.almasb.fxgl.entity.level.tiled.TiledObject@4e653a, com.almasb.fxgl.entity.level.tiled.TiledObject@1cc22f49, com.almasb.fxgl.entity.level.tiled.TiledObject@705e6adb, com.almasb.fxgl.entity.level.tiled.TiledObject@26ff6e4, com.almasb.fxgl.entity.level.tiled.TiledObject@71fb2426, com.almasb.fxgl.entity.level.tiled.TiledObject@7c4ee537, com.almasb.fxgl.entity.level.tiled.TiledObject@7fc540d7, com.almasb.fxgl.entity.level.tiled.TiledObject@260411d, com.almasb.fxgl.entity.level.tiled.TiledObject@2a928f63, com.almasb.fxgl.entity.level.tiled.TiledObject@217eb05b, com.almasb.fxgl.entity.level.tiled.TiledObject@74e89f5b, com.almasb.fxgl.entity.level.tiled.TiledObject@74804072, com.almasb.fxgl.entity.level.tiled.TiledObject@4ad72016, com.almasb.fxgl.entity.level.tiled.TiledObject@1e7fbd7f, com.almasb.fxgl.entity.level.tiled.TiledObject@2eddebac], opacity=0.0, draworder=)], tilesets=[Tileset(firstgid=1, image=spritesheet(1).png, name=spritesheet(1), tilewidth=64, tileheight=64, imagewidth=1472, imageheight=64, margin=0, spacing=0, columns=23, tilecount=23, transparentcolor=, tiles=[])], backgroundcolor=, renderorder=right-down, nextobjectid=139, version=1, tiledversion=1.8.4, type=map, infinite=false, hexsidelength=0, staggeraxis=, staggerindex=, properties={}, propertytypes={})
18:27:22.009 [FXGL Background Thread 2 ] DEBUG TMXLevelLoader       - Creating tile layer entities
18:27:22.011 [FXGL Background Thread 2 ] DEBUG TilesetLoader        - Loading view for layer Tile Layer 1
18:27:22.015 [FXGL Background Thread 2 ] DEBUG TilesetLoader        - Created buffer with size 960.0x832.0
18:27:22.022 [FXGL Background Thread 2 ] DEBUG TilesetLoader        - Writing to buffer: dst=0,0, w=64,h=64, src=0,0
18:27:22.023 [FXGL Background Thread 2 ] DEBUG TilesetLoader        - Writing to buffer: dst=64,0, w=64,h=64, src=0,0
18:27:22.024 [FXGL Background Thread 2 ] DEBUG TilesetLoader        - Writing to buffer: dst=128,0, w=64,h=64, src=0,0
18:27:22.025 [FXGL Background Thread 2 ] DEBUG TilesetLoader        - Writing to buffer: dst=192,0, w=64,h=64, src=0,0
18:27:22.025 [FXGL Background Thread 2 ] DEBUG TilesetLoader        - Writing to buffer: dst=256,0, w=64,h=64, src=0,0
18:27:22.026 [FXGL Background Thread 2 ] DEBUG TilesetLoader        - Writing to buffer: dst=320,0, w=64,h=64, src=0,0
18:27:22.027 [FXGL Background Thread 2 ] DEBUG TilesetLoader        - Writing to buffer: dst=384,0, w=64,h=64, src=0,0
18:27:22.028 [FXGL Background Thread 2 ] DEBUG TilesetLoader        - Writing to buffer: dst=448,0, w=64,h=64, src=0,0
18:27:22.028 [FXGL Background Thread 2 ] DEBUG TilesetLoader        - Writing to buffer: dst=512,0, w=64,h=64, src=0,0
18:27:22.029 [FXGL Background Thread 2 ] DEBUG TilesetLoader        - Writing to buffer: dst=576,0, w=64,h=64, src=0,0
18:27:22.030 [FXGL Background Thread 2 ] DEBUG TilesetLoader        - Writing to buffer: dst=640,0, w=64,h=64, src=0,0
18:27:22.031 [FXGL Background Thread 2 ] DEBUG TilesetLoader        - Writing to buffer: dst=704,0, w=64,h=64, src=0,0
18:27:22.033 [FXGL Background Thread 2 ] DEBUG TilesetLoader        - Writing to buffer: dst=768,0, w=64,h=64, src=0,0
18:27:22.033 [FXGL Background Thread 2 ] DEBUG TilesetLoader        - Writing to buffer: dst=832,0, w=64,h=64, src=0,0
18:27:22.034 [FXGL Background Thread 2 ] DEBUG TilesetLoader        - Writing to buffer: dst=896,0, w=64,h=64, src=0,0
18:27:22.035 [FXGL Background Thread 2 ] DEBUG TilesetLoader        - Writing to buffer: dst=0,64, w=64,h=64, src=0,0
18:27:22.035 [FXGL Background Thread 2 ] DEBUG TilesetLoader        - Writing to buffer: dst=64,64, w=64,h=64, src=256,0
18:27:22.036 [FXGL Background Thread 2 ] DEBUG TilesetLoader        - Writing to buffer: dst=128,64, w=64,h=64, src=256,0
18:27:22.036 [FXGL Background Thread 2 ] DEBUG TilesetLoader        - Writing to buffer: dst=192,64, w=64,h=64, src=256,0
18:27:22.037 [FXGL Background Thread 2 ] DEBUG TilesetLoader        - Writing to buffer: dst=256,64, w=64,h=64, src=256,0
18:27:22.038 [FXGL Background Thread 2 ] DEBUG TilesetLoader        - Writing to buffer: dst=320,64, w=64,h=64, src=256,0
18:27:22.039 [FXGL Background Thread 2 ] DEBUG TilesetLoader        - Writing to buffer: dst=384,64, w=64,h=64, src=256,0
18:27:22.039 [FXGL Background Thread 2 ] DEBUG TilesetLoader        - Writing to buffer: dst=448,64, w=64,h=64, src=256,0
18:27:22.040 [FXGL Background Thread 2 ] DEBUG TilesetLoader        - Writing to buffer: dst=512,64, w=64,h=64, src=256,0
18:27:22.041 [FXGL Background Thread 2 ] DEBUG TilesetLoader        - Writing to buffer: dst=576,64, w=64,h=64, src=256,0
18:27:22.042 [FXGL Background Thread 2 ] DEBUG TilesetLoader        - Writing to buffer: dst=640,64, w=64,h=64, src=256,0
18:27:22.043 [FXGL Background Thread 2 ] DEBUG TilesetLoader        - Writing to buffer: dst=704,64, w=64,h=64, src=256,0
18:27:22.043 [FXGL Background Thread 2 ] DEBUG TilesetLoader        - Writing to buffer: dst=768,64, w=64,h=64, src=256,0
18:27:22.044 [FXGL Background Thread 2 ] DEBUG TilesetLoader        - Writing to buffer: dst=832,64, w=64,h=64, src=256,0
18:27:22.045 [FXGL Background Thread 2 ] DEBUG TilesetLoader        - Writing to buffer: dst=896,64, w=64,h=64, src=0,0
18:27:22.046 [FXGL Background Thread 2 ] DEBUG TilesetLoader        - Writing to buffer: dst=0,128, w=64,h=64, src=0,0
18:27:22.046 [FXGL Background Thread 2 ] DEBUG TilesetLoader        - Writing to buffer: dst=64,128, w=64,h=64, src=256,0
18:27:22.047 [FXGL Background Thread 2 ] DEBUG TilesetLoader        - Writing to buffer: dst=128,128, w=64,h=64, src=192,0
18:27:22.047 [FXGL Background Thread 2 ] DEBUG TilesetLoader        - Writing to buffer: dst=192,128, w=64,h=64, src=256,0
18:27:22.048 [FXGL Background Thread 2 ] DEBUG TilesetLoader        - Writing to buffer: dst=256,128, w=64,h=64, src=192,0
18:27:22.048 [FXGL Background Thread 2 ] DEBUG TilesetLoader        - Writing to buffer: dst=320,128, w=64,h=64, src=256,0
18:27:22.049 [FXGL Background Thread 2 ] DEBUG TilesetLoader        - Writing to buffer: dst=384,128, w=64,h=64, src=192,0
18:27:22.050 [FXGL Background Thread 2 ] DEBUG TilesetLoader        - Writing to buffer: dst=448,128, w=64,h=64, src=256,0
18:27:22.050 [FXGL Background Thread 2 ] DEBUG TilesetLoader        - Writing to buffer: dst=512,128, w=64,h=64, src=192,0
18:27:22.051 [FXGL Background Thread 2 ] DEBUG TilesetLoader        - Writing to buffer: dst=576,128, w=64,h=64, src=256,0
18:27:22.051 [FXGL Background Thread 2 ] DEBUG TilesetLoader        - Writing to buffer: dst=640,128, w=64,h=64, src=192,0
18:27:22.052 [FXGL Background Thread 2 ] DEBUG TilesetLoader        - Writing to buffer: dst=704,128, w=64,h=64, src=256,0
18:27:22.053 [FXGL Background Thread 2 ] DEBUG TilesetLoader        - Writing to buffer: dst=768,128, w=64,h=64, src=192,0
18:27:22.053 [FXGL Background Thread 2 ] DEBUG TilesetLoader        - Writing to buffer: dst=832,128, w=64,h=64, src=256,0
18:27:22.054 [FXGL Background Thread 2 ] DEBUG TilesetLoader        - Writing to buffer: dst=896,128, w=64,h=64, src=0,0
18:27:22.055 [FXGL Background Thread 2 ] DEBUG TilesetLoader        - Writing to buffer: dst=0,192, w=64,h=64, src=0,0
18:27:22.055 [FXGL Background Thread 2 ] DEBUG TilesetLoader        - Writing to buffer: dst=64,192, w=64,h=64, src=256,0
18:27:22.055 [FXGL Background Thread 2 ] DEBUG TilesetLoader        - Writing to buffer: dst=128,192, w=64,h=64, src=256,0
18:27:22.055 [FXGL Background Thread 2 ] DEBUG TilesetLoader        - Writing to buffer: dst=192,192, w=64,h=64, src=256,0
18:27:22.056 [FXGL Background Thread 2 ] DEBUG TilesetLoader        - Writing to buffer: dst=256,192, w=64,h=64, src=256,0
18:27:22.056 [FXGL Background Thread 2 ] DEBUG TilesetLoader        - Writing to buffer: dst=320,192, w=64,h=64, src=256,0
18:27:22.057 [FXGL Background Thread 2 ] DEBUG TilesetLoader        - Writing to buffer: dst=384,192, w=64,h=64, src=256,0
18:27:22.057 [FXGL Background Thread 2 ] DEBUG TilesetLoader        - Writing to buffer: dst=448,192, w=64,h=64, src=256,0
18:27:22.058 [FXGL Background Thread 2 ] DEBUG TilesetLoader        - Writing to buffer: dst=512,192, w=64,h=64, src=256,0
18:27:22.058 [FXGL Background Thread 2 ] DEBUG TilesetLoader        - Writing to buffer: dst=576,192, w=64,h=64, src=256,0
18:27:22.059 [FXGL Background Thread 2 ] DEBUG TilesetLoader        - Writing to buffer: dst=640,192, w=64,h=64, src=256,0
18:27:22.059 [FXGL Background Thread 2 ] DEBUG TilesetLoader        - Writing to buffer: dst=704,192, w=64,h=64, src=256,0
18:27:22.060 [FXGL Background Thread 2 ] DEBUG TilesetLoader        - Writing to buffer: dst=768,192, w=64,h=64, src=256,0
18:27:22.060 [FXGL Background Thread 2 ] DEBUG TilesetLoader        - Writing to buffer: dst=832,192, w=64,h=64, src=256,0
18:27:22.061 [FXGL Background Thread 2 ] DEBUG TilesetLoader        - Writing to buffer: dst=896,192, w=64,h=64, src=0,0
18:27:22.062 [FXGL Background Thread 2 ] DEBUG TilesetLoader        - Writing to buffer: dst=0,256, w=64,h=64, src=0,0
18:27:22.062 [FXGL Background Thread 2 ] DEBUG TilesetLoader        - Writing to buffer: dst=64,256, w=64,h=64, src=256,0
18:27:22.063 [FXGL Background Thread 2 ] DEBUG TilesetLoader        - Writing to buffer: dst=128,256, w=64,h=64, src=192,0
18:27:22.063 [FXGL Background Thread 2 ] DEBUG TilesetLoader        - Writing to buffer: dst=192,256, w=64,h=64, src=256,0
18:27:22.063 [FXGL Background Thread 2 ] DEBUG TilesetLoader        - Writing to buffer: dst=256,256, w=64,h=64, src=192,0
18:27:22.064 [FXGL Background Thread 2 ] DEBUG TilesetLoader        - Writing to buffer: dst=320,256, w=64,h=64, src=256,0
18:27:22.064 [FXGL Background Thread 2 ] DEBUG TilesetLoader        - Writing to buffer: dst=384,256, w=64,h=64, src=192,0
18:27:22.065 [FXGL Background Thread 2 ] DEBUG TilesetLoader        - Writing to buffer: dst=448,256, w=64,h=64, src=256,0
18:27:22.065 [FXGL Background Thread 2 ] DEBUG TilesetLoader        - Writing to buffer: dst=512,256, w=64,h=64, src=192,0
18:27:22.066 [FXGL Background Thread 2 ] DEBUG TilesetLoader        - Writing to buffer: dst=576,256, w=64,h=64, src=256,0
18:27:22.066 [FXGL Background Thread 2 ] DEBUG TilesetLoader        - Writing to buffer: dst=640,256, w=64,h=64, src=192,0
18:27:22.067 [FXGL Background Thread 2 ] DEBUG TilesetLoader        - Writing to buffer: dst=704,256, w=64,h=64, src=256,0
18:27:22.067 [FXGL Background Thread 2 ] DEBUG TilesetLoader        - Writing to buffer: dst=768,256, w=64,h=64, src=192,0
18:27:22.068 [FXGL Background Thread 2 ] DEBUG TilesetLoader        - Writing to buffer: dst=832,256, w=64,h=64, src=256,0
18:27:22.069 [FXGL Background Thread 2 ] DEBUG TilesetLoader        - Writing to buffer: dst=896,256, w=64,h=64, src=0,0
18:27:22.069 [FXGL Background Thread 2 ] DEBUG TilesetLoader        - Writing to buffer: dst=0,320, w=64,h=64, src=0,0
18:27:22.070 [FXGL Background Thread 2 ] DEBUG TilesetLoader        - Writing to buffer: dst=64,320, w=64,h=64, src=256,0
18:27:22.071 [FXGL Background Thread 2 ] DEBUG TilesetLoader        - Writing to buffer: dst=128,320, w=64,h=64, src=256,0
18:27:22.072 [FXGL Background Thread 2 ] DEBUG TilesetLoader        - Writing to buffer: dst=192,320, w=64,h=64, src=256,0
18:27:22.072 [FXGL Background Thread 2 ] DEBUG TilesetLoader        - Writing to buffer: dst=256,320, w=64,h=64, src=256,0
18:27:22.073 [FXGL Background Thread 2 ] DEBUG TilesetLoader        - Writing to buffer: dst=320,320, w=64,h=64, src=256,0
18:27:22.073 [FXGL Background Thread 2 ] DEBUG TilesetLoader        - Writing to buffer: dst=384,320, w=64,h=64, src=256,0
18:27:22.074 [FXGL Background Thread 2 ] DEBUG TilesetLoader        - Writing to buffer: dst=448,320, w=64,h=64, src=256,0
18:27:22.074 [FXGL Background Thread 2 ] DEBUG TilesetLoader        - Writing to buffer: dst=512,320, w=64,h=64, src=256,0
18:27:22.075 [FXGL Background Thread 2 ] DEBUG TilesetLoader        - Writing to buffer: dst=576,320, w=64,h=64, src=256,0
18:27:22.075 [FXGL Background Thread 2 ] DEBUG TilesetLoader        - Writing to buffer: dst=640,320, w=64,h=64, src=256,0
18:27:22.076 [FXGL Background Thread 2 ] DEBUG TilesetLoader        - Writing to buffer: dst=704,320, w=64,h=64, src=256,0
18:27:22.076 [FXGL Background Thread 2 ] DEBUG TilesetLoader        - Writing to buffer: dst=768,320, w=64,h=64, src=256,0
18:27:22.077 [FXGL Background Thread 2 ] DEBUG TilesetLoader        - Writing to buffer: dst=832,320, w=64,h=64, src=256,0
18:27:22.077 [FXGL Background Thread 2 ] DEBUG TilesetLoader        - Writing to buffer: dst=896,320, w=64,h=64, src=0,0
18:27:22.078 [FXGL Background Thread 2 ] DEBUG TilesetLoader        - Writing to buffer: dst=0,384, w=64,h=64, src=0,0
18:27:22.079 [FXGL Background Thread 2 ] DEBUG TilesetLoader        - Writing to buffer: dst=64,384, w=64,h=64, src=256,0
18:27:22.079 [FXGL Background Thread 2 ] DEBUG TilesetLoader        - Writing to buffer: dst=128,384, w=64,h=64, src=192,0
18:27:22.080 [FXGL Background Thread 2 ] DEBUG TilesetLoader        - Writing to buffer: dst=192,384, w=64,h=64, src=256,0
18:27:22.080 [FXGL Background Thread 2 ] DEBUG TilesetLoader        - Writing to buffer: dst=256,384, w=64,h=64, src=192,0
18:27:22.081 [FXGL Background Thread 2 ] DEBUG TilesetLoader        - Writing to buffer: dst=320,384, w=64,h=64, src=256,0
18:27:22.081 [FXGL Background Thread 2 ] DEBUG TilesetLoader        - Writing to buffer: dst=384,384, w=64,h=64, src=192,0
18:27:22.082 [FXGL Background Thread 2 ] DEBUG TilesetLoader        - Writing to buffer: dst=448,384, w=64,h=64, src=256,0
18:27:22.083 [FXGL Background Thread 2 ] DEBUG TilesetLoader        - Writing to buffer: dst=512,384, w=64,h=64, src=192,0
18:27:22.083 [FXGL Background Thread 2 ] DEBUG TilesetLoader        - Writing to buffer: dst=576,384, w=64,h=64, src=256,0
18:27:22.084 [FXGL Background Thread 2 ] DEBUG TilesetLoader        - Writing to buffer: dst=640,384, w=64,h=64, src=192,0
18:27:22.084 [FXGL Background Thread 2 ] DEBUG TilesetLoader        - Writing to buffer: dst=704,384, w=64,h=64, src=256,0
18:27:22.085 [FXGL Background Thread 2 ] DEBUG TilesetLoader        - Writing to buffer: dst=768,384, w=64,h=64, src=192,0
18:27:22.085 [FXGL Background Thread 2 ] DEBUG TilesetLoader        - Writing to buffer: dst=832,384, w=64,h=64, src=256,0
18:27:22.086 [FXGL Background Thread 2 ] DEBUG TilesetLoader        - Writing to buffer: dst=896,384, w=64,h=64, src=0,0
18:27:22.086 [FXGL Background Thread 2 ] DEBUG TilesetLoader        - Writing to buffer: dst=0,448, w=64,h=64, src=0,0
18:27:22.087 [FXGL Background Thread 2 ] DEBUG TilesetLoader        - Writing to buffer: dst=64,448, w=64,h=64, src=256,0
18:27:22.087 [FXGL Background Thread 2 ] DEBUG TilesetLoader        - Writing to buffer: dst=128,448, w=64,h=64, src=256,0
18:27:22.088 [FXGL Background Thread 2 ] DEBUG TilesetLoader        - Writing to buffer: dst=192,448, w=64,h=64, src=256,0
18:27:22.089 [FXGL Background Thread 2 ] DEBUG TilesetLoader        - Writing to buffer: dst=256,448, w=64,h=64, src=256,0
18:27:22.089 [FXGL Background Thread 2 ] DEBUG TilesetLoader        - Writing to buffer: dst=320,448, w=64,h=64, src=256,0
18:27:22.090 [FXGL Background Thread 2 ] DEBUG TilesetLoader        - Writing to buffer: dst=384,448, w=64,h=64, src=256,0
18:27:22.090 [FXGL Background Thread 2 ] DEBUG TilesetLoader        - Writing to buffer: dst=448,448, w=64,h=64, src=256,0
18:27:22.091 [FXGL Background Thread 2 ] DEBUG TilesetLoader        - Writing to buffer: dst=512,448, w=64,h=64, src=256,0
18:27:22.091 [FXGL Background Thread 2 ] DEBUG TilesetLoader        - Writing to buffer: dst=576,448, w=64,h=64, src=256,0
18:27:22.092 [FXGL Background Thread 2 ] DEBUG TilesetLoader        - Writing to buffer: dst=640,448, w=64,h=64, src=256,0
18:27:22.092 [FXGL Background Thread 2 ] DEBUG TilesetLoader        - Writing to buffer: dst=704,448, w=64,h=64, src=256,0
18:27:22.092 [FXGL Background Thread 2 ] DEBUG TilesetLoader        - Writing to buffer: dst=768,448, w=64,h=64, src=256,0
18:27:22.093 [FXGL Background Thread 2 ] DEBUG TilesetLoader        - Writing to buffer: dst=832,448, w=64,h=64, src=256,0
18:27:22.093 [FXGL Background Thread 2 ] DEBUG TilesetLoader        - Writing to buffer: dst=896,448, w=64,h=64, src=0,0
18:27:22.094 [FXGL Background Thread 2 ] DEBUG TilesetLoader        - Writing to buffer: dst=0,512, w=64,h=64, src=0,0
18:27:22.095 [FXGL Background Thread 2 ] DEBUG TilesetLoader        - Writing to buffer: dst=64,512, w=64,h=64, src=256,0
18:27:22.096 [FXGL Background Thread 2 ] DEBUG TilesetLoader        - Writing to buffer: dst=128,512, w=64,h=64, src=192,0
18:27:22.097 [FXGL Background Thread 2 ] DEBUG TilesetLoader        - Writing to buffer: dst=192,512, w=64,h=64, src=256,0
18:27:22.097 [FXGL Background Thread 2 ] DEBUG TilesetLoader        - Writing to buffer: dst=256,512, w=64,h=64, src=192,0
18:27:22.098 [FXGL Background Thread 2 ] DEBUG TilesetLoader        - Writing to buffer: dst=320,512, w=64,h=64, src=256,0
18:27:22.098 [FXGL Background Thread 2 ] DEBUG TilesetLoader        - Writing to buffer: dst=384,512, w=64,h=64, src=192,0
18:27:22.099 [FXGL Background Thread 2 ] DEBUG TilesetLoader        - Writing to buffer: dst=448,512, w=64,h=64, src=256,0
18:27:22.100 [FXGL Background Thread 2 ] DEBUG TilesetLoader        - Writing to buffer: dst=512,512, w=64,h=64, src=192,0
18:27:22.101 [FXGL Background Thread 2 ] DEBUG TilesetLoader        - Writing to buffer: dst=576,512, w=64,h=64, src=256,0
18:27:22.101 [FXGL Background Thread 2 ] DEBUG TilesetLoader        - Writing to buffer: dst=640,512, w=64,h=64, src=192,0
18:27:22.102 [FXGL Background Thread 2 ] DEBUG TilesetLoader        - Writing to buffer: dst=704,512, w=64,h=64, src=256,0
18:27:22.103 [FXGL Background Thread 2 ] DEBUG TilesetLoader        - Writing to buffer: dst=768,512, w=64,h=64, src=192,0
18:27:22.104 [FXGL Background Thread 2 ] DEBUG TilesetLoader        - Writing to buffer: dst=832,512, w=64,h=64, src=256,0
18:27:22.104 [FXGL Background Thread 2 ] DEBUG TilesetLoader        - Writing to buffer: dst=896,512, w=64,h=64, src=0,0
18:27:22.105 [FXGL Background Thread 2 ] DEBUG TilesetLoader        - Writing to buffer: dst=0,576, w=64,h=64, src=0,0
18:27:22.105 [FXGL Background Thread 2 ] DEBUG TilesetLoader        - Writing to buffer: dst=64,576, w=64,h=64, src=256,0
18:27:22.106 [FXGL Background Thread 2 ] DEBUG TilesetLoader        - Writing to buffer: dst=128,576, w=64,h=64, src=256,0
18:27:22.107 [FXGL Background Thread 2 ] DEBUG TilesetLoader        - Writing to buffer: dst=192,576, w=64,h=64, src=256,0
18:27:22.107 [FXGL Background Thread 2 ] DEBUG TilesetLoader        - Writing to buffer: dst=256,576, w=64,h=64, src=256,0
18:27:22.108 [FXGL Background Thread 2 ] DEBUG TilesetLoader        - Writing to buffer: dst=320,576, w=64,h=64, src=256,0
18:27:22.109 [FXGL Background Thread 2 ] DEBUG TilesetLoader        - Writing to buffer: dst=384,576, w=64,h=64, src=256,0
18:27:22.109 [FXGL Background Thread 2 ] DEBUG TilesetLoader        - Writing to buffer: dst=448,576, w=64,h=64, src=256,0
18:27:22.110 [FXGL Background Thread 2 ] DEBUG TilesetLoader        - Writing to buffer: dst=512,576, w=64,h=64, src=256,0
18:27:22.111 [FXGL Background Thread 2 ] DEBUG TilesetLoader        - Writing to buffer: dst=576,576, w=64,h=64, src=256,0
18:27:22.111 [FXGL Background Thread 2 ] DEBUG TilesetLoader        - Writing to buffer: dst=640,576, w=64,h=64, src=256,0
18:27:22.112 [FXGL Background Thread 2 ] DEBUG TilesetLoader        - Writing to buffer: dst=704,576, w=64,h=64, src=256,0
18:27:22.112 [FXGL Background Thread 2 ] DEBUG TilesetLoader        - Writing to buffer: dst=768,576, w=64,h=64, src=256,0
18:27:22.113 [FXGL Background Thread 2 ] DEBUG TilesetLoader        - Writing to buffer: dst=832,576, w=64,h=64, src=256,0
18:27:22.113 [FXGL Background Thread 2 ] DEBUG TilesetLoader        - Writing to buffer: dst=896,576, w=64,h=64, src=0,0
18:27:22.114 [FXGL Background Thread 2 ] DEBUG TilesetLoader        - Writing to buffer: dst=0,640, w=64,h=64, src=0,0
18:27:22.114 [FXGL Background Thread 2 ] DEBUG TilesetLoader        - Writing to buffer: dst=64,640, w=64,h=64, src=256,0
18:27:22.114 [FXGL Background Thread 2 ] DEBUG TilesetLoader        - Writing to buffer: dst=128,640, w=64,h=64, src=192,0
18:27:22.115 [FXGL Background Thread 2 ] DEBUG TilesetLoader        - Writing to buffer: dst=192,640, w=64,h=64, src=256,0
18:27:22.115 [FXGL Background Thread 2 ] DEBUG TilesetLoader        - Writing to buffer: dst=256,640, w=64,h=64, src=192,0
18:27:22.116 [FXGL Background Thread 2 ] DEBUG TilesetLoader        - Writing to buffer: dst=320,640, w=64,h=64, src=256,0
18:27:22.116 [FXGL Background Thread 2 ] DEBUG TilesetLoader        - Writing to buffer: dst=384,640, w=64,h=64, src=192,0
18:27:22.116 [FXGL Background Thread 2 ] DEBUG TilesetLoader        - Writing to buffer: dst=448,640, w=64,h=64, src=256,0
18:27:22.117 [FXGL Background Thread 2 ] DEBUG TilesetLoader        - Writing to buffer: dst=512,640, w=64,h=64, src=192,0
18:27:22.117 [FXGL Background Thread 2 ] DEBUG TilesetLoader        - Writing to buffer: dst=576,640, w=64,h=64, src=256,0
18:27:22.117 [FXGL Background Thread 2 ] DEBUG TilesetLoader        - Writing to buffer: dst=640,640, w=64,h=64, src=192,0
18:27:22.118 [FXGL Background Thread 2 ] DEBUG TilesetLoader        - Writing to buffer: dst=704,640, w=64,h=64, src=256,0
18:27:22.118 [FXGL Background Thread 2 ] DEBUG TilesetLoader        - Writing to buffer: dst=768,640, w=64,h=64, src=192,0
18:27:22.119 [FXGL Background Thread 2 ] DEBUG TilesetLoader        - Writing to buffer: dst=832,640, w=64,h=64, src=256,0
18:27:22.119 [FXGL Background Thread 2 ] DEBUG TilesetLoader        - Writing to buffer: dst=896,640, w=64,h=64, src=0,0
18:27:22.119 [FXGL Background Thread 2 ] DEBUG TilesetLoader        - Writing to buffer: dst=0,704, w=64,h=64, src=0,0
18:27:22.120 [FXGL Background Thread 2 ] DEBUG TilesetLoader        - Writing to buffer: dst=64,704, w=64,h=64, src=256,0
18:27:22.120 [FXGL Background Thread 2 ] DEBUG TilesetLoader        - Writing to buffer: dst=128,704, w=64,h=64, src=256,0
18:27:22.121 [FXGL Background Thread 2 ] DEBUG TilesetLoader        - Writing to buffer: dst=192,704, w=64,h=64, src=256,0
18:27:22.121 [FXGL Background Thread 2 ] DEBUG TilesetLoader        - Writing to buffer: dst=256,704, w=64,h=64, src=256,0
18:27:22.121 [FXGL Background Thread 2 ] DEBUG TilesetLoader        - Writing to buffer: dst=320,704, w=64,h=64, src=256,0
18:27:22.122 [FXGL Background Thread 2 ] DEBUG TilesetLoader        - Writing to buffer: dst=384,704, w=64,h=64, src=256,0
18:27:22.122 [FXGL Background Thread 2 ] DEBUG TilesetLoader        - Writing to buffer: dst=448,704, w=64,h=64, src=256,0
18:27:22.122 [FXGL Background Thread 2 ] DEBUG TilesetLoader        - Writing to buffer: dst=512,704, w=64,h=64, src=256,0
18:27:22.123 [FXGL Background Thread 2 ] DEBUG TilesetLoader        - Writing to buffer: dst=576,704, w=64,h=64, src=256,0
18:27:22.123 [FXGL Background Thread 2 ] DEBUG TilesetLoader        - Writing to buffer: dst=640,704, w=64,h=64, src=256,0
18:27:22.123 [FXGL Background Thread 2 ] DEBUG TilesetLoader        - Writing to buffer: dst=704,704, w=64,h=64, src=256,0
18:27:22.124 [FXGL Background Thread 2 ] DEBUG TilesetLoader        - Writing to buffer: dst=768,704, w=64,h=64, src=256,0
18:27:22.124 [FXGL Background Thread 2 ] DEBUG TilesetLoader        - Writing to buffer: dst=832,704, w=64,h=64, src=256,0
18:27:22.124 [FXGL Background Thread 2 ] DEBUG TilesetLoader        - Writing to buffer: dst=896,704, w=64,h=64, src=0,0
18:27:22.124 [FXGL Background Thread 2 ] DEBUG TilesetLoader        - Writing to buffer: dst=0,768, w=64,h=64, src=0,0
18:27:22.125 [FXGL Background Thread 2 ] DEBUG TilesetLoader        - Writing to buffer: dst=64,768, w=64,h=64, src=0,0
18:27:22.125 [FXGL Background Thread 2 ] DEBUG TilesetLoader        - Writing to buffer: dst=128,768, w=64,h=64, src=0,0
18:27:22.125 [FXGL Background Thread 2 ] DEBUG TilesetLoader        - Writing to buffer: dst=192,768, w=64,h=64, src=0,0
18:27:22.126 [FXGL Background Thread 2 ] DEBUG TilesetLoader        - Writing to buffer: dst=256,768, w=64,h=64, src=0,0
18:27:22.126 [FXGL Background Thread 2 ] DEBUG TilesetLoader        - Writing to buffer: dst=320,768, w=64,h=64, src=0,0
18:27:22.127 [FXGL Background Thread 2 ] DEBUG TilesetLoader        - Writing to buffer: dst=384,768, w=64,h=64, src=0,0
18:27:22.127 [FXGL Background Thread 2 ] DEBUG TilesetLoader        - Writing to buffer: dst=448,768, w=64,h=64, src=0,0
18:27:22.128 [FXGL Background Thread 2 ] DEBUG TilesetLoader        - Writing to buffer: dst=512,768, w=64,h=64, src=0,0
18:27:22.128 [FXGL Background Thread 2 ] DEBUG TilesetLoader        - Writing to buffer: dst=576,768, w=64,h=64, src=0,0
18:27:22.128 [FXGL Background Thread 2 ] DEBUG TilesetLoader        - Writing to buffer: dst=640,768, w=64,h=64, src=0,0
18:27:22.128 [FXGL Background Thread 2 ] DEBUG TilesetLoader        - Writing to buffer: dst=704,768, w=64,h=64, src=0,0
18:27:22.129 [FXGL Background Thread 2 ] DEBUG TilesetLoader        - Writing to buffer: dst=768,768, w=64,h=64, src=0,0
18:27:22.129 [FXGL Background Thread 2 ] DEBUG TilesetLoader        - Writing to buffer: dst=832,768, w=64,h=64, src=0,0
18:27:22.129 [FXGL Background Thread 2 ] DEBUG TilesetLoader        - Writing to buffer: dst=896,768, w=64,h=64, src=0,0
18:27:22.130 [FXGL Background Thread 2 ] DEBUG TMXLevelLoader       - Creating object layer entities
18:27:22.188 [FXGL Background Thread 2 ] DEBUG GameWorld            - Clearing removable entities
18:27:22.190 [FXGL Background Thread 2 ] DEBUG GameWorld            - Setting level: com.almasb.fxgl.entity.level.Level@2c3c36f2
18:27:22.213 [FXGL Background Thread 2 ] DEBUG FXGLAssetLoaderServi - Loading from file system: file:/C:/Users/0705s/OneDrive/Desktop/SE-Challengeweek/target/classes/assets/textures/player_1_move_down.png
18:27:22.225 [FXGL Background Thread 2 ] DEBUG FXGLAssetLoaderServi - Loading from file system: file:/C:/Users/0705s/OneDrive/Desktop/SE-Challengeweek/target/classes/assets/textures/box-1.png
18:27:22.233 [FXGL Background Thread 3 ] DEBUG Engine               - Logging environment variables
18:27:22.234 [FXGL Background Thread 3 ] DEBUG Engine               - achievements: []
18:27:22.234 [FXGL Background Thread 3 ] DEBUG Engine               - actualHeight: 820.0
18:27:22.235 [FXGL Background Thread 3 ] DEBUG Engine               - actualHeightProperty: ReadOnlyDoubleProperty [value: 820.0]
18:27:22.235 [FXGL Background Thread 3 ] DEBUG Engine               - actualWidth: 950.0
18:27:22.236 [FXGL Background Thread 3 ] DEBUG Engine               - actualWidthProperty: ReadOnlyDoubleProperty [value: 950.0]
18:27:22.236 [FXGL Background Thread 3 ] DEBUG Engine               - appIcon: fxgl_icon.png
18:27:22.237 [FXGL Background Thread 3 ] DEBUG Engine               - applicationMode: DEVELOPER
18:27:22.237 [FXGL Background Thread 3 ] DEBUG Engine               - cSSList: [fxgl_dark.css]
18:27:22.237 [FXGL Background Thread 3 ] DEBUG Engine               - collisionDetectionStrategy: BRUTE_FORCE
18:27:22.238 [FXGL Background Thread 3 ] DEBUG Engine               - configClass: Optional.empty
18:27:22.239 [FXGL Background Thread 3 ] DEBUG Engine               - credits: []
18:27:22.240 [FXGL Background Thread 3 ] DEBUG Engine               - devBBoxColorProperty: ObjectProperty [value: 0xff0000ff]
18:27:22.240 [FXGL Background Thread 3 ] DEBUG Engine               - devEnableDebugCameraProperty: BooleanProperty [value: false]
18:27:22.241 [FXGL Background Thread 3 ] DEBUG Engine               - devSensorColorProperty: ObjectProperty [value: 0xffff00ff]
18:27:22.241 [FXGL Background Thread 3 ] DEBUG Engine               - devShowBBoxProperty: BooleanProperty [value: false]
18:27:22.242 [FXGL Background Thread 3 ] DEBUG Engine               - devShowPositionProperty: BooleanProperty [value: false]
18:27:22.242 [FXGL Background Thread 3 ] DEBUG Engine               - enabledMenuItems: []
18:27:22.243 [FXGL Background Thread 3 ] DEBUG Engine               - engineServices: [class com.almasb.fxgl.app.services.FXGLAssetLoaderService, class com.almasb.fxgl.app.FXGLApplication$GameApplicationService, class com.almasb.fxgl.app.services.FXGLDialogService, class com.almasb.fxgl.app.services.IOTaskExecutorService, class com.almasb.fxgl.event.EventBusService, class com.almasb.fxgl.io.FileSystemService, class com.almasb.fxgl.localization.LocalizationService, class com.almasb.fxgl.app.services.SystemBundleService, class com.almasb.fxgl.profile.SaveLoadService, class com.almasb.fxgl.ui.FXGLUIFactoryServiceProvider, class com.almasb.fxgl.ui.FXGLDialogFactoryServiceProvider, class com.almasb.fxgl.audio.AudioPlayer, class com.almasb.fxgl.notification.impl.NotificationServiceProvider, class com.almasb.fxgl.achievement.AchievementService, class com.almasb.fxgl.cutscene.CutsceneService, class com.almasb.fxgl.minigames.MiniGameService, class com.almasb.fxgl.net.NetService, class com.almasb.fxgl.app.services.UpdaterService, class com.almasb.fxgl.dev.DevService]
18:27:22.243 [FXGL Background Thread 3 ] DEBUG Engine               - fontGame: Abel-Regular.ttf
18:27:22.243 [FXGL Background Thread 3 ] DEBUG Engine               - fontMono: lucida_console.ttf
18:27:22.244 [FXGL Background Thread 3 ] DEBUG Engine               - fontText: Courier-Prime.ttf
18:27:22.244 [FXGL Background Thread 3 ] DEBUG Engine               - fontUI: VarelaRound-Regular.ttf
18:27:22.245 [FXGL Background Thread 3 ] DEBUG Engine               - fullScreen: BooleanProperty [value: false]
18:27:22.245 [FXGL Background Thread 3 ] DEBUG Engine               - gameDifficulty: MEDIUM
18:27:22.246 [FXGL Background Thread 3 ] DEBUG Engine               - gameDifficultyProperty: ObjectProperty [value: MEDIUM]
18:27:22.246 [FXGL Background Thread 3 ] DEBUG Engine               - globalMusicVolume: 0.5
18:27:22.247 [FXGL Background Thread 3 ] DEBUG Engine               - globalMusicVolumeProperty: DoubleProperty [value: 0.5]
18:27:22.247 [FXGL Background Thread 3 ] DEBUG Engine               - globalSoundVolume: 0.5
18:27:22.247 [FXGL Background Thread 3 ] DEBUG Engine               - globalSoundVolumeProperty: DoubleProperty [value: 0.5]
18:27:22.248 [FXGL Background Thread 3 ] DEBUG Engine               - height: 820
18:27:22.248 [FXGL Background Thread 3 ] DEBUG Engine               - isAndroid: false
18:27:22.248 [FXGL Background Thread 3 ] DEBUG Engine               - isBrowser: false
18:27:22.248 [FXGL Background Thread 3 ] DEBUG Engine               - isClickFeedbackEnabled: false
18:27:22.249 [FXGL Background Thread 3 ] DEBUG Engine               - isCloseConfirmation: false
18:27:22.249 [FXGL Background Thread 3 ] DEBUG Engine               - isDesktop: true
18:27:22.249 [FXGL Background Thread 3 ] DEBUG Engine               - isDeveloperMenuEnabled: true
18:27:22.249 [FXGL Background Thread 3 ] DEBUG Engine               - isEntityPreloadEnabled: true
18:27:22.250 [FXGL Background Thread 3 ] DEBUG Engine               - isExperimental3D: false
18:27:22.250 [FXGL Background Thread 3 ] DEBUG Engine               - isExperimentalNative: false
18:27:22.250 [FXGL Background Thread 3 ] DEBUG Engine               - isExperimentalTiledLargeMap: false
18:27:22.251 [FXGL Background Thread 3 ] DEBUG Engine               - isFileSystemWriteAllowed: true
18:27:22.251 [FXGL Background Thread 3 ] DEBUG Engine               - isFullScreenAllowed: false
18:27:22.251 [FXGL Background Thread 3 ] DEBUG Engine               - isFullScreenFromStart: false
18:27:22.252 [FXGL Background Thread 3 ] DEBUG Engine               - isGameMenuEnabled: true
18:27:22.252 [FXGL Background Thread 3 ] DEBUG Engine               - isIOS: false
18:27:22.252 [FXGL Background Thread 3 ] DEBUG Engine               - isIntroEnabled: false
18:27:22.253 [FXGL Background Thread 3 ] DEBUG Engine               - isLinux: false
18:27:22.253 [FXGL Background Thread 3 ] DEBUG Engine               - isMac: false
18:27:22.253 [FXGL Background Thread 3 ] DEBUG Engine               - isMainMenuEnabled: true
18:27:22.253 [FXGL Background Thread 3 ] DEBUG Engine               - isManualResizeEnabled: false
18:27:22.254 [FXGL Background Thread 3 ] DEBUG Engine               - isMobile: false
18:27:22.254 [FXGL Background Thread 3 ] DEBUG Engine               - isPreserveResizeRatio: false
18:27:22.254 [FXGL Background Thread 3 ] DEBUG Engine               - isProfilingEnabled: false
18:27:22.254 [FXGL Background Thread 3 ] DEBUG Engine               - isScaleAffectedOnResize: true
18:27:22.255 [FXGL Background Thread 3 ] DEBUG Engine               - isSingleStep: false
18:27:22.255 [FXGL Background Thread 3 ] DEBUG Engine               - isUserProfileEnabled: false
18:27:22.256 [FXGL Background Thread 3 ] DEBUG Engine               - isWindows: true
18:27:22.256 [FXGL Background Thread 3 ] DEBUG Engine               - language: ObjectProperty [value: ENGLISH]
18:27:22.257 [FXGL Background Thread 3 ] DEBUG Engine               - menuKey: ESCAPE
18:27:22.257 [FXGL Background Thread 3 ] DEBUG Engine               - notificationViewClass: class com.almasb.fxgl.notification.view.XboxNotificationView
18:27:22.257 [FXGL Background Thread 3 ] DEBUG Engine               - pixelsPerMeter: 50.0
18:27:22.258 [FXGL Background Thread 3 ] DEBUG Engine               - platform: WINDOWS
18:27:22.258 [FXGL Background Thread 3 ] DEBUG Engine               - prefHeightProperty: ReadOnlyDoubleProperty [value: 820.0]
18:27:22.259 [FXGL Background Thread 3 ] DEBUG Engine               - prefWidthProperty: ReadOnlyDoubleProperty [value: 950.0]
18:27:22.259 [FXGL Background Thread 3 ] DEBUG Engine               - profileDir: profiles/
18:27:22.259 [FXGL Background Thread 3 ] DEBUG Engine               - profileName: StringProperty [value: DEFAULT]
18:27:22.260 [FXGL Background Thread 3 ] DEBUG Engine               - randomSeed: -1
18:27:22.260 [FXGL Background Thread 3 ] DEBUG Engine               - runtimeInfo: RuntimeInfo(platform=WINDOWS, version=11.14, build=01.03.2021 16.59)
18:27:22.260 [FXGL Background Thread 3 ] DEBUG Engine               - saveFileExt: sav
18:27:22.261 [FXGL Background Thread 3 ] DEBUG Engine               - scaledHeightProp$fxgl: DoubleProperty [bound, value: 820.0]
18:27:22.261 [FXGL Background Thread 3 ] DEBUG Engine               - scaledWidthProp$fxgl: DoubleProperty [bound, value: 950.0]
18:27:22.262 [FXGL Background Thread 3 ] DEBUG Engine               - sceneFactory: MenuFactory@7a6c9ec
18:27:22.262 [FXGL Background Thread 3 ] DEBUG Engine               - secondsIn24h: 60
18:27:22.263 [FXGL Background Thread 3 ] DEBUG Engine               - soundMenuBack: menu/back.wav
18:27:22.263 [FXGL Background Thread 3 ] DEBUG Engine               - soundMenuPress: menu/press.wav
18:27:22.263 [FXGL Background Thread 3 ] DEBUG Engine               - soundMenuSelect: menu/select.wav
18:27:22.264 [FXGL Background Thread 3 ] DEBUG Engine               - soundNotification: core/notification.wav
18:27:22.264 [FXGL Background Thread 3 ] DEBUG Engine               - stageStyle: DECORATED
18:27:22.265 [FXGL Background Thread 3 ] DEBUG Engine               - supportedLanguages: [ENGLISH, FRENCH, GERMAN, HUNGARIAN, RUSSIAN]
18:27:22.265 [FXGL Background Thread 3 ] DEBUG Engine               - ticksPerSecond: -1
18:27:22.265 [FXGL Background Thread 3 ] DEBUG Engine               - title: Bomberman
18:27:22.266 [FXGL Background Thread 3 ] DEBUG Engine               - urlGithub: https://github.com/AlmasB/FXGL
18:27:22.266 [FXGL Background Thread 3 ] DEBUG Engine               - urlLeaderboard: http://fxgl-top.herokuapp.com/
18:27:22.266 [FXGL Background Thread 3 ] DEBUG Engine               - urlPOM: https://raw.githubusercontent.com/AlmasB/FXGL/release/README.md
18:27:22.267 [FXGL Background Thread 3 ] DEBUG Engine               - userAppClass: class Game
18:27:22.267 [FXGL Background Thread 3 ] DEBUG Engine               - version: 0.0
18:27:22.268 [FXGL Background Thread 3 ] DEBUG Engine               - versionCheckDays: 7
18:27:22.268 [FXGL Background Thread 3 ] DEBUG Engine               - width: 950
18:27:22.269 [FXGL Background Thread 3 ] DEBUG Engine               - Logging services
18:27:22.269 [FXGL Background Thread 3 ] DEBUG Engine               - class com.almasb.fxgl.app.services.FXGLAssetLoaderService
18:27:22.269 [FXGL Background Thread 3 ] DEBUG Engine               - class com.almasb.fxgl.app.FXGLApplication$GameApplicationService
18:27:22.270 [FXGL Background Thread 3 ] DEBUG Engine               - class com.almasb.fxgl.app.services.FXGLDialogService
18:27:22.270 [FXGL Background Thread 3 ] DEBUG Engine               - class com.almasb.fxgl.app.services.IOTaskExecutorService
18:27:22.270 [FXGL Background Thread 3 ] DEBUG Engine               - class com.almasb.fxgl.event.EventBusService
18:27:22.271 [FXGL Background Thread 3 ] DEBUG Engine               - class com.almasb.fxgl.io.FileSystemService
18:27:22.271 [FXGL Background Thread 3 ] DEBUG Engine               - class com.almasb.fxgl.localization.LocalizationService
18:27:22.271 [FXGL Background Thread 3 ] DEBUG Engine               - class com.almasb.fxgl.app.services.SystemBundleService
18:27:22.271 [FXGL Background Thread 3 ] DEBUG Engine               - class com.almasb.fxgl.profile.SaveLoadService
18:27:22.272 [FXGL Background Thread 3 ] DEBUG Engine               - class com.almasb.fxgl.ui.FXGLUIFactoryServiceProvider
18:27:22.272 [FXGL Background Thread 3 ] DEBUG Engine               - class com.almasb.fxgl.ui.FXGLDialogFactoryServiceProvider
18:27:22.272 [FXGL Background Thread 3 ] DEBUG Engine               - class com.almasb.fxgl.audio.AudioPlayer
18:27:22.272 [FXGL Background Thread 3 ] DEBUG Engine               - class com.almasb.fxgl.notification.impl.NotificationServiceProvider
18:27:22.273 [FXGL Background Thread 3 ] DEBUG Engine               - class com.almasb.fxgl.achievement.AchievementService
18:27:22.273 [FXGL Background Thread 3 ] DEBUG Engine               - class com.almasb.fxgl.cutscene.CutsceneService
18:27:22.274 [FXGL Background Thread 3 ] DEBUG Engine               - class com.almasb.fxgl.minigames.MiniGameService
18:27:22.274 [FXGL Background Thread 3 ] DEBUG Engine               - class com.almasb.fxgl.net.NetService
18:27:22.274 [FXGL Background Thread 3 ] DEBUG Engine               - class com.almasb.fxgl.app.services.UpdaterService
18:27:22.275 [FXGL Background Thread 3 ] DEBUG Engine               - class com.almasb.fxgl.dev.DevService
18:27:22.372 [FXGL Background Thread 2 ] DEBUG FXGLAssetLoaderServi - Loading from file system: file:/C:/Users/0705s/OneDrive/Desktop/SE-Challengeweek/target/classes/assets/music/BGM.wav
18:27:23.574 [FXGL Background Thread 2 ] DEBUG AudioPlayer          - Playing music com.almasb.fxgl.audio.Music@4a53b80f
18:27:23.587 [FXGL Background Thread 2 ] INFO  FXGLApplication      - Game initialization took: 1,667 sec
18:27:23.590 [JavaFX Application Thread] DEBUG Input                - Clearing active input actions
18:27:23.604 [JavaFX Application Thread] DEBUG GameApplicationServi - Removing overlay from FXGLLoadingScene and adding to GameScene
18:27:23.609 [JavaFX Application Thread] DEBUG PrimaryStageWindow   - FXGLLoadingScene -> GameScene
18:27:23.615 [JavaFX Application Thread] DEBUG FXGLAssetLoaderServi - Loading from file system: file:/C:/Users/0705s/OneDrive/Desktop/SE-Challengeweek/target/classes/assets/textures/player_1_idle_down.png
18:27:23.617 [JavaFX Application Thread] DEBUG FXGLAssetLoaderServi - Loading from file system: file:/C:/Users/0705s/OneDrive/Desktop/SE-Challengeweek/target/classes/assets/textures/player_2_idle_down.png
18:27:24.600 [JavaFX Application Thread] DEBUG FXGLAssetLoaderServi - Loading from file system: file:/C:/Users/0705s/OneDrive/Desktop/SE-Challengeweek/target/classes/assets/textures/bomb-1.png
18:27:24.718 [JavaFX Application Thread] DEBUG FXGLAssetLoaderServi - Loading from file system: file:/C:/Users/0705s/OneDrive/Desktop/SE-Challengeweek/target/classes/assets/textures/player_1_move_right.png
18:27:24.845 [JavaFX Application Thread] DEBUG FXGLAssetLoaderServi - Loading from file system: file:/C:/Users/0705s/OneDrive/Desktop/SE-Challengeweek/target/classes/assets/textures/player_1_move_Up.png
18:27:25.114 [JavaFX Application Thread] DEBUG FXGLAssetLoaderServi - Loading from file system: file:/C:/Users/0705s/OneDrive/Desktop/SE-Challengeweek/target/classes/assets/textures/player_1_idle_Up.png
18:27:25.364 [JavaFX Application Thread] DEBUG FXGLAssetLoaderServi - Loading from file system: file:/C:/Users/0705s/OneDrive/Desktop/SE-Challengeweek/target/classes/assets/textures/player_1_idle_right.png
18:27:28.370 [JavaFX Application Thread] DEBUG FXGLAssetLoaderServi - Loading from file system: file:/C:/Users/0705s/OneDrive/Desktop/SE-Challengeweek/target/classes/assets/textures/bomb_explosion.png
18:27:28.382 [JavaFX Application Thread] DEBUG FXGLAssetLoaderServi - Loading from file system: file:/C:/Users/0705s/OneDrive/Desktop/SE-Challengeweek/target/classes/assets/sounds/explode.wav
18:27:28.406 [JavaFX Application Thread] DEBUG FXGLAssetLoaderServi - Loading from file system: file:/C:/Users/0705s/OneDrive/Desktop/SE-Challengeweek/target/classes/assets/textures/bomradius-1.png
18:27:29.630 [JavaFX Application Thread] DEBUG FXGLAssetLoaderServi - Loading from file system: file:/C:/Users/0705s/OneDrive/Desktop/SE-Challengeweek/target/classes/assets/textures/player_1_move_left.png
18:27:57.653 [JavaFX Application Thread] DEBUG FXGLAssetLoaderServi - Loading from file system: file:/C:/Users/0705s/OneDrive/Desktop/SE-Challengeweek/target/classes/assets/textures/speedup-1.png
18:28:20.495 [JavaFX Application Thread] DEBUG FXGLAssetLoaderServi - Loading from file system: file:/C:/Users/0705s/OneDrive/Desktop/SE-Challengeweek/target/classes/assets/textures/player_1_idle_left.png
18:28:28.043 [JavaFX Application Thread] DEBUG FXGLAssetLoaderServi - Loading from file system: file:/C:/Users/0705s/OneDrive/Desktop/SE-Challengeweek/target/classes/assets/textures/extrabomb-1.png
18:28:38.895 [JavaFX Application Thread] DEBUG FXGLAssetLoaderServi - Loading from file system: file:/C:/Users/0705s/OneDrive/Desktop/SE-Challengeweek/target/classes/assets/sounds/player_hit.wav
18:31:50.884 [JavaFX Application Thread] DEBUG FXGLAssetLoaderServi - Loading from file system: file:/C:/Users/0705s/OneDrive/Desktop/SE-Challengeweek/target/classes/assets/sounds/player_dead.wav
18:31:50.902 [JavaFX Application Thread] DEBUG PrimaryStageWindow   - Push state: DialogSubScene
18:31:50.902 [JavaFX Application Thread] DEBUG Input                - Clearing active input actions
18:31:50.902 [JavaFX Application Thread] DEBUG GameApplicationServi - Removing overlay from GameScene and adding to DialogSubScene
18:31:50.904 [JavaFX Application Thread] DEBUG PrimaryStageWindow   - GameScene -> DialogSubScene
18:31:53.611 [JavaFX Application Thread] DEBUG PrimaryStageWindow   - Pop state: DialogSubScene
18:31:53.611 [JavaFX Application Thread] DEBUG Input                - Clearing active input actions
18:31:53.614 [JavaFX Application Thread] DEBUG GameApplicationServi - Removing overlay from DialogSubScene and adding to GameScene
18:31:53.614 [JavaFX Application Thread] DEBUG PrimaryStageWindow   - GameScene <- DialogSubScene
18:31:53.619 [JavaFX Application Thread] DEBUG FXGLAssetLoaderServi - Loading from file system: file:/C:/Users/0705s/OneDrive/Desktop/SE-Challengeweek/target/classes/assets/textures/player_1_dead.png
18:31:56.263 [JavaFX Application Thread] DEBUG AudioPlayer          - Stopping music com.almasb.fxgl.audio.Music@4a53b80f
18:31:56.680 [JavaFX Application Thread] DEBUG Input                - Clearing active input actions
18:31:56.695 [JavaFX Application Thread] DEBUG GameApplicationServi - Removing overlay from GameScene and adding to FXGLMainMenuDummyScene
18:31:56.700 [JavaFX Application Thread] DEBUG PrimaryStageWindow   - GameScene -> FXGLMainMenuDummyScene
18:31:56.701 [JavaFX Application Thread] DEBUG PrimaryStageWindow   - Push state: StartMenu
18:31:56.701 [JavaFX Application Thread] DEBUG Input                - Clearing active input actions
18:31:56.703 [JavaFX Application Thread] DEBUG GameApplicationServi - Removing overlay from FXGLMainMenuDummyScene and adding to StartMenu
18:31:56.703 [JavaFX Application Thread] DEBUG PrimaryStageWindow   - FXGLMainMenuDummyScene -> StartMenu
18:31:58.484 [JavaFX Application Thread] DEBUG Menu                 - fireNewGame()
18:31:58.485 [JavaFX Application Thread] DEBUG GameApplicationServi - Starting new game
18:31:58.485 [JavaFX Application Thread] DEBUG PrimaryStageWindow   - Pop state: StartMenu
18:31:58.485 [JavaFX Application Thread] DEBUG Input                - Clearing active input actions
18:31:58.487 [JavaFX Application Thread] DEBUG GameApplicationServi - Removing overlay from StartMenu and adding to FXGLMainMenuDummyScene
18:31:58.488 [JavaFX Application Thread] DEBUG PrimaryStageWindow   - FXGLMainMenuDummyScene <- StartMenu
18:31:58.488 [JavaFX Application Thread] DEBUG Input                - Clearing active input actions
18:31:58.491 [JavaFX Application Thread] DEBUG GameApplicationServi - Removing overlay from FXGLMainMenuDummyScene and adding to FXGLLoadingScene
18:31:58.492 [JavaFX Application Thread] DEBUG PrimaryStageWindow   - FXGLMainMenuDummyScene -> FXGLLoadingScene
18:31:58.492 [JavaFX Application Thread] DEBUG GameApplicationServi - Clearing previous game
18:31:58.492 [JavaFX Application Thread] DEBUG GameScene            - Clearing game scene
18:31:58.492 [JavaFX Application Thread] DEBUG GameWorld            - Clearing game world
18:31:58.494 [JavaFX Application Thread] DEBUG PhysicsWorld         - Clearing physics world
18:31:58.495 [FXGL Background Thread 5 ] DEBUG FXGLApplication      - Initializing game
18:31:58.498 [FXGL Background Thread 5 ] WARN  TMXLevelLoader       - TiledMap generated from 1.0.1. Supported version: 1.2.3. Some features may not be parsed fully.
18:31:58.506 [FXGL Background Thread 5 ] DEBUG TMXLevelLoader       - Parsed raw map: TiledMap(width=15, height=13, tilewidth=64, tileheight=64, orientation=orthogonal, layers=[Layer(width=15, height=13, name=Tile Layer 1, type=tilelayer, visible=false, x=0, y=0, data=[16, 16, 16, 16, 16, 16, 16, 16, 16, 16, 16, 16, 16, 16, 16, 16, 15, 15, 15, 15, 15, 15, 15, 15, 15, 15, 15, 15, 15, 16, 16, 15, 4, 15, 4, 15, 4, 15, 4, 15, 4, 15, 4, 15, 16, 16, 15, 15, 15, 15, 15, 15, 15, 15, 15, 15, 15, 15, 15, 16, 16, 15, 4, 15, 4, 15, 4, 15, 4, 15, 4, 15, 4, 15, 16, 16, 15, 15, 15, 15, 15, 15, 15, 15, 15, 15, 15, 15, 15, 16, 16, 15, 4, 15, 4, 15, 4, 15, 4, 15, 4, 15, 4, 15, 16, 16, 15, 15, 15, 15, 15, 15, 15, 15, 15, 15, 15, 15, 15, 16, 16, 15, 4, 15, 4, 15, 4, 15, 4, 15, 4, 15, 4, 15, 16, 16, 15, 15, 15, 15, 15, 15, 15, 15, 15, 15, 15, 15, 15, 16, 16, 15, 4, 15, 4, 15, 4, 15, 4, 15, 4, 15, 17, 15, 16, 16, 15, 15, 15, 15, 15, 15, 15, 15, 15, 15, 15, 15, 15, 16, 16, 16, 16, 16, 16, 16, 16, 16, 16, 16, 16, 16, 16, 16, 16], objects=[], opacity=0.0, draworder=), Layer(width=0, height=0, name=Object Layer 1, type=objectgroup, visible=false, x=0, y=0, data=[], objects=[com.almasb.fxgl.entity.level.tiled.TiledObject@e0393e1, com.almasb.fxgl.entity.level.tiled.TiledObject@a3c16f9, com.almasb.fxgl.entity.level.tiled.TiledObject@4f3e99da, com.almasb.fxgl.entity.level.tiled.TiledObject@6cb58d81, com.almasb.fxgl.entity.level.tiled.TiledObject@7e3b976d, com.almasb.fxgl.entity.level.tiled.TiledObject@145add8d, com.almasb.fxgl.entity.level.tiled.TiledObject@2f116695, com.almasb.fxgl.entity.level.tiled.TiledObject@6f882f73, com.almasb.fxgl.entity.level.tiled.TiledObject@4d2a4d10, com.almasb.fxgl.entity.level.tiled.TiledObject@f5e578d, com.almasb.fxgl.entity.level.tiled.TiledObject@2b5fbd3d, com.almasb.fxgl.entity.level.tiled.TiledObject@502fc92, com.almasb.fxgl.entity.level.tiled.TiledObject@1adf63ef, com.almasb.fxgl.entity.level.tiled.TiledObject@67c0bd06, com.almasb.fxgl.entity.level.tiled.TiledObject@31a04296, com.almasb.fxgl.entity.level.tiled.TiledObject@23d4ce5c, com.almasb.fxgl.entity.level.tiled.TiledObject@42f501d2, com.almasb.fxgl.entity.level.tiled.TiledObject@203fac07, com.almasb.fxgl.entity.level.tiled.TiledObject@13b8fe64, com.almasb.fxgl.entity.level.tiled.TiledObject@161b6461, com.almasb.fxgl.entity.level.tiled.TiledObject@7c0a1ce1, com.almasb.fxgl.entity.level.tiled.TiledObject@2108d8f3, com.almasb.fxgl.entity.level.tiled.TiledObject@75174968, com.almasb.fxgl.entity.level.tiled.TiledObject@386213c7, com.almasb.fxgl.entity.level.tiled.TiledObject@14a3ed3e, com.almasb.fxgl.entity.level.tiled.TiledObject@730b6019, com.almasb.fxgl.entity.level.tiled.TiledObject@3c983b19, com.almasb.fxgl.entity.level.tiled.TiledObject@144cfb66, com.almasb.fxgl.entity.level.tiled.TiledObject@1f8d3ecc, com.almasb.fxgl.entity.level.tiled.TiledObject@37ae8e8c, com.almasb.fxgl.entity.level.tiled.TiledObject@4a932b93, com.almasb.fxgl.entity.level.tiled.TiledObject@39f76e6c, com.almasb.fxgl.entity.level.tiled.TiledObject@4f7a4cc0, com.almasb.fxgl.entity.level.tiled.TiledObject@c63614d], opacity=0.0, draworder=)], tilesets=[Tileset(firstgid=1, image=spritesheet(1).png, name=spritesheet(1), tilewidth=64, tileheight=64, imagewidth=1472, imageheight=64, margin=0, spacing=0, columns=23, tilecount=23, transparentcolor=, tiles=[])], backgroundcolor=, renderorder=right-down, nextobjectid=139, version=1, tiledversion=1.0.1, type=map, infinite=false, hexsidelength=0, staggeraxis=, staggerindex=, properties={}, propertytypes={})
18:31:58.507 [FXGL Background Thread 5 ] DEBUG TMXLevelLoader       - Creating tile layer entities
18:31:58.507 [FXGL Background Thread 5 ] DEBUG TilesetLoader        - Loading view for layer Tile Layer 1
18:31:58.508 [FXGL Background Thread 5 ] DEBUG TilesetLoader        - Created buffer with size 960.0x832.0
18:31:58.512 [FXGL Background Thread 5 ] DEBUG TilesetLoader        - Writing to buffer: dst=0,0, w=64,h=64, src=960,0
18:31:58.512 [FXGL Background Thread 5 ] DEBUG TilesetLoader        - Writing to buffer: dst=64,0, w=64,h=64, src=960,0
18:31:58.512 [FXGL Background Thread 5 ] DEBUG TilesetLoader        - Writing to buffer: dst=128,0, w=64,h=64, src=960,0
18:31:58.513 [FXGL Background Thread 5 ] DEBUG TilesetLoader        - Writing to buffer: dst=192,0, w=64,h=64, src=960,0
18:31:58.513 [FXGL Background Thread 5 ] DEBUG TilesetLoader        - Writing to buffer: dst=256,0, w=64,h=64, src=960,0
18:31:58.513 [FXGL Background Thread 5 ] DEBUG TilesetLoader        - Writing to buffer: dst=320,0, w=64,h=64, src=960,0
18:31:58.513 [FXGL Background Thread 5 ] DEBUG TilesetLoader        - Writing to buffer: dst=384,0, w=64,h=64, src=960,0
18:31:58.513 [FXGL Background Thread 5 ] DEBUG TilesetLoader        - Writing to buffer: dst=448,0, w=64,h=64, src=960,0
18:31:58.514 [FXGL Background Thread 5 ] DEBUG TilesetLoader        - Writing to buffer: dst=512,0, w=64,h=64, src=960,0
18:31:58.515 [FXGL Background Thread 5 ] DEBUG TilesetLoader        - Writing to buffer: dst=576,0, w=64,h=64, src=960,0
18:31:58.515 [FXGL Background Thread 5 ] DEBUG TilesetLoader        - Writing to buffer: dst=640,0, w=64,h=64, src=960,0
18:31:58.516 [FXGL Background Thread 5 ] DEBUG TilesetLoader        - Writing to buffer: dst=704,0, w=64,h=64, src=960,0
18:31:58.516 [FXGL Background Thread 5 ] DEBUG TilesetLoader        - Writing to buffer: dst=768,0, w=64,h=64, src=960,0
18:31:58.516 [FXGL Background Thread 5 ] DEBUG TilesetLoader        - Writing to buffer: dst=832,0, w=64,h=64, src=960,0
18:31:58.516 [FXGL Background Thread 5 ] DEBUG TilesetLoader        - Writing to buffer: dst=896,0, w=64,h=64, src=960,0
18:31:58.516 [FXGL Background Thread 5 ] DEBUG TilesetLoader        - Writing to buffer: dst=0,64, w=64,h=64, src=960,0
18:31:58.517 [FXGL Background Thread 5 ] DEBUG TilesetLoader        - Writing to buffer: dst=64,64, w=64,h=64, src=896,0
18:31:58.517 [FXGL Background Thread 5 ] DEBUG TilesetLoader        - Writing to buffer: dst=128,64, w=64,h=64, src=896,0
18:31:58.517 [FXGL Background Thread 5 ] DEBUG TilesetLoader        - Writing to buffer: dst=192,64, w=64,h=64, src=896,0
18:31:58.517 [FXGL Background Thread 5 ] DEBUG TilesetLoader        - Writing to buffer: dst=256,64, w=64,h=64, src=896,0
18:31:58.517 [FXGL Background Thread 5 ] DEBUG TilesetLoader        - Writing to buffer: dst=320,64, w=64,h=64, src=896,0
18:31:58.517 [FXGL Background Thread 5 ] DEBUG TilesetLoader        - Writing to buffer: dst=384,64, w=64,h=64, src=896,0
18:31:58.518 [FXGL Background Thread 5 ] DEBUG TilesetLoader        - Writing to buffer: dst=448,64, w=64,h=64, src=896,0
18:31:58.518 [FXGL Background Thread 5 ] DEBUG TilesetLoader        - Writing to buffer: dst=512,64, w=64,h=64, src=896,0
18:31:58.518 [FXGL Background Thread 5 ] DEBUG TilesetLoader        - Writing to buffer: dst=576,64, w=64,h=64, src=896,0
18:31:58.519 [FXGL Background Thread 5 ] DEBUG TilesetLoader        - Writing to buffer: dst=640,64, w=64,h=64, src=896,0
18:31:58.519 [FXGL Background Thread 5 ] DEBUG TilesetLoader        - Writing to buffer: dst=704,64, w=64,h=64, src=896,0
18:31:58.519 [FXGL Background Thread 5 ] DEBUG TilesetLoader        - Writing to buffer: dst=768,64, w=64,h=64, src=896,0
18:31:58.519 [FXGL Background Thread 5 ] DEBUG TilesetLoader        - Writing to buffer: dst=832,64, w=64,h=64, src=896,0
18:31:58.520 [FXGL Background Thread 5 ] DEBUG TilesetLoader        - Writing to buffer: dst=896,64, w=64,h=64, src=960,0
18:31:58.520 [FXGL Background Thread 5 ] DEBUG TilesetLoader        - Writing to buffer: dst=0,128, w=64,h=64, src=960,0
18:31:58.520 [FXGL Background Thread 5 ] DEBUG TilesetLoader        - Writing to buffer: dst=64,128, w=64,h=64, src=896,0
18:31:58.520 [FXGL Background Thread 5 ] DEBUG TilesetLoader        - Writing to buffer: dst=128,128, w=64,h=64, src=192,0
18:31:58.520 [FXGL Background Thread 5 ] DEBUG TilesetLoader        - Writing to buffer: dst=192,128, w=64,h=64, src=896,0
18:31:58.521 [FXGL Background Thread 5 ] DEBUG TilesetLoader        - Writing to buffer: dst=256,128, w=64,h=64, src=192,0
18:31:58.521 [FXGL Background Thread 5 ] DEBUG TilesetLoader        - Writing to buffer: dst=320,128, w=64,h=64, src=896,0
18:31:58.521 [FXGL Background Thread 5 ] DEBUG TilesetLoader        - Writing to buffer: dst=384,128, w=64,h=64, src=192,0
18:31:58.521 [FXGL Background Thread 5 ] DEBUG TilesetLoader        - Writing to buffer: dst=448,128, w=64,h=64, src=896,0
18:31:58.522 [FXGL Background Thread 5 ] DEBUG TilesetLoader        - Writing to buffer: dst=512,128, w=64,h=64, src=192,0
18:31:58.522 [FXGL Background Thread 5 ] DEBUG TilesetLoader        - Writing to buffer: dst=576,128, w=64,h=64, src=896,0
18:31:58.522 [FXGL Background Thread 5 ] DEBUG TilesetLoader        - Writing to buffer: dst=640,128, w=64,h=64, src=192,0
18:31:58.523 [FXGL Background Thread 5 ] DEBUG TilesetLoader        - Writing to buffer: dst=704,128, w=64,h=64, src=896,0
18:31:58.523 [FXGL Background Thread 5 ] DEBUG TilesetLoader        - Writing to buffer: dst=768,128, w=64,h=64, src=192,0
18:31:58.523 [FXGL Background Thread 5 ] DEBUG TilesetLoader        - Writing to buffer: dst=832,128, w=64,h=64, src=896,0
18:31:58.523 [FXGL Background Thread 5 ] DEBUG TilesetLoader        - Writing to buffer: dst=896,128, w=64,h=64, src=960,0
18:31:58.523 [FXGL Background Thread 5 ] DEBUG TilesetLoader        - Writing to buffer: dst=0,192, w=64,h=64, src=960,0
18:31:58.524 [FXGL Background Thread 5 ] DEBUG TilesetLoader        - Writing to buffer: dst=64,192, w=64,h=64, src=896,0
18:31:58.524 [FXGL Background Thread 5 ] DEBUG TilesetLoader        - Writing to buffer: dst=128,192, w=64,h=64, src=896,0
18:31:58.524 [FXGL Background Thread 5 ] DEBUG TilesetLoader        - Writing to buffer: dst=192,192, w=64,h=64, src=896,0
18:31:58.524 [FXGL Background Thread 5 ] DEBUG TilesetLoader        - Writing to buffer: dst=256,192, w=64,h=64, src=896,0
18:31:58.528 [FXGL Background Thread 5 ] DEBUG TilesetLoader        - Writing to buffer: dst=320,192, w=64,h=64, src=896,0
18:31:58.528 [FXGL Background Thread 5 ] DEBUG TilesetLoader        - Writing to buffer: dst=384,192, w=64,h=64, src=896,0
18:31:58.528 [FXGL Background Thread 5 ] DEBUG TilesetLoader        - Writing to buffer: dst=448,192, w=64,h=64, src=896,0
18:31:58.529 [FXGL Background Thread 5 ] DEBUG TilesetLoader        - Writing to buffer: dst=512,192, w=64,h=64, src=896,0
18:31:58.529 [FXGL Background Thread 5 ] DEBUG TilesetLoader        - Writing to buffer: dst=576,192, w=64,h=64, src=896,0
18:31:58.529 [FXGL Background Thread 5 ] DEBUG TilesetLoader        - Writing to buffer: dst=640,192, w=64,h=64, src=896,0
18:31:58.529 [FXGL Background Thread 5 ] DEBUG TilesetLoader        - Writing to buffer: dst=704,192, w=64,h=64, src=896,0
18:31:58.530 [FXGL Background Thread 5 ] DEBUG TilesetLoader        - Writing to buffer: dst=768,192, w=64,h=64, src=896,0
18:31:58.530 [FXGL Background Thread 5 ] DEBUG TilesetLoader        - Writing to buffer: dst=832,192, w=64,h=64, src=896,0
18:31:58.530 [FXGL Background Thread 5 ] DEBUG TilesetLoader        - Writing to buffer: dst=896,192, w=64,h=64, src=960,0
18:31:58.530 [FXGL Background Thread 5 ] DEBUG TilesetLoader        - Writing to buffer: dst=0,256, w=64,h=64, src=960,0
18:31:58.530 [FXGL Background Thread 5 ] DEBUG TilesetLoader        - Writing to buffer: dst=64,256, w=64,h=64, src=896,0
18:31:58.531 [FXGL Background Thread 5 ] DEBUG TilesetLoader        - Writing to buffer: dst=128,256, w=64,h=64, src=192,0
18:31:58.531 [FXGL Background Thread 5 ] DEBUG TilesetLoader        - Writing to buffer: dst=192,256, w=64,h=64, src=896,0
18:31:58.531 [FXGL Background Thread 5 ] DEBUG TilesetLoader        - Writing to buffer: dst=256,256, w=64,h=64, src=192,0
18:31:58.531 [FXGL Background Thread 5 ] DEBUG TilesetLoader        - Writing to buffer: dst=320,256, w=64,h=64, src=896,0
18:31:58.532 [FXGL Background Thread 5 ] DEBUG TilesetLoader        - Writing to buffer: dst=384,256, w=64,h=64, src=192,0
18:31:58.532 [FXGL Background Thread 5 ] DEBUG TilesetLoader        - Writing to buffer: dst=448,256, w=64,h=64, src=896,0
18:31:58.532 [FXGL Background Thread 5 ] DEBUG TilesetLoader        - Writing to buffer: dst=512,256, w=64,h=64, src=192,0
18:31:58.533 [FXGL Background Thread 5 ] DEBUG TilesetLoader        - Writing to buffer: dst=576,256, w=64,h=64, src=896,0
18:31:58.533 [FXGL Background Thread 5 ] DEBUG TilesetLoader        - Writing to buffer: dst=640,256, w=64,h=64, src=192,0
18:31:58.533 [FXGL Background Thread 5 ] DEBUG TilesetLoader        - Writing to buffer: dst=704,256, w=64,h=64, src=896,0
18:31:58.533 [FXGL Background Thread 5 ] DEBUG TilesetLoader        - Writing to buffer: dst=768,256, w=64,h=64, src=192,0
18:31:58.534 [FXGL Background Thread 5 ] DEBUG TilesetLoader        - Writing to buffer: dst=832,256, w=64,h=64, src=896,0
18:31:58.534 [FXGL Background Thread 5 ] DEBUG TilesetLoader        - Writing to buffer: dst=896,256, w=64,h=64, src=960,0
18:31:58.534 [FXGL Background Thread 5 ] DEBUG TilesetLoader        - Writing to buffer: dst=0,320, w=64,h=64, src=960,0
18:31:58.534 [FXGL Background Thread 5 ] DEBUG TilesetLoader        - Writing to buffer: dst=64,320, w=64,h=64, src=896,0
18:31:58.534 [FXGL Background Thread 5 ] DEBUG TilesetLoader        - Writing to buffer: dst=128,320, w=64,h=64, src=896,0
18:31:58.535 [FXGL Background Thread 5 ] DEBUG TilesetLoader        - Writing to buffer: dst=192,320, w=64,h=64, src=896,0
18:31:58.535 [FXGL Background Thread 5 ] DEBUG TilesetLoader        - Writing to buffer: dst=256,320, w=64,h=64, src=896,0
18:31:58.535 [FXGL Background Thread 5 ] DEBUG TilesetLoader        - Writing to buffer: dst=320,320, w=64,h=64, src=896,0
18:31:58.536 [FXGL Background Thread 5 ] DEBUG TilesetLoader        - Writing to buffer: dst=384,320, w=64,h=64, src=896,0
18:31:58.536 [FXGL Background Thread 5 ] DEBUG TilesetLoader        - Writing to buffer: dst=448,320, w=64,h=64, src=896,0
18:31:58.536 [FXGL Background Thread 5 ] DEBUG TilesetLoader        - Writing to buffer: dst=512,320, w=64,h=64, src=896,0
18:31:58.537 [FXGL Background Thread 5 ] DEBUG TilesetLoader        - Writing to buffer: dst=576,320, w=64,h=64, src=896,0
18:31:58.537 [FXGL Background Thread 5 ] DEBUG TilesetLoader        - Writing to buffer: dst=640,320, w=64,h=64, src=896,0
18:31:58.537 [FXGL Background Thread 5 ] DEBUG TilesetLoader        - Writing to buffer: dst=704,320, w=64,h=64, src=896,0
18:31:58.538 [FXGL Background Thread 5 ] DEBUG TilesetLoader        - Writing to buffer: dst=768,320, w=64,h=64, src=896,0
18:31:58.538 [FXGL Background Thread 5 ] DEBUG TilesetLoader        - Writing to buffer: dst=832,320, w=64,h=64, src=896,0
18:31:58.538 [FXGL Background Thread 5 ] DEBUG TilesetLoader        - Writing to buffer: dst=896,320, w=64,h=64, src=960,0
18:31:58.538 [FXGL Background Thread 5 ] DEBUG TilesetLoader        - Writing to buffer: dst=0,384, w=64,h=64, src=960,0
18:31:58.539 [FXGL Background Thread 5 ] DEBUG TilesetLoader        - Writing to buffer: dst=64,384, w=64,h=64, src=896,0
18:31:58.539 [FXGL Background Thread 5 ] DEBUG TilesetLoader        - Writing to buffer: dst=128,384, w=64,h=64, src=192,0
18:31:58.539 [FXGL Background Thread 5 ] DEBUG TilesetLoader        - Writing to buffer: dst=192,384, w=64,h=64, src=896,0
18:31:58.540 [FXGL Background Thread 5 ] DEBUG TilesetLoader        - Writing to buffer: dst=256,384, w=64,h=64, src=192,0
18:31:58.540 [FXGL Background Thread 5 ] DEBUG TilesetLoader        - Writing to buffer: dst=320,384, w=64,h=64, src=896,0
18:31:58.541 [FXGL Background Thread 5 ] DEBUG TilesetLoader        - Writing to buffer: dst=384,384, w=64,h=64, src=192,0
18:31:58.541 [FXGL Background Thread 5 ] DEBUG TilesetLoader        - Writing to buffer: dst=448,384, w=64,h=64, src=896,0
18:31:58.541 [FXGL Background Thread 5 ] DEBUG TilesetLoader        - Writing to buffer: dst=512,384, w=64,h=64, src=192,0
18:31:58.542 [FXGL Background Thread 5 ] DEBUG TilesetLoader        - Writing to buffer: dst=576,384, w=64,h=64, src=896,0
18:31:58.542 [FXGL Background Thread 5 ] DEBUG TilesetLoader        - Writing to buffer: dst=640,384, w=64,h=64, src=192,0
18:31:58.543 [FXGL Background Thread 5 ] DEBUG TilesetLoader        - Writing to buffer: dst=704,384, w=64,h=64, src=896,0
18:31:58.543 [FXGL Background Thread 5 ] DEBUG TilesetLoader        - Writing to buffer: dst=768,384, w=64,h=64, src=192,0
18:31:58.543 [FXGL Background Thread 5 ] DEBUG TilesetLoader        - Writing to buffer: dst=832,384, w=64,h=64, src=896,0
18:31:58.544 [FXGL Background Thread 5 ] DEBUG TilesetLoader        - Writing to buffer: dst=896,384, w=64,h=64, src=960,0
18:31:58.544 [FXGL Background Thread 5 ] DEBUG TilesetLoader        - Writing to buffer: dst=0,448, w=64,h=64, src=960,0
18:31:58.544 [FXGL Background Thread 5 ] DEBUG TilesetLoader        - Writing to buffer: dst=64,448, w=64,h=64, src=896,0
18:31:58.544 [FXGL Background Thread 5 ] DEBUG TilesetLoader        - Writing to buffer: dst=128,448, w=64,h=64, src=896,0
18:31:58.545 [FXGL Background Thread 5 ] DEBUG TilesetLoader        - Writing to buffer: dst=192,448, w=64,h=64, src=896,0
18:31:58.545 [FXGL Background Thread 5 ] DEBUG TilesetLoader        - Writing to buffer: dst=256,448, w=64,h=64, src=896,0
18:31:58.545 [FXGL Background Thread 5 ] DEBUG TilesetLoader        - Writing to buffer: dst=320,448, w=64,h=64, src=896,0
18:31:58.546 [FXGL Background Thread 5 ] DEBUG TilesetLoader        - Writing to buffer: dst=384,448, w=64,h=64, src=896,0
18:31:58.547 [FXGL Background Thread 5 ] DEBUG TilesetLoader        - Writing to buffer: dst=448,448, w=64,h=64, src=896,0
18:31:58.547 [FXGL Background Thread 5 ] DEBUG TilesetLoader        - Writing to buffer: dst=512,448, w=64,h=64, src=896,0
18:31:58.547 [FXGL Background Thread 5 ] DEBUG TilesetLoader        - Writing to buffer: dst=576,448, w=64,h=64, src=896,0
18:31:58.548 [FXGL Background Thread 5 ] DEBUG TilesetLoader        - Writing to buffer: dst=640,448, w=64,h=64, src=896,0
18:31:58.548 [FXGL Background Thread 5 ] DEBUG TilesetLoader        - Writing to buffer: dst=704,448, w=64,h=64, src=896,0
18:31:58.548 [FXGL Background Thread 5 ] DEBUG TilesetLoader        - Writing to buffer: dst=768,448, w=64,h=64, src=896,0
18:31:58.548 [FXGL Background Thread 5 ] DEBUG TilesetLoader        - Writing to buffer: dst=832,448, w=64,h=64, src=896,0
18:31:58.549 [FXGL Background Thread 5 ] DEBUG TilesetLoader        - Writing to buffer: dst=896,448, w=64,h=64, src=960,0
18:31:58.549 [FXGL Background Thread 5 ] DEBUG TilesetLoader        - Writing to buffer: dst=0,512, w=64,h=64, src=960,0
18:31:58.549 [FXGL Background Thread 5 ] DEBUG TilesetLoader        - Writing to buffer: dst=64,512, w=64,h=64, src=896,0
18:31:58.549 [FXGL Background Thread 5 ] DEBUG TilesetLoader        - Writing to buffer: dst=128,512, w=64,h=64, src=192,0
18:31:58.550 [FXGL Background Thread 5 ] DEBUG TilesetLoader        - Writing to buffer: dst=192,512, w=64,h=64, src=896,0
18:31:58.550 [FXGL Background Thread 5 ] DEBUG TilesetLoader        - Writing to buffer: dst=256,512, w=64,h=64, src=192,0
18:31:58.550 [FXGL Background Thread 5 ] DEBUG TilesetLoader        - Writing to buffer: dst=320,512, w=64,h=64, src=896,0
18:31:58.551 [FXGL Background Thread 5 ] DEBUG TilesetLoader        - Writing to buffer: dst=384,512, w=64,h=64, src=192,0
18:31:58.551 [FXGL Background Thread 5 ] DEBUG TilesetLoader        - Writing to buffer: dst=448,512, w=64,h=64, src=896,0
18:31:58.552 [FXGL Background Thread 5 ] DEBUG TilesetLoader        - Writing to buffer: dst=512,512, w=64,h=64, src=192,0
18:31:58.552 [FXGL Background Thread 5 ] DEBUG TilesetLoader        - Writing to buffer: dst=576,512, w=64,h=64, src=896,0
18:31:58.552 [FXGL Background Thread 5 ] DEBUG TilesetLoader        - Writing to buffer: dst=640,512, w=64,h=64, src=192,0
18:31:58.553 [FXGL Background Thread 5 ] DEBUG TilesetLoader        - Writing to buffer: dst=704,512, w=64,h=64, src=896,0
18:31:58.553 [FXGL Background Thread 5 ] DEBUG TilesetLoader        - Writing to buffer: dst=768,512, w=64,h=64, src=192,0
18:31:58.553 [FXGL Background Thread 5 ] DEBUG TilesetLoader        - Writing to buffer: dst=832,512, w=64,h=64, src=896,0
18:31:58.553 [FXGL Background Thread 5 ] DEBUG TilesetLoader        - Writing to buffer: dst=896,512, w=64,h=64, src=960,0
18:31:58.554 [FXGL Background Thread 5 ] DEBUG TilesetLoader        - Writing to buffer: dst=0,576, w=64,h=64, src=960,0
18:31:58.554 [FXGL Background Thread 5 ] DEBUG TilesetLoader        - Writing to buffer: dst=64,576, w=64,h=64, src=896,0
18:31:58.554 [FXGL Background Thread 5 ] DEBUG TilesetLoader        - Writing to buffer: dst=128,576, w=64,h=64, src=896,0
18:31:58.554 [FXGL Background Thread 5 ] DEBUG TilesetLoader        - Writing to buffer: dst=192,576, w=64,h=64, src=896,0
18:31:58.554 [FXGL Background Thread 5 ] DEBUG TilesetLoader        - Writing to buffer: dst=256,576, w=64,h=64, src=896,0
18:31:58.555 [FXGL Background Thread 5 ] DEBUG TilesetLoader        - Writing to buffer: dst=320,576, w=64,h=64, src=896,0
18:31:58.555 [FXGL Background Thread 5 ] DEBUG TilesetLoader        - Writing to buffer: dst=384,576, w=64,h=64, src=896,0
18:31:58.555 [FXGL Background Thread 5 ] DEBUG TilesetLoader        - Writing to buffer: dst=448,576, w=64,h=64, src=896,0
18:31:58.555 [FXGL Background Thread 5 ] DEBUG TilesetLoader        - Writing to buffer: dst=512,576, w=64,h=64, src=896,0
18:31:58.556 [FXGL Background Thread 5 ] DEBUG TilesetLoader        - Writing to buffer: dst=576,576, w=64,h=64, src=896,0
18:31:58.557 [FXGL Background Thread 5 ] DEBUG TilesetLoader        - Writing to buffer: dst=640,576, w=64,h=64, src=896,0
18:31:58.557 [FXGL Background Thread 5 ] DEBUG TilesetLoader        - Writing to buffer: dst=704,576, w=64,h=64, src=896,0
18:31:58.557 [FXGL Background Thread 5 ] DEBUG TilesetLoader        - Writing to buffer: dst=768,576, w=64,h=64, src=896,0
18:31:58.557 [FXGL Background Thread 5 ] DEBUG TilesetLoader        - Writing to buffer: dst=832,576, w=64,h=64, src=896,0
18:31:58.558 [FXGL Background Thread 5 ] DEBUG TilesetLoader        - Writing to buffer: dst=896,576, w=64,h=64, src=960,0
18:31:58.558 [FXGL Background Thread 5 ] DEBUG TilesetLoader        - Writing to buffer: dst=0,640, w=64,h=64, src=960,0
18:31:58.558 [FXGL Background Thread 5 ] DEBUG TilesetLoader        - Writing to buffer: dst=64,640, w=64,h=64, src=896,0
18:31:58.559 [FXGL Background Thread 5 ] DEBUG TilesetLoader        - Writing to buffer: dst=128,640, w=64,h=64, src=192,0
18:31:58.559 [FXGL Background Thread 5 ] DEBUG TilesetLoader        - Writing to buffer: dst=192,640, w=64,h=64, src=896,0
18:31:58.559 [FXGL Background Thread 5 ] DEBUG TilesetLoader        - Writing to buffer: dst=256,640, w=64,h=64, src=192,0
18:31:58.559 [FXGL Background Thread 5 ] DEBUG TilesetLoader        - Writing to buffer: dst=320,640, w=64,h=64, src=896,0
18:31:58.559 [FXGL Background Thread 5 ] DEBUG TilesetLoader        - Writing to buffer: dst=384,640, w=64,h=64, src=192,0
18:31:58.560 [FXGL Background Thread 5 ] DEBUG TilesetLoader        - Writing to buffer: dst=448,640, w=64,h=64, src=896,0
18:31:58.560 [FXGL Background Thread 5 ] DEBUG TilesetLoader        - Writing to buffer: dst=512,640, w=64,h=64, src=192,0
18:31:58.560 [FXGL Background Thread 5 ] DEBUG TilesetLoader        - Writing to buffer: dst=576,640, w=64,h=64, src=896,0
18:31:58.561 [FXGL Background Thread 5 ] DEBUG TilesetLoader        - Writing to buffer: dst=640,640, w=64,h=64, src=192,0
18:31:58.561 [FXGL Background Thread 5 ] DEBUG TilesetLoader        - Writing to buffer: dst=704,640, w=64,h=64, src=896,0
18:31:58.562 [FXGL Background Thread 5 ] DEBUG TilesetLoader        - Writing to buffer: dst=768,640, w=64,h=64, src=1024,0
18:31:58.562 [FXGL Background Thread 5 ] DEBUG TilesetLoader        - Writing to buffer: dst=832,640, w=64,h=64, src=896,0
18:31:58.562 [FXGL Background Thread 5 ] DEBUG TilesetLoader        - Writing to buffer: dst=896,640, w=64,h=64, src=960,0
18:31:58.562 [FXGL Background Thread 5 ] DEBUG TilesetLoader        - Writing to buffer: dst=0,704, w=64,h=64, src=960,0
18:31:58.562 [FXGL Background Thread 5 ] DEBUG TilesetLoader        - Writing to buffer: dst=64,704, w=64,h=64, src=896,0
18:31:58.563 [FXGL Background Thread 5 ] DEBUG TilesetLoader        - Writing to buffer: dst=128,704, w=64,h=64, src=896,0
18:31:58.563 [FXGL Background Thread 5 ] DEBUG TilesetLoader        - Writing to buffer: dst=192,704, w=64,h=64, src=896,0
18:31:58.563 [FXGL Background Thread 5 ] DEBUG TilesetLoader        - Writing to buffer: dst=256,704, w=64,h=64, src=896,0
18:31:58.563 [FXGL Background Thread 5 ] DEBUG TilesetLoader        - Writing to buffer: dst=320,704, w=64,h=64, src=896,0
18:31:58.563 [FXGL Background Thread 5 ] DEBUG TilesetLoader        - Writing to buffer: dst=384,704, w=64,h=64, src=896,0
18:31:58.563 [FXGL Background Thread 5 ] DEBUG TilesetLoader        - Writing to buffer: dst=448,704, w=64,h=64, src=896,0
18:31:58.564 [FXGL Background Thread 5 ] DEBUG TilesetLoader        - Writing to buffer: dst=512,704, w=64,h=64, src=896,0
18:31:58.564 [FXGL Background Thread 5 ] DEBUG TilesetLoader        - Writing to buffer: dst=576,704, w=64,h=64, src=896,0
18:31:58.564 [FXGL Background Thread 5 ] DEBUG TilesetLoader        - Writing to buffer: dst=640,704, w=64,h=64, src=896,0
18:31:58.565 [FXGL Background Thread 5 ] DEBUG TilesetLoader        - Writing to buffer: dst=704,704, w=64,h=64, src=896,0
18:31:58.566 [FXGL Background Thread 5 ] DEBUG TilesetLoader        - Writing to buffer: dst=768,704, w=64,h=64, src=896,0
18:31:58.566 [FXGL Background Thread 5 ] DEBUG TilesetLoader        - Writing to buffer: dst=832,704, w=64,h=64, src=896,0
18:31:58.566 [FXGL Background Thread 5 ] DEBUG TilesetLoader        - Writing to buffer: dst=896,704, w=64,h=64, src=960,0
18:31:58.566 [FXGL Background Thread 5 ] DEBUG TilesetLoader        - Writing to buffer: dst=0,768, w=64,h=64, src=960,0
18:31:58.567 [FXGL Background Thread 5 ] DEBUG TilesetLoader        - Writing to buffer: dst=64,768, w=64,h=64, src=960,0
18:31:58.567 [FXGL Background Thread 5 ] DEBUG TilesetLoader        - Writing to buffer: dst=128,768, w=64,h=64, src=960,0
18:31:58.567 [FXGL Background Thread 5 ] DEBUG TilesetLoader        - Writing to buffer: dst=192,768, w=64,h=64, src=960,0
18:31:58.567 [FXGL Background Thread 5 ] DEBUG TilesetLoader        - Writing to buffer: dst=256,768, w=64,h=64, src=960,0
18:31:58.567 [FXGL Background Thread 5 ] DEBUG TilesetLoader        - Writing to buffer: dst=320,768, w=64,h=64, src=960,0
18:31:58.567 [FXGL Background Thread 5 ] DEBUG TilesetLoader        - Writing to buffer: dst=384,768, w=64,h=64, src=960,0
18:31:58.568 [FXGL Background Thread 5 ] DEBUG TilesetLoader        - Writing to buffer: dst=448,768, w=64,h=64, src=960,0
18:31:58.568 [FXGL Background Thread 5 ] DEBUG TilesetLoader        - Writing to buffer: dst=512,768, w=64,h=64, src=960,0
18:31:58.568 [FXGL Background Thread 5 ] DEBUG TilesetLoader        - Writing to buffer: dst=576,768, w=64,h=64, src=960,0
18:31:58.568 [FXGL Background Thread 5 ] DEBUG TilesetLoader        - Writing to buffer: dst=640,768, w=64,h=64, src=960,0
18:31:58.569 [FXGL Background Thread 5 ] DEBUG TilesetLoader        - Writing to buffer: dst=704,768, w=64,h=64, src=960,0
18:31:58.569 [FXGL Background Thread 5 ] DEBUG TilesetLoader        - Writing to buffer: dst=768,768, w=64,h=64, src=960,0
18:31:58.570 [FXGL Background Thread 5 ] DEBUG TilesetLoader        - Writing to buffer: dst=832,768, w=64,h=64, src=960,0
18:31:58.570 [FXGL Background Thread 5 ] DEBUG TilesetLoader        - Writing to buffer: dst=896,768, w=64,h=64, src=960,0
18:31:58.570 [FXGL Background Thread 5 ] DEBUG TMXLevelLoader       - Creating object layer entities
18:31:58.577 [FXGL Background Thread 5 ] DEBUG GameWorld            - Clearing removable entities
18:31:58.577 [FXGL Background Thread 5 ] DEBUG GameWorld            - Setting level: com.almasb.fxgl.entity.level.Level@13e17793
18:31:58.626 [FXGL Background Thread 5 ] DEBUG AudioPlayer          - Playing music com.almasb.fxgl.audio.Music@4a53b80f
18:31:58.631 [FXGL Background Thread 5 ] INFO  FXGLApplication      - Game initialization took: 0,136 sec
18:31:58.980 [JavaFX Application Thread] DEBUG Input                - Clearing active input actions
18:31:58.985 [JavaFX Application Thread] DEBUG GameApplicationServi - Removing overlay from FXGLLoadingScene and adding to GameScene
18:31:58.986 [JavaFX Application Thread] DEBUG PrimaryStageWindow   - FXGLLoadingScene -> GameScene
18:33:04.761 [JavaFX Application Thread] DEBUG FXGLApplication      - Exiting FXGL
18:33:04.761 [JavaFX Application Thread] DEBUG LoopRunner           - Stopping loop
18:33:04.762 [JavaFX Application Thread] DEBUG SystemBundleService  - Saving FXGL system data
18:33:04.768 [JavaFX Application Thread] DEBUG FileSystemAccess     - Writing to: C:\Users\0705s\OneDrive\Desktop\SE-Challengeweek\system\fxgl.bundle
18:33:04.773 [JavaFX Application Thread] DEBUG Async                - Shutting down background threads
18:33:04.774 [JavaFX Application Thread] DEBUG PrimaryStageWindow   - Closing main window
18:33:04.801 [JavaFX Application Thread] DEBUG Logger               - Closing Logger
