12:10:36.165 [main                     ] DEBUG Logger               - Configured Logger
12:10:36.178 [main                     ] DEBUG GameApplication      - Logging settings
Title: Untitled
Version: 0.0
Width: 1050
Height: 700
Fullscreen: false
Intro: false
Profiling: false
Single step:false
App Mode: DEVELOPER
Menu Key: ESCAPE
Stage Style: DECORATED
Scene Factory: class com.almasb.fxgl.app.scene.SceneFactory

12:10:36.499 [JavaFX Application Thread] DEBUG FXGLApplication      - Initializing FXGL
12:10:36.501 [JavaFX Application Thread] INFO  Engine               - FXGL-11.14 (01.03.2021 16.59) on WINDOWS (J:15.0.2 FX:15)
12:10:36.501 [JavaFX Application Thread] DEBUG Engine               - JRE Vendor Name: Amazon.com Inc.
12:10:36.501 [JavaFX Application Thread] DEBUG Engine               - Running on OS: Windows 10 version 10.0
12:10:36.501 [JavaFX Application Thread] DEBUG Engine               - Architecture: amd64
12:10:36.502 [JavaFX Application Thread] INFO  Engine               - Source code and latest versions at: https://github.com/AlmasB/FXGL
12:10:36.502 [JavaFX Application Thread] INFO  Engine               -              Join the FXGL chat at: https://gitter.im/AlmasB/FXGL
12:10:36.596 [JavaFX Application Thread] DEBUG PrimaryStageWindow   - Creating a JavaFX scene
12:10:36.638 [JavaFX Application Thread] DEBUG PrimaryStageWindow   - Target settings size: 1050.0 x 700.0
12:10:36.638 [JavaFX Application Thread] DEBUG PrimaryStageWindow   - Scaled scene size:    1050.0 x 700.0
12:10:36.638 [JavaFX Application Thread] DEBUG PrimaryStageWindow   - Scaled ratio: (1.0, 1.0)
12:10:36.639 [JavaFX Application Thread] DEBUG PrimaryStageWindow   - Set initial scene to FXGLStartupScene
12:10:36.645 [JavaFX Application Thread] DEBUG PrimaryStageWindow   - Opening main window
12:10:36.719 [JavaFX Application Thread] DEBUG PrimaryStageWindow   - Window border size: (14.800048828125, 37.5999755859375)
12:10:36.720 [JavaFX Application Thread] DEBUG PrimaryStageWindow   - Scaled size: 1050.0 x 700.0
12:10:36.720 [JavaFX Application Thread] DEBUG PrimaryStageWindow   - Scaled ratio: (1.0, 1.0)
12:10:36.720 [JavaFX Application Thread] DEBUG PrimaryStageWindow   - Scene size: 1050.0 x 700.0
12:10:36.721 [JavaFX Application Thread] DEBUG PrimaryStageWindow   - Stage size: 1064.800048828125 x 737.5999755859375
12:10:36.727 [FXGL Background Thread 1 ] DEBUG Engine               - Initializing environment variables
12:10:36.767 [FXGL Background Thread 1 ] DEBUG FXGLAssetLoaderServi - User app class for loading assets: class Game
12:10:36.767 [FXGL Background Thread 1 ] DEBUG GameApplicationServi - Applying CSS: fxgl_dark.css
12:10:36.768 [FXGL Background Thread 1 ] DEBUG FXGLAssetLoaderServi - Loading from file system: jar:file:/C:/Users/stanm/.m2/repository/com/github/almasb/fxgl/11.14/fxgl-11.14.jar!/fxglassets/ui/css/fxgl_dark.css
12:10:36.815 [FXGL Background Thread 1 ] DEBUG GameApplicationServi - Initializing application scenes
12:10:36.845 [FXGL Background Thread 1 ] DEBUG GameWorld            - Game world initialized
12:10:36.896 [FXGL Background Thread 1 ] DEBUG PhysicsWorld         - Physics world initialized: appHeight=700, physics.ppm=50,0
12:10:36.896 [FXGL Background Thread 1 ] DEBUG PhysicsWorld         - Using strategy: BRUTE_FORCE
12:10:36.898 [FXGL Background Thread 1 ] DEBUG GameScene            - Game scene initialized: 1050x700
12:10:36.934 [FXGL Background Thread 1 ] DEBUG FXGLAssetLoaderServi - Loading from file system: jar:file:/C:/Users/stanm/.m2/repository/com/github/almasb/fxgl/11.14/fxgl-11.14.jar!/fxglassets/textures/particles/trace_horizontal.png
12:10:36.977 [FXGL Background Thread 1 ] DEBUG FXGL.DefaultMenu     - createMenuBodyGameMenu()
12:10:36.989 [FXGL Background Thread 1 ] DEBUG FXGL.DefaultMenu     - createOptionsMenu()
12:10:36.993 [FXGL Background Thread 1 ] DEBUG FXGLAssetLoaderServi - Loading from file system: jar:file:/C:/Users/stanm/.m2/repository/com/github/almasb/fxgl/11.14/fxgl-11.14.jar!/fxglassets/textures/particles/smoke.png
12:10:37.033 [FXGL Background Thread 1 ] DEBUG GameApplicationServi - Application scenes initialized
12:10:37.041 [FXGL Background Thread 1 ] DEBUG SystemBundleService  - Loading FXGL system data
12:10:37.044 [FXGL Background Thread 1 ] DEBUG FileSystemAccess     - Reading from: C:\Users\stanm\Documents\SE-Challengeweek\system\fxgl.bundle
12:10:37.050 [FXGL Background Thread 1 ] DEBUG SystemBundleService  - Bundle FXGL: {}
12:10:37.050 [FXGL Background Thread 1 ] DEBUG UpdaterService       - Checking for updates
12:10:37.073 [FXGL Background Thread 4 ] DEBUG FXGLApplication      - Loading fonts
12:10:37.073 [FXGL Background Thread 1 ] DEBUG FXGLApplication      - Loading default localization
12:10:37.073 [FXGL Background Thread 4 ] DEBUG FXGLAssetLoaderServi - Loading from file system: jar:file:/C:/Users/stanm/.m2/repository/com/github/almasb/fxgl/11.14/fxgl-11.14.jar!/fxglassets/ui/fonts/VarelaRound-Regular.ttf
12:10:37.074 [FXGL Background Thread 1 ] DEBUG FXGLAssetLoaderServi - Loading from file system: jar:file:/C:/Users/stanm/.m2/repository/com/github/almasb/fxgl/11.14/fxgl-11.14.jar!/fxglassets/languages/english.lang
12:10:37.085 [FXGL Background Thread 1 ] INFO  FXGLApplication      - FXGL initialization took: 0,358 sec
12:10:37.096 [JavaFX Application Thread] DEBUG Input                - Registered new binding: Right - D
12:10:37.096 [JavaFX Application Thread] DEBUG Input                - Registered new binding: Left - A
12:10:37.096 [JavaFX Application Thread] DEBUG Input                - Registered new binding: Up - W
12:10:37.096 [JavaFX Application Thread] DEBUG Input                - Registered new binding: Down - S
12:10:37.097 [JavaFX Application Thread] DEBUG FXGLAssetLoaderServi - Loading from file system: jar:file:/C:/Users/stanm/.m2/repository/com/github/almasb/fxgl/11.14/fxgl-11.14.jar!/fxglassets/textures/fxgl_icon.png
12:10:37.109 [JavaFX Application Thread] DEBUG FXGLAssetLoaderServi - Loading from file system: jar:file:/C:/Users/stanm/.m2/repository/com/github/almasb/fxgl/11.14/fxgl-11.14.jar!/fxglassets/ui/cursors/fxgl_default.png
12:10:37.111 [JavaFX Application Thread] DEBUG Input                - Registered new binding: Screenshot - P
12:10:37.111 [JavaFX Application Thread] DEBUG Input                - Registered new binding: Dev Options - 1
12:10:37.112 [JavaFX Application Thread] DEBUG Input                - Registered new binding: Dev Console - 2
12:10:37.113 [JavaFX Application Thread] DEBUG Input                - Registered new binding: System info dump - CTRL+9
12:10:37.113 [JavaFX Application Thread] DEBUG Input                - Registered new binding: Restart - CTRL+R
12:10:37.114 [JavaFX Application Thread] DEBUG Input                - Registered new binding: Toggle Debug Camera - CTRL+C
12:10:37.117 [JavaFX Application Thread] DEBUG LoopRunner           - Starting loop
12:10:37.131 [FXGL Background Thread 4 ] DEBUG FXGLAssetLoaderServi - Loading from file system: jar:file:/C:/Users/stanm/.m2/repository/com/github/almasb/fxgl/11.14/fxgl-11.14.jar!/fxglassets/ui/fonts/Abel-Regular.ttf
12:10:37.135 [JavaFX Application Thread] DEBUG LoopRunner           - Initializing JavaFX AnimationTimerLoop
12:10:37.136 [JavaFX Application Thread] DEBUG GameApplicationServi - Starting new game
12:10:37.137 [JavaFX Application Thread] DEBUG Input                - Clearing active input actions
12:10:37.144 [FXGL Background Thread 4 ] DEBUG FXGLAssetLoaderServi - Loading from file system: jar:file:/C:/Users/stanm/.m2/repository/com/github/almasb/fxgl/11.14/fxgl-11.14.jar!/fxglassets/ui/fonts/lucida_console.ttf
12:10:37.147 [JavaFX Application Thread] DEBUG GameApplicationServi - Removing overlay from FXGLStartupScene and adding to FXGLLoadingScene
12:10:37.150 [JavaFX Application Thread] DEBUG PrimaryStageWindow   - FXGLStartupScene -> FXGLLoadingScene
12:10:37.151 [JavaFX Application Thread] DEBUG GameApplicationServi - Clearing previous game
12:10:37.151 [JavaFX Application Thread] DEBUG GameScene            - Clearing game scene
12:10:37.151 [JavaFX Application Thread] DEBUG GameWorld            - Clearing game world
12:10:37.151 [JavaFX Application Thread] DEBUG PhysicsWorld         - Clearing physics world
12:10:37.153 [FXGL Background Thread 1 ] DEBUG FXGLApplication      - Initializing game
12:10:37.155 [FXGL Background Thread 4 ] DEBUG FXGLAssetLoaderServi - Loading from file system: jar:file:/C:/Users/stanm/.m2/repository/com/github/almasb/fxgl/11.14/fxgl-11.14.jar!/fxglassets/ui/fonts/Courier-Prime.ttf
12:10:37.182 [FXGL Background Thread 1 ] WARN  TMXLevelLoader       - TiledMap generated from 1.0.1. Supported version: 1.2.3. Some features may not be parsed fully.
12:10:37.197 [FXGL Background Thread 1 ] DEBUG TMXLevelLoader       - Parsed raw map: TiledMap(width=15, height=13, tilewidth=64, tileheight=64, orientation=orthogonal, layers=[Layer(width=15, height=13, name=Tile Layer 1, type=tilelayer, visible=false, x=0, y=0, data=[5, 5, 5, 5, 5, 5, 5, 5, 5, 5, 5, 5, 5, 5, 5, 5, 2, 2, 2, 2, 2, 2, 2, 2, 2, 2, 2, 2, 2, 5, 5, 2, 8, 2, 8, 2, 8, 2, 8, 2, 8, 2, 8, 2, 5, 5, 2, 2, 2, 2, 2, 2, 2, 2, 2, 2, 2, 2, 2, 5, 5, 2, 8, 2, 8, 2, 8, 2, 8, 2, 8, 2, 8, 2, 5, 5, 2, 2, 2, 2, 2, 2, 2, 2, 2, 2, 2, 2, 2, 5, 5, 2, 8, 2, 8, 2, 8, 2, 8, 2, 8, 2, 8, 2, 5, 5, 2, 2, 2, 2, 2, 2, 2, 2, 2, 2, 2, 2, 2, 5, 5, 2, 8, 2, 8, 2, 8, 2, 8, 2, 8, 2, 8, 2, 5, 5, 2, 2, 2, 2, 2, 2, 2, 2, 2, 2, 2, 2, 2, 5, 5, 2, 8, 2, 8, 2, 8, 2, 8, 2, 8, 2, 8, 2, 5, 5, 2, 2, 2, 2, 2, 2, 2, 2, 2, 2, 2, 2, 2, 5, 5, 5, 5, 5, 5, 5, 5, 5, 5, 5, 5, 5, 5, 5, 5], objects=[], opacity=0.0, draworder=), Layer(width=0, height=0, name=Object Layer 1, type=objectgroup, visible=false, x=0, y=0, data=[], objects=[com.almasb.fxgl.entity.level.tiled.TiledObject@2c756017, com.almasb.fxgl.entity.level.tiled.TiledObject@65e4e8b4, com.almasb.fxgl.entity.level.tiled.TiledObject@566afc32, com.almasb.fxgl.entity.level.tiled.TiledObject@4073668d, com.almasb.fxgl.entity.level.tiled.TiledObject@4781c34c, com.almasb.fxgl.entity.level.tiled.TiledObject@5e23240, com.almasb.fxgl.entity.level.tiled.TiledObject@4e8d5a2, com.almasb.fxgl.entity.level.tiled.TiledObject@5f748cbc, com.almasb.fxgl.entity.level.tiled.TiledObject@1626bfbd, com.almasb.fxgl.entity.level.tiled.TiledObject@242ef0b, com.almasb.fxgl.entity.level.tiled.TiledObject@40c57f24, com.almasb.fxgl.entity.level.tiled.TiledObject@3b2f0aec, com.almasb.fxgl.entity.level.tiled.TiledObject@18579163, com.almasb.fxgl.entity.level.tiled.TiledObject@df81fd5, com.almasb.fxgl.entity.level.tiled.TiledObject@66af6d11, com.almasb.fxgl.entity.level.tiled.TiledObject@25146342, com.almasb.fxgl.entity.level.tiled.TiledObject@16c320a, com.almasb.fxgl.entity.level.tiled.TiledObject@4c279345, com.almasb.fxgl.entity.level.tiled.TiledObject@517da835, com.almasb.fxgl.entity.level.tiled.TiledObject@57f5df2b, com.almasb.fxgl.entity.level.tiled.TiledObject@37e95bbd, com.almasb.fxgl.entity.level.tiled.TiledObject@47a45bbe, com.almasb.fxgl.entity.level.tiled.TiledObject@7b247f7f, com.almasb.fxgl.entity.level.tiled.TiledObject@251fbb7, com.almasb.fxgl.entity.level.tiled.TiledObject@7f187cf3, com.almasb.fxgl.entity.level.tiled.TiledObject@1a84a105, com.almasb.fxgl.entity.level.tiled.TiledObject@4203eaad, com.almasb.fxgl.entity.level.tiled.TiledObject@4f023d19, com.almasb.fxgl.entity.level.tiled.TiledObject@73412fee, com.almasb.fxgl.entity.level.tiled.TiledObject@4c72340a, com.almasb.fxgl.entity.level.tiled.TiledObject@11f9e9ab, com.almasb.fxgl.entity.level.tiled.TiledObject@4f4de478, com.almasb.fxgl.entity.level.tiled.TiledObject@35899c20, com.almasb.fxgl.entity.level.tiled.TiledObject@68862cff], opacity=0.0, draworder=)], tilesets=[Tileset(firstgid=1, image=tileset level 2.png, name=tileset level 2, tilewidth=64, tileheight=64, imagewidth=320, imageheight=64, margin=0, spacing=2, columns=4, tilecount=4, transparentcolor=, tiles=[]), Tileset(firstgid=5, image=tileset level 1.png, name=tileset level 1, tilewidth=64, tileheight=64, imagewidth=320, imageheight=64, margin=0, spacing=2, columns=4, tilecount=4, transparentcolor=, tiles=[])], backgroundcolor=, renderorder=right-down, nextobjectid=310, version=1, tiledversion=1.0.1, type=map, infinite=false, hexsidelength=0, staggeraxis=, staggerindex=, properties={}, propertytypes={})
12:10:37.198 [FXGL Background Thread 1 ] DEBUG TMXLevelLoader       - Creating tile layer entities
12:10:37.198 [FXGL Background Thread 1 ] DEBUG TilesetLoader        - Loading view for layer Tile Layer 1
12:10:37.199 [FXGL Background Thread 1 ] DEBUG TilesetLoader        - Created buffer with size 960.0x832.0
12:10:37.201 [FXGL Background Thread 1 ] DEBUG TilesetLoader        - Writing to buffer: dst=0,0, w=64,h=64, src=0,0
12:10:37.202 [FXGL Background Thread 1 ] DEBUG TilesetLoader        - Writing to buffer: dst=64,0, w=64,h=64, src=0,0
12:10:37.202 [FXGL Background Thread 1 ] DEBUG TilesetLoader        - Writing to buffer: dst=128,0, w=64,h=64, src=0,0
12:10:37.203 [FXGL Background Thread 1 ] DEBUG TilesetLoader        - Writing to buffer: dst=192,0, w=64,h=64, src=0,0
12:10:37.203 [FXGL Background Thread 1 ] DEBUG TilesetLoader        - Writing to buffer: dst=256,0, w=64,h=64, src=0,0
12:10:37.203 [FXGL Background Thread 1 ] DEBUG TilesetLoader        - Writing to buffer: dst=320,0, w=64,h=64, src=0,0
12:10:37.203 [FXGL Background Thread 1 ] DEBUG TilesetLoader        - Writing to buffer: dst=384,0, w=64,h=64, src=0,0
12:10:37.204 [FXGL Background Thread 1 ] DEBUG TilesetLoader        - Writing to buffer: dst=448,0, w=64,h=64, src=0,0
12:10:37.204 [FXGL Background Thread 1 ] DEBUG TilesetLoader        - Writing to buffer: dst=512,0, w=64,h=64, src=0,0
12:10:37.204 [FXGL Background Thread 1 ] DEBUG TilesetLoader        - Writing to buffer: dst=576,0, w=64,h=64, src=0,0
12:10:37.205 [FXGL Background Thread 1 ] DEBUG TilesetLoader        - Writing to buffer: dst=640,0, w=64,h=64, src=0,0
12:10:37.205 [FXGL Background Thread 1 ] DEBUG TilesetLoader        - Writing to buffer: dst=704,0, w=64,h=64, src=0,0
12:10:37.206 [FXGL Background Thread 1 ] DEBUG TilesetLoader        - Writing to buffer: dst=768,0, w=64,h=64, src=0,0
12:10:37.206 [FXGL Background Thread 1 ] DEBUG TilesetLoader        - Writing to buffer: dst=832,0, w=64,h=64, src=0,0
12:10:37.206 [FXGL Background Thread 1 ] DEBUG TilesetLoader        - Writing to buffer: dst=896,0, w=64,h=64, src=0,0
12:10:37.206 [FXGL Background Thread 1 ] DEBUG TilesetLoader        - Writing to buffer: dst=0,64, w=64,h=64, src=0,0
12:10:37.209 [FXGL Background Thread 1 ] DEBUG TilesetLoader        - Writing to buffer: dst=64,64, w=64,h=64, src=66,0
12:10:37.210 [FXGL Background Thread 1 ] DEBUG TilesetLoader        - Writing to buffer: dst=128,64, w=64,h=64, src=66,0
12:10:37.210 [FXGL Background Thread 1 ] DEBUG TilesetLoader        - Writing to buffer: dst=192,64, w=64,h=64, src=66,0
12:10:37.210 [FXGL Background Thread 1 ] DEBUG TilesetLoader        - Writing to buffer: dst=256,64, w=64,h=64, src=66,0
12:10:37.210 [FXGL Background Thread 1 ] DEBUG TilesetLoader        - Writing to buffer: dst=320,64, w=64,h=64, src=66,0
12:10:37.210 [FXGL Background Thread 1 ] DEBUG TilesetLoader        - Writing to buffer: dst=384,64, w=64,h=64, src=66,0
12:10:37.211 [FXGL Background Thread 1 ] DEBUG TilesetLoader        - Writing to buffer: dst=448,64, w=64,h=64, src=66,0
12:10:37.211 [FXGL Background Thread 1 ] DEBUG TilesetLoader        - Writing to buffer: dst=512,64, w=64,h=64, src=66,0
12:10:37.211 [FXGL Background Thread 1 ] DEBUG TilesetLoader        - Writing to buffer: dst=576,64, w=64,h=64, src=66,0
12:10:37.211 [FXGL Background Thread 1 ] DEBUG TilesetLoader        - Writing to buffer: dst=640,64, w=64,h=64, src=66,0
12:10:37.211 [FXGL Background Thread 1 ] DEBUG TilesetLoader        - Writing to buffer: dst=704,64, w=64,h=64, src=66,0
12:10:37.212 [FXGL Background Thread 1 ] DEBUG TilesetLoader        - Writing to buffer: dst=768,64, w=64,h=64, src=66,0
12:10:37.212 [FXGL Background Thread 1 ] DEBUG TilesetLoader        - Writing to buffer: dst=832,64, w=64,h=64, src=66,0
12:10:37.213 [FXGL Background Thread 1 ] DEBUG TilesetLoader        - Writing to buffer: dst=896,64, w=64,h=64, src=0,0
12:10:37.213 [FXGL Background Thread 1 ] DEBUG TilesetLoader        - Writing to buffer: dst=0,128, w=64,h=64, src=0,0
12:10:37.213 [FXGL Background Thread 1 ] DEBUG TilesetLoader        - Writing to buffer: dst=64,128, w=64,h=64, src=66,0
12:10:37.214 [FXGL Background Thread 1 ] DEBUG TilesetLoader        - Writing to buffer: dst=128,128, w=64,h=64, src=198,0
12:10:37.214 [FXGL Background Thread 1 ] DEBUG TilesetLoader        - Writing to buffer: dst=192,128, w=64,h=64, src=66,0
12:10:37.214 [FXGL Background Thread 1 ] DEBUG TilesetLoader        - Writing to buffer: dst=256,128, w=64,h=64, src=198,0
12:10:37.215 [FXGL Background Thread 1 ] DEBUG TilesetLoader        - Writing to buffer: dst=320,128, w=64,h=64, src=66,0
12:10:37.215 [FXGL Background Thread 1 ] DEBUG TilesetLoader        - Writing to buffer: dst=384,128, w=64,h=64, src=198,0
12:10:37.215 [FXGL Background Thread 1 ] DEBUG TilesetLoader        - Writing to buffer: dst=448,128, w=64,h=64, src=66,0
12:10:37.216 [FXGL Background Thread 1 ] DEBUG TilesetLoader        - Writing to buffer: dst=512,128, w=64,h=64, src=198,0
12:10:37.216 [FXGL Background Thread 1 ] DEBUG TilesetLoader        - Writing to buffer: dst=576,128, w=64,h=64, src=66,0
12:10:37.216 [FXGL Background Thread 1 ] DEBUG TilesetLoader        - Writing to buffer: dst=640,128, w=64,h=64, src=198,0
12:10:37.216 [FXGL Background Thread 1 ] DEBUG TilesetLoader        - Writing to buffer: dst=704,128, w=64,h=64, src=66,0
12:10:37.217 [FXGL Background Thread 1 ] DEBUG TilesetLoader        - Writing to buffer: dst=768,128, w=64,h=64, src=198,0
12:10:37.217 [FXGL Background Thread 1 ] DEBUG TilesetLoader        - Writing to buffer: dst=832,128, w=64,h=64, src=66,0
12:10:37.218 [FXGL Background Thread 1 ] DEBUG TilesetLoader        - Writing to buffer: dst=896,128, w=64,h=64, src=0,0
12:10:37.218 [FXGL Background Thread 1 ] DEBUG TilesetLoader        - Writing to buffer: dst=0,192, w=64,h=64, src=0,0
12:10:37.218 [FXGL Background Thread 1 ] DEBUG TilesetLoader        - Writing to buffer: dst=64,192, w=64,h=64, src=66,0
12:10:37.218 [FXGL Background Thread 1 ] DEBUG TilesetLoader        - Writing to buffer: dst=128,192, w=64,h=64, src=66,0
12:10:37.219 [FXGL Background Thread 1 ] DEBUG TilesetLoader        - Writing to buffer: dst=192,192, w=64,h=64, src=66,0
12:10:37.219 [FXGL Background Thread 1 ] DEBUG TilesetLoader        - Writing to buffer: dst=256,192, w=64,h=64, src=66,0
12:10:37.219 [FXGL Background Thread 1 ] DEBUG TilesetLoader        - Writing to buffer: dst=320,192, w=64,h=64, src=66,0
12:10:37.220 [FXGL Background Thread 1 ] DEBUG TilesetLoader        - Writing to buffer: dst=384,192, w=64,h=64, src=66,0
12:10:37.220 [FXGL Background Thread 1 ] DEBUG TilesetLoader        - Writing to buffer: dst=448,192, w=64,h=64, src=66,0
12:10:37.220 [FXGL Background Thread 1 ] DEBUG TilesetLoader        - Writing to buffer: dst=512,192, w=64,h=64, src=66,0
12:10:37.221 [FXGL Background Thread 1 ] DEBUG TilesetLoader        - Writing to buffer: dst=576,192, w=64,h=64, src=66,0
12:10:37.221 [FXGL Background Thread 1 ] DEBUG TilesetLoader        - Writing to buffer: dst=640,192, w=64,h=64, src=66,0
12:10:37.221 [FXGL Background Thread 1 ] DEBUG TilesetLoader        - Writing to buffer: dst=704,192, w=64,h=64, src=66,0
12:10:37.221 [FXGL Background Thread 1 ] DEBUG TilesetLoader        - Writing to buffer: dst=768,192, w=64,h=64, src=66,0
12:10:37.221 [FXGL Background Thread 1 ] DEBUG TilesetLoader        - Writing to buffer: dst=832,192, w=64,h=64, src=66,0
12:10:37.222 [FXGL Background Thread 1 ] DEBUG TilesetLoader        - Writing to buffer: dst=896,192, w=64,h=64, src=0,0
12:10:37.222 [FXGL Background Thread 1 ] DEBUG TilesetLoader        - Writing to buffer: dst=0,256, w=64,h=64, src=0,0
12:10:37.222 [FXGL Background Thread 1 ] DEBUG TilesetLoader        - Writing to buffer: dst=64,256, w=64,h=64, src=66,0
12:10:37.222 [FXGL Background Thread 1 ] DEBUG TilesetLoader        - Writing to buffer: dst=128,256, w=64,h=64, src=198,0
12:10:37.223 [FXGL Background Thread 1 ] DEBUG TilesetLoader        - Writing to buffer: dst=192,256, w=64,h=64, src=66,0
12:10:37.223 [FXGL Background Thread 1 ] DEBUG TilesetLoader        - Writing to buffer: dst=256,256, w=64,h=64, src=198,0
12:10:37.223 [FXGL Background Thread 1 ] DEBUG TilesetLoader        - Writing to buffer: dst=320,256, w=64,h=64, src=66,0
12:10:37.223 [FXGL Background Thread 1 ] DEBUG TilesetLoader        - Writing to buffer: dst=384,256, w=64,h=64, src=198,0
12:10:37.224 [FXGL Background Thread 1 ] DEBUG TilesetLoader        - Writing to buffer: dst=448,256, w=64,h=64, src=66,0
12:10:37.224 [FXGL Background Thread 1 ] DEBUG TilesetLoader        - Writing to buffer: dst=512,256, w=64,h=64, src=198,0
12:10:37.224 [FXGL Background Thread 1 ] DEBUG TilesetLoader        - Writing to buffer: dst=576,256, w=64,h=64, src=66,0
12:10:37.224 [FXGL Background Thread 1 ] DEBUG TilesetLoader        - Writing to buffer: dst=640,256, w=64,h=64, src=198,0
12:10:37.225 [FXGL Background Thread 1 ] DEBUG TilesetLoader        - Writing to buffer: dst=704,256, w=64,h=64, src=66,0
12:10:37.225 [FXGL Background Thread 1 ] DEBUG TilesetLoader        - Writing to buffer: dst=768,256, w=64,h=64, src=198,0
12:10:37.226 [FXGL Background Thread 1 ] DEBUG TilesetLoader        - Writing to buffer: dst=832,256, w=64,h=64, src=66,0
12:10:37.226 [FXGL Background Thread 1 ] DEBUG TilesetLoader        - Writing to buffer: dst=896,256, w=64,h=64, src=0,0
12:10:37.226 [FXGL Background Thread 1 ] DEBUG TilesetLoader        - Writing to buffer: dst=0,320, w=64,h=64, src=0,0
12:10:37.226 [FXGL Background Thread 1 ] DEBUG TilesetLoader        - Writing to buffer: dst=64,320, w=64,h=64, src=66,0
12:10:37.226 [FXGL Background Thread 1 ] DEBUG TilesetLoader        - Writing to buffer: dst=128,320, w=64,h=64, src=66,0
12:10:37.226 [FXGL Background Thread 1 ] DEBUG TilesetLoader        - Writing to buffer: dst=192,320, w=64,h=64, src=66,0
12:10:37.227 [FXGL Background Thread 1 ] DEBUG TilesetLoader        - Writing to buffer: dst=256,320, w=64,h=64, src=66,0
12:10:37.227 [FXGL Background Thread 1 ] DEBUG TilesetLoader        - Writing to buffer: dst=320,320, w=64,h=64, src=66,0
12:10:37.227 [FXGL Background Thread 1 ] DEBUG TilesetLoader        - Writing to buffer: dst=384,320, w=64,h=64, src=66,0
12:10:37.227 [FXGL Background Thread 1 ] DEBUG TilesetLoader        - Writing to buffer: dst=448,320, w=64,h=64, src=66,0
12:10:37.227 [FXGL Background Thread 1 ] DEBUG TilesetLoader        - Writing to buffer: dst=512,320, w=64,h=64, src=66,0
12:10:37.227 [FXGL Background Thread 1 ] DEBUG TilesetLoader        - Writing to buffer: dst=576,320, w=64,h=64, src=66,0
12:10:37.228 [FXGL Background Thread 1 ] DEBUG TilesetLoader        - Writing to buffer: dst=640,320, w=64,h=64, src=66,0
12:10:37.228 [FXGL Background Thread 1 ] DEBUG TilesetLoader        - Writing to buffer: dst=704,320, w=64,h=64, src=66,0
12:10:37.228 [FXGL Background Thread 1 ] DEBUG TilesetLoader        - Writing to buffer: dst=768,320, w=64,h=64, src=66,0
12:10:37.228 [FXGL Background Thread 1 ] DEBUG TilesetLoader        - Writing to buffer: dst=832,320, w=64,h=64, src=66,0
12:10:37.228 [FXGL Background Thread 1 ] DEBUG TilesetLoader        - Writing to buffer: dst=896,320, w=64,h=64, src=0,0
12:10:37.229 [FXGL Background Thread 1 ] DEBUG TilesetLoader        - Writing to buffer: dst=0,384, w=64,h=64, src=0,0
12:10:37.229 [FXGL Background Thread 1 ] DEBUG TilesetLoader        - Writing to buffer: dst=64,384, w=64,h=64, src=66,0
12:10:37.229 [FXGL Background Thread 1 ] DEBUG TilesetLoader        - Writing to buffer: dst=128,384, w=64,h=64, src=198,0
12:10:37.230 [FXGL Background Thread 1 ] DEBUG TilesetLoader        - Writing to buffer: dst=192,384, w=64,h=64, src=66,0
12:10:37.230 [FXGL Background Thread 1 ] DEBUG TilesetLoader        - Writing to buffer: dst=256,384, w=64,h=64, src=198,0
12:10:37.230 [FXGL Background Thread 1 ] DEBUG TilesetLoader        - Writing to buffer: dst=320,384, w=64,h=64, src=66,0
12:10:37.231 [FXGL Background Thread 1 ] DEBUG TilesetLoader        - Writing to buffer: dst=384,384, w=64,h=64, src=198,0
12:10:37.231 [FXGL Background Thread 1 ] DEBUG TilesetLoader        - Writing to buffer: dst=448,384, w=64,h=64, src=66,0
12:10:37.231 [FXGL Background Thread 1 ] DEBUG TilesetLoader        - Writing to buffer: dst=512,384, w=64,h=64, src=198,0
12:10:37.231 [FXGL Background Thread 1 ] DEBUG TilesetLoader        - Writing to buffer: dst=576,384, w=64,h=64, src=66,0
12:10:37.232 [FXGL Background Thread 1 ] DEBUG TilesetLoader        - Writing to buffer: dst=640,384, w=64,h=64, src=198,0
12:10:37.232 [FXGL Background Thread 1 ] DEBUG TilesetLoader        - Writing to buffer: dst=704,384, w=64,h=64, src=66,0
12:10:37.232 [FXGL Background Thread 1 ] DEBUG TilesetLoader        - Writing to buffer: dst=768,384, w=64,h=64, src=198,0
12:10:37.233 [FXGL Background Thread 1 ] DEBUG TilesetLoader        - Writing to buffer: dst=832,384, w=64,h=64, src=66,0
12:10:37.233 [FXGL Background Thread 1 ] DEBUG TilesetLoader        - Writing to buffer: dst=896,384, w=64,h=64, src=0,0
12:10:37.233 [FXGL Background Thread 1 ] DEBUG TilesetLoader        - Writing to buffer: dst=0,448, w=64,h=64, src=0,0
12:10:37.233 [FXGL Background Thread 1 ] DEBUG TilesetLoader        - Writing to buffer: dst=64,448, w=64,h=64, src=66,0
12:10:37.234 [FXGL Background Thread 1 ] DEBUG TilesetLoader        - Writing to buffer: dst=128,448, w=64,h=64, src=66,0
12:10:37.234 [FXGL Background Thread 1 ] DEBUG TilesetLoader        - Writing to buffer: dst=192,448, w=64,h=64, src=66,0
12:10:37.234 [FXGL Background Thread 1 ] DEBUG TilesetLoader        - Writing to buffer: dst=256,448, w=64,h=64, src=66,0
12:10:37.234 [FXGL Background Thread 1 ] DEBUG TilesetLoader        - Writing to buffer: dst=320,448, w=64,h=64, src=66,0
12:10:37.235 [FXGL Background Thread 1 ] DEBUG TilesetLoader        - Writing to buffer: dst=384,448, w=64,h=64, src=66,0
12:10:37.235 [FXGL Background Thread 1 ] DEBUG TilesetLoader        - Writing to buffer: dst=448,448, w=64,h=64, src=66,0
12:10:37.235 [FXGL Background Thread 1 ] DEBUG TilesetLoader        - Writing to buffer: dst=512,448, w=64,h=64, src=66,0
12:10:37.235 [FXGL Background Thread 1 ] DEBUG TilesetLoader        - Writing to buffer: dst=576,448, w=64,h=64, src=66,0
12:10:37.236 [FXGL Background Thread 1 ] DEBUG TilesetLoader        - Writing to buffer: dst=640,448, w=64,h=64, src=66,0
12:10:37.236 [FXGL Background Thread 1 ] DEBUG TilesetLoader        - Writing to buffer: dst=704,448, w=64,h=64, src=66,0
12:10:37.236 [FXGL Background Thread 1 ] DEBUG TilesetLoader        - Writing to buffer: dst=768,448, w=64,h=64, src=66,0
12:10:37.237 [FXGL Background Thread 1 ] DEBUG TilesetLoader        - Writing to buffer: dst=832,448, w=64,h=64, src=66,0
12:10:37.237 [FXGL Background Thread 1 ] DEBUG TilesetLoader        - Writing to buffer: dst=896,448, w=64,h=64, src=0,0
12:10:37.237 [FXGL Background Thread 1 ] DEBUG TilesetLoader        - Writing to buffer: dst=0,512, w=64,h=64, src=0,0
12:10:37.237 [FXGL Background Thread 1 ] DEBUG TilesetLoader        - Writing to buffer: dst=64,512, w=64,h=64, src=66,0
12:10:37.237 [FXGL Background Thread 1 ] DEBUG TilesetLoader        - Writing to buffer: dst=128,512, w=64,h=64, src=198,0
12:10:37.237 [FXGL Background Thread 1 ] DEBUG TilesetLoader        - Writing to buffer: dst=192,512, w=64,h=64, src=66,0
12:10:37.238 [FXGL Background Thread 1 ] DEBUG TilesetLoader        - Writing to buffer: dst=256,512, w=64,h=64, src=198,0
12:10:37.238 [FXGL Background Thread 1 ] DEBUG TilesetLoader        - Writing to buffer: dst=320,512, w=64,h=64, src=66,0
12:10:37.238 [FXGL Background Thread 1 ] DEBUG TilesetLoader        - Writing to buffer: dst=384,512, w=64,h=64, src=198,0
12:10:37.238 [FXGL Background Thread 1 ] DEBUG TilesetLoader        - Writing to buffer: dst=448,512, w=64,h=64, src=66,0
12:10:37.238 [FXGL Background Thread 1 ] DEBUG TilesetLoader        - Writing to buffer: dst=512,512, w=64,h=64, src=198,0
12:10:37.238 [FXGL Background Thread 1 ] DEBUG TilesetLoader        - Writing to buffer: dst=576,512, w=64,h=64, src=66,0
12:10:37.239 [FXGL Background Thread 1 ] DEBUG TilesetLoader        - Writing to buffer: dst=640,512, w=64,h=64, src=198,0
12:10:37.239 [FXGL Background Thread 1 ] DEBUG TilesetLoader        - Writing to buffer: dst=704,512, w=64,h=64, src=66,0
12:10:37.239 [FXGL Background Thread 1 ] DEBUG TilesetLoader        - Writing to buffer: dst=768,512, w=64,h=64, src=198,0
12:10:37.239 [FXGL Background Thread 1 ] DEBUG TilesetLoader        - Writing to buffer: dst=832,512, w=64,h=64, src=66,0
12:10:37.239 [FXGL Background Thread 1 ] DEBUG TilesetLoader        - Writing to buffer: dst=896,512, w=64,h=64, src=0,0
12:10:37.239 [FXGL Background Thread 1 ] DEBUG TilesetLoader        - Writing to buffer: dst=0,576, w=64,h=64, src=0,0
12:10:37.240 [FXGL Background Thread 1 ] DEBUG TilesetLoader        - Writing to buffer: dst=64,576, w=64,h=64, src=66,0
12:10:37.240 [FXGL Background Thread 1 ] DEBUG TilesetLoader        - Writing to buffer: dst=128,576, w=64,h=64, src=66,0
12:10:37.240 [FXGL Background Thread 1 ] DEBUG TilesetLoader        - Writing to buffer: dst=192,576, w=64,h=64, src=66,0
12:10:37.240 [FXGL Background Thread 1 ] DEBUG TilesetLoader        - Writing to buffer: dst=256,576, w=64,h=64, src=66,0
12:10:37.240 [FXGL Background Thread 1 ] DEBUG TilesetLoader        - Writing to buffer: dst=320,576, w=64,h=64, src=66,0
12:10:37.240 [FXGL Background Thread 1 ] DEBUG TilesetLoader        - Writing to buffer: dst=384,576, w=64,h=64, src=66,0
12:10:37.241 [FXGL Background Thread 1 ] DEBUG TilesetLoader        - Writing to buffer: dst=448,576, w=64,h=64, src=66,0
12:10:37.241 [FXGL Background Thread 1 ] DEBUG TilesetLoader        - Writing to buffer: dst=512,576, w=64,h=64, src=66,0
12:10:37.241 [FXGL Background Thread 1 ] DEBUG TilesetLoader        - Writing to buffer: dst=576,576, w=64,h=64, src=66,0
12:10:37.241 [FXGL Background Thread 1 ] DEBUG TilesetLoader        - Writing to buffer: dst=640,576, w=64,h=64, src=66,0
12:10:37.241 [FXGL Background Thread 1 ] DEBUG TilesetLoader        - Writing to buffer: dst=704,576, w=64,h=64, src=66,0
12:10:37.241 [FXGL Background Thread 1 ] DEBUG TilesetLoader        - Writing to buffer: dst=768,576, w=64,h=64, src=66,0
12:10:37.242 [FXGL Background Thread 1 ] DEBUG TilesetLoader        - Writing to buffer: dst=832,576, w=64,h=64, src=66,0
12:10:37.242 [FXGL Background Thread 1 ] DEBUG TilesetLoader        - Writing to buffer: dst=896,576, w=64,h=64, src=0,0
12:10:37.242 [FXGL Background Thread 1 ] DEBUG TilesetLoader        - Writing to buffer: dst=0,640, w=64,h=64, src=0,0
12:10:37.242 [FXGL Background Thread 1 ] DEBUG TilesetLoader        - Writing to buffer: dst=64,640, w=64,h=64, src=66,0
12:10:37.242 [FXGL Background Thread 1 ] DEBUG TilesetLoader        - Writing to buffer: dst=128,640, w=64,h=64, src=198,0
12:10:37.243 [FXGL Background Thread 1 ] DEBUG TilesetLoader        - Writing to buffer: dst=192,640, w=64,h=64, src=66,0
12:10:37.243 [FXGL Background Thread 1 ] DEBUG TilesetLoader        - Writing to buffer: dst=256,640, w=64,h=64, src=198,0
12:10:37.243 [FXGL Background Thread 1 ] DEBUG TilesetLoader        - Writing to buffer: dst=320,640, w=64,h=64, src=66,0
12:10:37.243 [FXGL Background Thread 1 ] DEBUG TilesetLoader        - Writing to buffer: dst=384,640, w=64,h=64, src=198,0
12:10:37.243 [FXGL Background Thread 1 ] DEBUG TilesetLoader        - Writing to buffer: dst=448,640, w=64,h=64, src=66,0
12:10:37.244 [FXGL Background Thread 1 ] DEBUG TilesetLoader        - Writing to buffer: dst=512,640, w=64,h=64, src=198,0
12:10:37.244 [FXGL Background Thread 1 ] DEBUG TilesetLoader        - Writing to buffer: dst=576,640, w=64,h=64, src=66,0
12:10:37.244 [FXGL Background Thread 1 ] DEBUG TilesetLoader        - Writing to buffer: dst=640,640, w=64,h=64, src=198,0
12:10:37.244 [FXGL Background Thread 1 ] DEBUG TilesetLoader        - Writing to buffer: dst=704,640, w=64,h=64, src=66,0
12:10:37.244 [FXGL Background Thread 1 ] DEBUG TilesetLoader        - Writing to buffer: dst=768,640, w=64,h=64, src=198,0
12:10:37.244 [FXGL Background Thread 1 ] DEBUG TilesetLoader        - Writing to buffer: dst=832,640, w=64,h=64, src=66,0
12:10:37.245 [FXGL Background Thread 1 ] DEBUG TilesetLoader        - Writing to buffer: dst=896,640, w=64,h=64, src=0,0
12:10:37.245 [FXGL Background Thread 1 ] DEBUG TilesetLoader        - Writing to buffer: dst=0,704, w=64,h=64, src=0,0
12:10:37.245 [FXGL Background Thread 1 ] DEBUG TilesetLoader        - Writing to buffer: dst=64,704, w=64,h=64, src=66,0
12:10:37.245 [FXGL Background Thread 1 ] DEBUG TilesetLoader        - Writing to buffer: dst=128,704, w=64,h=64, src=66,0
12:10:37.246 [FXGL Background Thread 1 ] DEBUG TilesetLoader        - Writing to buffer: dst=192,704, w=64,h=64, src=66,0
12:10:37.246 [FXGL Background Thread 1 ] DEBUG TilesetLoader        - Writing to buffer: dst=256,704, w=64,h=64, src=66,0
12:10:37.246 [FXGL Background Thread 1 ] DEBUG TilesetLoader        - Writing to buffer: dst=320,704, w=64,h=64, src=66,0
12:10:37.246 [FXGL Background Thread 1 ] DEBUG TilesetLoader        - Writing to buffer: dst=384,704, w=64,h=64, src=66,0
12:10:37.247 [FXGL Background Thread 1 ] DEBUG TilesetLoader        - Writing to buffer: dst=448,704, w=64,h=64, src=66,0
12:10:37.247 [FXGL Background Thread 1 ] DEBUG TilesetLoader        - Writing to buffer: dst=512,704, w=64,h=64, src=66,0
12:10:37.247 [FXGL Background Thread 1 ] DEBUG TilesetLoader        - Writing to buffer: dst=576,704, w=64,h=64, src=66,0
12:10:37.247 [FXGL Background Thread 1 ] DEBUG TilesetLoader        - Writing to buffer: dst=640,704, w=64,h=64, src=66,0
12:10:37.247 [FXGL Background Thread 1 ] DEBUG TilesetLoader        - Writing to buffer: dst=704,704, w=64,h=64, src=66,0
12:10:37.247 [FXGL Background Thread 1 ] DEBUG TilesetLoader        - Writing to buffer: dst=768,704, w=64,h=64, src=66,0
12:10:37.247 [FXGL Background Thread 1 ] DEBUG TilesetLoader        - Writing to buffer: dst=832,704, w=64,h=64, src=66,0
12:10:37.248 [FXGL Background Thread 1 ] DEBUG TilesetLoader        - Writing to buffer: dst=896,704, w=64,h=64, src=0,0
12:10:37.248 [FXGL Background Thread 1 ] DEBUG TilesetLoader        - Writing to buffer: dst=0,768, w=64,h=64, src=0,0
12:10:37.248 [FXGL Background Thread 1 ] DEBUG TilesetLoader        - Writing to buffer: dst=64,768, w=64,h=64, src=0,0
12:10:37.248 [FXGL Background Thread 1 ] DEBUG TilesetLoader        - Writing to buffer: dst=128,768, w=64,h=64, src=0,0
12:10:37.249 [FXGL Background Thread 1 ] DEBUG TilesetLoader        - Writing to buffer: dst=192,768, w=64,h=64, src=0,0
12:10:37.249 [FXGL Background Thread 1 ] DEBUG TilesetLoader        - Writing to buffer: dst=256,768, w=64,h=64, src=0,0
12:10:37.249 [FXGL Background Thread 1 ] DEBUG TilesetLoader        - Writing to buffer: dst=320,768, w=64,h=64, src=0,0
12:10:37.249 [FXGL Background Thread 1 ] DEBUG TilesetLoader        - Writing to buffer: dst=384,768, w=64,h=64, src=0,0
12:10:37.249 [FXGL Background Thread 1 ] DEBUG TilesetLoader        - Writing to buffer: dst=448,768, w=64,h=64, src=0,0
12:10:37.249 [FXGL Background Thread 1 ] DEBUG TilesetLoader        - Writing to buffer: dst=512,768, w=64,h=64, src=0,0
12:10:37.249 [FXGL Background Thread 1 ] DEBUG TilesetLoader        - Writing to buffer: dst=576,768, w=64,h=64, src=0,0
12:10:37.250 [FXGL Background Thread 1 ] DEBUG TilesetLoader        - Writing to buffer: dst=640,768, w=64,h=64, src=0,0
12:10:37.250 [FXGL Background Thread 1 ] DEBUG TilesetLoader        - Writing to buffer: dst=704,768, w=64,h=64, src=0,0
12:10:37.250 [FXGL Background Thread 1 ] DEBUG TilesetLoader        - Writing to buffer: dst=768,768, w=64,h=64, src=0,0
12:10:37.250 [FXGL Background Thread 1 ] DEBUG TilesetLoader        - Writing to buffer: dst=832,768, w=64,h=64, src=0,0
12:10:37.250 [FXGL Background Thread 1 ] DEBUG TilesetLoader        - Writing to buffer: dst=896,768, w=64,h=64, src=0,0
12:10:37.251 [FXGL Background Thread 1 ] DEBUG TMXLevelLoader       - Creating object layer entities
12:10:37.281 [FXGL Background Thread 1 ] DEBUG GameWorld            - Clearing removable entities
12:10:37.281 [FXGL Background Thread 1 ] DEBUG GameWorld            - Setting level: com.almasb.fxgl.entity.level.Level@283274e8
12:10:37.291 [FXGL Background Thread 1 ] DEBUG FXGLAssetLoaderServi - Loading from file system: file:/C:/Users/stanm/Documents/SE-Challengeweek/target/classes/assets/textures/player_1_move_down.png
12:10:37.298 [FXGL Background Thread 1 ] INFO  FXGLApplication      - Game initialization took: 0,145 sec
12:10:37.343 [JavaFX Application Thread] DEBUG FXGLApplication      - Registering font factories with UI factory
12:10:37.382 [FXGL Background Thread 2 ] INFO  UpdaterService       - Your current version:  11.14
12:10:37.383 [FXGL Background Thread 2 ] INFO  UpdaterService       - Latest stable version: 17.1
12:10:37.476 [JavaFX Application Thread] DEBUG Input                - Clearing active input actions
12:10:37.483 [JavaFX Application Thread] DEBUG GameApplicationServi - Removing overlay from FXGLLoadingScene and adding to GameScene
12:10:37.487 [JavaFX Application Thread] DEBUG PrimaryStageWindow   - FXGLLoadingScene -> GameScene
12:10:40.074 [FXGL Background Thread 3 ] DEBUG Engine               - Logging environment variables
12:10:40.075 [FXGL Background Thread 3 ] DEBUG Engine               - achievements: []
12:10:40.076 [FXGL Background Thread 3 ] DEBUG Engine               - actualHeight: 700.0
12:10:40.077 [FXGL Background Thread 3 ] DEBUG Engine               - actualHeightProperty: ReadOnlyDoubleProperty [value: 700.0]
12:10:40.077 [FXGL Background Thread 3 ] DEBUG Engine               - actualWidth: 1050.0
12:10:40.078 [FXGL Background Thread 3 ] DEBUG Engine               - actualWidthProperty: ReadOnlyDoubleProperty [value: 1050.0]
12:10:40.078 [FXGL Background Thread 3 ] DEBUG Engine               - appIcon: fxgl_icon.png
12:10:40.078 [FXGL Background Thread 3 ] DEBUG Engine               - applicationMode: DEVELOPER
12:10:40.079 [FXGL Background Thread 3 ] DEBUG Engine               - cSSList: [fxgl_dark.css]
12:10:40.079 [FXGL Background Thread 3 ] DEBUG Engine               - collisionDetectionStrategy: BRUTE_FORCE
12:10:40.080 [FXGL Background Thread 3 ] DEBUG Engine               - configClass: Optional.empty
12:10:40.081 [FXGL Background Thread 3 ] DEBUG Engine               - credits: []
12:10:40.082 [FXGL Background Thread 3 ] DEBUG Engine               - devBBoxColorProperty: ObjectProperty [value: 0xff0000ff]
12:10:40.082 [FXGL Background Thread 3 ] DEBUG Engine               - devEnableDebugCameraProperty: BooleanProperty [value: false]
12:10:40.083 [FXGL Background Thread 3 ] DEBUG Engine               - devSensorColorProperty: ObjectProperty [value: 0xffff00ff]
12:10:40.084 [FXGL Background Thread 3 ] DEBUG Engine               - devShowBBoxProperty: BooleanProperty [value: false]
12:10:40.084 [FXGL Background Thread 3 ] DEBUG Engine               - devShowPositionProperty: BooleanProperty [value: false]
12:10:40.084 [FXGL Background Thread 3 ] DEBUG Engine               - enabledMenuItems: []
12:10:40.085 [FXGL Background Thread 3 ] DEBUG Engine               - engineServices: [class com.almasb.fxgl.app.services.FXGLAssetLoaderService, class com.almasb.fxgl.app.FXGLApplication$GameApplicationService, class com.almasb.fxgl.app.services.FXGLDialogService, class com.almasb.fxgl.app.services.IOTaskExecutorService, class com.almasb.fxgl.event.EventBusService, class com.almasb.fxgl.io.FileSystemService, class com.almasb.fxgl.localization.LocalizationService, class com.almasb.fxgl.app.services.SystemBundleService, class com.almasb.fxgl.profile.SaveLoadService, class com.almasb.fxgl.ui.FXGLUIFactoryServiceProvider, class com.almasb.fxgl.ui.FXGLDialogFactoryServiceProvider, class com.almasb.fxgl.audio.AudioPlayer, class com.almasb.fxgl.notification.impl.NotificationServiceProvider, class com.almasb.fxgl.achievement.AchievementService, class com.almasb.fxgl.cutscene.CutsceneService, class com.almasb.fxgl.minigames.MiniGameService, class com.almasb.fxgl.net.NetService, class com.almasb.fxgl.app.services.UpdaterService, class com.almasb.fxgl.dev.DevService]
12:10:40.085 [FXGL Background Thread 3 ] DEBUG Engine               - fontGame: Abel-Regular.ttf
12:10:40.086 [FXGL Background Thread 3 ] DEBUG Engine               - fontMono: lucida_console.ttf
12:10:40.086 [FXGL Background Thread 3 ] DEBUG Engine               - fontText: Courier-Prime.ttf
12:10:40.086 [FXGL Background Thread 3 ] DEBUG Engine               - fontUI: VarelaRound-Regular.ttf
12:10:40.087 [FXGL Background Thread 3 ] DEBUG Engine               - fullScreen: BooleanProperty [value: false]
12:10:40.087 [FXGL Background Thread 3 ] DEBUG Engine               - gameDifficulty: MEDIUM
12:10:40.088 [FXGL Background Thread 3 ] DEBUG Engine               - gameDifficultyProperty: ObjectProperty [value: MEDIUM]
12:10:40.088 [FXGL Background Thread 3 ] DEBUG Engine               - globalMusicVolume: 0.5
12:10:40.089 [FXGL Background Thread 3 ] DEBUG Engine               - globalMusicVolumeProperty: DoubleProperty [value: 0.5]
12:10:40.090 [FXGL Background Thread 3 ] DEBUG Engine               - globalSoundVolume: 0.5
12:10:40.090 [FXGL Background Thread 3 ] DEBUG Engine               - globalSoundVolumeProperty: DoubleProperty [value: 0.5]
12:10:40.090 [FXGL Background Thread 3 ] DEBUG Engine               - height: 700
12:10:40.091 [FXGL Background Thread 3 ] DEBUG Engine               - isAndroid: false
12:10:40.091 [FXGL Background Thread 3 ] DEBUG Engine               - isBrowser: false
12:10:40.092 [FXGL Background Thread 3 ] DEBUG Engine               - isClickFeedbackEnabled: false
12:10:40.092 [FXGL Background Thread 3 ] DEBUG Engine               - isCloseConfirmation: false
12:10:40.092 [FXGL Background Thread 3 ] DEBUG Engine               - isDesktop: true
12:10:40.093 [FXGL Background Thread 3 ] DEBUG Engine               - isDeveloperMenuEnabled: true
12:10:40.093 [FXGL Background Thread 3 ] DEBUG Engine               - isEntityPreloadEnabled: true
12:10:40.094 [FXGL Background Thread 3 ] DEBUG Engine               - isExperimental3D: false
12:10:40.094 [FXGL Background Thread 3 ] DEBUG Engine               - isExperimentalNative: false
12:10:40.095 [FXGL Background Thread 3 ] DEBUG Engine               - isExperimentalTiledLargeMap: false
12:10:40.096 [FXGL Background Thread 3 ] DEBUG Engine               - isFileSystemWriteAllowed: true
12:10:40.096 [FXGL Background Thread 3 ] DEBUG Engine               - isFullScreenAllowed: false
12:10:40.096 [FXGL Background Thread 3 ] DEBUG Engine               - isFullScreenFromStart: false
12:10:40.097 [FXGL Background Thread 3 ] DEBUG Engine               - isGameMenuEnabled: true
12:10:40.097 [FXGL Background Thread 3 ] DEBUG Engine               - isIOS: false
12:10:40.097 [FXGL Background Thread 3 ] DEBUG Engine               - isIntroEnabled: false
12:10:40.098 [FXGL Background Thread 3 ] DEBUG Engine               - isLinux: false
12:10:40.098 [FXGL Background Thread 3 ] DEBUG Engine               - isMac: false
12:10:40.098 [FXGL Background Thread 3 ] DEBUG Engine               - isMainMenuEnabled: false
12:10:40.099 [FXGL Background Thread 3 ] DEBUG Engine               - isManualResizeEnabled: false
12:10:40.099 [FXGL Background Thread 3 ] DEBUG Engine               - isMobile: false
12:10:40.100 [FXGL Background Thread 3 ] DEBUG Engine               - isPreserveResizeRatio: false
12:10:40.100 [FXGL Background Thread 3 ] DEBUG Engine               - isProfilingEnabled: false
12:10:40.100 [FXGL Background Thread 3 ] DEBUG Engine               - isScaleAffectedOnResize: true
12:10:40.101 [FXGL Background Thread 3 ] DEBUG Engine               - isSingleStep: false
12:10:40.101 [FXGL Background Thread 3 ] DEBUG Engine               - isUserProfileEnabled: false
12:10:40.102 [FXGL Background Thread 3 ] DEBUG Engine               - isWindows: true
12:10:40.102 [FXGL Background Thread 3 ] DEBUG Engine               - language: ObjectProperty [value: ENGLISH]
12:10:40.103 [FXGL Background Thread 3 ] DEBUG Engine               - menuKey: ESCAPE
12:10:40.103 [FXGL Background Thread 3 ] DEBUG Engine               - notificationViewClass: class com.almasb.fxgl.notification.view.XboxNotificationView
12:10:40.103 [FXGL Background Thread 3 ] DEBUG Engine               - pixelsPerMeter: 50.0
12:10:40.104 [FXGL Background Thread 3 ] DEBUG Engine               - platform: WINDOWS
12:10:40.104 [FXGL Background Thread 3 ] DEBUG Engine               - prefHeightProperty: ReadOnlyDoubleProperty [value: 700.0]
12:10:40.104 [FXGL Background Thread 3 ] DEBUG Engine               - prefWidthProperty: ReadOnlyDoubleProperty [value: 1050.0]
12:10:40.105 [FXGL Background Thread 3 ] DEBUG Engine               - profileDir: profiles/
12:10:40.105 [FXGL Background Thread 3 ] DEBUG Engine               - profileName: StringProperty [value: DEFAULT]
12:10:40.105 [FXGL Background Thread 3 ] DEBUG Engine               - randomSeed: -1
12:10:40.106 [FXGL Background Thread 3 ] DEBUG Engine               - runtimeInfo: RuntimeInfo(platform=WINDOWS, version=11.14, build=01.03.2021 16.59)
12:10:40.106 [FXGL Background Thread 3 ] DEBUG Engine               - saveFileExt: sav
12:10:40.107 [FXGL Background Thread 3 ] DEBUG Engine               - scaledHeightProp$fxgl: DoubleProperty [bound, value: 700.0]
12:10:40.107 [FXGL Background Thread 3 ] DEBUG Engine               - scaledWidthProp$fxgl: DoubleProperty [bound, value: 1050.0]
12:10:40.108 [FXGL Background Thread 3 ] DEBUG Engine               - sceneFactory: com.almasb.fxgl.app.scene.SceneFactory@2255a674
12:10:40.108 [FXGL Background Thread 3 ] DEBUG Engine               - secondsIn24h: 60
12:10:40.109 [FXGL Background Thread 3 ] DEBUG Engine               - soundMenuBack: menu/back.wav
12:10:40.109 [FXGL Background Thread 3 ] DEBUG Engine               - soundMenuPress: menu/press.wav
12:10:40.109 [FXGL Background Thread 3 ] DEBUG Engine               - soundMenuSelect: menu/select.wav
12:10:40.110 [FXGL Background Thread 3 ] DEBUG Engine               - soundNotification: core/notification.wav
12:10:40.110 [FXGL Background Thread 3 ] DEBUG Engine               - stageStyle: DECORATED
12:10:40.110 [FXGL Background Thread 3 ] DEBUG Engine               - supportedLanguages: [ENGLISH, FRENCH, GERMAN, HUNGARIAN, RUSSIAN]
12:10:40.111 [FXGL Background Thread 3 ] DEBUG Engine               - ticksPerSecond: -1
12:10:40.111 [FXGL Background Thread 3 ] DEBUG Engine               - title: Untitled
12:10:40.112 [FXGL Background Thread 3 ] DEBUG Engine               - urlGithub: https://github.com/AlmasB/FXGL
12:10:40.112 [FXGL Background Thread 3 ] DEBUG Engine               - urlLeaderboard: http://fxgl-top.herokuapp.com/
12:10:40.112 [FXGL Background Thread 3 ] DEBUG Engine               - urlPOM: https://raw.githubusercontent.com/AlmasB/FXGL/release/README.md
12:10:40.113 [FXGL Background Thread 3 ] DEBUG Engine               - userAppClass: class Game
12:10:40.113 [FXGL Background Thread 3 ] DEBUG Engine               - version: 0.0
12:10:40.113 [FXGL Background Thread 3 ] DEBUG Engine               - versionCheckDays: 7
12:10:40.115 [FXGL Background Thread 3 ] DEBUG Engine               - width: 1050
12:10:40.115 [FXGL Background Thread 3 ] DEBUG Engine               - Logging services
12:10:40.115 [FXGL Background Thread 3 ] DEBUG Engine               - class com.almasb.fxgl.app.services.FXGLAssetLoaderService
12:10:40.116 [FXGL Background Thread 3 ] DEBUG Engine               - class com.almasb.fxgl.app.FXGLApplication$GameApplicationService
12:10:40.116 [FXGL Background Thread 3 ] DEBUG Engine               - class com.almasb.fxgl.app.services.FXGLDialogService
12:10:40.116 [FXGL Background Thread 3 ] DEBUG Engine               - class com.almasb.fxgl.app.services.IOTaskExecutorService
12:10:40.117 [FXGL Background Thread 3 ] DEBUG Engine               - class com.almasb.fxgl.event.EventBusService
12:10:40.117 [FXGL Background Thread 3 ] DEBUG Engine               - class com.almasb.fxgl.io.FileSystemService
12:10:40.117 [FXGL Background Thread 3 ] DEBUG Engine               - class com.almasb.fxgl.localization.LocalizationService
12:10:40.118 [FXGL Background Thread 3 ] DEBUG Engine               - class com.almasb.fxgl.app.services.SystemBundleService
12:10:40.118 [FXGL Background Thread 3 ] DEBUG Engine               - class com.almasb.fxgl.profile.SaveLoadService
12:10:40.118 [FXGL Background Thread 3 ] DEBUG Engine               - class com.almasb.fxgl.ui.FXGLUIFactoryServiceProvider
12:10:40.119 [FXGL Background Thread 3 ] DEBUG Engine               - class com.almasb.fxgl.ui.FXGLDialogFactoryServiceProvider
12:10:40.119 [FXGL Background Thread 3 ] DEBUG Engine               - class com.almasb.fxgl.audio.AudioPlayer
12:10:40.119 [FXGL Background Thread 3 ] DEBUG Engine               - class com.almasb.fxgl.notification.impl.NotificationServiceProvider
12:10:40.120 [FXGL Background Thread 3 ] DEBUG Engine               - class com.almasb.fxgl.achievement.AchievementService
12:10:40.121 [FXGL Background Thread 3 ] DEBUG Engine               - class com.almasb.fxgl.cutscene.CutsceneService
12:10:40.121 [FXGL Background Thread 3 ] DEBUG Engine               - class com.almasb.fxgl.minigames.MiniGameService
12:10:40.121 [FXGL Background Thread 3 ] DEBUG Engine               - class com.almasb.fxgl.net.NetService
12:10:40.122 [FXGL Background Thread 3 ] DEBUG Engine               - class com.almasb.fxgl.app.services.UpdaterService
12:10:40.122 [FXGL Background Thread 3 ] DEBUG Engine               - class com.almasb.fxgl.dev.DevService
12:11:00.037 [JavaFX Application Thread] DEBUG FXGLApplication      - Exiting FXGL
12:11:00.037 [JavaFX Application Thread] DEBUG LoopRunner           - Stopping loop
12:11:00.037 [JavaFX Application Thread] DEBUG SystemBundleService  - Saving FXGL system data
12:11:00.039 [JavaFX Application Thread] DEBUG FileSystemAccess     - Writing to: C:\Users\stanm\Documents\SE-Challengeweek\system\fxgl.bundle
12:11:00.040 [JavaFX Application Thread] DEBUG Async                - Shutting down background threads
12:11:00.040 [JavaFX Application Thread] DEBUG PrimaryStageWindow   - Closing main window
12:11:00.051 [JavaFX Application Thread] DEBUG Logger               - Closing Logger
