12:49:08.933 [main                     ] DEBUG Logger               - Configured Logger
12:49:08.939 [main                     ] DEBUG GameApplication      - Logging settings
Title: Untitled
Version: 0.0
Width: 1050
Height: 700
Fullscreen: false
Intro: false
Profiling: false
Single step:false
App Mode: DEVELOPER
Menu Key: ESCAPE
Stage Style: DECORATED
Scene Factory: class com.almasb.fxgl.app.scene.SceneFactory

12:49:09.331 [JavaFX Application Thread] DEBUG FXGLApplication      - Initializing FXGL
12:49:09.332 [JavaFX Application Thread] INFO  Engine               - FXGL-11.14 (01.03.2021 16.59) on WINDOWS (J:15.0.2 FX:15)
12:49:09.332 [JavaFX Application Thread] DEBUG Engine               - JRE Vendor Name: Amazon.com Inc.
12:49:09.332 [JavaFX Application Thread] DEBUG Engine               - Running on OS: Windows 10 version 10.0
12:49:09.333 [JavaFX Application Thread] DEBUG Engine               - Architecture: amd64
12:49:09.333 [JavaFX Application Thread] INFO  Engine               - Source code and latest versions at: https://github.com/AlmasB/FXGL
12:49:09.333 [JavaFX Application Thread] INFO  Engine               -              Join the FXGL chat at: https://gitter.im/AlmasB/FXGL
12:49:09.457 [JavaFX Application Thread] DEBUG PrimaryStageWindow   - Creating a JavaFX scene
12:49:09.510 [JavaFX Application Thread] DEBUG PrimaryStageWindow   - Target settings size: 1050.0 x 700.0
12:49:09.510 [JavaFX Application Thread] DEBUG PrimaryStageWindow   - Scaled scene size:    1050.0 x 700.0
12:49:09.510 [JavaFX Application Thread] DEBUG PrimaryStageWindow   - Scaled ratio: (1.0, 1.0)
12:49:09.511 [JavaFX Application Thread] DEBUG PrimaryStageWindow   - Set initial scene to FXGLStartupScene
12:49:09.519 [JavaFX Application Thread] DEBUG PrimaryStageWindow   - Opening main window
12:49:09.616 [JavaFX Application Thread] DEBUG PrimaryStageWindow   - Window border size: (14.800048828125, 37.5999755859375)
12:49:09.616 [JavaFX Application Thread] DEBUG PrimaryStageWindow   - Scaled size: 1050.0 x 700.0
12:49:09.616 [JavaFX Application Thread] DEBUG PrimaryStageWindow   - Scaled ratio: (1.0, 1.0)
12:49:09.616 [JavaFX Application Thread] DEBUG PrimaryStageWindow   - Scene size: 1050.0 x 700.0
12:49:09.616 [JavaFX Application Thread] DEBUG PrimaryStageWindow   - Stage size: 1064.800048828125 x 737.5999755859375
12:49:09.625 [FXGL Background Thread 1 ] DEBUG Engine               - Initializing environment variables
12:49:09.660 [FXGL Background Thread 1 ] DEBUG FXGLAssetLoaderServi - User app class for loading assets: class Game
12:49:09.661 [FXGL Background Thread 1 ] DEBUG GameApplicationServi - Applying CSS: fxgl_dark.css
12:49:09.662 [FXGL Background Thread 1 ] DEBUG FXGLAssetLoaderServi - Loading from file system: jar:file:/C:/Users/roan2/.m2/repository/com/github/almasb/fxgl/11.14/fxgl-11.14.jar!/fxglassets/ui/css/fxgl_dark.css
12:49:09.713 [FXGL Background Thread 1 ] DEBUG GameApplicationServi - Initializing application scenes
12:49:09.748 [FXGL Background Thread 1 ] DEBUG GameWorld            - Game world initialized
12:49:09.821 [FXGL Background Thread 1 ] DEBUG PhysicsWorld         - Physics world initialized: appHeight=700, physics.ppm=50.0
12:49:09.821 [FXGL Background Thread 1 ] DEBUG PhysicsWorld         - Using strategy: BRUTE_FORCE
12:49:09.824 [FXGL Background Thread 1 ] DEBUG GameScene            - Game scene initialized: 1050x700
12:49:09.861 [FXGL Background Thread 1 ] DEBUG FXGLAssetLoaderServi - Loading from file system: jar:file:/C:/Users/roan2/.m2/repository/com/github/almasb/fxgl/11.14/fxgl-11.14.jar!/fxglassets/textures/particles/trace_horizontal.png
12:49:09.919 [FXGL Background Thread 1 ] DEBUG FXGL.DefaultMenu     - createMenuBodyGameMenu()
12:49:09.942 [FXGL Background Thread 1 ] DEBUG FXGL.DefaultMenu     - createOptionsMenu()
12:49:09.948 [FXGL Background Thread 1 ] DEBUG FXGLAssetLoaderServi - Loading from file system: jar:file:/C:/Users/roan2/.m2/repository/com/github/almasb/fxgl/11.14/fxgl-11.14.jar!/fxglassets/textures/particles/smoke.png
12:49:10.005 [FXGL Background Thread 1 ] DEBUG GameApplicationServi - Application scenes initialized
12:49:10.017 [FXGL Background Thread 1 ] DEBUG SystemBundleService  - Loading FXGL system data
12:49:10.021 [FXGL Background Thread 1 ] DEBUG FileSystemAccess     - Reading from: C:\Users\roan2\Documents\SE-Challengeweek\system\fxgl.bundle
12:49:10.027 [FXGL Background Thread 1 ] DEBUG SystemBundleService  - Bundle FXGL: {}
12:49:10.027 [FXGL Background Thread 1 ] DEBUG UpdaterService       - Checking for updates
12:49:10.033 [FXGL Background Thread 4 ] DEBUG FXGLApplication      - Loading fonts
12:49:10.034 [FXGL Background Thread 4 ] DEBUG FXGLAssetLoaderServi - Loading from file system: jar:file:/C:/Users/roan2/.m2/repository/com/github/almasb/fxgl/11.14/fxgl-11.14.jar!/fxglassets/ui/fonts/VarelaRound-Regular.ttf
12:49:10.034 [FXGL Background Thread 1 ] DEBUG FXGLApplication      - Loading default localization
12:49:10.035 [FXGL Background Thread 1 ] DEBUG FXGLAssetLoaderServi - Loading from file system: jar:file:/C:/Users/roan2/.m2/repository/com/github/almasb/fxgl/11.14/fxgl-11.14.jar!/fxglassets/languages/english.lang
12:49:10.053 [FXGL Background Thread 1 ] INFO  FXGLApplication      - FXGL initialization took: 0.427 sec
12:49:10.063 [JavaFX Application Thread] DEBUG Input                - Registered new binding: up - W
12:49:10.063 [JavaFX Application Thread] DEBUG Input                - Registered new binding: down - S
12:49:10.064 [JavaFX Application Thread] DEBUG Input                - Registered new binding: left - A
12:49:10.064 [JavaFX Application Thread] DEBUG Input                - Registered new binding: right - D
12:49:10.064 [JavaFX Application Thread] DEBUG Input                - Registered new binding: Place Bomb - F
12:49:10.065 [JavaFX Application Thread] DEBUG FXGLAssetLoaderServi - Loading from file system: jar:file:/C:/Users/roan2/.m2/repository/com/github/almasb/fxgl/11.14/fxgl-11.14.jar!/fxglassets/textures/fxgl_icon.png
12:49:10.084 [JavaFX Application Thread] DEBUG FXGLAssetLoaderServi - Loading from file system: jar:file:/C:/Users/roan2/.m2/repository/com/github/almasb/fxgl/11.14/fxgl-11.14.jar!/fxglassets/ui/cursors/fxgl_default.png
12:49:10.086 [JavaFX Application Thread] DEBUG Input                - Registered new binding: Screenshot - P
12:49:10.087 [JavaFX Application Thread] DEBUG Input                - Registered new binding: System info dump - CTRL+9
12:49:10.087 [JavaFX Application Thread] DEBUG Input                - Registered new binding: Restart - CTRL+R
12:49:10.088 [JavaFX Application Thread] DEBUG Input                - Registered new binding: Toggle Debug Camera - CTRL+C
12:49:10.090 [JavaFX Application Thread] DEBUG LoopRunner           - Starting loop
12:49:10.091 [JavaFX Application Thread] DEBUG LoopRunner           - Initializing JavaFX AnimationTimerLoop
12:49:10.092 [JavaFX Application Thread] DEBUG GameApplicationServi - Starting new game
12:49:10.093 [JavaFX Application Thread] DEBUG Input                - Clearing active input actions
12:49:10.106 [JavaFX Application Thread] DEBUG GameApplicationServi - Removing overlay from FXGLStartupScene and adding to FXGLLoadingScene
12:49:10.107 [JavaFX Application Thread] DEBUG PrimaryStageWindow   - FXGLStartupScene -> FXGLLoadingScene
12:49:10.107 [JavaFX Application Thread] DEBUG GameApplicationServi - Clearing previous game
12:49:10.107 [JavaFX Application Thread] DEBUG GameScene            - Clearing game scene
12:49:10.108 [JavaFX Application Thread] DEBUG GameWorld            - Clearing game world
12:49:10.108 [JavaFX Application Thread] DEBUG PhysicsWorld         - Clearing physics world
12:49:10.110 [FXGL Background Thread 1 ] DEBUG FXGLApplication      - Initializing game
12:49:10.124 [FXGL Background Thread 4 ] DEBUG FXGLAssetLoaderServi - Loading from file system: jar:file:/C:/Users/roan2/.m2/repository/com/github/almasb/fxgl/11.14/fxgl-11.14.jar!/fxglassets/ui/fonts/Abel-Regular.ttf
12:49:10.127 [FXGL Background Thread 4 ] DEBUG FXGLAssetLoaderServi - Loading from file system: jar:file:/C:/Users/roan2/.m2/repository/com/github/almasb/fxgl/11.14/fxgl-11.14.jar!/fxglassets/ui/fonts/lucida_console.ttf
12:49:10.131 [FXGL Background Thread 4 ] DEBUG FXGLAssetLoaderServi - Loading from file system: jar:file:/C:/Users/roan2/.m2/repository/com/github/almasb/fxgl/11.14/fxgl-11.14.jar!/fxglassets/ui/fonts/Courier-Prime.ttf
12:49:10.138 [FXGL Background Thread 1 ] WARN  TMXLevelLoader       - TiledMap generated from 1.0.1. Supported version: 1.2.3. Some features may not be parsed fully.
12:49:10.143 [FXGL Background Thread 1 ] DEBUG TMXLevelLoader       - Parsed raw map: TiledMap(width=15, height=10, tilewidth=70, tileheight=70, orientation=orthogonal, layers=[Layer(width=15, height=10, name=Tile Layer 1, type=tilelayer, visible=false, x=0, y=0, data=[73, 73, 73, 73, 73, 73, 73, 73, 73, 73, 73, 73, 73, 73, 73, 73, 0, 0, 133, 0, 133, 0, 133, 0, 133, 0, 133, 0, 0, 73, 73, 0, 128, 0, 128, 0, 128, 0, 128, 0, 128, 0, 128, 0, 73, 73, 133, 0, 133, 0, 133, 0, 133, 0, 133, 0, 133, 0, 133, 73, 73, 0, 128, 0, 128, 0, 128, 0, 128, 0, 128, 0, 128, 0, 73, 73, 0, 128, 0, 128, 0, 128, 0, 128, 0, 128, 0, 128, 0, 73, 73, 133, 0, 133, 0, 133, 0, 133, 0, 133, 0, 133, 0, 133, 73, 73, 0, 128, 0, 128, 0, 128, 0, 128, 0, 128, 0, 128, 0, 73, 73, 0, 0, 133, 0, 133, 0, 133, 0, 133, 0, 133, 0, 0, 73, 73, 73, 73, 73, 73, 73, 73, 73, 73, 73, 73, 73, 73, 73, 73], objects=[], opacity=0.0, draworder=), Layer(width=0, height=0, name=Object Layer 1, type=objectgroup, visible=false, x=0, y=0, data=[], objects=[com.almasb.fxgl.entity.level.tiled.TiledObject@6b5416e2, com.almasb.fxgl.entity.level.tiled.TiledObject@3f002d68, com.almasb.fxgl.entity.level.tiled.TiledObject@8edf220, com.almasb.fxgl.entity.level.tiled.TiledObject@68fdffe5], opacity=0.0, draworder=)], tilesets=[Tileset(firstgid=1, image=../Pictures/tiles_spritesheet.png, name=tiles_spritesheet, tilewidth=70, tileheight=70, imagewidth=914, imageheight=936, margin=0, spacing=2, columns=12, tilecount=156, transparentcolor=, tiles=[])], backgroundcolor=, renderorder=right-down, nextobjectid=7, version=1, tiledversion=1.0.1, type=map, infinite=false, hexsidelength=0, staggeraxis=, staggerindex=, properties={}, propertytypes={})
12:49:10.144 [FXGL Background Thread 1 ] DEBUG TMXLevelLoader       - Creating tile layer entities
12:49:10.145 [FXGL Background Thread 1 ] DEBUG TilesetLoader        - Loading view for layer Tile Layer 1
12:49:10.147 [FXGL Background Thread 1 ] DEBUG TilesetLoader        - Created buffer with size 1050.0x700.0
12:49:10.152 [JavaFX Application Thread] DEBUG FXGLApplication      - Registering font factories with UI factory
12:49:10.203 [FXGL Background Thread 1 ] DEBUG TilesetLoader        - Writing to buffer: dst=0,0, w=70,h=70, src=0,432
12:49:10.203 [FXGL Background Thread 1 ] DEBUG TilesetLoader        - Writing to buffer: dst=70,0, w=70,h=70, src=0,432
12:49:10.203 [FXGL Background Thread 1 ] DEBUG TilesetLoader        - Writing to buffer: dst=140,0, w=70,h=70, src=0,432
12:49:10.203 [FXGL Background Thread 1 ] DEBUG TilesetLoader        - Writing to buffer: dst=210,0, w=70,h=70, src=0,432
12:49:10.204 [FXGL Background Thread 1 ] DEBUG TilesetLoader        - Writing to buffer: dst=280,0, w=70,h=70, src=0,432
12:49:10.204 [FXGL Background Thread 1 ] DEBUG TilesetLoader        - Writing to buffer: dst=350,0, w=70,h=70, src=0,432
12:49:10.204 [FXGL Background Thread 1 ] DEBUG TilesetLoader        - Writing to buffer: dst=420,0, w=70,h=70, src=0,432
12:49:10.204 [FXGL Background Thread 1 ] DEBUG TilesetLoader        - Writing to buffer: dst=490,0, w=70,h=70, src=0,432
12:49:10.204 [FXGL Background Thread 1 ] DEBUG TilesetLoader        - Writing to buffer: dst=560,0, w=70,h=70, src=0,432
12:49:10.204 [FXGL Background Thread 1 ] DEBUG TilesetLoader        - Writing to buffer: dst=630,0, w=70,h=70, src=0,432
12:49:10.205 [FXGL Background Thread 1 ] DEBUG TilesetLoader        - Writing to buffer: dst=700,0, w=70,h=70, src=0,432
12:49:10.205 [FXGL Background Thread 1 ] DEBUG TilesetLoader        - Writing to buffer: dst=770,0, w=70,h=70, src=0,432
12:49:10.205 [FXGL Background Thread 1 ] DEBUG TilesetLoader        - Writing to buffer: dst=840,0, w=70,h=70, src=0,432
12:49:10.205 [FXGL Background Thread 1 ] DEBUG TilesetLoader        - Writing to buffer: dst=910,0, w=70,h=70, src=0,432
12:49:10.205 [FXGL Background Thread 1 ] DEBUG TilesetLoader        - Writing to buffer: dst=980,0, w=70,h=70, src=0,432
12:49:10.205 [FXGL Background Thread 1 ] DEBUG TilesetLoader        - Writing to buffer: dst=0,70, w=70,h=70, src=0,432
12:49:10.206 [FXGL Background Thread 1 ] DEBUG TilesetLoader        - Writing to buffer: dst=210,70, w=70,h=70, src=0,792
12:49:10.206 [FXGL Background Thread 1 ] DEBUG TilesetLoader        - Writing to buffer: dst=350,70, w=70,h=70, src=0,792
12:49:10.206 [FXGL Background Thread 1 ] DEBUG TilesetLoader        - Writing to buffer: dst=490,70, w=70,h=70, src=0,792
12:49:10.206 [FXGL Background Thread 1 ] DEBUG TilesetLoader        - Writing to buffer: dst=630,70, w=70,h=70, src=0,792
12:49:10.206 [FXGL Background Thread 1 ] DEBUG TilesetLoader        - Writing to buffer: dst=770,70, w=70,h=70, src=0,792
12:49:10.206 [FXGL Background Thread 1 ] DEBUG TilesetLoader        - Writing to buffer: dst=980,70, w=70,h=70, src=0,432
12:49:10.207 [FXGL Background Thread 1 ] DEBUG TilesetLoader        - Writing to buffer: dst=0,140, w=70,h=70, src=0,432
12:49:10.207 [FXGL Background Thread 1 ] DEBUG TilesetLoader        - Writing to buffer: dst=140,140, w=70,h=70, src=504,720
12:49:10.207 [FXGL Background Thread 1 ] DEBUG TilesetLoader        - Writing to buffer: dst=280,140, w=70,h=70, src=504,720
12:49:10.207 [FXGL Background Thread 1 ] DEBUG TilesetLoader        - Writing to buffer: dst=420,140, w=70,h=70, src=504,720
12:49:10.207 [FXGL Background Thread 1 ] DEBUG TilesetLoader        - Writing to buffer: dst=560,140, w=70,h=70, src=504,720
12:49:10.207 [FXGL Background Thread 1 ] DEBUG TilesetLoader        - Writing to buffer: dst=700,140, w=70,h=70, src=504,720
12:49:10.208 [FXGL Background Thread 1 ] DEBUG TilesetLoader        - Writing to buffer: dst=840,140, w=70,h=70, src=504,720
12:49:10.208 [FXGL Background Thread 1 ] DEBUG TilesetLoader        - Writing to buffer: dst=980,140, w=70,h=70, src=0,432
12:49:10.208 [FXGL Background Thread 1 ] DEBUG TilesetLoader        - Writing to buffer: dst=0,210, w=70,h=70, src=0,432
12:49:10.208 [FXGL Background Thread 1 ] DEBUG TilesetLoader        - Writing to buffer: dst=70,210, w=70,h=70, src=0,792
12:49:10.209 [FXGL Background Thread 1 ] DEBUG TilesetLoader        - Writing to buffer: dst=210,210, w=70,h=70, src=0,792
12:49:10.210 [FXGL Background Thread 1 ] DEBUG TilesetLoader        - Writing to buffer: dst=350,210, w=70,h=70, src=0,792
12:49:10.210 [FXGL Background Thread 1 ] DEBUG TilesetLoader        - Writing to buffer: dst=490,210, w=70,h=70, src=0,792
12:49:10.210 [FXGL Background Thread 1 ] DEBUG TilesetLoader        - Writing to buffer: dst=630,210, w=70,h=70, src=0,792
12:49:10.210 [FXGL Background Thread 1 ] DEBUG TilesetLoader        - Writing to buffer: dst=770,210, w=70,h=70, src=0,792
12:49:10.210 [FXGL Background Thread 1 ] DEBUG TilesetLoader        - Writing to buffer: dst=910,210, w=70,h=70, src=0,792
12:49:10.211 [FXGL Background Thread 1 ] DEBUG TilesetLoader        - Writing to buffer: dst=980,210, w=70,h=70, src=0,432
12:49:10.211 [FXGL Background Thread 1 ] DEBUG TilesetLoader        - Writing to buffer: dst=0,280, w=70,h=70, src=0,432
12:49:10.211 [FXGL Background Thread 1 ] DEBUG TilesetLoader        - Writing to buffer: dst=140,280, w=70,h=70, src=504,720
12:49:10.211 [FXGL Background Thread 1 ] DEBUG TilesetLoader        - Writing to buffer: dst=280,280, w=70,h=70, src=504,720
12:49:10.212 [FXGL Background Thread 1 ] DEBUG TilesetLoader        - Writing to buffer: dst=420,280, w=70,h=70, src=504,720
12:49:10.212 [FXGL Background Thread 1 ] DEBUG TilesetLoader        - Writing to buffer: dst=560,280, w=70,h=70, src=504,720
12:49:10.212 [FXGL Background Thread 1 ] DEBUG TilesetLoader        - Writing to buffer: dst=700,280, w=70,h=70, src=504,720
12:49:10.212 [FXGL Background Thread 1 ] DEBUG TilesetLoader        - Writing to buffer: dst=840,280, w=70,h=70, src=504,720
12:49:10.212 [FXGL Background Thread 1 ] DEBUG TilesetLoader        - Writing to buffer: dst=980,280, w=70,h=70, src=0,432
12:49:10.213 [FXGL Background Thread 1 ] DEBUG TilesetLoader        - Writing to buffer: dst=0,350, w=70,h=70, src=0,432
12:49:10.213 [FXGL Background Thread 1 ] DEBUG TilesetLoader        - Writing to buffer: dst=140,350, w=70,h=70, src=504,720
12:49:10.213 [FXGL Background Thread 1 ] DEBUG TilesetLoader        - Writing to buffer: dst=280,350, w=70,h=70, src=504,720
12:49:10.213 [FXGL Background Thread 1 ] DEBUG TilesetLoader        - Writing to buffer: dst=420,350, w=70,h=70, src=504,720
12:49:10.214 [FXGL Background Thread 1 ] DEBUG TilesetLoader        - Writing to buffer: dst=560,350, w=70,h=70, src=504,720
12:49:10.214 [FXGL Background Thread 1 ] DEBUG TilesetLoader        - Writing to buffer: dst=700,350, w=70,h=70, src=504,720
12:49:10.214 [FXGL Background Thread 1 ] DEBUG TilesetLoader        - Writing to buffer: dst=840,350, w=70,h=70, src=504,720
12:49:10.214 [FXGL Background Thread 1 ] DEBUG TilesetLoader        - Writing to buffer: dst=980,350, w=70,h=70, src=0,432
12:49:10.215 [FXGL Background Thread 1 ] DEBUG TilesetLoader        - Writing to buffer: dst=0,420, w=70,h=70, src=0,432
12:49:10.215 [FXGL Background Thread 1 ] DEBUG TilesetLoader        - Writing to buffer: dst=70,420, w=70,h=70, src=0,792
12:49:10.215 [FXGL Background Thread 1 ] DEBUG TilesetLoader        - Writing to buffer: dst=210,420, w=70,h=70, src=0,792
12:49:10.215 [FXGL Background Thread 1 ] DEBUG TilesetLoader        - Writing to buffer: dst=350,420, w=70,h=70, src=0,792
12:49:10.215 [FXGL Background Thread 1 ] DEBUG TilesetLoader        - Writing to buffer: dst=490,420, w=70,h=70, src=0,792
12:49:10.216 [FXGL Background Thread 1 ] DEBUG TilesetLoader        - Writing to buffer: dst=630,420, w=70,h=70, src=0,792
12:49:10.216 [FXGL Background Thread 1 ] DEBUG TilesetLoader        - Writing to buffer: dst=770,420, w=70,h=70, src=0,792
12:49:10.216 [FXGL Background Thread 1 ] DEBUG TilesetLoader        - Writing to buffer: dst=910,420, w=70,h=70, src=0,792
12:49:10.216 [FXGL Background Thread 1 ] DEBUG TilesetLoader        - Writing to buffer: dst=980,420, w=70,h=70, src=0,432
12:49:10.217 [FXGL Background Thread 1 ] DEBUG TilesetLoader        - Writing to buffer: dst=0,490, w=70,h=70, src=0,432
12:49:10.217 [FXGL Background Thread 1 ] DEBUG TilesetLoader        - Writing to buffer: dst=140,490, w=70,h=70, src=504,720
12:49:10.217 [FXGL Background Thread 1 ] DEBUG TilesetLoader        - Writing to buffer: dst=280,490, w=70,h=70, src=504,720
12:49:10.218 [FXGL Background Thread 1 ] DEBUG TilesetLoader        - Writing to buffer: dst=420,490, w=70,h=70, src=504,720
12:49:10.218 [FXGL Background Thread 1 ] DEBUG TilesetLoader        - Writing to buffer: dst=560,490, w=70,h=70, src=504,720
12:49:10.218 [FXGL Background Thread 1 ] DEBUG TilesetLoader        - Writing to buffer: dst=700,490, w=70,h=70, src=504,720
12:49:10.218 [FXGL Background Thread 1 ] DEBUG TilesetLoader        - Writing to buffer: dst=840,490, w=70,h=70, src=504,720
12:49:10.218 [FXGL Background Thread 1 ] DEBUG TilesetLoader        - Writing to buffer: dst=980,490, w=70,h=70, src=0,432
12:49:10.218 [FXGL Background Thread 1 ] DEBUG TilesetLoader        - Writing to buffer: dst=0,560, w=70,h=70, src=0,432
12:49:10.219 [FXGL Background Thread 1 ] DEBUG TilesetLoader        - Writing to buffer: dst=210,560, w=70,h=70, src=0,792
12:49:10.219 [FXGL Background Thread 1 ] DEBUG TilesetLoader        - Writing to buffer: dst=350,560, w=70,h=70, src=0,792
12:49:10.219 [FXGL Background Thread 1 ] DEBUG TilesetLoader        - Writing to buffer: dst=490,560, w=70,h=70, src=0,792
12:49:10.219 [FXGL Background Thread 1 ] DEBUG TilesetLoader        - Writing to buffer: dst=630,560, w=70,h=70, src=0,792
12:49:10.219 [FXGL Background Thread 1 ] DEBUG TilesetLoader        - Writing to buffer: dst=770,560, w=70,h=70, src=0,792
12:49:10.220 [FXGL Background Thread 1 ] DEBUG TilesetLoader        - Writing to buffer: dst=980,560, w=70,h=70, src=0,432
12:49:10.220 [FXGL Background Thread 1 ] DEBUG TilesetLoader        - Writing to buffer: dst=0,630, w=70,h=70, src=0,432
12:49:10.220 [FXGL Background Thread 1 ] DEBUG TilesetLoader        - Writing to buffer: dst=70,630, w=70,h=70, src=0,432
12:49:10.220 [FXGL Background Thread 1 ] DEBUG TilesetLoader        - Writing to buffer: dst=140,630, w=70,h=70, src=0,432
12:49:10.221 [FXGL Background Thread 1 ] DEBUG TilesetLoader        - Writing to buffer: dst=210,630, w=70,h=70, src=0,432
12:49:10.221 [FXGL Background Thread 1 ] DEBUG TilesetLoader        - Writing to buffer: dst=280,630, w=70,h=70, src=0,432
12:49:10.221 [FXGL Background Thread 1 ] DEBUG TilesetLoader        - Writing to buffer: dst=350,630, w=70,h=70, src=0,432
12:49:10.221 [FXGL Background Thread 1 ] DEBUG TilesetLoader        - Writing to buffer: dst=420,630, w=70,h=70, src=0,432
12:49:10.221 [FXGL Background Thread 1 ] DEBUG TilesetLoader        - Writing to buffer: dst=490,630, w=70,h=70, src=0,432
12:49:10.222 [FXGL Background Thread 1 ] DEBUG TilesetLoader        - Writing to buffer: dst=560,630, w=70,h=70, src=0,432
12:49:10.222 [FXGL Background Thread 1 ] DEBUG TilesetLoader        - Writing to buffer: dst=630,630, w=70,h=70, src=0,432
12:49:10.222 [FXGL Background Thread 1 ] DEBUG TilesetLoader        - Writing to buffer: dst=700,630, w=70,h=70, src=0,432
12:49:10.222 [FXGL Background Thread 1 ] DEBUG TilesetLoader        - Writing to buffer: dst=770,630, w=70,h=70, src=0,432
12:49:10.222 [FXGL Background Thread 1 ] DEBUG TilesetLoader        - Writing to buffer: dst=840,630, w=70,h=70, src=0,432
12:49:10.223 [FXGL Background Thread 1 ] DEBUG TilesetLoader        - Writing to buffer: dst=910,630, w=70,h=70, src=0,432
12:49:10.223 [FXGL Background Thread 1 ] DEBUG TilesetLoader        - Writing to buffer: dst=980,630, w=70,h=70, src=0,432
12:49:10.223 [FXGL Background Thread 1 ] DEBUG TMXLevelLoader       - Creating object layer entities
12:49:10.243 [FXGL Background Thread 1 ] DEBUG GameWorld            - Clearing removable entities
12:49:10.244 [FXGL Background Thread 1 ] DEBUG GameWorld            - Setting level: com.almasb.fxgl.entity.level.Level@78210b74
12:49:10.256 [FXGL Background Thread 1 ] DEBUG FXGLAssetLoaderServi - Loading from file system: file:/C:/Users/roan2/Documents/SE-Challengeweek/target/classes/assets/textures/player_1_move_down.png
12:49:10.263 [FXGL Background Thread 1 ] INFO  FXGLApplication      - Game initialization took: 0.154 sec
12:49:10.271 [JavaFX Application Thread] DEBUG Input                - Clearing active input actions
12:49:10.281 [JavaFX Application Thread] DEBUG GameApplicationServi - Removing overlay from FXGLLoadingScene and adding to GameScene
12:49:10.281 [JavaFX Application Thread] DEBUG PrimaryStageWindow   - FXGLLoadingScene -> GameScene
12:49:10.286 [JavaFX Application Thread] DEBUG FXGLAssetLoaderServi - Loading from file system: file:/C:/Users/roan2/Documents/SE-Challengeweek/target/classes/assets/textures/player_1_idle_down.png
12:49:10.431 [FXGL Background Thread 2 ] INFO  UpdaterService       - Your current version:  11.14
12:49:10.431 [FXGL Background Thread 2 ] INFO  UpdaterService       - Latest stable version: 17.1
12:49:11.805 [JavaFX Application Thread] DEBUG FXGLAssetLoaderServi - Loading from file system: file:/C:/Users/roan2/Documents/SE-Challengeweek/target/classes/assets/textures/player_1_move_right.png
12:49:12.058 [JavaFX Application Thread] DEBUG FXGLAssetLoaderServi - Loading from file system: file:/C:/Users/roan2/Documents/SE-Challengeweek/target/classes/assets/textures/bomb-1.png
12:49:12.429 [JavaFX Application Thread] DEBUG FXGLAssetLoaderServi - Loading from file system: file:/C:/Users/roan2/Documents/SE-Challengeweek/target/classes/assets/textures/player_1_move_Up.png
12:49:12.828 [JavaFX Application Thread] DEBUG FXGLAssetLoaderServi - Loading from file system: file:/C:/Users/roan2/Documents/SE-Challengeweek/target/classes/assets/textures/player_1_idle_Up.png
12:49:12.989 [JavaFX Application Thread] DEBUG FXGLAssetLoaderServi - Loading from file system: file:/C:/Users/roan2/Documents/SE-Challengeweek/target/classes/assets/textures/player_1_idle_right.png
12:49:13.032 [FXGL Background Thread 3 ] DEBUG Engine               - Logging environment variables
12:49:13.032 [FXGL Background Thread 3 ] DEBUG Engine               - achievements: []
12:49:13.033 [FXGL Background Thread 3 ] DEBUG Engine               - actualHeight: 700.0
12:49:13.033 [FXGL Background Thread 3 ] DEBUG Engine               - actualHeightProperty: ReadOnlyDoubleProperty [value: 700.0]
12:49:13.034 [FXGL Background Thread 3 ] DEBUG Engine               - actualWidth: 1050.0
12:49:13.034 [FXGL Background Thread 3 ] DEBUG Engine               - actualWidthProperty: ReadOnlyDoubleProperty [value: 1050.0]
12:49:13.035 [FXGL Background Thread 3 ] DEBUG Engine               - appIcon: fxgl_icon.png
12:49:13.035 [FXGL Background Thread 3 ] DEBUG Engine               - applicationMode: DEVELOPER
12:49:13.035 [FXGL Background Thread 3 ] DEBUG Engine               - cSSList: [fxgl_dark.css]
12:49:13.036 [FXGL Background Thread 3 ] DEBUG Engine               - collisionDetectionStrategy: BRUTE_FORCE
12:49:13.036 [FXGL Background Thread 3 ] DEBUG Engine               - configClass: Optional.empty
12:49:13.036 [FXGL Background Thread 3 ] DEBUG Engine               - credits: []
12:49:13.038 [FXGL Background Thread 3 ] DEBUG Engine               - devBBoxColorProperty: ObjectProperty [value: 0xff0000ff]
12:49:13.038 [FXGL Background Thread 3 ] DEBUG Engine               - devEnableDebugCameraProperty: BooleanProperty [value: false]
12:49:13.039 [FXGL Background Thread 3 ] DEBUG Engine               - devSensorColorProperty: ObjectProperty [value: 0xffff00ff]
12:49:13.039 [FXGL Background Thread 3 ] DEBUG Engine               - devShowBBoxProperty: BooleanProperty [value: false]
12:49:13.039 [FXGL Background Thread 3 ] DEBUG Engine               - devShowPositionProperty: BooleanProperty [value: false]
12:49:13.040 [FXGL Background Thread 3 ] DEBUG Engine               - enabledMenuItems: []
12:49:13.040 [FXGL Background Thread 3 ] DEBUG Engine               - engineServices: [class com.almasb.fxgl.app.services.FXGLAssetLoaderService, class com.almasb.fxgl.app.FXGLApplication$GameApplicationService, class com.almasb.fxgl.app.services.FXGLDialogService, class com.almasb.fxgl.app.services.IOTaskExecutorService, class com.almasb.fxgl.event.EventBusService, class com.almasb.fxgl.io.FileSystemService, class com.almasb.fxgl.localization.LocalizationService, class com.almasb.fxgl.app.services.SystemBundleService, class com.almasb.fxgl.profile.SaveLoadService, class com.almasb.fxgl.ui.FXGLUIFactoryServiceProvider, class com.almasb.fxgl.ui.FXGLDialogFactoryServiceProvider, class com.almasb.fxgl.audio.AudioPlayer, class com.almasb.fxgl.notification.impl.NotificationServiceProvider, class com.almasb.fxgl.achievement.AchievementService, class com.almasb.fxgl.cutscene.CutsceneService, class com.almasb.fxgl.minigames.MiniGameService, class com.almasb.fxgl.net.NetService, class com.almasb.fxgl.app.services.UpdaterService, class com.almasb.fxgl.dev.DevService]
12:49:13.040 [FXGL Background Thread 3 ] DEBUG Engine               - fontGame: Abel-Regular.ttf
12:49:13.041 [FXGL Background Thread 3 ] DEBUG Engine               - fontMono: lucida_console.ttf
12:49:13.041 [FXGL Background Thread 3 ] DEBUG Engine               - fontText: Courier-Prime.ttf
12:49:13.041 [FXGL Background Thread 3 ] DEBUG Engine               - fontUI: VarelaRound-Regular.ttf
12:49:13.042 [FXGL Background Thread 3 ] DEBUG Engine               - fullScreen: BooleanProperty [value: false]
12:49:13.042 [FXGL Background Thread 3 ] DEBUG Engine               - gameDifficulty: MEDIUM
12:49:13.042 [FXGL Background Thread 3 ] DEBUG Engine               - gameDifficultyProperty: ObjectProperty [value: MEDIUM]
12:49:13.043 [FXGL Background Thread 3 ] DEBUG Engine               - globalMusicVolume: 0.5
12:49:13.044 [FXGL Background Thread 3 ] DEBUG Engine               - globalMusicVolumeProperty: DoubleProperty [value: 0.5]
12:49:13.044 [FXGL Background Thread 3 ] DEBUG Engine               - globalSoundVolume: 0.5
12:49:13.044 [FXGL Background Thread 3 ] DEBUG Engine               - globalSoundVolumeProperty: DoubleProperty [value: 0.5]
12:49:13.045 [FXGL Background Thread 3 ] DEBUG Engine               - height: 700
12:49:13.045 [FXGL Background Thread 3 ] DEBUG Engine               - isAndroid: false
12:49:13.045 [FXGL Background Thread 3 ] DEBUG Engine               - isBrowser: false
12:49:13.046 [FXGL Background Thread 3 ] DEBUG Engine               - isClickFeedbackEnabled: false
12:49:13.046 [FXGL Background Thread 3 ] DEBUG Engine               - isCloseConfirmation: false
12:49:13.046 [FXGL Background Thread 3 ] DEBUG Engine               - isDesktop: true
12:49:13.047 [FXGL Background Thread 3 ] DEBUG Engine               - isDeveloperMenuEnabled: false
12:49:13.047 [FXGL Background Thread 3 ] DEBUG Engine               - isEntityPreloadEnabled: true
12:49:13.048 [FXGL Background Thread 3 ] DEBUG Engine               - isExperimental3D: false
12:49:13.048 [FXGL Background Thread 3 ] DEBUG Engine               - isExperimentalNative: false
12:49:13.048 [FXGL Background Thread 3 ] DEBUG Engine               - isExperimentalTiledLargeMap: false
12:49:13.048 [FXGL Background Thread 3 ] DEBUG Engine               - isFileSystemWriteAllowed: true
12:49:13.049 [FXGL Background Thread 3 ] DEBUG Engine               - isFullScreenAllowed: false
12:49:13.049 [FXGL Background Thread 3 ] DEBUG Engine               - isFullScreenFromStart: false
12:49:13.050 [FXGL Background Thread 3 ] DEBUG Engine               - isGameMenuEnabled: true
12:49:13.050 [FXGL Background Thread 3 ] DEBUG Engine               - isIOS: false
12:49:13.050 [FXGL Background Thread 3 ] DEBUG Engine               - isIntroEnabled: false
12:49:13.050 [FXGL Background Thread 3 ] DEBUG Engine               - isLinux: false
12:49:13.051 [FXGL Background Thread 3 ] DEBUG Engine               - isMac: false
12:49:13.051 [FXGL Background Thread 3 ] DEBUG Engine               - isMainMenuEnabled: false
12:49:13.051 [FXGL Background Thread 3 ] DEBUG Engine               - isManualResizeEnabled: false
12:49:13.052 [FXGL Background Thread 3 ] DEBUG Engine               - isMobile: false
12:49:13.052 [FXGL Background Thread 3 ] DEBUG Engine               - isPreserveResizeRatio: false
12:49:13.052 [FXGL Background Thread 3 ] DEBUG Engine               - isProfilingEnabled: false
12:49:13.053 [FXGL Background Thread 3 ] DEBUG Engine               - isScaleAffectedOnResize: true
12:49:13.053 [FXGL Background Thread 3 ] DEBUG Engine               - isSingleStep: false
12:49:13.053 [FXGL Background Thread 3 ] DEBUG Engine               - isUserProfileEnabled: false
12:49:13.054 [FXGL Background Thread 3 ] DEBUG Engine               - isWindows: true
12:49:13.054 [FXGL Background Thread 3 ] DEBUG Engine               - language: ObjectProperty [value: ENGLISH]
12:49:13.055 [FXGL Background Thread 3 ] DEBUG Engine               - menuKey: ESCAPE
12:49:13.055 [FXGL Background Thread 3 ] DEBUG Engine               - notificationViewClass: class com.almasb.fxgl.notification.view.XboxNotificationView
12:49:13.055 [FXGL Background Thread 3 ] DEBUG Engine               - pixelsPerMeter: 50.0
12:49:13.055 [FXGL Background Thread 3 ] DEBUG Engine               - platform: WINDOWS
12:49:13.056 [FXGL Background Thread 3 ] DEBUG Engine               - prefHeightProperty: ReadOnlyDoubleProperty [value: 700.0]
12:49:13.056 [FXGL Background Thread 3 ] DEBUG Engine               - prefWidthProperty: ReadOnlyDoubleProperty [value: 1050.0]
12:49:13.056 [FXGL Background Thread 3 ] DEBUG Engine               - profileDir: profiles/
12:49:13.057 [FXGL Background Thread 3 ] DEBUG Engine               - profileName: StringProperty [value: DEFAULT]
12:49:13.057 [FXGL Background Thread 3 ] DEBUG Engine               - randomSeed: -1
12:49:13.057 [FXGL Background Thread 3 ] DEBUG Engine               - runtimeInfo: RuntimeInfo(platform=WINDOWS, version=11.14, build=01.03.2021 16.59)
12:49:13.058 [FXGL Background Thread 3 ] DEBUG Engine               - saveFileExt: sav
12:49:13.058 [FXGL Background Thread 3 ] DEBUG Engine               - scaledHeightProp$fxgl: DoubleProperty [bound, value: 700.0]
12:49:13.058 [FXGL Background Thread 3 ] DEBUG Engine               - scaledWidthProp$fxgl: DoubleProperty [bound, value: 1050.0]
12:49:13.059 [FXGL Background Thread 3 ] DEBUG Engine               - sceneFactory: com.almasb.fxgl.app.scene.SceneFactory@5fed86c5
12:49:13.059 [FXGL Background Thread 3 ] DEBUG Engine               - secondsIn24h: 60
12:49:13.059 [FXGL Background Thread 3 ] DEBUG Engine               - soundMenuBack: menu/back.wav
12:49:13.060 [FXGL Background Thread 3 ] DEBUG Engine               - soundMenuPress: menu/press.wav
12:49:13.060 [FXGL Background Thread 3 ] DEBUG Engine               - soundMenuSelect: menu/select.wav
12:49:13.061 [FXGL Background Thread 3 ] DEBUG Engine               - soundNotification: core/notification.wav
12:49:13.061 [FXGL Background Thread 3 ] DEBUG Engine               - stageStyle: DECORATED
12:49:13.061 [FXGL Background Thread 3 ] DEBUG Engine               - supportedLanguages: [ENGLISH, FRENCH, GERMAN, HUNGARIAN, RUSSIAN]
12:49:13.061 [FXGL Background Thread 3 ] DEBUG Engine               - ticksPerSecond: -1
12:49:13.062 [FXGL Background Thread 3 ] DEBUG Engine               - title: Untitled
12:49:13.062 [FXGL Background Thread 3 ] DEBUG Engine               - urlGithub: https://github.com/AlmasB/FXGL
12:49:13.062 [FXGL Background Thread 3 ] DEBUG Engine               - urlLeaderboard: http://fxgl-top.herokuapp.com/
12:49:13.062 [FXGL Background Thread 3 ] DEBUG Engine               - urlPOM: https://raw.githubusercontent.com/AlmasB/FXGL/release/README.md
12:49:13.063 [FXGL Background Thread 3 ] DEBUG Engine               - userAppClass: class Game
12:49:13.063 [FXGL Background Thread 3 ] DEBUG Engine               - version: 0.0
12:49:13.063 [FXGL Background Thread 3 ] DEBUG Engine               - versionCheckDays: 7
12:49:13.064 [FXGL Background Thread 3 ] DEBUG Engine               - width: 1050
12:49:13.064 [FXGL Background Thread 3 ] DEBUG Engine               - Logging services
12:49:13.064 [FXGL Background Thread 3 ] DEBUG Engine               - class com.almasb.fxgl.app.services.FXGLAssetLoaderService
12:49:13.065 [FXGL Background Thread 3 ] DEBUG Engine               - class com.almasb.fxgl.app.FXGLApplication$GameApplicationService
12:49:13.065 [FXGL Background Thread 3 ] DEBUG Engine               - class com.almasb.fxgl.app.services.FXGLDialogService
12:49:13.065 [FXGL Background Thread 3 ] DEBUG Engine               - class com.almasb.fxgl.app.services.IOTaskExecutorService
12:49:13.066 [FXGL Background Thread 3 ] DEBUG Engine               - class com.almasb.fxgl.event.EventBusService
12:49:13.066 [FXGL Background Thread 3 ] DEBUG Engine               - class com.almasb.fxgl.io.FileSystemService
12:49:13.066 [FXGL Background Thread 3 ] DEBUG Engine               - class com.almasb.fxgl.localization.LocalizationService
12:49:13.066 [FXGL Background Thread 3 ] DEBUG Engine               - class com.almasb.fxgl.app.services.SystemBundleService
12:49:13.067 [FXGL Background Thread 3 ] DEBUG Engine               - class com.almasb.fxgl.profile.SaveLoadService
12:49:13.067 [FXGL Background Thread 3 ] DEBUG Engine               - class com.almasb.fxgl.ui.FXGLUIFactoryServiceProvider
12:49:13.067 [FXGL Background Thread 3 ] DEBUG Engine               - class com.almasb.fxgl.ui.FXGLDialogFactoryServiceProvider
12:49:13.068 [FXGL Background Thread 3 ] DEBUG Engine               - class com.almasb.fxgl.audio.AudioPlayer
12:49:13.068 [FXGL Background Thread 3 ] DEBUG Engine               - class com.almasb.fxgl.notification.impl.NotificationServiceProvider
12:49:13.068 [FXGL Background Thread 3 ] DEBUG Engine               - class com.almasb.fxgl.achievement.AchievementService
12:49:13.068 [FXGL Background Thread 3 ] DEBUG Engine               - class com.almasb.fxgl.cutscene.CutsceneService
12:49:13.069 [FXGL Background Thread 3 ] DEBUG Engine               - class com.almasb.fxgl.minigames.MiniGameService
12:49:13.069 [FXGL Background Thread 3 ] DEBUG Engine               - class com.almasb.fxgl.net.NetService
12:49:13.070 [FXGL Background Thread 3 ] DEBUG Engine               - class com.almasb.fxgl.app.services.UpdaterService
12:49:13.070 [FXGL Background Thread 3 ] DEBUG Engine               - class com.almasb.fxgl.dev.DevService
12:49:17.581 [JavaFX Application Thread] DEBUG FXGLAssetLoaderServi - Loading from file system: file:/C:/Users/roan2/Documents/SE-Challengeweek/target/classes/assets/textures/player_1_move_left.png
12:49:18.077 [JavaFX Application Thread] DEBUG FXGLAssetLoaderServi - Loading from file system: file:/C:/Users/roan2/Documents/SE-Challengeweek/target/classes/assets/textures/player_1_idle_left.png
12:49:24.396 [JavaFX Application Thread] DEBUG FXGLApplication      - Exiting FXGL
12:49:24.397 [JavaFX Application Thread] DEBUG LoopRunner           - Stopping loop
12:49:24.397 [JavaFX Application Thread] DEBUG SystemBundleService  - Saving FXGL system data
12:49:24.399 [JavaFX Application Thread] DEBUG FileSystemAccess     - Writing to: C:\Users\roan2\Documents\SE-Challengeweek\system\fxgl.bundle
12:49:24.400 [JavaFX Application Thread] DEBUG Async                - Shutting down background threads
12:49:24.401 [JavaFX Application Thread] DEBUG PrimaryStageWindow   - Closing main window
12:49:24.416 [JavaFX Application Thread] DEBUG Logger               - Closing Logger
