12:02:13.686 [main                     ] DEBUG Logger               - Configured Logger
12:02:13.691 [main                     ] DEBUG GameApplication      - Logging settings
Title: Bomberman SE
Version: 1.0
Width: 960
Height: 832
Fullscreen: false
Intro: false
Profiling: false
Single step:false
App Mode: DEVELOPER
Menu Key: ESCAPE
Stage Style: DECORATED
Scene Factory: class com.almasb.fxgl.app.scene.SceneFactory

12:02:14.078 [JavaFX Application Thread] DEBUG FXGLApplication      - Initializing FXGL
12:02:14.079 [JavaFX Application Thread] INFO  Engine               - FXGL-11.14 (01.03.2021 16.59) on WINDOWS (J:15.0.2 FX:15)
12:02:14.080 [JavaFX Application Thread] DEBUG Engine               - JRE Vendor Name: Amazon.com Inc.
12:02:14.080 [JavaFX Application Thread] DEBUG Engine               - Running on OS: Windows 10 version 10.0
12:02:14.080 [JavaFX Application Thread] DEBUG Engine               - Architecture: amd64
12:02:14.080 [JavaFX Application Thread] INFO  Engine               - Source code and latest versions at: https://github.com/AlmasB/FXGL
12:02:14.081 [JavaFX Application Thread] INFO  Engine               -              Join the FXGL chat at: https://gitter.im/AlmasB/FXGL
12:02:14.203 [JavaFX Application Thread] DEBUG PrimaryStageWindow   - Creating a JavaFX scene
12:02:14.203 [JavaFX Application Thread] DEBUG PrimaryStageWindow   - Target size > screen size
12:02:14.263 [JavaFX Application Thread] DEBUG PrimaryStageWindow   - Target settings size: 960.0 x 832.0
12:02:14.263 [JavaFX Application Thread] DEBUG PrimaryStageWindow   - Scaled scene size:    925.0 x 823.0
12:02:14.263 [JavaFX Application Thread] DEBUG PrimaryStageWindow   - Scaled ratio: (0.9635416666666666, 0.9891826923076923)
12:02:14.265 [JavaFX Application Thread] DEBUG PrimaryStageWindow   - Set initial scene to FXGLStartupScene
12:02:14.273 [JavaFX Application Thread] DEBUG PrimaryStageWindow   - Opening main window
12:02:14.364 [JavaFX Application Thread] DEBUG PrimaryStageWindow   - Window border size: (15.0, 37.79998779296875)
12:02:14.364 [JavaFX Application Thread] DEBUG PrimaryStageWindow   - Scaled size: 925.0 x 823.0
12:02:14.364 [JavaFX Application Thread] DEBUG PrimaryStageWindow   - Scaled ratio: (0.9635416666666666, 0.9891826923076923)
12:02:14.364 [JavaFX Application Thread] DEBUG PrimaryStageWindow   - Scene size: 925.0 x 823.0
12:02:14.364 [JavaFX Application Thread] DEBUG PrimaryStageWindow   - Stage size: 940.0 x 860.7999877929688
12:02:14.377 [FXGL Background Thread 1 ] DEBUG Engine               - Initializing environment variables
12:02:14.419 [FXGL Background Thread 1 ] DEBUG FXGLAssetLoaderServi - User app class for loading assets: class Game
12:02:14.419 [FXGL Background Thread 1 ] DEBUG GameApplicationServi - Applying CSS: fxgl_dark.css
12:02:14.421 [FXGL Background Thread 1 ] DEBUG FXGLAssetLoaderServi - Loading from file system: jar:file:/C:/Users/roan2/.m2/repository/com/github/almasb/fxgl/11.14/fxgl-11.14.jar!/fxglassets/ui/css/fxgl_dark.css
12:02:14.470 [FXGL Background Thread 1 ] DEBUG GameApplicationServi - Initializing application scenes
12:02:14.504 [FXGL Background Thread 1 ] DEBUG GameWorld            - Game world initialized
12:02:14.562 [FXGL Background Thread 1 ] DEBUG PhysicsWorld         - Physics world initialized: appHeight=832, physics.ppm=50.0
12:02:14.562 [FXGL Background Thread 1 ] DEBUG PhysicsWorld         - Using strategy: BRUTE_FORCE
12:02:14.566 [FXGL Background Thread 1 ] DEBUG GameScene            - Game scene initialized: 960x832
12:02:14.599 [FXGL Background Thread 1 ] DEBUG FXGLAssetLoaderServi - Loading from file system: jar:file:/C:/Users/roan2/.m2/repository/com/github/almasb/fxgl/11.14/fxgl-11.14.jar!/fxglassets/textures/particles/trace_horizontal.png
12:02:14.654 [FXGL Background Thread 1 ] DEBUG FXGL.DefaultMenu     - createMenuBodyGameMenu()
12:02:14.671 [FXGL Background Thread 1 ] DEBUG FXGL.DefaultMenu     - createOptionsMenu()
12:02:14.677 [FXGL Background Thread 1 ] DEBUG FXGLAssetLoaderServi - Loading from file system: jar:file:/C:/Users/roan2/.m2/repository/com/github/almasb/fxgl/11.14/fxgl-11.14.jar!/fxglassets/textures/particles/smoke.png
12:02:14.733 [FXGL Background Thread 1 ] DEBUG GameApplicationServi - Application scenes initialized
12:02:14.744 [FXGL Background Thread 1 ] DEBUG SystemBundleService  - Loading FXGL system data
12:02:14.748 [FXGL Background Thread 1 ] DEBUG FileSystemAccess     - Reading from: C:\Users\roan2\Documents\SE-Challengeweek\system\fxgl.bundle
12:02:14.754 [FXGL Background Thread 1 ] DEBUG SystemBundleService  - Bundle FXGL: {}
12:02:14.754 [FXGL Background Thread 1 ] DEBUG UpdaterService       - Checking for updates
12:02:14.760 [FXGL Background Thread 4 ] DEBUG FXGLApplication      - Loading fonts
12:02:14.761 [FXGL Background Thread 1 ] DEBUG FXGLApplication      - Loading default localization
12:02:14.761 [FXGL Background Thread 4 ] DEBUG FXGLAssetLoaderServi - Loading from file system: jar:file:/C:/Users/roan2/.m2/repository/com/github/almasb/fxgl/11.14/fxgl-11.14.jar!/fxglassets/ui/fonts/VarelaRound-Regular.ttf
12:02:14.762 [FXGL Background Thread 1 ] DEBUG FXGLAssetLoaderServi - Loading from file system: jar:file:/C:/Users/roan2/.m2/repository/com/github/almasb/fxgl/11.14/fxgl-11.14.jar!/fxglassets/languages/english.lang
12:02:14.777 [FXGL Background Thread 1 ] INFO  FXGLApplication      - FXGL initialization took: 0.400 sec
12:02:14.787 [JavaFX Application Thread] DEBUG Input                - Registered new binding: action0 - W
12:02:14.788 [JavaFX Application Thread] DEBUG Input                - Registered new binding: action1 - S
12:02:14.788 [JavaFX Application Thread] DEBUG Input                - Registered new binding: action2 - A
12:02:14.789 [JavaFX Application Thread] DEBUG Input                - Registered new binding: action3 - D
12:02:14.789 [JavaFX Application Thread] DEBUG FXGLAssetLoaderServi - Loading from file system: jar:file:/C:/Users/roan2/.m2/repository/com/github/almasb/fxgl/11.14/fxgl-11.14.jar!/fxglassets/textures/fxgl_icon.png
12:02:14.807 [JavaFX Application Thread] DEBUG FXGLAssetLoaderServi - Loading from file system: jar:file:/C:/Users/roan2/.m2/repository/com/github/almasb/fxgl/11.14/fxgl-11.14.jar!/fxglassets/ui/cursors/fxgl_default.png
12:02:14.810 [JavaFX Application Thread] DEBUG Input                - Registered new binding: Screenshot - P
12:02:14.811 [JavaFX Application Thread] DEBUG Input                - Registered new binding: System info dump - CTRL+9
12:02:14.812 [JavaFX Application Thread] DEBUG Input                - Registered new binding: Restart - CTRL+R
12:02:14.813 [JavaFX Application Thread] DEBUG Input                - Registered new binding: Toggle Debug Camera - CTRL+C
12:02:14.815 [JavaFX Application Thread] DEBUG LoopRunner           - Starting loop
12:02:14.815 [JavaFX Application Thread] DEBUG LoopRunner           - Initializing JavaFX AnimationTimerLoop
12:02:14.817 [JavaFX Application Thread] DEBUG GameApplicationServi - Starting new game
12:02:14.817 [JavaFX Application Thread] DEBUG Input                - Clearing active input actions
12:02:14.828 [JavaFX Application Thread] DEBUG GameApplicationServi - Removing overlay from FXGLStartupScene and adding to FXGLLoadingScene
12:02:14.829 [JavaFX Application Thread] DEBUG PrimaryStageWindow   - FXGLStartupScene -> FXGLLoadingScene
12:02:14.829 [JavaFX Application Thread] DEBUG GameApplicationServi - Clearing previous game
12:02:14.829 [JavaFX Application Thread] DEBUG GameScene            - Clearing game scene
12:02:14.829 [JavaFX Application Thread] DEBUG GameWorld            - Clearing game world
12:02:14.829 [JavaFX Application Thread] DEBUG PhysicsWorld         - Clearing physics world
12:02:14.830 [FXGL Background Thread 1 ] DEBUG FXGLApplication      - Initializing game
12:02:14.833 [FXGL Background Thread 1 ] DEBUG FXGLAssetLoaderServi - Loading from file system: file:/C:/Users/roan2/Documents/SE-Challengeweek/target/classes/assets/textures/sprite.png
12:02:14.844 [FXGL Background Thread 4 ] DEBUG FXGLAssetLoaderServi - Loading from file system: jar:file:/C:/Users/roan2/.m2/repository/com/github/almasb/fxgl/11.14/fxgl-11.14.jar!/fxglassets/ui/fonts/Abel-Regular.ttf
12:02:14.848 [FXGL Background Thread 4 ] DEBUG FXGLAssetLoaderServi - Loading from file system: jar:file:/C:/Users/roan2/.m2/repository/com/github/almasb/fxgl/11.14/fxgl-11.14.jar!/fxglassets/ui/fonts/lucida_console.ttf
12:02:14.852 [FXGL Background Thread 4 ] DEBUG FXGLAssetLoaderServi - Loading from file system: jar:file:/C:/Users/roan2/.m2/repository/com/github/almasb/fxgl/11.14/fxgl-11.14.jar!/fxglassets/ui/fonts/Courier-Prime.ttf
12:02:14.872 [JavaFX Application Thread] DEBUG FXGLApplication      - Registering font factories with UI factory
12:02:14.905 [FXGL Background Thread 1 ] INFO  FXGLApplication      - Game initialization took: 0.074 sec
12:02:14.951 [JavaFX Application Thread] DEBUG Input                - Clearing active input actions
12:02:14.973 [JavaFX Application Thread] DEBUG GameApplicationServi - Removing overlay from FXGLLoadingScene and adding to GameScene
12:02:14.973 [JavaFX Application Thread] DEBUG PrimaryStageWindow   - FXGLLoadingScene -> GameScene
12:02:15.155 [FXGL Background Thread 2 ] INFO  UpdaterService       - Your current version:  11.14
12:02:15.155 [FXGL Background Thread 2 ] INFO  UpdaterService       - Latest stable version: 17.1
12:02:17.758 [FXGL Background Thread 3 ] DEBUG Engine               - Logging environment variables
12:02:17.761 [FXGL Background Thread 3 ] DEBUG Engine               - achievements: []
12:02:17.762 [FXGL Background Thread 3 ] DEBUG Engine               - actualHeight: 823.0
12:02:17.763 [FXGL Background Thread 3 ] DEBUG Engine               - actualHeightProperty: ReadOnlyDoubleProperty [value: 823.0]
12:02:17.763 [FXGL Background Thread 3 ] DEBUG Engine               - actualWidth: 925.0
12:02:17.763 [FXGL Background Thread 3 ] DEBUG Engine               - actualWidthProperty: ReadOnlyDoubleProperty [value: 925.0]
12:02:17.764 [FXGL Background Thread 3 ] DEBUG Engine               - appIcon: fxgl_icon.png
12:02:17.764 [FXGL Background Thread 3 ] DEBUG Engine               - applicationMode: DEVELOPER
12:02:17.765 [FXGL Background Thread 3 ] DEBUG Engine               - cSSList: [fxgl_dark.css]
12:02:17.766 [FXGL Background Thread 3 ] DEBUG Engine               - collisionDetectionStrategy: BRUTE_FORCE
12:02:17.766 [FXGL Background Thread 3 ] DEBUG Engine               - configClass: Optional.empty
12:02:17.767 [FXGL Background Thread 3 ] DEBUG Engine               - credits: []
12:02:17.768 [FXGL Background Thread 3 ] DEBUG Engine               - devBBoxColorProperty: ObjectProperty [value: 0xff0000ff]
12:02:17.769 [FXGL Background Thread 3 ] DEBUG Engine               - devEnableDebugCameraProperty: BooleanProperty [value: false]
12:02:17.770 [FXGL Background Thread 3 ] DEBUG Engine               - devSensorColorProperty: ObjectProperty [value: 0xffff00ff]
12:02:17.771 [FXGL Background Thread 3 ] DEBUG Engine               - devShowBBoxProperty: BooleanProperty [value: false]
12:02:17.772 [FXGL Background Thread 3 ] DEBUG Engine               - devShowPositionProperty: BooleanProperty [value: false]
12:02:17.772 [FXGL Background Thread 3 ] DEBUG Engine               - enabledMenuItems: []
12:02:17.773 [FXGL Background Thread 3 ] DEBUG Engine               - engineServices: [class com.almasb.fxgl.app.services.FXGLAssetLoaderService, class com.almasb.fxgl.app.FXGLApplication$GameApplicationService, class com.almasb.fxgl.app.services.FXGLDialogService, class com.almasb.fxgl.app.services.IOTaskExecutorService, class com.almasb.fxgl.event.EventBusService, class com.almasb.fxgl.io.FileSystemService, class com.almasb.fxgl.localization.LocalizationService, class com.almasb.fxgl.app.services.SystemBundleService, class com.almasb.fxgl.profile.SaveLoadService, class com.almasb.fxgl.ui.FXGLUIFactoryServiceProvider, class com.almasb.fxgl.ui.FXGLDialogFactoryServiceProvider, class com.almasb.fxgl.audio.AudioPlayer, class com.almasb.fxgl.notification.impl.NotificationServiceProvider, class com.almasb.fxgl.achievement.AchievementService, class com.almasb.fxgl.cutscene.CutsceneService, class com.almasb.fxgl.minigames.MiniGameService, class com.almasb.fxgl.net.NetService, class com.almasb.fxgl.app.services.UpdaterService, class com.almasb.fxgl.dev.DevService]
12:02:17.774 [FXGL Background Thread 3 ] DEBUG Engine               - fontGame: Abel-Regular.ttf
12:02:17.774 [FXGL Background Thread 3 ] DEBUG Engine               - fontMono: lucida_console.ttf
12:02:17.775 [FXGL Background Thread 3 ] DEBUG Engine               - fontText: Courier-Prime.ttf
12:02:17.775 [FXGL Background Thread 3 ] DEBUG Engine               - fontUI: VarelaRound-Regular.ttf
12:02:17.776 [FXGL Background Thread 3 ] DEBUG Engine               - fullScreen: BooleanProperty [value: false]
12:02:17.777 [FXGL Background Thread 3 ] DEBUG Engine               - gameDifficulty: MEDIUM
12:02:17.777 [FXGL Background Thread 3 ] DEBUG Engine               - gameDifficultyProperty: ObjectProperty [value: MEDIUM]
12:02:17.778 [FXGL Background Thread 3 ] DEBUG Engine               - globalMusicVolume: 0.5
12:02:17.778 [FXGL Background Thread 3 ] DEBUG Engine               - globalMusicVolumeProperty: DoubleProperty [value: 0.5]
12:02:17.779 [FXGL Background Thread 3 ] DEBUG Engine               - globalSoundVolume: 0.5
12:02:17.780 [FXGL Background Thread 3 ] DEBUG Engine               - globalSoundVolumeProperty: DoubleProperty [value: 0.5]
12:02:17.780 [FXGL Background Thread 3 ] DEBUG Engine               - height: 832
12:02:17.781 [FXGL Background Thread 3 ] DEBUG Engine               - isAndroid: false
12:02:17.782 [FXGL Background Thread 3 ] DEBUG Engine               - isBrowser: false
12:02:17.782 [FXGL Background Thread 3 ] DEBUG Engine               - isClickFeedbackEnabled: false
12:02:17.783 [FXGL Background Thread 3 ] DEBUG Engine               - isCloseConfirmation: false
12:02:17.783 [FXGL Background Thread 3 ] DEBUG Engine               - isDesktop: true
12:02:17.784 [FXGL Background Thread 3 ] DEBUG Engine               - isDeveloperMenuEnabled: false
12:02:17.784 [FXGL Background Thread 3 ] DEBUG Engine               - isEntityPreloadEnabled: true
12:02:17.785 [FXGL Background Thread 3 ] DEBUG Engine               - isExperimental3D: false
12:02:17.785 [FXGL Background Thread 3 ] DEBUG Engine               - isExperimentalNative: false
12:02:17.786 [FXGL Background Thread 3 ] DEBUG Engine               - isExperimentalTiledLargeMap: false
12:02:17.786 [FXGL Background Thread 3 ] DEBUG Engine               - isFileSystemWriteAllowed: true
12:02:17.787 [FXGL Background Thread 3 ] DEBUG Engine               - isFullScreenAllowed: false
12:02:17.787 [FXGL Background Thread 3 ] DEBUG Engine               - isFullScreenFromStart: false
12:02:17.788 [FXGL Background Thread 3 ] DEBUG Engine               - isGameMenuEnabled: true
12:02:17.788 [FXGL Background Thread 3 ] DEBUG Engine               - isIOS: false
12:02:17.789 [FXGL Background Thread 3 ] DEBUG Engine               - isIntroEnabled: false
12:02:17.789 [FXGL Background Thread 3 ] DEBUG Engine               - isLinux: false
12:02:17.790 [FXGL Background Thread 3 ] DEBUG Engine               - isMac: false
12:02:17.791 [FXGL Background Thread 3 ] DEBUG Engine               - isMainMenuEnabled: false
12:02:17.791 [FXGL Background Thread 3 ] DEBUG Engine               - isManualResizeEnabled: false
12:02:17.792 [FXGL Background Thread 3 ] DEBUG Engine               - isMobile: false
12:02:17.793 [FXGL Background Thread 3 ] DEBUG Engine               - isPreserveResizeRatio: false
12:02:17.793 [FXGL Background Thread 3 ] DEBUG Engine               - isProfilingEnabled: false
12:02:17.794 [FXGL Background Thread 3 ] DEBUG Engine               - isScaleAffectedOnResize: true
12:02:17.794 [FXGL Background Thread 3 ] DEBUG Engine               - isSingleStep: false
12:02:17.795 [FXGL Background Thread 3 ] DEBUG Engine               - isUserProfileEnabled: false
12:02:17.795 [FXGL Background Thread 3 ] DEBUG Engine               - isWindows: true
12:02:17.796 [FXGL Background Thread 3 ] DEBUG Engine               - language: ObjectProperty [value: ENGLISH]
12:02:17.796 [FXGL Background Thread 3 ] DEBUG Engine               - menuKey: ESCAPE
12:02:17.797 [FXGL Background Thread 3 ] DEBUG Engine               - notificationViewClass: class com.almasb.fxgl.notification.view.XboxNotificationView
12:02:17.797 [FXGL Background Thread 3 ] DEBUG Engine               - pixelsPerMeter: 50.0
12:02:17.798 [FXGL Background Thread 3 ] DEBUG Engine               - platform: WINDOWS
12:02:17.799 [FXGL Background Thread 3 ] DEBUG Engine               - prefHeightProperty: ReadOnlyDoubleProperty [value: 832.0]
12:02:17.800 [FXGL Background Thread 3 ] DEBUG Engine               - prefWidthProperty: ReadOnlyDoubleProperty [value: 960.0]
12:02:17.800 [FXGL Background Thread 3 ] DEBUG Engine               - profileDir: profiles/
12:02:17.801 [FXGL Background Thread 3 ] DEBUG Engine               - profileName: StringProperty [value: DEFAULT]
12:02:17.801 [FXGL Background Thread 3 ] DEBUG Engine               - randomSeed: -1
12:02:17.802 [FXGL Background Thread 3 ] DEBUG Engine               - runtimeInfo: RuntimeInfo(platform=WINDOWS, version=11.14, build=01.03.2021 16.59)
12:02:17.802 [FXGL Background Thread 3 ] DEBUG Engine               - saveFileExt: sav
12:02:17.803 [FXGL Background Thread 3 ] DEBUG Engine               - scaledHeightProp$fxgl: DoubleProperty [bound, value: 823.0]
12:02:17.803 [FXGL Background Thread 3 ] DEBUG Engine               - scaledWidthProp$fxgl: DoubleProperty [bound, value: 925.0]
12:02:17.804 [FXGL Background Thread 3 ] DEBUG Engine               - sceneFactory: com.almasb.fxgl.app.scene.SceneFactory@298c6cd1
12:02:17.804 [FXGL Background Thread 3 ] DEBUG Engine               - secondsIn24h: 60
12:02:17.805 [FXGL Background Thread 3 ] DEBUG Engine               - soundMenuBack: menu/back.wav
12:02:17.805 [FXGL Background Thread 3 ] DEBUG Engine               - soundMenuPress: menu/press.wav
12:02:17.805 [FXGL Background Thread 3 ] DEBUG Engine               - soundMenuSelect: menu/select.wav
12:02:17.806 [FXGL Background Thread 3 ] DEBUG Engine               - soundNotification: core/notification.wav
12:02:17.806 [FXGL Background Thread 3 ] DEBUG Engine               - stageStyle: DECORATED
12:02:17.807 [FXGL Background Thread 3 ] DEBUG Engine               - supportedLanguages: [ENGLISH, FRENCH, GERMAN, HUNGARIAN, RUSSIAN]
12:02:17.807 [FXGL Background Thread 3 ] DEBUG Engine               - ticksPerSecond: -1
12:02:17.808 [FXGL Background Thread 3 ] DEBUG Engine               - title: Bomberman SE
12:02:17.808 [FXGL Background Thread 3 ] DEBUG Engine               - urlGithub: https://github.com/AlmasB/FXGL
12:02:17.809 [FXGL Background Thread 3 ] DEBUG Engine               - urlLeaderboard: http://fxgl-top.herokuapp.com/
12:02:17.809 [FXGL Background Thread 3 ] DEBUG Engine               - urlPOM: https://raw.githubusercontent.com/AlmasB/FXGL/release/README.md
12:02:17.810 [FXGL Background Thread 3 ] DEBUG Engine               - userAppClass: class Game
12:02:17.810 [FXGL Background Thread 3 ] DEBUG Engine               - version: 1.0
12:02:17.810 [FXGL Background Thread 3 ] DEBUG Engine               - versionCheckDays: 7
12:02:17.811 [FXGL Background Thread 3 ] DEBUG Engine               - width: 960
12:02:17.811 [FXGL Background Thread 3 ] DEBUG Engine               - Logging services
12:02:17.812 [FXGL Background Thread 3 ] DEBUG Engine               - class com.almasb.fxgl.app.services.FXGLAssetLoaderService
12:02:17.812 [FXGL Background Thread 3 ] DEBUG Engine               - class com.almasb.fxgl.app.FXGLApplication$GameApplicationService
12:02:17.813 [FXGL Background Thread 3 ] DEBUG Engine               - class com.almasb.fxgl.app.services.FXGLDialogService
12:02:17.813 [FXGL Background Thread 3 ] DEBUG Engine               - class com.almasb.fxgl.app.services.IOTaskExecutorService
12:02:17.813 [FXGL Background Thread 3 ] DEBUG Engine               - class com.almasb.fxgl.event.EventBusService
12:02:17.814 [FXGL Background Thread 3 ] DEBUG Engine               - class com.almasb.fxgl.io.FileSystemService
12:02:17.815 [FXGL Background Thread 3 ] DEBUG Engine               - class com.almasb.fxgl.localization.LocalizationService
12:02:17.815 [FXGL Background Thread 3 ] DEBUG Engine               - class com.almasb.fxgl.app.services.SystemBundleService
12:02:17.816 [FXGL Background Thread 3 ] DEBUG Engine               - class com.almasb.fxgl.profile.SaveLoadService
12:02:17.816 [FXGL Background Thread 3 ] DEBUG Engine               - class com.almasb.fxgl.ui.FXGLUIFactoryServiceProvider
12:02:17.817 [FXGL Background Thread 3 ] DEBUG Engine               - class com.almasb.fxgl.ui.FXGLDialogFactoryServiceProvider
12:02:17.817 [FXGL Background Thread 3 ] DEBUG Engine               - class com.almasb.fxgl.audio.AudioPlayer
12:02:17.818 [FXGL Background Thread 3 ] DEBUG Engine               - class com.almasb.fxgl.notification.impl.NotificationServiceProvider
12:02:17.818 [FXGL Background Thread 3 ] DEBUG Engine               - class com.almasb.fxgl.achievement.AchievementService
12:02:17.819 [FXGL Background Thread 3 ] DEBUG Engine               - class com.almasb.fxgl.cutscene.CutsceneService
12:02:17.819 [FXGL Background Thread 3 ] DEBUG Engine               - class com.almasb.fxgl.minigames.MiniGameService
12:02:17.820 [FXGL Background Thread 3 ] DEBUG Engine               - class com.almasb.fxgl.net.NetService
12:02:17.820 [FXGL Background Thread 3 ] DEBUG Engine               - class com.almasb.fxgl.app.services.UpdaterService
12:02:17.821 [FXGL Background Thread 3 ] DEBUG Engine               - class com.almasb.fxgl.dev.DevService
12:03:12.074 [JavaFX Application Thread] DEBUG LoopRunner           - Pausing loop
12:08:42.441 [JavaFX Application Thread] DEBUG LoopRunner           - Resuming loop
12:08:43.897 [JavaFX Application Thread] DEBUG FXGLApplication      - Exiting FXGL
12:08:43.897 [JavaFX Application Thread] DEBUG LoopRunner           - Stopping loop
12:08:43.897 [JavaFX Application Thread] DEBUG SystemBundleService  - Saving FXGL system data
12:08:43.899 [JavaFX Application Thread] DEBUG FileSystemAccess     - Writing to: C:\Users\roan2\Documents\SE-Challengeweek\system\fxgl.bundle
12:08:43.901 [JavaFX Application Thread] DEBUG Async                - Shutting down background threads
12:08:43.901 [JavaFX Application Thread] DEBUG PrimaryStageWindow   - Closing main window
12:08:43.913 [JavaFX Application Thread] DEBUG Logger               - Closing Logger
