15:10:33.761 [main                     ] DEBUG Logger               - Configured Logger
15:10:33.796 [main                     ] DEBUG GameApplication      - Logging settings
Title: Untitled
Version: 0.0
Width: 1050
Height: 700
Fullscreen: false
Intro: false
Profiling: false
Single step:false
App Mode: DEVELOPER
Menu Key: ESCAPE
Stage Style: DECORATED
Scene Factory: class com.almasb.fxgl.app.scene.SceneFactory

15:10:34.533 [JavaFX Application Thread] DEBUG FXGLApplication      - Initializing FXGL
15:10:34.538 [JavaFX Application Thread] INFO  Engine               - FXGL-11.14 (01.03.2021 16.59) on WINDOWS (J:15.0.2 FX:15)
15:10:34.538 [JavaFX Application Thread] DEBUG Engine               - JRE Vendor Name: Amazon.com Inc.
15:10:34.540 [JavaFX Application Thread] DEBUG Engine               - Running on OS: Windows 10 version 10.0
15:10:34.540 [JavaFX Application Thread] DEBUG Engine               - Architecture: amd64
15:10:34.540 [JavaFX Application Thread] INFO  Engine               - Source code and latest versions at: https://github.com/AlmasB/FXGL
15:10:34.541 [JavaFX Application Thread] INFO  Engine               -              Join the FXGL chat at: https://gitter.im/AlmasB/FXGL
15:10:34.786 [JavaFX Application Thread] DEBUG PrimaryStageWindow   - Creating a JavaFX scene
15:10:34.891 [JavaFX Application Thread] DEBUG PrimaryStageWindow   - Target settings size: 1050.0 x 700.0
15:10:34.891 [JavaFX Application Thread] DEBUG PrimaryStageWindow   - Scaled scene size:    1050.0 x 700.0
15:10:34.892 [JavaFX Application Thread] DEBUG PrimaryStageWindow   - Scaled ratio: (1.0, 1.0)
15:10:34.894 [JavaFX Application Thread] DEBUG PrimaryStageWindow   - Set initial scene to FXGLStartupScene
15:10:34.909 [JavaFX Application Thread] DEBUG PrimaryStageWindow   - Opening main window
15:10:35.099 [JavaFX Application Thread] DEBUG PrimaryStageWindow   - Window border size: (14.800048828125, 37.5999755859375)
15:10:35.099 [JavaFX Application Thread] DEBUG PrimaryStageWindow   - Scaled size: 1050.0 x 700.0
15:10:35.100 [JavaFX Application Thread] DEBUG PrimaryStageWindow   - Scaled ratio: (1.0, 1.0)
15:10:35.100 [JavaFX Application Thread] DEBUG PrimaryStageWindow   - Scene size: 1050.0 x 700.0
15:10:35.101 [JavaFX Application Thread] DEBUG PrimaryStageWindow   - Stage size: 1064.800048828125 x 737.5999755859375
15:10:35.123 [FXGL Background Thread 1 ] DEBUG Engine               - Initializing environment variables
15:10:35.207 [FXGL Background Thread 1 ] DEBUG FXGLAssetLoaderServi - User app class for loading assets: class Game
15:10:35.208 [FXGL Background Thread 1 ] DEBUG GameApplicationServi - Applying CSS: fxgl_dark.css
15:10:35.210 [FXGL Background Thread 1 ] DEBUG FXGLAssetLoaderServi - Loading from file system: jar:file:/C:/Users/diewe/.m2/repository/com/github/almasb/fxgl/11.14/fxgl-11.14.jar!/fxglassets/ui/css/fxgl_dark.css
15:10:35.302 [FXGL Background Thread 1 ] DEBUG GameApplicationServi - Initializing application scenes
15:10:35.382 [FXGL Background Thread 1 ] DEBUG GameWorld            - Game world initialized
15:10:35.494 [FXGL Background Thread 1 ] DEBUG PhysicsWorld         - Physics world initialized: appHeight=700, physics.ppm=50,0
15:10:35.495 [FXGL Background Thread 1 ] DEBUG PhysicsWorld         - Using strategy: BRUTE_FORCE
15:10:35.501 [FXGL Background Thread 1 ] DEBUG GameScene            - Game scene initialized: 1050x700
15:10:35.571 [FXGL Background Thread 1 ] DEBUG FXGLAssetLoaderServi - Loading from file system: jar:file:/C:/Users/diewe/.m2/repository/com/github/almasb/fxgl/11.14/fxgl-11.14.jar!/fxglassets/textures/particles/trace_horizontal.png
15:10:35.666 [FXGL Background Thread 1 ] DEBUG FXGL.DefaultMenu     - createMenuBodyGameMenu()
15:10:35.694 [FXGL Background Thread 1 ] DEBUG FXGL.DefaultMenu     - createOptionsMenu()
15:10:35.703 [FXGL Background Thread 1 ] DEBUG FXGLAssetLoaderServi - Loading from file system: jar:file:/C:/Users/diewe/.m2/repository/com/github/almasb/fxgl/11.14/fxgl-11.14.jar!/fxglassets/textures/particles/smoke.png
15:10:35.808 [FXGL Background Thread 1 ] DEBUG GameApplicationServi - Application scenes initialized
15:10:35.831 [FXGL Background Thread 1 ] DEBUG SystemBundleService  - Loading FXGL system data
15:10:35.837 [FXGL Background Thread 1 ] DEBUG FileSystemAccess     - Reading from: C:\Users\diewe\OneDrive\Documenten\GitHub\SE-Challengeweek\system\fxgl.bundle
15:10:35.846 [FXGL Background Thread 1 ] DEBUG SystemBundleService  - Bundle FXGL: {}
15:10:35.847 [FXGL Background Thread 1 ] DEBUG UpdaterService       - Checking for updates
15:10:35.892 [FXGL Background Thread 4 ] DEBUG FXGLApplication      - Loading fonts
15:10:35.893 [FXGL Background Thread 1 ] DEBUG FXGLApplication      - Loading default localization
15:10:35.894 [FXGL Background Thread 4 ] DEBUG FXGLAssetLoaderServi - Loading from file system: jar:file:/C:/Users/diewe/.m2/repository/com/github/almasb/fxgl/11.14/fxgl-11.14.jar!/fxglassets/ui/fonts/VarelaRound-Regular.ttf
15:10:35.895 [FXGL Background Thread 1 ] DEBUG FXGLAssetLoaderServi - Loading from file system: jar:file:/C:/Users/diewe/.m2/repository/com/github/almasb/fxgl/11.14/fxgl-11.14.jar!/fxglassets/languages/english.lang
15:10:35.926 [FXGL Background Thread 1 ] INFO  FXGLApplication      - FXGL initialization took: 0,803 sec
15:10:35.952 [JavaFX Application Thread] DEBUG Input                - Registered new binding: Right - D
15:10:35.953 [JavaFX Application Thread] DEBUG Input                - Registered new binding: Left - A
15:10:35.953 [JavaFX Application Thread] DEBUG Input                - Registered new binding: Up - W
15:10:35.954 [JavaFX Application Thread] DEBUG Input                - Registered new binding: Down - S
15:10:35.955 [JavaFX Application Thread] DEBUG FXGLAssetLoaderServi - Loading from file system: jar:file:/C:/Users/diewe/.m2/repository/com/github/almasb/fxgl/11.14/fxgl-11.14.jar!/fxglassets/textures/fxgl_icon.png
15:10:36.003 [JavaFX Application Thread] DEBUG FXGLAssetLoaderServi - Loading from file system: jar:file:/C:/Users/diewe/.m2/repository/com/github/almasb/fxgl/11.14/fxgl-11.14.jar!/fxglassets/ui/cursors/fxgl_default.png
15:10:36.007 [JavaFX Application Thread] DEBUG Input                - Registered new binding: Screenshot - P
15:10:36.008 [JavaFX Application Thread] DEBUG Input                - Registered new binding: Dev Options - 1
15:10:36.010 [JavaFX Application Thread] DEBUG Input                - Registered new binding: Dev Console - 2
15:10:36.011 [JavaFX Application Thread] DEBUG Input                - Registered new binding: System info dump - CTRL+9
15:10:36.012 [JavaFX Application Thread] DEBUG Input                - Registered new binding: Restart - CTRL+R
15:10:36.014 [JavaFX Application Thread] DEBUG Input                - Registered new binding: Toggle Debug Camera - CTRL+C
15:10:36.020 [JavaFX Application Thread] DEBUG LoopRunner           - Starting loop
15:10:36.062 [FXGL Background Thread 4 ] DEBUG FXGLAssetLoaderServi - Loading from file system: jar:file:/C:/Users/diewe/.m2/repository/com/github/almasb/fxgl/11.14/fxgl-11.14.jar!/fxglassets/ui/fonts/Abel-Regular.ttf
15:10:36.071 [JavaFX Application Thread] DEBUG LoopRunner           - Initializing JavaFX AnimationTimerLoop
15:10:36.075 [JavaFX Application Thread] DEBUG GameApplicationServi - Starting new game
15:10:36.076 [JavaFX Application Thread] DEBUG Input                - Clearing active input actions
15:10:36.093 [FXGL Background Thread 4 ] DEBUG FXGLAssetLoaderServi - Loading from file system: jar:file:/C:/Users/diewe/.m2/repository/com/github/almasb/fxgl/11.14/fxgl-11.14.jar!/fxglassets/ui/fonts/lucida_console.ttf
15:10:36.100 [JavaFX Application Thread] DEBUG GameApplicationServi - Removing overlay from FXGLStartupScene and adding to FXGLLoadingScene
15:10:36.109 [JavaFX Application Thread] DEBUG PrimaryStageWindow   - FXGLStartupScene -> FXGLLoadingScene
15:10:36.109 [JavaFX Application Thread] DEBUG GameApplicationServi - Clearing previous game
15:10:36.110 [JavaFX Application Thread] DEBUG GameScene            - Clearing game scene
15:10:36.111 [JavaFX Application Thread] DEBUG GameWorld            - Clearing game world
15:10:36.111 [JavaFX Application Thread] DEBUG PhysicsWorld         - Clearing physics world
15:10:36.114 [FXGL Background Thread 1 ] DEBUG FXGLApplication      - Initializing game
15:10:36.123 [FXGL Background Thread 4 ] DEBUG FXGLAssetLoaderServi - Loading from file system: jar:file:/C:/Users/diewe/.m2/repository/com/github/almasb/fxgl/11.14/fxgl-11.14.jar!/fxglassets/ui/fonts/Courier-Prime.ttf
15:10:36.183 [FXGL Background Thread 1 ] WARN  TMXLevelLoader       - TiledMap generated from 1.0.1. Supported version: 1.2.3. Some features may not be parsed fully.
15:10:36.214 [FXGL Background Thread 1 ] DEBUG TMXLevelLoader       - Parsed raw map: TiledMap(width=15, height=10, tilewidth=70, tileheight=70, orientation=orthogonal, layers=[Layer(width=15, height=10, name=Tile Layer 1, type=tilelayer, visible=false, x=0, y=0, data=[0, 0, 0, 0, 0, 0, 0, 0, 0, 0, 0, 0, 0, 0, 0, 0, 0, 0, 0, 0, 0, 0, 0, 0, 0, 0, 0, 0, 0, 0, 0, 0, 0, 0, 0, 0, 0, 0, 0, 0, 0, 0, 0, 0, 0, 0, 0, 0, 0, 0, 0, 0, 0, 0, 0, 0, 0, 0, 0, 0, 0, 0, 0, 0, 0, 0, 0, 0, 0, 0, 0, 0, 0, 0, 0, 0, 0, 0, 0, 0, 0, 0, 0, 0, 0, 126, 101, 101, 102, 0, 0, 0, 0, 0, 0, 0, 126, 101, 101, 102, 0, 0, 0, 0, 0, 0, 0, 126, 101, 101, 102, 0, 0, 0, 0, 0, 0, 0, 0, 0, 0, 0, 0, 0, 0, 0, 0, 0, 0, 0, 0, 0, 0, 0, 0, 10, 10, 10, 10, 10, 10, 10, 10, 10, 10, 10, 10, 10, 10, 10], objects=[], opacity=0.0, draworder=), Layer(width=0, height=0, name=Object Layer 1, type=objectgroup, visible=false, x=0, y=0, data=[], objects=[com.almasb.fxgl.entity.level.tiled.TiledObject@1e98a4d1, com.almasb.fxgl.entity.level.tiled.TiledObject@33ef852b, com.almasb.fxgl.entity.level.tiled.TiledObject@180ede4f, com.almasb.fxgl.entity.level.tiled.TiledObject@133035ce, com.almasb.fxgl.entity.level.tiled.TiledObject@4855a555, com.almasb.fxgl.entity.level.tiled.TiledObject@7dca7a9, com.almasb.fxgl.entity.level.tiled.TiledObject@69ceedbb, com.almasb.fxgl.entity.level.tiled.TiledObject@7bc23b09], opacity=0.0, draworder=)], tilesets=[Tileset(firstgid=1, image=../../../../../../../../Pictures/tiles_spritesheet.png, name=tiles_spritesheet, tilewidth=70, tileheight=70, imagewidth=914, imageheight=936, margin=0, spacing=2, columns=12, tilecount=156, transparentcolor=, tiles=[])], backgroundcolor=, renderorder=right-down, nextobjectid=10, version=1, tiledversion=1.0.1, type=map, infinite=false, hexsidelength=0, staggeraxis=, staggerindex=, properties={}, propertytypes={})
15:10:36.216 [FXGL Background Thread 1 ] DEBUG TMXLevelLoader       - Creating tile layer entities
15:10:36.223 [FXGL Background Thread 1 ] DEBUG TilesetLoader        - Loading view for layer Tile Layer 1
15:10:36.228 [FXGL Background Thread 1 ] DEBUG TilesetLoader        - Created buffer with size 1050.0x700.0
15:10:36.309 [FXGL Background Thread 1 ] DEBUG TilesetLoader        - Writing to buffer: dst=700,350, w=70,h=70, src=360,720
15:10:36.311 [FXGL Background Thread 1 ] DEBUG TilesetLoader        - Writing to buffer: dst=770,350, w=70,h=70, src=288,576
15:10:36.311 [FXGL Background Thread 1 ] DEBUG TilesetLoader        - Writing to buffer: dst=840,350, w=70,h=70, src=288,576
15:10:36.312 [FXGL Background Thread 1 ] DEBUG TilesetLoader        - Writing to buffer: dst=910,350, w=70,h=70, src=360,576
15:10:36.313 [FXGL Background Thread 1 ] DEBUG TilesetLoader        - Writing to buffer: dst=420,420, w=70,h=70, src=360,720
15:10:36.313 [FXGL Background Thread 1 ] DEBUG TilesetLoader        - Writing to buffer: dst=490,420, w=70,h=70, src=288,576
15:10:36.314 [FXGL Background Thread 1 ] DEBUG TilesetLoader        - Writing to buffer: dst=560,420, w=70,h=70, src=288,576
15:10:36.314 [FXGL Background Thread 1 ] DEBUG TilesetLoader        - Writing to buffer: dst=630,420, w=70,h=70, src=360,576
15:10:36.314 [FXGL Background Thread 1 ] DEBUG TilesetLoader        - Writing to buffer: dst=140,490, w=70,h=70, src=360,720
15:10:36.314 [FXGL Background Thread 1 ] DEBUG TilesetLoader        - Writing to buffer: dst=210,490, w=70,h=70, src=288,576
15:10:36.315 [FXGL Background Thread 1 ] DEBUG TilesetLoader        - Writing to buffer: dst=280,490, w=70,h=70, src=288,576
15:10:36.315 [FXGL Background Thread 1 ] DEBUG TilesetLoader        - Writing to buffer: dst=350,490, w=70,h=70, src=360,576
15:10:36.317 [FXGL Background Thread 1 ] DEBUG TilesetLoader        - Writing to buffer: dst=0,630, w=70,h=70, src=648,0
15:10:36.317 [FXGL Background Thread 1 ] DEBUG TilesetLoader        - Writing to buffer: dst=70,630, w=70,h=70, src=648,0
15:10:36.318 [FXGL Background Thread 1 ] DEBUG TilesetLoader        - Writing to buffer: dst=140,630, w=70,h=70, src=648,0
15:10:36.319 [FXGL Background Thread 1 ] DEBUG TilesetLoader        - Writing to buffer: dst=210,630, w=70,h=70, src=648,0
15:10:36.320 [FXGL Background Thread 1 ] DEBUG TilesetLoader        - Writing to buffer: dst=280,630, w=70,h=70, src=648,0
15:10:36.320 [FXGL Background Thread 1 ] DEBUG TilesetLoader        - Writing to buffer: dst=350,630, w=70,h=70, src=648,0
15:10:36.321 [FXGL Background Thread 1 ] DEBUG TilesetLoader        - Writing to buffer: dst=420,630, w=70,h=70, src=648,0
15:10:36.321 [FXGL Background Thread 1 ] DEBUG TilesetLoader        - Writing to buffer: dst=490,630, w=70,h=70, src=648,0
15:10:36.322 [FXGL Background Thread 1 ] DEBUG TilesetLoader        - Writing to buffer: dst=560,630, w=70,h=70, src=648,0
15:10:36.322 [FXGL Background Thread 1 ] DEBUG TilesetLoader        - Writing to buffer: dst=630,630, w=70,h=70, src=648,0
15:10:36.323 [FXGL Background Thread 1 ] DEBUG TilesetLoader        - Writing to buffer: dst=700,630, w=70,h=70, src=648,0
15:10:36.323 [FXGL Background Thread 1 ] DEBUG TilesetLoader        - Writing to buffer: dst=770,630, w=70,h=70, src=648,0
15:10:36.324 [FXGL Background Thread 1 ] DEBUG TilesetLoader        - Writing to buffer: dst=840,630, w=70,h=70, src=648,0
15:10:36.325 [FXGL Background Thread 1 ] DEBUG TilesetLoader        - Writing to buffer: dst=910,630, w=70,h=70, src=648,0
15:10:36.325 [FXGL Background Thread 1 ] DEBUG TilesetLoader        - Writing to buffer: dst=980,630, w=70,h=70, src=648,0
15:10:36.326 [FXGL Background Thread 1 ] DEBUG TMXLevelLoader       - Creating object layer entities
15:10:36.364 [FXGL Background Thread 1 ] DEBUG GameWorld            - Clearing removable entities
15:10:36.365 [FXGL Background Thread 1 ] DEBUG GameWorld            - Setting level: com.almasb.fxgl.entity.level.Level@6018d1c0
15:10:36.383 [FXGL Background Thread 1 ] DEBUG FXGLAssetLoaderServi - Loading from file system: file:/C:/Users/diewe/OneDrive/Documenten/GitHub/SE-Challengeweek/target/classes/assets/textures/player_1_move_DOWN.png
15:10:36.393 [FXGL Background Thread 1 ] INFO  FXGLApplication      - Game initialization took: 0,279 sec
15:10:36.557 [JavaFX Application Thread] DEBUG FXGLApplication      - Registering font factories with UI factory
15:10:36.623 [FXGL Background Thread 2 ] INFO  UpdaterService       - Your current version:  11.14
15:10:36.623 [FXGL Background Thread 2 ] INFO  UpdaterService       - Latest stable version: 17.1
15:10:36.629 [JavaFX Application Thread] DEBUG Input                - Clearing active input actions
15:10:36.647 [JavaFX Application Thread] DEBUG GameApplicationServi - Removing overlay from FXGLLoadingScene and adding to GameScene
15:10:36.657 [JavaFX Application Thread] DEBUG PrimaryStageWindow   - FXGLLoadingScene -> GameScene
15:10:38.890 [FXGL Background Thread 3 ] DEBUG Engine               - Logging environment variables
15:10:38.891 [FXGL Background Thread 3 ] DEBUG Engine               - achievements: []
15:10:38.892 [FXGL Background Thread 3 ] DEBUG Engine               - actualHeight: 700.0
15:10:38.892 [FXGL Background Thread 3 ] DEBUG Engine               - actualHeightProperty: ReadOnlyDoubleProperty [value: 700.0]
15:10:38.893 [FXGL Background Thread 3 ] DEBUG Engine               - actualWidth: 1050.0
15:10:38.893 [FXGL Background Thread 3 ] DEBUG Engine               - actualWidthProperty: ReadOnlyDoubleProperty [value: 1050.0]
15:10:38.894 [FXGL Background Thread 3 ] DEBUG Engine               - appIcon: fxgl_icon.png
15:10:38.895 [FXGL Background Thread 3 ] DEBUG Engine               - applicationMode: DEVELOPER
15:10:38.896 [FXGL Background Thread 3 ] DEBUG Engine               - cSSList: [fxgl_dark.css]
15:10:38.896 [FXGL Background Thread 3 ] DEBUG Engine               - collisionDetectionStrategy: BRUTE_FORCE
15:10:38.897 [FXGL Background Thread 3 ] DEBUG Engine               - configClass: Optional.empty
15:10:38.897 [FXGL Background Thread 3 ] DEBUG Engine               - credits: []
15:10:38.898 [FXGL Background Thread 3 ] DEBUG Engine               - devBBoxColorProperty: ObjectProperty [value: 0xff0000ff]
15:10:38.899 [FXGL Background Thread 3 ] DEBUG Engine               - devEnableDebugCameraProperty: BooleanProperty [value: false]
15:10:38.899 [FXGL Background Thread 3 ] DEBUG Engine               - devSensorColorProperty: ObjectProperty [value: 0xffff00ff]
15:10:38.900 [FXGL Background Thread 3 ] DEBUG Engine               - devShowBBoxProperty: BooleanProperty [value: false]
15:10:38.900 [FXGL Background Thread 3 ] DEBUG Engine               - devShowPositionProperty: BooleanProperty [value: false]
15:10:38.901 [FXGL Background Thread 3 ] DEBUG Engine               - enabledMenuItems: []
15:10:38.901 [FXGL Background Thread 3 ] DEBUG Engine               - engineServices: [class com.almasb.fxgl.app.services.FXGLAssetLoaderService, class com.almasb.fxgl.app.FXGLApplication$GameApplicationService, class com.almasb.fxgl.app.services.FXGLDialogService, class com.almasb.fxgl.app.services.IOTaskExecutorService, class com.almasb.fxgl.event.EventBusService, class com.almasb.fxgl.io.FileSystemService, class com.almasb.fxgl.localization.LocalizationService, class com.almasb.fxgl.app.services.SystemBundleService, class com.almasb.fxgl.profile.SaveLoadService, class com.almasb.fxgl.ui.FXGLUIFactoryServiceProvider, class com.almasb.fxgl.ui.FXGLDialogFactoryServiceProvider, class com.almasb.fxgl.audio.AudioPlayer, class com.almasb.fxgl.notification.impl.NotificationServiceProvider, class com.almasb.fxgl.achievement.AchievementService, class com.almasb.fxgl.cutscene.CutsceneService, class com.almasb.fxgl.minigames.MiniGameService, class com.almasb.fxgl.net.NetService, class com.almasb.fxgl.app.services.UpdaterService, class com.almasb.fxgl.dev.DevService]
15:10:38.902 [FXGL Background Thread 3 ] DEBUG Engine               - fontGame: Abel-Regular.ttf
15:10:38.902 [FXGL Background Thread 3 ] DEBUG Engine               - fontMono: lucida_console.ttf
15:10:38.903 [FXGL Background Thread 3 ] DEBUG Engine               - fontText: Courier-Prime.ttf
15:10:38.903 [FXGL Background Thread 3 ] DEBUG Engine               - fontUI: VarelaRound-Regular.ttf
15:10:38.903 [FXGL Background Thread 3 ] DEBUG Engine               - fullScreen: BooleanProperty [value: false]
15:10:38.903 [FXGL Background Thread 3 ] DEBUG Engine               - gameDifficulty: MEDIUM
15:10:38.904 [FXGL Background Thread 3 ] DEBUG Engine               - gameDifficultyProperty: ObjectProperty [value: MEDIUM]
15:10:38.904 [FXGL Background Thread 3 ] DEBUG Engine               - globalMusicVolume: 0.5
15:10:38.905 [FXGL Background Thread 3 ] DEBUG Engine               - globalMusicVolumeProperty: DoubleProperty [value: 0.5]
15:10:38.905 [FXGL Background Thread 3 ] DEBUG Engine               - globalSoundVolume: 0.5
15:10:38.905 [FXGL Background Thread 3 ] DEBUG Engine               - globalSoundVolumeProperty: DoubleProperty [value: 0.5]
15:10:38.906 [FXGL Background Thread 3 ] DEBUG Engine               - height: 700
15:10:38.906 [FXGL Background Thread 3 ] DEBUG Engine               - isAndroid: false
15:10:38.906 [FXGL Background Thread 3 ] DEBUG Engine               - isBrowser: false
15:10:38.907 [FXGL Background Thread 3 ] DEBUG Engine               - isClickFeedbackEnabled: false
15:10:38.907 [FXGL Background Thread 3 ] DEBUG Engine               - isCloseConfirmation: false
15:10:38.907 [FXGL Background Thread 3 ] DEBUG Engine               - isDesktop: true
15:10:38.907 [FXGL Background Thread 3 ] DEBUG Engine               - isDeveloperMenuEnabled: true
15:10:38.908 [FXGL Background Thread 3 ] DEBUG Engine               - isEntityPreloadEnabled: true
15:10:38.908 [FXGL Background Thread 3 ] DEBUG Engine               - isExperimental3D: false
15:10:38.909 [FXGL Background Thread 3 ] DEBUG Engine               - isExperimentalNative: false
15:10:38.909 [FXGL Background Thread 3 ] DEBUG Engine               - isExperimentalTiledLargeMap: false
15:10:38.910 [FXGL Background Thread 3 ] DEBUG Engine               - isFileSystemWriteAllowed: true
15:10:38.910 [FXGL Background Thread 3 ] DEBUG Engine               - isFullScreenAllowed: false
15:10:38.910 [FXGL Background Thread 3 ] DEBUG Engine               - isFullScreenFromStart: false
15:10:38.910 [FXGL Background Thread 3 ] DEBUG Engine               - isGameMenuEnabled: true
15:10:38.911 [FXGL Background Thread 3 ] DEBUG Engine               - isIOS: false
15:10:38.911 [FXGL Background Thread 3 ] DEBUG Engine               - isIntroEnabled: false
15:10:38.912 [FXGL Background Thread 3 ] DEBUG Engine               - isLinux: false
15:10:38.912 [FXGL Background Thread 3 ] DEBUG Engine               - isMac: false
15:10:38.912 [FXGL Background Thread 3 ] DEBUG Engine               - isMainMenuEnabled: false
15:10:38.913 [FXGL Background Thread 3 ] DEBUG Engine               - isManualResizeEnabled: false
15:10:38.913 [FXGL Background Thread 3 ] DEBUG Engine               - isMobile: false
15:10:38.914 [FXGL Background Thread 3 ] DEBUG Engine               - isPreserveResizeRatio: false
15:10:38.914 [FXGL Background Thread 3 ] DEBUG Engine               - isProfilingEnabled: false
15:10:38.914 [FXGL Background Thread 3 ] DEBUG Engine               - isScaleAffectedOnResize: true
15:10:38.914 [FXGL Background Thread 3 ] DEBUG Engine               - isSingleStep: false
15:10:38.915 [FXGL Background Thread 3 ] DEBUG Engine               - isUserProfileEnabled: false
15:10:38.915 [FXGL Background Thread 3 ] DEBUG Engine               - isWindows: true
15:10:38.915 [FXGL Background Thread 3 ] DEBUG Engine               - language: ObjectProperty [value: ENGLISH]
15:10:38.916 [FXGL Background Thread 3 ] DEBUG Engine               - menuKey: ESCAPE
15:10:38.916 [FXGL Background Thread 3 ] DEBUG Engine               - notificationViewClass: class com.almasb.fxgl.notification.view.XboxNotificationView
15:10:38.916 [FXGL Background Thread 3 ] DEBUG Engine               - pixelsPerMeter: 50.0
15:10:38.917 [FXGL Background Thread 3 ] DEBUG Engine               - platform: WINDOWS
15:10:38.917 [FXGL Background Thread 3 ] DEBUG Engine               - prefHeightProperty: ReadOnlyDoubleProperty [value: 700.0]
15:10:38.918 [FXGL Background Thread 3 ] DEBUG Engine               - prefWidthProperty: ReadOnlyDoubleProperty [value: 1050.0]
15:10:38.918 [FXGL Background Thread 3 ] DEBUG Engine               - profileDir: profiles/
15:10:38.918 [FXGL Background Thread 3 ] DEBUG Engine               - profileName: StringProperty [value: DEFAULT]
15:10:38.918 [FXGL Background Thread 3 ] DEBUG Engine               - randomSeed: -1
15:10:38.919 [FXGL Background Thread 3 ] DEBUG Engine               - runtimeInfo: RuntimeInfo(platform=WINDOWS, version=11.14, build=01.03.2021 16.59)
15:10:38.919 [FXGL Background Thread 3 ] DEBUG Engine               - saveFileExt: sav
15:10:38.920 [FXGL Background Thread 3 ] DEBUG Engine               - scaledHeightProp$fxgl: DoubleProperty [bound, value: 700.0]
15:10:38.920 [FXGL Background Thread 3 ] DEBUG Engine               - scaledWidthProp$fxgl: DoubleProperty [bound, value: 1050.0]
15:10:38.920 [FXGL Background Thread 3 ] DEBUG Engine               - sceneFactory: com.almasb.fxgl.app.scene.SceneFactory@14c88526
15:10:38.921 [FXGL Background Thread 3 ] DEBUG Engine               - secondsIn24h: 60
15:10:38.921 [FXGL Background Thread 3 ] DEBUG Engine               - soundMenuBack: menu/back.wav
15:10:38.921 [FXGL Background Thread 3 ] DEBUG Engine               - soundMenuPress: menu/press.wav
15:10:38.922 [FXGL Background Thread 3 ] DEBUG Engine               - soundMenuSelect: menu/select.wav
15:10:38.922 [FXGL Background Thread 3 ] DEBUG Engine               - soundNotification: core/notification.wav
15:10:38.923 [FXGL Background Thread 3 ] DEBUG Engine               - stageStyle: DECORATED
15:10:38.923 [FXGL Background Thread 3 ] DEBUG Engine               - supportedLanguages: [ENGLISH, FRENCH, GERMAN, HUNGARIAN, RUSSIAN]
15:10:38.923 [FXGL Background Thread 3 ] DEBUG Engine               - ticksPerSecond: -1
15:10:38.924 [FXGL Background Thread 3 ] DEBUG Engine               - title: Untitled
15:10:38.925 [FXGL Background Thread 3 ] DEBUG Engine               - urlGithub: https://github.com/AlmasB/FXGL
15:10:38.925 [FXGL Background Thread 3 ] DEBUG Engine               - urlLeaderboard: http://fxgl-top.herokuapp.com/
15:10:38.925 [FXGL Background Thread 3 ] DEBUG Engine               - urlPOM: https://raw.githubusercontent.com/AlmasB/FXGL/release/README.md
15:10:38.926 [FXGL Background Thread 3 ] DEBUG Engine               - userAppClass: class Game
15:10:38.926 [FXGL Background Thread 3 ] DEBUG Engine               - version: 0.0
15:10:38.927 [FXGL Background Thread 3 ] DEBUG Engine               - versionCheckDays: 7
15:10:38.928 [FXGL Background Thread 3 ] DEBUG Engine               - width: 1050
15:10:38.928 [FXGL Background Thread 3 ] DEBUG Engine               - Logging services
15:10:38.928 [FXGL Background Thread 3 ] DEBUG Engine               - class com.almasb.fxgl.app.services.FXGLAssetLoaderService
15:10:38.929 [FXGL Background Thread 3 ] DEBUG Engine               - class com.almasb.fxgl.app.FXGLApplication$GameApplicationService
15:10:38.929 [FXGL Background Thread 3 ] DEBUG Engine               - class com.almasb.fxgl.app.services.FXGLDialogService
15:10:38.929 [FXGL Background Thread 3 ] DEBUG Engine               - class com.almasb.fxgl.app.services.IOTaskExecutorService
15:10:38.930 [FXGL Background Thread 3 ] DEBUG Engine               - class com.almasb.fxgl.event.EventBusService
15:10:38.930 [FXGL Background Thread 3 ] DEBUG Engine               - class com.almasb.fxgl.io.FileSystemService
15:10:38.930 [FXGL Background Thread 3 ] DEBUG Engine               - class com.almasb.fxgl.localization.LocalizationService
15:10:38.931 [FXGL Background Thread 3 ] DEBUG Engine               - class com.almasb.fxgl.app.services.SystemBundleService
15:10:38.931 [FXGL Background Thread 3 ] DEBUG Engine               - class com.almasb.fxgl.profile.SaveLoadService
15:10:38.931 [FXGL Background Thread 3 ] DEBUG Engine               - class com.almasb.fxgl.ui.FXGLUIFactoryServiceProvider
15:10:38.932 [FXGL Background Thread 3 ] DEBUG Engine               - class com.almasb.fxgl.ui.FXGLDialogFactoryServiceProvider
15:10:38.932 [FXGL Background Thread 3 ] DEBUG Engine               - class com.almasb.fxgl.audio.AudioPlayer
15:10:38.933 [FXGL Background Thread 3 ] DEBUG Engine               - class com.almasb.fxgl.notification.impl.NotificationServiceProvider
15:10:38.933 [FXGL Background Thread 3 ] DEBUG Engine               - class com.almasb.fxgl.achievement.AchievementService
15:10:38.933 [FXGL Background Thread 3 ] DEBUG Engine               - class com.almasb.fxgl.cutscene.CutsceneService
15:10:38.934 [FXGL Background Thread 3 ] DEBUG Engine               - class com.almasb.fxgl.minigames.MiniGameService
15:10:38.934 [FXGL Background Thread 3 ] DEBUG Engine               - class com.almasb.fxgl.net.NetService
15:10:38.934 [FXGL Background Thread 3 ] DEBUG Engine               - class com.almasb.fxgl.app.services.UpdaterService
15:10:38.934 [FXGL Background Thread 3 ] DEBUG Engine               - class com.almasb.fxgl.dev.DevService
15:11:01.449 [JavaFX Application Thread] DEBUG FXGLApplication      - Exiting FXGL
15:11:01.450 [JavaFX Application Thread] DEBUG LoopRunner           - Stopping loop
15:11:01.450 [JavaFX Application Thread] DEBUG SystemBundleService  - Saving FXGL system data
15:11:01.458 [JavaFX Application Thread] DEBUG FileSystemAccess     - Writing to: C:\Users\diewe\OneDrive\Documenten\GitHub\SE-Challengeweek\system\fxgl.bundle
15:11:01.463 [JavaFX Application Thread] DEBUG Async                - Shutting down background threads
15:11:01.465 [JavaFX Application Thread] DEBUG PrimaryStageWindow   - Closing main window
15:11:01.531 [JavaFX Application Thread] DEBUG Logger               - Closing Logger
