18:43:56.371 [main                     ] DEBUG Logger               - Configured Logger
18:43:56.398 [main                     ] DEBUG GameApplication      - Logging settings
Title: Bomberman
Version: 0.0
Width: 950
Height: 820
Fullscreen: false
Intro: false
Profiling: false
Single step:false
App Mode: DEVELOPER
Menu Key: ESCAPE
Stage Style: DECORATED
Scene Factory: class MenuFactory

18:43:57.175 [JavaFX Application Thread] DEBUG FXGLApplication      - Initializing FXGL
18:43:57.180 [JavaFX Application Thread] INFO  Engine               - FXGL-11.14 (01.03.2021 16.59) on WINDOWS (J:15.0.2 FX:15)
18:43:57.180 [JavaFX Application Thread] DEBUG Engine               - JRE Vendor Name: Amazon.com Inc.
18:43:57.181 [JavaFX Application Thread] DEBUG Engine               - Running on OS: Windows 10 version 10.0
18:43:57.181 [JavaFX Application Thread] DEBUG Engine               - Architecture: amd64
18:43:57.182 [JavaFX Application Thread] INFO  Engine               - Source code and latest versions at: https://github.com/AlmasB/FXGL
18:43:57.182 [JavaFX Application Thread] INFO  Engine               -              Join the FXGL chat at: https://gitter.im/AlmasB/FXGL
18:43:57.416 [JavaFX Application Thread] DEBUG PrimaryStageWindow   - Creating a JavaFX scene
18:43:57.540 [JavaFX Application Thread] DEBUG PrimaryStageWindow   - Target settings size: 950.0 x 820.0
18:43:57.541 [JavaFX Application Thread] DEBUG PrimaryStageWindow   - Scaled scene size:    950.0 x 820.0
18:43:57.542 [JavaFX Application Thread] DEBUG PrimaryStageWindow   - Scaled ratio: (1.0, 1.0)
18:43:57.545 [JavaFX Application Thread] DEBUG PrimaryStageWindow   - Set initial scene to FXGLStartupScene
18:43:57.563 [JavaFX Application Thread] DEBUG PrimaryStageWindow   - Opening main window
18:43:57.727 [JavaFX Application Thread] DEBUG PrimaryStageWindow   - Window border size: (16.0, 39.0)
18:43:57.728 [JavaFX Application Thread] DEBUG PrimaryStageWindow   - Scaled size: 950.0 x 820.0
18:43:57.728 [JavaFX Application Thread] DEBUG PrimaryStageWindow   - Scaled ratio: (1.0, 1.0)
18:43:57.729 [JavaFX Application Thread] DEBUG PrimaryStageWindow   - Scene size: 950.0 x 820.0
18:43:57.729 [JavaFX Application Thread] DEBUG PrimaryStageWindow   - Stage size: 966.0 x 859.0
18:43:57.750 [FXGL Background Thread 1 ] DEBUG Engine               - Initializing environment variables
18:43:57.832 [FXGL Background Thread 1 ] DEBUG FXGLAssetLoaderServi - User app class for loading assets: class Game
18:43:57.833 [FXGL Background Thread 1 ] DEBUG GameApplicationServi - Applying CSS: fxgl_dark.css
18:43:57.835 [FXGL Background Thread 1 ] DEBUG FXGLAssetLoaderServi - Loading from file system: jar:file:/C:/Users/0705s/.m2/repository/com/github/almasb/fxgl/11.14/fxgl-11.14.jar!/fxglassets/ui/css/fxgl_dark.css
18:43:57.945 [FXGL Background Thread 1 ] DEBUG GameApplicationServi - Initializing application scenes
18:43:58.031 [FXGL Background Thread 1 ] DEBUG GameWorld            - Game world initialized
18:43:58.152 [FXGL Background Thread 1 ] DEBUG PhysicsWorld         - Physics world initialized: appHeight=820, physics.ppm=50,0
18:43:58.153 [FXGL Background Thread 1 ] DEBUG PhysicsWorld         - Using strategy: BRUTE_FORCE
18:43:58.158 [FXGL Background Thread 1 ] DEBUG GameScene            - Game scene initialized: 950x820
18:43:58.447 [FXGL Background Thread 1 ] DEBUG FXGLAssetLoaderServi - Loading from file system: jar:file:/C:/Users/0705s/.m2/repository/com/github/almasb/fxgl/11.14/fxgl-11.14.jar!/fxglassets/textures/particles/trace_horizontal.png
18:43:58.486 [FXGL Background Thread 1 ] DEBUG FXGL.DefaultMenu     - createMenuBodyGameMenu()
18:43:58.506 [FXGL Background Thread 1 ] DEBUG FXGL.DefaultMenu     - createOptionsMenu()
18:43:58.515 [FXGL Background Thread 1 ] DEBUG FXGLAssetLoaderServi - Loading from file system: jar:file:/C:/Users/0705s/.m2/repository/com/github/almasb/fxgl/11.14/fxgl-11.14.jar!/fxglassets/textures/particles/smoke.png
18:43:58.605 [FXGL Background Thread 1 ] DEBUG GameApplicationServi - Application scenes initialized
18:43:58.627 [FXGL Background Thread 1 ] DEBUG SystemBundleService  - Loading FXGL system data
18:43:58.634 [FXGL Background Thread 1 ] DEBUG FileSystemAccess     - Reading from: C:\Users\0705s\OneDrive\Desktop\SE-Challengeweek\system\fxgl.bundle
18:43:58.643 [FXGL Background Thread 1 ] DEBUG SystemBundleService  - Bundle FXGL: {}
18:43:58.643 [FXGL Background Thread 1 ] DEBUG UpdaterService       - Checking for updates
18:43:58.684 [FXGL Background Thread 4 ] DEBUG FXGLApplication      - Loading fonts
18:43:58.685 [FXGL Background Thread 1 ] DEBUG FXGLApplication      - Loading default localization
18:43:58.686 [FXGL Background Thread 4 ] DEBUG FXGLAssetLoaderServi - Loading from file system: jar:file:/C:/Users/0705s/.m2/repository/com/github/almasb/fxgl/11.14/fxgl-11.14.jar!/fxglassets/ui/fonts/VarelaRound-Regular.ttf
18:43:58.687 [FXGL Background Thread 1 ] DEBUG FXGLAssetLoaderServi - Loading from file system: jar:file:/C:/Users/0705s/.m2/repository/com/github/almasb/fxgl/11.14/fxgl-11.14.jar!/fxglassets/languages/english.lang
18:43:58.713 [FXGL Background Thread 1 ] INFO  FXGLApplication      - FXGL initialization took: 0,963 sec
18:43:58.733 [JavaFX Application Thread] DEBUG Input                - Registered new binding: up - W
18:43:58.734 [JavaFX Application Thread] DEBUG Input                - Registered new binding: up2 - Up
18:43:58.735 [JavaFX Application Thread] DEBUG Input                - Registered new binding: down - S
18:43:58.735 [JavaFX Application Thread] DEBUG Input                - Registered new binding: down2 - Down
18:43:58.736 [JavaFX Application Thread] DEBUG Input                - Registered new binding: left - A
18:43:58.736 [JavaFX Application Thread] DEBUG Input                - Registered new binding: left2 - Left
18:43:58.737 [JavaFX Application Thread] DEBUG Input                - Registered new binding: right - D
18:43:58.737 [JavaFX Application Thread] DEBUG Input                - Registered new binding: right2 - Right
18:43:58.738 [JavaFX Application Thread] DEBUG Input                - Registered new binding: Place Bomb - Space
18:43:58.738 [JavaFX Application Thread] DEBUG Input                - Registered new binding: Place Bomb2 - Enter
18:43:58.739 [JavaFX Application Thread] DEBUG FXGLAssetLoaderServi - Loading from file system: jar:file:/C:/Users/0705s/.m2/repository/com/github/almasb/fxgl/11.14/fxgl-11.14.jar!/fxglassets/textures/fxgl_icon.png
18:43:58.760 [JavaFX Application Thread] DEBUG FXGLAssetLoaderServi - Loading from file system: jar:file:/C:/Users/0705s/.m2/repository/com/github/almasb/fxgl/11.14/fxgl-11.14.jar!/fxglassets/ui/cursors/fxgl_default.png
18:43:58.764 [JavaFX Application Thread] DEBUG Input                - Registered new binding: Screenshot - P
18:43:58.765 [JavaFX Application Thread] DEBUG Input                - Registered new binding: Dev Options - 1
18:43:58.766 [JavaFX Application Thread] DEBUG Input                - Registered new binding: Dev Console - 2
18:43:58.767 [JavaFX Application Thread] DEBUG Input                - Registered new binding: System info dump - CTRL+9
18:43:58.768 [JavaFX Application Thread] DEBUG Input                - Registered new binding: Restart - CTRL+R
18:43:58.770 [JavaFX Application Thread] DEBUG Input                - Registered new binding: Toggle Debug Camera - CTRL+C
18:43:58.775 [JavaFX Application Thread] DEBUG LoopRunner           - Starting loop
18:43:58.809 [JavaFX Application Thread] DEBUG LoopRunner           - Initializing JavaFX AnimationTimerLoop
18:43:58.810 [FXGL Background Thread 4 ] DEBUG FXGLAssetLoaderServi - Loading from file system: jar:file:/C:/Users/0705s/.m2/repository/com/github/almasb/fxgl/11.14/fxgl-11.14.jar!/fxglassets/ui/fonts/Abel-Regular.ttf
18:43:58.817 [JavaFX Application Thread] DEBUG Input                - Clearing active input actions
18:43:58.820 [FXGL Background Thread 4 ] DEBUG FXGLAssetLoaderServi - Loading from file system: jar:file:/C:/Users/0705s/.m2/repository/com/github/almasb/fxgl/11.14/fxgl-11.14.jar!/fxglassets/ui/fonts/lucida_console.ttf
18:43:58.832 [FXGL Background Thread 4 ] DEBUG FXGLAssetLoaderServi - Loading from file system: jar:file:/C:/Users/0705s/.m2/repository/com/github/almasb/fxgl/11.14/fxgl-11.14.jar!/fxglassets/ui/fonts/Courier-Prime.ttf
18:43:58.834 [JavaFX Application Thread] DEBUG GameApplicationServi - Removing overlay from FXGLStartupScene and adding to FXGLMainMenuDummyScene
18:43:58.845 [JavaFX Application Thread] DEBUG PrimaryStageWindow   - FXGLStartupScene -> FXGLMainMenuDummyScene
18:43:58.846 [JavaFX Application Thread] DEBUG PrimaryStageWindow   - Push state: StartMenu
18:43:58.847 [JavaFX Application Thread] DEBUG Input                - Clearing active input actions
18:43:58.865 [JavaFX Application Thread] DEBUG GameApplicationServi - Removing overlay from FXGLMainMenuDummyScene and adding to StartMenu
18:43:58.867 [JavaFX Application Thread] DEBUG PrimaryStageWindow   - FXGLMainMenuDummyScene -> StartMenu
18:43:59.282 [JavaFX Application Thread] DEBUG FXGLApplication      - Registering font factories with UI factory
18:43:59.641 [FXGL Background Thread 2 ] INFO  UpdaterService       - Your current version:  11.14
18:43:59.642 [FXGL Background Thread 2 ] INFO  UpdaterService       - Latest stable version: 17.1
18:44:01.684 [FXGL Background Thread 3 ] DEBUG Engine               - Logging environment variables
18:44:01.685 [FXGL Background Thread 3 ] DEBUG Engine               - achievements: []
18:44:01.686 [FXGL Background Thread 3 ] DEBUG Engine               - actualHeight: 820.0
18:44:01.687 [FXGL Background Thread 3 ] DEBUG Engine               - actualHeightProperty: ReadOnlyDoubleProperty [value: 820.0]
18:44:01.688 [FXGL Background Thread 3 ] DEBUG Engine               - actualWidth: 950.0
18:44:01.688 [FXGL Background Thread 3 ] DEBUG Engine               - actualWidthProperty: ReadOnlyDoubleProperty [value: 950.0]
18:44:01.689 [FXGL Background Thread 3 ] DEBUG Engine               - appIcon: fxgl_icon.png
18:44:01.690 [FXGL Background Thread 3 ] DEBUG Engine               - applicationMode: DEVELOPER
18:44:01.690 [FXGL Background Thread 3 ] DEBUG Engine               - cSSList: [fxgl_dark.css]
18:44:01.691 [FXGL Background Thread 3 ] DEBUG Engine               - collisionDetectionStrategy: BRUTE_FORCE
18:44:01.691 [FXGL Background Thread 3 ] DEBUG Engine               - configClass: Optional.empty
18:44:01.692 [FXGL Background Thread 3 ] DEBUG Engine               - credits: []
18:44:01.693 [FXGL Background Thread 3 ] DEBUG Engine               - devBBoxColorProperty: ObjectProperty [value: 0xff0000ff]
18:44:01.693 [FXGL Background Thread 3 ] DEBUG Engine               - devEnableDebugCameraProperty: BooleanProperty [value: false]
18:44:01.694 [FXGL Background Thread 3 ] DEBUG Engine               - devSensorColorProperty: ObjectProperty [value: 0xffff00ff]
18:44:01.696 [FXGL Background Thread 3 ] DEBUG Engine               - devShowBBoxProperty: BooleanProperty [value: false]
18:44:01.696 [FXGL Background Thread 3 ] DEBUG Engine               - devShowPositionProperty: BooleanProperty [value: false]
18:44:01.697 [FXGL Background Thread 3 ] DEBUG Engine               - enabledMenuItems: []
18:44:01.698 [FXGL Background Thread 3 ] DEBUG Engine               - engineServices: [class com.almasb.fxgl.app.services.FXGLAssetLoaderService, class com.almasb.fxgl.app.FXGLApplication$GameApplicationService, class com.almasb.fxgl.app.services.FXGLDialogService, class com.almasb.fxgl.app.services.IOTaskExecutorService, class com.almasb.fxgl.event.EventBusService, class com.almasb.fxgl.io.FileSystemService, class com.almasb.fxgl.localization.LocalizationService, class com.almasb.fxgl.app.services.SystemBundleService, class com.almasb.fxgl.profile.SaveLoadService, class com.almasb.fxgl.ui.FXGLUIFactoryServiceProvider, class com.almasb.fxgl.ui.FXGLDialogFactoryServiceProvider, class com.almasb.fxgl.audio.AudioPlayer, class com.almasb.fxgl.notification.impl.NotificationServiceProvider, class com.almasb.fxgl.achievement.AchievementService, class com.almasb.fxgl.cutscene.CutsceneService, class com.almasb.fxgl.minigames.MiniGameService, class com.almasb.fxgl.net.NetService, class com.almasb.fxgl.app.services.UpdaterService, class com.almasb.fxgl.dev.DevService]
18:44:01.698 [FXGL Background Thread 3 ] DEBUG Engine               - fontGame: Abel-Regular.ttf
18:44:01.699 [FXGL Background Thread 3 ] DEBUG Engine               - fontMono: lucida_console.ttf
18:44:01.699 [FXGL Background Thread 3 ] DEBUG Engine               - fontText: Courier-Prime.ttf
18:44:01.700 [FXGL Background Thread 3 ] DEBUG Engine               - fontUI: VarelaRound-Regular.ttf
18:44:01.701 [FXGL Background Thread 3 ] DEBUG Engine               - fullScreen: BooleanProperty [value: false]
18:44:01.701 [FXGL Background Thread 3 ] DEBUG Engine               - gameDifficulty: MEDIUM
18:44:01.702 [FXGL Background Thread 3 ] DEBUG Engine               - gameDifficultyProperty: ObjectProperty [value: MEDIUM]
18:44:01.703 [FXGL Background Thread 3 ] DEBUG Engine               - globalMusicVolume: 0.5
18:44:01.703 [FXGL Background Thread 3 ] DEBUG Engine               - globalMusicVolumeProperty: DoubleProperty [value: 0.5]
18:44:01.704 [FXGL Background Thread 3 ] DEBUG Engine               - globalSoundVolume: 0.5
18:44:01.705 [FXGL Background Thread 3 ] DEBUG Engine               - globalSoundVolumeProperty: DoubleProperty [value: 0.5]
18:44:01.705 [FXGL Background Thread 3 ] DEBUG Engine               - height: 820
18:44:01.706 [FXGL Background Thread 3 ] DEBUG Engine               - isAndroid: false
18:44:01.707 [FXGL Background Thread 3 ] DEBUG Engine               - isBrowser: false
18:44:01.708 [FXGL Background Thread 3 ] DEBUG Engine               - isClickFeedbackEnabled: false
18:44:01.708 [FXGL Background Thread 3 ] DEBUG Engine               - isCloseConfirmation: false
18:44:01.709 [FXGL Background Thread 3 ] DEBUG Engine               - isDesktop: true
18:44:01.710 [FXGL Background Thread 3 ] DEBUG Engine               - isDeveloperMenuEnabled: true
18:44:01.710 [FXGL Background Thread 3 ] DEBUG Engine               - isEntityPreloadEnabled: true
18:44:01.711 [FXGL Background Thread 3 ] DEBUG Engine               - isExperimental3D: false
18:44:01.711 [FXGL Background Thread 3 ] DEBUG Engine               - isExperimentalNative: false
18:44:01.712 [FXGL Background Thread 3 ] DEBUG Engine               - isExperimentalTiledLargeMap: false
18:44:01.713 [FXGL Background Thread 3 ] DEBUG Engine               - isFileSystemWriteAllowed: true
18:44:01.713 [FXGL Background Thread 3 ] DEBUG Engine               - isFullScreenAllowed: false
18:44:01.714 [FXGL Background Thread 3 ] DEBUG Engine               - isFullScreenFromStart: false
18:44:01.714 [FXGL Background Thread 3 ] DEBUG Engine               - isGameMenuEnabled: true
18:44:01.715 [FXGL Background Thread 3 ] DEBUG Engine               - isIOS: false
18:44:01.716 [FXGL Background Thread 3 ] DEBUG Engine               - isIntroEnabled: false
18:44:01.716 [FXGL Background Thread 3 ] DEBUG Engine               - isLinux: false
18:44:01.717 [FXGL Background Thread 3 ] DEBUG Engine               - isMac: false
18:44:01.718 [FXGL Background Thread 3 ] DEBUG Engine               - isMainMenuEnabled: true
18:44:01.718 [FXGL Background Thread 3 ] DEBUG Engine               - isManualResizeEnabled: false
18:44:01.719 [FXGL Background Thread 3 ] DEBUG Engine               - isMobile: false
18:44:01.719 [FXGL Background Thread 3 ] DEBUG Engine               - isPreserveResizeRatio: false
18:44:01.720 [FXGL Background Thread 3 ] DEBUG Engine               - isProfilingEnabled: false
18:44:01.721 [FXGL Background Thread 3 ] DEBUG Engine               - isScaleAffectedOnResize: true
18:44:01.721 [FXGL Background Thread 3 ] DEBUG Engine               - isSingleStep: false
18:44:01.722 [FXGL Background Thread 3 ] DEBUG Engine               - isUserProfileEnabled: false
18:44:01.723 [FXGL Background Thread 3 ] DEBUG Engine               - isWindows: true
18:44:01.723 [FXGL Background Thread 3 ] DEBUG Engine               - language: ObjectProperty [value: ENGLISH]
18:44:01.723 [FXGL Background Thread 3 ] DEBUG Engine               - menuKey: ESCAPE
18:44:01.724 [FXGL Background Thread 3 ] DEBUG Engine               - notificationViewClass: class com.almasb.fxgl.notification.view.XboxNotificationView
18:44:01.724 [FXGL Background Thread 3 ] DEBUG Engine               - pixelsPerMeter: 50.0
18:44:01.726 [FXGL Background Thread 3 ] DEBUG Engine               - platform: WINDOWS
18:44:01.727 [FXGL Background Thread 3 ] DEBUG Engine               - prefHeightProperty: ReadOnlyDoubleProperty [value: 820.0]
18:44:01.727 [FXGL Background Thread 3 ] DEBUG Engine               - prefWidthProperty: ReadOnlyDoubleProperty [value: 950.0]
18:44:01.728 [FXGL Background Thread 3 ] DEBUG Engine               - profileDir: profiles/
18:44:01.729 [FXGL Background Thread 3 ] DEBUG Engine               - profileName: StringProperty [value: DEFAULT]
18:44:01.729 [FXGL Background Thread 3 ] DEBUG Engine               - randomSeed: -1
18:44:01.730 [FXGL Background Thread 3 ] DEBUG Engine               - runtimeInfo: RuntimeInfo(platform=WINDOWS, version=11.14, build=01.03.2021 16.59)
18:44:01.730 [FXGL Background Thread 3 ] DEBUG Engine               - saveFileExt: sav
18:44:01.731 [FXGL Background Thread 3 ] DEBUG Engine               - scaledHeightProp$fxgl: DoubleProperty [bound, value: 820.0]
18:44:01.732 [FXGL Background Thread 3 ] DEBUG Engine               - scaledWidthProp$fxgl: DoubleProperty [bound, value: 950.0]
18:44:01.732 [FXGL Background Thread 3 ] DEBUG Engine               - sceneFactory: MenuFactory@206d7224
18:44:01.733 [FXGL Background Thread 3 ] DEBUG Engine               - secondsIn24h: 60
18:44:01.733 [FXGL Background Thread 3 ] DEBUG Engine               - soundMenuBack: menu/back.wav
18:44:01.734 [FXGL Background Thread 3 ] DEBUG Engine               - soundMenuPress: menu/press.wav
18:44:01.734 [FXGL Background Thread 3 ] DEBUG Engine               - soundMenuSelect: menu/select.wav
18:44:01.735 [FXGL Background Thread 3 ] DEBUG Engine               - soundNotification: core/notification.wav
18:44:01.736 [FXGL Background Thread 3 ] DEBUG Engine               - stageStyle: DECORATED
18:44:01.736 [FXGL Background Thread 3 ] DEBUG Engine               - supportedLanguages: [ENGLISH, FRENCH, GERMAN, HUNGARIAN, RUSSIAN]
18:44:01.737 [FXGL Background Thread 3 ] DEBUG Engine               - ticksPerSecond: -1
18:44:01.738 [FXGL Background Thread 3 ] DEBUG Engine               - title: Bomberman
18:44:01.738 [FXGL Background Thread 3 ] DEBUG Engine               - urlGithub: https://github.com/AlmasB/FXGL
18:44:01.739 [FXGL Background Thread 3 ] DEBUG Engine               - urlLeaderboard: http://fxgl-top.herokuapp.com/
18:44:01.739 [FXGL Background Thread 3 ] DEBUG Engine               - urlPOM: https://raw.githubusercontent.com/AlmasB/FXGL/release/README.md
18:44:01.740 [FXGL Background Thread 3 ] DEBUG Engine               - userAppClass: class Game
18:44:01.740 [FXGL Background Thread 3 ] DEBUG Engine               - version: 0.0
18:44:01.741 [FXGL Background Thread 3 ] DEBUG Engine               - versionCheckDays: 7
18:44:01.741 [FXGL Background Thread 3 ] DEBUG Engine               - width: 950
18:44:01.742 [FXGL Background Thread 3 ] DEBUG Engine               - Logging services
18:44:01.743 [FXGL Background Thread 3 ] DEBUG Engine               - class com.almasb.fxgl.app.services.FXGLAssetLoaderService
18:44:01.743 [FXGL Background Thread 3 ] DEBUG Engine               - class com.almasb.fxgl.app.FXGLApplication$GameApplicationService
18:44:01.744 [FXGL Background Thread 3 ] DEBUG Engine               - class com.almasb.fxgl.app.services.FXGLDialogService
18:44:01.745 [FXGL Background Thread 3 ] DEBUG Engine               - class com.almasb.fxgl.app.services.IOTaskExecutorService
18:44:01.745 [FXGL Background Thread 3 ] DEBUG Engine               - class com.almasb.fxgl.event.EventBusService
18:44:01.746 [FXGL Background Thread 3 ] DEBUG Engine               - class com.almasb.fxgl.io.FileSystemService
18:44:01.746 [FXGL Background Thread 3 ] DEBUG Engine               - class com.almasb.fxgl.localization.LocalizationService
18:44:01.747 [FXGL Background Thread 3 ] DEBUG Engine               - class com.almasb.fxgl.app.services.SystemBundleService
18:44:01.747 [FXGL Background Thread 3 ] DEBUG Engine               - class com.almasb.fxgl.profile.SaveLoadService
18:44:01.748 [FXGL Background Thread 3 ] DEBUG Engine               - class com.almasb.fxgl.ui.FXGLUIFactoryServiceProvider
18:44:01.748 [FXGL Background Thread 3 ] DEBUG Engine               - class com.almasb.fxgl.ui.FXGLDialogFactoryServiceProvider
18:44:01.749 [FXGL Background Thread 3 ] DEBUG Engine               - class com.almasb.fxgl.audio.AudioPlayer
18:44:01.749 [FXGL Background Thread 3 ] DEBUG Engine               - class com.almasb.fxgl.notification.impl.NotificationServiceProvider
18:44:01.750 [FXGL Background Thread 3 ] DEBUG Engine               - class com.almasb.fxgl.achievement.AchievementService
18:44:01.750 [FXGL Background Thread 3 ] DEBUG Engine               - class com.almasb.fxgl.cutscene.CutsceneService
18:44:01.751 [FXGL Background Thread 3 ] DEBUG Engine               - class com.almasb.fxgl.minigames.MiniGameService
18:44:01.751 [FXGL Background Thread 3 ] DEBUG Engine               - class com.almasb.fxgl.net.NetService
18:44:01.752 [FXGL Background Thread 3 ] DEBUG Engine               - class com.almasb.fxgl.app.services.UpdaterService
18:44:01.753 [FXGL Background Thread 3 ] DEBUG Engine               - class com.almasb.fxgl.dev.DevService
18:44:02.068 [JavaFX Application Thread] DEBUG Menu                 - fireNewGame()
18:44:02.069 [JavaFX Application Thread] DEBUG GameApplicationServi - Starting new game
18:44:02.069 [JavaFX Application Thread] DEBUG PrimaryStageWindow   - Pop state: StartMenu
18:44:02.069 [JavaFX Application Thread] DEBUG Input                - Clearing active input actions
18:44:02.070 [JavaFX Application Thread] DEBUG GameApplicationServi - Removing overlay from StartMenu and adding to FXGLMainMenuDummyScene
18:44:02.073 [JavaFX Application Thread] DEBUG PrimaryStageWindow   - FXGLMainMenuDummyScene <- StartMenu
18:44:02.074 [JavaFX Application Thread] DEBUG Input                - Clearing active input actions
18:44:02.085 [JavaFX Application Thread] DEBUG GameApplicationServi - Removing overlay from FXGLMainMenuDummyScene and adding to FXGLLoadingScene
18:44:02.086 [JavaFX Application Thread] DEBUG PrimaryStageWindow   - FXGLMainMenuDummyScene -> FXGLLoadingScene
18:44:02.087 [JavaFX Application Thread] DEBUG GameApplicationServi - Clearing previous game
18:44:02.087 [JavaFX Application Thread] DEBUG GameScene            - Clearing game scene
18:44:02.088 [JavaFX Application Thread] DEBUG GameWorld            - Clearing game world
18:44:02.088 [JavaFX Application Thread] DEBUG PhysicsWorld         - Clearing physics world
18:44:02.091 [FXGL Background Thread 2 ] DEBUG FXGLApplication      - Initializing game
18:44:02.156 [FXGL Background Thread 2 ] WARN  TMXLevelLoader       - TiledMap generated from 1.8.4. Supported version: 1.2.3. Some features may not be parsed fully.
18:44:02.179 [FXGL Background Thread 2 ] DEBUG TMXLevelLoader       - Parsed raw map: TiledMap(width=15, height=13, tilewidth=64, tileheight=64, orientation=orthogonal, layers=[Layer(width=15, height=13, name=Tile Layer 1, type=tilelayer, visible=false, x=0, y=0, data=[1, 1, 1, 1, 1, 1, 1, 1, 1, 1, 1, 1, 1, 1, 1, 1, 5, 5, 5, 5, 5, 5, 5, 5, 5, 5, 5, 5, 5, 1, 1, 5, 4, 5, 4, 5, 4, 5, 4, 5, 4, 5, 4, 5, 1, 1, 5, 5, 5, 5, 5, 5, 5, 5, 5, 5, 5, 5, 5, 1, 1, 5, 4, 5, 4, 5, 4, 5, 4, 5, 4, 5, 4, 5, 1, 1, 5, 5, 5, 5, 5, 5, 5, 5, 5, 5, 5, 5, 5, 1, 1, 5, 4, 5, 4, 5, 4, 5, 4, 5, 4, 5, 4, 5, 1, 1, 5, 5, 5, 5, 5, 5, 5, 5, 5, 5, 5, 5, 5, 1, 1, 5, 4, 5, 4, 5, 4, 5, 4, 5, 4, 5, 4, 5, 1, 1, 5, 5, 5, 5, 5, 5, 5, 5, 5, 5, 5, 5, 5, 1, 1, 5, 4, 5, 4, 5, 4, 5, 4, 5, 4, 5, 4, 5, 1, 1, 5, 5, 5, 5, 5, 5, 5, 5, 5, 5, 5, 5, 5, 1, 1, 1, 1, 1, 1, 1, 1, 1, 1, 1, 1, 1, 1, 1, 1], objects=[], opacity=0.0, draworder=), Layer(width=0, height=0, name=Object Layer 1, type=objectgroup, visible=false, x=0, y=0, data=[], objects=[com.almasb.fxgl.entity.level.tiled.TiledObject@76e83489, com.almasb.fxgl.entity.level.tiled.TiledObject@6c37b33e, com.almasb.fxgl.entity.level.tiled.TiledObject@470c06c1, com.almasb.fxgl.entity.level.tiled.TiledObject@107cb2fd, com.almasb.fxgl.entity.level.tiled.TiledObject@27079007, com.almasb.fxgl.entity.level.tiled.TiledObject@7678699a, com.almasb.fxgl.entity.level.tiled.TiledObject@5165539a, com.almasb.fxgl.entity.level.tiled.TiledObject@24fbe811, com.almasb.fxgl.entity.level.tiled.TiledObject@3fe7c321, com.almasb.fxgl.entity.level.tiled.TiledObject@a6659fe, com.almasb.fxgl.entity.level.tiled.TiledObject@71e422ab, com.almasb.fxgl.entity.level.tiled.TiledObject@aa4f7e6, com.almasb.fxgl.entity.level.tiled.TiledObject@bdbd358, com.almasb.fxgl.entity.level.tiled.TiledObject@334ad274, com.almasb.fxgl.entity.level.tiled.TiledObject@63eb5fcc, com.almasb.fxgl.entity.level.tiled.TiledObject@4e5d8f90, com.almasb.fxgl.entity.level.tiled.TiledObject@1bc9c410, com.almasb.fxgl.entity.level.tiled.TiledObject@7e756c6f, com.almasb.fxgl.entity.level.tiled.TiledObject@47594952, com.almasb.fxgl.entity.level.tiled.TiledObject@655a6f26, com.almasb.fxgl.entity.level.tiled.TiledObject@30e6ced9, com.almasb.fxgl.entity.level.tiled.TiledObject@6525cabe, com.almasb.fxgl.entity.level.tiled.TiledObject@68bb1c91, com.almasb.fxgl.entity.level.tiled.TiledObject@5e2e6dff, com.almasb.fxgl.entity.level.tiled.TiledObject@58b8e0e5, com.almasb.fxgl.entity.level.tiled.TiledObject@1303b176, com.almasb.fxgl.entity.level.tiled.TiledObject@23ec7813, com.almasb.fxgl.entity.level.tiled.TiledObject@e00b804, com.almasb.fxgl.entity.level.tiled.TiledObject@11a0cee9, com.almasb.fxgl.entity.level.tiled.TiledObject@1f2645aa, com.almasb.fxgl.entity.level.tiled.TiledObject@5fca8abd, com.almasb.fxgl.entity.level.tiled.TiledObject@5401c9d8, com.almasb.fxgl.entity.level.tiled.TiledObject@43c18237, com.almasb.fxgl.entity.level.tiled.TiledObject@6ee784f0], opacity=0.0, draworder=)], tilesets=[Tileset(firstgid=1, image=spritesheet(1).png, name=spritesheet(1), tilewidth=64, tileheight=64, imagewidth=1472, imageheight=64, margin=0, spacing=0, columns=23, tilecount=23, transparentcolor=, tiles=[])], backgroundcolor=, renderorder=right-down, nextobjectid=139, version=1, tiledversion=1.8.4, type=map, infinite=false, hexsidelength=0, staggeraxis=, staggerindex=, properties={}, propertytypes={})
18:44:02.182 [FXGL Background Thread 2 ] DEBUG TMXLevelLoader       - Creating tile layer entities
18:44:02.183 [FXGL Background Thread 2 ] DEBUG TilesetLoader        - Loading view for layer Tile Layer 1
18:44:02.186 [FXGL Background Thread 2 ] DEBUG TilesetLoader        - Created buffer with size 960.0x832.0
18:44:02.193 [FXGL Background Thread 2 ] DEBUG TilesetLoader        - Writing to buffer: dst=0,0, w=64,h=64, src=0,0
18:44:02.194 [FXGL Background Thread 2 ] DEBUG TilesetLoader        - Writing to buffer: dst=64,0, w=64,h=64, src=0,0
18:44:02.194 [FXGL Background Thread 2 ] DEBUG TilesetLoader        - Writing to buffer: dst=128,0, w=64,h=64, src=0,0
18:44:02.195 [FXGL Background Thread 2 ] DEBUG TilesetLoader        - Writing to buffer: dst=192,0, w=64,h=64, src=0,0
18:44:02.195 [FXGL Background Thread 2 ] DEBUG TilesetLoader        - Writing to buffer: dst=256,0, w=64,h=64, src=0,0
18:44:02.196 [FXGL Background Thread 2 ] DEBUG TilesetLoader        - Writing to buffer: dst=320,0, w=64,h=64, src=0,0
18:44:02.196 [FXGL Background Thread 2 ] DEBUG TilesetLoader        - Writing to buffer: dst=384,0, w=64,h=64, src=0,0
18:44:02.197 [FXGL Background Thread 2 ] DEBUG TilesetLoader        - Writing to buffer: dst=448,0, w=64,h=64, src=0,0
18:44:02.197 [FXGL Background Thread 2 ] DEBUG TilesetLoader        - Writing to buffer: dst=512,0, w=64,h=64, src=0,0
18:44:02.198 [FXGL Background Thread 2 ] DEBUG TilesetLoader        - Writing to buffer: dst=576,0, w=64,h=64, src=0,0
18:44:02.198 [FXGL Background Thread 2 ] DEBUG TilesetLoader        - Writing to buffer: dst=640,0, w=64,h=64, src=0,0
18:44:02.198 [FXGL Background Thread 2 ] DEBUG TilesetLoader        - Writing to buffer: dst=704,0, w=64,h=64, src=0,0
18:44:02.199 [FXGL Background Thread 2 ] DEBUG TilesetLoader        - Writing to buffer: dst=768,0, w=64,h=64, src=0,0
18:44:02.199 [FXGL Background Thread 2 ] DEBUG TilesetLoader        - Writing to buffer: dst=832,0, w=64,h=64, src=0,0
18:44:02.200 [FXGL Background Thread 2 ] DEBUG TilesetLoader        - Writing to buffer: dst=896,0, w=64,h=64, src=0,0
18:44:02.200 [FXGL Background Thread 2 ] DEBUG TilesetLoader        - Writing to buffer: dst=0,64, w=64,h=64, src=0,0
18:44:02.201 [FXGL Background Thread 2 ] DEBUG TilesetLoader        - Writing to buffer: dst=64,64, w=64,h=64, src=256,0
18:44:02.202 [FXGL Background Thread 2 ] DEBUG TilesetLoader        - Writing to buffer: dst=128,64, w=64,h=64, src=256,0
18:44:02.202 [FXGL Background Thread 2 ] DEBUG TilesetLoader        - Writing to buffer: dst=192,64, w=64,h=64, src=256,0
18:44:02.203 [FXGL Background Thread 2 ] DEBUG TilesetLoader        - Writing to buffer: dst=256,64, w=64,h=64, src=256,0
18:44:02.203 [FXGL Background Thread 2 ] DEBUG TilesetLoader        - Writing to buffer: dst=320,64, w=64,h=64, src=256,0
18:44:02.204 [FXGL Background Thread 2 ] DEBUG TilesetLoader        - Writing to buffer: dst=384,64, w=64,h=64, src=256,0
18:44:02.204 [FXGL Background Thread 2 ] DEBUG TilesetLoader        - Writing to buffer: dst=448,64, w=64,h=64, src=256,0
18:44:02.204 [FXGL Background Thread 2 ] DEBUG TilesetLoader        - Writing to buffer: dst=512,64, w=64,h=64, src=256,0
18:44:02.205 [FXGL Background Thread 2 ] DEBUG TilesetLoader        - Writing to buffer: dst=576,64, w=64,h=64, src=256,0
18:44:02.205 [FXGL Background Thread 2 ] DEBUG TilesetLoader        - Writing to buffer: dst=640,64, w=64,h=64, src=256,0
18:44:02.206 [FXGL Background Thread 2 ] DEBUG TilesetLoader        - Writing to buffer: dst=704,64, w=64,h=64, src=256,0
18:44:02.206 [FXGL Background Thread 2 ] DEBUG TilesetLoader        - Writing to buffer: dst=768,64, w=64,h=64, src=256,0
18:44:02.207 [FXGL Background Thread 2 ] DEBUG TilesetLoader        - Writing to buffer: dst=832,64, w=64,h=64, src=256,0
18:44:02.207 [FXGL Background Thread 2 ] DEBUG TilesetLoader        - Writing to buffer: dst=896,64, w=64,h=64, src=0,0
18:44:02.208 [FXGL Background Thread 2 ] DEBUG TilesetLoader        - Writing to buffer: dst=0,128, w=64,h=64, src=0,0
18:44:02.208 [FXGL Background Thread 2 ] DEBUG TilesetLoader        - Writing to buffer: dst=64,128, w=64,h=64, src=256,0
18:44:02.209 [FXGL Background Thread 2 ] DEBUG TilesetLoader        - Writing to buffer: dst=128,128, w=64,h=64, src=192,0
18:44:02.210 [FXGL Background Thread 2 ] DEBUG TilesetLoader        - Writing to buffer: dst=192,128, w=64,h=64, src=256,0
18:44:02.210 [FXGL Background Thread 2 ] DEBUG TilesetLoader        - Writing to buffer: dst=256,128, w=64,h=64, src=192,0
18:44:02.211 [FXGL Background Thread 2 ] DEBUG TilesetLoader        - Writing to buffer: dst=320,128, w=64,h=64, src=256,0
18:44:02.211 [FXGL Background Thread 2 ] DEBUG TilesetLoader        - Writing to buffer: dst=384,128, w=64,h=64, src=192,0
18:44:02.212 [FXGL Background Thread 2 ] DEBUG TilesetLoader        - Writing to buffer: dst=448,128, w=64,h=64, src=256,0
18:44:02.213 [FXGL Background Thread 2 ] DEBUG TilesetLoader        - Writing to buffer: dst=512,128, w=64,h=64, src=192,0
18:44:02.213 [FXGL Background Thread 2 ] DEBUG TilesetLoader        - Writing to buffer: dst=576,128, w=64,h=64, src=256,0
18:44:02.214 [FXGL Background Thread 2 ] DEBUG TilesetLoader        - Writing to buffer: dst=640,128, w=64,h=64, src=192,0
18:44:02.215 [FXGL Background Thread 2 ] DEBUG TilesetLoader        - Writing to buffer: dst=704,128, w=64,h=64, src=256,0
18:44:02.215 [FXGL Background Thread 2 ] DEBUG TilesetLoader        - Writing to buffer: dst=768,128, w=64,h=64, src=192,0
18:44:02.216 [FXGL Background Thread 2 ] DEBUG TilesetLoader        - Writing to buffer: dst=832,128, w=64,h=64, src=256,0
18:44:02.216 [FXGL Background Thread 2 ] DEBUG TilesetLoader        - Writing to buffer: dst=896,128, w=64,h=64, src=0,0
18:44:02.217 [FXGL Background Thread 2 ] DEBUG TilesetLoader        - Writing to buffer: dst=0,192, w=64,h=64, src=0,0
18:44:02.218 [FXGL Background Thread 2 ] DEBUG TilesetLoader        - Writing to buffer: dst=64,192, w=64,h=64, src=256,0
18:44:02.218 [FXGL Background Thread 2 ] DEBUG TilesetLoader        - Writing to buffer: dst=128,192, w=64,h=64, src=256,0
18:44:02.220 [FXGL Background Thread 2 ] DEBUG TilesetLoader        - Writing to buffer: dst=192,192, w=64,h=64, src=256,0
18:44:02.220 [FXGL Background Thread 2 ] DEBUG TilesetLoader        - Writing to buffer: dst=256,192, w=64,h=64, src=256,0
18:44:02.220 [FXGL Background Thread 2 ] DEBUG TilesetLoader        - Writing to buffer: dst=320,192, w=64,h=64, src=256,0
18:44:02.221 [FXGL Background Thread 2 ] DEBUG TilesetLoader        - Writing to buffer: dst=384,192, w=64,h=64, src=256,0
18:44:02.221 [FXGL Background Thread 2 ] DEBUG TilesetLoader        - Writing to buffer: dst=448,192, w=64,h=64, src=256,0
18:44:02.222 [FXGL Background Thread 2 ] DEBUG TilesetLoader        - Writing to buffer: dst=512,192, w=64,h=64, src=256,0
18:44:02.222 [FXGL Background Thread 2 ] DEBUG TilesetLoader        - Writing to buffer: dst=576,192, w=64,h=64, src=256,0
18:44:02.223 [FXGL Background Thread 2 ] DEBUG TilesetLoader        - Writing to buffer: dst=640,192, w=64,h=64, src=256,0
18:44:02.223 [FXGL Background Thread 2 ] DEBUG TilesetLoader        - Writing to buffer: dst=704,192, w=64,h=64, src=256,0
18:44:02.223 [FXGL Background Thread 2 ] DEBUG TilesetLoader        - Writing to buffer: dst=768,192, w=64,h=64, src=256,0
18:44:02.224 [FXGL Background Thread 2 ] DEBUG TilesetLoader        - Writing to buffer: dst=832,192, w=64,h=64, src=256,0
18:44:02.224 [FXGL Background Thread 2 ] DEBUG TilesetLoader        - Writing to buffer: dst=896,192, w=64,h=64, src=0,0
18:44:02.225 [FXGL Background Thread 2 ] DEBUG TilesetLoader        - Writing to buffer: dst=0,256, w=64,h=64, src=0,0
18:44:02.225 [FXGL Background Thread 2 ] DEBUG TilesetLoader        - Writing to buffer: dst=64,256, w=64,h=64, src=256,0
18:44:02.225 [FXGL Background Thread 2 ] DEBUG TilesetLoader        - Writing to buffer: dst=128,256, w=64,h=64, src=192,0
18:44:02.226 [FXGL Background Thread 2 ] DEBUG TilesetLoader        - Writing to buffer: dst=192,256, w=64,h=64, src=256,0
18:44:02.227 [FXGL Background Thread 2 ] DEBUG TilesetLoader        - Writing to buffer: dst=256,256, w=64,h=64, src=192,0
18:44:02.227 [FXGL Background Thread 2 ] DEBUG TilesetLoader        - Writing to buffer: dst=320,256, w=64,h=64, src=256,0
18:44:02.228 [FXGL Background Thread 2 ] DEBUG TilesetLoader        - Writing to buffer: dst=384,256, w=64,h=64, src=192,0
18:44:02.228 [FXGL Background Thread 2 ] DEBUG TilesetLoader        - Writing to buffer: dst=448,256, w=64,h=64, src=256,0
18:44:02.229 [FXGL Background Thread 2 ] DEBUG TilesetLoader        - Writing to buffer: dst=512,256, w=64,h=64, src=192,0
18:44:02.229 [FXGL Background Thread 2 ] DEBUG TilesetLoader        - Writing to buffer: dst=576,256, w=64,h=64, src=256,0
18:44:02.229 [FXGL Background Thread 2 ] DEBUG TilesetLoader        - Writing to buffer: dst=640,256, w=64,h=64, src=192,0
18:44:02.230 [FXGL Background Thread 2 ] DEBUG TilesetLoader        - Writing to buffer: dst=704,256, w=64,h=64, src=256,0
18:44:02.230 [FXGL Background Thread 2 ] DEBUG TilesetLoader        - Writing to buffer: dst=768,256, w=64,h=64, src=192,0
18:44:02.230 [FXGL Background Thread 2 ] DEBUG TilesetLoader        - Writing to buffer: dst=832,256, w=64,h=64, src=256,0
18:44:02.231 [FXGL Background Thread 2 ] DEBUG TilesetLoader        - Writing to buffer: dst=896,256, w=64,h=64, src=0,0
18:44:02.231 [FXGL Background Thread 2 ] DEBUG TilesetLoader        - Writing to buffer: dst=0,320, w=64,h=64, src=0,0
18:44:02.232 [FXGL Background Thread 2 ] DEBUG TilesetLoader        - Writing to buffer: dst=64,320, w=64,h=64, src=256,0
18:44:02.232 [FXGL Background Thread 2 ] DEBUG TilesetLoader        - Writing to buffer: dst=128,320, w=64,h=64, src=256,0
18:44:02.232 [FXGL Background Thread 2 ] DEBUG TilesetLoader        - Writing to buffer: dst=192,320, w=64,h=64, src=256,0
18:44:02.233 [FXGL Background Thread 2 ] DEBUG TilesetLoader        - Writing to buffer: dst=256,320, w=64,h=64, src=256,0
18:44:02.234 [FXGL Background Thread 2 ] DEBUG TilesetLoader        - Writing to buffer: dst=320,320, w=64,h=64, src=256,0
18:44:02.234 [FXGL Background Thread 2 ] DEBUG TilesetLoader        - Writing to buffer: dst=384,320, w=64,h=64, src=256,0
18:44:02.235 [FXGL Background Thread 2 ] DEBUG TilesetLoader        - Writing to buffer: dst=448,320, w=64,h=64, src=256,0
18:44:02.235 [FXGL Background Thread 2 ] DEBUG TilesetLoader        - Writing to buffer: dst=512,320, w=64,h=64, src=256,0
18:44:02.235 [FXGL Background Thread 2 ] DEBUG TilesetLoader        - Writing to buffer: dst=576,320, w=64,h=64, src=256,0
18:44:02.235 [FXGL Background Thread 2 ] DEBUG TilesetLoader        - Writing to buffer: dst=640,320, w=64,h=64, src=256,0
18:44:02.237 [FXGL Background Thread 2 ] DEBUG TilesetLoader        - Writing to buffer: dst=704,320, w=64,h=64, src=256,0
18:44:02.237 [FXGL Background Thread 2 ] DEBUG TilesetLoader        - Writing to buffer: dst=768,320, w=64,h=64, src=256,0
18:44:02.238 [FXGL Background Thread 2 ] DEBUG TilesetLoader        - Writing to buffer: dst=832,320, w=64,h=64, src=256,0
18:44:02.238 [FXGL Background Thread 2 ] DEBUG TilesetLoader        - Writing to buffer: dst=896,320, w=64,h=64, src=0,0
18:44:02.238 [FXGL Background Thread 2 ] DEBUG TilesetLoader        - Writing to buffer: dst=0,384, w=64,h=64, src=0,0
18:44:02.238 [FXGL Background Thread 2 ] DEBUG TilesetLoader        - Writing to buffer: dst=64,384, w=64,h=64, src=256,0
18:44:02.239 [FXGL Background Thread 2 ] DEBUG TilesetLoader        - Writing to buffer: dst=128,384, w=64,h=64, src=192,0
18:44:02.239 [FXGL Background Thread 2 ] DEBUG TilesetLoader        - Writing to buffer: dst=192,384, w=64,h=64, src=256,0
18:44:02.240 [FXGL Background Thread 2 ] DEBUG TilesetLoader        - Writing to buffer: dst=256,384, w=64,h=64, src=192,0
18:44:02.241 [FXGL Background Thread 2 ] DEBUG TilesetLoader        - Writing to buffer: dst=320,384, w=64,h=64, src=256,0
18:44:02.241 [FXGL Background Thread 2 ] DEBUG TilesetLoader        - Writing to buffer: dst=384,384, w=64,h=64, src=192,0
18:44:02.242 [FXGL Background Thread 2 ] DEBUG TilesetLoader        - Writing to buffer: dst=448,384, w=64,h=64, src=256,0
18:44:02.242 [FXGL Background Thread 2 ] DEBUG TilesetLoader        - Writing to buffer: dst=512,384, w=64,h=64, src=192,0
18:44:02.242 [FXGL Background Thread 2 ] DEBUG TilesetLoader        - Writing to buffer: dst=576,384, w=64,h=64, src=256,0
18:44:02.243 [FXGL Background Thread 2 ] DEBUG TilesetLoader        - Writing to buffer: dst=640,384, w=64,h=64, src=192,0
18:44:02.244 [FXGL Background Thread 2 ] DEBUG TilesetLoader        - Writing to buffer: dst=704,384, w=64,h=64, src=256,0
18:44:02.244 [FXGL Background Thread 2 ] DEBUG TilesetLoader        - Writing to buffer: dst=768,384, w=64,h=64, src=192,0
18:44:02.244 [FXGL Background Thread 2 ] DEBUG TilesetLoader        - Writing to buffer: dst=832,384, w=64,h=64, src=256,0
18:44:02.245 [FXGL Background Thread 2 ] DEBUG TilesetLoader        - Writing to buffer: dst=896,384, w=64,h=64, src=0,0
18:44:02.245 [FXGL Background Thread 2 ] DEBUG TilesetLoader        - Writing to buffer: dst=0,448, w=64,h=64, src=0,0
18:44:02.246 [FXGL Background Thread 2 ] DEBUG TilesetLoader        - Writing to buffer: dst=64,448, w=64,h=64, src=256,0
18:44:02.246 [FXGL Background Thread 2 ] DEBUG TilesetLoader        - Writing to buffer: dst=128,448, w=64,h=64, src=256,0
18:44:02.247 [FXGL Background Thread 2 ] DEBUG TilesetLoader        - Writing to buffer: dst=192,448, w=64,h=64, src=256,0
18:44:02.247 [FXGL Background Thread 2 ] DEBUG TilesetLoader        - Writing to buffer: dst=256,448, w=64,h=64, src=256,0
18:44:02.248 [FXGL Background Thread 2 ] DEBUG TilesetLoader        - Writing to buffer: dst=320,448, w=64,h=64, src=256,0
18:44:02.249 [FXGL Background Thread 2 ] DEBUG TilesetLoader        - Writing to buffer: dst=384,448, w=64,h=64, src=256,0
18:44:02.249 [FXGL Background Thread 2 ] DEBUG TilesetLoader        - Writing to buffer: dst=448,448, w=64,h=64, src=256,0
18:44:02.250 [FXGL Background Thread 2 ] DEBUG TilesetLoader        - Writing to buffer: dst=512,448, w=64,h=64, src=256,0
18:44:02.250 [FXGL Background Thread 2 ] DEBUG TilesetLoader        - Writing to buffer: dst=576,448, w=64,h=64, src=256,0
18:44:02.250 [FXGL Background Thread 2 ] DEBUG TilesetLoader        - Writing to buffer: dst=640,448, w=64,h=64, src=256,0
18:44:02.251 [FXGL Background Thread 2 ] DEBUG TilesetLoader        - Writing to buffer: dst=704,448, w=64,h=64, src=256,0
18:44:02.251 [FXGL Background Thread 2 ] DEBUG TilesetLoader        - Writing to buffer: dst=768,448, w=64,h=64, src=256,0
18:44:02.252 [FXGL Background Thread 2 ] DEBUG TilesetLoader        - Writing to buffer: dst=832,448, w=64,h=64, src=256,0
18:44:02.252 [FXGL Background Thread 2 ] DEBUG TilesetLoader        - Writing to buffer: dst=896,448, w=64,h=64, src=0,0
18:44:02.252 [FXGL Background Thread 2 ] DEBUG TilesetLoader        - Writing to buffer: dst=0,512, w=64,h=64, src=0,0
18:44:02.253 [FXGL Background Thread 2 ] DEBUG TilesetLoader        - Writing to buffer: dst=64,512, w=64,h=64, src=256,0
18:44:02.254 [FXGL Background Thread 2 ] DEBUG TilesetLoader        - Writing to buffer: dst=128,512, w=64,h=64, src=192,0
18:44:02.254 [FXGL Background Thread 2 ] DEBUG TilesetLoader        - Writing to buffer: dst=192,512, w=64,h=64, src=256,0
18:44:02.255 [FXGL Background Thread 2 ] DEBUG TilesetLoader        - Writing to buffer: dst=256,512, w=64,h=64, src=192,0
18:44:02.255 [FXGL Background Thread 2 ] DEBUG TilesetLoader        - Writing to buffer: dst=320,512, w=64,h=64, src=256,0
18:44:02.256 [FXGL Background Thread 2 ] DEBUG TilesetLoader        - Writing to buffer: dst=384,512, w=64,h=64, src=192,0
18:44:02.257 [FXGL Background Thread 2 ] DEBUG TilesetLoader        - Writing to buffer: dst=448,512, w=64,h=64, src=256,0
18:44:02.257 [FXGL Background Thread 2 ] DEBUG TilesetLoader        - Writing to buffer: dst=512,512, w=64,h=64, src=192,0
18:44:02.257 [FXGL Background Thread 2 ] DEBUG TilesetLoader        - Writing to buffer: dst=576,512, w=64,h=64, src=256,0
18:44:02.258 [FXGL Background Thread 2 ] DEBUG TilesetLoader        - Writing to buffer: dst=640,512, w=64,h=64, src=192,0
18:44:02.258 [FXGL Background Thread 2 ] DEBUG TilesetLoader        - Writing to buffer: dst=704,512, w=64,h=64, src=256,0
18:44:02.258 [FXGL Background Thread 2 ] DEBUG TilesetLoader        - Writing to buffer: dst=768,512, w=64,h=64, src=192,0
18:44:02.259 [FXGL Background Thread 2 ] DEBUG TilesetLoader        - Writing to buffer: dst=832,512, w=64,h=64, src=256,0
18:44:02.259 [FXGL Background Thread 2 ] DEBUG TilesetLoader        - Writing to buffer: dst=896,512, w=64,h=64, src=0,0
18:44:02.259 [FXGL Background Thread 2 ] DEBUG TilesetLoader        - Writing to buffer: dst=0,576, w=64,h=64, src=0,0
18:44:02.260 [FXGL Background Thread 2 ] DEBUG TilesetLoader        - Writing to buffer: dst=64,576, w=64,h=64, src=256,0
18:44:02.260 [FXGL Background Thread 2 ] DEBUG TilesetLoader        - Writing to buffer: dst=128,576, w=64,h=64, src=256,0
18:44:02.260 [FXGL Background Thread 2 ] DEBUG TilesetLoader        - Writing to buffer: dst=192,576, w=64,h=64, src=256,0
18:44:02.261 [FXGL Background Thread 2 ] DEBUG TilesetLoader        - Writing to buffer: dst=256,576, w=64,h=64, src=256,0
18:44:02.261 [FXGL Background Thread 2 ] DEBUG TilesetLoader        - Writing to buffer: dst=320,576, w=64,h=64, src=256,0
18:44:02.261 [FXGL Background Thread 2 ] DEBUG TilesetLoader        - Writing to buffer: dst=384,576, w=64,h=64, src=256,0
18:44:02.262 [FXGL Background Thread 2 ] DEBUG TilesetLoader        - Writing to buffer: dst=448,576, w=64,h=64, src=256,0
18:44:02.263 [FXGL Background Thread 2 ] DEBUG TilesetLoader        - Writing to buffer: dst=512,576, w=64,h=64, src=256,0
18:44:02.263 [FXGL Background Thread 2 ] DEBUG TilesetLoader        - Writing to buffer: dst=576,576, w=64,h=64, src=256,0
18:44:02.263 [FXGL Background Thread 2 ] DEBUG TilesetLoader        - Writing to buffer: dst=640,576, w=64,h=64, src=256,0
18:44:02.263 [FXGL Background Thread 2 ] DEBUG TilesetLoader        - Writing to buffer: dst=704,576, w=64,h=64, src=256,0
18:44:02.264 [FXGL Background Thread 2 ] DEBUG TilesetLoader        - Writing to buffer: dst=768,576, w=64,h=64, src=256,0
18:44:02.264 [FXGL Background Thread 2 ] DEBUG TilesetLoader        - Writing to buffer: dst=832,576, w=64,h=64, src=256,0
18:44:02.264 [FXGL Background Thread 2 ] DEBUG TilesetLoader        - Writing to buffer: dst=896,576, w=64,h=64, src=0,0
18:44:02.265 [FXGL Background Thread 2 ] DEBUG TilesetLoader        - Writing to buffer: dst=0,640, w=64,h=64, src=0,0
18:44:02.265 [FXGL Background Thread 2 ] DEBUG TilesetLoader        - Writing to buffer: dst=64,640, w=64,h=64, src=256,0
18:44:02.265 [FXGL Background Thread 2 ] DEBUG TilesetLoader        - Writing to buffer: dst=128,640, w=64,h=64, src=192,0
18:44:02.266 [FXGL Background Thread 2 ] DEBUG TilesetLoader        - Writing to buffer: dst=192,640, w=64,h=64, src=256,0
18:44:02.266 [FXGL Background Thread 2 ] DEBUG TilesetLoader        - Writing to buffer: dst=256,640, w=64,h=64, src=192,0
18:44:02.266 [FXGL Background Thread 2 ] DEBUG TilesetLoader        - Writing to buffer: dst=320,640, w=64,h=64, src=256,0
18:44:02.267 [FXGL Background Thread 2 ] DEBUG TilesetLoader        - Writing to buffer: dst=384,640, w=64,h=64, src=192,0
18:44:02.267 [FXGL Background Thread 2 ] DEBUG TilesetLoader        - Writing to buffer: dst=448,640, w=64,h=64, src=256,0
18:44:02.268 [FXGL Background Thread 2 ] DEBUG TilesetLoader        - Writing to buffer: dst=512,640, w=64,h=64, src=192,0
18:44:02.268 [FXGL Background Thread 2 ] DEBUG TilesetLoader        - Writing to buffer: dst=576,640, w=64,h=64, src=256,0
18:44:02.269 [FXGL Background Thread 2 ] DEBUG TilesetLoader        - Writing to buffer: dst=640,640, w=64,h=64, src=192,0
18:44:02.269 [FXGL Background Thread 2 ] DEBUG TilesetLoader        - Writing to buffer: dst=704,640, w=64,h=64, src=256,0
18:44:02.269 [FXGL Background Thread 2 ] DEBUG TilesetLoader        - Writing to buffer: dst=768,640, w=64,h=64, src=192,0
18:44:02.270 [FXGL Background Thread 2 ] DEBUG TilesetLoader        - Writing to buffer: dst=832,640, w=64,h=64, src=256,0
18:44:02.270 [FXGL Background Thread 2 ] DEBUG TilesetLoader        - Writing to buffer: dst=896,640, w=64,h=64, src=0,0
18:44:02.270 [FXGL Background Thread 2 ] DEBUG TilesetLoader        - Writing to buffer: dst=0,704, w=64,h=64, src=0,0
18:44:02.271 [FXGL Background Thread 2 ] DEBUG TilesetLoader        - Writing to buffer: dst=64,704, w=64,h=64, src=256,0
18:44:02.271 [FXGL Background Thread 2 ] DEBUG TilesetLoader        - Writing to buffer: dst=128,704, w=64,h=64, src=256,0
18:44:02.271 [FXGL Background Thread 2 ] DEBUG TilesetLoader        - Writing to buffer: dst=192,704, w=64,h=64, src=256,0
18:44:02.288 [FXGL Background Thread 2 ] DEBUG TilesetLoader        - Writing to buffer: dst=256,704, w=64,h=64, src=256,0
18:44:02.289 [FXGL Background Thread 2 ] DEBUG TilesetLoader        - Writing to buffer: dst=320,704, w=64,h=64, src=256,0
18:44:02.289 [FXGL Background Thread 2 ] DEBUG TilesetLoader        - Writing to buffer: dst=384,704, w=64,h=64, src=256,0
18:44:02.290 [FXGL Background Thread 2 ] DEBUG TilesetLoader        - Writing to buffer: dst=448,704, w=64,h=64, src=256,0
18:44:02.290 [FXGL Background Thread 2 ] DEBUG TilesetLoader        - Writing to buffer: dst=512,704, w=64,h=64, src=256,0
18:44:02.291 [FXGL Background Thread 2 ] DEBUG TilesetLoader        - Writing to buffer: dst=576,704, w=64,h=64, src=256,0
18:44:02.292 [FXGL Background Thread 2 ] DEBUG TilesetLoader        - Writing to buffer: dst=640,704, w=64,h=64, src=256,0
18:44:02.292 [FXGL Background Thread 2 ] DEBUG TilesetLoader        - Writing to buffer: dst=704,704, w=64,h=64, src=256,0
18:44:02.293 [FXGL Background Thread 2 ] DEBUG TilesetLoader        - Writing to buffer: dst=768,704, w=64,h=64, src=256,0
18:44:02.293 [FXGL Background Thread 2 ] DEBUG TilesetLoader        - Writing to buffer: dst=832,704, w=64,h=64, src=256,0
18:44:02.294 [FXGL Background Thread 2 ] DEBUG TilesetLoader        - Writing to buffer: dst=896,704, w=64,h=64, src=0,0
18:44:02.294 [FXGL Background Thread 2 ] DEBUG TilesetLoader        - Writing to buffer: dst=0,768, w=64,h=64, src=0,0
18:44:02.295 [FXGL Background Thread 2 ] DEBUG TilesetLoader        - Writing to buffer: dst=64,768, w=64,h=64, src=0,0
18:44:02.295 [FXGL Background Thread 2 ] DEBUG TilesetLoader        - Writing to buffer: dst=128,768, w=64,h=64, src=0,0
18:44:02.296 [FXGL Background Thread 2 ] DEBUG TilesetLoader        - Writing to buffer: dst=192,768, w=64,h=64, src=0,0
18:44:02.297 [FXGL Background Thread 2 ] DEBUG TilesetLoader        - Writing to buffer: dst=256,768, w=64,h=64, src=0,0
18:44:02.298 [FXGL Background Thread 2 ] DEBUG TilesetLoader        - Writing to buffer: dst=320,768, w=64,h=64, src=0,0
18:44:02.298 [FXGL Background Thread 2 ] DEBUG TilesetLoader        - Writing to buffer: dst=384,768, w=64,h=64, src=0,0
18:44:02.299 [FXGL Background Thread 2 ] DEBUG TilesetLoader        - Writing to buffer: dst=448,768, w=64,h=64, src=0,0
18:44:02.299 [FXGL Background Thread 2 ] DEBUG TilesetLoader        - Writing to buffer: dst=512,768, w=64,h=64, src=0,0
18:44:02.300 [FXGL Background Thread 2 ] DEBUG TilesetLoader        - Writing to buffer: dst=576,768, w=64,h=64, src=0,0
18:44:02.300 [FXGL Background Thread 2 ] DEBUG TilesetLoader        - Writing to buffer: dst=640,768, w=64,h=64, src=0,0
18:44:02.300 [FXGL Background Thread 2 ] DEBUG TilesetLoader        - Writing to buffer: dst=704,768, w=64,h=64, src=0,0
18:44:02.301 [FXGL Background Thread 2 ] DEBUG TilesetLoader        - Writing to buffer: dst=768,768, w=64,h=64, src=0,0
18:44:02.302 [FXGL Background Thread 2 ] DEBUG TilesetLoader        - Writing to buffer: dst=832,768, w=64,h=64, src=0,0
18:44:02.302 [FXGL Background Thread 2 ] DEBUG TilesetLoader        - Writing to buffer: dst=896,768, w=64,h=64, src=0,0
18:44:02.303 [FXGL Background Thread 2 ] DEBUG TMXLevelLoader       - Creating object layer entities
18:44:02.366 [FXGL Background Thread 2 ] DEBUG GameWorld            - Clearing removable entities
18:44:02.367 [FXGL Background Thread 2 ] DEBUG GameWorld            - Setting level: com.almasb.fxgl.entity.level.Level@aa4d107
18:44:02.390 [FXGL Background Thread 2 ] DEBUG FXGLAssetLoaderServi - Loading from file system: file:/C:/Users/0705s/OneDrive/Desktop/SE-Challengeweek/target/classes/assets/textures/player_1_move_down.png
18:44:02.402 [FXGL Background Thread 2 ] DEBUG FXGLAssetLoaderServi - Loading from file system: file:/C:/Users/0705s/OneDrive/Desktop/SE-Challengeweek/target/classes/assets/textures/box-1.png
18:44:02.530 [FXGL Background Thread 2 ] DEBUG FXGLAssetLoaderServi - Loading from file system: file:/C:/Users/0705s/OneDrive/Desktop/SE-Challengeweek/target/classes/assets/music/BGM.wav
18:44:03.880 [FXGL Background Thread 2 ] DEBUG AudioPlayer          - Playing music com.almasb.fxgl.audio.Music@43b24065
18:44:03.902 [FXGL Background Thread 2 ] INFO  FXGLApplication      - Game initialization took: 1,810 sec
18:44:03.906 [JavaFX Application Thread] DEBUG Input                - Clearing active input actions
18:44:03.932 [JavaFX Application Thread] DEBUG GameApplicationServi - Removing overlay from FXGLLoadingScene and adding to GameScene
18:44:03.940 [JavaFX Application Thread] DEBUG PrimaryStageWindow   - FXGLLoadingScene -> GameScene
18:44:03.946 [JavaFX Application Thread] DEBUG FXGLAssetLoaderServi - Loading from file system: file:/C:/Users/0705s/OneDrive/Desktop/SE-Challengeweek/target/classes/assets/textures/player_1_idle_down.png
18:44:03.949 [JavaFX Application Thread] DEBUG FXGLAssetLoaderServi - Loading from file system: file:/C:/Users/0705s/OneDrive/Desktop/SE-Challengeweek/target/classes/assets/textures/player_2_idle_down.png
18:44:04.595 [JavaFX Application Thread] DEBUG FXGLAssetLoaderServi - Loading from file system: file:/C:/Users/0705s/OneDrive/Desktop/SE-Challengeweek/target/classes/assets/textures/player_1_move_right.png
18:44:05.035 [JavaFX Application Thread] DEBUG FXGLAssetLoaderServi - Loading from file system: file:/C:/Users/0705s/OneDrive/Desktop/SE-Challengeweek/target/classes/assets/textures/player_1_idle_right.png
18:44:05.040 [JavaFX Application Thread] DEBUG FXGLAssetLoaderServi - Loading from file system: file:/C:/Users/0705s/OneDrive/Desktop/SE-Challengeweek/target/classes/assets/textures/bomb-1.png
18:44:05.107 [JavaFX Application Thread] DEBUG FXGLAssetLoaderServi - Loading from file system: file:/C:/Users/0705s/OneDrive/Desktop/SE-Challengeweek/target/classes/assets/textures/player_1_move_left.png
18:44:05.693 [JavaFX Application Thread] DEBUG FXGLAssetLoaderServi - Loading from file system: file:/C:/Users/0705s/OneDrive/Desktop/SE-Challengeweek/target/classes/assets/textures/player_1_idle_left.png
18:45:05.788 [JavaFX Application Thread] DEBUG FXGLApplication      - Exiting FXGL
18:45:05.788 [JavaFX Application Thread] DEBUG LoopRunner           - Stopping loop
18:45:05.788 [JavaFX Application Thread] DEBUG SystemBundleService  - Saving FXGL system data
18:45:05.791 [JavaFX Application Thread] DEBUG FileSystemAccess     - Writing to: C:\Users\0705s\OneDrive\Desktop\SE-Challengeweek\system\fxgl.bundle
18:45:05.792 [JavaFX Application Thread] DEBUG Async                - Shutting down background threads
18:45:05.792 [JavaFX Application Thread] DEBUG PrimaryStageWindow   - Closing main window
18:45:05.811 [JavaFX Application Thread] DEBUG Logger               - Closing Logger
