14:10:13.021 [main                     ] DEBUG Logger               - Configured Logger
14:10:13.035 [main                     ] DEBUG GameApplication      - Logging settings
Title: Untitled
Version: 0.0
Width: 1050
Height: 700
Fullscreen: false
Intro: false
Profiling: false
Single step:false
App Mode: DEVELOPER
Menu Key: ESCAPE
Stage Style: DECORATED
Scene Factory: class com.almasb.fxgl.app.scene.SceneFactory

14:10:13.354 [JavaFX Application Thread] DEBUG FXGLApplication      - Initializing FXGL
14:10:13.355 [JavaFX Application Thread] INFO  Engine               - FXGL-11.14 (01.03.2021 16.59) on WINDOWS (J:15.0.2 FX:15)
14:10:13.355 [JavaFX Application Thread] DEBUG Engine               - JRE Vendor Name: Amazon.com Inc.
14:10:13.356 [JavaFX Application Thread] DEBUG Engine               - Running on OS: Windows 10 version 10.0
14:10:13.356 [JavaFX Application Thread] DEBUG Engine               - Architecture: amd64
14:10:13.356 [JavaFX Application Thread] INFO  Engine               - Source code and latest versions at: https://github.com/AlmasB/FXGL
14:10:13.356 [JavaFX Application Thread] INFO  Engine               -              Join the FXGL chat at: https://gitter.im/AlmasB/FXGL
14:10:13.453 [JavaFX Application Thread] DEBUG PrimaryStageWindow   - Creating a JavaFX scene
14:10:13.493 [JavaFX Application Thread] DEBUG PrimaryStageWindow   - Target settings size: 1050.0 x 700.0
14:10:13.493 [JavaFX Application Thread] DEBUG PrimaryStageWindow   - Scaled scene size:    1050.0 x 700.0
14:10:13.494 [JavaFX Application Thread] DEBUG PrimaryStageWindow   - Scaled ratio: (1.0, 1.0)
14:10:13.494 [JavaFX Application Thread] DEBUG PrimaryStageWindow   - Set initial scene to FXGLStartupScene
14:10:13.500 [JavaFX Application Thread] DEBUG PrimaryStageWindow   - Opening main window
14:10:13.569 [JavaFX Application Thread] DEBUG PrimaryStageWindow   - Window border size: (14.800048828125, 37.5999755859375)
14:10:13.569 [JavaFX Application Thread] DEBUG PrimaryStageWindow   - Scaled size: 1050.0 x 700.0
14:10:13.570 [JavaFX Application Thread] DEBUG PrimaryStageWindow   - Scaled ratio: (1.0, 1.0)
14:10:13.570 [JavaFX Application Thread] DEBUG PrimaryStageWindow   - Scene size: 1050.0 x 700.0
14:10:13.570 [JavaFX Application Thread] DEBUG PrimaryStageWindow   - Stage size: 1064.800048828125 x 737.5999755859375
14:10:13.578 [FXGL Background Thread 1 ] DEBUG Engine               - Initializing environment variables
14:10:13.607 [FXGL Background Thread 1 ] DEBUG FXGLAssetLoaderServi - User app class for loading assets: class Game
14:10:13.607 [FXGL Background Thread 1 ] DEBUG GameApplicationServi - Applying CSS: fxgl_dark.css
14:10:13.609 [FXGL Background Thread 1 ] DEBUG FXGLAssetLoaderServi - Loading from file system: jar:file:/C:/Users/stanm/.m2/repository/com/github/almasb/fxgl/11.14/fxgl-11.14.jar!/fxglassets/ui/css/fxgl_dark.css
14:10:13.657 [FXGL Background Thread 1 ] DEBUG GameApplicationServi - Initializing application scenes
14:10:13.689 [FXGL Background Thread 1 ] DEBUG GameWorld            - Game world initialized
14:10:13.736 [FXGL Background Thread 1 ] DEBUG PhysicsWorld         - Physics world initialized: appHeight=700, physics.ppm=50,0
14:10:13.737 [FXGL Background Thread 1 ] DEBUG PhysicsWorld         - Using strategy: BRUTE_FORCE
14:10:13.739 [FXGL Background Thread 1 ] DEBUG GameScene            - Game scene initialized: 1050x700
14:10:13.775 [FXGL Background Thread 1 ] DEBUG FXGLAssetLoaderServi - Loading from file system: jar:file:/C:/Users/stanm/.m2/repository/com/github/almasb/fxgl/11.14/fxgl-11.14.jar!/fxglassets/textures/particles/trace_horizontal.png
14:10:13.819 [FXGL Background Thread 1 ] DEBUG FXGL.DefaultMenu     - createMenuBodyGameMenu()
14:10:13.832 [FXGL Background Thread 1 ] DEBUG FXGL.DefaultMenu     - createOptionsMenu()
14:10:13.836 [FXGL Background Thread 1 ] DEBUG FXGLAssetLoaderServi - Loading from file system: jar:file:/C:/Users/stanm/.m2/repository/com/github/almasb/fxgl/11.14/fxgl-11.14.jar!/fxglassets/textures/particles/smoke.png
14:10:13.883 [FXGL Background Thread 1 ] DEBUG GameApplicationServi - Application scenes initialized
14:10:13.891 [FXGL Background Thread 1 ] DEBUG SystemBundleService  - Loading FXGL system data
14:10:13.896 [FXGL Background Thread 1 ] DEBUG FileSystemAccess     - Reading from: C:\Users\stanm\Documents\SE-Challengeweek\system\fxgl.bundle
14:10:13.901 [FXGL Background Thread 1 ] DEBUG SystemBundleService  - Bundle FXGL: {}
14:10:13.901 [FXGL Background Thread 1 ] DEBUG UpdaterService       - Checking for updates
14:10:13.923 [FXGL Background Thread 4 ] DEBUG FXGLApplication      - Loading fonts
14:10:13.923 [FXGL Background Thread 1 ] DEBUG FXGLApplication      - Loading default localization
14:10:13.923 [FXGL Background Thread 1 ] DEBUG FXGLAssetLoaderServi - Loading from file system: jar:file:/C:/Users/stanm/.m2/repository/com/github/almasb/fxgl/11.14/fxgl-11.14.jar!/fxglassets/languages/english.lang
14:10:13.923 [FXGL Background Thread 4 ] DEBUG FXGLAssetLoaderServi - Loading from file system: jar:file:/C:/Users/stanm/.m2/repository/com/github/almasb/fxgl/11.14/fxgl-11.14.jar!/fxglassets/ui/fonts/VarelaRound-Regular.ttf
14:10:13.937 [FXGL Background Thread 1 ] INFO  FXGLApplication      - FXGL initialization took: 0,359 sec
14:10:13.946 [JavaFX Application Thread] DEBUG Input                - Registered new binding: up - W
14:10:13.946 [JavaFX Application Thread] DEBUG Input                - Registered new binding: down - S
14:10:13.946 [JavaFX Application Thread] DEBUG Input                - Registered new binding: left - A
14:10:13.946 [JavaFX Application Thread] DEBUG Input                - Registered new binding: right - D
14:10:13.947 [JavaFX Application Thread] DEBUG Input                - Registered new binding: Place Bomb - F
14:10:13.947 [JavaFX Application Thread] DEBUG FXGLAssetLoaderServi - Loading from file system: jar:file:/C:/Users/stanm/.m2/repository/com/github/almasb/fxgl/11.14/fxgl-11.14.jar!/fxglassets/textures/fxgl_icon.png
14:10:13.968 [JavaFX Application Thread] DEBUG FXGLAssetLoaderServi - Loading from file system: jar:file:/C:/Users/stanm/.m2/repository/com/github/almasb/fxgl/11.14/fxgl-11.14.jar!/fxglassets/ui/cursors/fxgl_default.png
14:10:13.969 [JavaFX Application Thread] DEBUG Input                - Registered new binding: Screenshot - P
14:10:13.970 [JavaFX Application Thread] DEBUG Input                - Registered new binding: Dev Options - 1
14:10:13.970 [JavaFX Application Thread] DEBUG Input                - Registered new binding: Dev Console - 2
14:10:13.971 [JavaFX Application Thread] DEBUG Input                - Registered new binding: System info dump - CTRL+9
14:10:13.972 [JavaFX Application Thread] DEBUG Input                - Registered new binding: Restart - CTRL+R
14:10:13.972 [JavaFX Application Thread] DEBUG Input                - Registered new binding: Toggle Debug Camera - CTRL+C
14:10:13.975 [JavaFX Application Thread] DEBUG LoopRunner           - Starting loop
14:10:13.984 [FXGL Background Thread 4 ] DEBUG FXGLAssetLoaderServi - Loading from file system: jar:file:/C:/Users/stanm/.m2/repository/com/github/almasb/fxgl/11.14/fxgl-11.14.jar!/fxglassets/ui/fonts/Abel-Regular.ttf
14:10:13.989 [JavaFX Application Thread] DEBUG LoopRunner           - Initializing JavaFX AnimationTimerLoop
14:10:13.990 [JavaFX Application Thread] DEBUG GameApplicationServi - Starting new game
14:10:13.991 [JavaFX Application Thread] DEBUG Input                - Clearing active input actions
14:10:14.001 [FXGL Background Thread 4 ] DEBUG FXGLAssetLoaderServi - Loading from file system: jar:file:/C:/Users/stanm/.m2/repository/com/github/almasb/fxgl/11.14/fxgl-11.14.jar!/fxglassets/ui/fonts/lucida_console.ttf
14:10:14.001 [JavaFX Application Thread] DEBUG GameApplicationServi - Removing overlay from FXGLStartupScene and adding to FXGLLoadingScene
14:10:14.004 [JavaFX Application Thread] DEBUG PrimaryStageWindow   - FXGLStartupScene -> FXGLLoadingScene
14:10:14.004 [JavaFX Application Thread] DEBUG GameApplicationServi - Clearing previous game
14:10:14.005 [JavaFX Application Thread] DEBUG GameScene            - Clearing game scene
14:10:14.005 [JavaFX Application Thread] DEBUG GameWorld            - Clearing game world
14:10:14.005 [JavaFX Application Thread] DEBUG PhysicsWorld         - Clearing physics world
14:10:14.006 [FXGL Background Thread 1 ] DEBUG FXGLApplication      - Initializing game
14:10:14.013 [FXGL Background Thread 4 ] DEBUG FXGLAssetLoaderServi - Loading from file system: jar:file:/C:/Users/stanm/.m2/repository/com/github/almasb/fxgl/11.14/fxgl-11.14.jar!/fxglassets/ui/fonts/Courier-Prime.ttf
14:10:14.040 [FXGL Background Thread 1 ] WARN  TMXLevelLoader       - TiledMap generated from 1.0.1. Supported version: 1.2.3. Some features may not be parsed fully.
14:10:14.056 [FXGL Background Thread 1 ] DEBUG TMXLevelLoader       - Parsed raw map: TiledMap(width=15, height=13, tilewidth=64, tileheight=64, orientation=orthogonal, layers=[Layer(width=15, height=13, name=Tile Layer 1, type=tilelayer, visible=false, x=0, y=0, data=[1, 1, 1, 1, 1, 1, 1, 1, 1, 1, 1, 1, 1, 1, 1, 1, 7, 7, 7, 7, 7, 7, 7, 7, 7, 7, 7, 7, 7, 1, 1, 7, 4, 7, 4, 7, 4, 7, 4, 7, 4, 7, 4, 7, 1, 1, 7, 7, 7, 7, 7, 7, 7, 7, 7, 7, 7, 7, 7, 1, 1, 7, 4, 7, 4, 7, 4, 7, 4, 7, 4, 7, 4, 7, 1, 1, 7, 7, 7, 7, 7, 7, 7, 7, 7, 7, 7, 7, 7, 1, 1, 7, 4, 7, 4, 7, 4, 7, 4, 7, 4, 7, 4, 7, 1, 1, 7, 7, 7, 7, 7, 7, 7, 7, 7, 7, 7, 7, 7, 1, 1, 7, 4, 7, 4, 7, 4, 7, 4, 7, 4, 7, 4, 7, 1, 1, 7, 7, 7, 7, 7, 7, 7, 7, 7, 7, 7, 7, 7, 1, 1, 7, 4, 7, 4, 7, 4, 7, 4, 7, 4, 7, 4, 7, 1, 1, 7, 7, 7, 7, 7, 7, 7, 7, 7, 7, 7, 7, 7, 1, 1, 1, 1, 1, 1, 1, 1, 1, 1, 1, 1, 1, 1, 1, 1], objects=[], opacity=0.0, draworder=), Layer(width=0, height=0, name=Object Layer 1, type=objectgroup, visible=false, x=0, y=0, data=[], objects=[com.almasb.fxgl.entity.level.tiled.TiledObject@70fb9f0f, com.almasb.fxgl.entity.level.tiled.TiledObject@347afa51, com.almasb.fxgl.entity.level.tiled.TiledObject@349e0a35, com.almasb.fxgl.entity.level.tiled.TiledObject@60a49df7, com.almasb.fxgl.entity.level.tiled.TiledObject@4c0b750b, com.almasb.fxgl.entity.level.tiled.TiledObject@2f40b6a9, com.almasb.fxgl.entity.level.tiled.TiledObject@6bcbded6, com.almasb.fxgl.entity.level.tiled.TiledObject@2fc4bd7d, com.almasb.fxgl.entity.level.tiled.TiledObject@38f036a3, com.almasb.fxgl.entity.level.tiled.TiledObject@122f2aea, com.almasb.fxgl.entity.level.tiled.TiledObject@27276b17, com.almasb.fxgl.entity.level.tiled.TiledObject@2d0205db, com.almasb.fxgl.entity.level.tiled.TiledObject@147e7bf6, com.almasb.fxgl.entity.level.tiled.TiledObject@7fed6be9, com.almasb.fxgl.entity.level.tiled.TiledObject@630ec8d0, com.almasb.fxgl.entity.level.tiled.TiledObject@5e9f25b7, com.almasb.fxgl.entity.level.tiled.TiledObject@39594459, com.almasb.fxgl.entity.level.tiled.TiledObject@2dffd2b8, com.almasb.fxgl.entity.level.tiled.TiledObject@3822d79f, com.almasb.fxgl.entity.level.tiled.TiledObject@1f37efb1, com.almasb.fxgl.entity.level.tiled.TiledObject@6cbf1b82, com.almasb.fxgl.entity.level.tiled.TiledObject@3f067ebf, com.almasb.fxgl.entity.level.tiled.TiledObject@1136c8ef, com.almasb.fxgl.entity.level.tiled.TiledObject@31dcf71f, com.almasb.fxgl.entity.level.tiled.TiledObject@25ab99ad, com.almasb.fxgl.entity.level.tiled.TiledObject@2954e821, com.almasb.fxgl.entity.level.tiled.TiledObject@e022c54, com.almasb.fxgl.entity.level.tiled.TiledObject@58b04684, com.almasb.fxgl.entity.level.tiled.TiledObject@21afcace, com.almasb.fxgl.entity.level.tiled.TiledObject@2f342b3a, com.almasb.fxgl.entity.level.tiled.TiledObject@304bc204, com.almasb.fxgl.entity.level.tiled.TiledObject@6a9526ef, com.almasb.fxgl.entity.level.tiled.TiledObject@35b368c9, com.almasb.fxgl.entity.level.tiled.TiledObject@3b50e8be], opacity=0.0, draworder=)], tilesets=[Tileset(firstgid=1, image=spritesheet.png, name=spritesheet, tilewidth=64, tileheight=64, imagewidth=832, imageheight=64, margin=0, spacing=0, columns=13, tilecount=13, transparentcolor=, tiles=[])], backgroundcolor=, renderorder=right-down, nextobjectid=37, version=1, tiledversion=1.0.1, type=map, infinite=false, hexsidelength=0, staggeraxis=, staggerindex=, properties={}, propertytypes={})
14:10:14.057 [FXGL Background Thread 1 ] DEBUG TMXLevelLoader       - Creating tile layer entities
14:10:14.058 [FXGL Background Thread 1 ] DEBUG TilesetLoader        - Loading view for layer Tile Layer 1
14:10:14.059 [FXGL Background Thread 1 ] DEBUG TilesetLoader        - Created buffer with size 960.0x832.0
14:10:14.063 [FXGL Background Thread 1 ] DEBUG TilesetLoader        - Writing to buffer: dst=0,0, w=64,h=64, src=0,0
14:10:14.064 [FXGL Background Thread 1 ] DEBUG TilesetLoader        - Writing to buffer: dst=64,0, w=64,h=64, src=0,0
14:10:14.064 [FXGL Background Thread 1 ] DEBUG TilesetLoader        - Writing to buffer: dst=128,0, w=64,h=64, src=0,0
14:10:14.064 [FXGL Background Thread 1 ] DEBUG TilesetLoader        - Writing to buffer: dst=192,0, w=64,h=64, src=0,0
14:10:14.065 [FXGL Background Thread 1 ] DEBUG TilesetLoader        - Writing to buffer: dst=256,0, w=64,h=64, src=0,0
14:10:14.065 [FXGL Background Thread 1 ] DEBUG TilesetLoader        - Writing to buffer: dst=320,0, w=64,h=64, src=0,0
14:10:14.065 [FXGL Background Thread 1 ] DEBUG TilesetLoader        - Writing to buffer: dst=384,0, w=64,h=64, src=0,0
14:10:14.065 [FXGL Background Thread 1 ] DEBUG TilesetLoader        - Writing to buffer: dst=448,0, w=64,h=64, src=0,0
14:10:14.066 [FXGL Background Thread 1 ] DEBUG TilesetLoader        - Writing to buffer: dst=512,0, w=64,h=64, src=0,0
14:10:14.066 [FXGL Background Thread 1 ] DEBUG TilesetLoader        - Writing to buffer: dst=576,0, w=64,h=64, src=0,0
14:10:14.066 [FXGL Background Thread 1 ] DEBUG TilesetLoader        - Writing to buffer: dst=640,0, w=64,h=64, src=0,0
14:10:14.067 [FXGL Background Thread 1 ] DEBUG TilesetLoader        - Writing to buffer: dst=704,0, w=64,h=64, src=0,0
14:10:14.067 [FXGL Background Thread 1 ] DEBUG TilesetLoader        - Writing to buffer: dst=768,0, w=64,h=64, src=0,0
14:10:14.067 [FXGL Background Thread 1 ] DEBUG TilesetLoader        - Writing to buffer: dst=832,0, w=64,h=64, src=0,0
14:10:14.067 [FXGL Background Thread 1 ] DEBUG TilesetLoader        - Writing to buffer: dst=896,0, w=64,h=64, src=0,0
14:10:14.067 [FXGL Background Thread 1 ] DEBUG TilesetLoader        - Writing to buffer: dst=0,64, w=64,h=64, src=0,0
14:10:14.068 [FXGL Background Thread 1 ] DEBUG TilesetLoader        - Writing to buffer: dst=64,64, w=64,h=64, src=384,0
14:10:14.068 [FXGL Background Thread 1 ] DEBUG TilesetLoader        - Writing to buffer: dst=128,64, w=64,h=64, src=384,0
14:10:14.068 [FXGL Background Thread 1 ] DEBUG TilesetLoader        - Writing to buffer: dst=192,64, w=64,h=64, src=384,0
14:10:14.068 [FXGL Background Thread 1 ] DEBUG TilesetLoader        - Writing to buffer: dst=256,64, w=64,h=64, src=384,0
14:10:14.068 [FXGL Background Thread 1 ] DEBUG TilesetLoader        - Writing to buffer: dst=320,64, w=64,h=64, src=384,0
14:10:14.069 [FXGL Background Thread 1 ] DEBUG TilesetLoader        - Writing to buffer: dst=384,64, w=64,h=64, src=384,0
14:10:14.069 [FXGL Background Thread 1 ] DEBUG TilesetLoader        - Writing to buffer: dst=448,64, w=64,h=64, src=384,0
14:10:14.069 [FXGL Background Thread 1 ] DEBUG TilesetLoader        - Writing to buffer: dst=512,64, w=64,h=64, src=384,0
14:10:14.069 [FXGL Background Thread 1 ] DEBUG TilesetLoader        - Writing to buffer: dst=576,64, w=64,h=64, src=384,0
14:10:14.070 [FXGL Background Thread 1 ] DEBUG TilesetLoader        - Writing to buffer: dst=640,64, w=64,h=64, src=384,0
14:10:14.070 [FXGL Background Thread 1 ] DEBUG TilesetLoader        - Writing to buffer: dst=704,64, w=64,h=64, src=384,0
14:10:14.070 [FXGL Background Thread 1 ] DEBUG TilesetLoader        - Writing to buffer: dst=768,64, w=64,h=64, src=384,0
14:10:14.071 [FXGL Background Thread 1 ] DEBUG TilesetLoader        - Writing to buffer: dst=832,64, w=64,h=64, src=384,0
14:10:14.071 [FXGL Background Thread 1 ] DEBUG TilesetLoader        - Writing to buffer: dst=896,64, w=64,h=64, src=0,0
14:10:14.071 [FXGL Background Thread 1 ] DEBUG TilesetLoader        - Writing to buffer: dst=0,128, w=64,h=64, src=0,0
14:10:14.071 [FXGL Background Thread 1 ] DEBUG TilesetLoader        - Writing to buffer: dst=64,128, w=64,h=64, src=384,0
14:10:14.072 [FXGL Background Thread 1 ] DEBUG TilesetLoader        - Writing to buffer: dst=128,128, w=64,h=64, src=192,0
14:10:14.072 [FXGL Background Thread 1 ] DEBUG TilesetLoader        - Writing to buffer: dst=192,128, w=64,h=64, src=384,0
14:10:14.072 [FXGL Background Thread 1 ] DEBUG TilesetLoader        - Writing to buffer: dst=256,128, w=64,h=64, src=192,0
14:10:14.073 [FXGL Background Thread 1 ] DEBUG TilesetLoader        - Writing to buffer: dst=320,128, w=64,h=64, src=384,0
14:10:14.073 [FXGL Background Thread 1 ] DEBUG TilesetLoader        - Writing to buffer: dst=384,128, w=64,h=64, src=192,0
14:10:14.073 [FXGL Background Thread 1 ] DEBUG TilesetLoader        - Writing to buffer: dst=448,128, w=64,h=64, src=384,0
14:10:14.073 [FXGL Background Thread 1 ] DEBUG TilesetLoader        - Writing to buffer: dst=512,128, w=64,h=64, src=192,0
14:10:14.074 [FXGL Background Thread 1 ] DEBUG TilesetLoader        - Writing to buffer: dst=576,128, w=64,h=64, src=384,0
14:10:14.074 [FXGL Background Thread 1 ] DEBUG TilesetLoader        - Writing to buffer: dst=640,128, w=64,h=64, src=192,0
14:10:14.074 [FXGL Background Thread 1 ] DEBUG TilesetLoader        - Writing to buffer: dst=704,128, w=64,h=64, src=384,0
14:10:14.075 [FXGL Background Thread 1 ] DEBUG TilesetLoader        - Writing to buffer: dst=768,128, w=64,h=64, src=192,0
14:10:14.075 [FXGL Background Thread 1 ] DEBUG TilesetLoader        - Writing to buffer: dst=832,128, w=64,h=64, src=384,0
14:10:14.075 [FXGL Background Thread 1 ] DEBUG TilesetLoader        - Writing to buffer: dst=896,128, w=64,h=64, src=0,0
14:10:14.075 [FXGL Background Thread 1 ] DEBUG TilesetLoader        - Writing to buffer: dst=0,192, w=64,h=64, src=0,0
14:10:14.076 [FXGL Background Thread 1 ] DEBUG TilesetLoader        - Writing to buffer: dst=64,192, w=64,h=64, src=384,0
14:10:14.076 [FXGL Background Thread 1 ] DEBUG TilesetLoader        - Writing to buffer: dst=128,192, w=64,h=64, src=384,0
14:10:14.076 [FXGL Background Thread 1 ] DEBUG TilesetLoader        - Writing to buffer: dst=192,192, w=64,h=64, src=384,0
14:10:14.076 [FXGL Background Thread 1 ] DEBUG TilesetLoader        - Writing to buffer: dst=256,192, w=64,h=64, src=384,0
14:10:14.077 [FXGL Background Thread 1 ] DEBUG TilesetLoader        - Writing to buffer: dst=320,192, w=64,h=64, src=384,0
14:10:14.077 [FXGL Background Thread 1 ] DEBUG TilesetLoader        - Writing to buffer: dst=384,192, w=64,h=64, src=384,0
14:10:14.077 [FXGL Background Thread 1 ] DEBUG TilesetLoader        - Writing to buffer: dst=448,192, w=64,h=64, src=384,0
14:10:14.077 [FXGL Background Thread 1 ] DEBUG TilesetLoader        - Writing to buffer: dst=512,192, w=64,h=64, src=384,0
14:10:14.078 [FXGL Background Thread 1 ] DEBUG TilesetLoader        - Writing to buffer: dst=576,192, w=64,h=64, src=384,0
14:10:14.078 [FXGL Background Thread 1 ] DEBUG TilesetLoader        - Writing to buffer: dst=640,192, w=64,h=64, src=384,0
14:10:14.078 [FXGL Background Thread 1 ] DEBUG TilesetLoader        - Writing to buffer: dst=704,192, w=64,h=64, src=384,0
14:10:14.079 [FXGL Background Thread 1 ] DEBUG TilesetLoader        - Writing to buffer: dst=768,192, w=64,h=64, src=384,0
14:10:14.079 [FXGL Background Thread 1 ] DEBUG TilesetLoader        - Writing to buffer: dst=832,192, w=64,h=64, src=384,0
14:10:14.079 [FXGL Background Thread 1 ] DEBUG TilesetLoader        - Writing to buffer: dst=896,192, w=64,h=64, src=0,0
14:10:14.080 [FXGL Background Thread 1 ] DEBUG TilesetLoader        - Writing to buffer: dst=0,256, w=64,h=64, src=0,0
14:10:14.080 [FXGL Background Thread 1 ] DEBUG TilesetLoader        - Writing to buffer: dst=64,256, w=64,h=64, src=384,0
14:10:14.080 [FXGL Background Thread 1 ] DEBUG TilesetLoader        - Writing to buffer: dst=128,256, w=64,h=64, src=192,0
14:10:14.080 [FXGL Background Thread 1 ] DEBUG TilesetLoader        - Writing to buffer: dst=192,256, w=64,h=64, src=384,0
14:10:14.080 [FXGL Background Thread 1 ] DEBUG TilesetLoader        - Writing to buffer: dst=256,256, w=64,h=64, src=192,0
14:10:14.080 [FXGL Background Thread 1 ] DEBUG TilesetLoader        - Writing to buffer: dst=320,256, w=64,h=64, src=384,0
14:10:14.081 [FXGL Background Thread 1 ] DEBUG TilesetLoader        - Writing to buffer: dst=384,256, w=64,h=64, src=192,0
14:10:14.081 [FXGL Background Thread 1 ] DEBUG TilesetLoader        - Writing to buffer: dst=448,256, w=64,h=64, src=384,0
14:10:14.081 [FXGL Background Thread 1 ] DEBUG TilesetLoader        - Writing to buffer: dst=512,256, w=64,h=64, src=192,0
14:10:14.081 [FXGL Background Thread 1 ] DEBUG TilesetLoader        - Writing to buffer: dst=576,256, w=64,h=64, src=384,0
14:10:14.081 [FXGL Background Thread 1 ] DEBUG TilesetLoader        - Writing to buffer: dst=640,256, w=64,h=64, src=192,0
14:10:14.081 [FXGL Background Thread 1 ] DEBUG TilesetLoader        - Writing to buffer: dst=704,256, w=64,h=64, src=384,0
14:10:14.082 [FXGL Background Thread 1 ] DEBUG TilesetLoader        - Writing to buffer: dst=768,256, w=64,h=64, src=192,0
14:10:14.082 [FXGL Background Thread 1 ] DEBUG TilesetLoader        - Writing to buffer: dst=832,256, w=64,h=64, src=384,0
14:10:14.082 [FXGL Background Thread 1 ] DEBUG TilesetLoader        - Writing to buffer: dst=896,256, w=64,h=64, src=0,0
14:10:14.082 [FXGL Background Thread 1 ] DEBUG TilesetLoader        - Writing to buffer: dst=0,320, w=64,h=64, src=0,0
14:10:14.083 [FXGL Background Thread 1 ] DEBUG TilesetLoader        - Writing to buffer: dst=64,320, w=64,h=64, src=384,0
14:10:14.083 [FXGL Background Thread 1 ] DEBUG TilesetLoader        - Writing to buffer: dst=128,320, w=64,h=64, src=384,0
14:10:14.083 [FXGL Background Thread 1 ] DEBUG TilesetLoader        - Writing to buffer: dst=192,320, w=64,h=64, src=384,0
14:10:14.083 [FXGL Background Thread 1 ] DEBUG TilesetLoader        - Writing to buffer: dst=256,320, w=64,h=64, src=384,0
14:10:14.084 [FXGL Background Thread 1 ] DEBUG TilesetLoader        - Writing to buffer: dst=320,320, w=64,h=64, src=384,0
14:10:14.084 [FXGL Background Thread 1 ] DEBUG TilesetLoader        - Writing to buffer: dst=384,320, w=64,h=64, src=384,0
14:10:14.084 [FXGL Background Thread 1 ] DEBUG TilesetLoader        - Writing to buffer: dst=448,320, w=64,h=64, src=384,0
14:10:14.084 [FXGL Background Thread 1 ] DEBUG TilesetLoader        - Writing to buffer: dst=512,320, w=64,h=64, src=384,0
14:10:14.085 [FXGL Background Thread 1 ] DEBUG TilesetLoader        - Writing to buffer: dst=576,320, w=64,h=64, src=384,0
14:10:14.085 [FXGL Background Thread 1 ] DEBUG TilesetLoader        - Writing to buffer: dst=640,320, w=64,h=64, src=384,0
14:10:14.085 [FXGL Background Thread 1 ] DEBUG TilesetLoader        - Writing to buffer: dst=704,320, w=64,h=64, src=384,0
14:10:14.085 [FXGL Background Thread 1 ] DEBUG TilesetLoader        - Writing to buffer: dst=768,320, w=64,h=64, src=384,0
14:10:14.086 [FXGL Background Thread 1 ] DEBUG TilesetLoader        - Writing to buffer: dst=832,320, w=64,h=64, src=384,0
14:10:14.086 [FXGL Background Thread 1 ] DEBUG TilesetLoader        - Writing to buffer: dst=896,320, w=64,h=64, src=0,0
14:10:14.086 [FXGL Background Thread 1 ] DEBUG TilesetLoader        - Writing to buffer: dst=0,384, w=64,h=64, src=0,0
14:10:14.086 [FXGL Background Thread 1 ] DEBUG TilesetLoader        - Writing to buffer: dst=64,384, w=64,h=64, src=384,0
14:10:14.087 [FXGL Background Thread 1 ] DEBUG TilesetLoader        - Writing to buffer: dst=128,384, w=64,h=64, src=192,0
14:10:14.087 [FXGL Background Thread 1 ] DEBUG TilesetLoader        - Writing to buffer: dst=192,384, w=64,h=64, src=384,0
14:10:14.087 [FXGL Background Thread 1 ] DEBUG TilesetLoader        - Writing to buffer: dst=256,384, w=64,h=64, src=192,0
14:10:14.087 [FXGL Background Thread 1 ] DEBUG TilesetLoader        - Writing to buffer: dst=320,384, w=64,h=64, src=384,0
14:10:14.088 [FXGL Background Thread 1 ] DEBUG TilesetLoader        - Writing to buffer: dst=384,384, w=64,h=64, src=192,0
14:10:14.088 [FXGL Background Thread 1 ] DEBUG TilesetLoader        - Writing to buffer: dst=448,384, w=64,h=64, src=384,0
14:10:14.088 [FXGL Background Thread 1 ] DEBUG TilesetLoader        - Writing to buffer: dst=512,384, w=64,h=64, src=192,0
14:10:14.088 [FXGL Background Thread 1 ] DEBUG TilesetLoader        - Writing to buffer: dst=576,384, w=64,h=64, src=384,0
14:10:14.089 [FXGL Background Thread 1 ] DEBUG TilesetLoader        - Writing to buffer: dst=640,384, w=64,h=64, src=192,0
14:10:14.089 [FXGL Background Thread 1 ] DEBUG TilesetLoader        - Writing to buffer: dst=704,384, w=64,h=64, src=384,0
14:10:14.089 [FXGL Background Thread 1 ] DEBUG TilesetLoader        - Writing to buffer: dst=768,384, w=64,h=64, src=192,0
14:10:14.089 [FXGL Background Thread 1 ] DEBUG TilesetLoader        - Writing to buffer: dst=832,384, w=64,h=64, src=384,0
14:10:14.090 [FXGL Background Thread 1 ] DEBUG TilesetLoader        - Writing to buffer: dst=896,384, w=64,h=64, src=0,0
14:10:14.090 [FXGL Background Thread 1 ] DEBUG TilesetLoader        - Writing to buffer: dst=0,448, w=64,h=64, src=0,0
14:10:14.090 [FXGL Background Thread 1 ] DEBUG TilesetLoader        - Writing to buffer: dst=64,448, w=64,h=64, src=384,0
14:10:14.090 [FXGL Background Thread 1 ] DEBUG TilesetLoader        - Writing to buffer: dst=128,448, w=64,h=64, src=384,0
14:10:14.090 [FXGL Background Thread 1 ] DEBUG TilesetLoader        - Writing to buffer: dst=192,448, w=64,h=64, src=384,0
14:10:14.091 [FXGL Background Thread 1 ] DEBUG TilesetLoader        - Writing to buffer: dst=256,448, w=64,h=64, src=384,0
14:10:14.091 [FXGL Background Thread 1 ] DEBUG TilesetLoader        - Writing to buffer: dst=320,448, w=64,h=64, src=384,0
14:10:14.091 [FXGL Background Thread 1 ] DEBUG TilesetLoader        - Writing to buffer: dst=384,448, w=64,h=64, src=384,0
14:10:14.092 [FXGL Background Thread 1 ] DEBUG TilesetLoader        - Writing to buffer: dst=448,448, w=64,h=64, src=384,0
14:10:14.092 [FXGL Background Thread 1 ] DEBUG TilesetLoader        - Writing to buffer: dst=512,448, w=64,h=64, src=384,0
14:10:14.092 [FXGL Background Thread 1 ] DEBUG TilesetLoader        - Writing to buffer: dst=576,448, w=64,h=64, src=384,0
14:10:14.092 [FXGL Background Thread 1 ] DEBUG TilesetLoader        - Writing to buffer: dst=640,448, w=64,h=64, src=384,0
14:10:14.092 [FXGL Background Thread 1 ] DEBUG TilesetLoader        - Writing to buffer: dst=704,448, w=64,h=64, src=384,0
14:10:14.093 [FXGL Background Thread 1 ] DEBUG TilesetLoader        - Writing to buffer: dst=768,448, w=64,h=64, src=384,0
14:10:14.093 [FXGL Background Thread 1 ] DEBUG TilesetLoader        - Writing to buffer: dst=832,448, w=64,h=64, src=384,0
14:10:14.093 [FXGL Background Thread 1 ] DEBUG TilesetLoader        - Writing to buffer: dst=896,448, w=64,h=64, src=0,0
14:10:14.093 [FXGL Background Thread 1 ] DEBUG TilesetLoader        - Writing to buffer: dst=0,512, w=64,h=64, src=0,0
14:10:14.094 [FXGL Background Thread 1 ] DEBUG TilesetLoader        - Writing to buffer: dst=64,512, w=64,h=64, src=384,0
14:10:14.094 [FXGL Background Thread 1 ] DEBUG TilesetLoader        - Writing to buffer: dst=128,512, w=64,h=64, src=192,0
14:10:14.094 [FXGL Background Thread 1 ] DEBUG TilesetLoader        - Writing to buffer: dst=192,512, w=64,h=64, src=384,0
14:10:14.094 [FXGL Background Thread 1 ] DEBUG TilesetLoader        - Writing to buffer: dst=256,512, w=64,h=64, src=192,0
14:10:14.095 [FXGL Background Thread 1 ] DEBUG TilesetLoader        - Writing to buffer: dst=320,512, w=64,h=64, src=384,0
14:10:14.095 [FXGL Background Thread 1 ] DEBUG TilesetLoader        - Writing to buffer: dst=384,512, w=64,h=64, src=192,0
14:10:14.095 [FXGL Background Thread 1 ] DEBUG TilesetLoader        - Writing to buffer: dst=448,512, w=64,h=64, src=384,0
14:10:14.095 [FXGL Background Thread 1 ] DEBUG TilesetLoader        - Writing to buffer: dst=512,512, w=64,h=64, src=192,0
14:10:14.095 [FXGL Background Thread 1 ] DEBUG TilesetLoader        - Writing to buffer: dst=576,512, w=64,h=64, src=384,0
14:10:14.096 [FXGL Background Thread 1 ] DEBUG TilesetLoader        - Writing to buffer: dst=640,512, w=64,h=64, src=192,0
14:10:14.096 [FXGL Background Thread 1 ] DEBUG TilesetLoader        - Writing to buffer: dst=704,512, w=64,h=64, src=384,0
14:10:14.096 [FXGL Background Thread 1 ] DEBUG TilesetLoader        - Writing to buffer: dst=768,512, w=64,h=64, src=192,0
14:10:14.096 [FXGL Background Thread 1 ] DEBUG TilesetLoader        - Writing to buffer: dst=832,512, w=64,h=64, src=384,0
14:10:14.097 [FXGL Background Thread 1 ] DEBUG TilesetLoader        - Writing to buffer: dst=896,512, w=64,h=64, src=0,0
14:10:14.097 [FXGL Background Thread 1 ] DEBUG TilesetLoader        - Writing to buffer: dst=0,576, w=64,h=64, src=0,0
14:10:14.097 [FXGL Background Thread 1 ] DEBUG TilesetLoader        - Writing to buffer: dst=64,576, w=64,h=64, src=384,0
14:10:14.097 [FXGL Background Thread 1 ] DEBUG TilesetLoader        - Writing to buffer: dst=128,576, w=64,h=64, src=384,0
14:10:14.098 [FXGL Background Thread 1 ] DEBUG TilesetLoader        - Writing to buffer: dst=192,576, w=64,h=64, src=384,0
14:10:14.098 [FXGL Background Thread 1 ] DEBUG TilesetLoader        - Writing to buffer: dst=256,576, w=64,h=64, src=384,0
14:10:14.098 [FXGL Background Thread 1 ] DEBUG TilesetLoader        - Writing to buffer: dst=320,576, w=64,h=64, src=384,0
14:10:14.098 [FXGL Background Thread 1 ] DEBUG TilesetLoader        - Writing to buffer: dst=384,576, w=64,h=64, src=384,0
14:10:14.099 [FXGL Background Thread 1 ] DEBUG TilesetLoader        - Writing to buffer: dst=448,576, w=64,h=64, src=384,0
14:10:14.099 [FXGL Background Thread 1 ] DEBUG TilesetLoader        - Writing to buffer: dst=512,576, w=64,h=64, src=384,0
14:10:14.099 [FXGL Background Thread 1 ] DEBUG TilesetLoader        - Writing to buffer: dst=576,576, w=64,h=64, src=384,0
14:10:14.099 [FXGL Background Thread 1 ] DEBUG TilesetLoader        - Writing to buffer: dst=640,576, w=64,h=64, src=384,0
14:10:14.099 [FXGL Background Thread 1 ] DEBUG TilesetLoader        - Writing to buffer: dst=704,576, w=64,h=64, src=384,0
14:10:14.099 [FXGL Background Thread 1 ] DEBUG TilesetLoader        - Writing to buffer: dst=768,576, w=64,h=64, src=384,0
14:10:14.099 [FXGL Background Thread 1 ] DEBUG TilesetLoader        - Writing to buffer: dst=832,576, w=64,h=64, src=384,0
14:10:14.100 [FXGL Background Thread 1 ] DEBUG TilesetLoader        - Writing to buffer: dst=896,576, w=64,h=64, src=0,0
14:10:14.100 [FXGL Background Thread 1 ] DEBUG TilesetLoader        - Writing to buffer: dst=0,640, w=64,h=64, src=0,0
14:10:14.100 [FXGL Background Thread 1 ] DEBUG TilesetLoader        - Writing to buffer: dst=64,640, w=64,h=64, src=384,0
14:10:14.100 [FXGL Background Thread 1 ] DEBUG TilesetLoader        - Writing to buffer: dst=128,640, w=64,h=64, src=192,0
14:10:14.100 [FXGL Background Thread 1 ] DEBUG TilesetLoader        - Writing to buffer: dst=192,640, w=64,h=64, src=384,0
14:10:14.100 [FXGL Background Thread 1 ] DEBUG TilesetLoader        - Writing to buffer: dst=256,640, w=64,h=64, src=192,0
14:10:14.101 [FXGL Background Thread 1 ] DEBUG TilesetLoader        - Writing to buffer: dst=320,640, w=64,h=64, src=384,0
14:10:14.101 [FXGL Background Thread 1 ] DEBUG TilesetLoader        - Writing to buffer: dst=384,640, w=64,h=64, src=192,0
14:10:14.101 [FXGL Background Thread 1 ] DEBUG TilesetLoader        - Writing to buffer: dst=448,640, w=64,h=64, src=384,0
14:10:14.101 [FXGL Background Thread 1 ] DEBUG TilesetLoader        - Writing to buffer: dst=512,640, w=64,h=64, src=192,0
14:10:14.101 [FXGL Background Thread 1 ] DEBUG TilesetLoader        - Writing to buffer: dst=576,640, w=64,h=64, src=384,0
14:10:14.101 [FXGL Background Thread 1 ] DEBUG TilesetLoader        - Writing to buffer: dst=640,640, w=64,h=64, src=192,0
14:10:14.101 [FXGL Background Thread 1 ] DEBUG TilesetLoader        - Writing to buffer: dst=704,640, w=64,h=64, src=384,0
14:10:14.102 [FXGL Background Thread 1 ] DEBUG TilesetLoader        - Writing to buffer: dst=768,640, w=64,h=64, src=192,0
14:10:14.102 [FXGL Background Thread 1 ] DEBUG TilesetLoader        - Writing to buffer: dst=832,640, w=64,h=64, src=384,0
14:10:14.102 [FXGL Background Thread 1 ] DEBUG TilesetLoader        - Writing to buffer: dst=896,640, w=64,h=64, src=0,0
14:10:14.102 [FXGL Background Thread 1 ] DEBUG TilesetLoader        - Writing to buffer: dst=0,704, w=64,h=64, src=0,0
14:10:14.103 [FXGL Background Thread 1 ] DEBUG TilesetLoader        - Writing to buffer: dst=64,704, w=64,h=64, src=384,0
14:10:14.103 [FXGL Background Thread 1 ] DEBUG TilesetLoader        - Writing to buffer: dst=128,704, w=64,h=64, src=384,0
14:10:14.103 [FXGL Background Thread 1 ] DEBUG TilesetLoader        - Writing to buffer: dst=192,704, w=64,h=64, src=384,0
14:10:14.103 [FXGL Background Thread 1 ] DEBUG TilesetLoader        - Writing to buffer: dst=256,704, w=64,h=64, src=384,0
14:10:14.103 [FXGL Background Thread 1 ] DEBUG TilesetLoader        - Writing to buffer: dst=320,704, w=64,h=64, src=384,0
14:10:14.103 [FXGL Background Thread 1 ] DEBUG TilesetLoader        - Writing to buffer: dst=384,704, w=64,h=64, src=384,0
14:10:14.104 [FXGL Background Thread 1 ] DEBUG TilesetLoader        - Writing to buffer: dst=448,704, w=64,h=64, src=384,0
14:10:14.104 [FXGL Background Thread 1 ] DEBUG TilesetLoader        - Writing to buffer: dst=512,704, w=64,h=64, src=384,0
14:10:14.104 [FXGL Background Thread 1 ] DEBUG TilesetLoader        - Writing to buffer: dst=576,704, w=64,h=64, src=384,0
14:10:14.104 [FXGL Background Thread 1 ] DEBUG TilesetLoader        - Writing to buffer: dst=640,704, w=64,h=64, src=384,0
14:10:14.104 [FXGL Background Thread 1 ] DEBUG TilesetLoader        - Writing to buffer: dst=704,704, w=64,h=64, src=384,0
14:10:14.104 [FXGL Background Thread 1 ] DEBUG TilesetLoader        - Writing to buffer: dst=768,704, w=64,h=64, src=384,0
14:10:14.105 [FXGL Background Thread 1 ] DEBUG TilesetLoader        - Writing to buffer: dst=832,704, w=64,h=64, src=384,0
14:10:14.105 [FXGL Background Thread 1 ] DEBUG TilesetLoader        - Writing to buffer: dst=896,704, w=64,h=64, src=0,0
14:10:14.105 [FXGL Background Thread 1 ] DEBUG TilesetLoader        - Writing to buffer: dst=0,768, w=64,h=64, src=0,0
14:10:14.105 [FXGL Background Thread 1 ] DEBUG TilesetLoader        - Writing to buffer: dst=64,768, w=64,h=64, src=0,0
14:10:14.106 [FXGL Background Thread 1 ] DEBUG TilesetLoader        - Writing to buffer: dst=128,768, w=64,h=64, src=0,0
14:10:14.106 [FXGL Background Thread 1 ] DEBUG TilesetLoader        - Writing to buffer: dst=192,768, w=64,h=64, src=0,0
14:10:14.106 [FXGL Background Thread 1 ] DEBUG TilesetLoader        - Writing to buffer: dst=256,768, w=64,h=64, src=0,0
14:10:14.106 [FXGL Background Thread 1 ] DEBUG TilesetLoader        - Writing to buffer: dst=320,768, w=64,h=64, src=0,0
14:10:14.106 [FXGL Background Thread 1 ] DEBUG TilesetLoader        - Writing to buffer: dst=384,768, w=64,h=64, src=0,0
14:10:14.106 [FXGL Background Thread 1 ] DEBUG TilesetLoader        - Writing to buffer: dst=448,768, w=64,h=64, src=0,0
14:10:14.107 [FXGL Background Thread 1 ] DEBUG TilesetLoader        - Writing to buffer: dst=512,768, w=64,h=64, src=0,0
14:10:14.107 [FXGL Background Thread 1 ] DEBUG TilesetLoader        - Writing to buffer: dst=576,768, w=64,h=64, src=0,0
14:10:14.107 [FXGL Background Thread 1 ] DEBUG TilesetLoader        - Writing to buffer: dst=640,768, w=64,h=64, src=0,0
14:10:14.107 [FXGL Background Thread 1 ] DEBUG TilesetLoader        - Writing to buffer: dst=704,768, w=64,h=64, src=0,0
14:10:14.107 [FXGL Background Thread 1 ] DEBUG TilesetLoader        - Writing to buffer: dst=768,768, w=64,h=64, src=0,0
14:10:14.108 [FXGL Background Thread 1 ] DEBUG TilesetLoader        - Writing to buffer: dst=832,768, w=64,h=64, src=0,0
14:10:14.108 [FXGL Background Thread 1 ] DEBUG TilesetLoader        - Writing to buffer: dst=896,768, w=64,h=64, src=0,0
14:10:14.108 [FXGL Background Thread 1 ] DEBUG TMXLevelLoader       - Creating object layer entities
14:10:14.135 [FXGL Background Thread 1 ] DEBUG GameWorld            - Clearing removable entities
14:10:14.136 [FXGL Background Thread 1 ] DEBUG GameWorld            - Setting level: com.almasb.fxgl.entity.level.Level@7f945f02
14:10:14.148 [FXGL Background Thread 1 ] DEBUG FXGLAssetLoaderServi - Loading from file system: file:/C:/Users/stanm/Documents/SE-Challengeweek/target/classes/assets/textures/player_1_move_down.png
14:10:14.154 [FXGL Background Thread 1 ] INFO  FXGLApplication      - Game initialization took: 0,148 sec
14:10:14.205 [JavaFX Application Thread] DEBUG FXGLApplication      - Registering font factories with UI factory
14:10:14.257 [FXGL Background Thread 2 ] INFO  UpdaterService       - Your current version:  11.14
14:10:14.257 [FXGL Background Thread 2 ] INFO  UpdaterService       - Latest stable version: 17.1
14:10:14.357 [JavaFX Application Thread] DEBUG Input                - Clearing active input actions
14:10:14.365 [JavaFX Application Thread] DEBUG GameApplicationServi - Removing overlay from FXGLLoadingScene and adding to GameScene
14:10:14.368 [JavaFX Application Thread] DEBUG PrimaryStageWindow   - FXGLLoadingScene -> GameScene
14:10:14.372 [JavaFX Application Thread] DEBUG FXGLAssetLoaderServi - Loading from file system: file:/C:/Users/stanm/Documents/SE-Challengeweek/target/classes/assets/textures/player_1_idle_down.png
14:10:16.924 [FXGL Background Thread 3 ] DEBUG Engine               - Logging environment variables
14:10:16.924 [FXGL Background Thread 3 ] DEBUG Engine               - achievements: []
14:10:16.924 [FXGL Background Thread 3 ] DEBUG Engine               - actualHeight: 700.0
14:10:16.924 [FXGL Background Thread 3 ] DEBUG Engine               - actualHeightProperty: ReadOnlyDoubleProperty [value: 700.0]
14:10:16.925 [FXGL Background Thread 3 ] DEBUG Engine               - actualWidth: 1050.0
14:10:16.925 [FXGL Background Thread 3 ] DEBUG Engine               - actualWidthProperty: ReadOnlyDoubleProperty [value: 1050.0]
14:10:16.925 [FXGL Background Thread 3 ] DEBUG Engine               - appIcon: fxgl_icon.png
14:10:16.925 [FXGL Background Thread 3 ] DEBUG Engine               - applicationMode: DEVELOPER
14:10:16.925 [FXGL Background Thread 3 ] DEBUG Engine               - cSSList: [fxgl_dark.css]
14:10:16.925 [FXGL Background Thread 3 ] DEBUG Engine               - collisionDetectionStrategy: BRUTE_FORCE
14:10:16.925 [FXGL Background Thread 3 ] DEBUG Engine               - configClass: Optional.empty
14:10:16.925 [FXGL Background Thread 3 ] DEBUG Engine               - credits: []
14:10:16.926 [FXGL Background Thread 3 ] DEBUG Engine               - devBBoxColorProperty: ObjectProperty [value: 0xff0000ff]
14:10:16.926 [FXGL Background Thread 3 ] DEBUG Engine               - devEnableDebugCameraProperty: BooleanProperty [value: false]
14:10:16.931 [FXGL Background Thread 3 ] DEBUG Engine               - devSensorColorProperty: ObjectProperty [value: 0xffff00ff]
14:10:16.931 [FXGL Background Thread 3 ] DEBUG Engine               - devShowBBoxProperty: BooleanProperty [value: false]
14:10:16.931 [FXGL Background Thread 3 ] DEBUG Engine               - devShowPositionProperty: BooleanProperty [value: false]
14:10:16.931 [FXGL Background Thread 3 ] DEBUG Engine               - enabledMenuItems: []
14:10:16.931 [FXGL Background Thread 3 ] DEBUG Engine               - engineServices: [class com.almasb.fxgl.app.services.FXGLAssetLoaderService, class com.almasb.fxgl.app.FXGLApplication$GameApplicationService, class com.almasb.fxgl.app.services.FXGLDialogService, class com.almasb.fxgl.app.services.IOTaskExecutorService, class com.almasb.fxgl.event.EventBusService, class com.almasb.fxgl.io.FileSystemService, class com.almasb.fxgl.localization.LocalizationService, class com.almasb.fxgl.app.services.SystemBundleService, class com.almasb.fxgl.profile.SaveLoadService, class com.almasb.fxgl.ui.FXGLUIFactoryServiceProvider, class com.almasb.fxgl.ui.FXGLDialogFactoryServiceProvider, class com.almasb.fxgl.audio.AudioPlayer, class com.almasb.fxgl.notification.impl.NotificationServiceProvider, class com.almasb.fxgl.achievement.AchievementService, class com.almasb.fxgl.cutscene.CutsceneService, class com.almasb.fxgl.minigames.MiniGameService, class com.almasb.fxgl.net.NetService, class com.almasb.fxgl.app.services.UpdaterService, class com.almasb.fxgl.dev.DevService]
14:10:16.931 [FXGL Background Thread 3 ] DEBUG Engine               - fontGame: Abel-Regular.ttf
14:10:16.932 [FXGL Background Thread 3 ] DEBUG Engine               - fontMono: lucida_console.ttf
14:10:16.932 [FXGL Background Thread 3 ] DEBUG Engine               - fontText: Courier-Prime.ttf
14:10:16.932 [FXGL Background Thread 3 ] DEBUG Engine               - fontUI: VarelaRound-Regular.ttf
14:10:16.932 [FXGL Background Thread 3 ] DEBUG Engine               - fullScreen: BooleanProperty [value: false]
14:10:16.932 [FXGL Background Thread 3 ] DEBUG Engine               - gameDifficulty: MEDIUM
14:10:16.932 [FXGL Background Thread 3 ] DEBUG Engine               - gameDifficultyProperty: ObjectProperty [value: MEDIUM]
14:10:16.932 [FXGL Background Thread 3 ] DEBUG Engine               - globalMusicVolume: 0.5
14:10:16.933 [FXGL Background Thread 3 ] DEBUG Engine               - globalMusicVolumeProperty: DoubleProperty [value: 0.5]
14:10:16.933 [FXGL Background Thread 3 ] DEBUG Engine               - globalSoundVolume: 0.5
14:10:16.933 [FXGL Background Thread 3 ] DEBUG Engine               - globalSoundVolumeProperty: DoubleProperty [value: 0.5]
14:10:16.933 [FXGL Background Thread 3 ] DEBUG Engine               - height: 700
14:10:16.934 [FXGL Background Thread 3 ] DEBUG Engine               - isAndroid: false
14:10:16.934 [FXGL Background Thread 3 ] DEBUG Engine               - isBrowser: false
14:10:16.934 [FXGL Background Thread 3 ] DEBUG Engine               - isClickFeedbackEnabled: false
14:10:16.934 [FXGL Background Thread 3 ] DEBUG Engine               - isCloseConfirmation: false
14:10:16.934 [FXGL Background Thread 3 ] DEBUG Engine               - isDesktop: true
14:10:16.934 [FXGL Background Thread 3 ] DEBUG Engine               - isDeveloperMenuEnabled: true
14:10:16.935 [FXGL Background Thread 3 ] DEBUG Engine               - isEntityPreloadEnabled: true
14:10:16.935 [FXGL Background Thread 3 ] DEBUG Engine               - isExperimental3D: false
14:10:16.935 [FXGL Background Thread 3 ] DEBUG Engine               - isExperimentalNative: false
14:10:16.935 [FXGL Background Thread 3 ] DEBUG Engine               - isExperimentalTiledLargeMap: false
14:10:16.935 [FXGL Background Thread 3 ] DEBUG Engine               - isFileSystemWriteAllowed: true
14:10:16.935 [FXGL Background Thread 3 ] DEBUG Engine               - isFullScreenAllowed: false
14:10:16.936 [FXGL Background Thread 3 ] DEBUG Engine               - isFullScreenFromStart: false
14:10:16.936 [FXGL Background Thread 3 ] DEBUG Engine               - isGameMenuEnabled: true
14:10:16.936 [FXGL Background Thread 3 ] DEBUG Engine               - isIOS: false
14:10:16.936 [FXGL Background Thread 3 ] DEBUG Engine               - isIntroEnabled: false
14:10:16.936 [FXGL Background Thread 3 ] DEBUG Engine               - isLinux: false
14:10:16.936 [FXGL Background Thread 3 ] DEBUG Engine               - isMac: false
14:10:16.936 [FXGL Background Thread 3 ] DEBUG Engine               - isMainMenuEnabled: false
14:10:16.936 [FXGL Background Thread 3 ] DEBUG Engine               - isManualResizeEnabled: false
14:10:16.937 [FXGL Background Thread 3 ] DEBUG Engine               - isMobile: false
14:10:16.937 [FXGL Background Thread 3 ] DEBUG Engine               - isPreserveResizeRatio: false
14:10:16.937 [FXGL Background Thread 3 ] DEBUG Engine               - isProfilingEnabled: false
14:10:16.937 [FXGL Background Thread 3 ] DEBUG Engine               - isScaleAffectedOnResize: true
14:10:16.937 [FXGL Background Thread 3 ] DEBUG Engine               - isSingleStep: false
14:10:16.937 [FXGL Background Thread 3 ] DEBUG Engine               - isUserProfileEnabled: false
14:10:16.937 [FXGL Background Thread 3 ] DEBUG Engine               - isWindows: true
14:10:16.937 [FXGL Background Thread 3 ] DEBUG Engine               - language: ObjectProperty [value: ENGLISH]
14:10:16.937 [FXGL Background Thread 3 ] DEBUG Engine               - menuKey: ESCAPE
14:10:16.938 [FXGL Background Thread 3 ] DEBUG Engine               - notificationViewClass: class com.almasb.fxgl.notification.view.XboxNotificationView
14:10:16.938 [FXGL Background Thread 3 ] DEBUG Engine               - pixelsPerMeter: 50.0
14:10:16.938 [FXGL Background Thread 3 ] DEBUG Engine               - platform: WINDOWS
14:10:16.938 [FXGL Background Thread 3 ] DEBUG Engine               - prefHeightProperty: ReadOnlyDoubleProperty [value: 700.0]
14:10:16.938 [FXGL Background Thread 3 ] DEBUG Engine               - prefWidthProperty: ReadOnlyDoubleProperty [value: 1050.0]
14:10:16.938 [FXGL Background Thread 3 ] DEBUG Engine               - profileDir: profiles/
14:10:16.938 [FXGL Background Thread 3 ] DEBUG Engine               - profileName: StringProperty [value: DEFAULT]
14:10:16.939 [FXGL Background Thread 3 ] DEBUG Engine               - randomSeed: -1
14:10:16.939 [FXGL Background Thread 3 ] DEBUG Engine               - runtimeInfo: RuntimeInfo(platform=WINDOWS, version=11.14, build=01.03.2021 16.59)
14:10:16.939 [FXGL Background Thread 3 ] DEBUG Engine               - saveFileExt: sav
14:10:16.939 [FXGL Background Thread 3 ] DEBUG Engine               - scaledHeightProp$fxgl: DoubleProperty [bound, value: 700.0]
14:10:16.939 [FXGL Background Thread 3 ] DEBUG Engine               - scaledWidthProp$fxgl: DoubleProperty [bound, value: 1050.0]
14:10:16.939 [FXGL Background Thread 3 ] DEBUG Engine               - sceneFactory: com.almasb.fxgl.app.scene.SceneFactory@19b42752
14:10:16.939 [FXGL Background Thread 3 ] DEBUG Engine               - secondsIn24h: 60
14:10:16.939 [FXGL Background Thread 3 ] DEBUG Engine               - soundMenuBack: menu/back.wav
14:10:16.939 [FXGL Background Thread 3 ] DEBUG Engine               - soundMenuPress: menu/press.wav
14:10:16.940 [FXGL Background Thread 3 ] DEBUG Engine               - soundMenuSelect: menu/select.wav
14:10:16.940 [FXGL Background Thread 3 ] DEBUG Engine               - soundNotification: core/notification.wav
14:10:16.940 [FXGL Background Thread 3 ] DEBUG Engine               - stageStyle: DECORATED
14:10:16.940 [FXGL Background Thread 3 ] DEBUG Engine               - supportedLanguages: [ENGLISH, FRENCH, GERMAN, HUNGARIAN, RUSSIAN]
14:10:16.940 [FXGL Background Thread 3 ] DEBUG Engine               - ticksPerSecond: -1
14:10:16.940 [FXGL Background Thread 3 ] DEBUG Engine               - title: Untitled
14:10:16.941 [FXGL Background Thread 3 ] DEBUG Engine               - urlGithub: https://github.com/AlmasB/FXGL
14:10:16.941 [FXGL Background Thread 3 ] DEBUG Engine               - urlLeaderboard: http://fxgl-top.herokuapp.com/
14:10:16.941 [FXGL Background Thread 3 ] DEBUG Engine               - urlPOM: https://raw.githubusercontent.com/AlmasB/FXGL/release/README.md
14:10:16.941 [FXGL Background Thread 3 ] DEBUG Engine               - userAppClass: class Game
14:10:16.941 [FXGL Background Thread 3 ] DEBUG Engine               - version: 0.0
14:10:16.941 [FXGL Background Thread 3 ] DEBUG Engine               - versionCheckDays: 7
14:10:16.941 [FXGL Background Thread 3 ] DEBUG Engine               - width: 1050
14:10:16.941 [FXGL Background Thread 3 ] DEBUG Engine               - Logging services
14:10:16.942 [FXGL Background Thread 3 ] DEBUG Engine               - class com.almasb.fxgl.app.services.FXGLAssetLoaderService
14:10:16.942 [FXGL Background Thread 3 ] DEBUG Engine               - class com.almasb.fxgl.app.FXGLApplication$GameApplicationService
14:10:16.942 [FXGL Background Thread 3 ] DEBUG Engine               - class com.almasb.fxgl.app.services.FXGLDialogService
14:10:16.942 [FXGL Background Thread 3 ] DEBUG Engine               - class com.almasb.fxgl.app.services.IOTaskExecutorService
14:10:16.942 [FXGL Background Thread 3 ] DEBUG Engine               - class com.almasb.fxgl.event.EventBusService
14:10:16.942 [FXGL Background Thread 3 ] DEBUG Engine               - class com.almasb.fxgl.io.FileSystemService
14:10:16.943 [FXGL Background Thread 3 ] DEBUG Engine               - class com.almasb.fxgl.localization.LocalizationService
14:10:16.943 [FXGL Background Thread 3 ] DEBUG Engine               - class com.almasb.fxgl.app.services.SystemBundleService
14:10:16.943 [FXGL Background Thread 3 ] DEBUG Engine               - class com.almasb.fxgl.profile.SaveLoadService
14:10:16.943 [FXGL Background Thread 3 ] DEBUG Engine               - class com.almasb.fxgl.ui.FXGLUIFactoryServiceProvider
14:10:16.943 [FXGL Background Thread 3 ] DEBUG Engine               - class com.almasb.fxgl.ui.FXGLDialogFactoryServiceProvider
14:10:16.943 [FXGL Background Thread 3 ] DEBUG Engine               - class com.almasb.fxgl.audio.AudioPlayer
14:10:16.943 [FXGL Background Thread 3 ] DEBUG Engine               - class com.almasb.fxgl.notification.impl.NotificationServiceProvider
14:10:16.943 [FXGL Background Thread 3 ] DEBUG Engine               - class com.almasb.fxgl.achievement.AchievementService
14:10:16.944 [FXGL Background Thread 3 ] DEBUG Engine               - class com.almasb.fxgl.cutscene.CutsceneService
14:10:16.944 [FXGL Background Thread 3 ] DEBUG Engine               - class com.almasb.fxgl.minigames.MiniGameService
14:10:16.944 [FXGL Background Thread 3 ] DEBUG Engine               - class com.almasb.fxgl.net.NetService
14:10:16.944 [FXGL Background Thread 3 ] DEBUG Engine               - class com.almasb.fxgl.app.services.UpdaterService
14:10:16.944 [FXGL Background Thread 3 ] DEBUG Engine               - class com.almasb.fxgl.dev.DevService
14:10:20.485 [JavaFX Application Thread] DEBUG FXGLAssetLoaderServi - Loading from file system: file:/C:/Users/stanm/Documents/SE-Challengeweek/target/classes/assets/textures/player_1_move_right.png
14:10:21.608 [JavaFX Application Thread] DEBUG FXGLAssetLoaderServi - Loading from file system: file:/C:/Users/stanm/Documents/SE-Challengeweek/target/classes/assets/textures/player_1_idle_right.png
14:10:21.893 [JavaFX Application Thread] DEBUG FXGLAssetLoaderServi - Loading from file system: file:/C:/Users/stanm/Documents/SE-Challengeweek/target/classes/assets/textures/player_1_move_Up.png
14:10:22.164 [JavaFX Application Thread] DEBUG FXGLAssetLoaderServi - Loading from file system: file:/C:/Users/stanm/Documents/SE-Challengeweek/target/classes/assets/textures/player_1_idle_Up.png
14:10:22.595 [JavaFX Application Thread] DEBUG FXGLAssetLoaderServi - Loading from file system: file:/C:/Users/stanm/Documents/SE-Challengeweek/target/classes/assets/textures/player_1_move_left.png
14:10:23.665 [JavaFX Application Thread] DEBUG FXGLAssetLoaderServi - Loading from file system: file:/C:/Users/stanm/Documents/SE-Challengeweek/target/classes/assets/textures/bomb-1.png
14:10:24.260 [JavaFX Application Thread] DEBUG FXGLAssetLoaderServi - Loading from file system: file:/C:/Users/stanm/Documents/SE-Challengeweek/target/classes/assets/textures/player_1_idle_left.png
14:11:44.063 [JavaFX Application Thread] DEBUG FXGLApplication      - Exiting FXGL
14:11:44.064 [JavaFX Application Thread] DEBUG LoopRunner           - Stopping loop
14:11:44.064 [JavaFX Application Thread] DEBUG SystemBundleService  - Saving FXGL system data
14:11:44.069 [JavaFX Application Thread] DEBUG FileSystemAccess     - Writing to: C:\Users\stanm\Documents\SE-Challengeweek\system\fxgl.bundle
14:11:44.073 [JavaFX Application Thread] DEBUG Async                - Shutting down background threads
14:11:44.074 [JavaFX Application Thread] DEBUG PrimaryStageWindow   - Closing main window
14:11:44.086 [JavaFX Application Thread] DEBUG Logger               - Closing Logger
