12:47:25.601 [main                     ] DEBUG Logger               - Configured Logger
12:47:25.606 [main                     ] DEBUG GameApplication      - Logging settings
Title: Untitled
Version: 0.0
Width: 1050
Height: 700
Fullscreen: false
Intro: false
Profiling: false
Single step:false
App Mode: DEVELOPER
Menu Key: ESCAPE
Stage Style: DECORATED
Scene Factory: class com.almasb.fxgl.app.scene.SceneFactory

12:47:25.985 [JavaFX Application Thread] DEBUG FXGLApplication      - Initializing FXGL
12:47:25.987 [JavaFX Application Thread] INFO  Engine               - FXGL-11.14 (01.03.2021 16.59) on WINDOWS (J:15.0.2 FX:15)
12:47:25.988 [JavaFX Application Thread] DEBUG Engine               - JRE Vendor Name: Amazon.com Inc.
12:47:25.988 [JavaFX Application Thread] DEBUG Engine               - Running on OS: Windows 10 version 10.0
12:47:25.988 [JavaFX Application Thread] DEBUG Engine               - Architecture: amd64
12:47:25.988 [JavaFX Application Thread] INFO  Engine               - Source code and latest versions at: https://github.com/AlmasB/FXGL
12:47:25.988 [JavaFX Application Thread] INFO  Engine               -              Join the FXGL chat at: https://gitter.im/AlmasB/FXGL
12:47:26.120 [JavaFX Application Thread] DEBUG PrimaryStageWindow   - Creating a JavaFX scene
12:47:26.175 [JavaFX Application Thread] DEBUG PrimaryStageWindow   - Target settings size: 1050.0 x 700.0
12:47:26.175 [JavaFX Application Thread] DEBUG PrimaryStageWindow   - Scaled scene size:    1050.0 x 700.0
12:47:26.175 [JavaFX Application Thread] DEBUG PrimaryStageWindow   - Scaled ratio: (1.0, 1.0)
12:47:26.176 [JavaFX Application Thread] DEBUG PrimaryStageWindow   - Set initial scene to FXGLStartupScene
12:47:26.184 [JavaFX Application Thread] DEBUG PrimaryStageWindow   - Opening main window
12:47:26.281 [JavaFX Application Thread] DEBUG PrimaryStageWindow   - Window border size: (14.800048828125, 37.5999755859375)
12:47:26.281 [JavaFX Application Thread] DEBUG PrimaryStageWindow   - Scaled size: 1050.0 x 700.0
12:47:26.281 [JavaFX Application Thread] DEBUG PrimaryStageWindow   - Scaled ratio: (1.0, 1.0)
12:47:26.281 [JavaFX Application Thread] DEBUG PrimaryStageWindow   - Scene size: 1050.0 x 700.0
12:47:26.281 [JavaFX Application Thread] DEBUG PrimaryStageWindow   - Stage size: 1064.800048828125 x 737.5999755859375
12:47:26.291 [FXGL Background Thread 1 ] DEBUG Engine               - Initializing environment variables
12:47:26.327 [FXGL Background Thread 1 ] DEBUG FXGLAssetLoaderServi - User app class for loading assets: class Game
12:47:26.328 [FXGL Background Thread 1 ] DEBUG GameApplicationServi - Applying CSS: fxgl_dark.css
12:47:26.329 [FXGL Background Thread 1 ] DEBUG FXGLAssetLoaderServi - Loading from file system: jar:file:/C:/Users/roan2/.m2/repository/com/github/almasb/fxgl/11.14/fxgl-11.14.jar!/fxglassets/ui/css/fxgl_dark.css
12:47:26.380 [FXGL Background Thread 1 ] DEBUG GameApplicationServi - Initializing application scenes
12:47:26.415 [FXGL Background Thread 1 ] DEBUG GameWorld            - Game world initialized
12:47:26.480 [FXGL Background Thread 1 ] DEBUG PhysicsWorld         - Physics world initialized: appHeight=700, physics.ppm=50.0
12:47:26.481 [FXGL Background Thread 1 ] DEBUG PhysicsWorld         - Using strategy: BRUTE_FORCE
12:47:26.483 [FXGL Background Thread 1 ] DEBUG GameScene            - Game scene initialized: 1050x700
12:47:26.521 [FXGL Background Thread 1 ] DEBUG FXGLAssetLoaderServi - Loading from file system: jar:file:/C:/Users/roan2/.m2/repository/com/github/almasb/fxgl/11.14/fxgl-11.14.jar!/fxglassets/textures/particles/trace_horizontal.png
12:47:26.583 [FXGL Background Thread 1 ] DEBUG FXGL.DefaultMenu     - createMenuBodyGameMenu()
12:47:26.600 [FXGL Background Thread 1 ] DEBUG FXGL.DefaultMenu     - createOptionsMenu()
12:47:26.606 [FXGL Background Thread 1 ] DEBUG FXGLAssetLoaderServi - Loading from file system: jar:file:/C:/Users/roan2/.m2/repository/com/github/almasb/fxgl/11.14/fxgl-11.14.jar!/fxglassets/textures/particles/smoke.png
12:47:26.659 [FXGL Background Thread 1 ] DEBUG GameApplicationServi - Application scenes initialized
12:47:26.670 [FXGL Background Thread 1 ] DEBUG SystemBundleService  - Loading FXGL system data
12:47:26.673 [FXGL Background Thread 1 ] DEBUG FileSystemAccess     - Reading from: C:\Users\roan2\Documents\SE-Challengeweek\system\fxgl.bundle
12:47:26.679 [FXGL Background Thread 1 ] DEBUG SystemBundleService  - Bundle FXGL: {}
12:47:26.679 [FXGL Background Thread 1 ] DEBUG UpdaterService       - Checking for updates
12:47:26.686 [FXGL Background Thread 4 ] DEBUG FXGLApplication      - Loading fonts
12:47:26.686 [FXGL Background Thread 1 ] DEBUG FXGLApplication      - Loading default localization
12:47:26.686 [FXGL Background Thread 4 ] DEBUG FXGLAssetLoaderServi - Loading from file system: jar:file:/C:/Users/roan2/.m2/repository/com/github/almasb/fxgl/11.14/fxgl-11.14.jar!/fxglassets/ui/fonts/VarelaRound-Regular.ttf
12:47:26.687 [FXGL Background Thread 1 ] DEBUG FXGLAssetLoaderServi - Loading from file system: jar:file:/C:/Users/roan2/.m2/repository/com/github/almasb/fxgl/11.14/fxgl-11.14.jar!/fxglassets/languages/english.lang
12:47:26.701 [FXGL Background Thread 1 ] INFO  FXGLApplication      - FXGL initialization took: 0.410 sec
12:47:26.711 [JavaFX Application Thread] DEBUG Input                - Registered new binding: up - W
12:47:26.712 [JavaFX Application Thread] DEBUG Input                - Registered new binding: down - S
12:47:26.712 [JavaFX Application Thread] DEBUG Input                - Registered new binding: left - A
12:47:26.712 [JavaFX Application Thread] DEBUG Input                - Registered new binding: right - D
12:47:26.713 [JavaFX Application Thread] DEBUG Input                - Registered new binding: Place Bomb - F
12:47:26.713 [JavaFX Application Thread] DEBUG FXGLAssetLoaderServi - Loading from file system: jar:file:/C:/Users/roan2/.m2/repository/com/github/almasb/fxgl/11.14/fxgl-11.14.jar!/fxglassets/textures/fxgl_icon.png
12:47:26.732 [JavaFX Application Thread] DEBUG FXGLAssetLoaderServi - Loading from file system: jar:file:/C:/Users/roan2/.m2/repository/com/github/almasb/fxgl/11.14/fxgl-11.14.jar!/fxglassets/ui/cursors/fxgl_default.png
12:47:26.734 [JavaFX Application Thread] DEBUG Input                - Registered new binding: Screenshot - P
12:47:26.735 [JavaFX Application Thread] DEBUG Input                - Registered new binding: System info dump - CTRL+9
12:47:26.735 [JavaFX Application Thread] DEBUG Input                - Registered new binding: Restart - CTRL+R
12:47:26.736 [JavaFX Application Thread] DEBUG Input                - Registered new binding: Toggle Debug Camera - CTRL+C
12:47:26.738 [JavaFX Application Thread] DEBUG LoopRunner           - Starting loop
12:47:26.738 [JavaFX Application Thread] DEBUG LoopRunner           - Initializing JavaFX AnimationTimerLoop
12:47:26.739 [JavaFX Application Thread] DEBUG GameApplicationServi - Starting new game
12:47:26.740 [JavaFX Application Thread] DEBUG Input                - Clearing active input actions
12:47:26.751 [JavaFX Application Thread] DEBUG GameApplicationServi - Removing overlay from FXGLStartupScene and adding to FXGLLoadingScene
12:47:26.751 [JavaFX Application Thread] DEBUG PrimaryStageWindow   - FXGLStartupScene -> FXGLLoadingScene
12:47:26.751 [JavaFX Application Thread] DEBUG GameApplicationServi - Clearing previous game
12:47:26.752 [JavaFX Application Thread] DEBUG GameScene            - Clearing game scene
12:47:26.752 [JavaFX Application Thread] DEBUG GameWorld            - Clearing game world
12:47:26.752 [JavaFX Application Thread] DEBUG PhysicsWorld         - Clearing physics world
12:47:26.754 [FXGL Background Thread 1 ] DEBUG FXGLApplication      - Initializing game
12:47:26.763 [FXGL Background Thread 4 ] DEBUG FXGLAssetLoaderServi - Loading from file system: jar:file:/C:/Users/roan2/.m2/repository/com/github/almasb/fxgl/11.14/fxgl-11.14.jar!/fxglassets/ui/fonts/Abel-Regular.ttf
12:47:26.766 [FXGL Background Thread 4 ] DEBUG FXGLAssetLoaderServi - Loading from file system: jar:file:/C:/Users/roan2/.m2/repository/com/github/almasb/fxgl/11.14/fxgl-11.14.jar!/fxglassets/ui/fonts/lucida_console.ttf
12:47:26.770 [FXGL Background Thread 4 ] DEBUG FXGLAssetLoaderServi - Loading from file system: jar:file:/C:/Users/roan2/.m2/repository/com/github/almasb/fxgl/11.14/fxgl-11.14.jar!/fxglassets/ui/fonts/Courier-Prime.ttf
12:47:26.784 [FXGL Background Thread 1 ] WARN  TMXLevelLoader       - TiledMap generated from 1.0.1. Supported version: 1.2.3. Some features may not be parsed fully.
12:47:26.789 [JavaFX Application Thread] DEBUG FXGLApplication      - Registering font factories with UI factory
12:47:26.789 [FXGL Background Thread 1 ] DEBUG TMXLevelLoader       - Parsed raw map: TiledMap(width=15, height=10, tilewidth=70, tileheight=70, orientation=orthogonal, layers=[Layer(width=15, height=10, name=Tile Layer 1, type=tilelayer, visible=false, x=0, y=0, data=[73, 73, 73, 73, 73, 73, 73, 73, 73, 73, 73, 73, 73, 73, 73, 73, 0, 0, 133, 0, 133, 0, 133, 0, 133, 0, 133, 0, 0, 73, 73, 0, 128, 0, 128, 0, 128, 0, 128, 0, 128, 0, 128, 0, 73, 73, 133, 0, 133, 0, 133, 0, 133, 0, 133, 0, 133, 0, 133, 73, 73, 0, 128, 0, 128, 0, 128, 0, 128, 0, 128, 0, 128, 0, 73, 73, 0, 128, 0, 128, 0, 128, 0, 128, 0, 128, 0, 128, 0, 73, 73, 133, 0, 133, 0, 133, 0, 133, 0, 133, 0, 133, 0, 133, 73, 73, 0, 128, 0, 128, 0, 128, 0, 128, 0, 128, 0, 128, 0, 73, 73, 0, 0, 133, 0, 133, 0, 133, 0, 133, 0, 133, 0, 0, 73, 73, 73, 73, 73, 73, 73, 73, 73, 73, 73, 73, 73, 73, 73, 73], objects=[], opacity=0.0, draworder=), Layer(width=0, height=0, name=Object Layer 1, type=objectgroup, visible=false, x=0, y=0, data=[], objects=[com.almasb.fxgl.entity.level.tiled.TiledObject@4231ef67, com.almasb.fxgl.entity.level.tiled.TiledObject@72c0a18e, com.almasb.fxgl.entity.level.tiled.TiledObject@6e6eba6a, com.almasb.fxgl.entity.level.tiled.TiledObject@3ec27ae7], opacity=0.0, draworder=)], tilesets=[Tileset(firstgid=1, image=../Pictures/tiles_spritesheet.png, name=tiles_spritesheet, tilewidth=70, tileheight=70, imagewidth=914, imageheight=936, margin=0, spacing=2, columns=12, tilecount=156, transparentcolor=, tiles=[])], backgroundcolor=, renderorder=right-down, nextobjectid=7, version=1, tiledversion=1.0.1, type=map, infinite=false, hexsidelength=0, staggeraxis=, staggerindex=, properties={}, propertytypes={})
12:47:26.791 [FXGL Background Thread 1 ] DEBUG TMXLevelLoader       - Creating tile layer entities
12:47:26.792 [FXGL Background Thread 1 ] DEBUG TilesetLoader        - Loading view for layer Tile Layer 1
12:47:26.794 [FXGL Background Thread 1 ] DEBUG TilesetLoader        - Created buffer with size 1050.0x700.0
12:47:26.839 [FXGL Background Thread 1 ] DEBUG TilesetLoader        - Writing to buffer: dst=0,0, w=70,h=70, src=0,432
12:47:26.839 [FXGL Background Thread 1 ] DEBUG TilesetLoader        - Writing to buffer: dst=70,0, w=70,h=70, src=0,432
12:47:26.840 [FXGL Background Thread 1 ] DEBUG TilesetLoader        - Writing to buffer: dst=140,0, w=70,h=70, src=0,432
12:47:26.840 [FXGL Background Thread 1 ] DEBUG TilesetLoader        - Writing to buffer: dst=210,0, w=70,h=70, src=0,432
12:47:26.840 [FXGL Background Thread 1 ] DEBUG TilesetLoader        - Writing to buffer: dst=280,0, w=70,h=70, src=0,432
12:47:26.840 [FXGL Background Thread 1 ] DEBUG TilesetLoader        - Writing to buffer: dst=350,0, w=70,h=70, src=0,432
12:47:26.840 [FXGL Background Thread 1 ] DEBUG TilesetLoader        - Writing to buffer: dst=420,0, w=70,h=70, src=0,432
12:47:26.840 [FXGL Background Thread 1 ] DEBUG TilesetLoader        - Writing to buffer: dst=490,0, w=70,h=70, src=0,432
12:47:26.841 [FXGL Background Thread 1 ] DEBUG TilesetLoader        - Writing to buffer: dst=560,0, w=70,h=70, src=0,432
12:47:26.841 [FXGL Background Thread 1 ] DEBUG TilesetLoader        - Writing to buffer: dst=630,0, w=70,h=70, src=0,432
12:47:26.841 [FXGL Background Thread 1 ] DEBUG TilesetLoader        - Writing to buffer: dst=700,0, w=70,h=70, src=0,432
12:47:26.841 [FXGL Background Thread 1 ] DEBUG TilesetLoader        - Writing to buffer: dst=770,0, w=70,h=70, src=0,432
12:47:26.841 [FXGL Background Thread 1 ] DEBUG TilesetLoader        - Writing to buffer: dst=840,0, w=70,h=70, src=0,432
12:47:26.841 [FXGL Background Thread 1 ] DEBUG TilesetLoader        - Writing to buffer: dst=910,0, w=70,h=70, src=0,432
12:47:26.842 [FXGL Background Thread 1 ] DEBUG TilesetLoader        - Writing to buffer: dst=980,0, w=70,h=70, src=0,432
12:47:26.842 [FXGL Background Thread 1 ] DEBUG TilesetLoader        - Writing to buffer: dst=0,70, w=70,h=70, src=0,432
12:47:26.842 [FXGL Background Thread 1 ] DEBUG TilesetLoader        - Writing to buffer: dst=210,70, w=70,h=70, src=0,792
12:47:26.842 [FXGL Background Thread 1 ] DEBUG TilesetLoader        - Writing to buffer: dst=350,70, w=70,h=70, src=0,792
12:47:26.843 [FXGL Background Thread 1 ] DEBUG TilesetLoader        - Writing to buffer: dst=490,70, w=70,h=70, src=0,792
12:47:26.843 [FXGL Background Thread 1 ] DEBUG TilesetLoader        - Writing to buffer: dst=630,70, w=70,h=70, src=0,792
12:47:26.843 [FXGL Background Thread 1 ] DEBUG TilesetLoader        - Writing to buffer: dst=770,70, w=70,h=70, src=0,792
12:47:26.843 [FXGL Background Thread 1 ] DEBUG TilesetLoader        - Writing to buffer: dst=980,70, w=70,h=70, src=0,432
12:47:26.843 [FXGL Background Thread 1 ] DEBUG TilesetLoader        - Writing to buffer: dst=0,140, w=70,h=70, src=0,432
12:47:26.843 [FXGL Background Thread 1 ] DEBUG TilesetLoader        - Writing to buffer: dst=140,140, w=70,h=70, src=504,720
12:47:26.843 [FXGL Background Thread 1 ] DEBUG TilesetLoader        - Writing to buffer: dst=280,140, w=70,h=70, src=504,720
12:47:26.844 [FXGL Background Thread 1 ] DEBUG TilesetLoader        - Writing to buffer: dst=420,140, w=70,h=70, src=504,720
12:47:26.844 [FXGL Background Thread 1 ] DEBUG TilesetLoader        - Writing to buffer: dst=560,140, w=70,h=70, src=504,720
12:47:26.844 [FXGL Background Thread 1 ] DEBUG TilesetLoader        - Writing to buffer: dst=700,140, w=70,h=70, src=504,720
12:47:26.844 [FXGL Background Thread 1 ] DEBUG TilesetLoader        - Writing to buffer: dst=840,140, w=70,h=70, src=504,720
12:47:26.844 [FXGL Background Thread 1 ] DEBUG TilesetLoader        - Writing to buffer: dst=980,140, w=70,h=70, src=0,432
12:47:26.844 [FXGL Background Thread 1 ] DEBUG TilesetLoader        - Writing to buffer: dst=0,210, w=70,h=70, src=0,432
12:47:26.845 [FXGL Background Thread 1 ] DEBUG TilesetLoader        - Writing to buffer: dst=70,210, w=70,h=70, src=0,792
12:47:26.845 [FXGL Background Thread 1 ] DEBUG TilesetLoader        - Writing to buffer: dst=210,210, w=70,h=70, src=0,792
12:47:26.845 [FXGL Background Thread 1 ] DEBUG TilesetLoader        - Writing to buffer: dst=350,210, w=70,h=70, src=0,792
12:47:26.845 [FXGL Background Thread 1 ] DEBUG TilesetLoader        - Writing to buffer: dst=490,210, w=70,h=70, src=0,792
12:47:26.846 [FXGL Background Thread 1 ] DEBUG TilesetLoader        - Writing to buffer: dst=630,210, w=70,h=70, src=0,792
12:47:26.846 [FXGL Background Thread 1 ] DEBUG TilesetLoader        - Writing to buffer: dst=770,210, w=70,h=70, src=0,792
12:47:26.846 [FXGL Background Thread 1 ] DEBUG TilesetLoader        - Writing to buffer: dst=910,210, w=70,h=70, src=0,792
12:47:26.846 [FXGL Background Thread 1 ] DEBUG TilesetLoader        - Writing to buffer: dst=980,210, w=70,h=70, src=0,432
12:47:26.847 [FXGL Background Thread 1 ] DEBUG TilesetLoader        - Writing to buffer: dst=0,280, w=70,h=70, src=0,432
12:47:26.847 [FXGL Background Thread 1 ] DEBUG TilesetLoader        - Writing to buffer: dst=140,280, w=70,h=70, src=504,720
12:47:26.847 [FXGL Background Thread 1 ] DEBUG TilesetLoader        - Writing to buffer: dst=280,280, w=70,h=70, src=504,720
12:47:26.847 [FXGL Background Thread 1 ] DEBUG TilesetLoader        - Writing to buffer: dst=420,280, w=70,h=70, src=504,720
12:47:26.847 [FXGL Background Thread 1 ] DEBUG TilesetLoader        - Writing to buffer: dst=560,280, w=70,h=70, src=504,720
12:47:26.848 [FXGL Background Thread 1 ] DEBUG TilesetLoader        - Writing to buffer: dst=700,280, w=70,h=70, src=504,720
12:47:26.848 [FXGL Background Thread 1 ] DEBUG TilesetLoader        - Writing to buffer: dst=840,280, w=70,h=70, src=504,720
12:47:26.848 [FXGL Background Thread 1 ] DEBUG TilesetLoader        - Writing to buffer: dst=980,280, w=70,h=70, src=0,432
12:47:26.848 [FXGL Background Thread 1 ] DEBUG TilesetLoader        - Writing to buffer: dst=0,350, w=70,h=70, src=0,432
12:47:26.849 [FXGL Background Thread 1 ] DEBUG TilesetLoader        - Writing to buffer: dst=140,350, w=70,h=70, src=504,720
12:47:26.849 [FXGL Background Thread 1 ] DEBUG TilesetLoader        - Writing to buffer: dst=280,350, w=70,h=70, src=504,720
12:47:26.849 [FXGL Background Thread 1 ] DEBUG TilesetLoader        - Writing to buffer: dst=420,350, w=70,h=70, src=504,720
12:47:26.850 [FXGL Background Thread 1 ] DEBUG TilesetLoader        - Writing to buffer: dst=560,350, w=70,h=70, src=504,720
12:47:26.850 [FXGL Background Thread 1 ] DEBUG TilesetLoader        - Writing to buffer: dst=700,350, w=70,h=70, src=504,720
12:47:26.850 [FXGL Background Thread 1 ] DEBUG TilesetLoader        - Writing to buffer: dst=840,350, w=70,h=70, src=504,720
12:47:26.850 [FXGL Background Thread 1 ] DEBUG TilesetLoader        - Writing to buffer: dst=980,350, w=70,h=70, src=0,432
12:47:26.851 [FXGL Background Thread 1 ] DEBUG TilesetLoader        - Writing to buffer: dst=0,420, w=70,h=70, src=0,432
12:47:26.851 [FXGL Background Thread 1 ] DEBUG TilesetLoader        - Writing to buffer: dst=70,420, w=70,h=70, src=0,792
12:47:26.851 [FXGL Background Thread 1 ] DEBUG TilesetLoader        - Writing to buffer: dst=210,420, w=70,h=70, src=0,792
12:47:26.851 [FXGL Background Thread 1 ] DEBUG TilesetLoader        - Writing to buffer: dst=350,420, w=70,h=70, src=0,792
12:47:26.851 [FXGL Background Thread 1 ] DEBUG TilesetLoader        - Writing to buffer: dst=490,420, w=70,h=70, src=0,792
12:47:26.852 [FXGL Background Thread 1 ] DEBUG TilesetLoader        - Writing to buffer: dst=630,420, w=70,h=70, src=0,792
12:47:26.852 [FXGL Background Thread 1 ] DEBUG TilesetLoader        - Writing to buffer: dst=770,420, w=70,h=70, src=0,792
12:47:26.852 [FXGL Background Thread 1 ] DEBUG TilesetLoader        - Writing to buffer: dst=910,420, w=70,h=70, src=0,792
12:47:26.852 [FXGL Background Thread 1 ] DEBUG TilesetLoader        - Writing to buffer: dst=980,420, w=70,h=70, src=0,432
12:47:26.853 [FXGL Background Thread 1 ] DEBUG TilesetLoader        - Writing to buffer: dst=0,490, w=70,h=70, src=0,432
12:47:26.853 [FXGL Background Thread 1 ] DEBUG TilesetLoader        - Writing to buffer: dst=140,490, w=70,h=70, src=504,720
12:47:26.853 [FXGL Background Thread 1 ] DEBUG TilesetLoader        - Writing to buffer: dst=280,490, w=70,h=70, src=504,720
12:47:26.853 [FXGL Background Thread 1 ] DEBUG TilesetLoader        - Writing to buffer: dst=420,490, w=70,h=70, src=504,720
12:47:26.853 [FXGL Background Thread 1 ] DEBUG TilesetLoader        - Writing to buffer: dst=560,490, w=70,h=70, src=504,720
12:47:26.854 [FXGL Background Thread 1 ] DEBUG TilesetLoader        - Writing to buffer: dst=700,490, w=70,h=70, src=504,720
12:47:26.854 [FXGL Background Thread 1 ] DEBUG TilesetLoader        - Writing to buffer: dst=840,490, w=70,h=70, src=504,720
12:47:26.854 [FXGL Background Thread 1 ] DEBUG TilesetLoader        - Writing to buffer: dst=980,490, w=70,h=70, src=0,432
12:47:26.854 [FXGL Background Thread 1 ] DEBUG TilesetLoader        - Writing to buffer: dst=0,560, w=70,h=70, src=0,432
12:47:26.854 [FXGL Background Thread 1 ] DEBUG TilesetLoader        - Writing to buffer: dst=210,560, w=70,h=70, src=0,792
12:47:26.854 [FXGL Background Thread 1 ] DEBUG TilesetLoader        - Writing to buffer: dst=350,560, w=70,h=70, src=0,792
12:47:26.854 [FXGL Background Thread 1 ] DEBUG TilesetLoader        - Writing to buffer: dst=490,560, w=70,h=70, src=0,792
12:47:26.855 [FXGL Background Thread 1 ] DEBUG TilesetLoader        - Writing to buffer: dst=630,560, w=70,h=70, src=0,792
12:47:26.855 [FXGL Background Thread 1 ] DEBUG TilesetLoader        - Writing to buffer: dst=770,560, w=70,h=70, src=0,792
12:47:26.855 [FXGL Background Thread 1 ] DEBUG TilesetLoader        - Writing to buffer: dst=980,560, w=70,h=70, src=0,432
12:47:26.855 [FXGL Background Thread 1 ] DEBUG TilesetLoader        - Writing to buffer: dst=0,630, w=70,h=70, src=0,432
12:47:26.856 [FXGL Background Thread 1 ] DEBUG TilesetLoader        - Writing to buffer: dst=70,630, w=70,h=70, src=0,432
12:47:26.856 [FXGL Background Thread 1 ] DEBUG TilesetLoader        - Writing to buffer: dst=140,630, w=70,h=70, src=0,432
12:47:26.856 [FXGL Background Thread 1 ] DEBUG TilesetLoader        - Writing to buffer: dst=210,630, w=70,h=70, src=0,432
12:47:26.856 [FXGL Background Thread 1 ] DEBUG TilesetLoader        - Writing to buffer: dst=280,630, w=70,h=70, src=0,432
12:47:26.856 [FXGL Background Thread 1 ] DEBUG TilesetLoader        - Writing to buffer: dst=350,630, w=70,h=70, src=0,432
12:47:26.856 [FXGL Background Thread 1 ] DEBUG TilesetLoader        - Writing to buffer: dst=420,630, w=70,h=70, src=0,432
12:47:26.856 [FXGL Background Thread 1 ] DEBUG TilesetLoader        - Writing to buffer: dst=490,630, w=70,h=70, src=0,432
12:47:26.857 [FXGL Background Thread 1 ] DEBUG TilesetLoader        - Writing to buffer: dst=560,630, w=70,h=70, src=0,432
12:47:26.857 [FXGL Background Thread 1 ] DEBUG TilesetLoader        - Writing to buffer: dst=630,630, w=70,h=70, src=0,432
12:47:26.857 [FXGL Background Thread 1 ] DEBUG TilesetLoader        - Writing to buffer: dst=700,630, w=70,h=70, src=0,432
12:47:26.857 [FXGL Background Thread 1 ] DEBUG TilesetLoader        - Writing to buffer: dst=770,630, w=70,h=70, src=0,432
12:47:26.857 [FXGL Background Thread 1 ] DEBUG TilesetLoader        - Writing to buffer: dst=840,630, w=70,h=70, src=0,432
12:47:26.857 [FXGL Background Thread 1 ] DEBUG TilesetLoader        - Writing to buffer: dst=910,630, w=70,h=70, src=0,432
12:47:26.857 [FXGL Background Thread 1 ] DEBUG TilesetLoader        - Writing to buffer: dst=980,630, w=70,h=70, src=0,432
12:47:26.858 [FXGL Background Thread 1 ] DEBUG TMXLevelLoader       - Creating object layer entities
12:47:26.876 [FXGL Background Thread 1 ] DEBUG GameWorld            - Clearing removable entities
12:47:26.876 [FXGL Background Thread 1 ] DEBUG GameWorld            - Setting level: com.almasb.fxgl.entity.level.Level@6540e09a
12:47:26.886 [FXGL Background Thread 1 ] DEBUG FXGLAssetLoaderServi - Loading from file system: file:/C:/Users/roan2/Documents/SE-Challengeweek/target/classes/assets/textures/player_1_move_down.png
12:47:26.892 [FXGL Background Thread 1 ] INFO  FXGLApplication      - Game initialization took: 0.137 sec
12:47:26.906 [JavaFX Application Thread] DEBUG Input                - Clearing active input actions
12:47:26.916 [JavaFX Application Thread] DEBUG GameApplicationServi - Removing overlay from FXGLLoadingScene and adding to GameScene
12:47:26.916 [JavaFX Application Thread] DEBUG PrimaryStageWindow   - FXGLLoadingScene -> GameScene
12:47:26.918 [JavaFX Application Thread] DEBUG FXGLAssetLoaderServi - Loading from file system: file:/C:/Users/roan2/Documents/SE-Challengeweek/target/classes/assets/textures/player_1_idle_down.png
12:47:27.083 [FXGL Background Thread 2 ] INFO  UpdaterService       - Your current version:  11.14
12:47:27.083 [FXGL Background Thread 2 ] INFO  UpdaterService       - Latest stable version: 17.1
12:47:28.839 [JavaFX Application Thread] DEBUG FXGLAssetLoaderServi - Loading from file system: file:/C:/Users/roan2/Documents/SE-Challengeweek/target/classes/assets/textures/bomb-1.png
12:47:29.204 [JavaFX Application Thread] DEBUG FXGLAssetLoaderServi - Loading from file system: file:/C:/Users/roan2/Documents/SE-Challengeweek/target/classes/assets/textures/player_1_move_right.png
12:47:29.572 [JavaFX Application Thread] DEBUG FXGLAssetLoaderServi - Loading from file system: file:/C:/Users/roan2/Documents/SE-Challengeweek/target/classes/assets/textures/player_1_idle_right.png
12:47:29.684 [FXGL Background Thread 3 ] DEBUG Engine               - Logging environment variables
12:47:29.685 [FXGL Background Thread 3 ] DEBUG Engine               - achievements: []
12:47:29.686 [FXGL Background Thread 3 ] DEBUG Engine               - actualHeight: 700.0
12:47:29.686 [FXGL Background Thread 3 ] DEBUG Engine               - actualHeightProperty: ReadOnlyDoubleProperty [value: 700.0]
12:47:29.687 [FXGL Background Thread 3 ] DEBUG Engine               - actualWidth: 1050.0
12:47:29.688 [FXGL Background Thread 3 ] DEBUG Engine               - actualWidthProperty: ReadOnlyDoubleProperty [value: 1050.0]
12:47:29.688 [FXGL Background Thread 3 ] DEBUG Engine               - appIcon: fxgl_icon.png
12:47:29.688 [FXGL Background Thread 3 ] DEBUG Engine               - applicationMode: DEVELOPER
12:47:29.689 [FXGL Background Thread 3 ] DEBUG Engine               - cSSList: [fxgl_dark.css]
12:47:29.689 [FXGL Background Thread 3 ] DEBUG Engine               - collisionDetectionStrategy: BRUTE_FORCE
12:47:29.689 [FXGL Background Thread 3 ] DEBUG Engine               - configClass: Optional.empty
12:47:29.690 [FXGL Background Thread 3 ] DEBUG Engine               - credits: []
12:47:29.690 [FXGL Background Thread 3 ] DEBUG Engine               - devBBoxColorProperty: ObjectProperty [value: 0xff0000ff]
12:47:29.691 [FXGL Background Thread 3 ] DEBUG Engine               - devEnableDebugCameraProperty: BooleanProperty [value: false]
12:47:29.691 [FXGL Background Thread 3 ] DEBUG Engine               - devSensorColorProperty: ObjectProperty [value: 0xffff00ff]
12:47:29.692 [FXGL Background Thread 3 ] DEBUG Engine               - devShowBBoxProperty: BooleanProperty [value: false]
12:47:29.692 [FXGL Background Thread 3 ] DEBUG Engine               - devShowPositionProperty: BooleanProperty [value: false]
12:47:29.692 [FXGL Background Thread 3 ] DEBUG Engine               - enabledMenuItems: []
12:47:29.693 [FXGL Background Thread 3 ] DEBUG Engine               - engineServices: [class com.almasb.fxgl.app.services.FXGLAssetLoaderService, class com.almasb.fxgl.app.FXGLApplication$GameApplicationService, class com.almasb.fxgl.app.services.FXGLDialogService, class com.almasb.fxgl.app.services.IOTaskExecutorService, class com.almasb.fxgl.event.EventBusService, class com.almasb.fxgl.io.FileSystemService, class com.almasb.fxgl.localization.LocalizationService, class com.almasb.fxgl.app.services.SystemBundleService, class com.almasb.fxgl.profile.SaveLoadService, class com.almasb.fxgl.ui.FXGLUIFactoryServiceProvider, class com.almasb.fxgl.ui.FXGLDialogFactoryServiceProvider, class com.almasb.fxgl.audio.AudioPlayer, class com.almasb.fxgl.notification.impl.NotificationServiceProvider, class com.almasb.fxgl.achievement.AchievementService, class com.almasb.fxgl.cutscene.CutsceneService, class com.almasb.fxgl.minigames.MiniGameService, class com.almasb.fxgl.net.NetService, class com.almasb.fxgl.app.services.UpdaterService, class com.almasb.fxgl.dev.DevService]
12:47:29.694 [FXGL Background Thread 3 ] DEBUG Engine               - fontGame: Abel-Regular.ttf
12:47:29.694 [FXGL Background Thread 3 ] DEBUG Engine               - fontMono: lucida_console.ttf
12:47:29.695 [FXGL Background Thread 3 ] DEBUG Engine               - fontText: Courier-Prime.ttf
12:47:29.695 [FXGL Background Thread 3 ] DEBUG Engine               - fontUI: VarelaRound-Regular.ttf
12:47:29.696 [FXGL Background Thread 3 ] DEBUG Engine               - fullScreen: BooleanProperty [value: false]
12:47:29.696 [FXGL Background Thread 3 ] DEBUG Engine               - gameDifficulty: MEDIUM
12:47:29.696 [FXGL Background Thread 3 ] DEBUG Engine               - gameDifficultyProperty: ObjectProperty [value: MEDIUM]
12:47:29.697 [FXGL Background Thread 3 ] DEBUG Engine               - globalMusicVolume: 0.5
12:47:29.697 [FXGL Background Thread 3 ] DEBUG Engine               - globalMusicVolumeProperty: DoubleProperty [value: 0.5]
12:47:29.698 [FXGL Background Thread 3 ] DEBUG Engine               - globalSoundVolume: 0.5
12:47:29.698 [FXGL Background Thread 3 ] DEBUG Engine               - globalSoundVolumeProperty: DoubleProperty [value: 0.5]
12:47:29.698 [FXGL Background Thread 3 ] DEBUG Engine               - height: 700
12:47:29.698 [FXGL Background Thread 3 ] DEBUG Engine               - isAndroid: false
12:47:29.699 [FXGL Background Thread 3 ] DEBUG Engine               - isBrowser: false
12:47:29.699 [FXGL Background Thread 3 ] DEBUG Engine               - isClickFeedbackEnabled: false
12:47:29.700 [FXGL Background Thread 3 ] DEBUG Engine               - isCloseConfirmation: false
12:47:29.700 [FXGL Background Thread 3 ] DEBUG Engine               - isDesktop: true
12:47:29.700 [FXGL Background Thread 3 ] DEBUG Engine               - isDeveloperMenuEnabled: false
12:47:29.701 [FXGL Background Thread 3 ] DEBUG Engine               - isEntityPreloadEnabled: true
12:47:29.701 [FXGL Background Thread 3 ] DEBUG Engine               - isExperimental3D: false
12:47:29.701 [FXGL Background Thread 3 ] DEBUG Engine               - isExperimentalNative: false
12:47:29.702 [FXGL Background Thread 3 ] DEBUG Engine               - isExperimentalTiledLargeMap: false
12:47:29.702 [FXGL Background Thread 3 ] DEBUG Engine               - isFileSystemWriteAllowed: true
12:47:29.702 [FXGL Background Thread 3 ] DEBUG Engine               - isFullScreenAllowed: false
12:47:29.702 [FXGL Background Thread 3 ] DEBUG Engine               - isFullScreenFromStart: false
12:47:29.703 [FXGL Background Thread 3 ] DEBUG Engine               - isGameMenuEnabled: true
12:47:29.703 [FXGL Background Thread 3 ] DEBUG Engine               - isIOS: false
12:47:29.703 [FXGL Background Thread 3 ] DEBUG Engine               - isIntroEnabled: false
12:47:29.704 [FXGL Background Thread 3 ] DEBUG Engine               - isLinux: false
12:47:29.704 [FXGL Background Thread 3 ] DEBUG Engine               - isMac: false
12:47:29.704 [FXGL Background Thread 3 ] DEBUG Engine               - isMainMenuEnabled: false
12:47:29.705 [FXGL Background Thread 3 ] DEBUG Engine               - isManualResizeEnabled: false
12:47:29.705 [FXGL Background Thread 3 ] DEBUG Engine               - isMobile: false
12:47:29.705 [FXGL Background Thread 3 ] DEBUG Engine               - isPreserveResizeRatio: false
12:47:29.706 [FXGL Background Thread 3 ] DEBUG Engine               - isProfilingEnabled: false
12:47:29.706 [FXGL Background Thread 3 ] DEBUG Engine               - isScaleAffectedOnResize: true
12:47:29.706 [FXGL Background Thread 3 ] DEBUG Engine               - isSingleStep: false
12:47:29.707 [FXGL Background Thread 3 ] DEBUG Engine               - isUserProfileEnabled: false
12:47:29.707 [FXGL Background Thread 3 ] DEBUG Engine               - isWindows: true
12:47:29.707 [FXGL Background Thread 3 ] DEBUG Engine               - language: ObjectProperty [value: ENGLISH]
12:47:29.707 [FXGL Background Thread 3 ] DEBUG Engine               - menuKey: ESCAPE
12:47:29.708 [FXGL Background Thread 3 ] DEBUG Engine               - notificationViewClass: class com.almasb.fxgl.notification.view.XboxNotificationView
12:47:29.708 [FXGL Background Thread 3 ] DEBUG Engine               - pixelsPerMeter: 50.0
12:47:29.708 [FXGL Background Thread 3 ] DEBUG Engine               - platform: WINDOWS
12:47:29.709 [FXGL Background Thread 3 ] DEBUG Engine               - prefHeightProperty: ReadOnlyDoubleProperty [value: 700.0]
12:47:29.709 [FXGL Background Thread 3 ] DEBUG Engine               - prefWidthProperty: ReadOnlyDoubleProperty [value: 1050.0]
12:47:29.709 [FXGL Background Thread 3 ] DEBUG Engine               - profileDir: profiles/
12:47:29.710 [FXGL Background Thread 3 ] DEBUG Engine               - profileName: StringProperty [value: DEFAULT]
12:47:29.710 [FXGL Background Thread 3 ] DEBUG Engine               - randomSeed: -1
12:47:29.710 [FXGL Background Thread 3 ] DEBUG Engine               - runtimeInfo: RuntimeInfo(platform=WINDOWS, version=11.14, build=01.03.2021 16.59)
12:47:29.710 [FXGL Background Thread 3 ] DEBUG Engine               - saveFileExt: sav
12:47:29.712 [FXGL Background Thread 3 ] DEBUG Engine               - scaledHeightProp$fxgl: DoubleProperty [bound, value: 700.0]
12:47:29.712 [FXGL Background Thread 3 ] DEBUG Engine               - scaledWidthProp$fxgl: DoubleProperty [bound, value: 1050.0]
12:47:29.712 [FXGL Background Thread 3 ] DEBUG Engine               - sceneFactory: com.almasb.fxgl.app.scene.SceneFactory@632a95a9
12:47:29.712 [FXGL Background Thread 3 ] DEBUG Engine               - secondsIn24h: 60
12:47:29.712 [FXGL Background Thread 3 ] DEBUG Engine               - soundMenuBack: menu/back.wav
12:47:29.712 [FXGL Background Thread 3 ] DEBUG Engine               - soundMenuPress: menu/press.wav
12:47:29.713 [FXGL Background Thread 3 ] DEBUG Engine               - soundMenuSelect: menu/select.wav
12:47:29.713 [FXGL Background Thread 3 ] DEBUG Engine               - soundNotification: core/notification.wav
12:47:29.713 [FXGL Background Thread 3 ] DEBUG Engine               - stageStyle: DECORATED
12:47:29.713 [FXGL Background Thread 3 ] DEBUG Engine               - supportedLanguages: [ENGLISH, FRENCH, GERMAN, HUNGARIAN, RUSSIAN]
12:47:29.715 [FXGL Background Thread 3 ] DEBUG Engine               - ticksPerSecond: -1
12:47:29.715 [FXGL Background Thread 3 ] DEBUG Engine               - title: Untitled
12:47:29.716 [FXGL Background Thread 3 ] DEBUG Engine               - urlGithub: https://github.com/AlmasB/FXGL
12:47:29.716 [FXGL Background Thread 3 ] DEBUG Engine               - urlLeaderboard: http://fxgl-top.herokuapp.com/
12:47:29.717 [FXGL Background Thread 3 ] DEBUG Engine               - urlPOM: https://raw.githubusercontent.com/AlmasB/FXGL/release/README.md
12:47:29.717 [FXGL Background Thread 3 ] DEBUG Engine               - userAppClass: class Game
12:47:29.717 [FXGL Background Thread 3 ] DEBUG Engine               - version: 0.0
12:47:29.717 [FXGL Background Thread 3 ] DEBUG Engine               - versionCheckDays: 7
12:47:29.718 [FXGL Background Thread 3 ] DEBUG Engine               - width: 1050
12:47:29.718 [FXGL Background Thread 3 ] DEBUG Engine               - Logging services
12:47:29.718 [FXGL Background Thread 3 ] DEBUG Engine               - class com.almasb.fxgl.app.services.FXGLAssetLoaderService
12:47:29.719 [FXGL Background Thread 3 ] DEBUG Engine               - class com.almasb.fxgl.app.FXGLApplication$GameApplicationService
12:47:29.719 [FXGL Background Thread 3 ] DEBUG Engine               - class com.almasb.fxgl.app.services.FXGLDialogService
12:47:29.719 [FXGL Background Thread 3 ] DEBUG Engine               - class com.almasb.fxgl.app.services.IOTaskExecutorService
12:47:29.719 [FXGL Background Thread 3 ] DEBUG Engine               - class com.almasb.fxgl.event.EventBusService
12:47:29.720 [FXGL Background Thread 3 ] DEBUG Engine               - class com.almasb.fxgl.io.FileSystemService
12:47:29.720 [FXGL Background Thread 3 ] DEBUG Engine               - class com.almasb.fxgl.localization.LocalizationService
12:47:29.720 [FXGL Background Thread 3 ] DEBUG Engine               - class com.almasb.fxgl.app.services.SystemBundleService
12:47:29.720 [FXGL Background Thread 3 ] DEBUG Engine               - class com.almasb.fxgl.profile.SaveLoadService
12:47:29.720 [FXGL Background Thread 3 ] DEBUG Engine               - class com.almasb.fxgl.ui.FXGLUIFactoryServiceProvider
12:47:29.720 [FXGL Background Thread 3 ] DEBUG Engine               - class com.almasb.fxgl.ui.FXGLDialogFactoryServiceProvider
12:47:29.722 [FXGL Background Thread 3 ] DEBUG Engine               - class com.almasb.fxgl.audio.AudioPlayer
12:47:29.722 [FXGL Background Thread 3 ] DEBUG Engine               - class com.almasb.fxgl.notification.impl.NotificationServiceProvider
12:47:29.722 [FXGL Background Thread 3 ] DEBUG Engine               - class com.almasb.fxgl.achievement.AchievementService
12:47:29.723 [FXGL Background Thread 3 ] DEBUG Engine               - class com.almasb.fxgl.cutscene.CutsceneService
12:47:29.723 [FXGL Background Thread 3 ] DEBUG Engine               - class com.almasb.fxgl.minigames.MiniGameService
12:47:29.723 [FXGL Background Thread 3 ] DEBUG Engine               - class com.almasb.fxgl.net.NetService
12:47:29.723 [FXGL Background Thread 3 ] DEBUG Engine               - class com.almasb.fxgl.app.services.UpdaterService
12:47:29.723 [FXGL Background Thread 3 ] DEBUG Engine               - class com.almasb.fxgl.dev.DevService
12:47:32.308 [JavaFX Application Thread] DEBUG FXGLAssetLoaderServi - Loading from file system: file:/C:/Users/roan2/Documents/SE-Challengeweek/target/classes/assets/sounds/explode.wav
12:47:34.148 [JavaFX Application Thread] DEBUG FXGLAssetLoaderServi - Loading from file system: file:/C:/Users/roan2/Documents/SE-Challengeweek/target/classes/assets/textures/player_1_move_left.png
12:47:39.476 [JavaFX Application Thread] DEBUG FXGLAssetLoaderServi - Loading from file system: file:/C:/Users/roan2/Documents/SE-Challengeweek/target/classes/assets/textures/player_1_idle_left.png
12:47:42.291 [JavaFX Application Thread] DEBUG FXGLAssetLoaderServi - Loading from file system: file:/C:/Users/roan2/Documents/SE-Challengeweek/target/classes/assets/textures/player_1_move_Up.png
12:47:54.346 [JavaFX Application Thread] DEBUG FXGLApplication      - Exiting FXGL
12:47:54.346 [JavaFX Application Thread] DEBUG LoopRunner           - Stopping loop
12:47:54.347 [JavaFX Application Thread] DEBUG SystemBundleService  - Saving FXGL system data
12:47:54.349 [JavaFX Application Thread] DEBUG FileSystemAccess     - Writing to: C:\Users\roan2\Documents\SE-Challengeweek\system\fxgl.bundle
12:47:54.350 [JavaFX Application Thread] DEBUG Async                - Shutting down background threads
12:47:54.350 [JavaFX Application Thread] DEBUG PrimaryStageWindow   - Closing main window
12:47:54.363 [JavaFX Application Thread] DEBUG Logger               - Closing Logger
