22:23:50.494 [main                     ] DEBUG Logger               - Configured Logger
22:23:50.526 [main                     ] DEBUG GameApplication      - Logging settings
Title: Bomberman SE
Version: 1.0
Width: 960
Height: 832
Fullscreen: false
Intro: false
Profiling: false
Single step:false
App Mode: DEVELOPER
Menu Key: ESCAPE
Stage Style: DECORATED
Scene Factory: class com.almasb.fxgl.app.scene.SceneFactory

22:23:51.337 [JavaFX Application Thread] DEBUG FXGLApplication      - Initializing FXGL
22:23:51.345 [JavaFX Application Thread] INFO  Engine               - FXGL-11.14 (01.03.2021 16.59) on WINDOWS (J:15.0.2 FX:15)
22:23:51.346 [JavaFX Application Thread] DEBUG Engine               - JRE Vendor Name: Amazon.com Inc.
22:23:51.346 [JavaFX Application Thread] DEBUG Engine               - Running on OS: Windows 10 version 10.0
22:23:51.346 [JavaFX Application Thread] DEBUG Engine               - Architecture: amd64
22:23:51.346 [JavaFX Application Thread] INFO  Engine               - Source code and latest versions at: https://github.com/AlmasB/FXGL
22:23:51.346 [JavaFX Application Thread] INFO  Engine               -              Join the FXGL chat at: https://gitter.im/AlmasB/FXGL
22:23:51.492 [JavaFX Application Thread] DEBUG PrimaryStageWindow   - Creating a JavaFX scene
22:23:51.493 [JavaFX Application Thread] DEBUG PrimaryStageWindow   - Target size > screen size
22:23:51.577 [JavaFX Application Thread] DEBUG PrimaryStageWindow   - Target settings size: 960.0 x 832.0
22:23:51.577 [JavaFX Application Thread] DEBUG PrimaryStageWindow   - Scaled scene size:    925.0 x 823.0
22:23:51.577 [JavaFX Application Thread] DEBUG PrimaryStageWindow   - Scaled ratio: (0.9635416666666666, 0.9891826923076923)
22:23:51.578 [JavaFX Application Thread] DEBUG PrimaryStageWindow   - Set initial scene to FXGLStartupScene
22:23:51.588 [JavaFX Application Thread] DEBUG PrimaryStageWindow   - Opening main window
22:23:51.691 [JavaFX Application Thread] DEBUG PrimaryStageWindow   - Window border size: (15.0, 37.79998779296875)
22:23:51.691 [JavaFX Application Thread] DEBUG PrimaryStageWindow   - Scaled size: 925.0 x 823.0
22:23:51.691 [JavaFX Application Thread] DEBUG PrimaryStageWindow   - Scaled ratio: (0.9635416666666666, 0.9891826923076923)
22:23:51.691 [JavaFX Application Thread] DEBUG PrimaryStageWindow   - Scene size: 925.0 x 823.0
22:23:51.691 [JavaFX Application Thread] DEBUG PrimaryStageWindow   - Stage size: 940.0 x 860.7999877929688
22:23:51.700 [FXGL Background Thread 1 ] DEBUG Engine               - Initializing environment variables
22:23:51.745 [FXGL Background Thread 1 ] DEBUG FXGLAssetLoaderServi - User app class for loading assets: class Game
22:23:51.745 [FXGL Background Thread 1 ] DEBUG GameApplicationServi - Applying CSS: fxgl_dark.css
22:23:51.747 [FXGL Background Thread 1 ] DEBUG FXGLAssetLoaderServi - Loading from file system: jar:file:/C:/Users/roan2/.m2/repository/com/github/almasb/fxgl/11.14/fxgl-11.14.jar!/fxglassets/ui/css/fxgl_dark.css
22:23:51.810 [FXGL Background Thread 1 ] DEBUG GameApplicationServi - Initializing application scenes
22:23:51.855 [FXGL Background Thread 1 ] DEBUG GameWorld            - Game world initialized
22:23:51.938 [FXGL Background Thread 1 ] DEBUG PhysicsWorld         - Physics world initialized: appHeight=832, physics.ppm=50.0
22:23:51.939 [FXGL Background Thread 1 ] DEBUG PhysicsWorld         - Using strategy: BRUTE_FORCE
22:23:51.942 [FXGL Background Thread 1 ] DEBUG GameScene            - Game scene initialized: 960x832
22:23:51.990 [FXGL Background Thread 1 ] DEBUG FXGLAssetLoaderServi - Loading from file system: jar:file:/C:/Users/roan2/.m2/repository/com/github/almasb/fxgl/11.14/fxgl-11.14.jar!/fxglassets/textures/particles/trace_horizontal.png
22:23:52.070 [FXGL Background Thread 1 ] DEBUG FXGL.DefaultMenu     - createMenuBodyGameMenu()
22:23:52.095 [FXGL Background Thread 1 ] DEBUG FXGL.DefaultMenu     - createOptionsMenu()
22:23:52.104 [FXGL Background Thread 1 ] DEBUG FXGLAssetLoaderServi - Loading from file system: jar:file:/C:/Users/roan2/.m2/repository/com/github/almasb/fxgl/11.14/fxgl-11.14.jar!/fxglassets/textures/particles/smoke.png
22:23:52.189 [FXGL Background Thread 1 ] DEBUG GameApplicationServi - Application scenes initialized
22:23:52.207 [FXGL Background Thread 1 ] DEBUG SystemBundleService  - Loading FXGL system data
22:23:52.213 [FXGL Background Thread 1 ] DEBUG FileSystemAccess     - Reading from: C:\Users\roan2\Documents\SE-Challengeweek\system\fxgl.bundle
22:23:52.224 [FXGL Background Thread 1 ] DEBUG SystemBundleService  - Bundle FXGL: {}
22:23:52.224 [FXGL Background Thread 1 ] DEBUG UpdaterService       - Checking for updates
22:23:52.233 [FXGL Background Thread 4 ] DEBUG FXGLApplication      - Loading fonts
22:23:52.234 [FXGL Background Thread 1 ] DEBUG FXGLApplication      - Loading default localization
22:23:52.234 [FXGL Background Thread 4 ] DEBUG FXGLAssetLoaderServi - Loading from file system: jar:file:/C:/Users/roan2/.m2/repository/com/github/almasb/fxgl/11.14/fxgl-11.14.jar!/fxglassets/ui/fonts/VarelaRound-Regular.ttf
22:23:52.235 [FXGL Background Thread 1 ] DEBUG FXGLAssetLoaderServi - Loading from file system: jar:file:/C:/Users/roan2/.m2/repository/com/github/almasb/fxgl/11.14/fxgl-11.14.jar!/fxglassets/languages/english.lang
22:23:52.250 [FXGL Background Thread 1 ] INFO  FXGLApplication      - FXGL initialization took: 0.551 sec
22:23:52.268 [JavaFX Application Thread] DEBUG Input                - Registered new binding: action0 - D
22:23:52.269 [JavaFX Application Thread] DEBUG Input                - Registered new binding: action1 - A
22:23:52.270 [JavaFX Application Thread] DEBUG Input                - Registered new binding: action2 - W
22:23:52.270 [JavaFX Application Thread] DEBUG Input                - Registered new binding: action3 - S
22:23:52.271 [JavaFX Application Thread] DEBUG FXGLAssetLoaderServi - Loading from file system: jar:file:/C:/Users/roan2/.m2/repository/com/github/almasb/fxgl/11.14/fxgl-11.14.jar!/fxglassets/textures/fxgl_icon.png
22:23:52.302 [JavaFX Application Thread] DEBUG FXGLAssetLoaderServi - Loading from file system: jar:file:/C:/Users/roan2/.m2/repository/com/github/almasb/fxgl/11.14/fxgl-11.14.jar!/fxglassets/ui/cursors/fxgl_default.png
22:23:52.304 [JavaFX Application Thread] DEBUG Input                - Registered new binding: Screenshot - P
22:23:52.305 [JavaFX Application Thread] DEBUG Input                - Registered new binding: System info dump - CTRL+9
22:23:52.306 [JavaFX Application Thread] DEBUG Input                - Registered new binding: Restart - CTRL+R
22:23:52.307 [JavaFX Application Thread] DEBUG Input                - Registered new binding: Toggle Debug Camera - CTRL+C
22:23:52.309 [JavaFX Application Thread] DEBUG LoopRunner           - Starting loop
22:23:52.310 [JavaFX Application Thread] DEBUG LoopRunner           - Initializing JavaFX AnimationTimerLoop
22:23:52.312 [JavaFX Application Thread] DEBUG GameApplicationServi - Starting new game
22:23:52.312 [JavaFX Application Thread] DEBUG Input                - Clearing active input actions
22:23:52.327 [JavaFX Application Thread] DEBUG GameApplicationServi - Removing overlay from FXGLStartupScene and adding to FXGLLoadingScene
22:23:52.328 [JavaFX Application Thread] DEBUG PrimaryStageWindow   - FXGLStartupScene -> FXGLLoadingScene
22:23:52.328 [JavaFX Application Thread] DEBUG GameApplicationServi - Clearing previous game
22:23:52.328 [JavaFX Application Thread] DEBUG GameScene            - Clearing game scene
22:23:52.329 [JavaFX Application Thread] DEBUG GameWorld            - Clearing game world
22:23:52.329 [JavaFX Application Thread] DEBUG PhysicsWorld         - Clearing physics world
22:23:52.331 [FXGL Background Thread 1 ] DEBUG FXGLApplication      - Initializing game
22:23:52.334 [FXGL Background Thread 1 ] DEBUG FXGLAssetLoaderServi - Loading from file system: file:/C:/Users/roan2/Documents/SE-Challengeweek/target/classes/assets/textures/sprite.png
22:23:52.359 [FXGL Background Thread 4 ] DEBUG FXGLAssetLoaderServi - Loading from file system: jar:file:/C:/Users/roan2/.m2/repository/com/github/almasb/fxgl/11.14/fxgl-11.14.jar!/fxglassets/ui/fonts/Abel-Regular.ttf
22:23:52.363 [FXGL Background Thread 4 ] DEBUG FXGLAssetLoaderServi - Loading from file system: jar:file:/C:/Users/roan2/.m2/repository/com/github/almasb/fxgl/11.14/fxgl-11.14.jar!/fxglassets/ui/fonts/lucida_console.ttf
22:23:52.370 [FXGL Background Thread 4 ] DEBUG FXGLAssetLoaderServi - Loading from file system: jar:file:/C:/Users/roan2/.m2/repository/com/github/almasb/fxgl/11.14/fxgl-11.14.jar!/fxglassets/ui/fonts/Courier-Prime.ttf
22:23:52.382 [JavaFX Application Thread] DEBUG FXGLApplication      - Registering font factories with UI factory
22:23:52.439 [FXGL Background Thread 1 ] INFO  FXGLApplication      - Game initialization took: 0.108 sec
22:23:52.484 [JavaFX Application Thread] DEBUG Input                - Clearing active input actions
22:23:52.525 [JavaFX Application Thread] DEBUG GameApplicationServi - Removing overlay from FXGLLoadingScene and adding to GameScene
22:23:52.526 [JavaFX Application Thread] DEBUG PrimaryStageWindow   - FXGLLoadingScene -> GameScene
22:23:52.923 [FXGL Background Thread 2 ] INFO  UpdaterService       - Your current version:  11.14
22:23:52.924 [FXGL Background Thread 2 ] INFO  UpdaterService       - Latest stable version: 17.1
22:23:55.230 [FXGL Background Thread 3 ] DEBUG Engine               - Logging environment variables
22:23:55.230 [FXGL Background Thread 3 ] DEBUG Engine               - achievements: []
22:23:55.230 [FXGL Background Thread 3 ] DEBUG Engine               - actualHeight: 823.0
22:23:55.230 [FXGL Background Thread 3 ] DEBUG Engine               - actualHeightProperty: ReadOnlyDoubleProperty [value: 823.0]
22:23:55.231 [FXGL Background Thread 3 ] DEBUG Engine               - actualWidth: 925.0
22:23:55.231 [FXGL Background Thread 3 ] DEBUG Engine               - actualWidthProperty: ReadOnlyDoubleProperty [value: 925.0]
22:23:55.231 [FXGL Background Thread 3 ] DEBUG Engine               - appIcon: fxgl_icon.png
22:23:55.231 [FXGL Background Thread 3 ] DEBUG Engine               - applicationMode: DEVELOPER
22:23:55.231 [FXGL Background Thread 3 ] DEBUG Engine               - cSSList: [fxgl_dark.css]
22:23:55.231 [FXGL Background Thread 3 ] DEBUG Engine               - collisionDetectionStrategy: BRUTE_FORCE
22:23:55.231 [FXGL Background Thread 3 ] DEBUG Engine               - configClass: Optional.empty
22:23:55.231 [FXGL Background Thread 3 ] DEBUG Engine               - credits: []
22:23:55.232 [FXGL Background Thread 3 ] DEBUG Engine               - devBBoxColorProperty: ObjectProperty [value: 0xff0000ff]
22:23:55.232 [FXGL Background Thread 3 ] DEBUG Engine               - devEnableDebugCameraProperty: BooleanProperty [value: false]
22:23:55.232 [FXGL Background Thread 3 ] DEBUG Engine               - devSensorColorProperty: ObjectProperty [value: 0xffff00ff]
22:23:55.232 [FXGL Background Thread 3 ] DEBUG Engine               - devShowBBoxProperty: BooleanProperty [value: false]
22:23:55.233 [FXGL Background Thread 3 ] DEBUG Engine               - devShowPositionProperty: BooleanProperty [value: false]
22:23:55.233 [FXGL Background Thread 3 ] DEBUG Engine               - enabledMenuItems: []
22:23:55.233 [FXGL Background Thread 3 ] DEBUG Engine               - engineServices: [class com.almasb.fxgl.app.services.FXGLAssetLoaderService, class com.almasb.fxgl.app.FXGLApplication$GameApplicationService, class com.almasb.fxgl.app.services.FXGLDialogService, class com.almasb.fxgl.app.services.IOTaskExecutorService, class com.almasb.fxgl.event.EventBusService, class com.almasb.fxgl.io.FileSystemService, class com.almasb.fxgl.localization.LocalizationService, class com.almasb.fxgl.app.services.SystemBundleService, class com.almasb.fxgl.profile.SaveLoadService, class com.almasb.fxgl.ui.FXGLUIFactoryServiceProvider, class com.almasb.fxgl.ui.FXGLDialogFactoryServiceProvider, class com.almasb.fxgl.audio.AudioPlayer, class com.almasb.fxgl.notification.impl.NotificationServiceProvider, class com.almasb.fxgl.achievement.AchievementService, class com.almasb.fxgl.cutscene.CutsceneService, class com.almasb.fxgl.minigames.MiniGameService, class com.almasb.fxgl.net.NetService, class com.almasb.fxgl.app.services.UpdaterService, class com.almasb.fxgl.dev.DevService]
22:23:55.233 [FXGL Background Thread 3 ] DEBUG Engine               - fontGame: Abel-Regular.ttf
22:23:55.233 [FXGL Background Thread 3 ] DEBUG Engine               - fontMono: lucida_console.ttf
22:23:55.233 [FXGL Background Thread 3 ] DEBUG Engine               - fontText: Courier-Prime.ttf
22:23:55.233 [FXGL Background Thread 3 ] DEBUG Engine               - fontUI: VarelaRound-Regular.ttf
22:23:55.234 [FXGL Background Thread 3 ] DEBUG Engine               - fullScreen: BooleanProperty [value: false]
22:23:55.234 [FXGL Background Thread 3 ] DEBUG Engine               - gameDifficulty: MEDIUM
22:23:55.234 [FXGL Background Thread 3 ] DEBUG Engine               - gameDifficultyProperty: ObjectProperty [value: MEDIUM]
22:23:55.234 [FXGL Background Thread 3 ] DEBUG Engine               - globalMusicVolume: 0.5
22:23:55.234 [FXGL Background Thread 3 ] DEBUG Engine               - globalMusicVolumeProperty: DoubleProperty [value: 0.5]
22:23:55.234 [FXGL Background Thread 3 ] DEBUG Engine               - globalSoundVolume: 0.5
22:23:55.235 [FXGL Background Thread 3 ] DEBUG Engine               - globalSoundVolumeProperty: DoubleProperty [value: 0.5]
22:23:55.235 [FXGL Background Thread 3 ] DEBUG Engine               - height: 832
22:23:55.235 [FXGL Background Thread 3 ] DEBUG Engine               - isAndroid: false
22:23:55.235 [FXGL Background Thread 3 ] DEBUG Engine               - isBrowser: false
22:23:55.235 [FXGL Background Thread 3 ] DEBUG Engine               - isClickFeedbackEnabled: false
22:23:55.235 [FXGL Background Thread 3 ] DEBUG Engine               - isCloseConfirmation: false
22:23:55.236 [FXGL Background Thread 3 ] DEBUG Engine               - isDesktop: true
22:23:55.236 [FXGL Background Thread 3 ] DEBUG Engine               - isDeveloperMenuEnabled: false
22:23:55.236 [FXGL Background Thread 3 ] DEBUG Engine               - isEntityPreloadEnabled: true
22:23:55.236 [FXGL Background Thread 3 ] DEBUG Engine               - isExperimental3D: false
22:23:55.236 [FXGL Background Thread 3 ] DEBUG Engine               - isExperimentalNative: false
22:23:55.236 [FXGL Background Thread 3 ] DEBUG Engine               - isExperimentalTiledLargeMap: false
22:23:55.236 [FXGL Background Thread 3 ] DEBUG Engine               - isFileSystemWriteAllowed: true
22:23:55.236 [FXGL Background Thread 3 ] DEBUG Engine               - isFullScreenAllowed: false
22:23:55.236 [FXGL Background Thread 3 ] DEBUG Engine               - isFullScreenFromStart: false
22:23:55.237 [FXGL Background Thread 3 ] DEBUG Engine               - isGameMenuEnabled: true
22:23:55.237 [FXGL Background Thread 3 ] DEBUG Engine               - isIOS: false
22:23:55.237 [FXGL Background Thread 3 ] DEBUG Engine               - isIntroEnabled: false
22:23:55.237 [FXGL Background Thread 3 ] DEBUG Engine               - isLinux: false
22:23:55.237 [FXGL Background Thread 3 ] DEBUG Engine               - isMac: false
22:23:55.237 [FXGL Background Thread 3 ] DEBUG Engine               - isMainMenuEnabled: false
22:23:55.237 [FXGL Background Thread 3 ] DEBUG Engine               - isManualResizeEnabled: false
22:23:55.238 [FXGL Background Thread 3 ] DEBUG Engine               - isMobile: false
22:23:55.238 [FXGL Background Thread 3 ] DEBUG Engine               - isPreserveResizeRatio: false
22:23:55.238 [FXGL Background Thread 3 ] DEBUG Engine               - isProfilingEnabled: false
22:23:55.238 [FXGL Background Thread 3 ] DEBUG Engine               - isScaleAffectedOnResize: true
22:23:55.238 [FXGL Background Thread 3 ] DEBUG Engine               - isSingleStep: false
22:23:55.238 [FXGL Background Thread 3 ] DEBUG Engine               - isUserProfileEnabled: false
22:23:55.238 [FXGL Background Thread 3 ] DEBUG Engine               - isWindows: true
22:23:55.238 [FXGL Background Thread 3 ] DEBUG Engine               - language: ObjectProperty [value: ENGLISH]
22:23:55.238 [FXGL Background Thread 3 ] DEBUG Engine               - menuKey: ESCAPE
22:23:55.238 [FXGL Background Thread 3 ] DEBUG Engine               - notificationViewClass: class com.almasb.fxgl.notification.view.XboxNotificationView
22:23:55.239 [FXGL Background Thread 3 ] DEBUG Engine               - pixelsPerMeter: 50.0
22:23:55.239 [FXGL Background Thread 3 ] DEBUG Engine               - platform: WINDOWS
22:23:55.239 [FXGL Background Thread 3 ] DEBUG Engine               - prefHeightProperty: ReadOnlyDoubleProperty [value: 832.0]
22:23:55.239 [FXGL Background Thread 3 ] DEBUG Engine               - prefWidthProperty: ReadOnlyDoubleProperty [value: 960.0]
22:23:55.239 [FXGL Background Thread 3 ] DEBUG Engine               - profileDir: profiles/
22:23:55.239 [FXGL Background Thread 3 ] DEBUG Engine               - profileName: StringProperty [value: DEFAULT]
22:23:55.240 [FXGL Background Thread 3 ] DEBUG Engine               - randomSeed: -1
22:23:55.240 [FXGL Background Thread 3 ] DEBUG Engine               - runtimeInfo: RuntimeInfo(platform=WINDOWS, version=11.14, build=01.03.2021 16.59)
22:23:55.240 [FXGL Background Thread 3 ] DEBUG Engine               - saveFileExt: sav
22:23:55.240 [FXGL Background Thread 3 ] DEBUG Engine               - scaledHeightProp$fxgl: DoubleProperty [bound, value: 823.0]
22:23:55.240 [FXGL Background Thread 3 ] DEBUG Engine               - scaledWidthProp$fxgl: DoubleProperty [bound, value: 925.0]
22:23:55.240 [FXGL Background Thread 3 ] DEBUG Engine               - sceneFactory: com.almasb.fxgl.app.scene.SceneFactory@54867da1
22:23:55.240 [FXGL Background Thread 3 ] DEBUG Engine               - secondsIn24h: 60
22:23:55.240 [FXGL Background Thread 3 ] DEBUG Engine               - soundMenuBack: menu/back.wav
22:23:55.240 [FXGL Background Thread 3 ] DEBUG Engine               - soundMenuPress: menu/press.wav
22:23:55.240 [FXGL Background Thread 3 ] DEBUG Engine               - soundMenuSelect: menu/select.wav
22:23:55.241 [FXGL Background Thread 3 ] DEBUG Engine               - soundNotification: core/notification.wav
22:23:55.241 [FXGL Background Thread 3 ] DEBUG Engine               - stageStyle: DECORATED
22:23:55.241 [FXGL Background Thread 3 ] DEBUG Engine               - supportedLanguages: [ENGLISH, FRENCH, GERMAN, HUNGARIAN, RUSSIAN]
22:23:55.241 [FXGL Background Thread 3 ] DEBUG Engine               - ticksPerSecond: -1
22:23:55.241 [FXGL Background Thread 3 ] DEBUG Engine               - title: Bomberman SE
22:23:55.241 [FXGL Background Thread 3 ] DEBUG Engine               - urlGithub: https://github.com/AlmasB/FXGL
22:23:55.241 [FXGL Background Thread 3 ] DEBUG Engine               - urlLeaderboard: http://fxgl-top.herokuapp.com/
22:23:55.242 [FXGL Background Thread 3 ] DEBUG Engine               - urlPOM: https://raw.githubusercontent.com/AlmasB/FXGL/release/README.md
22:23:55.242 [FXGL Background Thread 3 ] DEBUG Engine               - userAppClass: class Game
22:23:55.242 [FXGL Background Thread 3 ] DEBUG Engine               - version: 1.0
22:23:55.242 [FXGL Background Thread 3 ] DEBUG Engine               - versionCheckDays: 7
22:23:55.242 [FXGL Background Thread 3 ] DEBUG Engine               - width: 960
22:23:55.242 [FXGL Background Thread 3 ] DEBUG Engine               - Logging services
22:23:55.242 [FXGL Background Thread 3 ] DEBUG Engine               - class com.almasb.fxgl.app.services.FXGLAssetLoaderService
22:23:55.242 [FXGL Background Thread 3 ] DEBUG Engine               - class com.almasb.fxgl.app.FXGLApplication$GameApplicationService
22:23:55.242 [FXGL Background Thread 3 ] DEBUG Engine               - class com.almasb.fxgl.app.services.FXGLDialogService
22:23:55.243 [FXGL Background Thread 3 ] DEBUG Engine               - class com.almasb.fxgl.app.services.IOTaskExecutorService
22:23:55.243 [FXGL Background Thread 3 ] DEBUG Engine               - class com.almasb.fxgl.event.EventBusService
22:23:55.243 [FXGL Background Thread 3 ] DEBUG Engine               - class com.almasb.fxgl.io.FileSystemService
22:23:55.243 [FXGL Background Thread 3 ] DEBUG Engine               - class com.almasb.fxgl.localization.LocalizationService
22:23:55.243 [FXGL Background Thread 3 ] DEBUG Engine               - class com.almasb.fxgl.app.services.SystemBundleService
22:23:55.243 [FXGL Background Thread 3 ] DEBUG Engine               - class com.almasb.fxgl.profile.SaveLoadService
22:23:55.243 [FXGL Background Thread 3 ] DEBUG Engine               - class com.almasb.fxgl.ui.FXGLUIFactoryServiceProvider
22:23:55.243 [FXGL Background Thread 3 ] DEBUG Engine               - class com.almasb.fxgl.ui.FXGLDialogFactoryServiceProvider
22:23:55.243 [FXGL Background Thread 3 ] DEBUG Engine               - class com.almasb.fxgl.audio.AudioPlayer
22:23:55.243 [FXGL Background Thread 3 ] DEBUG Engine               - class com.almasb.fxgl.notification.impl.NotificationServiceProvider
22:23:55.244 [FXGL Background Thread 3 ] DEBUG Engine               - class com.almasb.fxgl.achievement.AchievementService
22:23:55.244 [FXGL Background Thread 3 ] DEBUG Engine               - class com.almasb.fxgl.cutscene.CutsceneService
22:23:55.244 [FXGL Background Thread 3 ] DEBUG Engine               - class com.almasb.fxgl.minigames.MiniGameService
22:23:55.244 [FXGL Background Thread 3 ] DEBUG Engine               - class com.almasb.fxgl.net.NetService
22:23:55.244 [FXGL Background Thread 3 ] DEBUG Engine               - class com.almasb.fxgl.app.services.UpdaterService
22:23:55.244 [FXGL Background Thread 3 ] DEBUG Engine               - class com.almasb.fxgl.dev.DevService
22:24:59.903 [JavaFX Application Thread] DEBUG LoopRunner           - Pausing loop
22:25:07.633 [JavaFX Application Thread] DEBUG LoopRunner           - Resuming loop
22:25:57.414 [JavaFX Application Thread] DEBUG FXGLApplication      - Exiting FXGL
22:25:57.415 [JavaFX Application Thread] DEBUG LoopRunner           - Stopping loop
22:25:57.415 [JavaFX Application Thread] DEBUG SystemBundleService  - Saving FXGL system data
22:25:57.417 [JavaFX Application Thread] DEBUG FileSystemAccess     - Writing to: C:\Users\roan2\Documents\SE-Challengeweek\system\fxgl.bundle
22:25:57.418 [JavaFX Application Thread] DEBUG Async                - Shutting down background threads
22:25:57.418 [JavaFX Application Thread] DEBUG PrimaryStageWindow   - Closing main window
22:25:57.428 [JavaFX Application Thread] DEBUG Logger               - Closing Logger
