10:48:43.149 [main                     ] DEBUG Logger               - Configured Logger
10:48:43.157 [main                     ] DEBUG GameApplication      - Logging settings
Title: Bomberman SE
Version: 1.0
Width: 960
Height: 832
Fullscreen: false
Intro: false
Profiling: false
Single step:false
App Mode: DEVELOPER
Menu Key: ESCAPE
Stage Style: DECORATED
Scene Factory: class UI.MySceneFactory

10:48:43.556 [JavaFX Application Thread] DEBUG FXGLApplication      - Initializing FXGL
10:48:43.559 [JavaFX Application Thread] INFO  Engine               - FXGL-11.14 (01.03.2021 16.59) on WINDOWS (J:15.0.2 FX:15)
10:48:43.559 [JavaFX Application Thread] DEBUG Engine               - JRE Vendor Name: Amazon.com Inc.
10:48:43.559 [JavaFX Application Thread] DEBUG Engine               - Running on OS: Windows 10 version 10.0
10:48:43.559 [JavaFX Application Thread] DEBUG Engine               - Architecture: amd64
10:48:43.560 [JavaFX Application Thread] INFO  Engine               - Source code and latest versions at: https://github.com/AlmasB/FXGL
10:48:43.560 [JavaFX Application Thread] INFO  Engine               -              Join the FXGL chat at: https://gitter.im/AlmasB/FXGL
10:48:43.695 [JavaFX Application Thread] DEBUG PrimaryStageWindow   - Creating a JavaFX scene
10:48:43.695 [JavaFX Application Thread] DEBUG PrimaryStageWindow   - Target size > screen size
10:48:43.751 [JavaFX Application Thread] DEBUG PrimaryStageWindow   - Target settings size: 960.0 x 832.0
10:48:43.751 [JavaFX Application Thread] DEBUG PrimaryStageWindow   - Scaled scene size:    925.0 x 823.0
10:48:43.751 [JavaFX Application Thread] DEBUG PrimaryStageWindow   - Scaled ratio: (0.9635416666666666, 0.9891826923076923)
10:48:43.753 [JavaFX Application Thread] DEBUG PrimaryStageWindow   - Set initial scene to FXGLStartupScene
10:48:43.760 [JavaFX Application Thread] DEBUG PrimaryStageWindow   - Opening main window
10:48:43.857 [JavaFX Application Thread] DEBUG PrimaryStageWindow   - Window border size: (15.0, 37.79998779296875)
10:48:43.857 [JavaFX Application Thread] DEBUG PrimaryStageWindow   - Scaled size: 925.0 x 823.0
10:48:43.857 [JavaFX Application Thread] DEBUG PrimaryStageWindow   - Scaled ratio: (0.9635416666666666, 0.9891826923076923)
10:48:43.857 [JavaFX Application Thread] DEBUG PrimaryStageWindow   - Scene size: 925.0 x 823.0
10:48:43.857 [JavaFX Application Thread] DEBUG PrimaryStageWindow   - Stage size: 940.0 x 860.7999877929688
10:48:43.866 [FXGL Background Thread 1 ] DEBUG Engine               - Initializing environment variables
10:48:43.903 [FXGL Background Thread 1 ] DEBUG FXGLAssetLoaderServi - User app class for loading assets: class Game
10:48:43.903 [FXGL Background Thread 1 ] DEBUG GameApplicationServi - Applying CSS: fxgl_dark.css
10:48:43.904 [FXGL Background Thread 1 ] DEBUG FXGLAssetLoaderServi - Loading from file system: jar:file:/C:/Users/roan2/.m2/repository/com/github/almasb/fxgl/11.14/fxgl-11.14.jar!/fxglassets/ui/css/fxgl_dark.css
10:48:43.953 [FXGL Background Thread 1 ] DEBUG GameApplicationServi - Initializing application scenes
10:48:43.986 [FXGL Background Thread 1 ] DEBUG GameWorld            - Game world initialized
10:48:44.041 [FXGL Background Thread 1 ] DEBUG PhysicsWorld         - Physics world initialized: appHeight=832, physics.ppm=50.0
10:48:44.042 [FXGL Background Thread 1 ] DEBUG PhysicsWorld         - Using strategy: BRUTE_FORCE
10:48:44.044 [FXGL Background Thread 1 ] DEBUG GameScene            - Game scene initialized: 960x832
10:48:44.084 [FXGL Background Thread 1 ] DEBUG FXGLAssetLoaderServi - Loading from file system: jar:file:/C:/Users/roan2/.m2/repository/com/github/almasb/fxgl/11.14/fxgl-11.14.jar!/fxglassets/textures/particles/trace_horizontal.png
10:48:44.141 [FXGL Background Thread 1 ] DEBUG FXGL.DefaultMenu     - createMenuBodyGameMenu()
10:48:44.154 [FXGL Background Thread 1 ] DEBUG FXGL.DefaultMenu     - createOptionsMenu()
10:48:44.159 [FXGL Background Thread 1 ] DEBUG FXGLAssetLoaderServi - Loading from file system: jar:file:/C:/Users/roan2/.m2/repository/com/github/almasb/fxgl/11.14/fxgl-11.14.jar!/fxglassets/textures/particles/smoke.png
10:48:44.209 [FXGL Background Thread 1 ] DEBUG GameApplicationServi - Application scenes initialized
10:48:44.219 [FXGL Background Thread 1 ] DEBUG SystemBundleService  - Loading FXGL system data
10:48:44.223 [FXGL Background Thread 1 ] DEBUG FileSystemAccess     - Reading from: C:\Users\roan2\Documents\SE-Challengeweek\system\fxgl.bundle
10:48:44.229 [FXGL Background Thread 1 ] DEBUG SystemBundleService  - Bundle FXGL: {}
10:48:44.229 [FXGL Background Thread 1 ] DEBUG UpdaterService       - Checking for updates
10:48:44.235 [FXGL Background Thread 4 ] DEBUG FXGLApplication      - Loading fonts
10:48:44.236 [FXGL Background Thread 1 ] DEBUG FXGLApplication      - Loading default localization
10:48:44.236 [FXGL Background Thread 4 ] DEBUG FXGLAssetLoaderServi - Loading from file system: jar:file:/C:/Users/roan2/.m2/repository/com/github/almasb/fxgl/11.14/fxgl-11.14.jar!/fxglassets/ui/fonts/VarelaRound-Regular.ttf
10:48:44.237 [FXGL Background Thread 1 ] DEBUG FXGLAssetLoaderServi - Loading from file system: jar:file:/C:/Users/roan2/.m2/repository/com/github/almasb/fxgl/11.14/fxgl-11.14.jar!/fxglassets/languages/english.lang
10:48:44.253 [FXGL Background Thread 1 ] INFO  FXGLApplication      - FXGL initialization took: 0.387 sec
10:48:44.259 [JavaFX Application Thread] DEBUG FXGLAssetLoaderServi - Loading from file system: file:/C:/Users/roan2/Documents/SE-Challengeweek/target/classes/assets/textures/sprite.png
10:48:44.285 [JavaFX Application Thread] DEBUG Input                - Registered new binding: action0 - W
10:48:44.285 [JavaFX Application Thread] DEBUG Input                - Registered new binding: action1 - S
10:48:44.285 [JavaFX Application Thread] DEBUG Input                - Registered new binding: action2 - A
10:48:44.286 [JavaFX Application Thread] DEBUG Input                - Registered new binding: action3 - D
10:48:44.287 [JavaFX Application Thread] DEBUG FXGLAssetLoaderServi - Loading from file system: jar:file:/C:/Users/roan2/.m2/repository/com/github/almasb/fxgl/11.14/fxgl-11.14.jar!/fxglassets/textures/fxgl_icon.png
10:48:44.306 [JavaFX Application Thread] DEBUG FXGLAssetLoaderServi - Loading from file system: jar:file:/C:/Users/roan2/.m2/repository/com/github/almasb/fxgl/11.14/fxgl-11.14.jar!/fxglassets/ui/cursors/fxgl_default.png
10:48:44.309 [JavaFX Application Thread] DEBUG Input                - Registered new binding: Screenshot - P
10:48:44.310 [JavaFX Application Thread] DEBUG Input                - Registered new binding: System info dump - CTRL+9
10:48:44.311 [JavaFX Application Thread] DEBUG Input                - Registered new binding: Restart - CTRL+R
10:48:44.311 [JavaFX Application Thread] DEBUG Input                - Registered new binding: Toggle Debug Camera - CTRL+C
10:48:44.314 [JavaFX Application Thread] DEBUG LoopRunner           - Starting loop
10:48:44.314 [JavaFX Application Thread] DEBUG LoopRunner           - Initializing JavaFX AnimationTimerLoop
10:48:44.316 [JavaFX Application Thread] DEBUG Input                - Clearing active input actions
10:48:44.320 [FXGL Background Thread 4 ] DEBUG FXGLAssetLoaderServi - Loading from file system: jar:file:/C:/Users/roan2/.m2/repository/com/github/almasb/fxgl/11.14/fxgl-11.14.jar!/fxglassets/ui/fonts/Abel-Regular.ttf
10:48:44.322 [FXGL Background Thread 4 ] DEBUG FXGLAssetLoaderServi - Loading from file system: jar:file:/C:/Users/roan2/.m2/repository/com/github/almasb/fxgl/11.14/fxgl-11.14.jar!/fxglassets/ui/fonts/lucida_console.ttf
10:48:44.324 [JavaFX Application Thread] DEBUG GameApplicationServi - Removing overlay from FXGLStartupScene and adding to FXGLMainMenuDummyScene
10:48:44.324 [JavaFX Application Thread] DEBUG PrimaryStageWindow   - FXGLStartupScene -> FXGLMainMenuDummyScene
10:48:44.324 [JavaFX Application Thread] DEBUG PrimaryStageWindow   - Push state: MyMenu
10:48:44.324 [JavaFX Application Thread] DEBUG Input                - Clearing active input actions
10:48:44.327 [FXGL Background Thread 4 ] DEBUG FXGLAssetLoaderServi - Loading from file system: jar:file:/C:/Users/roan2/.m2/repository/com/github/almasb/fxgl/11.14/fxgl-11.14.jar!/fxglassets/ui/fonts/Courier-Prime.ttf
10:48:44.331 [JavaFX Application Thread] DEBUG GameApplicationServi - Removing overlay from FXGLMainMenuDummyScene and adding to MyMenu
10:48:44.331 [JavaFX Application Thread] DEBUG PrimaryStageWindow   - FXGLMainMenuDummyScene -> MyMenu
10:48:44.383 [JavaFX Application Thread] DEBUG FXGLApplication      - Registering font factories with UI factory
10:48:44.581 [FXGL Background Thread 2 ] INFO  UpdaterService       - Your current version:  11.14
10:48:44.582 [FXGL Background Thread 2 ] INFO  UpdaterService       - Latest stable version: 17.1
10:48:47.234 [FXGL Background Thread 3 ] DEBUG Engine               - Logging environment variables
10:48:47.235 [FXGL Background Thread 3 ] DEBUG Engine               - achievements: []
10:48:47.236 [FXGL Background Thread 3 ] DEBUG Engine               - actualHeight: 823.0
10:48:47.236 [FXGL Background Thread 3 ] DEBUG Engine               - actualHeightProperty: ReadOnlyDoubleProperty [value: 823.0]
10:48:47.237 [FXGL Background Thread 3 ] DEBUG Engine               - actualWidth: 925.0
10:48:47.238 [FXGL Background Thread 3 ] DEBUG Engine               - actualWidthProperty: ReadOnlyDoubleProperty [value: 925.0]
10:48:47.238 [FXGL Background Thread 3 ] DEBUG Engine               - appIcon: fxgl_icon.png
10:48:47.238 [FXGL Background Thread 3 ] DEBUG Engine               - applicationMode: DEVELOPER
10:48:47.239 [FXGL Background Thread 3 ] DEBUG Engine               - cSSList: [fxgl_dark.css]
10:48:47.239 [FXGL Background Thread 3 ] DEBUG Engine               - collisionDetectionStrategy: BRUTE_FORCE
10:48:47.240 [FXGL Background Thread 3 ] DEBUG Engine               - configClass: Optional.empty
10:48:47.240 [FXGL Background Thread 3 ] DEBUG Engine               - credits: []
10:48:47.241 [FXGL Background Thread 3 ] DEBUG Engine               - devBBoxColorProperty: ObjectProperty [value: 0xff0000ff]
10:48:47.241 [FXGL Background Thread 3 ] DEBUG Engine               - devEnableDebugCameraProperty: BooleanProperty [value: false]
10:48:47.243 [FXGL Background Thread 3 ] DEBUG Engine               - devSensorColorProperty: ObjectProperty [value: 0xffff00ff]
10:48:47.243 [FXGL Background Thread 3 ] DEBUG Engine               - devShowBBoxProperty: BooleanProperty [value: false]
10:48:47.244 [FXGL Background Thread 3 ] DEBUG Engine               - devShowPositionProperty: BooleanProperty [value: false]
10:48:47.244 [FXGL Background Thread 3 ] DEBUG Engine               - enabledMenuItems: []
10:48:47.245 [FXGL Background Thread 3 ] DEBUG Engine               - engineServices: [class com.almasb.fxgl.app.services.FXGLAssetLoaderService, class com.almasb.fxgl.app.FXGLApplication$GameApplicationService, class com.almasb.fxgl.app.services.FXGLDialogService, class com.almasb.fxgl.app.services.IOTaskExecutorService, class com.almasb.fxgl.event.EventBusService, class com.almasb.fxgl.io.FileSystemService, class com.almasb.fxgl.localization.LocalizationService, class com.almasb.fxgl.app.services.SystemBundleService, class com.almasb.fxgl.profile.SaveLoadService, class com.almasb.fxgl.ui.FXGLUIFactoryServiceProvider, class com.almasb.fxgl.ui.FXGLDialogFactoryServiceProvider, class com.almasb.fxgl.audio.AudioPlayer, class com.almasb.fxgl.notification.impl.NotificationServiceProvider, class com.almasb.fxgl.achievement.AchievementService, class com.almasb.fxgl.cutscene.CutsceneService, class com.almasb.fxgl.minigames.MiniGameService, class com.almasb.fxgl.net.NetService, class com.almasb.fxgl.app.services.UpdaterService, class com.almasb.fxgl.dev.DevService]
10:48:47.245 [FXGL Background Thread 3 ] DEBUG Engine               - fontGame: Abel-Regular.ttf
10:48:47.245 [FXGL Background Thread 3 ] DEBUG Engine               - fontMono: lucida_console.ttf
10:48:47.246 [FXGL Background Thread 3 ] DEBUG Engine               - fontText: Courier-Prime.ttf
10:48:47.246 [FXGL Background Thread 3 ] DEBUG Engine               - fontUI: VarelaRound-Regular.ttf
10:48:47.247 [FXGL Background Thread 3 ] DEBUG Engine               - fullScreen: BooleanProperty [value: false]
10:48:47.247 [FXGL Background Thread 3 ] DEBUG Engine               - gameDifficulty: MEDIUM
10:48:47.247 [FXGL Background Thread 3 ] DEBUG Engine               - gameDifficultyProperty: ObjectProperty [value: MEDIUM]
10:48:47.248 [FXGL Background Thread 3 ] DEBUG Engine               - globalMusicVolume: 0.5
10:48:47.248 [FXGL Background Thread 3 ] DEBUG Engine               - globalMusicVolumeProperty: DoubleProperty [value: 0.5]
10:48:47.249 [FXGL Background Thread 3 ] DEBUG Engine               - globalSoundVolume: 0.5
10:48:47.250 [FXGL Background Thread 3 ] DEBUG Engine               - globalSoundVolumeProperty: DoubleProperty [value: 0.5]
10:48:47.250 [FXGL Background Thread 3 ] DEBUG Engine               - height: 832
10:48:47.251 [FXGL Background Thread 3 ] DEBUG Engine               - isAndroid: false
10:48:47.251 [FXGL Background Thread 3 ] DEBUG Engine               - isBrowser: false
10:48:47.252 [FXGL Background Thread 3 ] DEBUG Engine               - isClickFeedbackEnabled: false
10:48:47.252 [FXGL Background Thread 3 ] DEBUG Engine               - isCloseConfirmation: false
10:48:47.253 [FXGL Background Thread 3 ] DEBUG Engine               - isDesktop: true
10:48:47.253 [FXGL Background Thread 3 ] DEBUG Engine               - isDeveloperMenuEnabled: false
10:48:47.253 [FXGL Background Thread 3 ] DEBUG Engine               - isEntityPreloadEnabled: true
10:48:47.254 [FXGL Background Thread 3 ] DEBUG Engine               - isExperimental3D: false
10:48:47.254 [FXGL Background Thread 3 ] DEBUG Engine               - isExperimentalNative: false
10:48:47.255 [FXGL Background Thread 3 ] DEBUG Engine               - isExperimentalTiledLargeMap: false
10:48:47.255 [FXGL Background Thread 3 ] DEBUG Engine               - isFileSystemWriteAllowed: true
10:48:47.255 [FXGL Background Thread 3 ] DEBUG Engine               - isFullScreenAllowed: false
10:48:47.256 [FXGL Background Thread 3 ] DEBUG Engine               - isFullScreenFromStart: false
10:48:47.256 [FXGL Background Thread 3 ] DEBUG Engine               - isGameMenuEnabled: true
10:48:47.257 [FXGL Background Thread 3 ] DEBUG Engine               - isIOS: false
10:48:47.257 [FXGL Background Thread 3 ] DEBUG Engine               - isIntroEnabled: false
10:48:47.258 [FXGL Background Thread 3 ] DEBUG Engine               - isLinux: false
10:48:47.258 [FXGL Background Thread 3 ] DEBUG Engine               - isMac: false
10:48:47.259 [FXGL Background Thread 3 ] DEBUG Engine               - isMainMenuEnabled: true
10:48:47.259 [FXGL Background Thread 3 ] DEBUG Engine               - isManualResizeEnabled: false
10:48:47.259 [FXGL Background Thread 3 ] DEBUG Engine               - isMobile: false
10:48:47.260 [FXGL Background Thread 3 ] DEBUG Engine               - isPreserveResizeRatio: false
10:48:47.260 [FXGL Background Thread 3 ] DEBUG Engine               - isProfilingEnabled: false
10:48:47.260 [FXGL Background Thread 3 ] DEBUG Engine               - isScaleAffectedOnResize: true
10:48:47.261 [FXGL Background Thread 3 ] DEBUG Engine               - isSingleStep: false
10:48:47.261 [FXGL Background Thread 3 ] DEBUG Engine               - isUserProfileEnabled: false
10:48:47.262 [FXGL Background Thread 3 ] DEBUG Engine               - isWindows: true
10:48:47.262 [FXGL Background Thread 3 ] DEBUG Engine               - language: ObjectProperty [value: ENGLISH]
10:48:47.262 [FXGL Background Thread 3 ] DEBUG Engine               - menuKey: ESCAPE
10:48:47.263 [FXGL Background Thread 3 ] DEBUG Engine               - notificationViewClass: class com.almasb.fxgl.notification.view.XboxNotificationView
10:48:47.264 [FXGL Background Thread 3 ] DEBUG Engine               - pixelsPerMeter: 50.0
10:48:47.264 [FXGL Background Thread 3 ] DEBUG Engine               - platform: WINDOWS
10:48:47.264 [FXGL Background Thread 3 ] DEBUG Engine               - prefHeightProperty: ReadOnlyDoubleProperty [value: 832.0]
10:48:47.265 [FXGL Background Thread 3 ] DEBUG Engine               - prefWidthProperty: ReadOnlyDoubleProperty [value: 960.0]
10:48:47.265 [FXGL Background Thread 3 ] DEBUG Engine               - profileDir: profiles/
10:48:47.266 [FXGL Background Thread 3 ] DEBUG Engine               - profileName: StringProperty [value: DEFAULT]
10:48:47.266 [FXGL Background Thread 3 ] DEBUG Engine               - randomSeed: -1
10:48:47.266 [FXGL Background Thread 3 ] DEBUG Engine               - runtimeInfo: RuntimeInfo(platform=WINDOWS, version=11.14, build=01.03.2021 16.59)
10:48:47.267 [FXGL Background Thread 3 ] DEBUG Engine               - saveFileExt: sav
10:48:47.267 [FXGL Background Thread 3 ] DEBUG Engine               - scaledHeightProp$fxgl: DoubleProperty [bound, value: 823.0]
10:48:47.267 [FXGL Background Thread 3 ] DEBUG Engine               - scaledWidthProp$fxgl: DoubleProperty [bound, value: 925.0]
10:48:47.267 [FXGL Background Thread 3 ] DEBUG Engine               - sceneFactory: UI.MySceneFactory@71a38d9d
10:48:47.267 [FXGL Background Thread 3 ] DEBUG Engine               - secondsIn24h: 60
10:48:47.268 [FXGL Background Thread 3 ] DEBUG Engine               - soundMenuBack: menu/back.wav
10:48:47.268 [FXGL Background Thread 3 ] DEBUG Engine               - soundMenuPress: menu/press.wav
10:48:47.268 [FXGL Background Thread 3 ] DEBUG Engine               - soundMenuSelect: menu/select.wav
10:48:47.270 [FXGL Background Thread 3 ] DEBUG Engine               - soundNotification: core/notification.wav
10:48:47.270 [FXGL Background Thread 3 ] DEBUG Engine               - stageStyle: DECORATED
10:48:47.271 [FXGL Background Thread 3 ] DEBUG Engine               - supportedLanguages: [ENGLISH, FRENCH, GERMAN, HUNGARIAN, RUSSIAN]
10:48:47.271 [FXGL Background Thread 3 ] DEBUG Engine               - ticksPerSecond: -1
10:48:47.272 [FXGL Background Thread 3 ] DEBUG Engine               - title: Bomberman SE
10:48:47.272 [FXGL Background Thread 3 ] DEBUG Engine               - urlGithub: https://github.com/AlmasB/FXGL
10:48:47.272 [FXGL Background Thread 3 ] DEBUG Engine               - urlLeaderboard: http://fxgl-top.herokuapp.com/
10:48:47.273 [FXGL Background Thread 3 ] DEBUG Engine               - urlPOM: https://raw.githubusercontent.com/AlmasB/FXGL/release/README.md
10:48:47.273 [FXGL Background Thread 3 ] DEBUG Engine               - userAppClass: class Game
10:48:47.273 [FXGL Background Thread 3 ] DEBUG Engine               - version: 1.0
10:48:47.274 [FXGL Background Thread 3 ] DEBUG Engine               - versionCheckDays: 7
10:48:47.274 [FXGL Background Thread 3 ] DEBUG Engine               - width: 960
10:48:47.274 [FXGL Background Thread 3 ] DEBUG Engine               - Logging services
10:48:47.274 [FXGL Background Thread 3 ] DEBUG Engine               - class com.almasb.fxgl.app.services.FXGLAssetLoaderService
10:48:47.274 [FXGL Background Thread 3 ] DEBUG Engine               - class com.almasb.fxgl.app.FXGLApplication$GameApplicationService
10:48:47.275 [FXGL Background Thread 3 ] DEBUG Engine               - class com.almasb.fxgl.app.services.FXGLDialogService
10:48:47.275 [FXGL Background Thread 3 ] DEBUG Engine               - class com.almasb.fxgl.app.services.IOTaskExecutorService
10:48:47.275 [FXGL Background Thread 3 ] DEBUG Engine               - class com.almasb.fxgl.event.EventBusService
10:48:47.276 [FXGL Background Thread 3 ] DEBUG Engine               - class com.almasb.fxgl.io.FileSystemService
10:48:47.276 [FXGL Background Thread 3 ] DEBUG Engine               - class com.almasb.fxgl.localization.LocalizationService
10:48:47.276 [FXGL Background Thread 3 ] DEBUG Engine               - class com.almasb.fxgl.app.services.SystemBundleService
10:48:47.277 [FXGL Background Thread 3 ] DEBUG Engine               - class com.almasb.fxgl.profile.SaveLoadService
10:48:47.277 [FXGL Background Thread 3 ] DEBUG Engine               - class com.almasb.fxgl.ui.FXGLUIFactoryServiceProvider
10:48:47.277 [FXGL Background Thread 3 ] DEBUG Engine               - class com.almasb.fxgl.ui.FXGLDialogFactoryServiceProvider
10:48:47.278 [FXGL Background Thread 3 ] DEBUG Engine               - class com.almasb.fxgl.audio.AudioPlayer
10:48:47.278 [FXGL Background Thread 3 ] DEBUG Engine               - class com.almasb.fxgl.notification.impl.NotificationServiceProvider
10:48:47.278 [FXGL Background Thread 3 ] DEBUG Engine               - class com.almasb.fxgl.achievement.AchievementService
10:48:47.279 [FXGL Background Thread 3 ] DEBUG Engine               - class com.almasb.fxgl.cutscene.CutsceneService
10:48:47.279 [FXGL Background Thread 3 ] DEBUG Engine               - class com.almasb.fxgl.minigames.MiniGameService
10:48:47.279 [FXGL Background Thread 3 ] DEBUG Engine               - class com.almasb.fxgl.net.NetService
10:48:47.279 [FXGL Background Thread 3 ] DEBUG Engine               - class com.almasb.fxgl.app.services.UpdaterService
10:48:47.280 [FXGL Background Thread 3 ] DEBUG Engine               - class com.almasb.fxgl.dev.DevService
10:48:50.771 [JavaFX Application Thread] DEBUG FXGLApplication      - Exiting FXGL
10:48:50.772 [JavaFX Application Thread] DEBUG LoopRunner           - Stopping loop
10:48:50.772 [JavaFX Application Thread] DEBUG SystemBundleService  - Saving FXGL system data
10:48:50.774 [JavaFX Application Thread] DEBUG FileSystemAccess     - Writing to: C:\Users\roan2\Documents\SE-Challengeweek\system\fxgl.bundle
10:48:50.775 [JavaFX Application Thread] DEBUG Async                - Shutting down background threads
10:48:50.775 [JavaFX Application Thread] DEBUG PrimaryStageWindow   - Closing main window
10:48:50.802 [JavaFX Application Thread] DEBUG Logger               - Closing Logger
