11:21:37.808 [main                     ] DEBUG Logger               - Configured Logger
11:21:37.837 [main                     ] DEBUG GameApplication      - Logging settings
Title: Bomberman SE
Version: 1.0
Width: 960
Height: 832
Fullscreen: false
Intro: false
Profiling: false
Single step:false
App Mode: DEVELOPER
Menu Key: ESCAPE
Stage Style: DECORATED
Scene Factory: class com.almasb.fxgl.app.scene.SceneFactory

11:21:38.326 [JavaFX Application Thread] DEBUG FXGLApplication      - Initializing FXGL
11:21:38.328 [JavaFX Application Thread] INFO  Engine               - FXGL-11.14 (01.03.2021 16.59) on WINDOWS (J:15.0.2 FX:15)
11:21:38.329 [JavaFX Application Thread] DEBUG Engine               - JRE Vendor Name: Amazon.com Inc.
11:21:38.329 [JavaFX Application Thread] DEBUG Engine               - Running on OS: Windows 10 version 10.0
11:21:38.329 [JavaFX Application Thread] DEBUG Engine               - Architecture: amd64
11:21:38.330 [JavaFX Application Thread] INFO  Engine               - Source code and latest versions at: https://github.com/AlmasB/FXGL
11:21:38.330 [JavaFX Application Thread] INFO  Engine               -              Join the FXGL chat at: https://gitter.im/AlmasB/FXGL
11:21:38.482 [JavaFX Application Thread] DEBUG PrimaryStageWindow   - Creating a JavaFX scene
11:21:38.482 [JavaFX Application Thread] DEBUG PrimaryStageWindow   - Target size > screen size
11:21:38.554 [JavaFX Application Thread] DEBUG PrimaryStageWindow   - Target settings size: 960.0 x 832.0
11:21:38.554 [JavaFX Application Thread] DEBUG PrimaryStageWindow   - Scaled scene size:    925.0 x 823.0
11:21:38.554 [JavaFX Application Thread] DEBUG PrimaryStageWindow   - Scaled ratio: (0.9635416666666666, 0.9891826923076923)
11:21:38.555 [JavaFX Application Thread] DEBUG PrimaryStageWindow   - Set initial scene to FXGLStartupScene
11:21:38.564 [JavaFX Application Thread] DEBUG PrimaryStageWindow   - Opening main window
11:21:38.677 [JavaFX Application Thread] DEBUG PrimaryStageWindow   - Window border size: (15.0, 37.79998779296875)
11:21:38.678 [JavaFX Application Thread] DEBUG PrimaryStageWindow   - Scaled size: 925.0 x 823.0
11:21:38.678 [JavaFX Application Thread] DEBUG PrimaryStageWindow   - Scaled ratio: (0.9635416666666666, 0.9891826923076923)
11:21:38.678 [JavaFX Application Thread] DEBUG PrimaryStageWindow   - Scene size: 925.0 x 823.0
11:21:38.679 [JavaFX Application Thread] DEBUG PrimaryStageWindow   - Stage size: 940.0 x 860.7999877929688
11:21:38.688 [FXGL Background Thread 1 ] DEBUG Engine               - Initializing environment variables
11:21:38.728 [FXGL Background Thread 1 ] DEBUG FXGLAssetLoaderServi - User app class for loading assets: class Game
11:21:38.729 [FXGL Background Thread 1 ] DEBUG GameApplicationServi - Applying CSS: fxgl_dark.css
11:21:38.729 [FXGL Background Thread 1 ] DEBUG FXGLAssetLoaderServi - Loading from file system: jar:file:/C:/Users/diewe/.m2/repository/com/github/almasb/fxgl/11.14/fxgl-11.14.jar!/fxglassets/ui/css/fxgl_dark.css
11:21:38.775 [FXGL Background Thread 1 ] DEBUG GameApplicationServi - Initializing application scenes
11:21:38.822 [FXGL Background Thread 1 ] DEBUG GameWorld            - Game world initialized
11:21:38.898 [FXGL Background Thread 1 ] DEBUG PhysicsWorld         - Physics world initialized: appHeight=832, physics.ppm=50,0
11:21:38.899 [FXGL Background Thread 1 ] DEBUG PhysicsWorld         - Using strategy: BRUTE_FORCE
11:21:38.902 [FXGL Background Thread 1 ] DEBUG GameScene            - Game scene initialized: 960x832
11:21:38.946 [FXGL Background Thread 1 ] DEBUG FXGLAssetLoaderServi - Loading from file system: jar:file:/C:/Users/diewe/.m2/repository/com/github/almasb/fxgl/11.14/fxgl-11.14.jar!/fxglassets/textures/particles/trace_horizontal.png
11:21:38.989 [FXGL Background Thread 1 ] DEBUG FXGL.DefaultMenu     - createMenuBodyGameMenu()
11:21:39.004 [FXGL Background Thread 1 ] DEBUG FXGL.DefaultMenu     - createOptionsMenu()
11:21:39.008 [FXGL Background Thread 1 ] DEBUG FXGLAssetLoaderServi - Loading from file system: jar:file:/C:/Users/diewe/.m2/repository/com/github/almasb/fxgl/11.14/fxgl-11.14.jar!/fxglassets/textures/particles/smoke.png
11:21:39.076 [FXGL Background Thread 1 ] DEBUG GameApplicationServi - Application scenes initialized
11:21:39.086 [FXGL Background Thread 1 ] DEBUG SystemBundleService  - Loading FXGL system data
11:21:39.091 [FXGL Background Thread 1 ] DEBUG FileSystemAccess     - Reading from: C:\Users\diewe\OneDrive\Documenten\GitHub\SE-Challengeweek\system\fxgl.bundle
11:21:39.098 [FXGL Background Thread 1 ] DEBUG SystemBundleService  - Bundle FXGL: {}
11:21:39.099 [FXGL Background Thread 1 ] DEBUG UpdaterService       - Checking for updates
11:21:39.104 [FXGL Background Thread 4 ] DEBUG FXGLApplication      - Loading fonts
11:21:39.104 [FXGL Background Thread 1 ] DEBUG FXGLApplication      - Loading default localization
11:21:39.104 [FXGL Background Thread 4 ] DEBUG FXGLAssetLoaderServi - Loading from file system: jar:file:/C:/Users/diewe/.m2/repository/com/github/almasb/fxgl/11.14/fxgl-11.14.jar!/fxglassets/ui/fonts/VarelaRound-Regular.ttf
11:21:39.105 [FXGL Background Thread 1 ] DEBUG FXGLAssetLoaderServi - Loading from file system: jar:file:/C:/Users/diewe/.m2/repository/com/github/almasb/fxgl/11.14/fxgl-11.14.jar!/fxglassets/languages/english.lang
11:21:39.125 [FXGL Background Thread 1 ] INFO  FXGLApplication      - FXGL initialization took: 0,436 sec
11:21:39.134 [JavaFX Application Thread] DEBUG Input                - Registered new binding: action0 - D
11:21:39.135 [JavaFX Application Thread] DEBUG Input                - Registered new binding: action1 - A
11:21:39.136 [JavaFX Application Thread] DEBUG Input                - Registered new binding: action2 - W
11:21:39.136 [JavaFX Application Thread] DEBUG Input                - Registered new binding: action3 - S
11:21:39.137 [JavaFX Application Thread] DEBUG FXGLAssetLoaderServi - Loading from file system: jar:file:/C:/Users/diewe/.m2/repository/com/github/almasb/fxgl/11.14/fxgl-11.14.jar!/fxglassets/textures/fxgl_icon.png
11:21:39.171 [JavaFX Application Thread] DEBUG FXGLAssetLoaderServi - Loading from file system: jar:file:/C:/Users/diewe/.m2/repository/com/github/almasb/fxgl/11.14/fxgl-11.14.jar!/fxglassets/ui/cursors/fxgl_default.png
11:21:39.174 [JavaFX Application Thread] DEBUG Input                - Registered new binding: Screenshot - P
11:21:39.174 [JavaFX Application Thread] DEBUG Input                - Registered new binding: System info dump - CTRL+9
11:21:39.175 [JavaFX Application Thread] DEBUG Input                - Registered new binding: Restart - CTRL+R
11:21:39.177 [JavaFX Application Thread] DEBUG Input                - Registered new binding: Toggle Debug Camera - CTRL+C
11:21:39.180 [JavaFX Application Thread] DEBUG LoopRunner           - Starting loop
11:21:39.180 [JavaFX Application Thread] DEBUG LoopRunner           - Initializing JavaFX AnimationTimerLoop
11:21:39.181 [JavaFX Application Thread] DEBUG GameApplicationServi - Starting new game
11:21:39.182 [JavaFX Application Thread] DEBUG Input                - Clearing active input actions
11:21:39.195 [JavaFX Application Thread] DEBUG GameApplicationServi - Removing overlay from FXGLStartupScene and adding to FXGLLoadingScene
11:21:39.195 [JavaFX Application Thread] DEBUG PrimaryStageWindow   - FXGLStartupScene -> FXGLLoadingScene
11:21:39.195 [JavaFX Application Thread] DEBUG GameApplicationServi - Clearing previous game
11:21:39.196 [JavaFX Application Thread] DEBUG GameScene            - Clearing game scene
11:21:39.196 [JavaFX Application Thread] DEBUG GameWorld            - Clearing game world
11:21:39.196 [JavaFX Application Thread] DEBUG PhysicsWorld         - Clearing physics world
11:21:39.198 [FXGL Background Thread 1 ] DEBUG FXGLApplication      - Initializing game
11:21:39.199 [FXGL Background Thread 4 ] DEBUG FXGLAssetLoaderServi - Loading from file system: jar:file:/C:/Users/diewe/.m2/repository/com/github/almasb/fxgl/11.14/fxgl-11.14.jar!/fxglassets/ui/fonts/Abel-Regular.ttf
11:21:39.200 [FXGL Background Thread 1 ] DEBUG FXGLAssetLoaderServi - Loading from file system: file:/C:/Users/diewe/OneDrive/Documenten/GitHub/SE-Challengeweek/target/classes/assets/textures/sprite.png
11:21:39.270 [FXGL Background Thread 1 ] INFO  FXGLApplication      - Game initialization took: 0,071 sec
11:21:39.287 [FXGL Background Thread 4 ] DEBUG FXGLAssetLoaderServi - Loading from file system: jar:file:/C:/Users/diewe/.m2/repository/com/github/almasb/fxgl/11.14/fxgl-11.14.jar!/fxglassets/ui/fonts/lucida_console.ttf
11:21:39.302 [FXGL Background Thread 4 ] DEBUG FXGLAssetLoaderServi - Loading from file system: jar:file:/C:/Users/diewe/.m2/repository/com/github/almasb/fxgl/11.14/fxgl-11.14.jar!/fxglassets/ui/fonts/Courier-Prime.ttf
11:21:39.326 [JavaFX Application Thread] DEBUG Input                - Clearing active input actions
11:21:39.345 [JavaFX Application Thread] DEBUG GameApplicationServi - Removing overlay from FXGLLoadingScene and adding to GameScene
11:21:39.346 [JavaFX Application Thread] DEBUG PrimaryStageWindow   - FXGLLoadingScene -> GameScene
11:21:39.346 [JavaFX Application Thread] DEBUG FXGLApplication      - Registering font factories with UI factory
11:21:39.542 [FXGL Background Thread 2 ] INFO  UpdaterService       - Your current version:  11.14
11:21:39.542 [FXGL Background Thread 2 ] INFO  UpdaterService       - Latest stable version: 17.1
11:21:42.103 [FXGL Background Thread 3 ] DEBUG Engine               - Logging environment variables
11:21:42.103 [FXGL Background Thread 3 ] DEBUG Engine               - achievements: []
11:21:42.103 [FXGL Background Thread 3 ] DEBUG Engine               - actualHeight: 823.0
11:21:42.103 [FXGL Background Thread 3 ] DEBUG Engine               - actualHeightProperty: ReadOnlyDoubleProperty [value: 823.0]
11:21:42.103 [FXGL Background Thread 3 ] DEBUG Engine               - actualWidth: 925.0
11:21:42.103 [FXGL Background Thread 3 ] DEBUG Engine               - actualWidthProperty: ReadOnlyDoubleProperty [value: 925.0]
11:21:42.103 [FXGL Background Thread 3 ] DEBUG Engine               - appIcon: fxgl_icon.png
11:21:42.103 [FXGL Background Thread 3 ] DEBUG Engine               - applicationMode: DEVELOPER
11:21:42.104 [FXGL Background Thread 3 ] DEBUG Engine               - cSSList: [fxgl_dark.css]
11:21:42.104 [FXGL Background Thread 3 ] DEBUG Engine               - collisionDetectionStrategy: BRUTE_FORCE
11:21:42.104 [FXGL Background Thread 3 ] DEBUG Engine               - configClass: Optional.empty
11:21:42.104 [FXGL Background Thread 3 ] DEBUG Engine               - credits: []
11:21:42.104 [FXGL Background Thread 3 ] DEBUG Engine               - devBBoxColorProperty: ObjectProperty [value: 0xff0000ff]
11:21:42.104 [FXGL Background Thread 3 ] DEBUG Engine               - devEnableDebugCameraProperty: BooleanProperty [value: false]
11:21:42.105 [FXGL Background Thread 3 ] DEBUG Engine               - devSensorColorProperty: ObjectProperty [value: 0xffff00ff]
11:21:42.105 [FXGL Background Thread 3 ] DEBUG Engine               - devShowBBoxProperty: BooleanProperty [value: false]
11:21:42.105 [FXGL Background Thread 3 ] DEBUG Engine               - devShowPositionProperty: BooleanProperty [value: false]
11:21:42.105 [FXGL Background Thread 3 ] DEBUG Engine               - enabledMenuItems: []
11:21:42.105 [FXGL Background Thread 3 ] DEBUG Engine               - engineServices: [class com.almasb.fxgl.app.services.FXGLAssetLoaderService, class com.almasb.fxgl.app.FXGLApplication$GameApplicationService, class com.almasb.fxgl.app.services.FXGLDialogService, class com.almasb.fxgl.app.services.IOTaskExecutorService, class com.almasb.fxgl.event.EventBusService, class com.almasb.fxgl.io.FileSystemService, class com.almasb.fxgl.localization.LocalizationService, class com.almasb.fxgl.app.services.SystemBundleService, class com.almasb.fxgl.profile.SaveLoadService, class com.almasb.fxgl.ui.FXGLUIFactoryServiceProvider, class com.almasb.fxgl.ui.FXGLDialogFactoryServiceProvider, class com.almasb.fxgl.audio.AudioPlayer, class com.almasb.fxgl.notification.impl.NotificationServiceProvider, class com.almasb.fxgl.achievement.AchievementService, class com.almasb.fxgl.cutscene.CutsceneService, class com.almasb.fxgl.minigames.MiniGameService, class com.almasb.fxgl.net.NetService, class com.almasb.fxgl.app.services.UpdaterService, class com.almasb.fxgl.dev.DevService]
11:21:42.105 [FXGL Background Thread 3 ] DEBUG Engine               - fontGame: Abel-Regular.ttf
11:21:42.106 [FXGL Background Thread 3 ] DEBUG Engine               - fontMono: lucida_console.ttf
11:21:42.106 [FXGL Background Thread 3 ] DEBUG Engine               - fontText: Courier-Prime.ttf
11:21:42.106 [FXGL Background Thread 3 ] DEBUG Engine               - fontUI: VarelaRound-Regular.ttf
11:21:42.106 [FXGL Background Thread 3 ] DEBUG Engine               - fullScreen: BooleanProperty [value: false]
11:21:42.106 [FXGL Background Thread 3 ] DEBUG Engine               - gameDifficulty: MEDIUM
11:21:42.106 [FXGL Background Thread 3 ] DEBUG Engine               - gameDifficultyProperty: ObjectProperty [value: MEDIUM]
11:21:42.106 [FXGL Background Thread 3 ] DEBUG Engine               - globalMusicVolume: 0.5
11:21:42.106 [FXGL Background Thread 3 ] DEBUG Engine               - globalMusicVolumeProperty: DoubleProperty [value: 0.5]
11:21:42.107 [FXGL Background Thread 3 ] DEBUG Engine               - globalSoundVolume: 0.5
11:21:42.107 [FXGL Background Thread 3 ] DEBUG Engine               - globalSoundVolumeProperty: DoubleProperty [value: 0.5]
11:21:42.107 [FXGL Background Thread 3 ] DEBUG Engine               - height: 832
11:21:42.107 [FXGL Background Thread 3 ] DEBUG Engine               - isAndroid: false
11:21:42.108 [FXGL Background Thread 3 ] DEBUG Engine               - isBrowser: false
11:21:42.108 [FXGL Background Thread 3 ] DEBUG Engine               - isClickFeedbackEnabled: false
11:21:42.108 [FXGL Background Thread 3 ] DEBUG Engine               - isCloseConfirmation: false
11:21:42.108 [FXGL Background Thread 3 ] DEBUG Engine               - isDesktop: true
11:21:42.108 [FXGL Background Thread 3 ] DEBUG Engine               - isDeveloperMenuEnabled: false
11:21:42.108 [FXGL Background Thread 3 ] DEBUG Engine               - isEntityPreloadEnabled: true
11:21:42.109 [FXGL Background Thread 3 ] DEBUG Engine               - isExperimental3D: false
11:21:42.109 [FXGL Background Thread 3 ] DEBUG Engine               - isExperimentalNative: false
11:21:42.109 [FXGL Background Thread 3 ] DEBUG Engine               - isExperimentalTiledLargeMap: false
11:21:42.109 [FXGL Background Thread 3 ] DEBUG Engine               - isFileSystemWriteAllowed: true
11:21:42.109 [FXGL Background Thread 3 ] DEBUG Engine               - isFullScreenAllowed: false
11:21:42.109 [FXGL Background Thread 3 ] DEBUG Engine               - isFullScreenFromStart: false
11:21:42.110 [FXGL Background Thread 3 ] DEBUG Engine               - isGameMenuEnabled: true
11:21:42.110 [FXGL Background Thread 3 ] DEBUG Engine               - isIOS: false
11:21:42.110 [FXGL Background Thread 3 ] DEBUG Engine               - isIntroEnabled: false
11:21:42.110 [FXGL Background Thread 3 ] DEBUG Engine               - isLinux: false
11:21:42.110 [FXGL Background Thread 3 ] DEBUG Engine               - isMac: false
11:21:42.110 [FXGL Background Thread 3 ] DEBUG Engine               - isMainMenuEnabled: false
11:21:42.110 [FXGL Background Thread 3 ] DEBUG Engine               - isManualResizeEnabled: false
11:21:42.111 [FXGL Background Thread 3 ] DEBUG Engine               - isMobile: false
11:21:42.111 [FXGL Background Thread 3 ] DEBUG Engine               - isPreserveResizeRatio: false
11:21:42.111 [FXGL Background Thread 3 ] DEBUG Engine               - isProfilingEnabled: false
11:21:42.111 [FXGL Background Thread 3 ] DEBUG Engine               - isScaleAffectedOnResize: true
11:21:42.111 [FXGL Background Thread 3 ] DEBUG Engine               - isSingleStep: false
11:21:42.111 [FXGL Background Thread 3 ] DEBUG Engine               - isUserProfileEnabled: false
11:21:42.111 [FXGL Background Thread 3 ] DEBUG Engine               - isWindows: true
11:21:42.111 [FXGL Background Thread 3 ] DEBUG Engine               - language: ObjectProperty [value: ENGLISH]
11:21:42.111 [FXGL Background Thread 3 ] DEBUG Engine               - menuKey: ESCAPE
11:21:42.112 [FXGL Background Thread 3 ] DEBUG Engine               - notificationViewClass: class com.almasb.fxgl.notification.view.XboxNotificationView
11:21:42.112 [FXGL Background Thread 3 ] DEBUG Engine               - pixelsPerMeter: 50.0
11:21:42.112 [FXGL Background Thread 3 ] DEBUG Engine               - platform: WINDOWS
11:21:42.112 [FXGL Background Thread 3 ] DEBUG Engine               - prefHeightProperty: ReadOnlyDoubleProperty [value: 832.0]
11:21:42.112 [FXGL Background Thread 3 ] DEBUG Engine               - prefWidthProperty: ReadOnlyDoubleProperty [value: 960.0]
11:21:42.113 [FXGL Background Thread 3 ] DEBUG Engine               - profileDir: profiles/
11:21:42.113 [FXGL Background Thread 3 ] DEBUG Engine               - profileName: StringProperty [value: DEFAULT]
11:21:42.113 [FXGL Background Thread 3 ] DEBUG Engine               - randomSeed: -1
11:21:42.113 [FXGL Background Thread 3 ] DEBUG Engine               - runtimeInfo: RuntimeInfo(platform=WINDOWS, version=11.14, build=01.03.2021 16.59)
11:21:42.113 [FXGL Background Thread 3 ] DEBUG Engine               - saveFileExt: sav
11:21:42.113 [FXGL Background Thread 3 ] DEBUG Engine               - scaledHeightProp$fxgl: DoubleProperty [bound, value: 823.0]
11:21:42.114 [FXGL Background Thread 3 ] DEBUG Engine               - scaledWidthProp$fxgl: DoubleProperty [bound, value: 925.0]
11:21:42.114 [FXGL Background Thread 3 ] DEBUG Engine               - sceneFactory: com.almasb.fxgl.app.scene.SceneFactory@8b0da74
11:21:42.114 [FXGL Background Thread 3 ] DEBUG Engine               - secondsIn24h: 60
11:21:42.114 [FXGL Background Thread 3 ] DEBUG Engine               - soundMenuBack: menu/back.wav
11:21:42.114 [FXGL Background Thread 3 ] DEBUG Engine               - soundMenuPress: menu/press.wav
11:21:42.115 [FXGL Background Thread 3 ] DEBUG Engine               - soundMenuSelect: menu/select.wav
11:21:42.115 [FXGL Background Thread 3 ] DEBUG Engine               - soundNotification: core/notification.wav
11:21:42.115 [FXGL Background Thread 3 ] DEBUG Engine               - stageStyle: DECORATED
11:21:42.115 [FXGL Background Thread 3 ] DEBUG Engine               - supportedLanguages: [ENGLISH, FRENCH, GERMAN, HUNGARIAN, RUSSIAN]
11:21:42.115 [FXGL Background Thread 3 ] DEBUG Engine               - ticksPerSecond: -1
11:21:42.115 [FXGL Background Thread 3 ] DEBUG Engine               - title: Bomberman SE
11:21:42.115 [FXGL Background Thread 3 ] DEBUG Engine               - urlGithub: https://github.com/AlmasB/FXGL
11:21:42.115 [FXGL Background Thread 3 ] DEBUG Engine               - urlLeaderboard: http://fxgl-top.herokuapp.com/
11:21:42.115 [FXGL Background Thread 3 ] DEBUG Engine               - urlPOM: https://raw.githubusercontent.com/AlmasB/FXGL/release/README.md
11:21:42.116 [FXGL Background Thread 3 ] DEBUG Engine               - userAppClass: class Game
11:21:42.116 [FXGL Background Thread 3 ] DEBUG Engine               - version: 1.0
11:21:42.116 [FXGL Background Thread 3 ] DEBUG Engine               - versionCheckDays: 7
11:21:42.116 [FXGL Background Thread 3 ] DEBUG Engine               - width: 960
11:21:42.116 [FXGL Background Thread 3 ] DEBUG Engine               - Logging services
11:21:42.116 [FXGL Background Thread 3 ] DEBUG Engine               - class com.almasb.fxgl.app.services.FXGLAssetLoaderService
11:21:42.116 [FXGL Background Thread 3 ] DEBUG Engine               - class com.almasb.fxgl.app.FXGLApplication$GameApplicationService
11:21:42.117 [FXGL Background Thread 3 ] DEBUG Engine               - class com.almasb.fxgl.app.services.FXGLDialogService
11:21:42.117 [FXGL Background Thread 3 ] DEBUG Engine               - class com.almasb.fxgl.app.services.IOTaskExecutorService
11:21:42.117 [FXGL Background Thread 3 ] DEBUG Engine               - class com.almasb.fxgl.event.EventBusService
11:21:42.117 [FXGL Background Thread 3 ] DEBUG Engine               - class com.almasb.fxgl.io.FileSystemService
11:21:42.117 [FXGL Background Thread 3 ] DEBUG Engine               - class com.almasb.fxgl.localization.LocalizationService
11:21:42.117 [FXGL Background Thread 3 ] DEBUG Engine               - class com.almasb.fxgl.app.services.SystemBundleService
11:21:42.118 [FXGL Background Thread 3 ] DEBUG Engine               - class com.almasb.fxgl.profile.SaveLoadService
11:21:42.118 [FXGL Background Thread 3 ] DEBUG Engine               - class com.almasb.fxgl.ui.FXGLUIFactoryServiceProvider
11:21:42.118 [FXGL Background Thread 3 ] DEBUG Engine               - class com.almasb.fxgl.ui.FXGLDialogFactoryServiceProvider
11:21:42.118 [FXGL Background Thread 3 ] DEBUG Engine               - class com.almasb.fxgl.audio.AudioPlayer
11:21:42.118 [FXGL Background Thread 3 ] DEBUG Engine               - class com.almasb.fxgl.notification.impl.NotificationServiceProvider
11:21:42.118 [FXGL Background Thread 3 ] DEBUG Engine               - class com.almasb.fxgl.achievement.AchievementService
11:21:42.118 [FXGL Background Thread 3 ] DEBUG Engine               - class com.almasb.fxgl.cutscene.CutsceneService
11:21:42.119 [FXGL Background Thread 3 ] DEBUG Engine               - class com.almasb.fxgl.minigames.MiniGameService
11:21:42.119 [FXGL Background Thread 3 ] DEBUG Engine               - class com.almasb.fxgl.net.NetService
11:21:42.119 [FXGL Background Thread 3 ] DEBUG Engine               - class com.almasb.fxgl.app.services.UpdaterService
11:21:42.119 [FXGL Background Thread 3 ] DEBUG Engine               - class com.almasb.fxgl.dev.DevService
11:25:19.077 [JavaFX Application Thread] DEBUG FXGLApplication      - Exiting FXGL
11:25:19.077 [JavaFX Application Thread] DEBUG LoopRunner           - Stopping loop
11:25:19.078 [JavaFX Application Thread] DEBUG SystemBundleService  - Saving FXGL system data
11:25:19.090 [JavaFX Application Thread] DEBUG FileSystemAccess     - Writing to: C:\Users\diewe\OneDrive\Documenten\GitHub\SE-Challengeweek\system\fxgl.bundle
11:25:19.093 [JavaFX Application Thread] DEBUG Async                - Shutting down background threads
11:25:19.094 [JavaFX Application Thread] DEBUG PrimaryStageWindow   - Closing main window
11:25:19.111 [JavaFX Application Thread] DEBUG Logger               - Closing Logger
