13:41:26.101 [main                     ] DEBUG Logger               - Configured Logger
13:41:26.117 [main                     ] DEBUG GameApplication      - Logging settings
Title: Bomberman SE
Version: 1.0
Width: 960
Height: 832
Fullscreen: false
Intro: false
Profiling: false
Single step:false
App Mode: DEVELOPER
Menu Key: ESCAPE
Stage Style: DECORATED
Scene Factory: class com.almasb.fxgl.app.scene.SceneFactory

13:41:26.500 [JavaFX Application Thread] DEBUG FXGLApplication      - Initializing FXGL
13:41:26.502 [JavaFX Application Thread] INFO  Engine               - FXGL-11.14 (01.03.2021 16.59) on WINDOWS (J:15.0.2 FX:15)
13:41:26.502 [JavaFX Application Thread] DEBUG Engine               - JRE Vendor Name: Amazon.com Inc.
13:41:26.502 [JavaFX Application Thread] DEBUG Engine               - Running on OS: Windows 10 version 10.0
13:41:26.503 [JavaFX Application Thread] DEBUG Engine               - Architecture: amd64
13:41:26.503 [JavaFX Application Thread] INFO  Engine               - Source code and latest versions at: https://github.com/AlmasB/FXGL
13:41:26.503 [JavaFX Application Thread] INFO  Engine               -              Join the FXGL chat at: https://gitter.im/AlmasB/FXGL
13:41:26.638 [JavaFX Application Thread] DEBUG PrimaryStageWindow   - Creating a JavaFX scene
13:41:26.638 [JavaFX Application Thread] DEBUG PrimaryStageWindow   - Target size > screen size
13:41:26.709 [JavaFX Application Thread] DEBUG PrimaryStageWindow   - Target settings size: 960.0 x 832.0
13:41:26.709 [JavaFX Application Thread] DEBUG PrimaryStageWindow   - Scaled scene size:    925.0 x 823.0
13:41:26.709 [JavaFX Application Thread] DEBUG PrimaryStageWindow   - Scaled ratio: (0.9635416666666666, 0.9891826923076923)
13:41:26.710 [JavaFX Application Thread] DEBUG PrimaryStageWindow   - Set initial scene to FXGLStartupScene
13:41:26.719 [JavaFX Application Thread] DEBUG PrimaryStageWindow   - Opening main window
13:41:26.838 [JavaFX Application Thread] DEBUG PrimaryStageWindow   - Window border size: (15.0, 37.79998779296875)
13:41:26.839 [JavaFX Application Thread] DEBUG PrimaryStageWindow   - Scaled size: 925.0 x 823.0
13:41:26.840 [JavaFX Application Thread] DEBUG PrimaryStageWindow   - Scaled ratio: (0.9635416666666666, 0.9891826923076923)
13:41:26.840 [JavaFX Application Thread] DEBUG PrimaryStageWindow   - Scene size: 925.0 x 823.0
13:41:26.841 [JavaFX Application Thread] DEBUG PrimaryStageWindow   - Stage size: 940.0 x 860.7999877929688
13:41:26.855 [FXGL Background Thread 1 ] DEBUG Engine               - Initializing environment variables
13:41:26.900 [FXGL Background Thread 1 ] DEBUG FXGLAssetLoaderServi - User app class for loading assets: class Game
13:41:26.901 [FXGL Background Thread 1 ] DEBUG GameApplicationServi - Applying CSS: fxgl_dark.css
13:41:26.902 [FXGL Background Thread 1 ] DEBUG FXGLAssetLoaderServi - Loading from file system: jar:file:/C:/Users/diewe/.m2/repository/com/github/almasb/fxgl/11.14/fxgl-11.14.jar!/fxglassets/ui/css/fxgl_dark.css
13:41:26.980 [FXGL Background Thread 1 ] DEBUG GameApplicationServi - Initializing application scenes
13:41:27.032 [FXGL Background Thread 1 ] DEBUG GameWorld            - Game world initialized
13:41:27.109 [FXGL Background Thread 1 ] DEBUG PhysicsWorld         - Physics world initialized: appHeight=832, physics.ppm=50,0
13:41:27.110 [FXGL Background Thread 1 ] DEBUG PhysicsWorld         - Using strategy: BRUTE_FORCE
13:41:27.112 [FXGL Background Thread 1 ] DEBUG GameScene            - Game scene initialized: 960x832
13:41:27.148 [FXGL Background Thread 1 ] DEBUG FXGLAssetLoaderServi - Loading from file system: jar:file:/C:/Users/diewe/.m2/repository/com/github/almasb/fxgl/11.14/fxgl-11.14.jar!/fxglassets/textures/particles/trace_horizontal.png
13:41:27.213 [FXGL Background Thread 1 ] DEBUG FXGL.DefaultMenu     - createMenuBodyGameMenu()
13:41:27.236 [FXGL Background Thread 1 ] DEBUG FXGL.DefaultMenu     - createOptionsMenu()
13:41:27.243 [FXGL Background Thread 1 ] DEBUG FXGLAssetLoaderServi - Loading from file system: jar:file:/C:/Users/diewe/.m2/repository/com/github/almasb/fxgl/11.14/fxgl-11.14.jar!/fxglassets/textures/particles/smoke.png
13:41:27.303 [FXGL Background Thread 1 ] DEBUG GameApplicationServi - Application scenes initialized
13:41:27.319 [FXGL Background Thread 1 ] DEBUG SystemBundleService  - Loading FXGL system data
13:41:27.325 [FXGL Background Thread 1 ] DEBUG FileSystemAccess     - Reading from: C:\Users\diewe\OneDrive\Documenten\GitHub\SE-Challengeweek\system\fxgl.bundle
13:41:27.333 [FXGL Background Thread 1 ] DEBUG SystemBundleService  - Bundle FXGL: {}
13:41:27.333 [FXGL Background Thread 1 ] DEBUG UpdaterService       - Checking for updates
13:41:27.339 [FXGL Background Thread 4 ] DEBUG FXGLApplication      - Loading fonts
13:41:27.339 [FXGL Background Thread 1 ] DEBUG FXGLApplication      - Loading default localization
13:41:27.339 [FXGL Background Thread 1 ] DEBUG FXGLAssetLoaderServi - Loading from file system: jar:file:/C:/Users/diewe/.m2/repository/com/github/almasb/fxgl/11.14/fxgl-11.14.jar!/fxglassets/languages/english.lang
13:41:27.339 [FXGL Background Thread 4 ] DEBUG FXGLAssetLoaderServi - Loading from file system: jar:file:/C:/Users/diewe/.m2/repository/com/github/almasb/fxgl/11.14/fxgl-11.14.jar!/fxglassets/ui/fonts/VarelaRound-Regular.ttf
13:41:27.363 [FXGL Background Thread 1 ] INFO  FXGLApplication      - FXGL initialization took: 0,507 sec
13:41:27.376 [JavaFX Application Thread] DEBUG Input                - Registered new binding: action0 - W
13:41:27.377 [JavaFX Application Thread] DEBUG Input                - Registered new binding: action1 - S
13:41:27.378 [JavaFX Application Thread] DEBUG Input                - Registered new binding: action2 - A
13:41:27.379 [JavaFX Application Thread] DEBUG Input                - Registered new binding: action3 - D
13:41:27.380 [JavaFX Application Thread] DEBUG FXGLAssetLoaderServi - Loading from file system: jar:file:/C:/Users/diewe/.m2/repository/com/github/almasb/fxgl/11.14/fxgl-11.14.jar!/fxglassets/textures/fxgl_icon.png
13:41:27.414 [JavaFX Application Thread] DEBUG FXGLAssetLoaderServi - Loading from file system: jar:file:/C:/Users/diewe/.m2/repository/com/github/almasb/fxgl/11.14/fxgl-11.14.jar!/fxglassets/ui/cursors/fxgl_default.png
13:41:27.416 [JavaFX Application Thread] DEBUG Input                - Registered new binding: Screenshot - P
13:41:27.417 [JavaFX Application Thread] DEBUG Input                - Registered new binding: System info dump - CTRL+9
13:41:27.418 [JavaFX Application Thread] DEBUG Input                - Registered new binding: Restart - CTRL+R
13:41:27.419 [JavaFX Application Thread] DEBUG Input                - Registered new binding: Toggle Debug Camera - CTRL+C
13:41:27.422 [JavaFX Application Thread] DEBUG LoopRunner           - Starting loop
13:41:27.423 [JavaFX Application Thread] DEBUG LoopRunner           - Initializing JavaFX AnimationTimerLoop
13:41:27.425 [JavaFX Application Thread] DEBUG GameApplicationServi - Starting new game
13:41:27.425 [JavaFX Application Thread] DEBUG Input                - Clearing active input actions
13:41:27.439 [JavaFX Application Thread] DEBUG GameApplicationServi - Removing overlay from FXGLStartupScene and adding to FXGLLoadingScene
13:41:27.439 [JavaFX Application Thread] DEBUG PrimaryStageWindow   - FXGLStartupScene -> FXGLLoadingScene
13:41:27.439 [JavaFX Application Thread] DEBUG GameApplicationServi - Clearing previous game
13:41:27.440 [JavaFX Application Thread] DEBUG GameScene            - Clearing game scene
13:41:27.440 [JavaFX Application Thread] DEBUG GameWorld            - Clearing game world
13:41:27.440 [JavaFX Application Thread] DEBUG PhysicsWorld         - Clearing physics world
13:41:27.442 [FXGL Background Thread 1 ] DEBUG FXGLApplication      - Initializing game
13:41:27.445 [FXGL Background Thread 1 ] DEBUG FXGLAssetLoaderServi - Loading from file system: file:/C:/Users/diewe/OneDrive/Documenten/GitHub/SE-Challengeweek/target/classes/assets/textures/BombermanGroot1.png
13:41:27.522 [FXGL Background Thread 1 ] INFO  FXGLApplication      - Game initialization took: 0,080 sec
13:41:27.526 [FXGL Background Thread 4 ] DEBUG FXGLAssetLoaderServi - Loading from file system: jar:file:/C:/Users/diewe/.m2/repository/com/github/almasb/fxgl/11.14/fxgl-11.14.jar!/fxglassets/ui/fonts/Abel-Regular.ttf
13:41:27.538 [FXGL Background Thread 4 ] DEBUG FXGLAssetLoaderServi - Loading from file system: jar:file:/C:/Users/diewe/.m2/repository/com/github/almasb/fxgl/11.14/fxgl-11.14.jar!/fxglassets/ui/fonts/lucida_console.ttf
13:41:27.553 [FXGL Background Thread 4 ] DEBUG FXGLAssetLoaderServi - Loading from file system: jar:file:/C:/Users/diewe/.m2/repository/com/github/almasb/fxgl/11.14/fxgl-11.14.jar!/fxglassets/ui/fonts/Courier-Prime.ttf
13:41:27.588 [JavaFX Application Thread] DEBUG Input                - Clearing active input actions
13:41:27.604 [JavaFX Application Thread] DEBUG GameApplicationServi - Removing overlay from FXGLLoadingScene and adding to GameScene
13:41:27.605 [JavaFX Application Thread] DEBUG PrimaryStageWindow   - FXGLLoadingScene -> GameScene
13:41:27.610 [JavaFX Application Thread] DEBUG FXGLApplication      - Registering font factories with UI factory
13:41:27.844 [FXGL Background Thread 2 ] INFO  UpdaterService       - Your current version:  11.14
13:41:27.845 [FXGL Background Thread 2 ] INFO  UpdaterService       - Latest stable version: 17.1
13:41:30.338 [FXGL Background Thread 3 ] DEBUG Engine               - Logging environment variables
13:41:30.338 [FXGL Background Thread 3 ] DEBUG Engine               - achievements: []
13:41:30.338 [FXGL Background Thread 3 ] DEBUG Engine               - actualHeight: 823.0
13:41:30.339 [FXGL Background Thread 3 ] DEBUG Engine               - actualHeightProperty: ReadOnlyDoubleProperty [value: 823.0]
13:41:30.339 [FXGL Background Thread 3 ] DEBUG Engine               - actualWidth: 925.0
13:41:30.339 [FXGL Background Thread 3 ] DEBUG Engine               - actualWidthProperty: ReadOnlyDoubleProperty [value: 925.0]
13:41:30.339 [FXGL Background Thread 3 ] DEBUG Engine               - appIcon: fxgl_icon.png
13:41:30.339 [FXGL Background Thread 3 ] DEBUG Engine               - applicationMode: DEVELOPER
13:41:30.340 [FXGL Background Thread 3 ] DEBUG Engine               - cSSList: [fxgl_dark.css]
13:41:30.340 [FXGL Background Thread 3 ] DEBUG Engine               - collisionDetectionStrategy: BRUTE_FORCE
13:41:30.340 [FXGL Background Thread 3 ] DEBUG Engine               - configClass: Optional.empty
13:41:30.340 [FXGL Background Thread 3 ] DEBUG Engine               - credits: []
13:41:30.340 [FXGL Background Thread 3 ] DEBUG Engine               - devBBoxColorProperty: ObjectProperty [value: 0xff0000ff]
13:41:30.341 [FXGL Background Thread 3 ] DEBUG Engine               - devEnableDebugCameraProperty: BooleanProperty [value: false]
13:41:30.341 [FXGL Background Thread 3 ] DEBUG Engine               - devSensorColorProperty: ObjectProperty [value: 0xffff00ff]
13:41:30.341 [FXGL Background Thread 3 ] DEBUG Engine               - devShowBBoxProperty: BooleanProperty [value: false]
13:41:30.341 [FXGL Background Thread 3 ] DEBUG Engine               - devShowPositionProperty: BooleanProperty [value: false]
13:41:30.342 [FXGL Background Thread 3 ] DEBUG Engine               - enabledMenuItems: []
13:41:30.342 [FXGL Background Thread 3 ] DEBUG Engine               - engineServices: [class com.almasb.fxgl.app.services.FXGLAssetLoaderService, class com.almasb.fxgl.app.FXGLApplication$GameApplicationService, class com.almasb.fxgl.app.services.FXGLDialogService, class com.almasb.fxgl.app.services.IOTaskExecutorService, class com.almasb.fxgl.event.EventBusService, class com.almasb.fxgl.io.FileSystemService, class com.almasb.fxgl.localization.LocalizationService, class com.almasb.fxgl.app.services.SystemBundleService, class com.almasb.fxgl.profile.SaveLoadService, class com.almasb.fxgl.ui.FXGLUIFactoryServiceProvider, class com.almasb.fxgl.ui.FXGLDialogFactoryServiceProvider, class com.almasb.fxgl.audio.AudioPlayer, class com.almasb.fxgl.notification.impl.NotificationServiceProvider, class com.almasb.fxgl.achievement.AchievementService, class com.almasb.fxgl.cutscene.CutsceneService, class com.almasb.fxgl.minigames.MiniGameService, class com.almasb.fxgl.net.NetService, class com.almasb.fxgl.app.services.UpdaterService, class com.almasb.fxgl.dev.DevService]
13:41:30.342 [FXGL Background Thread 3 ] DEBUG Engine               - fontGame: Abel-Regular.ttf
13:41:30.342 [FXGL Background Thread 3 ] DEBUG Engine               - fontMono: lucida_console.ttf
13:41:30.342 [FXGL Background Thread 3 ] DEBUG Engine               - fontText: Courier-Prime.ttf
13:41:30.342 [FXGL Background Thread 3 ] DEBUG Engine               - fontUI: VarelaRound-Regular.ttf
13:41:30.342 [FXGL Background Thread 3 ] DEBUG Engine               - fullScreen: BooleanProperty [value: false]
13:41:30.342 [FXGL Background Thread 3 ] DEBUG Engine               - gameDifficulty: MEDIUM
13:41:30.343 [FXGL Background Thread 3 ] DEBUG Engine               - gameDifficultyProperty: ObjectProperty [value: MEDIUM]
13:41:30.343 [FXGL Background Thread 3 ] DEBUG Engine               - globalMusicVolume: 0.5
13:41:30.343 [FXGL Background Thread 3 ] DEBUG Engine               - globalMusicVolumeProperty: DoubleProperty [value: 0.5]
13:41:30.343 [FXGL Background Thread 3 ] DEBUG Engine               - globalSoundVolume: 0.5
13:41:30.343 [FXGL Background Thread 3 ] DEBUG Engine               - globalSoundVolumeProperty: DoubleProperty [value: 0.5]
13:41:30.343 [FXGL Background Thread 3 ] DEBUG Engine               - height: 832
13:41:30.344 [FXGL Background Thread 3 ] DEBUG Engine               - isAndroid: false
13:41:30.344 [FXGL Background Thread 3 ] DEBUG Engine               - isBrowser: false
13:41:30.344 [FXGL Background Thread 3 ] DEBUG Engine               - isClickFeedbackEnabled: false
13:41:30.344 [FXGL Background Thread 3 ] DEBUG Engine               - isCloseConfirmation: false
13:41:30.344 [FXGL Background Thread 3 ] DEBUG Engine               - isDesktop: true
13:41:30.345 [FXGL Background Thread 3 ] DEBUG Engine               - isDeveloperMenuEnabled: false
13:41:30.345 [FXGL Background Thread 3 ] DEBUG Engine               - isEntityPreloadEnabled: true
13:41:30.345 [FXGL Background Thread 3 ] DEBUG Engine               - isExperimental3D: false
13:41:30.345 [FXGL Background Thread 3 ] DEBUG Engine               - isExperimentalNative: false
13:41:30.345 [FXGL Background Thread 3 ] DEBUG Engine               - isExperimentalTiledLargeMap: false
13:41:30.345 [FXGL Background Thread 3 ] DEBUG Engine               - isFileSystemWriteAllowed: true
13:41:30.345 [FXGL Background Thread 3 ] DEBUG Engine               - isFullScreenAllowed: false
13:41:30.346 [FXGL Background Thread 3 ] DEBUG Engine               - isFullScreenFromStart: false
13:41:30.346 [FXGL Background Thread 3 ] DEBUG Engine               - isGameMenuEnabled: true
13:41:30.346 [FXGL Background Thread 3 ] DEBUG Engine               - isIOS: false
13:41:30.346 [FXGL Background Thread 3 ] DEBUG Engine               - isIntroEnabled: false
13:41:30.347 [FXGL Background Thread 3 ] DEBUG Engine               - isLinux: false
13:41:30.347 [FXGL Background Thread 3 ] DEBUG Engine               - isMac: false
13:41:30.347 [FXGL Background Thread 3 ] DEBUG Engine               - isMainMenuEnabled: false
13:41:30.347 [FXGL Background Thread 3 ] DEBUG Engine               - isManualResizeEnabled: false
13:41:30.347 [FXGL Background Thread 3 ] DEBUG Engine               - isMobile: false
13:41:30.347 [FXGL Background Thread 3 ] DEBUG Engine               - isPreserveResizeRatio: false
13:41:30.348 [FXGL Background Thread 3 ] DEBUG Engine               - isProfilingEnabled: false
13:41:30.348 [FXGL Background Thread 3 ] DEBUG Engine               - isScaleAffectedOnResize: true
13:41:30.348 [FXGL Background Thread 3 ] DEBUG Engine               - isSingleStep: false
13:41:30.348 [FXGL Background Thread 3 ] DEBUG Engine               - isUserProfileEnabled: false
13:41:30.348 [FXGL Background Thread 3 ] DEBUG Engine               - isWindows: true
13:41:30.348 [FXGL Background Thread 3 ] DEBUG Engine               - language: ObjectProperty [value: ENGLISH]
13:41:30.348 [FXGL Background Thread 3 ] DEBUG Engine               - menuKey: ESCAPE
13:41:30.349 [FXGL Background Thread 3 ] DEBUG Engine               - notificationViewClass: class com.almasb.fxgl.notification.view.XboxNotificationView
13:41:30.349 [FXGL Background Thread 3 ] DEBUG Engine               - pixelsPerMeter: 50.0
13:41:30.349 [FXGL Background Thread 3 ] DEBUG Engine               - platform: WINDOWS
13:41:30.349 [FXGL Background Thread 3 ] DEBUG Engine               - prefHeightProperty: ReadOnlyDoubleProperty [value: 832.0]
13:41:30.349 [FXGL Background Thread 3 ] DEBUG Engine               - prefWidthProperty: ReadOnlyDoubleProperty [value: 960.0]
13:41:30.349 [FXGL Background Thread 3 ] DEBUG Engine               - profileDir: profiles/
13:41:30.349 [FXGL Background Thread 3 ] DEBUG Engine               - profileName: StringProperty [value: DEFAULT]
13:41:30.349 [FXGL Background Thread 3 ] DEBUG Engine               - randomSeed: -1
13:41:30.349 [FXGL Background Thread 3 ] DEBUG Engine               - runtimeInfo: RuntimeInfo(platform=WINDOWS, version=11.14, build=01.03.2021 16.59)
13:41:30.349 [FXGL Background Thread 3 ] DEBUG Engine               - saveFileExt: sav
13:41:30.350 [FXGL Background Thread 3 ] DEBUG Engine               - scaledHeightProp$fxgl: DoubleProperty [bound, value: 823.0]
13:41:30.350 [FXGL Background Thread 3 ] DEBUG Engine               - scaledWidthProp$fxgl: DoubleProperty [bound, value: 925.0]
13:41:30.350 [FXGL Background Thread 3 ] DEBUG Engine               - sceneFactory: com.almasb.fxgl.app.scene.SceneFactory@3eb9a59e
13:41:30.350 [FXGL Background Thread 3 ] DEBUG Engine               - secondsIn24h: 60
13:41:30.350 [FXGL Background Thread 3 ] DEBUG Engine               - soundMenuBack: menu/back.wav
13:41:30.350 [FXGL Background Thread 3 ] DEBUG Engine               - soundMenuPress: menu/press.wav
13:41:30.350 [FXGL Background Thread 3 ] DEBUG Engine               - soundMenuSelect: menu/select.wav
13:41:30.350 [FXGL Background Thread 3 ] DEBUG Engine               - soundNotification: core/notification.wav
13:41:30.351 [FXGL Background Thread 3 ] DEBUG Engine               - stageStyle: DECORATED
13:41:30.351 [FXGL Background Thread 3 ] DEBUG Engine               - supportedLanguages: [ENGLISH, FRENCH, GERMAN, HUNGARIAN, RUSSIAN]
13:41:30.351 [FXGL Background Thread 3 ] DEBUG Engine               - ticksPerSecond: -1
13:41:30.351 [FXGL Background Thread 3 ] DEBUG Engine               - title: Bomberman SE
13:41:30.351 [FXGL Background Thread 3 ] DEBUG Engine               - urlGithub: https://github.com/AlmasB/FXGL
13:41:30.351 [FXGL Background Thread 3 ] DEBUG Engine               - urlLeaderboard: http://fxgl-top.herokuapp.com/
13:41:30.351 [FXGL Background Thread 3 ] DEBUG Engine               - urlPOM: https://raw.githubusercontent.com/AlmasB/FXGL/release/README.md
13:41:30.351 [FXGL Background Thread 3 ] DEBUG Engine               - userAppClass: class Game
13:41:30.352 [FXGL Background Thread 3 ] DEBUG Engine               - version: 1.0
13:41:30.352 [FXGL Background Thread 3 ] DEBUG Engine               - versionCheckDays: 7
13:41:30.352 [FXGL Background Thread 3 ] DEBUG Engine               - width: 960
13:41:30.352 [FXGL Background Thread 3 ] DEBUG Engine               - Logging services
13:41:30.352 [FXGL Background Thread 3 ] DEBUG Engine               - class com.almasb.fxgl.app.services.FXGLAssetLoaderService
13:41:30.352 [FXGL Background Thread 3 ] DEBUG Engine               - class com.almasb.fxgl.app.FXGLApplication$GameApplicationService
13:41:30.352 [FXGL Background Thread 3 ] DEBUG Engine               - class com.almasb.fxgl.app.services.FXGLDialogService
13:41:30.353 [FXGL Background Thread 3 ] DEBUG Engine               - class com.almasb.fxgl.app.services.IOTaskExecutorService
13:41:30.353 [FXGL Background Thread 3 ] DEBUG Engine               - class com.almasb.fxgl.event.EventBusService
13:41:30.353 [FXGL Background Thread 3 ] DEBUG Engine               - class com.almasb.fxgl.io.FileSystemService
13:41:30.353 [FXGL Background Thread 3 ] DEBUG Engine               - class com.almasb.fxgl.localization.LocalizationService
13:41:30.353 [FXGL Background Thread 3 ] DEBUG Engine               - class com.almasb.fxgl.app.services.SystemBundleService
13:41:30.353 [FXGL Background Thread 3 ] DEBUG Engine               - class com.almasb.fxgl.profile.SaveLoadService
13:41:30.353 [FXGL Background Thread 3 ] DEBUG Engine               - class com.almasb.fxgl.ui.FXGLUIFactoryServiceProvider
13:41:30.353 [FXGL Background Thread 3 ] DEBUG Engine               - class com.almasb.fxgl.ui.FXGLDialogFactoryServiceProvider
13:41:30.353 [FXGL Background Thread 3 ] DEBUG Engine               - class com.almasb.fxgl.audio.AudioPlayer
13:41:30.354 [FXGL Background Thread 3 ] DEBUG Engine               - class com.almasb.fxgl.notification.impl.NotificationServiceProvider
13:41:30.354 [FXGL Background Thread 3 ] DEBUG Engine               - class com.almasb.fxgl.achievement.AchievementService
13:41:30.354 [FXGL Background Thread 3 ] DEBUG Engine               - class com.almasb.fxgl.cutscene.CutsceneService
13:41:30.354 [FXGL Background Thread 3 ] DEBUG Engine               - class com.almasb.fxgl.minigames.MiniGameService
13:41:30.354 [FXGL Background Thread 3 ] DEBUG Engine               - class com.almasb.fxgl.net.NetService
13:41:30.354 [FXGL Background Thread 3 ] DEBUG Engine               - class com.almasb.fxgl.app.services.UpdaterService
13:41:30.354 [FXGL Background Thread 3 ] DEBUG Engine               - class com.almasb.fxgl.dev.DevService
13:41:40.518 [JavaFX Application Thread] DEBUG FXGLApplication      - Exiting FXGL
13:41:40.518 [JavaFX Application Thread] DEBUG LoopRunner           - Stopping loop
13:41:40.518 [JavaFX Application Thread] DEBUG SystemBundleService  - Saving FXGL system data
13:41:40.520 [JavaFX Application Thread] DEBUG FileSystemAccess     - Writing to: C:\Users\diewe\OneDrive\Documenten\GitHub\SE-Challengeweek\system\fxgl.bundle
13:41:40.521 [JavaFX Application Thread] DEBUG Async                - Shutting down background threads
13:41:40.522 [JavaFX Application Thread] DEBUG PrimaryStageWindow   - Closing main window
13:41:40.532 [JavaFX Application Thread] DEBUG Logger               - Closing Logger
