18:17:19.325 [main                     ] DEBUG Logger               - Configured Logger
18:17:19.357 [main                     ] DEBUG GameApplication      - Logging settings
Title: Bomberman
Version: 0.0
Width: 950
Height: 820
Fullscreen: false
Intro: false
Profiling: false
Single step:false
App Mode: DEVELOPER
Menu Key: ESCAPE
Stage Style: DECORATED
Scene Factory: class MenuFactory

18:17:20.189 [JavaFX Application Thread] DEBUG FXGLApplication      - Initializing FXGL
18:17:20.192 [JavaFX Application Thread] INFO  Engine               - FXGL-11.14 (01.03.2021 16.59) on WINDOWS (J:15.0.2 FX:15)
18:17:20.192 [JavaFX Application Thread] DEBUG Engine               - JRE Vendor Name: Amazon.com Inc.
18:17:20.192 [JavaFX Application Thread] DEBUG Engine               - Running on OS: Windows 10 version 10.0
18:17:20.193 [JavaFX Application Thread] DEBUG Engine               - Architecture: amd64
18:17:20.193 [JavaFX Application Thread] INFO  Engine               - Source code and latest versions at: https://github.com/AlmasB/FXGL
18:17:20.193 [JavaFX Application Thread] INFO  Engine               -              Join the FXGL chat at: https://gitter.im/AlmasB/FXGL
18:17:20.378 [JavaFX Application Thread] DEBUG PrimaryStageWindow   - Creating a JavaFX scene
18:17:20.486 [JavaFX Application Thread] DEBUG PrimaryStageWindow   - Target settings size: 950.0 x 820.0
18:17:20.486 [JavaFX Application Thread] DEBUG PrimaryStageWindow   - Scaled scene size:    950.0 x 820.0
18:17:20.487 [JavaFX Application Thread] DEBUG PrimaryStageWindow   - Scaled ratio: (1.0, 1.0)
18:17:20.489 [JavaFX Application Thread] DEBUG PrimaryStageWindow   - Set initial scene to FXGLStartupScene
18:17:20.504 [JavaFX Application Thread] DEBUG PrimaryStageWindow   - Opening main window
18:17:20.653 [JavaFX Application Thread] DEBUG PrimaryStageWindow   - Window border size: (16.0, 39.0)
18:17:20.653 [JavaFX Application Thread] DEBUG PrimaryStageWindow   - Scaled size: 950.0 x 820.0
18:17:20.654 [JavaFX Application Thread] DEBUG PrimaryStageWindow   - Scaled ratio: (1.0, 1.0)
18:17:20.654 [JavaFX Application Thread] DEBUG PrimaryStageWindow   - Scene size: 950.0 x 820.0
18:17:20.654 [JavaFX Application Thread] DEBUG PrimaryStageWindow   - Stage size: 966.0 x 859.0
18:17:20.669 [FXGL Background Thread 1 ] DEBUG Engine               - Initializing environment variables
18:17:20.749 [FXGL Background Thread 1 ] DEBUG FXGLAssetLoaderServi - User app class for loading assets: class Game
18:17:20.749 [FXGL Background Thread 1 ] DEBUG GameApplicationServi - Applying CSS: fxgl_dark.css
18:17:20.751 [FXGL Background Thread 1 ] DEBUG FXGLAssetLoaderServi - Loading from file system: jar:file:/C:/Users/0705s/.m2/repository/com/github/almasb/fxgl/11.14/fxgl-11.14.jar!/fxglassets/ui/css/fxgl_dark.css
18:17:20.829 [FXGL Background Thread 1 ] DEBUG GameApplicationServi - Initializing application scenes
18:17:20.903 [FXGL Background Thread 1 ] DEBUG GameWorld            - Game world initialized
18:17:21.027 [FXGL Background Thread 1 ] DEBUG PhysicsWorld         - Physics world initialized: appHeight=820, physics.ppm=50,0
18:17:21.027 [FXGL Background Thread 1 ] DEBUG PhysicsWorld         - Using strategy: BRUTE_FORCE
18:17:21.030 [FXGL Background Thread 1 ] DEBUG GameScene            - Game scene initialized: 950x820
18:17:21.267 [FXGL Background Thread 1 ] DEBUG FXGLAssetLoaderServi - Loading from file system: jar:file:/C:/Users/0705s/.m2/repository/com/github/almasb/fxgl/11.14/fxgl-11.14.jar!/fxglassets/textures/particles/trace_horizontal.png
18:17:21.295 [FXGL Background Thread 1 ] DEBUG FXGL.DefaultMenu     - createMenuBodyGameMenu()
18:17:21.311 [FXGL Background Thread 1 ] DEBUG FXGL.DefaultMenu     - createOptionsMenu()
18:17:21.318 [FXGL Background Thread 1 ] DEBUG FXGLAssetLoaderServi - Loading from file system: jar:file:/C:/Users/0705s/.m2/repository/com/github/almasb/fxgl/11.14/fxgl-11.14.jar!/fxglassets/textures/particles/smoke.png
18:17:21.399 [FXGL Background Thread 1 ] DEBUG GameApplicationServi - Application scenes initialized
18:17:21.418 [FXGL Background Thread 1 ] DEBUG SystemBundleService  - Loading FXGL system data
18:17:21.423 [FXGL Background Thread 1 ] DEBUG FileSystemAccess     - Reading from: C:\Users\0705s\OneDrive\Desktop\SE-Challengeweek\system\fxgl.bundle
18:17:21.430 [FXGL Background Thread 1 ] DEBUG SystemBundleService  - Bundle FXGL: {}
18:17:21.431 [FXGL Background Thread 1 ] DEBUG UpdaterService       - Checking for updates
18:17:21.478 [FXGL Background Thread 4 ] DEBUG FXGLApplication      - Loading fonts
18:17:21.479 [FXGL Background Thread 1 ] DEBUG FXGLApplication      - Loading default localization
18:17:21.480 [FXGL Background Thread 4 ] DEBUG FXGLAssetLoaderServi - Loading from file system: jar:file:/C:/Users/0705s/.m2/repository/com/github/almasb/fxgl/11.14/fxgl-11.14.jar!/fxglassets/ui/fonts/VarelaRound-Regular.ttf
18:17:21.480 [FXGL Background Thread 1 ] DEBUG FXGLAssetLoaderServi - Loading from file system: jar:file:/C:/Users/0705s/.m2/repository/com/github/almasb/fxgl/11.14/fxgl-11.14.jar!/fxglassets/languages/english.lang
18:17:21.505 [FXGL Background Thread 1 ] INFO  FXGLApplication      - FXGL initialization took: 0,837 sec
18:17:21.529 [JavaFX Application Thread] DEBUG Input                - Registered new binding: up - W
18:17:21.530 [JavaFX Application Thread] DEBUG Input                - Registered new binding: up2 - Up
18:17:21.531 [JavaFX Application Thread] DEBUG Input                - Registered new binding: down - S
18:17:21.532 [JavaFX Application Thread] DEBUG Input                - Registered new binding: down2 - Down
18:17:21.533 [JavaFX Application Thread] DEBUG Input                - Registered new binding: left - A
18:17:21.534 [JavaFX Application Thread] DEBUG Input                - Registered new binding: left2 - Left
18:17:21.535 [JavaFX Application Thread] DEBUG Input                - Registered new binding: right - D
18:17:21.535 [JavaFX Application Thread] DEBUG Input                - Registered new binding: right2 - Right
18:17:21.536 [JavaFX Application Thread] DEBUG Input                - Registered new binding: Place Bomb - Space
18:17:21.537 [JavaFX Application Thread] DEBUG Input                - Registered new binding: Place Bomb2 - Enter
18:17:21.539 [JavaFX Application Thread] DEBUG FXGLAssetLoaderServi - Loading from file system: jar:file:/C:/Users/0705s/.m2/repository/com/github/almasb/fxgl/11.14/fxgl-11.14.jar!/fxglassets/textures/fxgl_icon.png
18:17:21.578 [JavaFX Application Thread] DEBUG FXGLAssetLoaderServi - Loading from file system: jar:file:/C:/Users/0705s/.m2/repository/com/github/almasb/fxgl/11.14/fxgl-11.14.jar!/fxglassets/ui/cursors/fxgl_default.png
18:17:21.584 [JavaFX Application Thread] DEBUG Input                - Registered new binding: Screenshot - P
18:17:21.586 [JavaFX Application Thread] DEBUG Input                - Registered new binding: Dev Options - 1
18:17:21.588 [JavaFX Application Thread] DEBUG Input                - Registered new binding: Dev Console - 2
18:17:21.590 [JavaFX Application Thread] DEBUG Input                - Registered new binding: System info dump - CTRL+9
18:17:21.591 [JavaFX Application Thread] DEBUG Input                - Registered new binding: Restart - CTRL+R
18:17:21.594 [JavaFX Application Thread] DEBUG Input                - Registered new binding: Toggle Debug Camera - CTRL+C
18:17:21.603 [JavaFX Application Thread] DEBUG LoopRunner           - Starting loop
18:17:21.617 [FXGL Background Thread 4 ] DEBUG FXGLAssetLoaderServi - Loading from file system: jar:file:/C:/Users/0705s/.m2/repository/com/github/almasb/fxgl/11.14/fxgl-11.14.jar!/fxglassets/ui/fonts/Abel-Regular.ttf
18:17:21.648 [JavaFX Application Thread] DEBUG LoopRunner           - Initializing JavaFX AnimationTimerLoop
18:17:21.657 [JavaFX Application Thread] DEBUG Input                - Clearing active input actions
18:17:21.659 [FXGL Background Thread 4 ] DEBUG FXGLAssetLoaderServi - Loading from file system: jar:file:/C:/Users/0705s/.m2/repository/com/github/almasb/fxgl/11.14/fxgl-11.14.jar!/fxglassets/ui/fonts/lucida_console.ttf
18:17:21.673 [FXGL Background Thread 4 ] DEBUG FXGLAssetLoaderServi - Loading from file system: jar:file:/C:/Users/0705s/.m2/repository/com/github/almasb/fxgl/11.14/fxgl-11.14.jar!/fxglassets/ui/fonts/Courier-Prime.ttf
18:17:21.680 [JavaFX Application Thread] DEBUG GameApplicationServi - Removing overlay from FXGLStartupScene and adding to FXGLMainMenuDummyScene
18:17:21.693 [JavaFX Application Thread] DEBUG PrimaryStageWindow   - FXGLStartupScene -> FXGLMainMenuDummyScene
18:17:21.694 [JavaFX Application Thread] DEBUG PrimaryStageWindow   - Push state: StartMenu
18:17:21.695 [JavaFX Application Thread] DEBUG Input                - Clearing active input actions
18:17:21.716 [JavaFX Application Thread] DEBUG GameApplicationServi - Removing overlay from FXGLMainMenuDummyScene and adding to StartMenu
18:17:21.718 [JavaFX Application Thread] DEBUG PrimaryStageWindow   - FXGLMainMenuDummyScene -> StartMenu
18:17:22.083 [JavaFX Application Thread] DEBUG FXGLApplication      - Registering font factories with UI factory
18:17:22.231 [FXGL Background Thread 2 ] INFO  UpdaterService       - Your current version:  11.14
18:17:22.232 [FXGL Background Thread 2 ] INFO  UpdaterService       - Latest stable version: 17.1
18:17:23.823 [JavaFX Application Thread] DEBUG Menu                 - fireNewGame()
18:17:23.823 [JavaFX Application Thread] DEBUG GameApplicationServi - Starting new game
18:17:23.823 [JavaFX Application Thread] DEBUG PrimaryStageWindow   - Pop state: StartMenu
18:17:23.823 [JavaFX Application Thread] DEBUG Input                - Clearing active input actions
18:17:23.824 [JavaFX Application Thread] DEBUG GameApplicationServi - Removing overlay from StartMenu and adding to FXGLMainMenuDummyScene
18:17:23.827 [JavaFX Application Thread] DEBUG PrimaryStageWindow   - FXGLMainMenuDummyScene <- StartMenu
18:17:23.828 [JavaFX Application Thread] DEBUG Input                - Clearing active input actions
18:17:23.839 [JavaFX Application Thread] DEBUG GameApplicationServi - Removing overlay from FXGLMainMenuDummyScene and adding to FXGLLoadingScene
18:17:23.840 [JavaFX Application Thread] DEBUG PrimaryStageWindow   - FXGLMainMenuDummyScene -> FXGLLoadingScene
18:17:23.841 [JavaFX Application Thread] DEBUG GameApplicationServi - Clearing previous game
18:17:23.841 [JavaFX Application Thread] DEBUG GameScene            - Clearing game scene
18:17:23.842 [JavaFX Application Thread] DEBUG GameWorld            - Clearing game world
18:17:23.843 [JavaFX Application Thread] DEBUG PhysicsWorld         - Clearing physics world
18:17:23.845 [FXGL Background Thread 2 ] DEBUG FXGLApplication      - Initializing game
18:17:23.905 [FXGL Background Thread 2 ] WARN  TMXLevelLoader       - TiledMap generated from 1.8.4. Supported version: 1.2.3. Some features may not be parsed fully.
18:17:23.929 [FXGL Background Thread 2 ] DEBUG TMXLevelLoader       - Parsed raw map: TiledMap(width=15, height=13, tilewidth=64, tileheight=64, orientation=orthogonal, layers=[Layer(width=15, height=13, name=Tile Layer 1, type=tilelayer, visible=false, x=0, y=0, data=[1, 1, 1, 1, 1, 1, 1, 1, 1, 1, 1, 1, 1, 1, 1, 1, 5, 5, 5, 5, 5, 5, 5, 5, 5, 5, 5, 5, 5, 1, 1, 5, 4, 5, 4, 5, 4, 5, 4, 5, 4, 5, 4, 5, 1, 1, 5, 5, 5, 5, 5, 5, 5, 5, 5, 5, 5, 5, 5, 1, 1, 5, 4, 5, 4, 5, 4, 5, 4, 5, 4, 5, 4, 5, 1, 1, 5, 5, 5, 5, 5, 5, 5, 5, 5, 5, 5, 5, 5, 1, 1, 5, 4, 5, 4, 5, 4, 5, 4, 5, 4, 5, 4, 5, 1, 1, 5, 5, 5, 5, 5, 5, 5, 5, 5, 5, 5, 5, 5, 1, 1, 5, 4, 5, 4, 5, 4, 5, 4, 5, 4, 5, 4, 5, 1, 1, 5, 5, 5, 5, 5, 5, 5, 5, 5, 5, 5, 5, 5, 1, 1, 5, 4, 5, 4, 5, 4, 5, 4, 5, 4, 5, 4, 5, 1, 1, 5, 5, 5, 5, 5, 5, 5, 5, 5, 5, 5, 5, 5, 1, 1, 1, 1, 1, 1, 1, 1, 1, 1, 1, 1, 1, 1, 1, 1], objects=[], opacity=0.0, draworder=), Layer(width=0, height=0, name=Object Layer 1, type=objectgroup, visible=false, x=0, y=0, data=[], objects=[com.almasb.fxgl.entity.level.tiled.TiledObject@1bc9c410, com.almasb.fxgl.entity.level.tiled.TiledObject@7e756c6f, com.almasb.fxgl.entity.level.tiled.TiledObject@47594952, com.almasb.fxgl.entity.level.tiled.TiledObject@655a6f26, com.almasb.fxgl.entity.level.tiled.TiledObject@30e6ced9, com.almasb.fxgl.entity.level.tiled.TiledObject@6525cabe, com.almasb.fxgl.entity.level.tiled.TiledObject@68bb1c91, com.almasb.fxgl.entity.level.tiled.TiledObject@5e2e6dff, com.almasb.fxgl.entity.level.tiled.TiledObject@58b8e0e5, com.almasb.fxgl.entity.level.tiled.TiledObject@1303b176, com.almasb.fxgl.entity.level.tiled.TiledObject@23ec7813, com.almasb.fxgl.entity.level.tiled.TiledObject@e00b804, com.almasb.fxgl.entity.level.tiled.TiledObject@11a0cee9, com.almasb.fxgl.entity.level.tiled.TiledObject@1f2645aa, com.almasb.fxgl.entity.level.tiled.TiledObject@5fca8abd, com.almasb.fxgl.entity.level.tiled.TiledObject@5401c9d8, com.almasb.fxgl.entity.level.tiled.TiledObject@43c18237, com.almasb.fxgl.entity.level.tiled.TiledObject@6ee784f0, com.almasb.fxgl.entity.level.tiled.TiledObject@65f364f3, com.almasb.fxgl.entity.level.tiled.TiledObject@3f662e9c, com.almasb.fxgl.entity.level.tiled.TiledObject@7079d37d, com.almasb.fxgl.entity.level.tiled.TiledObject@226b1986, com.almasb.fxgl.entity.level.tiled.TiledObject@5c4125c4, com.almasb.fxgl.entity.level.tiled.TiledObject@52ddf21e, com.almasb.fxgl.entity.level.tiled.TiledObject@6c813103, com.almasb.fxgl.entity.level.tiled.TiledObject@16dcb23c, com.almasb.fxgl.entity.level.tiled.TiledObject@43e6ca26, com.almasb.fxgl.entity.level.tiled.TiledObject@7e969d46, com.almasb.fxgl.entity.level.tiled.TiledObject@1bfaa2be, com.almasb.fxgl.entity.level.tiled.TiledObject@68c4aeaf, com.almasb.fxgl.entity.level.tiled.TiledObject@1d86fe6b, com.almasb.fxgl.entity.level.tiled.TiledObject@57b02c30, com.almasb.fxgl.entity.level.tiled.TiledObject@19119b2a, com.almasb.fxgl.entity.level.tiled.TiledObject@546dff71], opacity=0.0, draworder=)], tilesets=[Tileset(firstgid=1, image=spritesheet(1).png, name=spritesheet(1), tilewidth=64, tileheight=64, imagewidth=1472, imageheight=64, margin=0, spacing=0, columns=23, tilecount=23, transparentcolor=, tiles=[])], backgroundcolor=, renderorder=right-down, nextobjectid=139, version=1, tiledversion=1.8.4, type=map, infinite=false, hexsidelength=0, staggeraxis=, staggerindex=, properties={}, propertytypes={})
18:17:23.932 [FXGL Background Thread 2 ] DEBUG TMXLevelLoader       - Creating tile layer entities
18:17:23.935 [FXGL Background Thread 2 ] DEBUG TilesetLoader        - Loading view for layer Tile Layer 1
18:17:23.938 [FXGL Background Thread 2 ] DEBUG TilesetLoader        - Created buffer with size 960.0x832.0
18:17:23.945 [FXGL Background Thread 2 ] DEBUG TilesetLoader        - Writing to buffer: dst=0,0, w=64,h=64, src=0,0
18:17:23.946 [FXGL Background Thread 2 ] DEBUG TilesetLoader        - Writing to buffer: dst=64,0, w=64,h=64, src=0,0
18:17:23.946 [FXGL Background Thread 2 ] DEBUG TilesetLoader        - Writing to buffer: dst=128,0, w=64,h=64, src=0,0
18:17:23.947 [FXGL Background Thread 2 ] DEBUG TilesetLoader        - Writing to buffer: dst=192,0, w=64,h=64, src=0,0
18:17:23.947 [FXGL Background Thread 2 ] DEBUG TilesetLoader        - Writing to buffer: dst=256,0, w=64,h=64, src=0,0
18:17:23.948 [FXGL Background Thread 2 ] DEBUG TilesetLoader        - Writing to buffer: dst=320,0, w=64,h=64, src=0,0
18:17:23.948 [FXGL Background Thread 2 ] DEBUG TilesetLoader        - Writing to buffer: dst=384,0, w=64,h=64, src=0,0
18:17:23.949 [FXGL Background Thread 2 ] DEBUG TilesetLoader        - Writing to buffer: dst=448,0, w=64,h=64, src=0,0
18:17:23.949 [FXGL Background Thread 2 ] DEBUG TilesetLoader        - Writing to buffer: dst=512,0, w=64,h=64, src=0,0
18:17:23.950 [FXGL Background Thread 2 ] DEBUG TilesetLoader        - Writing to buffer: dst=576,0, w=64,h=64, src=0,0
18:17:23.950 [FXGL Background Thread 2 ] DEBUG TilesetLoader        - Writing to buffer: dst=640,0, w=64,h=64, src=0,0
18:17:23.950 [FXGL Background Thread 2 ] DEBUG TilesetLoader        - Writing to buffer: dst=704,0, w=64,h=64, src=0,0
18:17:23.951 [FXGL Background Thread 2 ] DEBUG TilesetLoader        - Writing to buffer: dst=768,0, w=64,h=64, src=0,0
18:17:23.951 [FXGL Background Thread 2 ] DEBUG TilesetLoader        - Writing to buffer: dst=832,0, w=64,h=64, src=0,0
18:17:23.952 [FXGL Background Thread 2 ] DEBUG TilesetLoader        - Writing to buffer: dst=896,0, w=64,h=64, src=0,0
18:17:23.952 [FXGL Background Thread 2 ] DEBUG TilesetLoader        - Writing to buffer: dst=0,64, w=64,h=64, src=0,0
18:17:23.953 [FXGL Background Thread 2 ] DEBUG TilesetLoader        - Writing to buffer: dst=64,64, w=64,h=64, src=256,0
18:17:23.954 [FXGL Background Thread 2 ] DEBUG TilesetLoader        - Writing to buffer: dst=128,64, w=64,h=64, src=256,0
18:17:23.954 [FXGL Background Thread 2 ] DEBUG TilesetLoader        - Writing to buffer: dst=192,64, w=64,h=64, src=256,0
18:17:23.955 [FXGL Background Thread 2 ] DEBUG TilesetLoader        - Writing to buffer: dst=256,64, w=64,h=64, src=256,0
18:17:23.956 [FXGL Background Thread 2 ] DEBUG TilesetLoader        - Writing to buffer: dst=320,64, w=64,h=64, src=256,0
18:17:23.956 [FXGL Background Thread 2 ] DEBUG TilesetLoader        - Writing to buffer: dst=384,64, w=64,h=64, src=256,0
18:17:23.957 [FXGL Background Thread 2 ] DEBUG TilesetLoader        - Writing to buffer: dst=448,64, w=64,h=64, src=256,0
18:17:23.957 [FXGL Background Thread 2 ] DEBUG TilesetLoader        - Writing to buffer: dst=512,64, w=64,h=64, src=256,0
18:17:23.958 [FXGL Background Thread 2 ] DEBUG TilesetLoader        - Writing to buffer: dst=576,64, w=64,h=64, src=256,0
18:17:23.958 [FXGL Background Thread 2 ] DEBUG TilesetLoader        - Writing to buffer: dst=640,64, w=64,h=64, src=256,0
18:17:23.959 [FXGL Background Thread 2 ] DEBUG TilesetLoader        - Writing to buffer: dst=704,64, w=64,h=64, src=256,0
18:17:23.960 [FXGL Background Thread 2 ] DEBUG TilesetLoader        - Writing to buffer: dst=768,64, w=64,h=64, src=256,0
18:17:23.961 [FXGL Background Thread 2 ] DEBUG TilesetLoader        - Writing to buffer: dst=832,64, w=64,h=64, src=256,0
18:17:23.962 [FXGL Background Thread 2 ] DEBUG TilesetLoader        - Writing to buffer: dst=896,64, w=64,h=64, src=0,0
18:17:23.962 [FXGL Background Thread 2 ] DEBUG TilesetLoader        - Writing to buffer: dst=0,128, w=64,h=64, src=0,0
18:17:23.963 [FXGL Background Thread 2 ] DEBUG TilesetLoader        - Writing to buffer: dst=64,128, w=64,h=64, src=256,0
18:17:23.964 [FXGL Background Thread 2 ] DEBUG TilesetLoader        - Writing to buffer: dst=128,128, w=64,h=64, src=192,0
18:17:23.965 [FXGL Background Thread 2 ] DEBUG TilesetLoader        - Writing to buffer: dst=192,128, w=64,h=64, src=256,0
18:17:23.966 [FXGL Background Thread 2 ] DEBUG TilesetLoader        - Writing to buffer: dst=256,128, w=64,h=64, src=192,0
18:17:23.967 [FXGL Background Thread 2 ] DEBUG TilesetLoader        - Writing to buffer: dst=320,128, w=64,h=64, src=256,0
18:17:23.968 [FXGL Background Thread 2 ] DEBUG TilesetLoader        - Writing to buffer: dst=384,128, w=64,h=64, src=192,0
18:17:23.968 [FXGL Background Thread 2 ] DEBUG TilesetLoader        - Writing to buffer: dst=448,128, w=64,h=64, src=256,0
18:17:23.969 [FXGL Background Thread 2 ] DEBUG TilesetLoader        - Writing to buffer: dst=512,128, w=64,h=64, src=192,0
18:17:23.970 [FXGL Background Thread 2 ] DEBUG TilesetLoader        - Writing to buffer: dst=576,128, w=64,h=64, src=256,0
18:17:23.970 [FXGL Background Thread 2 ] DEBUG TilesetLoader        - Writing to buffer: dst=640,128, w=64,h=64, src=192,0
18:17:23.971 [FXGL Background Thread 2 ] DEBUG TilesetLoader        - Writing to buffer: dst=704,128, w=64,h=64, src=256,0
18:17:23.972 [FXGL Background Thread 2 ] DEBUG TilesetLoader        - Writing to buffer: dst=768,128, w=64,h=64, src=192,0
18:17:23.972 [FXGL Background Thread 2 ] DEBUG TilesetLoader        - Writing to buffer: dst=832,128, w=64,h=64, src=256,0
18:17:23.973 [FXGL Background Thread 2 ] DEBUG TilesetLoader        - Writing to buffer: dst=896,128, w=64,h=64, src=0,0
18:17:23.974 [FXGL Background Thread 2 ] DEBUG TilesetLoader        - Writing to buffer: dst=0,192, w=64,h=64, src=0,0
18:17:23.975 [FXGL Background Thread 2 ] DEBUG TilesetLoader        - Writing to buffer: dst=64,192, w=64,h=64, src=256,0
18:17:23.975 [FXGL Background Thread 2 ] DEBUG TilesetLoader        - Writing to buffer: dst=128,192, w=64,h=64, src=256,0
18:17:23.976 [FXGL Background Thread 2 ] DEBUG TilesetLoader        - Writing to buffer: dst=192,192, w=64,h=64, src=256,0
18:17:23.977 [FXGL Background Thread 2 ] DEBUG TilesetLoader        - Writing to buffer: dst=256,192, w=64,h=64, src=256,0
18:17:23.977 [FXGL Background Thread 2 ] DEBUG TilesetLoader        - Writing to buffer: dst=320,192, w=64,h=64, src=256,0
18:17:23.977 [FXGL Background Thread 2 ] DEBUG TilesetLoader        - Writing to buffer: dst=384,192, w=64,h=64, src=256,0
18:17:23.978 [FXGL Background Thread 2 ] DEBUG TilesetLoader        - Writing to buffer: dst=448,192, w=64,h=64, src=256,0
18:17:23.978 [FXGL Background Thread 2 ] DEBUG TilesetLoader        - Writing to buffer: dst=512,192, w=64,h=64, src=256,0
18:17:23.979 [FXGL Background Thread 2 ] DEBUG TilesetLoader        - Writing to buffer: dst=576,192, w=64,h=64, src=256,0
18:17:23.979 [FXGL Background Thread 2 ] DEBUG TilesetLoader        - Writing to buffer: dst=640,192, w=64,h=64, src=256,0
18:17:23.980 [FXGL Background Thread 2 ] DEBUG TilesetLoader        - Writing to buffer: dst=704,192, w=64,h=64, src=256,0
18:17:23.980 [FXGL Background Thread 2 ] DEBUG TilesetLoader        - Writing to buffer: dst=768,192, w=64,h=64, src=256,0
18:17:23.981 [FXGL Background Thread 2 ] DEBUG TilesetLoader        - Writing to buffer: dst=832,192, w=64,h=64, src=256,0
18:17:23.982 [FXGL Background Thread 2 ] DEBUG TilesetLoader        - Writing to buffer: dst=896,192, w=64,h=64, src=0,0
18:17:23.982 [FXGL Background Thread 2 ] DEBUG TilesetLoader        - Writing to buffer: dst=0,256, w=64,h=64, src=0,0
18:17:23.983 [FXGL Background Thread 2 ] DEBUG TilesetLoader        - Writing to buffer: dst=64,256, w=64,h=64, src=256,0
18:17:23.984 [FXGL Background Thread 2 ] DEBUG TilesetLoader        - Writing to buffer: dst=128,256, w=64,h=64, src=192,0
18:17:23.985 [FXGL Background Thread 2 ] DEBUG TilesetLoader        - Writing to buffer: dst=192,256, w=64,h=64, src=256,0
18:17:23.985 [FXGL Background Thread 2 ] DEBUG TilesetLoader        - Writing to buffer: dst=256,256, w=64,h=64, src=192,0
18:17:23.986 [FXGL Background Thread 2 ] DEBUG TilesetLoader        - Writing to buffer: dst=320,256, w=64,h=64, src=256,0
18:17:23.987 [FXGL Background Thread 2 ] DEBUG TilesetLoader        - Writing to buffer: dst=384,256, w=64,h=64, src=192,0
18:17:23.987 [FXGL Background Thread 2 ] DEBUG TilesetLoader        - Writing to buffer: dst=448,256, w=64,h=64, src=256,0
18:17:23.988 [FXGL Background Thread 2 ] DEBUG TilesetLoader        - Writing to buffer: dst=512,256, w=64,h=64, src=192,0
18:17:23.989 [FXGL Background Thread 2 ] DEBUG TilesetLoader        - Writing to buffer: dst=576,256, w=64,h=64, src=256,0
18:17:23.989 [FXGL Background Thread 2 ] DEBUG TilesetLoader        - Writing to buffer: dst=640,256, w=64,h=64, src=192,0
18:17:23.990 [FXGL Background Thread 2 ] DEBUG TilesetLoader        - Writing to buffer: dst=704,256, w=64,h=64, src=256,0
18:17:23.990 [FXGL Background Thread 2 ] DEBUG TilesetLoader        - Writing to buffer: dst=768,256, w=64,h=64, src=192,0
18:17:23.991 [FXGL Background Thread 2 ] DEBUG TilesetLoader        - Writing to buffer: dst=832,256, w=64,h=64, src=256,0
18:17:23.992 [FXGL Background Thread 2 ] DEBUG TilesetLoader        - Writing to buffer: dst=896,256, w=64,h=64, src=0,0
18:17:23.992 [FXGL Background Thread 2 ] DEBUG TilesetLoader        - Writing to buffer: dst=0,320, w=64,h=64, src=0,0
18:17:23.993 [FXGL Background Thread 2 ] DEBUG TilesetLoader        - Writing to buffer: dst=64,320, w=64,h=64, src=256,0
18:17:23.994 [FXGL Background Thread 2 ] DEBUG TilesetLoader        - Writing to buffer: dst=128,320, w=64,h=64, src=256,0
18:17:23.995 [FXGL Background Thread 2 ] DEBUG TilesetLoader        - Writing to buffer: dst=192,320, w=64,h=64, src=256,0
18:17:23.995 [FXGL Background Thread 2 ] DEBUG TilesetLoader        - Writing to buffer: dst=256,320, w=64,h=64, src=256,0
18:17:23.996 [FXGL Background Thread 2 ] DEBUG TilesetLoader        - Writing to buffer: dst=320,320, w=64,h=64, src=256,0
18:17:23.996 [FXGL Background Thread 2 ] DEBUG TilesetLoader        - Writing to buffer: dst=384,320, w=64,h=64, src=256,0
18:17:23.997 [FXGL Background Thread 2 ] DEBUG TilesetLoader        - Writing to buffer: dst=448,320, w=64,h=64, src=256,0
18:17:23.998 [FXGL Background Thread 2 ] DEBUG TilesetLoader        - Writing to buffer: dst=512,320, w=64,h=64, src=256,0
18:17:23.998 [FXGL Background Thread 2 ] DEBUG TilesetLoader        - Writing to buffer: dst=576,320, w=64,h=64, src=256,0
18:17:23.999 [FXGL Background Thread 2 ] DEBUG TilesetLoader        - Writing to buffer: dst=640,320, w=64,h=64, src=256,0
18:17:23.999 [FXGL Background Thread 2 ] DEBUG TilesetLoader        - Writing to buffer: dst=704,320, w=64,h=64, src=256,0
18:17:24.000 [FXGL Background Thread 2 ] DEBUG TilesetLoader        - Writing to buffer: dst=768,320, w=64,h=64, src=256,0
18:17:24.001 [FXGL Background Thread 2 ] DEBUG TilesetLoader        - Writing to buffer: dst=832,320, w=64,h=64, src=256,0
18:17:24.001 [FXGL Background Thread 2 ] DEBUG TilesetLoader        - Writing to buffer: dst=896,320, w=64,h=64, src=0,0
18:17:24.002 [FXGL Background Thread 2 ] DEBUG TilesetLoader        - Writing to buffer: dst=0,384, w=64,h=64, src=0,0
18:17:24.003 [FXGL Background Thread 2 ] DEBUG TilesetLoader        - Writing to buffer: dst=64,384, w=64,h=64, src=256,0
18:17:24.003 [FXGL Background Thread 2 ] DEBUG TilesetLoader        - Writing to buffer: dst=128,384, w=64,h=64, src=192,0
18:17:24.004 [FXGL Background Thread 2 ] DEBUG TilesetLoader        - Writing to buffer: dst=192,384, w=64,h=64, src=256,0
18:17:24.005 [FXGL Background Thread 2 ] DEBUG TilesetLoader        - Writing to buffer: dst=256,384, w=64,h=64, src=192,0
18:17:24.005 [FXGL Background Thread 2 ] DEBUG TilesetLoader        - Writing to buffer: dst=320,384, w=64,h=64, src=256,0
18:17:24.006 [FXGL Background Thread 2 ] DEBUG TilesetLoader        - Writing to buffer: dst=384,384, w=64,h=64, src=192,0
18:17:24.007 [FXGL Background Thread 2 ] DEBUG TilesetLoader        - Writing to buffer: dst=448,384, w=64,h=64, src=256,0
18:17:24.007 [FXGL Background Thread 2 ] DEBUG TilesetLoader        - Writing to buffer: dst=512,384, w=64,h=64, src=192,0
18:17:24.008 [FXGL Background Thread 2 ] DEBUG TilesetLoader        - Writing to buffer: dst=576,384, w=64,h=64, src=256,0
18:17:24.008 [FXGL Background Thread 2 ] DEBUG TilesetLoader        - Writing to buffer: dst=640,384, w=64,h=64, src=192,0
18:17:24.009 [FXGL Background Thread 2 ] DEBUG TilesetLoader        - Writing to buffer: dst=704,384, w=64,h=64, src=256,0
18:17:24.009 [FXGL Background Thread 2 ] DEBUG TilesetLoader        - Writing to buffer: dst=768,384, w=64,h=64, src=192,0
18:17:24.010 [FXGL Background Thread 2 ] DEBUG TilesetLoader        - Writing to buffer: dst=832,384, w=64,h=64, src=256,0
18:17:24.010 [FXGL Background Thread 2 ] DEBUG TilesetLoader        - Writing to buffer: dst=896,384, w=64,h=64, src=0,0
18:17:24.011 [FXGL Background Thread 2 ] DEBUG TilesetLoader        - Writing to buffer: dst=0,448, w=64,h=64, src=0,0
18:17:24.012 [FXGL Background Thread 2 ] DEBUG TilesetLoader        - Writing to buffer: dst=64,448, w=64,h=64, src=256,0
18:17:24.012 [FXGL Background Thread 2 ] DEBUG TilesetLoader        - Writing to buffer: dst=128,448, w=64,h=64, src=256,0
18:17:24.013 [FXGL Background Thread 2 ] DEBUG TilesetLoader        - Writing to buffer: dst=192,448, w=64,h=64, src=256,0
18:17:24.013 [FXGL Background Thread 2 ] DEBUG TilesetLoader        - Writing to buffer: dst=256,448, w=64,h=64, src=256,0
18:17:24.014 [FXGL Background Thread 2 ] DEBUG TilesetLoader        - Writing to buffer: dst=320,448, w=64,h=64, src=256,0
18:17:24.014 [FXGL Background Thread 2 ] DEBUG TilesetLoader        - Writing to buffer: dst=384,448, w=64,h=64, src=256,0
18:17:24.015 [FXGL Background Thread 2 ] DEBUG TilesetLoader        - Writing to buffer: dst=448,448, w=64,h=64, src=256,0
18:17:24.015 [FXGL Background Thread 2 ] DEBUG TilesetLoader        - Writing to buffer: dst=512,448, w=64,h=64, src=256,0
18:17:24.016 [FXGL Background Thread 2 ] DEBUG TilesetLoader        - Writing to buffer: dst=576,448, w=64,h=64, src=256,0
18:17:24.016 [FXGL Background Thread 2 ] DEBUG TilesetLoader        - Writing to buffer: dst=640,448, w=64,h=64, src=256,0
18:17:24.017 [FXGL Background Thread 2 ] DEBUG TilesetLoader        - Writing to buffer: dst=704,448, w=64,h=64, src=256,0
18:17:24.017 [FXGL Background Thread 2 ] DEBUG TilesetLoader        - Writing to buffer: dst=768,448, w=64,h=64, src=256,0
18:17:24.018 [FXGL Background Thread 2 ] DEBUG TilesetLoader        - Writing to buffer: dst=832,448, w=64,h=64, src=256,0
18:17:24.018 [FXGL Background Thread 2 ] DEBUG TilesetLoader        - Writing to buffer: dst=896,448, w=64,h=64, src=0,0
18:17:24.018 [FXGL Background Thread 2 ] DEBUG TilesetLoader        - Writing to buffer: dst=0,512, w=64,h=64, src=0,0
18:17:24.019 [FXGL Background Thread 2 ] DEBUG TilesetLoader        - Writing to buffer: dst=64,512, w=64,h=64, src=256,0
18:17:24.019 [FXGL Background Thread 2 ] DEBUG TilesetLoader        - Writing to buffer: dst=128,512, w=64,h=64, src=192,0
18:17:24.020 [FXGL Background Thread 2 ] DEBUG TilesetLoader        - Writing to buffer: dst=192,512, w=64,h=64, src=256,0
18:17:24.020 [FXGL Background Thread 2 ] DEBUG TilesetLoader        - Writing to buffer: dst=256,512, w=64,h=64, src=192,0
18:17:24.020 [FXGL Background Thread 2 ] DEBUG TilesetLoader        - Writing to buffer: dst=320,512, w=64,h=64, src=256,0
18:17:24.021 [FXGL Background Thread 2 ] DEBUG TilesetLoader        - Writing to buffer: dst=384,512, w=64,h=64, src=192,0
18:17:24.022 [FXGL Background Thread 2 ] DEBUG TilesetLoader        - Writing to buffer: dst=448,512, w=64,h=64, src=256,0
18:17:24.022 [FXGL Background Thread 2 ] DEBUG TilesetLoader        - Writing to buffer: dst=512,512, w=64,h=64, src=192,0
18:17:24.023 [FXGL Background Thread 2 ] DEBUG TilesetLoader        - Writing to buffer: dst=576,512, w=64,h=64, src=256,0
18:17:24.023 [FXGL Background Thread 2 ] DEBUG TilesetLoader        - Writing to buffer: dst=640,512, w=64,h=64, src=192,0
18:17:24.024 [FXGL Background Thread 2 ] DEBUG TilesetLoader        - Writing to buffer: dst=704,512, w=64,h=64, src=256,0
18:17:24.024 [FXGL Background Thread 2 ] DEBUG TilesetLoader        - Writing to buffer: dst=768,512, w=64,h=64, src=192,0
18:17:24.024 [FXGL Background Thread 2 ] DEBUG TilesetLoader        - Writing to buffer: dst=832,512, w=64,h=64, src=256,0
18:17:24.025 [FXGL Background Thread 2 ] DEBUG TilesetLoader        - Writing to buffer: dst=896,512, w=64,h=64, src=0,0
18:17:24.025 [FXGL Background Thread 2 ] DEBUG TilesetLoader        - Writing to buffer: dst=0,576, w=64,h=64, src=0,0
18:17:24.025 [FXGL Background Thread 2 ] DEBUG TilesetLoader        - Writing to buffer: dst=64,576, w=64,h=64, src=256,0
18:17:24.026 [FXGL Background Thread 2 ] DEBUG TilesetLoader        - Writing to buffer: dst=128,576, w=64,h=64, src=256,0
18:17:24.026 [FXGL Background Thread 2 ] DEBUG TilesetLoader        - Writing to buffer: dst=192,576, w=64,h=64, src=256,0
18:17:24.026 [FXGL Background Thread 2 ] DEBUG TilesetLoader        - Writing to buffer: dst=256,576, w=64,h=64, src=256,0
18:17:24.027 [FXGL Background Thread 2 ] DEBUG TilesetLoader        - Writing to buffer: dst=320,576, w=64,h=64, src=256,0
18:17:24.027 [FXGL Background Thread 2 ] DEBUG TilesetLoader        - Writing to buffer: dst=384,576, w=64,h=64, src=256,0
18:17:24.028 [FXGL Background Thread 2 ] DEBUG TilesetLoader        - Writing to buffer: dst=448,576, w=64,h=64, src=256,0
18:17:24.028 [FXGL Background Thread 2 ] DEBUG TilesetLoader        - Writing to buffer: dst=512,576, w=64,h=64, src=256,0
18:17:24.029 [FXGL Background Thread 2 ] DEBUG TilesetLoader        - Writing to buffer: dst=576,576, w=64,h=64, src=256,0
18:17:24.029 [FXGL Background Thread 2 ] DEBUG TilesetLoader        - Writing to buffer: dst=640,576, w=64,h=64, src=256,0
18:17:24.029 [FXGL Background Thread 2 ] DEBUG TilesetLoader        - Writing to buffer: dst=704,576, w=64,h=64, src=256,0
18:17:24.030 [FXGL Background Thread 2 ] DEBUG TilesetLoader        - Writing to buffer: dst=768,576, w=64,h=64, src=256,0
18:17:24.030 [FXGL Background Thread 2 ] DEBUG TilesetLoader        - Writing to buffer: dst=832,576, w=64,h=64, src=256,0
18:17:24.030 [FXGL Background Thread 2 ] DEBUG TilesetLoader        - Writing to buffer: dst=896,576, w=64,h=64, src=0,0
18:17:24.031 [FXGL Background Thread 2 ] DEBUG TilesetLoader        - Writing to buffer: dst=0,640, w=64,h=64, src=0,0
18:17:24.031 [FXGL Background Thread 2 ] DEBUG TilesetLoader        - Writing to buffer: dst=64,640, w=64,h=64, src=256,0
18:17:24.031 [FXGL Background Thread 2 ] DEBUG TilesetLoader        - Writing to buffer: dst=128,640, w=64,h=64, src=192,0
18:17:24.032 [FXGL Background Thread 2 ] DEBUG TilesetLoader        - Writing to buffer: dst=192,640, w=64,h=64, src=256,0
18:17:24.032 [FXGL Background Thread 2 ] DEBUG TilesetLoader        - Writing to buffer: dst=256,640, w=64,h=64, src=192,0
18:17:24.032 [FXGL Background Thread 2 ] DEBUG TilesetLoader        - Writing to buffer: dst=320,640, w=64,h=64, src=256,0
18:17:24.033 [FXGL Background Thread 2 ] DEBUG TilesetLoader        - Writing to buffer: dst=384,640, w=64,h=64, src=192,0
18:17:24.033 [FXGL Background Thread 2 ] DEBUG TilesetLoader        - Writing to buffer: dst=448,640, w=64,h=64, src=256,0
18:17:24.034 [FXGL Background Thread 2 ] DEBUG TilesetLoader        - Writing to buffer: dst=512,640, w=64,h=64, src=192,0
18:17:24.034 [FXGL Background Thread 2 ] DEBUG TilesetLoader        - Writing to buffer: dst=576,640, w=64,h=64, src=256,0
18:17:24.035 [FXGL Background Thread 2 ] DEBUG TilesetLoader        - Writing to buffer: dst=640,640, w=64,h=64, src=192,0
18:17:24.035 [FXGL Background Thread 2 ] DEBUG TilesetLoader        - Writing to buffer: dst=704,640, w=64,h=64, src=256,0
18:17:24.036 [FXGL Background Thread 2 ] DEBUG TilesetLoader        - Writing to buffer: dst=768,640, w=64,h=64, src=192,0
18:17:24.037 [FXGL Background Thread 2 ] DEBUG TilesetLoader        - Writing to buffer: dst=832,640, w=64,h=64, src=256,0
18:17:24.037 [FXGL Background Thread 2 ] DEBUG TilesetLoader        - Writing to buffer: dst=896,640, w=64,h=64, src=0,0
18:17:24.038 [FXGL Background Thread 2 ] DEBUG TilesetLoader        - Writing to buffer: dst=0,704, w=64,h=64, src=0,0
18:17:24.038 [FXGL Background Thread 2 ] DEBUG TilesetLoader        - Writing to buffer: dst=64,704, w=64,h=64, src=256,0
18:17:24.039 [FXGL Background Thread 2 ] DEBUG TilesetLoader        - Writing to buffer: dst=128,704, w=64,h=64, src=256,0
18:17:24.039 [FXGL Background Thread 2 ] DEBUG TilesetLoader        - Writing to buffer: dst=192,704, w=64,h=64, src=256,0
18:17:24.040 [FXGL Background Thread 2 ] DEBUG TilesetLoader        - Writing to buffer: dst=256,704, w=64,h=64, src=256,0
18:17:24.040 [FXGL Background Thread 2 ] DEBUG TilesetLoader        - Writing to buffer: dst=320,704, w=64,h=64, src=256,0
18:17:24.041 [FXGL Background Thread 2 ] DEBUG TilesetLoader        - Writing to buffer: dst=384,704, w=64,h=64, src=256,0
18:17:24.041 [FXGL Background Thread 2 ] DEBUG TilesetLoader        - Writing to buffer: dst=448,704, w=64,h=64, src=256,0
18:17:24.042 [FXGL Background Thread 2 ] DEBUG TilesetLoader        - Writing to buffer: dst=512,704, w=64,h=64, src=256,0
18:17:24.042 [FXGL Background Thread 2 ] DEBUG TilesetLoader        - Writing to buffer: dst=576,704, w=64,h=64, src=256,0
18:17:24.043 [FXGL Background Thread 2 ] DEBUG TilesetLoader        - Writing to buffer: dst=640,704, w=64,h=64, src=256,0
18:17:24.043 [FXGL Background Thread 2 ] DEBUG TilesetLoader        - Writing to buffer: dst=704,704, w=64,h=64, src=256,0
18:17:24.043 [FXGL Background Thread 2 ] DEBUG TilesetLoader        - Writing to buffer: dst=768,704, w=64,h=64, src=256,0
18:17:24.044 [FXGL Background Thread 2 ] DEBUG TilesetLoader        - Writing to buffer: dst=832,704, w=64,h=64, src=256,0
18:17:24.044 [FXGL Background Thread 2 ] DEBUG TilesetLoader        - Writing to buffer: dst=896,704, w=64,h=64, src=0,0
18:17:24.044 [FXGL Background Thread 2 ] DEBUG TilesetLoader        - Writing to buffer: dst=0,768, w=64,h=64, src=0,0
18:17:24.045 [FXGL Background Thread 2 ] DEBUG TilesetLoader        - Writing to buffer: dst=64,768, w=64,h=64, src=0,0
18:17:24.045 [FXGL Background Thread 2 ] DEBUG TilesetLoader        - Writing to buffer: dst=128,768, w=64,h=64, src=0,0
18:17:24.045 [FXGL Background Thread 2 ] DEBUG TilesetLoader        - Writing to buffer: dst=192,768, w=64,h=64, src=0,0
18:17:24.046 [FXGL Background Thread 2 ] DEBUG TilesetLoader        - Writing to buffer: dst=256,768, w=64,h=64, src=0,0
18:17:24.046 [FXGL Background Thread 2 ] DEBUG TilesetLoader        - Writing to buffer: dst=320,768, w=64,h=64, src=0,0
18:17:24.047 [FXGL Background Thread 2 ] DEBUG TilesetLoader        - Writing to buffer: dst=384,768, w=64,h=64, src=0,0
18:17:24.047 [FXGL Background Thread 2 ] DEBUG TilesetLoader        - Writing to buffer: dst=448,768, w=64,h=64, src=0,0
18:17:24.048 [FXGL Background Thread 2 ] DEBUG TilesetLoader        - Writing to buffer: dst=512,768, w=64,h=64, src=0,0
18:17:24.048 [FXGL Background Thread 2 ] DEBUG TilesetLoader        - Writing to buffer: dst=576,768, w=64,h=64, src=0,0
18:17:24.048 [FXGL Background Thread 2 ] DEBUG TilesetLoader        - Writing to buffer: dst=640,768, w=64,h=64, src=0,0
18:17:24.049 [FXGL Background Thread 2 ] DEBUG TilesetLoader        - Writing to buffer: dst=704,768, w=64,h=64, src=0,0
18:17:24.049 [FXGL Background Thread 2 ] DEBUG TilesetLoader        - Writing to buffer: dst=768,768, w=64,h=64, src=0,0
18:17:24.050 [FXGL Background Thread 2 ] DEBUG TilesetLoader        - Writing to buffer: dst=832,768, w=64,h=64, src=0,0
18:17:24.050 [FXGL Background Thread 2 ] DEBUG TilesetLoader        - Writing to buffer: dst=896,768, w=64,h=64, src=0,0
18:17:24.051 [FXGL Background Thread 2 ] DEBUG TMXLevelLoader       - Creating object layer entities
18:17:24.114 [FXGL Background Thread 2 ] DEBUG GameWorld            - Clearing removable entities
18:17:24.115 [FXGL Background Thread 2 ] DEBUG GameWorld            - Setting level: com.almasb.fxgl.entity.level.Level@8f5cb34
18:17:24.136 [FXGL Background Thread 2 ] DEBUG FXGLAssetLoaderServi - Loading from file system: file:/C:/Users/0705s/OneDrive/Desktop/SE-Challengeweek/target/classes/assets/textures/player_1_move_down.png
18:17:24.165 [FXGL Background Thread 2 ] DEBUG FXGLAssetLoaderServi - Loading from file system: file:/C:/Users/0705s/OneDrive/Desktop/SE-Challengeweek/target/classes/assets/textures/box-1.png
18:17:24.275 [FXGL Background Thread 2 ] DEBUG FXGLAssetLoaderServi - Loading from file system: file:/C:/Users/0705s/OneDrive/Desktop/SE-Challengeweek/target/classes/assets/music/BGM.wav
18:17:24.477 [FXGL Background Thread 3 ] DEBUG Engine               - Logging environment variables
18:17:24.478 [FXGL Background Thread 3 ] DEBUG Engine               - achievements: []
18:17:24.478 [FXGL Background Thread 3 ] DEBUG Engine               - actualHeight: 820.0
18:17:24.479 [FXGL Background Thread 3 ] DEBUG Engine               - actualHeightProperty: ReadOnlyDoubleProperty [value: 820.0]
18:17:24.479 [FXGL Background Thread 3 ] DEBUG Engine               - actualWidth: 950.0
18:17:24.479 [FXGL Background Thread 3 ] DEBUG Engine               - actualWidthProperty: ReadOnlyDoubleProperty [value: 950.0]
18:17:24.480 [FXGL Background Thread 3 ] DEBUG Engine               - appIcon: fxgl_icon.png
18:17:24.480 [FXGL Background Thread 3 ] DEBUG Engine               - applicationMode: DEVELOPER
18:17:24.480 [FXGL Background Thread 3 ] DEBUG Engine               - cSSList: [fxgl_dark.css]
18:17:24.481 [FXGL Background Thread 3 ] DEBUG Engine               - collisionDetectionStrategy: BRUTE_FORCE
18:17:24.481 [FXGL Background Thread 3 ] DEBUG Engine               - configClass: Optional.empty
18:17:24.481 [FXGL Background Thread 3 ] DEBUG Engine               - credits: []
18:17:24.483 [FXGL Background Thread 3 ] DEBUG Engine               - devBBoxColorProperty: ObjectProperty [value: 0xff0000ff]
18:17:24.484 [FXGL Background Thread 3 ] DEBUG Engine               - devEnableDebugCameraProperty: BooleanProperty [value: false]
18:17:24.485 [FXGL Background Thread 3 ] DEBUG Engine               - devSensorColorProperty: ObjectProperty [value: 0xffff00ff]
18:17:24.485 [FXGL Background Thread 3 ] DEBUG Engine               - devShowBBoxProperty: BooleanProperty [value: false]
18:17:24.486 [FXGL Background Thread 3 ] DEBUG Engine               - devShowPositionProperty: BooleanProperty [value: false]
18:17:24.486 [FXGL Background Thread 3 ] DEBUG Engine               - enabledMenuItems: []
18:17:24.487 [FXGL Background Thread 3 ] DEBUG Engine               - engineServices: [class com.almasb.fxgl.app.services.FXGLAssetLoaderService, class com.almasb.fxgl.app.FXGLApplication$GameApplicationService, class com.almasb.fxgl.app.services.FXGLDialogService, class com.almasb.fxgl.app.services.IOTaskExecutorService, class com.almasb.fxgl.event.EventBusService, class com.almasb.fxgl.io.FileSystemService, class com.almasb.fxgl.localization.LocalizationService, class com.almasb.fxgl.app.services.SystemBundleService, class com.almasb.fxgl.profile.SaveLoadService, class com.almasb.fxgl.ui.FXGLUIFactoryServiceProvider, class com.almasb.fxgl.ui.FXGLDialogFactoryServiceProvider, class com.almasb.fxgl.audio.AudioPlayer, class com.almasb.fxgl.notification.impl.NotificationServiceProvider, class com.almasb.fxgl.achievement.AchievementService, class com.almasb.fxgl.cutscene.CutsceneService, class com.almasb.fxgl.minigames.MiniGameService, class com.almasb.fxgl.net.NetService, class com.almasb.fxgl.app.services.UpdaterService, class com.almasb.fxgl.dev.DevService]
18:17:24.487 [FXGL Background Thread 3 ] DEBUG Engine               - fontGame: Abel-Regular.ttf
18:17:24.487 [FXGL Background Thread 3 ] DEBUG Engine               - fontMono: lucida_console.ttf
18:17:24.488 [FXGL Background Thread 3 ] DEBUG Engine               - fontText: Courier-Prime.ttf
18:17:24.488 [FXGL Background Thread 3 ] DEBUG Engine               - fontUI: VarelaRound-Regular.ttf
18:17:24.489 [FXGL Background Thread 3 ] DEBUG Engine               - fullScreen: BooleanProperty [value: false]
18:17:24.489 [FXGL Background Thread 3 ] DEBUG Engine               - gameDifficulty: MEDIUM
18:17:24.490 [FXGL Background Thread 3 ] DEBUG Engine               - gameDifficultyProperty: ObjectProperty [value: MEDIUM]
18:17:24.491 [FXGL Background Thread 3 ] DEBUG Engine               - globalMusicVolume: 0.5
18:17:24.491 [FXGL Background Thread 3 ] DEBUG Engine               - globalMusicVolumeProperty: DoubleProperty [value: 0.5]
18:17:24.492 [FXGL Background Thread 3 ] DEBUG Engine               - globalSoundVolume: 0.5
18:17:24.493 [FXGL Background Thread 3 ] DEBUG Engine               - globalSoundVolumeProperty: DoubleProperty [value: 0.5]
18:17:24.493 [FXGL Background Thread 3 ] DEBUG Engine               - height: 820
18:17:24.494 [FXGL Background Thread 3 ] DEBUG Engine               - isAndroid: false
18:17:24.494 [FXGL Background Thread 3 ] DEBUG Engine               - isBrowser: false
18:17:24.495 [FXGL Background Thread 3 ] DEBUG Engine               - isClickFeedbackEnabled: false
18:17:24.495 [FXGL Background Thread 3 ] DEBUG Engine               - isCloseConfirmation: false
18:17:24.496 [FXGL Background Thread 3 ] DEBUG Engine               - isDesktop: true
18:17:24.496 [FXGL Background Thread 3 ] DEBUG Engine               - isDeveloperMenuEnabled: true
18:17:24.497 [FXGL Background Thread 3 ] DEBUG Engine               - isEntityPreloadEnabled: true
18:17:24.497 [FXGL Background Thread 3 ] DEBUG Engine               - isExperimental3D: false
18:17:24.497 [FXGL Background Thread 3 ] DEBUG Engine               - isExperimentalNative: false
18:17:24.498 [FXGL Background Thread 3 ] DEBUG Engine               - isExperimentalTiledLargeMap: false
18:17:24.498 [FXGL Background Thread 3 ] DEBUG Engine               - isFileSystemWriteAllowed: true
18:17:24.499 [FXGL Background Thread 3 ] DEBUG Engine               - isFullScreenAllowed: false
18:17:24.499 [FXGL Background Thread 3 ] DEBUG Engine               - isFullScreenFromStart: false
18:17:24.500 [FXGL Background Thread 3 ] DEBUG Engine               - isGameMenuEnabled: true
18:17:24.500 [FXGL Background Thread 3 ] DEBUG Engine               - isIOS: false
18:17:24.501 [FXGL Background Thread 3 ] DEBUG Engine               - isIntroEnabled: false
18:17:24.501 [FXGL Background Thread 3 ] DEBUG Engine               - isLinux: false
18:17:24.501 [FXGL Background Thread 3 ] DEBUG Engine               - isMac: false
18:17:24.502 [FXGL Background Thread 3 ] DEBUG Engine               - isMainMenuEnabled: true
18:17:24.502 [FXGL Background Thread 3 ] DEBUG Engine               - isManualResizeEnabled: false
18:17:24.503 [FXGL Background Thread 3 ] DEBUG Engine               - isMobile: false
18:17:24.503 [FXGL Background Thread 3 ] DEBUG Engine               - isPreserveResizeRatio: false
18:17:24.503 [FXGL Background Thread 3 ] DEBUG Engine               - isProfilingEnabled: false
18:17:24.504 [FXGL Background Thread 3 ] DEBUG Engine               - isScaleAffectedOnResize: true
18:17:24.504 [FXGL Background Thread 3 ] DEBUG Engine               - isSingleStep: false
18:17:24.505 [FXGL Background Thread 3 ] DEBUG Engine               - isUserProfileEnabled: false
18:17:24.505 [FXGL Background Thread 3 ] DEBUG Engine               - isWindows: true
18:17:24.505 [FXGL Background Thread 3 ] DEBUG Engine               - language: ObjectProperty [value: ENGLISH]
18:17:24.506 [FXGL Background Thread 3 ] DEBUG Engine               - menuKey: ESCAPE
18:17:24.506 [FXGL Background Thread 3 ] DEBUG Engine               - notificationViewClass: class com.almasb.fxgl.notification.view.XboxNotificationView
18:17:24.507 [FXGL Background Thread 3 ] DEBUG Engine               - pixelsPerMeter: 50.0
18:17:24.507 [FXGL Background Thread 3 ] DEBUG Engine               - platform: WINDOWS
18:17:24.508 [FXGL Background Thread 3 ] DEBUG Engine               - prefHeightProperty: ReadOnlyDoubleProperty [value: 820.0]
18:17:24.508 [FXGL Background Thread 3 ] DEBUG Engine               - prefWidthProperty: ReadOnlyDoubleProperty [value: 950.0]
18:17:24.508 [FXGL Background Thread 3 ] DEBUG Engine               - profileDir: profiles/
18:17:24.509 [FXGL Background Thread 3 ] DEBUG Engine               - profileName: StringProperty [value: DEFAULT]
18:17:24.509 [FXGL Background Thread 3 ] DEBUG Engine               - randomSeed: -1
18:17:24.510 [FXGL Background Thread 3 ] DEBUG Engine               - runtimeInfo: RuntimeInfo(platform=WINDOWS, version=11.14, build=01.03.2021 16.59)
18:17:24.510 [FXGL Background Thread 3 ] DEBUG Engine               - saveFileExt: sav
18:17:24.510 [FXGL Background Thread 3 ] DEBUG Engine               - scaledHeightProp$fxgl: DoubleProperty [bound, value: 820.0]
18:17:24.511 [FXGL Background Thread 3 ] DEBUG Engine               - scaledWidthProp$fxgl: DoubleProperty [bound, value: 950.0]
18:17:24.511 [FXGL Background Thread 3 ] DEBUG Engine               - sceneFactory: MenuFactory@1d17ba12
18:17:24.512 [FXGL Background Thread 3 ] DEBUG Engine               - secondsIn24h: 60
18:17:24.512 [FXGL Background Thread 3 ] DEBUG Engine               - soundMenuBack: menu/back.wav
18:17:24.512 [FXGL Background Thread 3 ] DEBUG Engine               - soundMenuPress: menu/press.wav
18:17:24.526 [FXGL Background Thread 3 ] DEBUG Engine               - soundMenuSelect: menu/select.wav
18:17:24.526 [FXGL Background Thread 3 ] DEBUG Engine               - soundNotification: core/notification.wav
18:17:24.527 [FXGL Background Thread 3 ] DEBUG Engine               - stageStyle: DECORATED
18:17:24.527 [FXGL Background Thread 3 ] DEBUG Engine               - supportedLanguages: [ENGLISH, FRENCH, GERMAN, HUNGARIAN, RUSSIAN]
18:17:24.527 [FXGL Background Thread 3 ] DEBUG Engine               - ticksPerSecond: -1
18:17:24.528 [FXGL Background Thread 3 ] DEBUG Engine               - title: Bomberman
18:17:24.529 [FXGL Background Thread 3 ] DEBUG Engine               - urlGithub: https://github.com/AlmasB/FXGL
18:17:24.529 [FXGL Background Thread 3 ] DEBUG Engine               - urlLeaderboard: http://fxgl-top.herokuapp.com/
18:17:24.529 [FXGL Background Thread 3 ] DEBUG Engine               - urlPOM: https://raw.githubusercontent.com/AlmasB/FXGL/release/README.md
18:17:24.529 [FXGL Background Thread 3 ] DEBUG Engine               - userAppClass: class Game
18:17:24.530 [FXGL Background Thread 3 ] DEBUG Engine               - version: 0.0
18:17:24.530 [FXGL Background Thread 3 ] DEBUG Engine               - versionCheckDays: 7
18:17:24.530 [FXGL Background Thread 3 ] DEBUG Engine               - width: 950
18:17:24.531 [FXGL Background Thread 3 ] DEBUG Engine               - Logging services
18:17:24.531 [FXGL Background Thread 3 ] DEBUG Engine               - class com.almasb.fxgl.app.services.FXGLAssetLoaderService
18:17:24.531 [FXGL Background Thread 3 ] DEBUG Engine               - class com.almasb.fxgl.app.FXGLApplication$GameApplicationService
18:17:24.532 [FXGL Background Thread 3 ] DEBUG Engine               - class com.almasb.fxgl.app.services.FXGLDialogService
18:17:24.533 [FXGL Background Thread 3 ] DEBUG Engine               - class com.almasb.fxgl.app.services.IOTaskExecutorService
18:17:24.533 [FXGL Background Thread 3 ] DEBUG Engine               - class com.almasb.fxgl.event.EventBusService
18:17:24.534 [FXGL Background Thread 3 ] DEBUG Engine               - class com.almasb.fxgl.io.FileSystemService
18:17:24.534 [FXGL Background Thread 3 ] DEBUG Engine               - class com.almasb.fxgl.localization.LocalizationService
18:17:24.534 [FXGL Background Thread 3 ] DEBUG Engine               - class com.almasb.fxgl.app.services.SystemBundleService
18:17:24.535 [FXGL Background Thread 3 ] DEBUG Engine               - class com.almasb.fxgl.profile.SaveLoadService
18:17:24.535 [FXGL Background Thread 3 ] DEBUG Engine               - class com.almasb.fxgl.ui.FXGLUIFactoryServiceProvider
18:17:24.535 [FXGL Background Thread 3 ] DEBUG Engine               - class com.almasb.fxgl.ui.FXGLDialogFactoryServiceProvider
18:17:24.536 [FXGL Background Thread 3 ] DEBUG Engine               - class com.almasb.fxgl.audio.AudioPlayer
18:17:24.536 [FXGL Background Thread 3 ] DEBUG Engine               - class com.almasb.fxgl.notification.impl.NotificationServiceProvider
18:17:24.536 [FXGL Background Thread 3 ] DEBUG Engine               - class com.almasb.fxgl.achievement.AchievementService
18:17:24.537 [FXGL Background Thread 3 ] DEBUG Engine               - class com.almasb.fxgl.cutscene.CutsceneService
18:17:24.537 [FXGL Background Thread 3 ] DEBUG Engine               - class com.almasb.fxgl.minigames.MiniGameService
18:17:24.537 [FXGL Background Thread 3 ] DEBUG Engine               - class com.almasb.fxgl.net.NetService
18:17:24.537 [FXGL Background Thread 3 ] DEBUG Engine               - class com.almasb.fxgl.app.services.UpdaterService
18:17:24.538 [FXGL Background Thread 3 ] DEBUG Engine               - class com.almasb.fxgl.dev.DevService
18:17:25.558 [FXGL Background Thread 2 ] DEBUG AudioPlayer          - Playing music com.almasb.fxgl.audio.Music@65fc72cf
18:17:25.570 [FXGL Background Thread 2 ] INFO  FXGLApplication      - Game initialization took: 1,724 sec
18:17:25.573 [JavaFX Application Thread] DEBUG Input                - Clearing active input actions
18:17:25.591 [JavaFX Application Thread] DEBUG GameApplicationServi - Removing overlay from FXGLLoadingScene and adding to GameScene
18:17:25.597 [JavaFX Application Thread] DEBUG PrimaryStageWindow   - FXGLLoadingScene -> GameScene
18:17:25.608 [JavaFX Application Thread] DEBUG FXGLAssetLoaderServi - Loading from file system: file:/C:/Users/0705s/OneDrive/Desktop/SE-Challengeweek/target/classes/assets/textures/player_1_idle_down.png
18:17:25.610 [JavaFX Application Thread] DEBUG FXGLAssetLoaderServi - Loading from file system: file:/C:/Users/0705s/OneDrive/Desktop/SE-Challengeweek/target/classes/assets/textures/player_2_idle_down.png
18:17:26.163 [JavaFX Application Thread] DEBUG FXGLAssetLoaderServi - Loading from file system: file:/C:/Users/0705s/OneDrive/Desktop/SE-Challengeweek/target/classes/assets/textures/player_1_move_right.png
18:17:26.588 [JavaFX Application Thread] DEBUG FXGLAssetLoaderServi - Loading from file system: file:/C:/Users/0705s/OneDrive/Desktop/SE-Challengeweek/target/classes/assets/textures/player_1_idle_right.png
18:17:26.595 [JavaFX Application Thread] DEBUG FXGLAssetLoaderServi - Loading from file system: file:/C:/Users/0705s/OneDrive/Desktop/SE-Challengeweek/target/classes/assets/textures/player_1_move_left.png
18:17:26.607 [JavaFX Application Thread] DEBUG FXGLAssetLoaderServi - Loading from file system: file:/C:/Users/0705s/OneDrive/Desktop/SE-Challengeweek/target/classes/assets/textures/bomb-1.png
18:17:29.437 [JavaFX Application Thread] DEBUG FXGLAssetLoaderServi - Loading from file system: file:/C:/Users/0705s/OneDrive/Desktop/SE-Challengeweek/target/classes/assets/textures/bomb_explosion.png
18:17:29.441 [JavaFX Application Thread] DEBUG FXGLAssetLoaderServi - Loading from file system: file:/C:/Users/0705s/OneDrive/Desktop/SE-Challengeweek/target/classes/assets/sounds/explode.wav
18:17:30.013 [JavaFX Application Thread] DEBUG FXGLAssetLoaderServi - Loading from file system: file:/C:/Users/0705s/OneDrive/Desktop/SE-Challengeweek/target/classes/assets/textures/player_1_idle_left.png
18:17:31.454 [JavaFX Application Thread] DEBUG FXGLAssetLoaderServi - Loading from file system: file:/C:/Users/0705s/OneDrive/Desktop/SE-Challengeweek/target/classes/assets/textures/player_1_move_Up.png
18:17:32.003 [JavaFX Application Thread] DEBUG FXGLAssetLoaderServi - Loading from file system: file:/C:/Users/0705s/OneDrive/Desktop/SE-Challengeweek/target/classes/assets/textures/player_1_idle_Up.png
18:17:36.524 [JavaFX Application Thread] DEBUG FXGLAssetLoaderServi - Loading from file system: file:/C:/Users/0705s/OneDrive/Desktop/SE-Challengeweek/target/classes/assets/sounds/player_hit.wav
18:18:03.515 [JavaFX Application Thread] DEBUG FXGLAssetLoaderServi - Loading from file system: file:/C:/Users/0705s/OneDrive/Desktop/SE-Challengeweek/target/classes/assets/textures/extrabomb-1.png
18:18:18.647 [JavaFX Application Thread] DEBUG FXGLAssetLoaderServi - Loading from file system: file:/C:/Users/0705s/OneDrive/Desktop/SE-Challengeweek/target/classes/assets/textures/speedup-1.png
18:19:59.067 [JavaFX Application Thread] DEBUG FXGLAssetLoaderServi - Loading from file system: file:/C:/Users/0705s/OneDrive/Desktop/SE-Challengeweek/target/classes/assets/textures/bomradius-1.png
18:19:59.440 [JavaFX Application Thread] DEBUG FXGLAssetLoaderServi - Loading from file system: file:/C:/Users/0705s/OneDrive/Desktop/SE-Challengeweek/target/classes/assets/sounds/player_dead.wav
18:19:59.460 [JavaFX Application Thread] DEBUG PrimaryStageWindow   - Push state: DialogSubScene
18:19:59.461 [JavaFX Application Thread] DEBUG Input                - Clearing active input actions
18:19:59.461 [JavaFX Application Thread] DEBUG GameApplicationServi - Removing overlay from GameScene and adding to DialogSubScene
18:19:59.463 [JavaFX Application Thread] DEBUG PrimaryStageWindow   - GameScene -> DialogSubScene
18:20:06.418 [JavaFX Application Thread] DEBUG PrimaryStageWindow   - Pop state: DialogSubScene
18:20:06.419 [JavaFX Application Thread] DEBUG Input                - Clearing active input actions
18:20:06.421 [JavaFX Application Thread] DEBUG GameApplicationServi - Removing overlay from DialogSubScene and adding to GameScene
18:20:06.423 [JavaFX Application Thread] DEBUG PrimaryStageWindow   - GameScene <- DialogSubScene
18:20:06.428 [JavaFX Application Thread] DEBUG FXGLAssetLoaderServi - Loading from file system: file:/C:/Users/0705s/OneDrive/Desktop/SE-Challengeweek/target/classes/assets/textures/player_1_dead.png
18:20:08.509 [JavaFX Application Thread] DEBUG AudioPlayer          - Stopping music com.almasb.fxgl.audio.Music@65fc72cf
18:20:09.004 [JavaFX Application Thread] DEBUG Input                - Clearing active input actions
18:20:09.019 [JavaFX Application Thread] DEBUG GameApplicationServi - Removing overlay from GameScene and adding to FXGLMainMenuDummyScene
18:20:09.028 [JavaFX Application Thread] DEBUG PrimaryStageWindow   - GameScene -> FXGLMainMenuDummyScene
18:20:09.028 [JavaFX Application Thread] DEBUG PrimaryStageWindow   - Push state: StartMenu
18:20:09.029 [JavaFX Application Thread] DEBUG Input                - Clearing active input actions
18:20:09.031 [JavaFX Application Thread] DEBUG GameApplicationServi - Removing overlay from FXGLMainMenuDummyScene and adding to StartMenu
18:20:09.032 [JavaFX Application Thread] DEBUG PrimaryStageWindow   - FXGLMainMenuDummyScene -> StartMenu
18:20:12.349 [JavaFX Application Thread] DEBUG Menu                 - fireNewGame()
18:20:12.350 [JavaFX Application Thread] DEBUG GameApplicationServi - Starting new game
18:20:12.350 [JavaFX Application Thread] DEBUG PrimaryStageWindow   - Pop state: StartMenu
18:20:12.351 [JavaFX Application Thread] DEBUG Input                - Clearing active input actions
18:20:12.353 [JavaFX Application Thread] DEBUG GameApplicationServi - Removing overlay from StartMenu and adding to FXGLMainMenuDummyScene
18:20:12.354 [JavaFX Application Thread] DEBUG PrimaryStageWindow   - FXGLMainMenuDummyScene <- StartMenu
18:20:12.354 [JavaFX Application Thread] DEBUG Input                - Clearing active input actions
18:20:12.356 [JavaFX Application Thread] DEBUG GameApplicationServi - Removing overlay from FXGLMainMenuDummyScene and adding to FXGLLoadingScene
18:20:12.357 [JavaFX Application Thread] DEBUG PrimaryStageWindow   - FXGLMainMenuDummyScene -> FXGLLoadingScene
18:20:12.357 [JavaFX Application Thread] DEBUG GameApplicationServi - Clearing previous game
18:20:12.357 [JavaFX Application Thread] DEBUG GameScene            - Clearing game scene
18:20:12.357 [JavaFX Application Thread] DEBUG GameWorld            - Clearing game world
18:20:12.361 [JavaFX Application Thread] DEBUG PhysicsWorld         - Clearing physics world
18:20:12.363 [FXGL Background Thread 5 ] DEBUG FXGLApplication      - Initializing game
18:20:12.372 [FXGL Background Thread 5 ] WARN  TMXLevelLoader       - TiledMap generated from 1.0.1. Supported version: 1.2.3. Some features may not be parsed fully.
18:20:12.384 [FXGL Background Thread 5 ] DEBUG TMXLevelLoader       - Parsed raw map: TiledMap(width=15, height=13, tilewidth=64, tileheight=64, orientation=orthogonal, layers=[Layer(width=15, height=13, name=Tile Layer 1, type=tilelayer, visible=false, x=0, y=0, data=[16, 16, 16, 16, 16, 16, 16, 16, 16, 16, 16, 16, 16, 16, 16, 16, 15, 15, 15, 15, 15, 15, 15, 15, 15, 15, 15, 15, 15, 16, 16, 15, 4, 15, 4, 15, 4, 15, 4, 15, 4, 15, 4, 15, 16, 16, 15, 15, 15, 15, 15, 15, 15, 15, 15, 15, 15, 15, 15, 16, 16, 15, 4, 15, 4, 15, 4, 15, 4, 15, 4, 15, 4, 15, 16, 16, 15, 15, 15, 15, 15, 15, 15, 15, 15, 15, 15, 15, 15, 16, 16, 15, 4, 15, 4, 15, 4, 15, 4, 15, 4, 15, 4, 15, 16, 16, 15, 15, 15, 15, 15, 15, 15, 15, 15, 15, 15, 15, 15, 16, 16, 15, 4, 15, 4, 15, 4, 15, 4, 15, 4, 15, 4, 15, 16, 16, 15, 15, 15, 15, 15, 15, 15, 15, 15, 15, 15, 15, 15, 16, 16, 15, 4, 15, 4, 15, 4, 15, 4, 15, 4, 15, 17, 15, 16, 16, 15, 15, 15, 15, 15, 15, 15, 15, 15, 15, 15, 15, 15, 16, 16, 16, 16, 16, 16, 16, 16, 16, 16, 16, 16, 16, 16, 16, 16], objects=[], opacity=0.0, draworder=), Layer(width=0, height=0, name=Object Layer 1, type=objectgroup, visible=false, x=0, y=0, data=[], objects=[com.almasb.fxgl.entity.level.tiled.TiledObject@60e32979, com.almasb.fxgl.entity.level.tiled.TiledObject@64dca1bd, com.almasb.fxgl.entity.level.tiled.TiledObject@21de2342, com.almasb.fxgl.entity.level.tiled.TiledObject@6964f716, com.almasb.fxgl.entity.level.tiled.TiledObject@10b5a3a2, com.almasb.fxgl.entity.level.tiled.TiledObject@11e52940, com.almasb.fxgl.entity.level.tiled.TiledObject@41f1dc0d, com.almasb.fxgl.entity.level.tiled.TiledObject@fe35f62, com.almasb.fxgl.entity.level.tiled.TiledObject@3276458f, com.almasb.fxgl.entity.level.tiled.TiledObject@ae1c5a8, com.almasb.fxgl.entity.level.tiled.TiledObject@45bf614d, com.almasb.fxgl.entity.level.tiled.TiledObject@50b23ed7, com.almasb.fxgl.entity.level.tiled.TiledObject@50685373, com.almasb.fxgl.entity.level.tiled.TiledObject@54a00053, com.almasb.fxgl.entity.level.tiled.TiledObject@6aaba683, com.almasb.fxgl.entity.level.tiled.TiledObject@2b2e6987, com.almasb.fxgl.entity.level.tiled.TiledObject@394f445a, com.almasb.fxgl.entity.level.tiled.TiledObject@6d3979b8, com.almasb.fxgl.entity.level.tiled.TiledObject@5a914522, com.almasb.fxgl.entity.level.tiled.TiledObject@22b6da6, com.almasb.fxgl.entity.level.tiled.TiledObject@4105942d, com.almasb.fxgl.entity.level.tiled.TiledObject@67d7d10c, com.almasb.fxgl.entity.level.tiled.TiledObject@373f3081, com.almasb.fxgl.entity.level.tiled.TiledObject@6e202d9d, com.almasb.fxgl.entity.level.tiled.TiledObject@3e97888, com.almasb.fxgl.entity.level.tiled.TiledObject@5a6f9648, com.almasb.fxgl.entity.level.tiled.TiledObject@141a0ebc, com.almasb.fxgl.entity.level.tiled.TiledObject@7b398567, com.almasb.fxgl.entity.level.tiled.TiledObject@335c9fb0, com.almasb.fxgl.entity.level.tiled.TiledObject@15279245, com.almasb.fxgl.entity.level.tiled.TiledObject@518c01b3, com.almasb.fxgl.entity.level.tiled.TiledObject@6629a458, com.almasb.fxgl.entity.level.tiled.TiledObject@315f0632, com.almasb.fxgl.entity.level.tiled.TiledObject@18430fe6], opacity=0.0, draworder=)], tilesets=[Tileset(firstgid=1, image=spritesheet(1).png, name=spritesheet(1), tilewidth=64, tileheight=64, imagewidth=1472, imageheight=64, margin=0, spacing=0, columns=23, tilecount=23, transparentcolor=, tiles=[])], backgroundcolor=, renderorder=right-down, nextobjectid=139, version=1, tiledversion=1.0.1, type=map, infinite=false, hexsidelength=0, staggeraxis=, staggerindex=, properties={}, propertytypes={})
18:20:12.385 [FXGL Background Thread 5 ] DEBUG TMXLevelLoader       - Creating tile layer entities
18:20:12.385 [FXGL Background Thread 5 ] DEBUG TilesetLoader        - Loading view for layer Tile Layer 1
18:20:12.386 [FXGL Background Thread 5 ] DEBUG TilesetLoader        - Created buffer with size 960.0x832.0
18:20:12.395 [FXGL Background Thread 5 ] DEBUG TilesetLoader        - Writing to buffer: dst=0,0, w=64,h=64, src=960,0
18:20:12.396 [FXGL Background Thread 5 ] DEBUG TilesetLoader        - Writing to buffer: dst=64,0, w=64,h=64, src=960,0
18:20:12.396 [FXGL Background Thread 5 ] DEBUG TilesetLoader        - Writing to buffer: dst=128,0, w=64,h=64, src=960,0
18:20:12.396 [FXGL Background Thread 5 ] DEBUG TilesetLoader        - Writing to buffer: dst=192,0, w=64,h=64, src=960,0
18:20:12.396 [FXGL Background Thread 5 ] DEBUG TilesetLoader        - Writing to buffer: dst=256,0, w=64,h=64, src=960,0
18:20:12.397 [FXGL Background Thread 5 ] DEBUG TilesetLoader        - Writing to buffer: dst=320,0, w=64,h=64, src=960,0
18:20:12.397 [FXGL Background Thread 5 ] DEBUG TilesetLoader        - Writing to buffer: dst=384,0, w=64,h=64, src=960,0
18:20:12.397 [FXGL Background Thread 5 ] DEBUG TilesetLoader        - Writing to buffer: dst=448,0, w=64,h=64, src=960,0
18:20:12.397 [FXGL Background Thread 5 ] DEBUG TilesetLoader        - Writing to buffer: dst=512,0, w=64,h=64, src=960,0
18:20:12.398 [FXGL Background Thread 5 ] DEBUG TilesetLoader        - Writing to buffer: dst=576,0, w=64,h=64, src=960,0
18:20:12.398 [FXGL Background Thread 5 ] DEBUG TilesetLoader        - Writing to buffer: dst=640,0, w=64,h=64, src=960,0
18:20:12.398 [FXGL Background Thread 5 ] DEBUG TilesetLoader        - Writing to buffer: dst=704,0, w=64,h=64, src=960,0
18:20:12.398 [FXGL Background Thread 5 ] DEBUG TilesetLoader        - Writing to buffer: dst=768,0, w=64,h=64, src=960,0
18:20:12.398 [FXGL Background Thread 5 ] DEBUG TilesetLoader        - Writing to buffer: dst=832,0, w=64,h=64, src=960,0
18:20:12.399 [FXGL Background Thread 5 ] DEBUG TilesetLoader        - Writing to buffer: dst=896,0, w=64,h=64, src=960,0
18:20:12.399 [FXGL Background Thread 5 ] DEBUG TilesetLoader        - Writing to buffer: dst=0,64, w=64,h=64, src=960,0
18:20:12.400 [FXGL Background Thread 5 ] DEBUG TilesetLoader        - Writing to buffer: dst=64,64, w=64,h=64, src=896,0
18:20:12.400 [FXGL Background Thread 5 ] DEBUG TilesetLoader        - Writing to buffer: dst=128,64, w=64,h=64, src=896,0
18:20:12.400 [FXGL Background Thread 5 ] DEBUG TilesetLoader        - Writing to buffer: dst=192,64, w=64,h=64, src=896,0
18:20:12.401 [FXGL Background Thread 5 ] DEBUG TilesetLoader        - Writing to buffer: dst=256,64, w=64,h=64, src=896,0
18:20:12.401 [FXGL Background Thread 5 ] DEBUG TilesetLoader        - Writing to buffer: dst=320,64, w=64,h=64, src=896,0
18:20:12.401 [FXGL Background Thread 5 ] DEBUG TilesetLoader        - Writing to buffer: dst=384,64, w=64,h=64, src=896,0
18:20:12.401 [FXGL Background Thread 5 ] DEBUG TilesetLoader        - Writing to buffer: dst=448,64, w=64,h=64, src=896,0
18:20:12.401 [FXGL Background Thread 5 ] DEBUG TilesetLoader        - Writing to buffer: dst=512,64, w=64,h=64, src=896,0
18:20:12.402 [FXGL Background Thread 5 ] DEBUG TilesetLoader        - Writing to buffer: dst=576,64, w=64,h=64, src=896,0
18:20:12.402 [FXGL Background Thread 5 ] DEBUG TilesetLoader        - Writing to buffer: dst=640,64, w=64,h=64, src=896,0
18:20:12.402 [FXGL Background Thread 5 ] DEBUG TilesetLoader        - Writing to buffer: dst=704,64, w=64,h=64, src=896,0
18:20:12.402 [FXGL Background Thread 5 ] DEBUG TilesetLoader        - Writing to buffer: dst=768,64, w=64,h=64, src=896,0
18:20:12.402 [FXGL Background Thread 5 ] DEBUG TilesetLoader        - Writing to buffer: dst=832,64, w=64,h=64, src=896,0
18:20:12.403 [FXGL Background Thread 5 ] DEBUG TilesetLoader        - Writing to buffer: dst=896,64, w=64,h=64, src=960,0
18:20:12.403 [FXGL Background Thread 5 ] DEBUG TilesetLoader        - Writing to buffer: dst=0,128, w=64,h=64, src=960,0
18:20:12.403 [FXGL Background Thread 5 ] DEBUG TilesetLoader        - Writing to buffer: dst=64,128, w=64,h=64, src=896,0
18:20:12.404 [FXGL Background Thread 5 ] DEBUG TilesetLoader        - Writing to buffer: dst=128,128, w=64,h=64, src=192,0
18:20:12.404 [FXGL Background Thread 5 ] DEBUG TilesetLoader        - Writing to buffer: dst=192,128, w=64,h=64, src=896,0
18:20:12.404 [FXGL Background Thread 5 ] DEBUG TilesetLoader        - Writing to buffer: dst=256,128, w=64,h=64, src=192,0
18:20:12.405 [FXGL Background Thread 5 ] DEBUG TilesetLoader        - Writing to buffer: dst=320,128, w=64,h=64, src=896,0
18:20:12.405 [FXGL Background Thread 5 ] DEBUG TilesetLoader        - Writing to buffer: dst=384,128, w=64,h=64, src=192,0
18:20:12.405 [FXGL Background Thread 5 ] DEBUG TilesetLoader        - Writing to buffer: dst=448,128, w=64,h=64, src=896,0
18:20:12.405 [FXGL Background Thread 5 ] DEBUG TilesetLoader        - Writing to buffer: dst=512,128, w=64,h=64, src=192,0
18:20:12.405 [FXGL Background Thread 5 ] DEBUG TilesetLoader        - Writing to buffer: dst=576,128, w=64,h=64, src=896,0
18:20:12.406 [FXGL Background Thread 5 ] DEBUG TilesetLoader        - Writing to buffer: dst=640,128, w=64,h=64, src=192,0
18:20:12.406 [FXGL Background Thread 5 ] DEBUG TilesetLoader        - Writing to buffer: dst=704,128, w=64,h=64, src=896,0
18:20:12.406 [FXGL Background Thread 5 ] DEBUG TilesetLoader        - Writing to buffer: dst=768,128, w=64,h=64, src=192,0
18:20:12.406 [FXGL Background Thread 5 ] DEBUG TilesetLoader        - Writing to buffer: dst=832,128, w=64,h=64, src=896,0
18:20:12.406 [FXGL Background Thread 5 ] DEBUG TilesetLoader        - Writing to buffer: dst=896,128, w=64,h=64, src=960,0
18:20:12.407 [FXGL Background Thread 5 ] DEBUG TilesetLoader        - Writing to buffer: dst=0,192, w=64,h=64, src=960,0
18:20:12.407 [FXGL Background Thread 5 ] DEBUG TilesetLoader        - Writing to buffer: dst=64,192, w=64,h=64, src=896,0
18:20:12.407 [FXGL Background Thread 5 ] DEBUG TilesetLoader        - Writing to buffer: dst=128,192, w=64,h=64, src=896,0
18:20:12.408 [FXGL Background Thread 5 ] DEBUG TilesetLoader        - Writing to buffer: dst=192,192, w=64,h=64, src=896,0
18:20:12.408 [FXGL Background Thread 5 ] DEBUG TilesetLoader        - Writing to buffer: dst=256,192, w=64,h=64, src=896,0
18:20:12.409 [FXGL Background Thread 5 ] DEBUG TilesetLoader        - Writing to buffer: dst=320,192, w=64,h=64, src=896,0
18:20:12.409 [FXGL Background Thread 5 ] DEBUG TilesetLoader        - Writing to buffer: dst=384,192, w=64,h=64, src=896,0
18:20:12.410 [FXGL Background Thread 5 ] DEBUG TilesetLoader        - Writing to buffer: dst=448,192, w=64,h=64, src=896,0
18:20:12.410 [FXGL Background Thread 5 ] DEBUG TilesetLoader        - Writing to buffer: dst=512,192, w=64,h=64, src=896,0
18:20:12.410 [FXGL Background Thread 5 ] DEBUG TilesetLoader        - Writing to buffer: dst=576,192, w=64,h=64, src=896,0
18:20:12.410 [FXGL Background Thread 5 ] DEBUG TilesetLoader        - Writing to buffer: dst=640,192, w=64,h=64, src=896,0
18:20:12.411 [FXGL Background Thread 5 ] DEBUG TilesetLoader        - Writing to buffer: dst=704,192, w=64,h=64, src=896,0
18:20:12.411 [FXGL Background Thread 5 ] DEBUG TilesetLoader        - Writing to buffer: dst=768,192, w=64,h=64, src=896,0
18:20:12.411 [FXGL Background Thread 5 ] DEBUG TilesetLoader        - Writing to buffer: dst=832,192, w=64,h=64, src=896,0
18:20:12.411 [FXGL Background Thread 5 ] DEBUG TilesetLoader        - Writing to buffer: dst=896,192, w=64,h=64, src=960,0
18:20:12.411 [FXGL Background Thread 5 ] DEBUG TilesetLoader        - Writing to buffer: dst=0,256, w=64,h=64, src=960,0
18:20:12.412 [FXGL Background Thread 5 ] DEBUG TilesetLoader        - Writing to buffer: dst=64,256, w=64,h=64, src=896,0
18:20:12.412 [FXGL Background Thread 5 ] DEBUG TilesetLoader        - Writing to buffer: dst=128,256, w=64,h=64, src=192,0
18:20:12.412 [FXGL Background Thread 5 ] DEBUG TilesetLoader        - Writing to buffer: dst=192,256, w=64,h=64, src=896,0
18:20:12.413 [FXGL Background Thread 5 ] DEBUG TilesetLoader        - Writing to buffer: dst=256,256, w=64,h=64, src=192,0
18:20:12.413 [FXGL Background Thread 5 ] DEBUG TilesetLoader        - Writing to buffer: dst=320,256, w=64,h=64, src=896,0
18:20:12.414 [FXGL Background Thread 5 ] DEBUG TilesetLoader        - Writing to buffer: dst=384,256, w=64,h=64, src=192,0
18:20:12.414 [FXGL Background Thread 5 ] DEBUG TilesetLoader        - Writing to buffer: dst=448,256, w=64,h=64, src=896,0
18:20:12.414 [FXGL Background Thread 5 ] DEBUG TilesetLoader        - Writing to buffer: dst=512,256, w=64,h=64, src=192,0
18:20:12.414 [FXGL Background Thread 5 ] DEBUG TilesetLoader        - Writing to buffer: dst=576,256, w=64,h=64, src=896,0
18:20:12.414 [FXGL Background Thread 5 ] DEBUG TilesetLoader        - Writing to buffer: dst=640,256, w=64,h=64, src=192,0
18:20:12.415 [FXGL Background Thread 5 ] DEBUG TilesetLoader        - Writing to buffer: dst=704,256, w=64,h=64, src=896,0
18:20:12.415 [FXGL Background Thread 5 ] DEBUG TilesetLoader        - Writing to buffer: dst=768,256, w=64,h=64, src=192,0
18:20:12.415 [FXGL Background Thread 5 ] DEBUG TilesetLoader        - Writing to buffer: dst=832,256, w=64,h=64, src=896,0
18:20:12.415 [FXGL Background Thread 5 ] DEBUG TilesetLoader        - Writing to buffer: dst=896,256, w=64,h=64, src=960,0
18:20:12.415 [FXGL Background Thread 5 ] DEBUG TilesetLoader        - Writing to buffer: dst=0,320, w=64,h=64, src=960,0
18:20:12.416 [FXGL Background Thread 5 ] DEBUG TilesetLoader        - Writing to buffer: dst=64,320, w=64,h=64, src=896,0
18:20:12.416 [FXGL Background Thread 5 ] DEBUG TilesetLoader        - Writing to buffer: dst=128,320, w=64,h=64, src=896,0
18:20:12.416 [FXGL Background Thread 5 ] DEBUG TilesetLoader        - Writing to buffer: dst=192,320, w=64,h=64, src=896,0
18:20:12.416 [FXGL Background Thread 5 ] DEBUG TilesetLoader        - Writing to buffer: dst=256,320, w=64,h=64, src=896,0
18:20:12.417 [FXGL Background Thread 5 ] DEBUG TilesetLoader        - Writing to buffer: dst=320,320, w=64,h=64, src=896,0
18:20:12.417 [FXGL Background Thread 5 ] DEBUG TilesetLoader        - Writing to buffer: dst=384,320, w=64,h=64, src=896,0
18:20:12.417 [FXGL Background Thread 5 ] DEBUG TilesetLoader        - Writing to buffer: dst=448,320, w=64,h=64, src=896,0
18:20:12.417 [FXGL Background Thread 5 ] DEBUG TilesetLoader        - Writing to buffer: dst=512,320, w=64,h=64, src=896,0
18:20:12.418 [FXGL Background Thread 5 ] DEBUG TilesetLoader        - Writing to buffer: dst=576,320, w=64,h=64, src=896,0
18:20:12.418 [FXGL Background Thread 5 ] DEBUG TilesetLoader        - Writing to buffer: dst=640,320, w=64,h=64, src=896,0
18:20:12.418 [FXGL Background Thread 5 ] DEBUG TilesetLoader        - Writing to buffer: dst=704,320, w=64,h=64, src=896,0
18:20:12.418 [FXGL Background Thread 5 ] DEBUG TilesetLoader        - Writing to buffer: dst=768,320, w=64,h=64, src=896,0
18:20:12.418 [FXGL Background Thread 5 ] DEBUG TilesetLoader        - Writing to buffer: dst=832,320, w=64,h=64, src=896,0
18:20:12.419 [FXGL Background Thread 5 ] DEBUG TilesetLoader        - Writing to buffer: dst=896,320, w=64,h=64, src=960,0
18:20:12.419 [FXGL Background Thread 5 ] DEBUG TilesetLoader        - Writing to buffer: dst=0,384, w=64,h=64, src=960,0
18:20:12.419 [FXGL Background Thread 5 ] DEBUG TilesetLoader        - Writing to buffer: dst=64,384, w=64,h=64, src=896,0
18:20:12.419 [FXGL Background Thread 5 ] DEBUG TilesetLoader        - Writing to buffer: dst=128,384, w=64,h=64, src=192,0
18:20:12.419 [FXGL Background Thread 5 ] DEBUG TilesetLoader        - Writing to buffer: dst=192,384, w=64,h=64, src=896,0
18:20:12.419 [FXGL Background Thread 5 ] DEBUG TilesetLoader        - Writing to buffer: dst=256,384, w=64,h=64, src=192,0
18:20:12.420 [FXGL Background Thread 5 ] DEBUG TilesetLoader        - Writing to buffer: dst=320,384, w=64,h=64, src=896,0
18:20:12.420 [FXGL Background Thread 5 ] DEBUG TilesetLoader        - Writing to buffer: dst=384,384, w=64,h=64, src=192,0
18:20:12.421 [FXGL Background Thread 5 ] DEBUG TilesetLoader        - Writing to buffer: dst=448,384, w=64,h=64, src=896,0
18:20:12.421 [FXGL Background Thread 5 ] DEBUG TilesetLoader        - Writing to buffer: dst=512,384, w=64,h=64, src=192,0
18:20:12.421 [FXGL Background Thread 5 ] DEBUG TilesetLoader        - Writing to buffer: dst=576,384, w=64,h=64, src=896,0
18:20:12.421 [FXGL Background Thread 5 ] DEBUG TilesetLoader        - Writing to buffer: dst=640,384, w=64,h=64, src=192,0
18:20:12.421 [FXGL Background Thread 5 ] DEBUG TilesetLoader        - Writing to buffer: dst=704,384, w=64,h=64, src=896,0
18:20:12.422 [FXGL Background Thread 5 ] DEBUG TilesetLoader        - Writing to buffer: dst=768,384, w=64,h=64, src=192,0
18:20:12.422 [FXGL Background Thread 5 ] DEBUG TilesetLoader        - Writing to buffer: dst=832,384, w=64,h=64, src=896,0
18:20:12.422 [FXGL Background Thread 5 ] DEBUG TilesetLoader        - Writing to buffer: dst=896,384, w=64,h=64, src=960,0
18:20:12.422 [FXGL Background Thread 5 ] DEBUG TilesetLoader        - Writing to buffer: dst=0,448, w=64,h=64, src=960,0
18:20:12.422 [FXGL Background Thread 5 ] DEBUG TilesetLoader        - Writing to buffer: dst=64,448, w=64,h=64, src=896,0
18:20:12.422 [FXGL Background Thread 5 ] DEBUG TilesetLoader        - Writing to buffer: dst=128,448, w=64,h=64, src=896,0
18:20:12.422 [FXGL Background Thread 5 ] DEBUG TilesetLoader        - Writing to buffer: dst=192,448, w=64,h=64, src=896,0
18:20:12.423 [FXGL Background Thread 5 ] DEBUG TilesetLoader        - Writing to buffer: dst=256,448, w=64,h=64, src=896,0
18:20:12.423 [FXGL Background Thread 5 ] DEBUG TilesetLoader        - Writing to buffer: dst=320,448, w=64,h=64, src=896,0
18:20:12.423 [FXGL Background Thread 5 ] DEBUG TilesetLoader        - Writing to buffer: dst=384,448, w=64,h=64, src=896,0
18:20:12.423 [FXGL Background Thread 5 ] DEBUG TilesetLoader        - Writing to buffer: dst=448,448, w=64,h=64, src=896,0
18:20:12.423 [FXGL Background Thread 5 ] DEBUG TilesetLoader        - Writing to buffer: dst=512,448, w=64,h=64, src=896,0
18:20:12.423 [FXGL Background Thread 5 ] DEBUG TilesetLoader        - Writing to buffer: dst=576,448, w=64,h=64, src=896,0
18:20:12.423 [FXGL Background Thread 5 ] DEBUG TilesetLoader        - Writing to buffer: dst=640,448, w=64,h=64, src=896,0
18:20:12.423 [FXGL Background Thread 5 ] DEBUG TilesetLoader        - Writing to buffer: dst=704,448, w=64,h=64, src=896,0
18:20:12.424 [FXGL Background Thread 5 ] DEBUG TilesetLoader        - Writing to buffer: dst=768,448, w=64,h=64, src=896,0
18:20:12.424 [FXGL Background Thread 5 ] DEBUG TilesetLoader        - Writing to buffer: dst=832,448, w=64,h=64, src=896,0
18:20:12.424 [FXGL Background Thread 5 ] DEBUG TilesetLoader        - Writing to buffer: dst=896,448, w=64,h=64, src=960,0
18:20:12.424 [FXGL Background Thread 5 ] DEBUG TilesetLoader        - Writing to buffer: dst=0,512, w=64,h=64, src=960,0
18:20:12.424 [FXGL Background Thread 5 ] DEBUG TilesetLoader        - Writing to buffer: dst=64,512, w=64,h=64, src=896,0
18:20:12.424 [FXGL Background Thread 5 ] DEBUG TilesetLoader        - Writing to buffer: dst=128,512, w=64,h=64, src=192,0
18:20:12.424 [FXGL Background Thread 5 ] DEBUG TilesetLoader        - Writing to buffer: dst=192,512, w=64,h=64, src=896,0
18:20:12.424 [FXGL Background Thread 5 ] DEBUG TilesetLoader        - Writing to buffer: dst=256,512, w=64,h=64, src=192,0
18:20:12.424 [FXGL Background Thread 5 ] DEBUG TilesetLoader        - Writing to buffer: dst=320,512, w=64,h=64, src=896,0
18:20:12.425 [FXGL Background Thread 5 ] DEBUG TilesetLoader        - Writing to buffer: dst=384,512, w=64,h=64, src=192,0
18:20:12.425 [FXGL Background Thread 5 ] DEBUG TilesetLoader        - Writing to buffer: dst=448,512, w=64,h=64, src=896,0
18:20:12.425 [FXGL Background Thread 5 ] DEBUG TilesetLoader        - Writing to buffer: dst=512,512, w=64,h=64, src=192,0
18:20:12.425 [FXGL Background Thread 5 ] DEBUG TilesetLoader        - Writing to buffer: dst=576,512, w=64,h=64, src=896,0
18:20:12.425 [FXGL Background Thread 5 ] DEBUG TilesetLoader        - Writing to buffer: dst=640,512, w=64,h=64, src=192,0
18:20:12.425 [FXGL Background Thread 5 ] DEBUG TilesetLoader        - Writing to buffer: dst=704,512, w=64,h=64, src=896,0
18:20:12.425 [FXGL Background Thread 5 ] DEBUG TilesetLoader        - Writing to buffer: dst=768,512, w=64,h=64, src=192,0
18:20:12.425 [FXGL Background Thread 5 ] DEBUG TilesetLoader        - Writing to buffer: dst=832,512, w=64,h=64, src=896,0
18:20:12.425 [FXGL Background Thread 5 ] DEBUG TilesetLoader        - Writing to buffer: dst=896,512, w=64,h=64, src=960,0
18:20:12.426 [FXGL Background Thread 5 ] DEBUG TilesetLoader        - Writing to buffer: dst=0,576, w=64,h=64, src=960,0
18:20:12.426 [FXGL Background Thread 5 ] DEBUG TilesetLoader        - Writing to buffer: dst=64,576, w=64,h=64, src=896,0
18:20:12.426 [FXGL Background Thread 5 ] DEBUG TilesetLoader        - Writing to buffer: dst=128,576, w=64,h=64, src=896,0
18:20:12.426 [FXGL Background Thread 5 ] DEBUG TilesetLoader        - Writing to buffer: dst=192,576, w=64,h=64, src=896,0
18:20:12.426 [FXGL Background Thread 5 ] DEBUG TilesetLoader        - Writing to buffer: dst=256,576, w=64,h=64, src=896,0
18:20:12.426 [FXGL Background Thread 5 ] DEBUG TilesetLoader        - Writing to buffer: dst=320,576, w=64,h=64, src=896,0
18:20:12.426 [FXGL Background Thread 5 ] DEBUG TilesetLoader        - Writing to buffer: dst=384,576, w=64,h=64, src=896,0
18:20:12.426 [FXGL Background Thread 5 ] DEBUG TilesetLoader        - Writing to buffer: dst=448,576, w=64,h=64, src=896,0
18:20:12.427 [FXGL Background Thread 5 ] DEBUG TilesetLoader        - Writing to buffer: dst=512,576, w=64,h=64, src=896,0
18:20:12.427 [FXGL Background Thread 5 ] DEBUG TilesetLoader        - Writing to buffer: dst=576,576, w=64,h=64, src=896,0
18:20:12.427 [FXGL Background Thread 5 ] DEBUG TilesetLoader        - Writing to buffer: dst=640,576, w=64,h=64, src=896,0
18:20:12.427 [FXGL Background Thread 5 ] DEBUG TilesetLoader        - Writing to buffer: dst=704,576, w=64,h=64, src=896,0
18:20:12.427 [FXGL Background Thread 5 ] DEBUG TilesetLoader        - Writing to buffer: dst=768,576, w=64,h=64, src=896,0
18:20:12.427 [FXGL Background Thread 5 ] DEBUG TilesetLoader        - Writing to buffer: dst=832,576, w=64,h=64, src=896,0
18:20:12.427 [FXGL Background Thread 5 ] DEBUG TilesetLoader        - Writing to buffer: dst=896,576, w=64,h=64, src=960,0
18:20:12.427 [FXGL Background Thread 5 ] DEBUG TilesetLoader        - Writing to buffer: dst=0,640, w=64,h=64, src=960,0
18:20:12.428 [FXGL Background Thread 5 ] DEBUG TilesetLoader        - Writing to buffer: dst=64,640, w=64,h=64, src=896,0
18:20:12.428 [FXGL Background Thread 5 ] DEBUG TilesetLoader        - Writing to buffer: dst=128,640, w=64,h=64, src=192,0
18:20:12.428 [FXGL Background Thread 5 ] DEBUG TilesetLoader        - Writing to buffer: dst=192,640, w=64,h=64, src=896,0
18:20:12.428 [FXGL Background Thread 5 ] DEBUG TilesetLoader        - Writing to buffer: dst=256,640, w=64,h=64, src=192,0
18:20:12.428 [FXGL Background Thread 5 ] DEBUG TilesetLoader        - Writing to buffer: dst=320,640, w=64,h=64, src=896,0
18:20:12.428 [FXGL Background Thread 5 ] DEBUG TilesetLoader        - Writing to buffer: dst=384,640, w=64,h=64, src=192,0
18:20:12.428 [FXGL Background Thread 5 ] DEBUG TilesetLoader        - Writing to buffer: dst=448,640, w=64,h=64, src=896,0
18:20:12.428 [FXGL Background Thread 5 ] DEBUG TilesetLoader        - Writing to buffer: dst=512,640, w=64,h=64, src=192,0
18:20:12.428 [FXGL Background Thread 5 ] DEBUG TilesetLoader        - Writing to buffer: dst=576,640, w=64,h=64, src=896,0
18:20:12.429 [FXGL Background Thread 5 ] DEBUG TilesetLoader        - Writing to buffer: dst=640,640, w=64,h=64, src=192,0
18:20:12.429 [FXGL Background Thread 5 ] DEBUG TilesetLoader        - Writing to buffer: dst=704,640, w=64,h=64, src=896,0
18:20:12.429 [FXGL Background Thread 5 ] DEBUG TilesetLoader        - Writing to buffer: dst=768,640, w=64,h=64, src=1024,0
18:20:12.429 [FXGL Background Thread 5 ] DEBUG TilesetLoader        - Writing to buffer: dst=832,640, w=64,h=64, src=896,0
18:20:12.429 [FXGL Background Thread 5 ] DEBUG TilesetLoader        - Writing to buffer: dst=896,640, w=64,h=64, src=960,0
18:20:12.429 [FXGL Background Thread 5 ] DEBUG TilesetLoader        - Writing to buffer: dst=0,704, w=64,h=64, src=960,0
18:20:12.429 [FXGL Background Thread 5 ] DEBUG TilesetLoader        - Writing to buffer: dst=64,704, w=64,h=64, src=896,0
18:20:12.429 [FXGL Background Thread 5 ] DEBUG TilesetLoader        - Writing to buffer: dst=128,704, w=64,h=64, src=896,0
18:20:12.429 [FXGL Background Thread 5 ] DEBUG TilesetLoader        - Writing to buffer: dst=192,704, w=64,h=64, src=896,0
18:20:12.430 [FXGL Background Thread 5 ] DEBUG TilesetLoader        - Writing to buffer: dst=256,704, w=64,h=64, src=896,0
18:20:12.430 [FXGL Background Thread 5 ] DEBUG TilesetLoader        - Writing to buffer: dst=320,704, w=64,h=64, src=896,0
18:20:12.430 [FXGL Background Thread 5 ] DEBUG TilesetLoader        - Writing to buffer: dst=384,704, w=64,h=64, src=896,0
18:20:12.430 [FXGL Background Thread 5 ] DEBUG TilesetLoader        - Writing to buffer: dst=448,704, w=64,h=64, src=896,0
18:20:12.430 [FXGL Background Thread 5 ] DEBUG TilesetLoader        - Writing to buffer: dst=512,704, w=64,h=64, src=896,0
18:20:12.430 [FXGL Background Thread 5 ] DEBUG TilesetLoader        - Writing to buffer: dst=576,704, w=64,h=64, src=896,0
18:20:12.430 [FXGL Background Thread 5 ] DEBUG TilesetLoader        - Writing to buffer: dst=640,704, w=64,h=64, src=896,0
18:20:12.430 [FXGL Background Thread 5 ] DEBUG TilesetLoader        - Writing to buffer: dst=704,704, w=64,h=64, src=896,0
18:20:12.431 [FXGL Background Thread 5 ] DEBUG TilesetLoader        - Writing to buffer: dst=768,704, w=64,h=64, src=896,0
18:20:12.432 [FXGL Background Thread 5 ] DEBUG TilesetLoader        - Writing to buffer: dst=832,704, w=64,h=64, src=896,0
18:20:12.432 [FXGL Background Thread 5 ] DEBUG TilesetLoader        - Writing to buffer: dst=896,704, w=64,h=64, src=960,0
18:20:12.432 [FXGL Background Thread 5 ] DEBUG TilesetLoader        - Writing to buffer: dst=0,768, w=64,h=64, src=960,0
18:20:12.432 [FXGL Background Thread 5 ] DEBUG TilesetLoader        - Writing to buffer: dst=64,768, w=64,h=64, src=960,0
18:20:12.432 [FXGL Background Thread 5 ] DEBUG TilesetLoader        - Writing to buffer: dst=128,768, w=64,h=64, src=960,0
18:20:12.432 [FXGL Background Thread 5 ] DEBUG TilesetLoader        - Writing to buffer: dst=192,768, w=64,h=64, src=960,0
18:20:12.432 [FXGL Background Thread 5 ] DEBUG TilesetLoader        - Writing to buffer: dst=256,768, w=64,h=64, src=960,0
18:20:12.433 [FXGL Background Thread 5 ] DEBUG TilesetLoader        - Writing to buffer: dst=320,768, w=64,h=64, src=960,0
18:20:12.433 [FXGL Background Thread 5 ] DEBUG TilesetLoader        - Writing to buffer: dst=384,768, w=64,h=64, src=960,0
18:20:12.433 [FXGL Background Thread 5 ] DEBUG TilesetLoader        - Writing to buffer: dst=448,768, w=64,h=64, src=960,0
18:20:12.433 [FXGL Background Thread 5 ] DEBUG TilesetLoader        - Writing to buffer: dst=512,768, w=64,h=64, src=960,0
18:20:12.433 [FXGL Background Thread 5 ] DEBUG TilesetLoader        - Writing to buffer: dst=576,768, w=64,h=64, src=960,0
18:20:12.433 [FXGL Background Thread 5 ] DEBUG TilesetLoader        - Writing to buffer: dst=640,768, w=64,h=64, src=960,0
18:20:12.433 [FXGL Background Thread 5 ] DEBUG TilesetLoader        - Writing to buffer: dst=704,768, w=64,h=64, src=960,0
18:20:12.434 [FXGL Background Thread 5 ] DEBUG TilesetLoader        - Writing to buffer: dst=768,768, w=64,h=64, src=960,0
18:20:12.434 [FXGL Background Thread 5 ] DEBUG TilesetLoader        - Writing to buffer: dst=832,768, w=64,h=64, src=960,0
18:20:12.434 [FXGL Background Thread 5 ] DEBUG TilesetLoader        - Writing to buffer: dst=896,768, w=64,h=64, src=960,0
18:20:12.434 [FXGL Background Thread 5 ] DEBUG TMXLevelLoader       - Creating object layer entities
18:20:12.443 [FXGL Background Thread 5 ] DEBUG GameWorld            - Clearing removable entities
18:20:12.443 [FXGL Background Thread 5 ] DEBUG GameWorld            - Setting level: com.almasb.fxgl.entity.level.Level@2b0c0613
18:20:12.499 [FXGL Background Thread 5 ] DEBUG AudioPlayer          - Playing music com.almasb.fxgl.audio.Music@65fc72cf
18:20:12.503 [FXGL Background Thread 5 ] INFO  FXGLApplication      - Game initialization took: 0,140 sec
18:20:12.877 [JavaFX Application Thread] DEBUG Input                - Clearing active input actions
18:20:12.882 [JavaFX Application Thread] DEBUG GameApplicationServi - Removing overlay from FXGLLoadingScene and adding to GameScene
18:20:12.884 [JavaFX Application Thread] DEBUG PrimaryStageWindow   - FXGLLoadingScene -> GameScene
18:22:00.995 [JavaFX Application Thread] DEBUG PrimaryStageWindow   - Push state: DialogSubScene
18:22:00.996 [JavaFX Application Thread] DEBUG Input                - Clearing active input actions
18:22:00.997 [JavaFX Application Thread] DEBUG GameApplicationServi - Removing overlay from GameScene and adding to DialogSubScene
18:22:00.999 [JavaFX Application Thread] DEBUG PrimaryStageWindow   - GameScene -> DialogSubScene
18:22:09.624 [JavaFX Application Thread] DEBUG PrimaryStageWindow   - Pop state: DialogSubScene
18:22:09.624 [JavaFX Application Thread] DEBUG Input                - Clearing active input actions
18:22:09.627 [JavaFX Application Thread] DEBUG GameApplicationServi - Removing overlay from DialogSubScene and adding to GameScene
18:22:09.628 [JavaFX Application Thread] DEBUG PrimaryStageWindow   - GameScene <- DialogSubScene
18:22:12.077 [JavaFX Application Thread] DEBUG AudioPlayer          - Stopping music com.almasb.fxgl.audio.Music@65fc72cf
18:22:12.537 [JavaFX Application Thread] DEBUG Input                - Clearing active input actions
18:22:12.546 [JavaFX Application Thread] DEBUG GameApplicationServi - Removing overlay from GameScene and adding to FXGLMainMenuDummyScene
18:22:12.550 [JavaFX Application Thread] DEBUG PrimaryStageWindow   - GameScene -> FXGLMainMenuDummyScene
18:22:12.550 [JavaFX Application Thread] DEBUG PrimaryStageWindow   - Push state: StartMenu
18:22:12.550 [JavaFX Application Thread] DEBUG Input                - Clearing active input actions
18:22:12.552 [JavaFX Application Thread] DEBUG GameApplicationServi - Removing overlay from FXGLMainMenuDummyScene and adding to StartMenu
18:22:12.553 [JavaFX Application Thread] DEBUG PrimaryStageWindow   - FXGLMainMenuDummyScene -> StartMenu
18:22:12.933 [JavaFX Application Thread] DEBUG FXGLApplication      - Exiting FXGL
18:22:12.933 [JavaFX Application Thread] DEBUG LoopRunner           - Stopping loop
18:22:12.934 [JavaFX Application Thread] DEBUG SystemBundleService  - Saving FXGL system data
18:22:12.940 [JavaFX Application Thread] DEBUG FileSystemAccess     - Writing to: C:\Users\0705s\OneDrive\Desktop\SE-Challengeweek\system\fxgl.bundle
18:22:12.944 [JavaFX Application Thread] DEBUG Async                - Shutting down background threads
18:22:12.944 [JavaFX Application Thread] DEBUG PrimaryStageWindow   - Closing main window
18:22:12.961 [JavaFX Application Thread] DEBUG Logger               - Closing Logger
