10:43:06.010 [main                     ] DEBUG Logger               - Configured Logger
10:43:06.018 [main                     ] DEBUG GameApplication      - Logging settings
Title: Bomberman SE
Version: 1.0
Width: 960
Height: 832
Fullscreen: false
Intro: false
Profiling: false
Single step:false
App Mode: DEVELOPER
Menu Key: ESCAPE
Stage Style: DECORATED
Scene Factory: class UI.MySceneFactory

10:43:06.416 [JavaFX Application Thread] DEBUG FXGLApplication      - Initializing FXGL
10:43:06.419 [JavaFX Application Thread] INFO  Engine               - FXGL-11.14 (01.03.2021 16.59) on WINDOWS (J:15.0.2 FX:15)
10:43:06.419 [JavaFX Application Thread] DEBUG Engine               - JRE Vendor Name: Amazon.com Inc.
10:43:06.419 [JavaFX Application Thread] DEBUG Engine               - Running on OS: Windows 10 version 10.0
10:43:06.420 [JavaFX Application Thread] DEBUG Engine               - Architecture: amd64
10:43:06.420 [JavaFX Application Thread] INFO  Engine               - Source code and latest versions at: https://github.com/AlmasB/FXGL
10:43:06.420 [JavaFX Application Thread] INFO  Engine               -              Join the FXGL chat at: https://gitter.im/AlmasB/FXGL
10:43:06.564 [JavaFX Application Thread] DEBUG PrimaryStageWindow   - Creating a JavaFX scene
10:43:06.565 [JavaFX Application Thread] DEBUG PrimaryStageWindow   - Target size > screen size
10:43:06.639 [JavaFX Application Thread] DEBUG PrimaryStageWindow   - Target settings size: 960.0 x 832.0
10:43:06.640 [JavaFX Application Thread] DEBUG PrimaryStageWindow   - Scaled scene size:    925.0 x 823.0
10:43:06.640 [JavaFX Application Thread] DEBUG PrimaryStageWindow   - Scaled ratio: (0.9635416666666666, 0.9891826923076923)
10:43:06.641 [JavaFX Application Thread] DEBUG PrimaryStageWindow   - Set initial scene to FXGLStartupScene
10:43:06.655 [JavaFX Application Thread] DEBUG PrimaryStageWindow   - Opening main window
10:43:06.772 [JavaFX Application Thread] DEBUG PrimaryStageWindow   - Window border size: (15.0, 37.79998779296875)
10:43:06.772 [JavaFX Application Thread] DEBUG PrimaryStageWindow   - Scaled size: 925.0 x 823.0
10:43:06.772 [JavaFX Application Thread] DEBUG PrimaryStageWindow   - Scaled ratio: (0.9635416666666666, 0.9891826923076923)
10:43:06.772 [JavaFX Application Thread] DEBUG PrimaryStageWindow   - Scene size: 925.0 x 823.0
10:43:06.773 [JavaFX Application Thread] DEBUG PrimaryStageWindow   - Stage size: 940.0 x 860.7999877929688
10:43:06.781 [FXGL Background Thread 1 ] DEBUG Engine               - Initializing environment variables
10:43:06.818 [FXGL Background Thread 1 ] DEBUG FXGLAssetLoaderServi - User app class for loading assets: class Game
10:43:06.818 [FXGL Background Thread 1 ] DEBUG GameApplicationServi - Applying CSS: fxgl_dark.css
10:43:06.819 [FXGL Background Thread 1 ] DEBUG FXGLAssetLoaderServi - Loading from file system: jar:file:/C:/Users/roan2/.m2/repository/com/github/almasb/fxgl/11.14/fxgl-11.14.jar!/fxglassets/ui/css/fxgl_dark.css
10:43:06.870 [FXGL Background Thread 1 ] DEBUG GameApplicationServi - Initializing application scenes
10:43:06.903 [FXGL Background Thread 1 ] DEBUG GameWorld            - Game world initialized
10:43:06.958 [FXGL Background Thread 1 ] DEBUG PhysicsWorld         - Physics world initialized: appHeight=832, physics.ppm=50.0
10:43:06.958 [FXGL Background Thread 1 ] DEBUG PhysicsWorld         - Using strategy: BRUTE_FORCE
10:43:06.961 [FXGL Background Thread 1 ] DEBUG GameScene            - Game scene initialized: 960x832
10:43:07.000 [FXGL Background Thread 1 ] DEBUG FXGLAssetLoaderServi - Loading from file system: jar:file:/C:/Users/roan2/.m2/repository/com/github/almasb/fxgl/11.14/fxgl-11.14.jar!/fxglassets/textures/particles/trace_horizontal.png
10:43:07.068 [FXGL Background Thread 1 ] DEBUG FXGL.DefaultMenu     - createMenuBodyGameMenu()
10:43:07.083 [FXGL Background Thread 1 ] DEBUG FXGL.DefaultMenu     - createOptionsMenu()
10:43:07.090 [FXGL Background Thread 1 ] DEBUG FXGLAssetLoaderServi - Loading from file system: jar:file:/C:/Users/roan2/.m2/repository/com/github/almasb/fxgl/11.14/fxgl-11.14.jar!/fxglassets/textures/particles/smoke.png
10:43:07.146 [FXGL Background Thread 1 ] DEBUG GameApplicationServi - Application scenes initialized
10:43:07.157 [FXGL Background Thread 1 ] DEBUG SystemBundleService  - Loading FXGL system data
10:43:07.160 [FXGL Background Thread 1 ] DEBUG FileSystemAccess     - Reading from: C:\Users\roan2\Documents\SE-Challengeweek\system\fxgl.bundle
10:43:07.166 [FXGL Background Thread 1 ] DEBUG SystemBundleService  - Bundle FXGL: {}
10:43:07.166 [FXGL Background Thread 1 ] DEBUG UpdaterService       - Checking for updates
10:43:07.173 [FXGL Background Thread 4 ] DEBUG FXGLApplication      - Loading fonts
10:43:07.173 [FXGL Background Thread 1 ] DEBUG FXGLApplication      - Loading default localization
10:43:07.173 [FXGL Background Thread 4 ] DEBUG FXGLAssetLoaderServi - Loading from file system: jar:file:/C:/Users/roan2/.m2/repository/com/github/almasb/fxgl/11.14/fxgl-11.14.jar!/fxglassets/ui/fonts/VarelaRound-Regular.ttf
10:43:07.174 [FXGL Background Thread 1 ] DEBUG FXGLAssetLoaderServi - Loading from file system: jar:file:/C:/Users/roan2/.m2/repository/com/github/almasb/fxgl/11.14/fxgl-11.14.jar!/fxglassets/languages/english.lang
10:43:07.189 [FXGL Background Thread 1 ] INFO  FXGLApplication      - FXGL initialization took: 0.408 sec
10:43:07.196 [JavaFX Application Thread] DEBUG FXGLAssetLoaderServi - Loading from file system: file:/C:/Users/roan2/Documents/SE-Challengeweek/target/classes/assets/textures/sprite.png
10:43:07.222 [JavaFX Application Thread] DEBUG Input                - Registered new binding: action0 - W
10:43:07.223 [JavaFX Application Thread] DEBUG Input                - Registered new binding: action1 - S
10:43:07.223 [JavaFX Application Thread] DEBUG Input                - Registered new binding: action2 - A
10:43:07.223 [JavaFX Application Thread] DEBUG Input                - Registered new binding: action3 - D
10:43:07.224 [JavaFX Application Thread] DEBUG FXGLAssetLoaderServi - Loading from file system: jar:file:/C:/Users/roan2/.m2/repository/com/github/almasb/fxgl/11.14/fxgl-11.14.jar!/fxglassets/textures/fxgl_icon.png
10:43:07.250 [JavaFX Application Thread] DEBUG FXGLAssetLoaderServi - Loading from file system: jar:file:/C:/Users/roan2/.m2/repository/com/github/almasb/fxgl/11.14/fxgl-11.14.jar!/fxglassets/ui/cursors/fxgl_default.png
10:43:07.252 [FXGL Background Thread 4 ] DEBUG FXGLAssetLoaderServi - Loading from file system: jar:file:/C:/Users/roan2/.m2/repository/com/github/almasb/fxgl/11.14/fxgl-11.14.jar!/fxglassets/ui/fonts/Abel-Regular.ttf
10:43:07.253 [JavaFX Application Thread] DEBUG Input                - Registered new binding: Screenshot - P
10:43:07.253 [JavaFX Application Thread] DEBUG Input                - Registered new binding: System info dump - CTRL+9
10:43:07.254 [JavaFX Application Thread] DEBUG Input                - Registered new binding: Restart - CTRL+R
10:43:07.255 [FXGL Background Thread 4 ] DEBUG FXGLAssetLoaderServi - Loading from file system: jar:file:/C:/Users/roan2/.m2/repository/com/github/almasb/fxgl/11.14/fxgl-11.14.jar!/fxglassets/ui/fonts/lucida_console.ttf
10:43:07.255 [JavaFX Application Thread] DEBUG Input                - Registered new binding: Toggle Debug Camera - CTRL+C
10:43:07.258 [JavaFX Application Thread] DEBUG LoopRunner           - Starting loop
10:43:07.258 [JavaFX Application Thread] DEBUG LoopRunner           - Initializing JavaFX AnimationTimerLoop
10:43:07.259 [FXGL Background Thread 4 ] DEBUG FXGLAssetLoaderServi - Loading from file system: jar:file:/C:/Users/roan2/.m2/repository/com/github/almasb/fxgl/11.14/fxgl-11.14.jar!/fxglassets/ui/fonts/Courier-Prime.ttf
10:43:07.261 [JavaFX Application Thread] DEBUG Input                - Clearing active input actions
10:43:07.270 [JavaFX Application Thread] DEBUG GameApplicationServi - Removing overlay from FXGLStartupScene and adding to FXGLMainMenuDummyScene
10:43:07.270 [JavaFX Application Thread] DEBUG PrimaryStageWindow   - FXGLStartupScene -> FXGLMainMenuDummyScene
10:43:07.271 [JavaFX Application Thread] DEBUG PrimaryStageWindow   - Push state: MyMenu
10:43:07.271 [JavaFX Application Thread] DEBUG Input                - Clearing active input actions
10:43:07.276 [JavaFX Application Thread] DEBUG GameApplicationServi - Removing overlay from FXGLMainMenuDummyScene and adding to MyMenu
10:43:07.276 [JavaFX Application Thread] DEBUG PrimaryStageWindow   - FXGLMainMenuDummyScene -> MyMenu
10:43:07.277 [JavaFX Application Thread] DEBUG FXGLApplication      - Registering font factories with UI factory
10:43:07.508 [FXGL Background Thread 2 ] INFO  UpdaterService       - Your current version:  11.14
10:43:07.509 [FXGL Background Thread 2 ] INFO  UpdaterService       - Latest stable version: 17.1
10:43:09.460 [JavaFX Application Thread] DEBUG FXGLApplication      - Exiting FXGL
10:43:09.460 [JavaFX Application Thread] DEBUG LoopRunner           - Stopping loop
10:43:09.460 [JavaFX Application Thread] DEBUG SystemBundleService  - Saving FXGL system data
10:43:09.462 [JavaFX Application Thread] DEBUG FileSystemAccess     - Writing to: C:\Users\roan2\Documents\SE-Challengeweek\system\fxgl.bundle
10:43:09.464 [JavaFX Application Thread] DEBUG Async                - Shutting down background threads
10:43:09.464 [JavaFX Application Thread] DEBUG PrimaryStageWindow   - Closing main window
10:43:09.476 [JavaFX Application Thread] DEBUG Logger               - Closing Logger
