12:14:32.434 [main                     ] DEBUG Logger               - Configured Logger
12:14:32.440 [main                     ] DEBUG GameApplication      - Logging settings
Title: Bomberman SE
Version: 1.0
Width: 960
Height: 832
Fullscreen: false
Intro: false
Profiling: false
Single step:false
App Mode: DEVELOPER
Menu Key: ESCAPE
Stage Style: DECORATED
Scene Factory: class UI.MySceneFactory

12:14:32.821 [JavaFX Application Thread] DEBUG FXGLApplication      - Initializing FXGL
12:14:32.823 [JavaFX Application Thread] INFO  Engine               - FXGL-11.14 (01.03.2021 16.59) on WINDOWS (J:15.0.2 FX:15)
12:14:32.824 [JavaFX Application Thread] DEBUG Engine               - JRE Vendor Name: Amazon.com Inc.
12:14:32.824 [JavaFX Application Thread] DEBUG Engine               - Running on OS: Windows 10 version 10.0
12:14:32.824 [JavaFX Application Thread] DEBUG Engine               - Architecture: amd64
12:14:32.824 [JavaFX Application Thread] INFO  Engine               - Source code and latest versions at: https://github.com/AlmasB/FXGL
12:14:32.824 [JavaFX Application Thread] INFO  Engine               -              Join the FXGL chat at: https://gitter.im/AlmasB/FXGL
12:14:32.954 [JavaFX Application Thread] DEBUG PrimaryStageWindow   - Creating a JavaFX scene
12:14:32.955 [JavaFX Application Thread] DEBUG PrimaryStageWindow   - Target size > screen size
12:14:33.013 [JavaFX Application Thread] DEBUG PrimaryStageWindow   - Target settings size: 960.0 x 832.0
12:14:33.013 [JavaFX Application Thread] DEBUG PrimaryStageWindow   - Scaled scene size:    925.0 x 823.0
12:14:33.013 [JavaFX Application Thread] DEBUG PrimaryStageWindow   - Scaled ratio: (0.9635416666666666, 0.9891826923076923)
12:14:33.015 [JavaFX Application Thread] DEBUG PrimaryStageWindow   - Set initial scene to FXGLStartupScene
12:14:33.022 [JavaFX Application Thread] DEBUG PrimaryStageWindow   - Opening main window
12:14:33.123 [JavaFX Application Thread] DEBUG PrimaryStageWindow   - Window border size: (15.0, 37.79998779296875)
12:14:33.124 [JavaFX Application Thread] DEBUG PrimaryStageWindow   - Scaled size: 925.0 x 823.0
12:14:33.124 [JavaFX Application Thread] DEBUG PrimaryStageWindow   - Scaled ratio: (0.9635416666666666, 0.9891826923076923)
12:14:33.124 [JavaFX Application Thread] DEBUG PrimaryStageWindow   - Scene size: 925.0 x 823.0
12:14:33.124 [JavaFX Application Thread] DEBUG PrimaryStageWindow   - Stage size: 940.0 x 860.7999877929688
12:14:33.134 [FXGL Background Thread 1 ] DEBUG Engine               - Initializing environment variables
12:14:33.172 [FXGL Background Thread 1 ] DEBUG FXGLAssetLoaderServi - User app class for loading assets: class Game
12:14:33.172 [FXGL Background Thread 1 ] DEBUG GameApplicationServi - Applying CSS: fxgl_dark.css
12:14:33.173 [FXGL Background Thread 1 ] DEBUG FXGLAssetLoaderServi - Loading from file system: jar:file:/C:/Users/roan2/.m2/repository/com/github/almasb/fxgl/11.14/fxgl-11.14.jar!/fxglassets/ui/css/fxgl_dark.css
12:14:33.223 [FXGL Background Thread 1 ] DEBUG GameApplicationServi - Initializing application scenes
12:14:33.260 [FXGL Background Thread 1 ] DEBUG GameWorld            - Game world initialized
12:14:33.324 [FXGL Background Thread 1 ] DEBUG PhysicsWorld         - Physics world initialized: appHeight=832, physics.ppm=50.0
12:14:33.324 [FXGL Background Thread 1 ] DEBUG PhysicsWorld         - Using strategy: BRUTE_FORCE
12:14:33.328 [FXGL Background Thread 1 ] DEBUG GameScene            - Game scene initialized: 960x832
12:14:33.371 [FXGL Background Thread 1 ] DEBUG FXGLAssetLoaderServi - Loading from file system: jar:file:/C:/Users/roan2/.m2/repository/com/github/almasb/fxgl/11.14/fxgl-11.14.jar!/fxglassets/textures/particles/trace_horizontal.png
12:14:33.444 [FXGL Background Thread 1 ] DEBUG FXGL.DefaultMenu     - createMenuBodyGameMenu()
12:14:33.459 [FXGL Background Thread 1 ] DEBUG FXGL.DefaultMenu     - createOptionsMenu()
12:14:33.465 [FXGL Background Thread 1 ] DEBUG FXGLAssetLoaderServi - Loading from file system: jar:file:/C:/Users/roan2/.m2/repository/com/github/almasb/fxgl/11.14/fxgl-11.14.jar!/fxglassets/textures/particles/smoke.png
12:14:33.532 [FXGL Background Thread 1 ] DEBUG GameApplicationServi - Application scenes initialized
12:14:33.543 [FXGL Background Thread 1 ] DEBUG SystemBundleService  - Loading FXGL system data
12:14:33.546 [FXGL Background Thread 1 ] DEBUG FileSystemAccess     - Reading from: C:\Users\roan2\Documents\SE-Challengeweek\system\fxgl.bundle
12:14:33.551 [FXGL Background Thread 1 ] DEBUG SystemBundleService  - Bundle FXGL: {}
12:14:33.552 [FXGL Background Thread 1 ] DEBUG UpdaterService       - Checking for updates
12:14:33.558 [FXGL Background Thread 4 ] DEBUG FXGLApplication      - Loading fonts
12:14:33.558 [FXGL Background Thread 1 ] DEBUG FXGLApplication      - Loading default localization
12:14:33.558 [FXGL Background Thread 4 ] DEBUG FXGLAssetLoaderServi - Loading from file system: jar:file:/C:/Users/roan2/.m2/repository/com/github/almasb/fxgl/11.14/fxgl-11.14.jar!/fxglassets/ui/fonts/VarelaRound-Regular.ttf
12:14:33.559 [FXGL Background Thread 1 ] DEBUG FXGLAssetLoaderServi - Loading from file system: jar:file:/C:/Users/roan2/.m2/repository/com/github/almasb/fxgl/11.14/fxgl-11.14.jar!/fxglassets/languages/english.lang
12:14:33.577 [FXGL Background Thread 1 ] INFO  FXGLApplication      - FXGL initialization took: 0.442 sec
12:14:33.584 [JavaFX Application Thread] DEBUG FXGLAssetLoaderServi - Loading from file system: file:/C:/Users/roan2/Documents/SE-Challengeweek/target/classes/assets/textures/sprite.png
12:14:33.609 [JavaFX Application Thread] DEBUG Input                - Registered new binding: action0 - W
12:14:33.610 [JavaFX Application Thread] DEBUG Input                - Registered new binding: action1 - S
12:14:33.610 [JavaFX Application Thread] DEBUG Input                - Registered new binding: action2 - A
12:14:33.611 [JavaFX Application Thread] DEBUG Input                - Registered new binding: action3 - D
12:14:33.612 [JavaFX Application Thread] DEBUG FXGLAssetLoaderServi - Loading from file system: jar:file:/C:/Users/roan2/.m2/repository/com/github/almasb/fxgl/11.14/fxgl-11.14.jar!/fxglassets/textures/fxgl_icon.png
12:14:33.632 [JavaFX Application Thread] DEBUG FXGLAssetLoaderServi - Loading from file system: jar:file:/C:/Users/roan2/.m2/repository/com/github/almasb/fxgl/11.14/fxgl-11.14.jar!/fxglassets/ui/cursors/fxgl_default.png
12:14:33.635 [JavaFX Application Thread] DEBUG Input                - Registered new binding: Screenshot - P
12:14:33.636 [JavaFX Application Thread] DEBUG Input                - Registered new binding: System info dump - CTRL+9
12:14:33.636 [JavaFX Application Thread] DEBUG Input                - Registered new binding: Restart - CTRL+R
12:14:33.636 [FXGL Background Thread 4 ] DEBUG FXGLAssetLoaderServi - Loading from file system: jar:file:/C:/Users/roan2/.m2/repository/com/github/almasb/fxgl/11.14/fxgl-11.14.jar!/fxglassets/ui/fonts/Abel-Regular.ttf
12:14:33.637 [JavaFX Application Thread] DEBUG Input                - Registered new binding: Toggle Debug Camera - CTRL+C
12:14:33.639 [FXGL Background Thread 4 ] DEBUG FXGLAssetLoaderServi - Loading from file system: jar:file:/C:/Users/roan2/.m2/repository/com/github/almasb/fxgl/11.14/fxgl-11.14.jar!/fxglassets/ui/fonts/lucida_console.ttf
12:14:33.640 [JavaFX Application Thread] DEBUG LoopRunner           - Starting loop
12:14:33.640 [JavaFX Application Thread] DEBUG LoopRunner           - Initializing JavaFX AnimationTimerLoop
12:14:33.643 [FXGL Background Thread 4 ] DEBUG FXGLAssetLoaderServi - Loading from file system: jar:file:/C:/Users/roan2/.m2/repository/com/github/almasb/fxgl/11.14/fxgl-11.14.jar!/fxglassets/ui/fonts/Courier-Prime.ttf
12:14:33.643 [JavaFX Application Thread] DEBUG Input                - Clearing active input actions
12:14:33.652 [JavaFX Application Thread] DEBUG GameApplicationServi - Removing overlay from FXGLStartupScene and adding to FXGLMainMenuDummyScene
12:14:33.652 [JavaFX Application Thread] DEBUG PrimaryStageWindow   - FXGLStartupScene -> FXGLMainMenuDummyScene
12:14:33.652 [JavaFX Application Thread] DEBUG PrimaryStageWindow   - Push state: MyMenu
12:14:33.652 [JavaFX Application Thread] DEBUG Input                - Clearing active input actions
12:14:33.657 [JavaFX Application Thread] DEBUG GameApplicationServi - Removing overlay from FXGLMainMenuDummyScene and adding to MyMenu
12:14:33.658 [JavaFX Application Thread] DEBUG PrimaryStageWindow   - FXGLMainMenuDummyScene -> MyMenu
12:14:33.659 [JavaFX Application Thread] DEBUG FXGLApplication      - Registering font factories with UI factory
12:14:33.890 [FXGL Background Thread 2 ] INFO  UpdaterService       - Your current version:  11.14
12:14:33.890 [FXGL Background Thread 2 ] INFO  UpdaterService       - Latest stable version: 17.1
12:14:36.555 [FXGL Background Thread 3 ] DEBUG Engine               - Logging environment variables
12:14:36.556 [FXGL Background Thread 3 ] DEBUG Engine               - achievements: []
12:14:36.557 [FXGL Background Thread 3 ] DEBUG Engine               - actualHeight: 823.0
12:14:36.557 [FXGL Background Thread 3 ] DEBUG Engine               - actualHeightProperty: ReadOnlyDoubleProperty [value: 823.0]
12:14:36.558 [FXGL Background Thread 3 ] DEBUG Engine               - actualWidth: 925.0
12:14:36.558 [FXGL Background Thread 3 ] DEBUG Engine               - actualWidthProperty: ReadOnlyDoubleProperty [value: 925.0]
12:14:36.559 [FXGL Background Thread 3 ] DEBUG Engine               - appIcon: fxgl_icon.png
12:14:36.559 [FXGL Background Thread 3 ] DEBUG Engine               - applicationMode: DEVELOPER
12:14:36.560 [FXGL Background Thread 3 ] DEBUG Engine               - cSSList: [fxgl_dark.css]
12:14:36.560 [FXGL Background Thread 3 ] DEBUG Engine               - collisionDetectionStrategy: BRUTE_FORCE
12:14:36.560 [FXGL Background Thread 3 ] DEBUG Engine               - configClass: Optional.empty
12:14:36.561 [FXGL Background Thread 3 ] DEBUG Engine               - credits: []
12:14:36.562 [FXGL Background Thread 3 ] DEBUG Engine               - devBBoxColorProperty: ObjectProperty [value: 0xff0000ff]
12:14:36.562 [FXGL Background Thread 3 ] DEBUG Engine               - devEnableDebugCameraProperty: BooleanProperty [value: false]
12:14:36.563 [FXGL Background Thread 3 ] DEBUG Engine               - devSensorColorProperty: ObjectProperty [value: 0xffff00ff]
12:14:36.564 [FXGL Background Thread 3 ] DEBUG Engine               - devShowBBoxProperty: BooleanProperty [value: false]
12:14:36.564 [FXGL Background Thread 3 ] DEBUG Engine               - devShowPositionProperty: BooleanProperty [value: false]
12:14:36.565 [FXGL Background Thread 3 ] DEBUG Engine               - enabledMenuItems: []
12:14:36.565 [FXGL Background Thread 3 ] DEBUG Engine               - engineServices: [class com.almasb.fxgl.app.services.FXGLAssetLoaderService, class com.almasb.fxgl.app.FXGLApplication$GameApplicationService, class com.almasb.fxgl.app.services.FXGLDialogService, class com.almasb.fxgl.app.services.IOTaskExecutorService, class com.almasb.fxgl.event.EventBusService, class com.almasb.fxgl.io.FileSystemService, class com.almasb.fxgl.localization.LocalizationService, class com.almasb.fxgl.app.services.SystemBundleService, class com.almasb.fxgl.profile.SaveLoadService, class com.almasb.fxgl.ui.FXGLUIFactoryServiceProvider, class com.almasb.fxgl.ui.FXGLDialogFactoryServiceProvider, class com.almasb.fxgl.audio.AudioPlayer, class com.almasb.fxgl.notification.impl.NotificationServiceProvider, class com.almasb.fxgl.achievement.AchievementService, class com.almasb.fxgl.cutscene.CutsceneService, class com.almasb.fxgl.minigames.MiniGameService, class com.almasb.fxgl.net.NetService, class com.almasb.fxgl.app.services.UpdaterService, class com.almasb.fxgl.dev.DevService]
12:14:36.565 [FXGL Background Thread 3 ] DEBUG Engine               - fontGame: Abel-Regular.ttf
12:14:36.566 [FXGL Background Thread 3 ] DEBUG Engine               - fontMono: lucida_console.ttf
12:14:36.566 [FXGL Background Thread 3 ] DEBUG Engine               - fontText: Courier-Prime.ttf
12:14:36.567 [FXGL Background Thread 3 ] DEBUG Engine               - fontUI: VarelaRound-Regular.ttf
12:14:36.567 [FXGL Background Thread 3 ] DEBUG Engine               - fullScreen: BooleanProperty [value: false]
12:14:36.567 [FXGL Background Thread 3 ] DEBUG Engine               - gameDifficulty: MEDIUM
12:14:36.568 [FXGL Background Thread 3 ] DEBUG Engine               - gameDifficultyProperty: ObjectProperty [value: MEDIUM]
12:14:36.568 [FXGL Background Thread 3 ] DEBUG Engine               - globalMusicVolume: 0.5
12:14:36.569 [FXGL Background Thread 3 ] DEBUG Engine               - globalMusicVolumeProperty: DoubleProperty [value: 0.5]
12:14:36.569 [FXGL Background Thread 3 ] DEBUG Engine               - globalSoundVolume: 0.5
12:14:36.570 [FXGL Background Thread 3 ] DEBUG Engine               - globalSoundVolumeProperty: DoubleProperty [value: 0.5]
12:14:36.570 [FXGL Background Thread 3 ] DEBUG Engine               - height: 832
12:14:36.571 [FXGL Background Thread 3 ] DEBUG Engine               - isAndroid: false
12:14:36.572 [FXGL Background Thread 3 ] DEBUG Engine               - isBrowser: false
12:14:36.572 [FXGL Background Thread 3 ] DEBUG Engine               - isClickFeedbackEnabled: false
12:14:36.572 [FXGL Background Thread 3 ] DEBUG Engine               - isCloseConfirmation: false
12:14:36.573 [FXGL Background Thread 3 ] DEBUG Engine               - isDesktop: true
12:14:36.573 [FXGL Background Thread 3 ] DEBUG Engine               - isDeveloperMenuEnabled: false
12:14:36.573 [FXGL Background Thread 3 ] DEBUG Engine               - isEntityPreloadEnabled: true
12:14:36.574 [FXGL Background Thread 3 ] DEBUG Engine               - isExperimental3D: false
12:14:36.574 [FXGL Background Thread 3 ] DEBUG Engine               - isExperimentalNative: false
12:14:36.574 [FXGL Background Thread 3 ] DEBUG Engine               - isExperimentalTiledLargeMap: false
12:14:36.575 [FXGL Background Thread 3 ] DEBUG Engine               - isFileSystemWriteAllowed: true
12:14:36.575 [FXGL Background Thread 3 ] DEBUG Engine               - isFullScreenAllowed: false
12:14:36.576 [FXGL Background Thread 3 ] DEBUG Engine               - isFullScreenFromStart: false
12:14:36.576 [FXGL Background Thread 3 ] DEBUG Engine               - isGameMenuEnabled: true
12:14:36.576 [FXGL Background Thread 3 ] DEBUG Engine               - isIOS: false
12:14:36.577 [FXGL Background Thread 3 ] DEBUG Engine               - isIntroEnabled: false
12:14:36.578 [FXGL Background Thread 3 ] DEBUG Engine               - isLinux: false
12:14:36.578 [FXGL Background Thread 3 ] DEBUG Engine               - isMac: false
12:14:36.578 [FXGL Background Thread 3 ] DEBUG Engine               - isMainMenuEnabled: true
12:14:36.579 [FXGL Background Thread 3 ] DEBUG Engine               - isManualResizeEnabled: false
12:14:36.579 [FXGL Background Thread 3 ] DEBUG Engine               - isMobile: false
12:14:36.579 [FXGL Background Thread 3 ] DEBUG Engine               - isPreserveResizeRatio: false
12:14:36.580 [FXGL Background Thread 3 ] DEBUG Engine               - isProfilingEnabled: false
12:14:36.580 [FXGL Background Thread 3 ] DEBUG Engine               - isScaleAffectedOnResize: true
12:14:36.581 [FXGL Background Thread 3 ] DEBUG Engine               - isSingleStep: false
12:14:36.581 [FXGL Background Thread 3 ] DEBUG Engine               - isUserProfileEnabled: false
12:14:36.581 [FXGL Background Thread 3 ] DEBUG Engine               - isWindows: true
12:14:36.582 [FXGL Background Thread 3 ] DEBUG Engine               - language: ObjectProperty [value: ENGLISH]
12:14:36.582 [FXGL Background Thread 3 ] DEBUG Engine               - menuKey: ESCAPE
12:14:36.583 [FXGL Background Thread 3 ] DEBUG Engine               - notificationViewClass: class com.almasb.fxgl.notification.view.XboxNotificationView
12:14:36.584 [FXGL Background Thread 3 ] DEBUG Engine               - pixelsPerMeter: 50.0
12:14:36.584 [FXGL Background Thread 3 ] DEBUG Engine               - platform: WINDOWS
12:14:36.585 [FXGL Background Thread 3 ] DEBUG Engine               - prefHeightProperty: ReadOnlyDoubleProperty [value: 832.0]
12:14:36.585 [FXGL Background Thread 3 ] DEBUG Engine               - prefWidthProperty: ReadOnlyDoubleProperty [value: 960.0]
12:14:36.585 [FXGL Background Thread 3 ] DEBUG Engine               - profileDir: profiles/
12:14:36.586 [FXGL Background Thread 3 ] DEBUG Engine               - profileName: StringProperty [value: DEFAULT]
12:14:36.586 [FXGL Background Thread 3 ] DEBUG Engine               - randomSeed: -1
12:14:36.587 [FXGL Background Thread 3 ] DEBUG Engine               - runtimeInfo: RuntimeInfo(platform=WINDOWS, version=11.14, build=01.03.2021 16.59)
12:14:36.587 [FXGL Background Thread 3 ] DEBUG Engine               - saveFileExt: sav
12:14:36.587 [FXGL Background Thread 3 ] DEBUG Engine               - scaledHeightProp$fxgl: DoubleProperty [bound, value: 823.0]
12:14:36.588 [FXGL Background Thread 3 ] DEBUG Engine               - scaledWidthProp$fxgl: DoubleProperty [bound, value: 925.0]
12:14:36.588 [FXGL Background Thread 3 ] DEBUG Engine               - sceneFactory: UI.MySceneFactory@2ea027af
12:14:36.588 [FXGL Background Thread 3 ] DEBUG Engine               - secondsIn24h: 60
12:14:36.589 [FXGL Background Thread 3 ] DEBUG Engine               - soundMenuBack: menu/back.wav
12:14:36.589 [FXGL Background Thread 3 ] DEBUG Engine               - soundMenuPress: menu/press.wav
12:14:36.589 [FXGL Background Thread 3 ] DEBUG Engine               - soundMenuSelect: menu/select.wav
12:14:36.590 [FXGL Background Thread 3 ] DEBUG Engine               - soundNotification: core/notification.wav
12:14:36.591 [FXGL Background Thread 3 ] DEBUG Engine               - stageStyle: DECORATED
12:14:36.591 [FXGL Background Thread 3 ] DEBUG Engine               - supportedLanguages: [ENGLISH, FRENCH, GERMAN, HUNGARIAN, RUSSIAN]
12:14:36.591 [FXGL Background Thread 3 ] DEBUG Engine               - ticksPerSecond: -1
12:14:36.592 [FXGL Background Thread 3 ] DEBUG Engine               - title: Bomberman SE
12:14:36.592 [FXGL Background Thread 3 ] DEBUG Engine               - urlGithub: https://github.com/AlmasB/FXGL
12:14:36.592 [FXGL Background Thread 3 ] DEBUG Engine               - urlLeaderboard: http://fxgl-top.herokuapp.com/
12:14:36.593 [FXGL Background Thread 3 ] DEBUG Engine               - urlPOM: https://raw.githubusercontent.com/AlmasB/FXGL/release/README.md
12:14:36.593 [FXGL Background Thread 3 ] DEBUG Engine               - userAppClass: class Game
12:14:36.593 [FXGL Background Thread 3 ] DEBUG Engine               - version: 1.0
12:14:36.594 [FXGL Background Thread 3 ] DEBUG Engine               - versionCheckDays: 7
12:14:36.594 [FXGL Background Thread 3 ] DEBUG Engine               - width: 960
12:14:36.594 [FXGL Background Thread 3 ] DEBUG Engine               - Logging services
12:14:36.595 [FXGL Background Thread 3 ] DEBUG Engine               - class com.almasb.fxgl.app.services.FXGLAssetLoaderService
12:14:36.595 [FXGL Background Thread 3 ] DEBUG Engine               - class com.almasb.fxgl.app.FXGLApplication$GameApplicationService
12:14:36.595 [FXGL Background Thread 3 ] DEBUG Engine               - class com.almasb.fxgl.app.services.FXGLDialogService
12:14:36.596 [FXGL Background Thread 3 ] DEBUG Engine               - class com.almasb.fxgl.app.services.IOTaskExecutorService
12:14:36.596 [FXGL Background Thread 3 ] DEBUG Engine               - class com.almasb.fxgl.event.EventBusService
12:14:36.597 [FXGL Background Thread 3 ] DEBUG Engine               - class com.almasb.fxgl.io.FileSystemService
12:14:36.597 [FXGL Background Thread 3 ] DEBUG Engine               - class com.almasb.fxgl.localization.LocalizationService
12:14:36.597 [FXGL Background Thread 3 ] DEBUG Engine               - class com.almasb.fxgl.app.services.SystemBundleService
12:14:36.598 [FXGL Background Thread 3 ] DEBUG Engine               - class com.almasb.fxgl.profile.SaveLoadService
12:14:36.598 [FXGL Background Thread 3 ] DEBUG Engine               - class com.almasb.fxgl.ui.FXGLUIFactoryServiceProvider
12:14:36.598 [FXGL Background Thread 3 ] DEBUG Engine               - class com.almasb.fxgl.ui.FXGLDialogFactoryServiceProvider
12:14:36.598 [FXGL Background Thread 3 ] DEBUG Engine               - class com.almasb.fxgl.audio.AudioPlayer
12:14:36.599 [FXGL Background Thread 3 ] DEBUG Engine               - class com.almasb.fxgl.notification.impl.NotificationServiceProvider
12:14:36.599 [FXGL Background Thread 3 ] DEBUG Engine               - class com.almasb.fxgl.achievement.AchievementService
12:14:36.599 [FXGL Background Thread 3 ] DEBUG Engine               - class com.almasb.fxgl.cutscene.CutsceneService
12:14:36.600 [FXGL Background Thread 3 ] DEBUG Engine               - class com.almasb.fxgl.minigames.MiniGameService
12:14:36.600 [FXGL Background Thread 3 ] DEBUG Engine               - class com.almasb.fxgl.net.NetService
12:14:36.600 [FXGL Background Thread 3 ] DEBUG Engine               - class com.almasb.fxgl.app.services.UpdaterService
12:14:36.601 [FXGL Background Thread 3 ] DEBUG Engine               - class com.almasb.fxgl.dev.DevService
12:14:48.272 [JavaFX Application Thread] DEBUG FXGLApplication      - Exiting FXGL
12:14:48.272 [JavaFX Application Thread] DEBUG LoopRunner           - Stopping loop
12:14:48.273 [JavaFX Application Thread] DEBUG SystemBundleService  - Saving FXGL system data
12:14:48.274 [JavaFX Application Thread] DEBUG FileSystemAccess     - Writing to: C:\Users\roan2\Documents\SE-Challengeweek\system\fxgl.bundle
12:14:48.276 [JavaFX Application Thread] DEBUG Async                - Shutting down background threads
12:14:48.276 [JavaFX Application Thread] DEBUG PrimaryStageWindow   - Closing main window
12:14:48.291 [JavaFX Application Thread] DEBUG Logger               - Closing Logger
