16:30:20.509 [main                     ] DEBUG Logger               - Configured Logger
16:30:20.540 [main                     ] DEBUG GameApplication      - Logging settings
Title: Bomberman SE
Version: 1.0
Width: 1920
Height: 1080
Fullscreen: false
Intro: false
Profiling: false
Single step:false
App Mode: DEVELOPER
Menu Key: ESCAPE
Stage Style: DECORATED
Scene Factory: class com.almasb.fxgl.app.scene.SceneFactory

16:30:21.466 [JavaFX Application Thread] DEBUG FXGLApplication      - Initializing FXGL
16:30:21.471 [JavaFX Application Thread] INFO  Engine               - FXGL-11.14 (01.03.2021 16.59) on WINDOWS (J:15.0.2 FX:15)
16:30:21.471 [JavaFX Application Thread] DEBUG Engine               - JRE Vendor Name: Amazon.com Inc.
16:30:21.472 [JavaFX Application Thread] DEBUG Engine               - Running on OS: Windows 10 version 10.0
16:30:21.472 [JavaFX Application Thread] DEBUG Engine               - Architecture: amd64
16:30:21.473 [JavaFX Application Thread] INFO  Engine               - Source code and latest versions at: https://github.com/AlmasB/FXGL
16:30:21.473 [JavaFX Application Thread] INFO  Engine               -              Join the FXGL chat at: https://gitter.im/AlmasB/FXGL
16:30:21.711 [JavaFX Application Thread] DEBUG PrimaryStageWindow   - Creating a JavaFX scene
16:30:21.712 [JavaFX Application Thread] DEBUG PrimaryStageWindow   - Target size > screen size
16:30:21.829 [JavaFX Application Thread] DEBUG PrimaryStageWindow   - Target settings size: 1920.0 x 1080.0
16:30:21.830 [JavaFX Application Thread] DEBUG PrimaryStageWindow   - Scaled scene size:    1823.0 x 1039.0
16:30:21.830 [JavaFX Application Thread] DEBUG PrimaryStageWindow   - Scaled ratio: (0.9494791666666667, 0.962037037037037)
16:30:21.832 [JavaFX Application Thread] DEBUG PrimaryStageWindow   - Set initial scene to FXGLStartupScene
16:30:21.849 [JavaFX Application Thread] DEBUG PrimaryStageWindow   - Opening main window
16:30:22.004 [JavaFX Application Thread] DEBUG PrimaryStageWindow   - Window border size: (16.0, 39.0)
16:30:22.005 [JavaFX Application Thread] DEBUG PrimaryStageWindow   - Scaled size: 1823.0 x 1039.0
16:30:22.005 [JavaFX Application Thread] DEBUG PrimaryStageWindow   - Scaled ratio: (0.9494791666666667, 0.962037037037037)
16:30:22.006 [JavaFX Application Thread] DEBUG PrimaryStageWindow   - Scene size: 1823.0 x 1039.0
16:30:22.006 [JavaFX Application Thread] DEBUG PrimaryStageWindow   - Stage size: 1839.0 x 1078.0
16:30:22.030 [FXGL Background Thread 1 ] DEBUG Engine               - Initializing environment variables
16:30:22.145 [FXGL Background Thread 1 ] DEBUG FXGLAssetLoaderServi - User app class for loading assets: class Game
16:30:22.146 [FXGL Background Thread 1 ] DEBUG GameApplicationServi - Applying CSS: fxgl_dark.css
16:30:22.149 [FXGL Background Thread 1 ] DEBUG FXGLAssetLoaderServi - Loading from file system: jar:file:/C:/Users/0705s/.m2/repository/com/github/almasb/fxgl/11.14/fxgl-11.14.jar!/fxglassets/ui/css/fxgl_dark.css
16:30:22.266 [FXGL Background Thread 1 ] DEBUG GameApplicationServi - Initializing application scenes
16:30:22.350 [FXGL Background Thread 1 ] DEBUG GameWorld            - Game world initialized
16:30:22.477 [FXGL Background Thread 1 ] DEBUG PhysicsWorld         - Physics world initialized: appHeight=1080, physics.ppm=50,0
16:30:22.478 [FXGL Background Thread 1 ] DEBUG PhysicsWorld         - Using strategy: BRUTE_FORCE
16:30:22.482 [FXGL Background Thread 1 ] DEBUG GameScene            - Game scene initialized: 1920x1080
16:30:22.535 [FXGL Background Thread 1 ] DEBUG FXGLAssetLoaderServi - Loading from file system: jar:file:/C:/Users/0705s/.m2/repository/com/github/almasb/fxgl/11.14/fxgl-11.14.jar!/fxglassets/textures/particles/trace_horizontal.png
16:30:22.627 [FXGL Background Thread 1 ] DEBUG FXGL.DefaultMenu     - createMenuBodyGameMenu()
16:30:22.648 [FXGL Background Thread 1 ] DEBUG FXGL.DefaultMenu     - createOptionsMenu()
16:30:22.654 [FXGL Background Thread 1 ] DEBUG FXGLAssetLoaderServi - Loading from file system: jar:file:/C:/Users/0705s/.m2/repository/com/github/almasb/fxgl/11.14/fxgl-11.14.jar!/fxglassets/textures/particles/smoke.png
16:30:22.768 [FXGL Background Thread 1 ] DEBUG GameApplicationServi - Application scenes initialized
16:30:22.790 [FXGL Background Thread 1 ] DEBUG SystemBundleService  - Loading FXGL system data
16:30:22.798 [FXGL Background Thread 1 ] DEBUG FileSystemAccess     - Reading from: C:\Users\0705s\OneDrive - Hogeschool Leiden\IOOA\SE-Bomberman\system\fxgl.bundle
16:30:22.806 [FXGL Background Thread 1 ] DEBUG SystemBundleService  - Bundle FXGL: {}
16:30:22.807 [FXGL Background Thread 1 ] DEBUG UpdaterService       - Checking for updates
16:30:22.813 [FXGL Background Thread 4 ] DEBUG FXGLApplication      - Loading fonts
16:30:22.814 [FXGL Background Thread 1 ] DEBUG FXGLApplication      - Loading default localization
16:30:22.814 [FXGL Background Thread 4 ] DEBUG FXGLAssetLoaderServi - Loading from file system: jar:file:/C:/Users/0705s/.m2/repository/com/github/almasb/fxgl/11.14/fxgl-11.14.jar!/fxglassets/ui/fonts/VarelaRound-Regular.ttf
16:30:22.815 [FXGL Background Thread 1 ] DEBUG FXGLAssetLoaderServi - Loading from file system: jar:file:/C:/Users/0705s/.m2/repository/com/github/almasb/fxgl/11.14/fxgl-11.14.jar!/fxglassets/languages/english.lang
16:30:22.847 [FXGL Background Thread 1 ] INFO  FXGLApplication      - FXGL initialization took: 0,817 sec
16:30:22.869 [JavaFX Application Thread] DEBUG Input                - Registered new binding: action0 - D
16:30:22.870 [JavaFX Application Thread] DEBUG Input                - Registered new binding: action1 - A
16:30:22.871 [JavaFX Application Thread] DEBUG Input                - Registered new binding: action2 - W
16:30:22.873 [JavaFX Application Thread] DEBUG Input                - Registered new binding: action3 - S
16:30:22.875 [JavaFX Application Thread] DEBUG FXGLAssetLoaderServi - Loading from file system: jar:file:/C:/Users/0705s/.m2/repository/com/github/almasb/fxgl/11.14/fxgl-11.14.jar!/fxglassets/textures/fxgl_icon.png
16:30:22.943 [JavaFX Application Thread] DEBUG FXGLAssetLoaderServi - Loading from file system: jar:file:/C:/Users/0705s/.m2/repository/com/github/almasb/fxgl/11.14/fxgl-11.14.jar!/fxglassets/ui/cursors/fxgl_default.png
16:30:22.948 [JavaFX Application Thread] DEBUG Input                - Registered new binding: Screenshot - P
16:30:22.950 [JavaFX Application Thread] DEBUG Input                - Registered new binding: System info dump - CTRL+9
16:30:22.951 [JavaFX Application Thread] DEBUG Input                - Registered new binding: Restart - CTRL+R
16:30:22.953 [JavaFX Application Thread] DEBUG Input                - Registered new binding: Toggle Debug Camera - CTRL+C
16:30:22.958 [JavaFX Application Thread] DEBUG LoopRunner           - Starting loop
16:30:22.958 [JavaFX Application Thread] DEBUG LoopRunner           - Initializing JavaFX AnimationTimerLoop
16:30:22.964 [JavaFX Application Thread] DEBUG GameApplicationServi - Starting new game
16:30:22.965 [JavaFX Application Thread] DEBUG Input                - Clearing active input actions
16:30:22.969 [FXGL Background Thread 4 ] DEBUG FXGLAssetLoaderServi - Loading from file system: jar:file:/C:/Users/0705s/.m2/repository/com/github/almasb/fxgl/11.14/fxgl-11.14.jar!/fxglassets/ui/fonts/Abel-Regular.ttf
16:30:22.980 [FXGL Background Thread 4 ] DEBUG FXGLAssetLoaderServi - Loading from file system: jar:file:/C:/Users/0705s/.m2/repository/com/github/almasb/fxgl/11.14/fxgl-11.14.jar!/fxglassets/ui/fonts/lucida_console.ttf
16:30:22.997 [FXGL Background Thread 4 ] DEBUG FXGLAssetLoaderServi - Loading from file system: jar:file:/C:/Users/0705s/.m2/repository/com/github/almasb/fxgl/11.14/fxgl-11.14.jar!/fxglassets/ui/fonts/Courier-Prime.ttf
16:30:22.997 [JavaFX Application Thread] DEBUG GameApplicationServi - Removing overlay from FXGLStartupScene and adding to FXGLLoadingScene
16:30:22.998 [JavaFX Application Thread] DEBUG PrimaryStageWindow   - FXGLStartupScene -> FXGLLoadingScene
16:30:22.999 [JavaFX Application Thread] DEBUG GameApplicationServi - Clearing previous game
16:30:22.999 [JavaFX Application Thread] DEBUG GameScene            - Clearing game scene
16:30:23.000 [JavaFX Application Thread] DEBUG GameWorld            - Clearing game world
16:30:23.000 [JavaFX Application Thread] DEBUG PhysicsWorld         - Clearing physics world
16:30:23.003 [FXGL Background Thread 1 ] DEBUG FXGLApplication      - Initializing game
16:30:23.008 [FXGL Background Thread 1 ] DEBUG FXGLAssetLoaderServi - Loading from file system: file:/C:/Users/0705s/OneDrive%20-%20Hogeschool%20Leiden/IOOA/SE-Bomberman/target/classes/assets/textures/sprite.png
16:30:23.086 [JavaFX Application Thread] DEBUG FXGLApplication      - Registering font factories with UI factory
16:30:23.248 [FXGL Background Thread 1 ] INFO  FXGLApplication      - Game initialization took: 0,245 sec
16:30:23.273 [JavaFX Application Thread] DEBUG Input                - Clearing active input actions
16:30:23.307 [JavaFX Application Thread] DEBUG GameApplicationServi - Removing overlay from FXGLLoadingScene and adding to GameScene
16:30:23.308 [JavaFX Application Thread] DEBUG PrimaryStageWindow   - FXGLLoadingScene -> GameScene
16:30:23.677 [FXGL Background Thread 2 ] INFO  UpdaterService       - Your current version:  11.14
16:30:23.678 [FXGL Background Thread 2 ] INFO  UpdaterService       - Latest stable version: 17.1
16:30:25.812 [FXGL Background Thread 3 ] DEBUG Engine               - Logging environment variables
16:30:25.813 [FXGL Background Thread 3 ] DEBUG Engine               - achievements: []
16:30:25.814 [FXGL Background Thread 3 ] DEBUG Engine               - actualHeight: 1039.0
16:30:25.814 [FXGL Background Thread 3 ] DEBUG Engine               - actualHeightProperty: ReadOnlyDoubleProperty [value: 1039.0]
16:30:25.815 [FXGL Background Thread 3 ] DEBUG Engine               - actualWidth: 1823.0
16:30:25.815 [FXGL Background Thread 3 ] DEBUG Engine               - actualWidthProperty: ReadOnlyDoubleProperty [value: 1823.0]
16:30:25.816 [FXGL Background Thread 3 ] DEBUG Engine               - appIcon: fxgl_icon.png
16:30:25.817 [FXGL Background Thread 3 ] DEBUG Engine               - applicationMode: DEVELOPER
16:30:25.818 [FXGL Background Thread 3 ] DEBUG Engine               - cSSList: [fxgl_dark.css]
16:30:25.818 [FXGL Background Thread 3 ] DEBUG Engine               - collisionDetectionStrategy: BRUTE_FORCE
16:30:25.819 [FXGL Background Thread 3 ] DEBUG Engine               - configClass: Optional.empty
16:30:25.820 [FXGL Background Thread 3 ] DEBUG Engine               - credits: []
16:30:25.822 [FXGL Background Thread 3 ] DEBUG Engine               - devBBoxColorProperty: ObjectProperty [value: 0xff0000ff]
16:30:25.823 [FXGL Background Thread 3 ] DEBUG Engine               - devEnableDebugCameraProperty: BooleanProperty [value: false]
16:30:25.824 [FXGL Background Thread 3 ] DEBUG Engine               - devSensorColorProperty: ObjectProperty [value: 0xffff00ff]
16:30:25.825 [FXGL Background Thread 3 ] DEBUG Engine               - devShowBBoxProperty: BooleanProperty [value: false]
16:30:25.826 [FXGL Background Thread 3 ] DEBUG Engine               - devShowPositionProperty: BooleanProperty [value: false]
16:30:25.826 [FXGL Background Thread 3 ] DEBUG Engine               - enabledMenuItems: []
16:30:25.827 [FXGL Background Thread 3 ] DEBUG Engine               - engineServices: [class com.almasb.fxgl.app.services.FXGLAssetLoaderService, class com.almasb.fxgl.app.FXGLApplication$GameApplicationService, class com.almasb.fxgl.app.services.FXGLDialogService, class com.almasb.fxgl.app.services.IOTaskExecutorService, class com.almasb.fxgl.event.EventBusService, class com.almasb.fxgl.io.FileSystemService, class com.almasb.fxgl.localization.LocalizationService, class com.almasb.fxgl.app.services.SystemBundleService, class com.almasb.fxgl.profile.SaveLoadService, class com.almasb.fxgl.ui.FXGLUIFactoryServiceProvider, class com.almasb.fxgl.ui.FXGLDialogFactoryServiceProvider, class com.almasb.fxgl.audio.AudioPlayer, class com.almasb.fxgl.notification.impl.NotificationServiceProvider, class com.almasb.fxgl.achievement.AchievementService, class com.almasb.fxgl.cutscene.CutsceneService, class com.almasb.fxgl.minigames.MiniGameService, class com.almasb.fxgl.net.NetService, class com.almasb.fxgl.app.services.UpdaterService, class com.almasb.fxgl.dev.DevService]
16:30:25.828 [FXGL Background Thread 3 ] DEBUG Engine               - fontGame: Abel-Regular.ttf
16:30:25.829 [FXGL Background Thread 3 ] DEBUG Engine               - fontMono: lucida_console.ttf
16:30:25.830 [FXGL Background Thread 3 ] DEBUG Engine               - fontText: Courier-Prime.ttf
16:30:25.830 [FXGL Background Thread 3 ] DEBUG Engine               - fontUI: VarelaRound-Regular.ttf
16:30:25.831 [FXGL Background Thread 3 ] DEBUG Engine               - fullScreen: BooleanProperty [value: false]
16:30:25.831 [FXGL Background Thread 3 ] DEBUG Engine               - gameDifficulty: MEDIUM
16:30:25.832 [FXGL Background Thread 3 ] DEBUG Engine               - gameDifficultyProperty: ObjectProperty [value: MEDIUM]
16:30:25.832 [FXGL Background Thread 3 ] DEBUG Engine               - globalMusicVolume: 0.5
16:30:25.833 [FXGL Background Thread 3 ] DEBUG Engine               - globalMusicVolumeProperty: DoubleProperty [value: 0.5]
16:30:25.834 [FXGL Background Thread 3 ] DEBUG Engine               - globalSoundVolume: 0.5
16:30:25.834 [FXGL Background Thread 3 ] DEBUG Engine               - globalSoundVolumeProperty: DoubleProperty [value: 0.5]
16:30:25.835 [FXGL Background Thread 3 ] DEBUG Engine               - height: 1080
16:30:25.835 [FXGL Background Thread 3 ] DEBUG Engine               - isAndroid: false
16:30:25.835 [FXGL Background Thread 3 ] DEBUG Engine               - isBrowser: false
16:30:25.836 [FXGL Background Thread 3 ] DEBUG Engine               - isClickFeedbackEnabled: false
16:30:25.836 [FXGL Background Thread 3 ] DEBUG Engine               - isCloseConfirmation: false
16:30:25.836 [FXGL Background Thread 3 ] DEBUG Engine               - isDesktop: true
16:30:25.837 [FXGL Background Thread 3 ] DEBUG Engine               - isDeveloperMenuEnabled: false
16:30:25.837 [FXGL Background Thread 3 ] DEBUG Engine               - isEntityPreloadEnabled: true
16:30:25.837 [FXGL Background Thread 3 ] DEBUG Engine               - isExperimental3D: false
16:30:25.838 [FXGL Background Thread 3 ] DEBUG Engine               - isExperimentalNative: false
16:30:25.838 [FXGL Background Thread 3 ] DEBUG Engine               - isExperimentalTiledLargeMap: false
16:30:25.839 [FXGL Background Thread 3 ] DEBUG Engine               - isFileSystemWriteAllowed: true
16:30:25.839 [FXGL Background Thread 3 ] DEBUG Engine               - isFullScreenAllowed: false
16:30:25.840 [FXGL Background Thread 3 ] DEBUG Engine               - isFullScreenFromStart: false
16:30:25.841 [FXGL Background Thread 3 ] DEBUG Engine               - isGameMenuEnabled: true
16:30:25.841 [FXGL Background Thread 3 ] DEBUG Engine               - isIOS: false
16:30:25.842 [FXGL Background Thread 3 ] DEBUG Engine               - isIntroEnabled: false
16:30:25.842 [FXGL Background Thread 3 ] DEBUG Engine               - isLinux: false
16:30:25.843 [FXGL Background Thread 3 ] DEBUG Engine               - isMac: false
16:30:25.843 [FXGL Background Thread 3 ] DEBUG Engine               - isMainMenuEnabled: false
16:30:25.844 [FXGL Background Thread 3 ] DEBUG Engine               - isManualResizeEnabled: false
16:30:25.844 [FXGL Background Thread 3 ] DEBUG Engine               - isMobile: false
16:30:25.844 [FXGL Background Thread 3 ] DEBUG Engine               - isPreserveResizeRatio: false
16:30:25.845 [FXGL Background Thread 3 ] DEBUG Engine               - isProfilingEnabled: false
16:30:25.845 [FXGL Background Thread 3 ] DEBUG Engine               - isScaleAffectedOnResize: true
16:30:25.845 [FXGL Background Thread 3 ] DEBUG Engine               - isSingleStep: false
16:30:25.846 [FXGL Background Thread 3 ] DEBUG Engine               - isUserProfileEnabled: false
16:30:25.846 [FXGL Background Thread 3 ] DEBUG Engine               - isWindows: true
16:30:25.847 [FXGL Background Thread 3 ] DEBUG Engine               - language: ObjectProperty [value: ENGLISH]
16:30:25.847 [FXGL Background Thread 3 ] DEBUG Engine               - menuKey: ESCAPE
16:30:25.847 [FXGL Background Thread 3 ] DEBUG Engine               - notificationViewClass: class com.almasb.fxgl.notification.view.XboxNotificationView
16:30:25.848 [FXGL Background Thread 3 ] DEBUG Engine               - pixelsPerMeter: 50.0
16:30:25.848 [FXGL Background Thread 3 ] DEBUG Engine               - platform: WINDOWS
16:30:25.848 [FXGL Background Thread 3 ] DEBUG Engine               - prefHeightProperty: ReadOnlyDoubleProperty [value: 1080.0]
16:30:25.849 [FXGL Background Thread 3 ] DEBUG Engine               - prefWidthProperty: ReadOnlyDoubleProperty [value: 1920.0]
16:30:25.849 [FXGL Background Thread 3 ] DEBUG Engine               - profileDir: profiles/
16:30:25.849 [FXGL Background Thread 3 ] DEBUG Engine               - profileName: StringProperty [value: DEFAULT]
16:30:25.849 [FXGL Background Thread 3 ] DEBUG Engine               - randomSeed: -1
16:30:25.850 [FXGL Background Thread 3 ] DEBUG Engine               - runtimeInfo: RuntimeInfo(platform=WINDOWS, version=11.14, build=01.03.2021 16.59)
16:30:25.850 [FXGL Background Thread 3 ] DEBUG Engine               - saveFileExt: sav
16:30:25.850 [FXGL Background Thread 3 ] DEBUG Engine               - scaledHeightProp$fxgl: DoubleProperty [bound, value: 1039.0]
16:30:25.851 [FXGL Background Thread 3 ] DEBUG Engine               - scaledWidthProp$fxgl: DoubleProperty [bound, value: 1823.0]
16:30:25.851 [FXGL Background Thread 3 ] DEBUG Engine               - sceneFactory: com.almasb.fxgl.app.scene.SceneFactory@7a7cb50a
16:30:25.851 [FXGL Background Thread 3 ] DEBUG Engine               - secondsIn24h: 60
16:30:25.852 [FXGL Background Thread 3 ] DEBUG Engine               - soundMenuBack: menu/back.wav
16:30:25.852 [FXGL Background Thread 3 ] DEBUG Engine               - soundMenuPress: menu/press.wav
16:30:25.853 [FXGL Background Thread 3 ] DEBUG Engine               - soundMenuSelect: menu/select.wav
16:30:25.853 [FXGL Background Thread 3 ] DEBUG Engine               - soundNotification: core/notification.wav
16:30:25.854 [FXGL Background Thread 3 ] DEBUG Engine               - stageStyle: DECORATED
16:30:25.854 [FXGL Background Thread 3 ] DEBUG Engine               - supportedLanguages: [ENGLISH, FRENCH, GERMAN, HUNGARIAN, RUSSIAN]
16:30:25.855 [FXGL Background Thread 3 ] DEBUG Engine               - ticksPerSecond: -1
16:30:25.856 [FXGL Background Thread 3 ] DEBUG Engine               - title: Bomberman SE
16:30:25.856 [FXGL Background Thread 3 ] DEBUG Engine               - urlGithub: https://github.com/AlmasB/FXGL
16:30:25.856 [FXGL Background Thread 3 ] DEBUG Engine               - urlLeaderboard: http://fxgl-top.herokuapp.com/
16:30:25.857 [FXGL Background Thread 3 ] DEBUG Engine               - urlPOM: https://raw.githubusercontent.com/AlmasB/FXGL/release/README.md
16:30:25.857 [FXGL Background Thread 3 ] DEBUG Engine               - userAppClass: class Game
16:30:25.858 [FXGL Background Thread 3 ] DEBUG Engine               - version: 1.0
16:30:25.858 [FXGL Background Thread 3 ] DEBUG Engine               - versionCheckDays: 7
16:30:25.859 [FXGL Background Thread 3 ] DEBUG Engine               - width: 1920
16:30:25.859 [FXGL Background Thread 3 ] DEBUG Engine               - Logging services
16:30:25.860 [FXGL Background Thread 3 ] DEBUG Engine               - class com.almasb.fxgl.app.services.FXGLAssetLoaderService
16:30:25.860 [FXGL Background Thread 3 ] DEBUG Engine               - class com.almasb.fxgl.app.FXGLApplication$GameApplicationService
16:30:25.860 [FXGL Background Thread 3 ] DEBUG Engine               - class com.almasb.fxgl.app.services.FXGLDialogService
16:30:25.860 [FXGL Background Thread 3 ] DEBUG Engine               - class com.almasb.fxgl.app.services.IOTaskExecutorService
16:30:25.861 [FXGL Background Thread 3 ] DEBUG Engine               - class com.almasb.fxgl.event.EventBusService
16:30:25.861 [FXGL Background Thread 3 ] DEBUG Engine               - class com.almasb.fxgl.io.FileSystemService
16:30:25.861 [FXGL Background Thread 3 ] DEBUG Engine               - class com.almasb.fxgl.localization.LocalizationService
16:30:25.862 [FXGL Background Thread 3 ] DEBUG Engine               - class com.almasb.fxgl.app.services.SystemBundleService
16:30:25.862 [FXGL Background Thread 3 ] DEBUG Engine               - class com.almasb.fxgl.profile.SaveLoadService
16:30:25.862 [FXGL Background Thread 3 ] DEBUG Engine               - class com.almasb.fxgl.ui.FXGLUIFactoryServiceProvider
16:30:25.863 [FXGL Background Thread 3 ] DEBUG Engine               - class com.almasb.fxgl.ui.FXGLDialogFactoryServiceProvider
16:30:25.863 [FXGL Background Thread 3 ] DEBUG Engine               - class com.almasb.fxgl.audio.AudioPlayer
16:30:25.863 [FXGL Background Thread 3 ] DEBUG Engine               - class com.almasb.fxgl.notification.impl.NotificationServiceProvider
16:30:25.863 [FXGL Background Thread 3 ] DEBUG Engine               - class com.almasb.fxgl.achievement.AchievementService
16:30:25.864 [FXGL Background Thread 3 ] DEBUG Engine               - class com.almasb.fxgl.cutscene.CutsceneService
16:30:25.864 [FXGL Background Thread 3 ] DEBUG Engine               - class com.almasb.fxgl.minigames.MiniGameService
16:30:25.865 [FXGL Background Thread 3 ] DEBUG Engine               - class com.almasb.fxgl.net.NetService
16:30:25.865 [FXGL Background Thread 3 ] DEBUG Engine               - class com.almasb.fxgl.app.services.UpdaterService
16:30:25.866 [FXGL Background Thread 3 ] DEBUG Engine               - class com.almasb.fxgl.dev.DevService
16:31:22.099 [JavaFX Application Thread] DEBUG FXGLApplication      - Exiting FXGL
16:31:22.099 [JavaFX Application Thread] DEBUG LoopRunner           - Stopping loop
16:31:22.099 [JavaFX Application Thread] DEBUG SystemBundleService  - Saving FXGL system data
16:31:22.101 [JavaFX Application Thread] DEBUG FileSystemAccess     - Writing to: C:\Users\0705s\OneDrive - Hogeschool Leiden\IOOA\SE-Bomberman\system\fxgl.bundle
16:31:22.103 [JavaFX Application Thread] DEBUG Async                - Shutting down background threads
16:31:22.103 [JavaFX Application Thread] DEBUG PrimaryStageWindow   - Closing main window
16:31:22.118 [JavaFX Application Thread] DEBUG Logger               - Closing Logger
