15:32:49.880 [main                     ] DEBUG Logger               - Configured Logger
15:32:49.894 [main                     ] DEBUG GameApplication      - Logging settings
Title: Untitled
Version: 0.0
Width: 1050
Height: 700
Fullscreen: false
Intro: false
Profiling: false
Single step:false
App Mode: DEVELOPER
Menu Key: ESCAPE
Stage Style: DECORATED
Scene Factory: class com.almasb.fxgl.app.scene.SceneFactory

15:32:50.200 [JavaFX Application Thread] DEBUG FXGLApplication      - Initializing FXGL
15:32:50.202 [JavaFX Application Thread] INFO  Engine               - FXGL-11.14 (01.03.2021 16.59) on WINDOWS (J:15.0.2 FX:15)
15:32:50.202 [JavaFX Application Thread] DEBUG Engine               - JRE Vendor Name: Amazon.com Inc.
15:32:50.203 [JavaFX Application Thread] DEBUG Engine               - Running on OS: Windows 10 version 10.0
15:32:50.203 [JavaFX Application Thread] DEBUG Engine               - Architecture: amd64
15:32:50.203 [JavaFX Application Thread] INFO  Engine               - Source code and latest versions at: https://github.com/AlmasB/FXGL
15:32:50.203 [JavaFX Application Thread] INFO  Engine               -              Join the FXGL chat at: https://gitter.im/AlmasB/FXGL
15:32:50.294 [JavaFX Application Thread] DEBUG PrimaryStageWindow   - Creating a JavaFX scene
15:32:50.335 [JavaFX Application Thread] DEBUG PrimaryStageWindow   - Target settings size: 1050.0 x 700.0
15:32:50.335 [JavaFX Application Thread] DEBUG PrimaryStageWindow   - Scaled scene size:    1050.0 x 700.0
15:32:50.336 [JavaFX Application Thread] DEBUG PrimaryStageWindow   - Scaled ratio: (1.0, 1.0)
15:32:50.336 [JavaFX Application Thread] DEBUG PrimaryStageWindow   - Set initial scene to FXGLStartupScene
15:32:50.342 [JavaFX Application Thread] DEBUG PrimaryStageWindow   - Opening main window
15:32:50.411 [JavaFX Application Thread] DEBUG PrimaryStageWindow   - Window border size: (14.800048828125, 37.5999755859375)
15:32:50.411 [JavaFX Application Thread] DEBUG PrimaryStageWindow   - Scaled size: 1050.0 x 700.0
15:32:50.411 [JavaFX Application Thread] DEBUG PrimaryStageWindow   - Scaled ratio: (1.0, 1.0)
15:32:50.412 [JavaFX Application Thread] DEBUG PrimaryStageWindow   - Scene size: 1050.0 x 700.0
15:32:50.412 [JavaFX Application Thread] DEBUG PrimaryStageWindow   - Stage size: 1064.800048828125 x 737.5999755859375
15:32:50.422 [FXGL Background Thread 1 ] DEBUG Engine               - Initializing environment variables
15:32:50.457 [FXGL Background Thread 1 ] DEBUG FXGLAssetLoaderServi - User app class for loading assets: class Game
15:32:50.457 [FXGL Background Thread 1 ] DEBUG GameApplicationServi - Applying CSS: fxgl_dark.css
15:32:50.458 [FXGL Background Thread 1 ] DEBUG FXGLAssetLoaderServi - Loading from file system: jar:file:/C:/Users/stanm/.m2/repository/com/github/almasb/fxgl/11.14/fxgl-11.14.jar!/fxglassets/ui/css/fxgl_dark.css
15:32:50.497 [FXGL Background Thread 1 ] DEBUG GameApplicationServi - Initializing application scenes
15:32:50.529 [FXGL Background Thread 1 ] DEBUG GameWorld            - Game world initialized
15:32:50.573 [FXGL Background Thread 1 ] DEBUG PhysicsWorld         - Physics world initialized: appHeight=700, physics.ppm=50,0
15:32:50.573 [FXGL Background Thread 1 ] DEBUG PhysicsWorld         - Using strategy: BRUTE_FORCE
15:32:50.576 [FXGL Background Thread 1 ] DEBUG GameScene            - Game scene initialized: 1050x700
15:32:50.612 [FXGL Background Thread 1 ] DEBUG FXGLAssetLoaderServi - Loading from file system: jar:file:/C:/Users/stanm/.m2/repository/com/github/almasb/fxgl/11.14/fxgl-11.14.jar!/fxglassets/textures/particles/trace_horizontal.png
15:32:50.655 [FXGL Background Thread 1 ] DEBUG FXGL.DefaultMenu     - createMenuBodyGameMenu()
15:32:50.668 [FXGL Background Thread 1 ] DEBUG FXGL.DefaultMenu     - createOptionsMenu()
15:32:50.673 [FXGL Background Thread 1 ] DEBUG FXGLAssetLoaderServi - Loading from file system: jar:file:/C:/Users/stanm/.m2/repository/com/github/almasb/fxgl/11.14/fxgl-11.14.jar!/fxglassets/textures/particles/smoke.png
15:32:50.714 [FXGL Background Thread 1 ] DEBUG GameApplicationServi - Application scenes initialized
15:32:50.721 [FXGL Background Thread 1 ] DEBUG SystemBundleService  - Loading FXGL system data
15:32:50.725 [FXGL Background Thread 1 ] DEBUG FileSystemAccess     - Reading from: C:\Users\stanm\Documents\SE-Challengeweek\system\fxgl.bundle
15:32:50.729 [FXGL Background Thread 1 ] DEBUG SystemBundleService  - Bundle FXGL: {}
15:32:50.730 [FXGL Background Thread 1 ] DEBUG UpdaterService       - Checking for updates
15:32:50.733 [FXGL Background Thread 4 ] DEBUG FXGLApplication      - Loading fonts
15:32:50.733 [FXGL Background Thread 1 ] DEBUG FXGLApplication      - Loading default localization
15:32:50.734 [FXGL Background Thread 4 ] DEBUG FXGLAssetLoaderServi - Loading from file system: jar:file:/C:/Users/stanm/.m2/repository/com/github/almasb/fxgl/11.14/fxgl-11.14.jar!/fxglassets/ui/fonts/VarelaRound-Regular.ttf
15:32:50.734 [FXGL Background Thread 1 ] DEBUG FXGLAssetLoaderServi - Loading from file system: jar:file:/C:/Users/stanm/.m2/repository/com/github/almasb/fxgl/11.14/fxgl-11.14.jar!/fxglassets/languages/english.lang
15:32:50.745 [FXGL Background Thread 1 ] INFO  FXGLApplication      - FXGL initialization took: 0,323 sec
15:32:50.754 [JavaFX Application Thread] DEBUG Input                - Registered new binding: Right - D
15:32:50.755 [JavaFX Application Thread] DEBUG Input                - Registered new binding: Left - A
15:32:50.755 [JavaFX Application Thread] DEBUG Input                - Registered new binding: Up - W
15:32:50.756 [JavaFX Application Thread] DEBUG Input                - Registered new binding: Down - S
15:32:50.756 [JavaFX Application Thread] DEBUG FXGLAssetLoaderServi - Loading from file system: jar:file:/C:/Users/stanm/.m2/repository/com/github/almasb/fxgl/11.14/fxgl-11.14.jar!/fxglassets/textures/fxgl_icon.png
15:32:50.772 [JavaFX Application Thread] DEBUG FXGLAssetLoaderServi - Loading from file system: jar:file:/C:/Users/stanm/.m2/repository/com/github/almasb/fxgl/11.14/fxgl-11.14.jar!/fxglassets/ui/cursors/fxgl_default.png
15:32:50.773 [JavaFX Application Thread] DEBUG Input                - Registered new binding: Screenshot - P
15:32:50.774 [JavaFX Application Thread] DEBUG Input                - Registered new binding: System info dump - CTRL+9
15:32:50.774 [JavaFX Application Thread] DEBUG Input                - Registered new binding: Restart - CTRL+R
15:32:50.775 [JavaFX Application Thread] DEBUG Input                - Registered new binding: Toggle Debug Camera - CTRL+C
15:32:50.776 [JavaFX Application Thread] DEBUG LoopRunner           - Starting loop
15:32:50.776 [JavaFX Application Thread] DEBUG LoopRunner           - Initializing JavaFX AnimationTimerLoop
15:32:50.778 [JavaFX Application Thread] DEBUG GameApplicationServi - Starting new game
15:32:50.778 [JavaFX Application Thread] DEBUG Input                - Clearing active input actions
15:32:50.788 [JavaFX Application Thread] DEBUG GameApplicationServi - Removing overlay from FXGLStartupScene and adding to FXGLLoadingScene
15:32:50.788 [JavaFX Application Thread] DEBUG PrimaryStageWindow   - FXGLStartupScene -> FXGLLoadingScene
15:32:50.788 [JavaFX Application Thread] DEBUG GameApplicationServi - Clearing previous game
15:32:50.788 [JavaFX Application Thread] DEBUG GameScene            - Clearing game scene
15:32:50.788 [JavaFX Application Thread] DEBUG GameWorld            - Clearing game world
15:32:50.789 [JavaFX Application Thread] DEBUG PhysicsWorld         - Clearing physics world
15:32:50.790 [FXGL Background Thread 1 ] DEBUG FXGLApplication      - Initializing game
15:32:50.793 [FXGL Background Thread 4 ] DEBUG FXGLAssetLoaderServi - Loading from file system: jar:file:/C:/Users/stanm/.m2/repository/com/github/almasb/fxgl/11.14/fxgl-11.14.jar!/fxglassets/ui/fonts/Abel-Regular.ttf
15:32:50.805 [FXGL Background Thread 4 ] DEBUG FXGLAssetLoaderServi - Loading from file system: jar:file:/C:/Users/stanm/.m2/repository/com/github/almasb/fxgl/11.14/fxgl-11.14.jar!/fxglassets/ui/fonts/lucida_console.ttf
15:32:50.815 [FXGL Background Thread 4 ] DEBUG FXGLAssetLoaderServi - Loading from file system: jar:file:/C:/Users/stanm/.m2/repository/com/github/almasb/fxgl/11.14/fxgl-11.14.jar!/fxglassets/ui/fonts/Courier-Prime.ttf
15:32:50.817 [FXGL Background Thread 1 ] WARN  TMXLevelLoader       - TiledMap generated from 1.0.1. Supported version: 1.2.3. Some features may not be parsed fully.
15:32:50.822 [FXGL Background Thread 1 ] DEBUG TMXLevelLoader       - Parsed raw map: TiledMap(width=15, height=10, tilewidth=70, tileheight=70, orientation=orthogonal, layers=[Layer(width=15, height=10, name=Tile Layer 1, type=tilelayer, visible=false, x=0, y=0, data=[73, 73, 73, 73, 73, 73, 73, 73, 73, 73, 73, 73, 73, 73, 73, 73, 0, 0, 133, 0, 133, 0, 133, 0, 133, 0, 133, 0, 0, 73, 73, 0, 128, 0, 128, 0, 128, 0, 128, 0, 128, 0, 128, 0, 73, 73, 133, 0, 133, 0, 133, 0, 133, 0, 133, 0, 133, 0, 133, 73, 73, 0, 128, 0, 128, 0, 128, 0, 128, 0, 128, 0, 128, 0, 73, 73, 0, 128, 0, 128, 0, 128, 0, 128, 0, 128, 0, 128, 0, 73, 73, 133, 0, 133, 0, 133, 0, 133, 0, 133, 0, 133, 0, 133, 73, 73, 0, 128, 0, 128, 0, 128, 0, 128, 0, 128, 0, 128, 0, 73, 73, 0, 0, 133, 0, 133, 0, 133, 0, 133, 0, 133, 0, 0, 73, 73, 73, 73, 73, 73, 73, 73, 73, 73, 73, 73, 73, 73, 73, 73], objects=[], opacity=0.0, draworder=), Layer(width=0, height=0, name=Object Layer 1, type=objectgroup, visible=false, x=0, y=0, data=[], objects=[com.almasb.fxgl.entity.level.tiled.TiledObject@512c91ec, com.almasb.fxgl.entity.level.tiled.TiledObject@2f0829a, com.almasb.fxgl.entity.level.tiled.TiledObject@7ac66de7, com.almasb.fxgl.entity.level.tiled.TiledObject@724b2c8e], opacity=0.0, draworder=)], tilesets=[Tileset(firstgid=1, image=../Pictures/tiles_spritesheet.png, name=tiles_spritesheet, tilewidth=70, tileheight=70, imagewidth=914, imageheight=936, margin=0, spacing=2, columns=12, tilecount=156, transparentcolor=, tiles=[])], backgroundcolor=, renderorder=right-down, nextobjectid=7, version=1, tiledversion=1.0.1, type=map, infinite=false, hexsidelength=0, staggeraxis=, staggerindex=, properties={}, propertytypes={})
15:32:50.822 [FXGL Background Thread 1 ] DEBUG TMXLevelLoader       - Creating tile layer entities
15:32:50.823 [FXGL Background Thread 1 ] DEBUG TilesetLoader        - Loading view for layer Tile Layer 1
15:32:50.825 [FXGL Background Thread 1 ] DEBUG TilesetLoader        - Created buffer with size 1050.0x700.0
15:32:50.832 [JavaFX Application Thread] DEBUG FXGLApplication      - Registering font factories with UI factory
15:32:50.870 [FXGL Background Thread 1 ] DEBUG TilesetLoader        - Writing to buffer: dst=0,0, w=70,h=70, src=0,432
15:32:50.870 [FXGL Background Thread 1 ] DEBUG TilesetLoader        - Writing to buffer: dst=70,0, w=70,h=70, src=0,432
15:32:50.871 [FXGL Background Thread 1 ] DEBUG TilesetLoader        - Writing to buffer: dst=140,0, w=70,h=70, src=0,432
15:32:50.871 [FXGL Background Thread 1 ] DEBUG TilesetLoader        - Writing to buffer: dst=210,0, w=70,h=70, src=0,432
15:32:50.871 [FXGL Background Thread 1 ] DEBUG TilesetLoader        - Writing to buffer: dst=280,0, w=70,h=70, src=0,432
15:32:50.871 [FXGL Background Thread 1 ] DEBUG TilesetLoader        - Writing to buffer: dst=350,0, w=70,h=70, src=0,432
15:32:50.871 [FXGL Background Thread 1 ] DEBUG TilesetLoader        - Writing to buffer: dst=420,0, w=70,h=70, src=0,432
15:32:50.872 [FXGL Background Thread 1 ] DEBUG TilesetLoader        - Writing to buffer: dst=490,0, w=70,h=70, src=0,432
15:32:50.872 [FXGL Background Thread 1 ] DEBUG TilesetLoader        - Writing to buffer: dst=560,0, w=70,h=70, src=0,432
15:32:50.872 [FXGL Background Thread 1 ] DEBUG TilesetLoader        - Writing to buffer: dst=630,0, w=70,h=70, src=0,432
15:32:50.872 [FXGL Background Thread 1 ] DEBUG TilesetLoader        - Writing to buffer: dst=700,0, w=70,h=70, src=0,432
15:32:50.872 [FXGL Background Thread 1 ] DEBUG TilesetLoader        - Writing to buffer: dst=770,0, w=70,h=70, src=0,432
15:32:50.872 [FXGL Background Thread 1 ] DEBUG TilesetLoader        - Writing to buffer: dst=840,0, w=70,h=70, src=0,432
15:32:50.873 [FXGL Background Thread 1 ] DEBUG TilesetLoader        - Writing to buffer: dst=910,0, w=70,h=70, src=0,432
15:32:50.873 [FXGL Background Thread 1 ] DEBUG TilesetLoader        - Writing to buffer: dst=980,0, w=70,h=70, src=0,432
15:32:50.873 [FXGL Background Thread 1 ] DEBUG TilesetLoader        - Writing to buffer: dst=0,70, w=70,h=70, src=0,432
15:32:50.873 [FXGL Background Thread 1 ] DEBUG TilesetLoader        - Writing to buffer: dst=210,70, w=70,h=70, src=0,792
15:32:50.874 [FXGL Background Thread 1 ] DEBUG TilesetLoader        - Writing to buffer: dst=350,70, w=70,h=70, src=0,792
15:32:50.874 [FXGL Background Thread 1 ] DEBUG TilesetLoader        - Writing to buffer: dst=490,70, w=70,h=70, src=0,792
15:32:50.874 [FXGL Background Thread 1 ] DEBUG TilesetLoader        - Writing to buffer: dst=630,70, w=70,h=70, src=0,792
15:32:50.874 [FXGL Background Thread 1 ] DEBUG TilesetLoader        - Writing to buffer: dst=770,70, w=70,h=70, src=0,792
15:32:50.874 [FXGL Background Thread 1 ] DEBUG TilesetLoader        - Writing to buffer: dst=980,70, w=70,h=70, src=0,432
15:32:50.875 [FXGL Background Thread 1 ] DEBUG TilesetLoader        - Writing to buffer: dst=0,140, w=70,h=70, src=0,432
15:32:50.875 [FXGL Background Thread 1 ] DEBUG TilesetLoader        - Writing to buffer: dst=140,140, w=70,h=70, src=504,720
15:32:50.875 [FXGL Background Thread 1 ] DEBUG TilesetLoader        - Writing to buffer: dst=280,140, w=70,h=70, src=504,720
15:32:50.875 [FXGL Background Thread 1 ] DEBUG TilesetLoader        - Writing to buffer: dst=420,140, w=70,h=70, src=504,720
15:32:50.876 [FXGL Background Thread 1 ] DEBUG TilesetLoader        - Writing to buffer: dst=560,140, w=70,h=70, src=504,720
15:32:50.876 [FXGL Background Thread 1 ] DEBUG TilesetLoader        - Writing to buffer: dst=700,140, w=70,h=70, src=504,720
15:32:50.876 [FXGL Background Thread 1 ] DEBUG TilesetLoader        - Writing to buffer: dst=840,140, w=70,h=70, src=504,720
15:32:50.876 [FXGL Background Thread 1 ] DEBUG TilesetLoader        - Writing to buffer: dst=980,140, w=70,h=70, src=0,432
15:32:50.877 [FXGL Background Thread 1 ] DEBUG TilesetLoader        - Writing to buffer: dst=0,210, w=70,h=70, src=0,432
15:32:50.877 [FXGL Background Thread 1 ] DEBUG TilesetLoader        - Writing to buffer: dst=70,210, w=70,h=70, src=0,792
15:32:50.877 [FXGL Background Thread 1 ] DEBUG TilesetLoader        - Writing to buffer: dst=210,210, w=70,h=70, src=0,792
15:32:50.878 [FXGL Background Thread 1 ] DEBUG TilesetLoader        - Writing to buffer: dst=350,210, w=70,h=70, src=0,792
15:32:50.878 [FXGL Background Thread 1 ] DEBUG TilesetLoader        - Writing to buffer: dst=490,210, w=70,h=70, src=0,792
15:32:50.878 [FXGL Background Thread 1 ] DEBUG TilesetLoader        - Writing to buffer: dst=630,210, w=70,h=70, src=0,792
15:32:50.878 [FXGL Background Thread 1 ] DEBUG TilesetLoader        - Writing to buffer: dst=770,210, w=70,h=70, src=0,792
15:32:50.879 [FXGL Background Thread 1 ] DEBUG TilesetLoader        - Writing to buffer: dst=910,210, w=70,h=70, src=0,792
15:32:50.879 [FXGL Background Thread 1 ] DEBUG TilesetLoader        - Writing to buffer: dst=980,210, w=70,h=70, src=0,432
15:32:50.879 [FXGL Background Thread 1 ] DEBUG TilesetLoader        - Writing to buffer: dst=0,280, w=70,h=70, src=0,432
15:32:50.879 [FXGL Background Thread 1 ] DEBUG TilesetLoader        - Writing to buffer: dst=140,280, w=70,h=70, src=504,720
15:32:50.879 [FXGL Background Thread 1 ] DEBUG TilesetLoader        - Writing to buffer: dst=280,280, w=70,h=70, src=504,720
15:32:50.880 [FXGL Background Thread 1 ] DEBUG TilesetLoader        - Writing to buffer: dst=420,280, w=70,h=70, src=504,720
15:32:50.880 [FXGL Background Thread 1 ] DEBUG TilesetLoader        - Writing to buffer: dst=560,280, w=70,h=70, src=504,720
15:32:50.880 [FXGL Background Thread 1 ] DEBUG TilesetLoader        - Writing to buffer: dst=700,280, w=70,h=70, src=504,720
15:32:50.880 [FXGL Background Thread 1 ] DEBUG TilesetLoader        - Writing to buffer: dst=840,280, w=70,h=70, src=504,720
15:32:50.881 [FXGL Background Thread 1 ] DEBUG TilesetLoader        - Writing to buffer: dst=980,280, w=70,h=70, src=0,432
15:32:50.881 [FXGL Background Thread 1 ] DEBUG TilesetLoader        - Writing to buffer: dst=0,350, w=70,h=70, src=0,432
15:32:50.881 [FXGL Background Thread 1 ] DEBUG TilesetLoader        - Writing to buffer: dst=140,350, w=70,h=70, src=504,720
15:32:50.881 [FXGL Background Thread 1 ] DEBUG TilesetLoader        - Writing to buffer: dst=280,350, w=70,h=70, src=504,720
15:32:50.882 [FXGL Background Thread 1 ] DEBUG TilesetLoader        - Writing to buffer: dst=420,350, w=70,h=70, src=504,720
15:32:50.882 [FXGL Background Thread 1 ] DEBUG TilesetLoader        - Writing to buffer: dst=560,350, w=70,h=70, src=504,720
15:32:50.882 [FXGL Background Thread 1 ] DEBUG TilesetLoader        - Writing to buffer: dst=700,350, w=70,h=70, src=504,720
15:32:50.882 [FXGL Background Thread 1 ] DEBUG TilesetLoader        - Writing to buffer: dst=840,350, w=70,h=70, src=504,720
15:32:50.882 [FXGL Background Thread 1 ] DEBUG TilesetLoader        - Writing to buffer: dst=980,350, w=70,h=70, src=0,432
15:32:50.882 [FXGL Background Thread 1 ] DEBUG TilesetLoader        - Writing to buffer: dst=0,420, w=70,h=70, src=0,432
15:32:50.883 [FXGL Background Thread 1 ] DEBUG TilesetLoader        - Writing to buffer: dst=70,420, w=70,h=70, src=0,792
15:32:50.883 [FXGL Background Thread 1 ] DEBUG TilesetLoader        - Writing to buffer: dst=210,420, w=70,h=70, src=0,792
15:32:50.883 [FXGL Background Thread 1 ] DEBUG TilesetLoader        - Writing to buffer: dst=350,420, w=70,h=70, src=0,792
15:32:50.883 [FXGL Background Thread 1 ] DEBUG TilesetLoader        - Writing to buffer: dst=490,420, w=70,h=70, src=0,792
15:32:50.883 [FXGL Background Thread 1 ] DEBUG TilesetLoader        - Writing to buffer: dst=630,420, w=70,h=70, src=0,792
15:32:50.883 [FXGL Background Thread 1 ] DEBUG TilesetLoader        - Writing to buffer: dst=770,420, w=70,h=70, src=0,792
15:32:50.884 [FXGL Background Thread 1 ] DEBUG TilesetLoader        - Writing to buffer: dst=910,420, w=70,h=70, src=0,792
15:32:50.884 [FXGL Background Thread 1 ] DEBUG TilesetLoader        - Writing to buffer: dst=980,420, w=70,h=70, src=0,432
15:32:50.884 [FXGL Background Thread 1 ] DEBUG TilesetLoader        - Writing to buffer: dst=0,490, w=70,h=70, src=0,432
15:32:50.884 [FXGL Background Thread 1 ] DEBUG TilesetLoader        - Writing to buffer: dst=140,490, w=70,h=70, src=504,720
15:32:50.885 [FXGL Background Thread 1 ] DEBUG TilesetLoader        - Writing to buffer: dst=280,490, w=70,h=70, src=504,720
15:32:50.885 [FXGL Background Thread 1 ] DEBUG TilesetLoader        - Writing to buffer: dst=420,490, w=70,h=70, src=504,720
15:32:50.885 [FXGL Background Thread 1 ] DEBUG TilesetLoader        - Writing to buffer: dst=560,490, w=70,h=70, src=504,720
15:32:50.885 [FXGL Background Thread 1 ] DEBUG TilesetLoader        - Writing to buffer: dst=700,490, w=70,h=70, src=504,720
15:32:50.885 [FXGL Background Thread 1 ] DEBUG TilesetLoader        - Writing to buffer: dst=840,490, w=70,h=70, src=504,720
15:32:50.886 [FXGL Background Thread 1 ] DEBUG TilesetLoader        - Writing to buffer: dst=980,490, w=70,h=70, src=0,432
15:32:50.886 [FXGL Background Thread 1 ] DEBUG TilesetLoader        - Writing to buffer: dst=0,560, w=70,h=70, src=0,432
15:32:50.886 [FXGL Background Thread 1 ] DEBUG TilesetLoader        - Writing to buffer: dst=210,560, w=70,h=70, src=0,792
15:32:50.886 [FXGL Background Thread 1 ] DEBUG TilesetLoader        - Writing to buffer: dst=350,560, w=70,h=70, src=0,792
15:32:50.887 [FXGL Background Thread 1 ] DEBUG TilesetLoader        - Writing to buffer: dst=490,560, w=70,h=70, src=0,792
15:32:50.887 [FXGL Background Thread 1 ] DEBUG TilesetLoader        - Writing to buffer: dst=630,560, w=70,h=70, src=0,792
15:32:50.887 [FXGL Background Thread 1 ] DEBUG TilesetLoader        - Writing to buffer: dst=770,560, w=70,h=70, src=0,792
15:32:50.887 [FXGL Background Thread 1 ] DEBUG TilesetLoader        - Writing to buffer: dst=980,560, w=70,h=70, src=0,432
15:32:50.888 [FXGL Background Thread 1 ] DEBUG TilesetLoader        - Writing to buffer: dst=0,630, w=70,h=70, src=0,432
15:32:50.888 [FXGL Background Thread 1 ] DEBUG TilesetLoader        - Writing to buffer: dst=70,630, w=70,h=70, src=0,432
15:32:50.888 [FXGL Background Thread 1 ] DEBUG TilesetLoader        - Writing to buffer: dst=140,630, w=70,h=70, src=0,432
15:32:50.888 [FXGL Background Thread 1 ] DEBUG TilesetLoader        - Writing to buffer: dst=210,630, w=70,h=70, src=0,432
15:32:50.888 [FXGL Background Thread 1 ] DEBUG TilesetLoader        - Writing to buffer: dst=280,630, w=70,h=70, src=0,432
15:32:50.888 [FXGL Background Thread 1 ] DEBUG TilesetLoader        - Writing to buffer: dst=350,630, w=70,h=70, src=0,432
15:32:50.889 [FXGL Background Thread 1 ] DEBUG TilesetLoader        - Writing to buffer: dst=420,630, w=70,h=70, src=0,432
15:32:50.889 [FXGL Background Thread 1 ] DEBUG TilesetLoader        - Writing to buffer: dst=490,630, w=70,h=70, src=0,432
15:32:50.889 [FXGL Background Thread 1 ] DEBUG TilesetLoader        - Writing to buffer: dst=560,630, w=70,h=70, src=0,432
15:32:50.889 [FXGL Background Thread 1 ] DEBUG TilesetLoader        - Writing to buffer: dst=630,630, w=70,h=70, src=0,432
15:32:50.889 [FXGL Background Thread 1 ] DEBUG TilesetLoader        - Writing to buffer: dst=700,630, w=70,h=70, src=0,432
15:32:50.890 [FXGL Background Thread 1 ] DEBUG TilesetLoader        - Writing to buffer: dst=770,630, w=70,h=70, src=0,432
15:32:50.890 [FXGL Background Thread 1 ] DEBUG TilesetLoader        - Writing to buffer: dst=840,630, w=70,h=70, src=0,432
15:32:50.890 [FXGL Background Thread 1 ] DEBUG TilesetLoader        - Writing to buffer: dst=910,630, w=70,h=70, src=0,432
15:32:50.890 [FXGL Background Thread 1 ] DEBUG TilesetLoader        - Writing to buffer: dst=980,630, w=70,h=70, src=0,432
15:32:50.892 [FXGL Background Thread 1 ] DEBUG TMXLevelLoader       - Creating object layer entities
15:32:50.905 [FXGL Background Thread 1 ] DEBUG GameWorld            - Clearing removable entities
15:32:50.905 [FXGL Background Thread 1 ] DEBUG GameWorld            - Setting level: com.almasb.fxgl.entity.level.Level@63fbf5c8
15:32:50.913 [FXGL Background Thread 1 ] DEBUG FXGLAssetLoaderServi - Loading from file system: file:/C:/Users/stanm/Documents/SE-Challengeweek/target/classes/assets/textures/player_1_move_down.png
15:32:50.918 [FXGL Background Thread 1 ] INFO  FXGLApplication      - Game initialization took: 0,128 sec
15:32:50.929 [JavaFX Application Thread] DEBUG Input                - Clearing active input actions
15:32:50.938 [JavaFX Application Thread] DEBUG GameApplicationServi - Removing overlay from FXGLLoadingScene and adding to GameScene
15:32:50.938 [JavaFX Application Thread] DEBUG PrimaryStageWindow   - FXGLLoadingScene -> GameScene
15:32:51.072 [FXGL Background Thread 2 ] INFO  UpdaterService       - Your current version:  11.14
15:32:51.072 [FXGL Background Thread 2 ] INFO  UpdaterService       - Latest stable version: 17.1
15:32:53.734 [FXGL Background Thread 3 ] DEBUG Engine               - Logging environment variables
15:32:53.736 [FXGL Background Thread 3 ] DEBUG Engine               - achievements: []
15:32:53.737 [FXGL Background Thread 3 ] DEBUG Engine               - actualHeight: 700.0
15:32:53.738 [FXGL Background Thread 3 ] DEBUG Engine               - actualHeightProperty: ReadOnlyDoubleProperty [value: 700.0]
15:32:53.739 [FXGL Background Thread 3 ] DEBUG Engine               - actualWidth: 1050.0
15:32:53.740 [FXGL Background Thread 3 ] DEBUG Engine               - actualWidthProperty: ReadOnlyDoubleProperty [value: 1050.0]
15:32:53.741 [FXGL Background Thread 3 ] DEBUG Engine               - appIcon: fxgl_icon.png
15:32:53.741 [FXGL Background Thread 3 ] DEBUG Engine               - applicationMode: DEVELOPER
15:32:53.742 [FXGL Background Thread 3 ] DEBUG Engine               - cSSList: [fxgl_dark.css]
15:32:53.742 [FXGL Background Thread 3 ] DEBUG Engine               - collisionDetectionStrategy: BRUTE_FORCE
15:32:53.743 [FXGL Background Thread 3 ] DEBUG Engine               - configClass: Optional.empty
15:32:53.743 [FXGL Background Thread 3 ] DEBUG Engine               - credits: []
15:32:53.744 [FXGL Background Thread 3 ] DEBUG Engine               - devBBoxColorProperty: ObjectProperty [value: 0xff0000ff]
15:32:53.745 [FXGL Background Thread 3 ] DEBUG Engine               - devEnableDebugCameraProperty: BooleanProperty [value: false]
15:32:53.747 [FXGL Background Thread 3 ] DEBUG Engine               - devSensorColorProperty: ObjectProperty [value: 0xffff00ff]
15:32:53.748 [FXGL Background Thread 3 ] DEBUG Engine               - devShowBBoxProperty: BooleanProperty [value: false]
15:32:53.748 [FXGL Background Thread 3 ] DEBUG Engine               - devShowPositionProperty: BooleanProperty [value: false]
15:32:53.749 [FXGL Background Thread 3 ] DEBUG Engine               - enabledMenuItems: []
15:32:53.750 [FXGL Background Thread 3 ] DEBUG Engine               - engineServices: [class com.almasb.fxgl.app.services.FXGLAssetLoaderService, class com.almasb.fxgl.app.FXGLApplication$GameApplicationService, class com.almasb.fxgl.app.services.FXGLDialogService, class com.almasb.fxgl.app.services.IOTaskExecutorService, class com.almasb.fxgl.event.EventBusService, class com.almasb.fxgl.io.FileSystemService, class com.almasb.fxgl.localization.LocalizationService, class com.almasb.fxgl.app.services.SystemBundleService, class com.almasb.fxgl.profile.SaveLoadService, class com.almasb.fxgl.ui.FXGLUIFactoryServiceProvider, class com.almasb.fxgl.ui.FXGLDialogFactoryServiceProvider, class com.almasb.fxgl.audio.AudioPlayer, class com.almasb.fxgl.notification.impl.NotificationServiceProvider, class com.almasb.fxgl.achievement.AchievementService, class com.almasb.fxgl.cutscene.CutsceneService, class com.almasb.fxgl.minigames.MiniGameService, class com.almasb.fxgl.net.NetService, class com.almasb.fxgl.app.services.UpdaterService, class com.almasb.fxgl.dev.DevService]
15:32:53.750 [FXGL Background Thread 3 ] DEBUG Engine               - fontGame: Abel-Regular.ttf
15:32:53.751 [FXGL Background Thread 3 ] DEBUG Engine               - fontMono: lucida_console.ttf
15:32:53.751 [FXGL Background Thread 3 ] DEBUG Engine               - fontText: Courier-Prime.ttf
15:32:53.752 [FXGL Background Thread 3 ] DEBUG Engine               - fontUI: VarelaRound-Regular.ttf
15:32:53.752 [FXGL Background Thread 3 ] DEBUG Engine               - fullScreen: BooleanProperty [value: false]
15:32:53.753 [FXGL Background Thread 3 ] DEBUG Engine               - gameDifficulty: MEDIUM
15:32:53.753 [FXGL Background Thread 3 ] DEBUG Engine               - gameDifficultyProperty: ObjectProperty [value: MEDIUM]
15:32:53.754 [FXGL Background Thread 3 ] DEBUG Engine               - globalMusicVolume: 0.5
15:32:53.754 [FXGL Background Thread 3 ] DEBUG Engine               - globalMusicVolumeProperty: DoubleProperty [value: 0.5]
15:32:53.755 [FXGL Background Thread 3 ] DEBUG Engine               - globalSoundVolume: 0.5
15:32:53.755 [FXGL Background Thread 3 ] DEBUG Engine               - globalSoundVolumeProperty: DoubleProperty [value: 0.5]
15:32:53.756 [FXGL Background Thread 3 ] DEBUG Engine               - height: 700
15:32:53.757 [FXGL Background Thread 3 ] DEBUG Engine               - isAndroid: false
15:32:53.758 [FXGL Background Thread 3 ] DEBUG Engine               - isBrowser: false
15:32:53.758 [FXGL Background Thread 3 ] DEBUG Engine               - isClickFeedbackEnabled: false
15:32:53.759 [FXGL Background Thread 3 ] DEBUG Engine               - isCloseConfirmation: false
15:32:53.759 [FXGL Background Thread 3 ] DEBUG Engine               - isDesktop: true
15:32:53.760 [FXGL Background Thread 3 ] DEBUG Engine               - isDeveloperMenuEnabled: false
15:32:53.760 [FXGL Background Thread 3 ] DEBUG Engine               - isEntityPreloadEnabled: true
15:32:53.760 [FXGL Background Thread 3 ] DEBUG Engine               - isExperimental3D: false
15:32:53.761 [FXGL Background Thread 3 ] DEBUG Engine               - isExperimentalNative: false
15:32:53.761 [FXGL Background Thread 3 ] DEBUG Engine               - isExperimentalTiledLargeMap: false
15:32:53.762 [FXGL Background Thread 3 ] DEBUG Engine               - isFileSystemWriteAllowed: true
15:32:53.762 [FXGL Background Thread 3 ] DEBUG Engine               - isFullScreenAllowed: false
15:32:53.763 [FXGL Background Thread 3 ] DEBUG Engine               - isFullScreenFromStart: false
15:32:53.763 [FXGL Background Thread 3 ] DEBUG Engine               - isGameMenuEnabled: true
15:32:53.764 [FXGL Background Thread 3 ] DEBUG Engine               - isIOS: false
15:32:53.764 [FXGL Background Thread 3 ] DEBUG Engine               - isIntroEnabled: false
15:32:53.765 [FXGL Background Thread 3 ] DEBUG Engine               - isLinux: false
15:32:53.765 [FXGL Background Thread 3 ] DEBUG Engine               - isMac: false
15:32:53.766 [FXGL Background Thread 3 ] DEBUG Engine               - isMainMenuEnabled: false
15:32:53.766 [FXGL Background Thread 3 ] DEBUG Engine               - isManualResizeEnabled: false
15:32:53.767 [FXGL Background Thread 3 ] DEBUG Engine               - isMobile: false
15:32:53.767 [FXGL Background Thread 3 ] DEBUG Engine               - isPreserveResizeRatio: false
15:32:53.768 [FXGL Background Thread 3 ] DEBUG Engine               - isProfilingEnabled: false
15:32:53.768 [FXGL Background Thread 3 ] DEBUG Engine               - isScaleAffectedOnResize: true
15:32:53.768 [FXGL Background Thread 3 ] DEBUG Engine               - isSingleStep: false
15:32:53.769 [FXGL Background Thread 3 ] DEBUG Engine               - isUserProfileEnabled: false
15:32:53.769 [FXGL Background Thread 3 ] DEBUG Engine               - isWindows: true
15:32:53.770 [FXGL Background Thread 3 ] DEBUG Engine               - language: ObjectProperty [value: ENGLISH]
15:32:53.770 [FXGL Background Thread 3 ] DEBUG Engine               - menuKey: ESCAPE
15:32:53.771 [FXGL Background Thread 3 ] DEBUG Engine               - notificationViewClass: class com.almasb.fxgl.notification.view.XboxNotificationView
15:32:53.771 [FXGL Background Thread 3 ] DEBUG Engine               - pixelsPerMeter: 50.0
15:32:53.772 [FXGL Background Thread 3 ] DEBUG Engine               - platform: WINDOWS
15:32:53.773 [FXGL Background Thread 3 ] DEBUG Engine               - prefHeightProperty: ReadOnlyDoubleProperty [value: 700.0]
15:32:53.773 [FXGL Background Thread 3 ] DEBUG Engine               - prefWidthProperty: ReadOnlyDoubleProperty [value: 1050.0]
15:32:53.774 [FXGL Background Thread 3 ] DEBUG Engine               - profileDir: profiles/
15:32:53.774 [FXGL Background Thread 3 ] DEBUG Engine               - profileName: StringProperty [value: DEFAULT]
15:32:53.775 [FXGL Background Thread 3 ] DEBUG Engine               - randomSeed: -1
15:32:53.775 [FXGL Background Thread 3 ] DEBUG Engine               - runtimeInfo: RuntimeInfo(platform=WINDOWS, version=11.14, build=01.03.2021 16.59)
15:32:53.776 [FXGL Background Thread 3 ] DEBUG Engine               - saveFileExt: sav
15:32:53.776 [FXGL Background Thread 3 ] DEBUG Engine               - scaledHeightProp$fxgl: DoubleProperty [bound, value: 700.0]
15:32:53.777 [FXGL Background Thread 3 ] DEBUG Engine               - scaledWidthProp$fxgl: DoubleProperty [bound, value: 1050.0]
15:32:53.777 [FXGL Background Thread 3 ] DEBUG Engine               - sceneFactory: com.almasb.fxgl.app.scene.SceneFactory@37481834
15:32:53.778 [FXGL Background Thread 3 ] DEBUG Engine               - secondsIn24h: 60
15:32:53.778 [FXGL Background Thread 3 ] DEBUG Engine               - soundMenuBack: menu/back.wav
15:32:53.779 [FXGL Background Thread 3 ] DEBUG Engine               - soundMenuPress: menu/press.wav
15:32:53.779 [FXGL Background Thread 3 ] DEBUG Engine               - soundMenuSelect: menu/select.wav
15:32:53.779 [FXGL Background Thread 3 ] DEBUG Engine               - soundNotification: core/notification.wav
15:32:53.780 [FXGL Background Thread 3 ] DEBUG Engine               - stageStyle: DECORATED
15:32:53.781 [FXGL Background Thread 3 ] DEBUG Engine               - supportedLanguages: [ENGLISH, FRENCH, GERMAN, HUNGARIAN, RUSSIAN]
15:32:53.781 [FXGL Background Thread 3 ] DEBUG Engine               - ticksPerSecond: -1
15:32:53.782 [FXGL Background Thread 3 ] DEBUG Engine               - title: Untitled
15:32:53.782 [FXGL Background Thread 3 ] DEBUG Engine               - urlGithub: https://github.com/AlmasB/FXGL
15:32:53.783 [FXGL Background Thread 3 ] DEBUG Engine               - urlLeaderboard: http://fxgl-top.herokuapp.com/
15:32:53.783 [FXGL Background Thread 3 ] DEBUG Engine               - urlPOM: https://raw.githubusercontent.com/AlmasB/FXGL/release/README.md
15:32:53.783 [FXGL Background Thread 3 ] DEBUG Engine               - userAppClass: class Game
15:32:53.784 [FXGL Background Thread 3 ] DEBUG Engine               - version: 0.0
15:32:53.784 [FXGL Background Thread 3 ] DEBUG Engine               - versionCheckDays: 7
15:32:53.785 [FXGL Background Thread 3 ] DEBUG Engine               - width: 1050
15:32:53.785 [FXGL Background Thread 3 ] DEBUG Engine               - Logging services
15:32:53.785 [FXGL Background Thread 3 ] DEBUG Engine               - class com.almasb.fxgl.app.services.FXGLAssetLoaderService
15:32:53.786 [FXGL Background Thread 3 ] DEBUG Engine               - class com.almasb.fxgl.app.FXGLApplication$GameApplicationService
15:32:53.786 [FXGL Background Thread 3 ] DEBUG Engine               - class com.almasb.fxgl.app.services.FXGLDialogService
15:32:53.787 [FXGL Background Thread 3 ] DEBUG Engine               - class com.almasb.fxgl.app.services.IOTaskExecutorService
15:32:53.787 [FXGL Background Thread 3 ] DEBUG Engine               - class com.almasb.fxgl.event.EventBusService
15:32:53.788 [FXGL Background Thread 3 ] DEBUG Engine               - class com.almasb.fxgl.io.FileSystemService
15:32:53.788 [FXGL Background Thread 3 ] DEBUG Engine               - class com.almasb.fxgl.localization.LocalizationService
15:32:53.789 [FXGL Background Thread 3 ] DEBUG Engine               - class com.almasb.fxgl.app.services.SystemBundleService
15:32:53.790 [FXGL Background Thread 3 ] DEBUG Engine               - class com.almasb.fxgl.profile.SaveLoadService
15:32:53.790 [FXGL Background Thread 3 ] DEBUG Engine               - class com.almasb.fxgl.ui.FXGLUIFactoryServiceProvider
15:32:53.791 [FXGL Background Thread 3 ] DEBUG Engine               - class com.almasb.fxgl.ui.FXGLDialogFactoryServiceProvider
15:32:53.791 [FXGL Background Thread 3 ] DEBUG Engine               - class com.almasb.fxgl.audio.AudioPlayer
15:32:53.792 [FXGL Background Thread 3 ] DEBUG Engine               - class com.almasb.fxgl.notification.impl.NotificationServiceProvider
15:32:53.793 [FXGL Background Thread 3 ] DEBUG Engine               - class com.almasb.fxgl.achievement.AchievementService
15:32:53.793 [FXGL Background Thread 3 ] DEBUG Engine               - class com.almasb.fxgl.cutscene.CutsceneService
15:32:53.794 [FXGL Background Thread 3 ] DEBUG Engine               - class com.almasb.fxgl.minigames.MiniGameService
15:32:53.795 [FXGL Background Thread 3 ] DEBUG Engine               - class com.almasb.fxgl.net.NetService
15:32:53.795 [FXGL Background Thread 3 ] DEBUG Engine               - class com.almasb.fxgl.app.services.UpdaterService
15:32:53.796 [FXGL Background Thread 3 ] DEBUG Engine               - class com.almasb.fxgl.dev.DevService
15:32:59.658 [JavaFX Application Thread] DEBUG FXGLApplication      - Exiting FXGL
15:32:59.658 [JavaFX Application Thread] DEBUG LoopRunner           - Stopping loop
15:32:59.659 [JavaFX Application Thread] DEBUG SystemBundleService  - Saving FXGL system data
15:32:59.664 [JavaFX Application Thread] DEBUG FileSystemAccess     - Writing to: C:\Users\stanm\Documents\SE-Challengeweek\system\fxgl.bundle
15:32:59.668 [JavaFX Application Thread] DEBUG Async                - Shutting down background threads
15:32:59.669 [JavaFX Application Thread] DEBUG PrimaryStageWindow   - Closing main window
15:32:59.679 [JavaFX Application Thread] DEBUG Logger               - Closing Logger
