14:06:18.011 [main                     ] DEBUG Logger               - Configured Logger
14:06:18.024 [main                     ] DEBUG GameApplication      - Logging settings
Title: Bomberman SE
Version: 1.0
Width: 960
Height: 832
Fullscreen: false
Intro: false
Profiling: false
Single step:false
App Mode: DEVELOPER
Menu Key: ESCAPE
Stage Style: DECORATED
Scene Factory: class com.almasb.fxgl.app.scene.SceneFactory

14:06:18.414 [JavaFX Application Thread] DEBUG FXGLApplication      - Initializing FXGL
14:06:18.416 [JavaFX Application Thread] INFO  Engine               - FXGL-11.14 (01.03.2021 16.59) on WINDOWS (J:15.0.2 FX:15)
14:06:18.416 [JavaFX Application Thread] DEBUG Engine               - JRE Vendor Name: Amazon.com Inc.
14:06:18.416 [JavaFX Application Thread] DEBUG Engine               - Running on OS: Windows 10 version 10.0
14:06:18.417 [JavaFX Application Thread] DEBUG Engine               - Architecture: amd64
14:06:18.417 [JavaFX Application Thread] INFO  Engine               - Source code and latest versions at: https://github.com/AlmasB/FXGL
14:06:18.417 [JavaFX Application Thread] INFO  Engine               -              Join the FXGL chat at: https://gitter.im/AlmasB/FXGL
14:06:18.543 [JavaFX Application Thread] DEBUG PrimaryStageWindow   - Creating a JavaFX scene
14:06:18.543 [JavaFX Application Thread] DEBUG PrimaryStageWindow   - Target size > screen size
14:06:18.602 [JavaFX Application Thread] DEBUG PrimaryStageWindow   - Target settings size: 960.0 x 832.0
14:06:18.602 [JavaFX Application Thread] DEBUG PrimaryStageWindow   - Scaled scene size:    925.0 x 823.0
14:06:18.603 [JavaFX Application Thread] DEBUG PrimaryStageWindow   - Scaled ratio: (0.9635416666666666, 0.9891826923076923)
14:06:18.604 [JavaFX Application Thread] DEBUG PrimaryStageWindow   - Set initial scene to FXGLStartupScene
14:06:18.611 [JavaFX Application Thread] DEBUG PrimaryStageWindow   - Opening main window
14:06:18.720 [JavaFX Application Thread] DEBUG PrimaryStageWindow   - Window border size: (15.0, 37.79998779296875)
14:06:18.721 [JavaFX Application Thread] DEBUG PrimaryStageWindow   - Scaled size: 925.0 x 823.0
14:06:18.722 [JavaFX Application Thread] DEBUG PrimaryStageWindow   - Scaled ratio: (0.9635416666666666, 0.9891826923076923)
14:06:18.722 [JavaFX Application Thread] DEBUG PrimaryStageWindow   - Scene size: 925.0 x 823.0
14:06:18.722 [JavaFX Application Thread] DEBUG PrimaryStageWindow   - Stage size: 940.0 x 860.7999877929688
14:06:18.731 [FXGL Background Thread 1 ] DEBUG Engine               - Initializing environment variables
14:06:18.780 [FXGL Background Thread 1 ] DEBUG FXGLAssetLoaderServi - User app class for loading assets: class Game
14:06:18.781 [FXGL Background Thread 1 ] DEBUG GameApplicationServi - Applying CSS: fxgl_dark.css
14:06:18.782 [FXGL Background Thread 1 ] DEBUG FXGLAssetLoaderServi - Loading from file system: jar:file:/C:/Users/diewe/.m2/repository/com/github/almasb/fxgl/11.14/fxgl-11.14.jar!/fxglassets/ui/css/fxgl_dark.css
14:06:18.842 [FXGL Background Thread 1 ] DEBUG GameApplicationServi - Initializing application scenes
14:06:18.893 [FXGL Background Thread 1 ] DEBUG GameWorld            - Game world initialized
14:06:18.959 [FXGL Background Thread 1 ] DEBUG PhysicsWorld         - Physics world initialized: appHeight=832, physics.ppm=50,0
14:06:18.960 [FXGL Background Thread 1 ] DEBUG PhysicsWorld         - Using strategy: BRUTE_FORCE
14:06:18.963 [FXGL Background Thread 1 ] DEBUG GameScene            - Game scene initialized: 960x832
14:06:19.002 [FXGL Background Thread 1 ] DEBUG FXGLAssetLoaderServi - Loading from file system: jar:file:/C:/Users/diewe/.m2/repository/com/github/almasb/fxgl/11.14/fxgl-11.14.jar!/fxglassets/textures/particles/trace_horizontal.png
14:06:19.048 [FXGL Background Thread 1 ] DEBUG FXGL.DefaultMenu     - createMenuBodyGameMenu()
14:06:19.063 [FXGL Background Thread 1 ] DEBUG FXGL.DefaultMenu     - createOptionsMenu()
14:06:19.068 [FXGL Background Thread 1 ] DEBUG FXGLAssetLoaderServi - Loading from file system: jar:file:/C:/Users/diewe/.m2/repository/com/github/almasb/fxgl/11.14/fxgl-11.14.jar!/fxglassets/textures/particles/smoke.png
14:06:19.136 [FXGL Background Thread 1 ] DEBUG GameApplicationServi - Application scenes initialized
14:06:19.149 [FXGL Background Thread 1 ] DEBUG SystemBundleService  - Loading FXGL system data
14:06:19.153 [FXGL Background Thread 1 ] DEBUG FileSystemAccess     - Reading from: C:\Users\diewe\OneDrive\Documenten\GitHub\SE-Challengeweek\system\fxgl.bundle
14:06:19.158 [FXGL Background Thread 1 ] DEBUG SystemBundleService  - Bundle FXGL: {}
14:06:19.158 [FXGL Background Thread 1 ] DEBUG UpdaterService       - Checking for updates
14:06:19.162 [FXGL Background Thread 4 ] DEBUG FXGLApplication      - Loading fonts
14:06:19.163 [FXGL Background Thread 4 ] DEBUG FXGLAssetLoaderServi - Loading from file system: jar:file:/C:/Users/diewe/.m2/repository/com/github/almasb/fxgl/11.14/fxgl-11.14.jar!/fxglassets/ui/fonts/VarelaRound-Regular.ttf
14:06:19.163 [FXGL Background Thread 1 ] DEBUG FXGLApplication      - Loading default localization
14:06:19.164 [FXGL Background Thread 1 ] DEBUG FXGLAssetLoaderServi - Loading from file system: jar:file:/C:/Users/diewe/.m2/repository/com/github/almasb/fxgl/11.14/fxgl-11.14.jar!/fxglassets/languages/english.lang
14:06:19.184 [FXGL Background Thread 1 ] INFO  FXGLApplication      - FXGL initialization took: 0,453 sec
14:06:19.197 [JavaFX Application Thread] DEBUG Input                - Registered new binding: action0 - W
14:06:19.198 [JavaFX Application Thread] DEBUG Input                - Registered new binding: action1 - S
14:06:19.199 [JavaFX Application Thread] DEBUG Input                - Registered new binding: action2 - A
14:06:19.200 [JavaFX Application Thread] DEBUG Input                - Registered new binding: action3 - D
14:06:19.200 [JavaFX Application Thread] DEBUG FXGLAssetLoaderServi - Loading from file system: jar:file:/C:/Users/diewe/.m2/repository/com/github/almasb/fxgl/11.14/fxgl-11.14.jar!/fxglassets/textures/fxgl_icon.png
14:06:19.235 [JavaFX Application Thread] DEBUG FXGLAssetLoaderServi - Loading from file system: jar:file:/C:/Users/diewe/.m2/repository/com/github/almasb/fxgl/11.14/fxgl-11.14.jar!/fxglassets/ui/cursors/fxgl_default.png
14:06:19.238 [JavaFX Application Thread] DEBUG Input                - Registered new binding: Screenshot - P
14:06:19.239 [JavaFX Application Thread] DEBUG Input                - Registered new binding: System info dump - CTRL+9
14:06:19.239 [JavaFX Application Thread] DEBUG Input                - Registered new binding: Restart - CTRL+R
14:06:19.240 [JavaFX Application Thread] DEBUG Input                - Registered new binding: Toggle Debug Camera - CTRL+C
14:06:19.243 [JavaFX Application Thread] DEBUG LoopRunner           - Starting loop
14:06:19.243 [JavaFX Application Thread] DEBUG LoopRunner           - Initializing JavaFX AnimationTimerLoop
14:06:19.245 [JavaFX Application Thread] DEBUG GameApplicationServi - Starting new game
14:06:19.246 [JavaFX Application Thread] DEBUG Input                - Clearing active input actions
14:06:19.263 [JavaFX Application Thread] DEBUG GameApplicationServi - Removing overlay from FXGLStartupScene and adding to FXGLLoadingScene
14:06:19.263 [FXGL Background Thread 4 ] DEBUG FXGLAssetLoaderServi - Loading from file system: jar:file:/C:/Users/diewe/.m2/repository/com/github/almasb/fxgl/11.14/fxgl-11.14.jar!/fxglassets/ui/fonts/Abel-Regular.ttf
14:06:19.263 [JavaFX Application Thread] DEBUG PrimaryStageWindow   - FXGLStartupScene -> FXGLLoadingScene
14:06:19.264 [JavaFX Application Thread] DEBUG GameApplicationServi - Clearing previous game
14:06:19.264 [JavaFX Application Thread] DEBUG GameScene            - Clearing game scene
14:06:19.264 [JavaFX Application Thread] DEBUG GameWorld            - Clearing game world
14:06:19.264 [JavaFX Application Thread] DEBUG PhysicsWorld         - Clearing physics world
14:06:19.269 [FXGL Background Thread 1 ] DEBUG FXGLApplication      - Initializing game
14:06:19.272 [FXGL Background Thread 1 ] DEBUG FXGLAssetLoaderServi - Loading from file system: file:/C:/Users/diewe/OneDrive/Documenten/GitHub/SE-Challengeweek/target/classes/assets/textures/BombermanBruin.png
14:06:19.277 [FXGL Background Thread 4 ] DEBUG FXGLAssetLoaderServi - Loading from file system: jar:file:/C:/Users/diewe/.m2/repository/com/github/almasb/fxgl/11.14/fxgl-11.14.jar!/fxglassets/ui/fonts/lucida_console.ttf
14:06:19.294 [FXGL Background Thread 4 ] DEBUG FXGLAssetLoaderServi - Loading from file system: jar:file:/C:/Users/diewe/.m2/repository/com/github/almasb/fxgl/11.14/fxgl-11.14.jar!/fxglassets/ui/fonts/Courier-Prime.ttf
14:06:19.330 [JavaFX Application Thread] DEBUG FXGLApplication      - Registering font factories with UI factory
14:06:19.374 [FXGL Background Thread 1 ] INFO  FXGLApplication      - Game initialization took: 0,105 sec
14:06:19.421 [JavaFX Application Thread] DEBUG Input                - Clearing active input actions
14:06:19.438 [JavaFX Application Thread] DEBUG GameApplicationServi - Removing overlay from FXGLLoadingScene and adding to GameScene
14:06:19.439 [JavaFX Application Thread] DEBUG PrimaryStageWindow   - FXGLLoadingScene -> GameScene
14:06:19.622 [FXGL Background Thread 2 ] INFO  UpdaterService       - Your current version:  11.14
14:06:19.622 [FXGL Background Thread 2 ] INFO  UpdaterService       - Latest stable version: 17.1
14:06:22.162 [FXGL Background Thread 3 ] DEBUG Engine               - Logging environment variables
14:06:22.162 [FXGL Background Thread 3 ] DEBUG Engine               - achievements: []
14:06:22.162 [FXGL Background Thread 3 ] DEBUG Engine               - actualHeight: 823.0
14:06:22.162 [FXGL Background Thread 3 ] DEBUG Engine               - actualHeightProperty: ReadOnlyDoubleProperty [value: 823.0]
14:06:22.162 [FXGL Background Thread 3 ] DEBUG Engine               - actualWidth: 925.0
14:06:22.163 [FXGL Background Thread 3 ] DEBUG Engine               - actualWidthProperty: ReadOnlyDoubleProperty [value: 925.0]
14:06:22.163 [FXGL Background Thread 3 ] DEBUG Engine               - appIcon: fxgl_icon.png
14:06:22.163 [FXGL Background Thread 3 ] DEBUG Engine               - applicationMode: DEVELOPER
14:06:22.163 [FXGL Background Thread 3 ] DEBUG Engine               - cSSList: [fxgl_dark.css]
14:06:22.163 [FXGL Background Thread 3 ] DEBUG Engine               - collisionDetectionStrategy: BRUTE_FORCE
14:06:22.163 [FXGL Background Thread 3 ] DEBUG Engine               - configClass: Optional.empty
14:06:22.163 [FXGL Background Thread 3 ] DEBUG Engine               - credits: []
14:06:22.164 [FXGL Background Thread 3 ] DEBUG Engine               - devBBoxColorProperty: ObjectProperty [value: 0xff0000ff]
14:06:22.164 [FXGL Background Thread 3 ] DEBUG Engine               - devEnableDebugCameraProperty: BooleanProperty [value: false]
14:06:22.164 [FXGL Background Thread 3 ] DEBUG Engine               - devSensorColorProperty: ObjectProperty [value: 0xffff00ff]
14:06:22.164 [FXGL Background Thread 3 ] DEBUG Engine               - devShowBBoxProperty: BooleanProperty [value: false]
14:06:22.164 [FXGL Background Thread 3 ] DEBUG Engine               - devShowPositionProperty: BooleanProperty [value: false]
14:06:22.165 [FXGL Background Thread 3 ] DEBUG Engine               - enabledMenuItems: []
14:06:22.165 [FXGL Background Thread 3 ] DEBUG Engine               - engineServices: [class com.almasb.fxgl.app.services.FXGLAssetLoaderService, class com.almasb.fxgl.app.FXGLApplication$GameApplicationService, class com.almasb.fxgl.app.services.FXGLDialogService, class com.almasb.fxgl.app.services.IOTaskExecutorService, class com.almasb.fxgl.event.EventBusService, class com.almasb.fxgl.io.FileSystemService, class com.almasb.fxgl.localization.LocalizationService, class com.almasb.fxgl.app.services.SystemBundleService, class com.almasb.fxgl.profile.SaveLoadService, class com.almasb.fxgl.ui.FXGLUIFactoryServiceProvider, class com.almasb.fxgl.ui.FXGLDialogFactoryServiceProvider, class com.almasb.fxgl.audio.AudioPlayer, class com.almasb.fxgl.notification.impl.NotificationServiceProvider, class com.almasb.fxgl.achievement.AchievementService, class com.almasb.fxgl.cutscene.CutsceneService, class com.almasb.fxgl.minigames.MiniGameService, class com.almasb.fxgl.net.NetService, class com.almasb.fxgl.app.services.UpdaterService, class com.almasb.fxgl.dev.DevService]
14:06:22.165 [FXGL Background Thread 3 ] DEBUG Engine               - fontGame: Abel-Regular.ttf
14:06:22.166 [FXGL Background Thread 3 ] DEBUG Engine               - fontMono: lucida_console.ttf
14:06:22.166 [FXGL Background Thread 3 ] DEBUG Engine               - fontText: Courier-Prime.ttf
14:06:22.166 [FXGL Background Thread 3 ] DEBUG Engine               - fontUI: VarelaRound-Regular.ttf
14:06:22.166 [FXGL Background Thread 3 ] DEBUG Engine               - fullScreen: BooleanProperty [value: false]
14:06:22.167 [FXGL Background Thread 3 ] DEBUG Engine               - gameDifficulty: MEDIUM
14:06:22.167 [FXGL Background Thread 3 ] DEBUG Engine               - gameDifficultyProperty: ObjectProperty [value: MEDIUM]
14:06:22.167 [FXGL Background Thread 3 ] DEBUG Engine               - globalMusicVolume: 0.5
14:06:22.167 [FXGL Background Thread 3 ] DEBUG Engine               - globalMusicVolumeProperty: DoubleProperty [value: 0.5]
14:06:22.168 [FXGL Background Thread 3 ] DEBUG Engine               - globalSoundVolume: 0.5
14:06:22.168 [FXGL Background Thread 3 ] DEBUG Engine               - globalSoundVolumeProperty: DoubleProperty [value: 0.5]
14:06:22.168 [FXGL Background Thread 3 ] DEBUG Engine               - height: 832
14:06:22.169 [FXGL Background Thread 3 ] DEBUG Engine               - isAndroid: false
14:06:22.169 [FXGL Background Thread 3 ] DEBUG Engine               - isBrowser: false
14:06:22.170 [FXGL Background Thread 3 ] DEBUG Engine               - isClickFeedbackEnabled: false
14:06:22.170 [FXGL Background Thread 3 ] DEBUG Engine               - isCloseConfirmation: false
14:06:22.170 [FXGL Background Thread 3 ] DEBUG Engine               - isDesktop: true
14:06:22.171 [FXGL Background Thread 3 ] DEBUG Engine               - isDeveloperMenuEnabled: false
14:06:22.171 [FXGL Background Thread 3 ] DEBUG Engine               - isEntityPreloadEnabled: true
14:06:22.171 [FXGL Background Thread 3 ] DEBUG Engine               - isExperimental3D: false
14:06:22.171 [FXGL Background Thread 3 ] DEBUG Engine               - isExperimentalNative: false
14:06:22.171 [FXGL Background Thread 3 ] DEBUG Engine               - isExperimentalTiledLargeMap: false
14:06:22.171 [FXGL Background Thread 3 ] DEBUG Engine               - isFileSystemWriteAllowed: true
14:06:22.172 [FXGL Background Thread 3 ] DEBUG Engine               - isFullScreenAllowed: false
14:06:22.172 [FXGL Background Thread 3 ] DEBUG Engine               - isFullScreenFromStart: false
14:06:22.172 [FXGL Background Thread 3 ] DEBUG Engine               - isGameMenuEnabled: true
14:06:22.172 [FXGL Background Thread 3 ] DEBUG Engine               - isIOS: false
14:06:22.172 [FXGL Background Thread 3 ] DEBUG Engine               - isIntroEnabled: false
14:06:22.172 [FXGL Background Thread 3 ] DEBUG Engine               - isLinux: false
14:06:22.172 [FXGL Background Thread 3 ] DEBUG Engine               - isMac: false
14:06:22.172 [FXGL Background Thread 3 ] DEBUG Engine               - isMainMenuEnabled: false
14:06:22.173 [FXGL Background Thread 3 ] DEBUG Engine               - isManualResizeEnabled: false
14:06:22.173 [FXGL Background Thread 3 ] DEBUG Engine               - isMobile: false
14:06:22.173 [FXGL Background Thread 3 ] DEBUG Engine               - isPreserveResizeRatio: false
14:06:22.173 [FXGL Background Thread 3 ] DEBUG Engine               - isProfilingEnabled: false
14:06:22.173 [FXGL Background Thread 3 ] DEBUG Engine               - isScaleAffectedOnResize: true
14:06:22.174 [FXGL Background Thread 3 ] DEBUG Engine               - isSingleStep: false
14:06:22.174 [FXGL Background Thread 3 ] DEBUG Engine               - isUserProfileEnabled: false
14:06:22.174 [FXGL Background Thread 3 ] DEBUG Engine               - isWindows: true
14:06:22.174 [FXGL Background Thread 3 ] DEBUG Engine               - language: ObjectProperty [value: ENGLISH]
14:06:22.174 [FXGL Background Thread 3 ] DEBUG Engine               - menuKey: ESCAPE
14:06:22.174 [FXGL Background Thread 3 ] DEBUG Engine               - notificationViewClass: class com.almasb.fxgl.notification.view.XboxNotificationView
14:06:22.174 [FXGL Background Thread 3 ] DEBUG Engine               - pixelsPerMeter: 50.0
14:06:22.174 [FXGL Background Thread 3 ] DEBUG Engine               - platform: WINDOWS
14:06:22.174 [FXGL Background Thread 3 ] DEBUG Engine               - prefHeightProperty: ReadOnlyDoubleProperty [value: 832.0]
14:06:22.175 [FXGL Background Thread 3 ] DEBUG Engine               - prefWidthProperty: ReadOnlyDoubleProperty [value: 960.0]
14:06:22.175 [FXGL Background Thread 3 ] DEBUG Engine               - profileDir: profiles/
14:06:22.175 [FXGL Background Thread 3 ] DEBUG Engine               - profileName: StringProperty [value: DEFAULT]
14:06:22.175 [FXGL Background Thread 3 ] DEBUG Engine               - randomSeed: -1
14:06:22.176 [FXGL Background Thread 3 ] DEBUG Engine               - runtimeInfo: RuntimeInfo(platform=WINDOWS, version=11.14, build=01.03.2021 16.59)
14:06:22.176 [FXGL Background Thread 3 ] DEBUG Engine               - saveFileExt: sav
14:06:22.176 [FXGL Background Thread 3 ] DEBUG Engine               - scaledHeightProp$fxgl: DoubleProperty [bound, value: 823.0]
14:06:22.176 [FXGL Background Thread 3 ] DEBUG Engine               - scaledWidthProp$fxgl: DoubleProperty [bound, value: 925.0]
14:06:22.176 [FXGL Background Thread 3 ] DEBUG Engine               - sceneFactory: com.almasb.fxgl.app.scene.SceneFactory@1ec1136
14:06:22.176 [FXGL Background Thread 3 ] DEBUG Engine               - secondsIn24h: 60
14:06:22.176 [FXGL Background Thread 3 ] DEBUG Engine               - soundMenuBack: menu/back.wav
14:06:22.176 [FXGL Background Thread 3 ] DEBUG Engine               - soundMenuPress: menu/press.wav
14:06:22.176 [FXGL Background Thread 3 ] DEBUG Engine               - soundMenuSelect: menu/select.wav
14:06:22.177 [FXGL Background Thread 3 ] DEBUG Engine               - soundNotification: core/notification.wav
14:06:22.177 [FXGL Background Thread 3 ] DEBUG Engine               - stageStyle: DECORATED
14:06:22.177 [FXGL Background Thread 3 ] DEBUG Engine               - supportedLanguages: [ENGLISH, FRENCH, GERMAN, HUNGARIAN, RUSSIAN]
14:06:22.177 [FXGL Background Thread 3 ] DEBUG Engine               - ticksPerSecond: -1
14:06:22.177 [FXGL Background Thread 3 ] DEBUG Engine               - title: Bomberman SE
14:06:22.177 [FXGL Background Thread 3 ] DEBUG Engine               - urlGithub: https://github.com/AlmasB/FXGL
14:06:22.178 [FXGL Background Thread 3 ] DEBUG Engine               - urlLeaderboard: http://fxgl-top.herokuapp.com/
14:06:22.178 [FXGL Background Thread 3 ] DEBUG Engine               - urlPOM: https://raw.githubusercontent.com/AlmasB/FXGL/release/README.md
14:06:22.178 [FXGL Background Thread 3 ] DEBUG Engine               - userAppClass: class Game
14:06:22.178 [FXGL Background Thread 3 ] DEBUG Engine               - version: 1.0
14:06:22.178 [FXGL Background Thread 3 ] DEBUG Engine               - versionCheckDays: 7
14:06:22.178 [FXGL Background Thread 3 ] DEBUG Engine               - width: 960
14:06:22.178 [FXGL Background Thread 3 ] DEBUG Engine               - Logging services
14:06:22.178 [FXGL Background Thread 3 ] DEBUG Engine               - class com.almasb.fxgl.app.services.FXGLAssetLoaderService
14:06:22.179 [FXGL Background Thread 3 ] DEBUG Engine               - class com.almasb.fxgl.app.FXGLApplication$GameApplicationService
14:06:22.179 [FXGL Background Thread 3 ] DEBUG Engine               - class com.almasb.fxgl.app.services.FXGLDialogService
14:06:22.179 [FXGL Background Thread 3 ] DEBUG Engine               - class com.almasb.fxgl.app.services.IOTaskExecutorService
14:06:22.179 [FXGL Background Thread 3 ] DEBUG Engine               - class com.almasb.fxgl.event.EventBusService
14:06:22.179 [FXGL Background Thread 3 ] DEBUG Engine               - class com.almasb.fxgl.io.FileSystemService
14:06:22.180 [FXGL Background Thread 3 ] DEBUG Engine               - class com.almasb.fxgl.localization.LocalizationService
14:06:22.180 [FXGL Background Thread 3 ] DEBUG Engine               - class com.almasb.fxgl.app.services.SystemBundleService
14:06:22.180 [FXGL Background Thread 3 ] DEBUG Engine               - class com.almasb.fxgl.profile.SaveLoadService
14:06:22.180 [FXGL Background Thread 3 ] DEBUG Engine               - class com.almasb.fxgl.ui.FXGLUIFactoryServiceProvider
14:06:22.180 [FXGL Background Thread 3 ] DEBUG Engine               - class com.almasb.fxgl.ui.FXGLDialogFactoryServiceProvider
14:06:22.180 [FXGL Background Thread 3 ] DEBUG Engine               - class com.almasb.fxgl.audio.AudioPlayer
14:06:22.180 [FXGL Background Thread 3 ] DEBUG Engine               - class com.almasb.fxgl.notification.impl.NotificationServiceProvider
14:06:22.180 [FXGL Background Thread 3 ] DEBUG Engine               - class com.almasb.fxgl.achievement.AchievementService
14:06:22.180 [FXGL Background Thread 3 ] DEBUG Engine               - class com.almasb.fxgl.cutscene.CutsceneService
14:06:22.181 [FXGL Background Thread 3 ] DEBUG Engine               - class com.almasb.fxgl.minigames.MiniGameService
14:06:22.181 [FXGL Background Thread 3 ] DEBUG Engine               - class com.almasb.fxgl.net.NetService
14:06:22.181 [FXGL Background Thread 3 ] DEBUG Engine               - class com.almasb.fxgl.app.services.UpdaterService
14:06:22.181 [FXGL Background Thread 3 ] DEBUG Engine               - class com.almasb.fxgl.dev.DevService
14:06:23.463 [JavaFX Application Thread] DEBUG FXGLApplication      - Exiting FXGL
14:06:23.463 [JavaFX Application Thread] DEBUG LoopRunner           - Stopping loop
14:06:23.463 [JavaFX Application Thread] DEBUG SystemBundleService  - Saving FXGL system data
14:06:23.465 [JavaFX Application Thread] DEBUG FileSystemAccess     - Writing to: C:\Users\diewe\OneDrive\Documenten\GitHub\SE-Challengeweek\system\fxgl.bundle
14:06:23.467 [JavaFX Application Thread] DEBUG Async                - Shutting down background threads
14:06:23.467 [JavaFX Application Thread] DEBUG PrimaryStageWindow   - Closing main window
14:06:23.478 [JavaFX Application Thread] DEBUG Logger               - Closing Logger
