11:27:32.219 [main                     ] DEBUG Logger               - Configured Logger
11:27:32.227 [main                     ] DEBUG GameApplication      - Logging settings
Title: Bomberman SE
Version: 1.0
Width: 960
Height: 832
Fullscreen: false
Intro: false
Profiling: false
Single step:false
App Mode: DEVELOPER
Menu Key: ESCAPE
Stage Style: DECORATED
Scene Factory: class UI.MySceneFactory

11:27:32.644 [JavaFX Application Thread] DEBUG FXGLApplication      - Initializing FXGL
11:27:32.646 [JavaFX Application Thread] INFO  Engine               - FXGL-11.14 (01.03.2021 16.59) on WINDOWS (J:15.0.2 FX:15)
11:27:32.646 [JavaFX Application Thread] DEBUG Engine               - JRE Vendor Name: Amazon.com Inc.
11:27:32.647 [JavaFX Application Thread] DEBUG Engine               - Running on OS: Windows 10 version 10.0
11:27:32.647 [JavaFX Application Thread] DEBUG Engine               - Architecture: amd64
11:27:32.647 [JavaFX Application Thread] INFO  Engine               - Source code and latest versions at: https://github.com/AlmasB/FXGL
11:27:32.647 [JavaFX Application Thread] INFO  Engine               -              Join the FXGL chat at: https://gitter.im/AlmasB/FXGL
11:27:32.790 [JavaFX Application Thread] DEBUG PrimaryStageWindow   - Creating a JavaFX scene
11:27:32.790 [JavaFX Application Thread] DEBUG PrimaryStageWindow   - Target size > screen size
11:27:32.849 [JavaFX Application Thread] DEBUG PrimaryStageWindow   - Target settings size: 960.0 x 832.0
11:27:32.849 [JavaFX Application Thread] DEBUG PrimaryStageWindow   - Scaled scene size:    925.0 x 823.0
11:27:32.849 [JavaFX Application Thread] DEBUG PrimaryStageWindow   - Scaled ratio: (0.9635416666666666, 0.9891826923076923)
11:27:32.850 [JavaFX Application Thread] DEBUG PrimaryStageWindow   - Set initial scene to FXGLStartupScene
11:27:32.860 [JavaFX Application Thread] DEBUG PrimaryStageWindow   - Opening main window
11:27:32.994 [JavaFX Application Thread] DEBUG PrimaryStageWindow   - Window border size: (15.0, 37.79998779296875)
11:27:32.994 [JavaFX Application Thread] DEBUG PrimaryStageWindow   - Scaled size: 925.0 x 823.0
11:27:32.995 [JavaFX Application Thread] DEBUG PrimaryStageWindow   - Scaled ratio: (0.9635416666666666, 0.9891826923076923)
11:27:32.995 [JavaFX Application Thread] DEBUG PrimaryStageWindow   - Scene size: 925.0 x 823.0
11:27:32.995 [JavaFX Application Thread] DEBUG PrimaryStageWindow   - Stage size: 940.0 x 860.7999877929688
11:27:33.005 [FXGL Background Thread 1 ] DEBUG Engine               - Initializing environment variables
11:27:33.039 [FXGL Background Thread 1 ] DEBUG FXGLAssetLoaderServi - User app class for loading assets: class Game
11:27:33.040 [FXGL Background Thread 1 ] DEBUG GameApplicationServi - Applying CSS: fxgl_dark.css
11:27:33.041 [FXGL Background Thread 1 ] DEBUG FXGLAssetLoaderServi - Loading from file system: jar:file:/C:/Users/roan2/.m2/repository/com/github/almasb/fxgl/11.14/fxgl-11.14.jar!/fxglassets/ui/css/fxgl_dark.css
11:27:33.087 [FXGL Background Thread 1 ] DEBUG GameApplicationServi - Initializing application scenes
11:27:33.121 [FXGL Background Thread 1 ] DEBUG GameWorld            - Game world initialized
11:27:33.179 [FXGL Background Thread 1 ] DEBUG PhysicsWorld         - Physics world initialized: appHeight=832, physics.ppm=50.0
11:27:33.179 [FXGL Background Thread 1 ] DEBUG PhysicsWorld         - Using strategy: BRUTE_FORCE
11:27:33.182 [FXGL Background Thread 1 ] DEBUG GameScene            - Game scene initialized: 960x832
11:27:33.226 [FXGL Background Thread 1 ] DEBUG FXGLAssetLoaderServi - Loading from file system: jar:file:/C:/Users/roan2/.m2/repository/com/github/almasb/fxgl/11.14/fxgl-11.14.jar!/fxglassets/textures/particles/trace_horizontal.png
11:27:33.289 [FXGL Background Thread 1 ] DEBUG FXGL.DefaultMenu     - createMenuBodyGameMenu()
11:27:33.301 [FXGL Background Thread 1 ] DEBUG FXGL.DefaultMenu     - createOptionsMenu()
11:27:33.306 [FXGL Background Thread 1 ] DEBUG FXGLAssetLoaderServi - Loading from file system: jar:file:/C:/Users/roan2/.m2/repository/com/github/almasb/fxgl/11.14/fxgl-11.14.jar!/fxglassets/textures/particles/smoke.png
11:27:33.356 [FXGL Background Thread 1 ] DEBUG GameApplicationServi - Application scenes initialized
11:27:33.368 [FXGL Background Thread 1 ] DEBUG SystemBundleService  - Loading FXGL system data
11:27:33.372 [FXGL Background Thread 1 ] DEBUG FileSystemAccess     - Reading from: C:\Users\roan2\Documents\SE-Challengeweek\system\fxgl.bundle
11:27:33.378 [FXGL Background Thread 1 ] DEBUG SystemBundleService  - Bundle FXGL: {}
11:27:33.378 [FXGL Background Thread 1 ] DEBUG UpdaterService       - Checking for updates
11:27:33.384 [FXGL Background Thread 4 ] DEBUG FXGLApplication      - Loading fonts
11:27:33.385 [FXGL Background Thread 1 ] DEBUG FXGLApplication      - Loading default localization
11:27:33.385 [FXGL Background Thread 4 ] DEBUG FXGLAssetLoaderServi - Loading from file system: jar:file:/C:/Users/roan2/.m2/repository/com/github/almasb/fxgl/11.14/fxgl-11.14.jar!/fxglassets/ui/fonts/VarelaRound-Regular.ttf
11:27:33.386 [FXGL Background Thread 1 ] DEBUG FXGLAssetLoaderServi - Loading from file system: jar:file:/C:/Users/roan2/.m2/repository/com/github/almasb/fxgl/11.14/fxgl-11.14.jar!/fxglassets/languages/english.lang
11:27:33.401 [FXGL Background Thread 1 ] INFO  FXGLApplication      - FXGL initialization took: 0.396 sec
11:27:33.408 [JavaFX Application Thread] DEBUG FXGLAssetLoaderServi - Loading from file system: file:/C:/Users/roan2/Documents/SE-Challengeweek/target/classes/assets/textures/sprite.png
11:27:33.434 [JavaFX Application Thread] DEBUG Input                - Registered new binding: action0 - W
11:27:33.435 [JavaFX Application Thread] DEBUG Input                - Registered new binding: action1 - S
11:27:33.436 [JavaFX Application Thread] DEBUG Input                - Registered new binding: action2 - A
11:27:33.436 [JavaFX Application Thread] DEBUG Input                - Registered new binding: action3 - D
11:27:33.437 [JavaFX Application Thread] DEBUG FXGLAssetLoaderServi - Loading from file system: jar:file:/C:/Users/roan2/.m2/repository/com/github/almasb/fxgl/11.14/fxgl-11.14.jar!/fxglassets/textures/fxgl_icon.png
11:27:33.456 [JavaFX Application Thread] DEBUG FXGLAssetLoaderServi - Loading from file system: jar:file:/C:/Users/roan2/.m2/repository/com/github/almasb/fxgl/11.14/fxgl-11.14.jar!/fxglassets/ui/cursors/fxgl_default.png
11:27:33.459 [JavaFX Application Thread] DEBUG Input                - Registered new binding: Screenshot - P
11:27:33.459 [JavaFX Application Thread] DEBUG Input                - Registered new binding: System info dump - CTRL+9
11:27:33.460 [JavaFX Application Thread] DEBUG Input                - Registered new binding: Restart - CTRL+R
11:27:33.461 [JavaFX Application Thread] DEBUG Input                - Registered new binding: Toggle Debug Camera - CTRL+C
11:27:33.463 [JavaFX Application Thread] DEBUG LoopRunner           - Starting loop
11:27:33.464 [JavaFX Application Thread] DEBUG LoopRunner           - Initializing JavaFX AnimationTimerLoop
11:27:33.466 [JavaFX Application Thread] DEBUG Input                - Clearing active input actions
11:27:33.472 [FXGL Background Thread 4 ] DEBUG FXGLAssetLoaderServi - Loading from file system: jar:file:/C:/Users/roan2/.m2/repository/com/github/almasb/fxgl/11.14/fxgl-11.14.jar!/fxglassets/ui/fonts/Abel-Regular.ttf
11:27:33.476 [FXGL Background Thread 4 ] DEBUG FXGLAssetLoaderServi - Loading from file system: jar:file:/C:/Users/roan2/.m2/repository/com/github/almasb/fxgl/11.14/fxgl-11.14.jar!/fxglassets/ui/fonts/lucida_console.ttf
11:27:33.477 [JavaFX Application Thread] DEBUG GameApplicationServi - Removing overlay from FXGLStartupScene and adding to FXGLMainMenuDummyScene
11:27:33.478 [JavaFX Application Thread] DEBUG PrimaryStageWindow   - FXGLStartupScene -> FXGLMainMenuDummyScene
11:27:33.479 [JavaFX Application Thread] DEBUG PrimaryStageWindow   - Push state: MyMenu
11:27:33.479 [JavaFX Application Thread] DEBUG Input                - Clearing active input actions
11:27:33.482 [FXGL Background Thread 4 ] DEBUG FXGLAssetLoaderServi - Loading from file system: jar:file:/C:/Users/roan2/.m2/repository/com/github/almasb/fxgl/11.14/fxgl-11.14.jar!/fxglassets/ui/fonts/Courier-Prime.ttf
11:27:33.485 [JavaFX Application Thread] DEBUG GameApplicationServi - Removing overlay from FXGLMainMenuDummyScene and adding to MyMenu
11:27:33.485 [JavaFX Application Thread] DEBUG PrimaryStageWindow   - FXGLMainMenuDummyScene -> MyMenu
11:27:33.537 [JavaFX Application Thread] DEBUG FXGLApplication      - Registering font factories with UI factory
11:27:33.736 [FXGL Background Thread 2 ] INFO  UpdaterService       - Your current version:  11.14
11:27:33.736 [FXGL Background Thread 2 ] INFO  UpdaterService       - Latest stable version: 17.1
11:27:36.383 [FXGL Background Thread 3 ] DEBUG Engine               - Logging environment variables
11:27:36.384 [FXGL Background Thread 3 ] DEBUG Engine               - achievements: []
11:27:36.385 [FXGL Background Thread 3 ] DEBUG Engine               - actualHeight: 823.0
11:27:36.385 [FXGL Background Thread 3 ] DEBUG Engine               - actualHeightProperty: ReadOnlyDoubleProperty [value: 823.0]
11:27:36.386 [FXGL Background Thread 3 ] DEBUG Engine               - actualWidth: 925.0
11:27:36.386 [FXGL Background Thread 3 ] DEBUG Engine               - actualWidthProperty: ReadOnlyDoubleProperty [value: 925.0]
11:27:36.387 [FXGL Background Thread 3 ] DEBUG Engine               - appIcon: fxgl_icon.png
11:27:36.387 [FXGL Background Thread 3 ] DEBUG Engine               - applicationMode: DEVELOPER
11:27:36.388 [FXGL Background Thread 3 ] DEBUG Engine               - cSSList: [fxgl_dark.css]
11:27:36.388 [FXGL Background Thread 3 ] DEBUG Engine               - collisionDetectionStrategy: BRUTE_FORCE
11:27:36.389 [FXGL Background Thread 3 ] DEBUG Engine               - configClass: Optional.empty
11:27:36.389 [FXGL Background Thread 3 ] DEBUG Engine               - credits: []
11:27:36.390 [FXGL Background Thread 3 ] DEBUG Engine               - devBBoxColorProperty: ObjectProperty [value: 0xff0000ff]
11:27:36.391 [FXGL Background Thread 3 ] DEBUG Engine               - devEnableDebugCameraProperty: BooleanProperty [value: false]
11:27:36.391 [FXGL Background Thread 3 ] DEBUG Engine               - devSensorColorProperty: ObjectProperty [value: 0xffff00ff]
11:27:36.392 [FXGL Background Thread 3 ] DEBUG Engine               - devShowBBoxProperty: BooleanProperty [value: false]
11:27:36.393 [FXGL Background Thread 3 ] DEBUG Engine               - devShowPositionProperty: BooleanProperty [value: false]
11:27:36.393 [FXGL Background Thread 3 ] DEBUG Engine               - enabledMenuItems: []
11:27:36.394 [FXGL Background Thread 3 ] DEBUG Engine               - engineServices: [class com.almasb.fxgl.app.services.FXGLAssetLoaderService, class com.almasb.fxgl.app.FXGLApplication$GameApplicationService, class com.almasb.fxgl.app.services.FXGLDialogService, class com.almasb.fxgl.app.services.IOTaskExecutorService, class com.almasb.fxgl.event.EventBusService, class com.almasb.fxgl.io.FileSystemService, class com.almasb.fxgl.localization.LocalizationService, class com.almasb.fxgl.app.services.SystemBundleService, class com.almasb.fxgl.profile.SaveLoadService, class com.almasb.fxgl.ui.FXGLUIFactoryServiceProvider, class com.almasb.fxgl.ui.FXGLDialogFactoryServiceProvider, class com.almasb.fxgl.audio.AudioPlayer, class com.almasb.fxgl.notification.impl.NotificationServiceProvider, class com.almasb.fxgl.achievement.AchievementService, class com.almasb.fxgl.cutscene.CutsceneService, class com.almasb.fxgl.minigames.MiniGameService, class com.almasb.fxgl.net.NetService, class com.almasb.fxgl.app.services.UpdaterService, class com.almasb.fxgl.dev.DevService]
11:27:36.394 [FXGL Background Thread 3 ] DEBUG Engine               - fontGame: Abel-Regular.ttf
11:27:36.394 [FXGL Background Thread 3 ] DEBUG Engine               - fontMono: lucida_console.ttf
11:27:36.395 [FXGL Background Thread 3 ] DEBUG Engine               - fontText: Courier-Prime.ttf
11:27:36.395 [FXGL Background Thread 3 ] DEBUG Engine               - fontUI: VarelaRound-Regular.ttf
11:27:36.396 [FXGL Background Thread 3 ] DEBUG Engine               - fullScreen: BooleanProperty [value: false]
11:27:36.396 [FXGL Background Thread 3 ] DEBUG Engine               - gameDifficulty: MEDIUM
11:27:36.396 [FXGL Background Thread 3 ] DEBUG Engine               - gameDifficultyProperty: ObjectProperty [value: MEDIUM]
11:27:36.397 [FXGL Background Thread 3 ] DEBUG Engine               - globalMusicVolume: 0.5
11:27:36.397 [FXGL Background Thread 3 ] DEBUG Engine               - globalMusicVolumeProperty: DoubleProperty [value: 0.5]
11:27:36.398 [FXGL Background Thread 3 ] DEBUG Engine               - globalSoundVolume: 0.5
11:27:36.398 [FXGL Background Thread 3 ] DEBUG Engine               - globalSoundVolumeProperty: DoubleProperty [value: 0.5]
11:27:36.399 [FXGL Background Thread 3 ] DEBUG Engine               - height: 832
11:27:36.400 [FXGL Background Thread 3 ] DEBUG Engine               - isAndroid: false
11:27:36.400 [FXGL Background Thread 3 ] DEBUG Engine               - isBrowser: false
11:27:36.400 [FXGL Background Thread 3 ] DEBUG Engine               - isClickFeedbackEnabled: false
11:27:36.401 [FXGL Background Thread 3 ] DEBUG Engine               - isCloseConfirmation: false
11:27:36.401 [FXGL Background Thread 3 ] DEBUG Engine               - isDesktop: true
11:27:36.402 [FXGL Background Thread 3 ] DEBUG Engine               - isDeveloperMenuEnabled: false
11:27:36.402 [FXGL Background Thread 3 ] DEBUG Engine               - isEntityPreloadEnabled: true
11:27:36.402 [FXGL Background Thread 3 ] DEBUG Engine               - isExperimental3D: false
11:27:36.403 [FXGL Background Thread 3 ] DEBUG Engine               - isExperimentalNative: false
11:27:36.403 [FXGL Background Thread 3 ] DEBUG Engine               - isExperimentalTiledLargeMap: false
11:27:36.403 [FXGL Background Thread 3 ] DEBUG Engine               - isFileSystemWriteAllowed: true
11:27:36.404 [FXGL Background Thread 3 ] DEBUG Engine               - isFullScreenAllowed: false
11:27:36.404 [FXGL Background Thread 3 ] DEBUG Engine               - isFullScreenFromStart: false
11:27:36.404 [FXGL Background Thread 3 ] DEBUG Engine               - isGameMenuEnabled: true
11:27:36.405 [FXGL Background Thread 3 ] DEBUG Engine               - isIOS: false
11:27:36.405 [FXGL Background Thread 3 ] DEBUG Engine               - isIntroEnabled: false
11:27:36.406 [FXGL Background Thread 3 ] DEBUG Engine               - isLinux: false
11:27:36.406 [FXGL Background Thread 3 ] DEBUG Engine               - isMac: false
11:27:36.406 [FXGL Background Thread 3 ] DEBUG Engine               - isMainMenuEnabled: true
11:27:36.407 [FXGL Background Thread 3 ] DEBUG Engine               - isManualResizeEnabled: false
11:27:36.407 [FXGL Background Thread 3 ] DEBUG Engine               - isMobile: false
11:27:36.407 [FXGL Background Thread 3 ] DEBUG Engine               - isPreserveResizeRatio: false
11:27:36.408 [FXGL Background Thread 3 ] DEBUG Engine               - isProfilingEnabled: false
11:27:36.408 [FXGL Background Thread 3 ] DEBUG Engine               - isScaleAffectedOnResize: true
11:27:36.408 [FXGL Background Thread 3 ] DEBUG Engine               - isSingleStep: false
11:27:36.409 [FXGL Background Thread 3 ] DEBUG Engine               - isUserProfileEnabled: false
11:27:36.409 [FXGL Background Thread 3 ] DEBUG Engine               - isWindows: true
11:27:36.410 [FXGL Background Thread 3 ] DEBUG Engine               - language: ObjectProperty [value: ENGLISH]
11:27:36.410 [FXGL Background Thread 3 ] DEBUG Engine               - menuKey: ESCAPE
11:27:36.410 [FXGL Background Thread 3 ] DEBUG Engine               - notificationViewClass: class com.almasb.fxgl.notification.view.XboxNotificationView
11:27:36.411 [FXGL Background Thread 3 ] DEBUG Engine               - pixelsPerMeter: 50.0
11:27:36.411 [FXGL Background Thread 3 ] DEBUG Engine               - platform: WINDOWS
11:27:36.412 [FXGL Background Thread 3 ] DEBUG Engine               - prefHeightProperty: ReadOnlyDoubleProperty [value: 832.0]
11:27:36.412 [FXGL Background Thread 3 ] DEBUG Engine               - prefWidthProperty: ReadOnlyDoubleProperty [value: 960.0]
11:27:36.412 [FXGL Background Thread 3 ] DEBUG Engine               - profileDir: profiles/
11:27:36.413 [FXGL Background Thread 3 ] DEBUG Engine               - profileName: StringProperty [value: DEFAULT]
11:27:36.413 [FXGL Background Thread 3 ] DEBUG Engine               - randomSeed: -1
11:27:36.413 [FXGL Background Thread 3 ] DEBUG Engine               - runtimeInfo: RuntimeInfo(platform=WINDOWS, version=11.14, build=01.03.2021 16.59)
11:27:36.413 [FXGL Background Thread 3 ] DEBUG Engine               - saveFileExt: sav
11:27:36.414 [FXGL Background Thread 3 ] DEBUG Engine               - scaledHeightProp$fxgl: DoubleProperty [bound, value: 823.0]
11:27:36.414 [FXGL Background Thread 3 ] DEBUG Engine               - scaledWidthProp$fxgl: DoubleProperty [bound, value: 925.0]
11:27:36.415 [FXGL Background Thread 3 ] DEBUG Engine               - sceneFactory: UI.MySceneFactory@2ea027af
11:27:36.415 [FXGL Background Thread 3 ] DEBUG Engine               - secondsIn24h: 60
11:27:36.415 [FXGL Background Thread 3 ] DEBUG Engine               - soundMenuBack: menu/back.wav
11:27:36.415 [FXGL Background Thread 3 ] DEBUG Engine               - soundMenuPress: menu/press.wav
11:27:36.416 [FXGL Background Thread 3 ] DEBUG Engine               - soundMenuSelect: menu/select.wav
11:27:36.416 [FXGL Background Thread 3 ] DEBUG Engine               - soundNotification: core/notification.wav
11:27:36.417 [FXGL Background Thread 3 ] DEBUG Engine               - stageStyle: DECORATED
11:27:36.417 [FXGL Background Thread 3 ] DEBUG Engine               - supportedLanguages: [ENGLISH, FRENCH, GERMAN, HUNGARIAN, RUSSIAN]
11:27:36.417 [FXGL Background Thread 3 ] DEBUG Engine               - ticksPerSecond: -1
11:27:36.418 [FXGL Background Thread 3 ] DEBUG Engine               - title: Bomberman SE
11:27:36.418 [FXGL Background Thread 3 ] DEBUG Engine               - urlGithub: https://github.com/AlmasB/FXGL
11:27:36.418 [FXGL Background Thread 3 ] DEBUG Engine               - urlLeaderboard: http://fxgl-top.herokuapp.com/
11:27:36.418 [FXGL Background Thread 3 ] DEBUG Engine               - urlPOM: https://raw.githubusercontent.com/AlmasB/FXGL/release/README.md
11:27:36.419 [FXGL Background Thread 3 ] DEBUG Engine               - userAppClass: class Game
11:27:36.419 [FXGL Background Thread 3 ] DEBUG Engine               - version: 1.0
11:27:36.419 [FXGL Background Thread 3 ] DEBUG Engine               - versionCheckDays: 7
11:27:36.419 [FXGL Background Thread 3 ] DEBUG Engine               - width: 960
11:27:36.420 [FXGL Background Thread 3 ] DEBUG Engine               - Logging services
11:27:36.420 [FXGL Background Thread 3 ] DEBUG Engine               - class com.almasb.fxgl.app.services.FXGLAssetLoaderService
11:27:36.420 [FXGL Background Thread 3 ] DEBUG Engine               - class com.almasb.fxgl.app.FXGLApplication$GameApplicationService
11:27:36.421 [FXGL Background Thread 3 ] DEBUG Engine               - class com.almasb.fxgl.app.services.FXGLDialogService
11:27:36.421 [FXGL Background Thread 3 ] DEBUG Engine               - class com.almasb.fxgl.app.services.IOTaskExecutorService
11:27:36.422 [FXGL Background Thread 3 ] DEBUG Engine               - class com.almasb.fxgl.event.EventBusService
11:27:36.422 [FXGL Background Thread 3 ] DEBUG Engine               - class com.almasb.fxgl.io.FileSystemService
11:27:36.422 [FXGL Background Thread 3 ] DEBUG Engine               - class com.almasb.fxgl.localization.LocalizationService
11:27:36.422 [FXGL Background Thread 3 ] DEBUG Engine               - class com.almasb.fxgl.app.services.SystemBundleService
11:27:36.423 [FXGL Background Thread 3 ] DEBUG Engine               - class com.almasb.fxgl.profile.SaveLoadService
11:27:36.423 [FXGL Background Thread 3 ] DEBUG Engine               - class com.almasb.fxgl.ui.FXGLUIFactoryServiceProvider
11:27:36.423 [FXGL Background Thread 3 ] DEBUG Engine               - class com.almasb.fxgl.ui.FXGLDialogFactoryServiceProvider
11:27:36.424 [FXGL Background Thread 3 ] DEBUG Engine               - class com.almasb.fxgl.audio.AudioPlayer
11:27:36.424 [FXGL Background Thread 3 ] DEBUG Engine               - class com.almasb.fxgl.notification.impl.NotificationServiceProvider
11:27:36.424 [FXGL Background Thread 3 ] DEBUG Engine               - class com.almasb.fxgl.achievement.AchievementService
11:27:36.424 [FXGL Background Thread 3 ] DEBUG Engine               - class com.almasb.fxgl.cutscene.CutsceneService
11:27:36.425 [FXGL Background Thread 3 ] DEBUG Engine               - class com.almasb.fxgl.minigames.MiniGameService
11:27:36.425 [FXGL Background Thread 3 ] DEBUG Engine               - class com.almasb.fxgl.net.NetService
11:27:36.425 [FXGL Background Thread 3 ] DEBUG Engine               - class com.almasb.fxgl.app.services.UpdaterService
11:27:36.426 [FXGL Background Thread 3 ] DEBUG Engine               - class com.almasb.fxgl.dev.DevService
11:27:36.648 [JavaFX Application Thread] DEBUG Menu                 - fireNewGame()
11:27:36.648 [JavaFX Application Thread] DEBUG GameApplicationServi - Starting new game
11:27:36.648 [JavaFX Application Thread] DEBUG PrimaryStageWindow   - Pop state: MyMenu
11:27:36.648 [JavaFX Application Thread] DEBUG Input                - Clearing active input actions
11:27:36.649 [JavaFX Application Thread] DEBUG GameApplicationServi - Removing overlay from MyMenu and adding to FXGLMainMenuDummyScene
11:27:36.649 [JavaFX Application Thread] DEBUG PrimaryStageWindow   - FXGLMainMenuDummyScene <- MyMenu
11:27:36.649 [JavaFX Application Thread] DEBUG Input                - Clearing active input actions
11:27:36.657 [JavaFX Application Thread] DEBUG GameApplicationServi - Removing overlay from FXGLMainMenuDummyScene and adding to FXGLLoadingScene
11:27:36.658 [JavaFX Application Thread] DEBUG PrimaryStageWindow   - FXGLMainMenuDummyScene -> FXGLLoadingScene
11:27:36.658 [JavaFX Application Thread] DEBUG GameApplicationServi - Clearing previous game
11:27:36.658 [JavaFX Application Thread] DEBUG GameScene            - Clearing game scene
11:27:36.658 [JavaFX Application Thread] DEBUG GameWorld            - Clearing game world
11:27:36.660 [JavaFX Application Thread] DEBUG PhysicsWorld         - Clearing physics world
11:27:36.661 [FXGL Background Thread 2 ] DEBUG FXGLApplication      - Initializing game
11:27:36.664 [FXGL Background Thread 2 ] DEBUG FXGLAssetLoaderServi - Loading from file system: file:/C:/Users/roan2/Documents/SE-Challengeweek/target/classes/assets/textures/wall-1.png
11:27:36.670 [FXGL Background Thread 2 ] DEBUG FXGLAssetLoaderServi - Loading from file system: file:/C:/Users/roan2/Documents/SE-Challengeweek/target/classes/assets/textures/wall-2.png
11:27:36.673 [FXGL Background Thread 2 ] DEBUG FXGLAssetLoaderServi - Loading from file system: file:/C:/Users/roan2/Documents/SE-Challengeweek/target/classes/assets/textures/metal-1.png
11:27:36.691 [FXGL Background Thread 2 ] DEBUG FXGLAssetLoaderServi - Loading from file system: file:/C:/Users/roan2/Documents/SE-Challengeweek/target/classes/assets/textures/box-1.png
11:27:36.716 [FXGL Background Thread 2 ] DEBUG FXGLAssetLoaderServi - Loading from file system: file:/C:/Users/roan2/Documents/SE-Challengeweek/target/classes/assets/textures/box-2.png
11:27:36.734 [FXGL Background Thread 2 ] INFO  FXGLApplication      - Game initialization took: 0.073 sec
11:27:36.735 [JavaFX Application Thread] DEBUG Input                - Clearing active input actions
11:27:36.748 [JavaFX Application Thread] DEBUG GameApplicationServi - Removing overlay from FXGLLoadingScene and adding to GameScene
11:27:36.748 [JavaFX Application Thread] DEBUG PrimaryStageWindow   - FXGLLoadingScene -> GameScene
11:27:37.759 [JavaFX Application Thread] DEBUG FXGLApplication      - Exiting FXGL
11:27:37.759 [JavaFX Application Thread] DEBUG LoopRunner           - Stopping loop
11:27:37.760 [JavaFX Application Thread] DEBUG SystemBundleService  - Saving FXGL system data
11:27:37.761 [JavaFX Application Thread] DEBUG FileSystemAccess     - Writing to: C:\Users\roan2\Documents\SE-Challengeweek\system\fxgl.bundle
11:27:37.763 [JavaFX Application Thread] DEBUG Async                - Shutting down background threads
11:27:37.763 [JavaFX Application Thread] DEBUG PrimaryStageWindow   - Closing main window
11:27:37.807 [JavaFX Application Thread] DEBUG Logger               - Closing Logger
