11:53:01.815 [main                     ] DEBUG Logger               - Configured Logger
11:53:01.829 [main                     ] DEBUG GameApplication      - Logging settings
Title: Untitled
Version: 0.0
Width: 1050
Height: 700
Fullscreen: false
Intro: false
Profiling: false
Single step:false
App Mode: DEVELOPER
Menu Key: ESCAPE
Stage Style: DECORATED
Scene Factory: class com.almasb.fxgl.app.scene.SceneFactory

11:53:02.148 [JavaFX Application Thread] DEBUG FXGLApplication      - Initializing FXGL
11:53:02.149 [JavaFX Application Thread] INFO  Engine               - FXGL-11.14 (01.03.2021 16.59) on WINDOWS (J:15.0.2 FX:15)
11:53:02.150 [JavaFX Application Thread] DEBUG Engine               - JRE Vendor Name: Amazon.com Inc.
11:53:02.150 [JavaFX Application Thread] DEBUG Engine               - Running on OS: Windows 10 version 10.0
11:53:02.150 [JavaFX Application Thread] DEBUG Engine               - Architecture: amd64
11:53:02.150 [JavaFX Application Thread] INFO  Engine               - Source code and latest versions at: https://github.com/AlmasB/FXGL
11:53:02.150 [JavaFX Application Thread] INFO  Engine               -              Join the FXGL chat at: https://gitter.im/AlmasB/FXGL
11:53:02.242 [JavaFX Application Thread] DEBUG PrimaryStageWindow   - Creating a JavaFX scene
11:53:02.283 [JavaFX Application Thread] DEBUG PrimaryStageWindow   - Target settings size: 1050.0 x 700.0
11:53:02.283 [JavaFX Application Thread] DEBUG PrimaryStageWindow   - Scaled scene size:    1050.0 x 700.0
11:53:02.284 [JavaFX Application Thread] DEBUG PrimaryStageWindow   - Scaled ratio: (1.0, 1.0)
11:53:02.284 [JavaFX Application Thread] DEBUG PrimaryStageWindow   - Set initial scene to FXGLStartupScene
11:53:02.290 [JavaFX Application Thread] DEBUG PrimaryStageWindow   - Opening main window
11:53:02.361 [JavaFX Application Thread] DEBUG PrimaryStageWindow   - Window border size: (14.800048828125, 37.5999755859375)
11:53:02.362 [JavaFX Application Thread] DEBUG PrimaryStageWindow   - Scaled size: 1050.0 x 700.0
11:53:02.362 [JavaFX Application Thread] DEBUG PrimaryStageWindow   - Scaled ratio: (1.0, 1.0)
11:53:02.362 [JavaFX Application Thread] DEBUG PrimaryStageWindow   - Scene size: 1050.0 x 700.0
11:53:02.363 [JavaFX Application Thread] DEBUG PrimaryStageWindow   - Stage size: 1064.800048828125 x 737.5999755859375
11:53:02.370 [FXGL Background Thread 1 ] DEBUG Engine               - Initializing environment variables
11:53:02.401 [FXGL Background Thread 1 ] DEBUG FXGLAssetLoaderServi - User app class for loading assets: class Game
11:53:02.401 [FXGL Background Thread 1 ] DEBUG GameApplicationServi - Applying CSS: fxgl_dark.css
11:53:02.402 [FXGL Background Thread 1 ] DEBUG FXGLAssetLoaderServi - Loading from file system: jar:file:/C:/Users/stanm/.m2/repository/com/github/almasb/fxgl/11.14/fxgl-11.14.jar!/fxglassets/ui/css/fxgl_dark.css
11:53:02.455 [FXGL Background Thread 1 ] DEBUG GameApplicationServi - Initializing application scenes
11:53:02.486 [FXGL Background Thread 1 ] DEBUG GameWorld            - Game world initialized
11:53:02.532 [FXGL Background Thread 1 ] DEBUG PhysicsWorld         - Physics world initialized: appHeight=700, physics.ppm=50,0
11:53:02.532 [FXGL Background Thread 1 ] DEBUG PhysicsWorld         - Using strategy: BRUTE_FORCE
11:53:02.534 [FXGL Background Thread 1 ] DEBUG GameScene            - Game scene initialized: 1050x700
11:53:02.568 [FXGL Background Thread 1 ] DEBUG FXGLAssetLoaderServi - Loading from file system: jar:file:/C:/Users/stanm/.m2/repository/com/github/almasb/fxgl/11.14/fxgl-11.14.jar!/fxglassets/textures/particles/trace_horizontal.png
11:53:02.612 [FXGL Background Thread 1 ] DEBUG FXGL.DefaultMenu     - createMenuBodyGameMenu()
11:53:02.625 [FXGL Background Thread 1 ] DEBUG FXGL.DefaultMenu     - createOptionsMenu()
11:53:02.629 [FXGL Background Thread 1 ] DEBUG FXGLAssetLoaderServi - Loading from file system: jar:file:/C:/Users/stanm/.m2/repository/com/github/almasb/fxgl/11.14/fxgl-11.14.jar!/fxglassets/textures/particles/smoke.png
11:53:02.668 [FXGL Background Thread 1 ] DEBUG GameApplicationServi - Application scenes initialized
11:53:02.677 [FXGL Background Thread 1 ] DEBUG SystemBundleService  - Loading FXGL system data
11:53:02.682 [FXGL Background Thread 1 ] DEBUG FileSystemAccess     - Reading from: C:\Users\stanm\Documents\SE-Challengeweek\system\fxgl.bundle
11:53:02.687 [FXGL Background Thread 1 ] DEBUG SystemBundleService  - Bundle FXGL: {}
11:53:02.687 [FXGL Background Thread 1 ] DEBUG UpdaterService       - Checking for updates
11:53:02.711 [FXGL Background Thread 4 ] DEBUG FXGLApplication      - Loading fonts
11:53:02.711 [FXGL Background Thread 1 ] DEBUG FXGLApplication      - Loading default localization
11:53:02.712 [FXGL Background Thread 1 ] DEBUG FXGLAssetLoaderServi - Loading from file system: jar:file:/C:/Users/stanm/.m2/repository/com/github/almasb/fxgl/11.14/fxgl-11.14.jar!/fxglassets/languages/english.lang
11:53:02.712 [FXGL Background Thread 4 ] DEBUG FXGLAssetLoaderServi - Loading from file system: jar:file:/C:/Users/stanm/.m2/repository/com/github/almasb/fxgl/11.14/fxgl-11.14.jar!/fxglassets/ui/fonts/VarelaRound-Regular.ttf
11:53:02.722 [FXGL Background Thread 1 ] INFO  FXGLApplication      - FXGL initialization took: 0,351 sec
11:53:02.731 [JavaFX Application Thread] DEBUG Input                - Registered new binding: Right - D
11:53:02.732 [JavaFX Application Thread] DEBUG Input                - Registered new binding: Left - A
11:53:02.732 [JavaFX Application Thread] DEBUG Input                - Registered new binding: Up - W
11:53:02.732 [JavaFX Application Thread] DEBUG Input                - Registered new binding: Down - S
11:53:02.733 [JavaFX Application Thread] DEBUG FXGLAssetLoaderServi - Loading from file system: jar:file:/C:/Users/stanm/.m2/repository/com/github/almasb/fxgl/11.14/fxgl-11.14.jar!/fxglassets/textures/fxgl_icon.png
11:53:02.750 [JavaFX Application Thread] DEBUG FXGLAssetLoaderServi - Loading from file system: jar:file:/C:/Users/stanm/.m2/repository/com/github/almasb/fxgl/11.14/fxgl-11.14.jar!/fxglassets/ui/cursors/fxgl_default.png
11:53:02.753 [JavaFX Application Thread] DEBUG Input                - Registered new binding: Screenshot - P
11:53:02.753 [JavaFX Application Thread] DEBUG Input                - Registered new binding: Dev Options - 1
11:53:02.754 [JavaFX Application Thread] DEBUG Input                - Registered new binding: Dev Console - 2
11:53:02.755 [JavaFX Application Thread] DEBUG Input                - Registered new binding: System info dump - CTRL+9
11:53:02.755 [JavaFX Application Thread] DEBUG Input                - Registered new binding: Restart - CTRL+R
11:53:02.756 [JavaFX Application Thread] DEBUG Input                - Registered new binding: Toggle Debug Camera - CTRL+C
11:53:02.759 [JavaFX Application Thread] DEBUG LoopRunner           - Starting loop
11:53:02.770 [FXGL Background Thread 4 ] DEBUG FXGLAssetLoaderServi - Loading from file system: jar:file:/C:/Users/stanm/.m2/repository/com/github/almasb/fxgl/11.14/fxgl-11.14.jar!/fxglassets/ui/fonts/Abel-Regular.ttf
11:53:02.774 [JavaFX Application Thread] DEBUG LoopRunner           - Initializing JavaFX AnimationTimerLoop
11:53:02.775 [JavaFX Application Thread] DEBUG GameApplicationServi - Starting new game
11:53:02.776 [JavaFX Application Thread] DEBUG Input                - Clearing active input actions
11:53:02.782 [FXGL Background Thread 4 ] DEBUG FXGLAssetLoaderServi - Loading from file system: jar:file:/C:/Users/stanm/.m2/repository/com/github/almasb/fxgl/11.14/fxgl-11.14.jar!/fxglassets/ui/fonts/lucida_console.ttf
11:53:02.789 [JavaFX Application Thread] DEBUG GameApplicationServi - Removing overlay from FXGLStartupScene and adding to FXGLLoadingScene
11:53:02.792 [FXGL Background Thread 4 ] DEBUG FXGLAssetLoaderServi - Loading from file system: jar:file:/C:/Users/stanm/.m2/repository/com/github/almasb/fxgl/11.14/fxgl-11.14.jar!/fxglassets/ui/fonts/Courier-Prime.ttf
11:53:02.793 [JavaFX Application Thread] DEBUG PrimaryStageWindow   - FXGLStartupScene -> FXGLLoadingScene
11:53:02.793 [JavaFX Application Thread] DEBUG GameApplicationServi - Clearing previous game
11:53:02.793 [JavaFX Application Thread] DEBUG GameScene            - Clearing game scene
11:53:02.794 [JavaFX Application Thread] DEBUG GameWorld            - Clearing game world
11:53:02.794 [JavaFX Application Thread] DEBUG PhysicsWorld         - Clearing physics world
11:53:02.795 [FXGL Background Thread 1 ] DEBUG FXGLApplication      - Initializing game
11:53:02.826 [FXGL Background Thread 1 ] WARN  TMXLevelLoader       - TiledMap generated from 1.8.4. Supported version: 1.2.3. Some features may not be parsed fully.
11:53:02.839 [FXGL Background Thread 1 ] DEBUG TMXLevelLoader       - Parsed raw map: TiledMap(width=15, height=13, tilewidth=64, tileheight=64, orientation=orthogonal, layers=[Layer(width=0, height=0, name=, type=objectgroup, visible=false, x=0, y=0, data=[], objects=[com.almasb.fxgl.entity.level.tiled.TiledObject@1287ef8a], opacity=0.0, draworder=), Layer(width=0, height=0, name=, type=objectgroup, visible=false, x=0, y=0, data=[], objects=[com.almasb.fxgl.entity.level.tiled.TiledObject@459e9941], opacity=0.0, draworder=), Layer(width=0, height=0, name=, type=objectgroup, visible=false, x=0, y=0, data=[], objects=[com.almasb.fxgl.entity.level.tiled.TiledObject@74772134, com.almasb.fxgl.entity.level.tiled.TiledObject@4b3b47f3, com.almasb.fxgl.entity.level.tiled.TiledObject@666d1aa1], opacity=0.0, draworder=), Layer(width=0, height=0, name=, type=objectgroup, visible=false, x=0, y=0, data=[], objects=[com.almasb.fxgl.entity.level.tiled.TiledObject@5708d3bc], opacity=0.0, draworder=), Layer(width=15, height=13, name=Tile Layer 1, type=tilelayer, visible=false, x=0, y=0, data=[1, 1, 1, 1, 1, 1, 1, 1, 1, 1, 1, 1, 1, 1, 1, 1, 5, 5, 5, 5, 5, 5, 5, 5, 5, 5, 5, 5, 5, 1, 1, 5, 4, 5, 4, 5, 4, 5, 4, 5, 4, 5, 4, 5, 1, 1, 5, 5, 5, 5, 5, 5, 5, 5, 5, 5, 5, 5, 5, 1, 1, 5, 4, 5, 4, 5, 4, 5, 4, 5, 4, 5, 4, 5, 1, 1, 5, 5, 5, 5, 5, 5, 5, 5, 5, 5, 5, 5, 5, 1, 1, 5, 4, 5, 4, 5, 4, 5, 4, 5, 4, 5, 4, 5, 1, 1, 5, 5, 5, 5, 5, 5, 5, 5, 5, 5, 5, 5, 5, 1, 1, 5, 4, 5, 4, 5, 4, 5, 4, 5, 4, 5, 4, 5, 1, 1, 5, 5, 5, 5, 5, 5, 5, 5, 5, 5, 5, 5, 5, 1, 1, 5, 4, 5, 4, 5, 4, 5, 4, 5, 4, 5, 4, 5, 1, 1, 5, 5, 5, 5, 5, 5, 5, 5, 5, 5, 5, 5, 5, 1, 1, 1, 1, 1, 1, 1, 1, 1, 1, 1, 1, 1, 1, 1, 1], objects=[], opacity=0.0, draworder=), Layer(width=0, height=0, name=walls, type=objectgroup, visible=false, x=0, y=0, data=[], objects=[com.almasb.fxgl.entity.level.tiled.TiledObject@1a3b26e8, com.almasb.fxgl.entity.level.tiled.TiledObject@b2efe83, com.almasb.fxgl.entity.level.tiled.TiledObject@5985555, com.almasb.fxgl.entity.level.tiled.TiledObject@141cf369, com.almasb.fxgl.entity.level.tiled.TiledObject@57d39b64, com.almasb.fxgl.entity.level.tiled.TiledObject@2b75bdfb, com.almasb.fxgl.entity.level.tiled.TiledObject@6c80673d, com.almasb.fxgl.entity.level.tiled.TiledObject@1ff4567f, com.almasb.fxgl.entity.level.tiled.TiledObject@54b7f65e, com.almasb.fxgl.entity.level.tiled.TiledObject@522b1356, com.almasb.fxgl.entity.level.tiled.TiledObject@3dfd3fa1, com.almasb.fxgl.entity.level.tiled.TiledObject@87c1cf, com.almasb.fxgl.entity.level.tiled.TiledObject@6be9d287, com.almasb.fxgl.entity.level.tiled.TiledObject@61d2dd0f, com.almasb.fxgl.entity.level.tiled.TiledObject@3586e6a3, com.almasb.fxgl.entity.level.tiled.TiledObject@bb1d065, com.almasb.fxgl.entity.level.tiled.TiledObject@2e69567e, com.almasb.fxgl.entity.level.tiled.TiledObject@59a4cc19, com.almasb.fxgl.entity.level.tiled.TiledObject@5b159a70, com.almasb.fxgl.entity.level.tiled.TiledObject@5e224b8f, com.almasb.fxgl.entity.level.tiled.TiledObject@3a9c2c93, com.almasb.fxgl.entity.level.tiled.TiledObject@45a7fbdd, com.almasb.fxgl.entity.level.tiled.TiledObject@32162f03, com.almasb.fxgl.entity.level.tiled.TiledObject@7ea464fd, com.almasb.fxgl.entity.level.tiled.TiledObject@2507370e, com.almasb.fxgl.entity.level.tiled.TiledObject@5f044960, com.almasb.fxgl.entity.level.tiled.TiledObject@5ce90bb4, com.almasb.fxgl.entity.level.tiled.TiledObject@1b70f58, com.almasb.fxgl.entity.level.tiled.TiledObject@1d94e727, com.almasb.fxgl.entity.level.tiled.TiledObject@6026e2bc, com.almasb.fxgl.entity.level.tiled.TiledObject@7486e1a7, com.almasb.fxgl.entity.level.tiled.TiledObject@4d72fda0, com.almasb.fxgl.entity.level.tiled.TiledObject@776596f6, com.almasb.fxgl.entity.level.tiled.TiledObject@2081a9a4], opacity=0.0, draworder=), Layer(width=0, height=0, name=boxes, type=objectgroup, visible=false, x=0, y=0, data=[], objects=[], opacity=0.0, draworder=)], tilesets=[Tileset(firstgid=1, image=../../../Downloads/Tileset Level 1.png, name=tileset level 1, tilewidth=64, tileheight=64, imagewidth=320, imageheight=64, margin=0, spacing=0, columns=5, tilecount=5, transparentcolor=, tiles=[Tile(id=0, image=, imagewidth=0, imageheight=0, transparentcolor=), Tile(id=1, image=, imagewidth=0, imageheight=0, transparentcolor=), Tile(id=2, image=, imagewidth=0, imageheight=0, transparentcolor=), Tile(id=3, image=, imagewidth=0, imageheight=0, transparentcolor=)])], backgroundcolor=, renderorder=right-down, nextobjectid=274, version=1, tiledversion=1.8.4, type=map, infinite=false, hexsidelength=0, staggeraxis=, staggerindex=, properties={}, propertytypes={})
11:53:02.840 [FXGL Background Thread 1 ] DEBUG TMXLevelLoader       - Creating tile layer entities
11:53:02.841 [FXGL Background Thread 1 ] DEBUG TilesetLoader        - Loading view for layer Tile Layer 1
11:53:02.842 [FXGL Background Thread 1 ] DEBUG TilesetLoader        - Created buffer with size 960.0x832.0
11:53:02.866 [FXGL Background Thread 1 ] WARN  TilesetLoader        - file:/C:/Users/stanm/Documents/SE-Challengeweek/target/classes/assets/levels/ cannot be loaded
11:53:02.961 [JavaFX Application Thread] DEBUG FXGLApplication      - Registering font factories with UI factory
11:53:03.017 [FXGL Background Thread 2 ] INFO  UpdaterService       - Your current version:  11.14
11:53:03.018 [FXGL Background Thread 2 ] INFO  UpdaterService       - Latest stable version: 17.1
11:53:03.036 [FXGL Background Thread 1 ] WARN  TilesetLoader        -  cannot be loaded using mapURL=file:/C:/Users/stanm/Documents/SE-Challengeweek/target/classes/assets/levels/level1.tmx Error: java.lang.IllegalArgumentException: Image dimensions must be positive (w,h > 0)
11:53:03.036 [FXGL Background Thread 1 ] WARN  TMXLevelLoader       - Parse error Error: java.lang.IllegalArgumentException: Image dimensions must be positive (w,h > 0)
11:53:03.046 [JavaFX Application Thread] DEBUG LoopRunner           - Stopping loop
11:53:03.047 [JavaFX Application Thread] FATAL FXGLApplication      - Uncaught Exception:
java.lang.RuntimeException: Initialization failed
	at com.almasb.fxgl.app.FXGLApplication$InitAppTask.failed(FXGLApplication.kt:376)
	at javafx.concurrent.Task.setState(Task.java:710)
	at javafx.concurrent.Task$TaskCallable.lambda$call$2(Task.java:1455)
	at com.sun.javafx.application.PlatformImpl.lambda$runLater$10(PlatformImpl.java:428)
	at java.base/java.security.AccessController.doPrivileged(AccessController.java:391)
	at com.sun.javafx.application.PlatformImpl.lambda$runLater$11(PlatformImpl.java:427)
	at com.sun.glass.ui.InvokeLaterDispatcher$Future.run(InvokeLaterDispatcher.java:96)
	at com.sun.glass.ui.win.WinApplication._runLoop(Native Method)
	at com.sun.glass.ui.win.WinApplication.lambda$runLoop$3(WinApplication.java:174)
	at java.base/java.lang.Thread.run(Thread.java:832)
Caused by: com.almasb.fxgl.entity.level.LevelLoadingException: Image dimensions must be positive (w,h > 0)
	at com.almasb.fxgl.entity.level.tiled.TMXLevelLoader.load(TMXLevelLoader.kt:71)
	at com.almasb.fxgl.app.services.FXGLAssetLoaderService.loadLevel(FXGLAssetLoaderService.kt:442)
	at com.almasb.fxgl.dsl.FXGL$Companion.setLevelFromMap(FXGL.kt:532)
	at com.almasb.fxgl.dsl.FXGL.setLevelFromMap(FXGL.kt)
	at Game.initGame(Game.java:30)
	at com.almasb.fxgl.app.FXGLApplication$InitAppTask.initGame(FXGLApplication.kt:372)
	at com.almasb.fxgl.app.FXGLApplication$InitAppTask.call(FXGLApplication.kt:352)
	at com.almasb.fxgl.app.FXGLApplication$InitAppTask.call(FXGLApplication.kt:344)
	at javafx.concurrent.Task$TaskCallable.call(Task.java:1425)
	at java.base/java.util.concurrent.FutureTask.run(FutureTask.java:264)
	at java.base/java.util.concurrent.Executors$RunnableAdapter.call(Executors.java:515)
	at java.base/java.util.concurrent.FutureTask.run(FutureTask.java:264)
	at java.base/java.util.concurrent.ThreadPoolExecutor.runWorker(ThreadPoolExecutor.java:1130)
	at java.base/java.util.concurrent.ThreadPoolExecutor$Worker.run(ThreadPoolExecutor.java:630)
	... 1 more
Caused by: java.lang.IllegalArgumentException: Image dimensions must be positive (w,h > 0)
	at javafx.scene.image.Image.<init>(Image.java:738)
	at javafx.scene.image.WritableImage.<init>(WritableImage.java:77)
	at com.almasb.fxgl.texture.ImagesKt.resize(Images.kt:138)
	at com.almasb.fxgl.texture.ImagesKt.resize(Images.kt:122)
	at com.almasb.fxgl.entity.level.tiled.TilesetLoader.loadImage(TilesetLoader.kt:318)
	at com.almasb.fxgl.entity.level.tiled.TilesetLoader.loadView(TilesetLoader.kt:129)
	at com.almasb.fxgl.entity.level.tiled.TMXLevelLoader.createTileLayerEntities(TMXLevelLoader.kt:86)
	at com.almasb.fxgl.entity.level.tiled.TMXLevelLoader.load(TMXLevelLoader.kt:51)
	... 14 more

11:53:03.047 [JavaFX Application Thread] FATAL FXGLApplication      - Application will now exit
11:53:03.051 [JavaFX Application Thread] DEBUG PrimaryStageWindow   - Push state: ErrorSubScene
11:53:03.052 [JavaFX Application Thread] DEBUG Input                - Clearing active input actions
11:53:03.053 [JavaFX Application Thread] DEBUG GameApplicationServi - Removing overlay from FXGLLoadingScene and adding to ErrorSubScene
11:53:03.055 [JavaFX Application Thread] DEBUG PrimaryStageWindow   - FXGLLoadingScene -> ErrorSubScene
11:53:05.711 [FXGL Background Thread 3 ] DEBUG Engine               - Logging environment variables
11:53:05.713 [FXGL Background Thread 3 ] DEBUG Engine               - achievements: []
11:53:05.713 [FXGL Background Thread 3 ] DEBUG Engine               - actualHeight: 700.0
11:53:05.714 [FXGL Background Thread 3 ] DEBUG Engine               - actualHeightProperty: ReadOnlyDoubleProperty [value: 700.0]
11:53:05.714 [FXGL Background Thread 3 ] DEBUG Engine               - actualWidth: 1050.0
11:53:05.714 [FXGL Background Thread 3 ] DEBUG Engine               - actualWidthProperty: ReadOnlyDoubleProperty [value: 1050.0]
11:53:05.715 [FXGL Background Thread 3 ] DEBUG Engine               - appIcon: fxgl_icon.png
11:53:05.715 [FXGL Background Thread 3 ] DEBUG Engine               - applicationMode: DEVELOPER
11:53:05.716 [FXGL Background Thread 3 ] DEBUG Engine               - cSSList: [fxgl_dark.css]
11:53:05.718 [FXGL Background Thread 3 ] DEBUG Engine               - collisionDetectionStrategy: BRUTE_FORCE
11:53:05.718 [FXGL Background Thread 3 ] DEBUG Engine               - configClass: Optional.empty
11:53:05.719 [FXGL Background Thread 3 ] DEBUG Engine               - credits: []
11:53:05.720 [FXGL Background Thread 3 ] DEBUG Engine               - devBBoxColorProperty: ObjectProperty [value: 0xff0000ff]
11:53:05.721 [FXGL Background Thread 3 ] DEBUG Engine               - devEnableDebugCameraProperty: BooleanProperty [value: false]
11:53:05.722 [FXGL Background Thread 3 ] DEBUG Engine               - devSensorColorProperty: ObjectProperty [value: 0xffff00ff]
11:53:05.723 [FXGL Background Thread 3 ] DEBUG Engine               - devShowBBoxProperty: BooleanProperty [value: false]
11:53:05.724 [FXGL Background Thread 3 ] DEBUG Engine               - devShowPositionProperty: BooleanProperty [value: false]
11:53:05.725 [FXGL Background Thread 3 ] DEBUG Engine               - enabledMenuItems: []
11:53:05.725 [FXGL Background Thread 3 ] DEBUG Engine               - engineServices: [class com.almasb.fxgl.app.services.FXGLAssetLoaderService, class com.almasb.fxgl.app.FXGLApplication$GameApplicationService, class com.almasb.fxgl.app.services.FXGLDialogService, class com.almasb.fxgl.app.services.IOTaskExecutorService, class com.almasb.fxgl.event.EventBusService, class com.almasb.fxgl.io.FileSystemService, class com.almasb.fxgl.localization.LocalizationService, class com.almasb.fxgl.app.services.SystemBundleService, class com.almasb.fxgl.profile.SaveLoadService, class com.almasb.fxgl.ui.FXGLUIFactoryServiceProvider, class com.almasb.fxgl.ui.FXGLDialogFactoryServiceProvider, class com.almasb.fxgl.audio.AudioPlayer, class com.almasb.fxgl.notification.impl.NotificationServiceProvider, class com.almasb.fxgl.achievement.AchievementService, class com.almasb.fxgl.cutscene.CutsceneService, class com.almasb.fxgl.minigames.MiniGameService, class com.almasb.fxgl.net.NetService, class com.almasb.fxgl.app.services.UpdaterService, class com.almasb.fxgl.dev.DevService]
11:53:05.726 [FXGL Background Thread 3 ] DEBUG Engine               - fontGame: Abel-Regular.ttf
11:53:05.726 [FXGL Background Thread 3 ] DEBUG Engine               - fontMono: lucida_console.ttf
11:53:05.727 [FXGL Background Thread 3 ] DEBUG Engine               - fontText: Courier-Prime.ttf
11:53:05.727 [FXGL Background Thread 3 ] DEBUG Engine               - fontUI: VarelaRound-Regular.ttf
11:53:05.729 [FXGL Background Thread 3 ] DEBUG Engine               - fullScreen: BooleanProperty [value: false]
11:53:05.729 [FXGL Background Thread 3 ] DEBUG Engine               - gameDifficulty: MEDIUM
11:53:05.730 [FXGL Background Thread 3 ] DEBUG Engine               - gameDifficultyProperty: ObjectProperty [value: MEDIUM]
11:53:05.730 [FXGL Background Thread 3 ] DEBUG Engine               - globalMusicVolume: 0.5
11:53:05.731 [FXGL Background Thread 3 ] DEBUG Engine               - globalMusicVolumeProperty: DoubleProperty [value: 0.5]
11:53:05.732 [FXGL Background Thread 3 ] DEBUG Engine               - globalSoundVolume: 0.5
11:53:05.732 [FXGL Background Thread 3 ] DEBUG Engine               - globalSoundVolumeProperty: DoubleProperty [value: 0.5]
11:53:05.733 [FXGL Background Thread 3 ] DEBUG Engine               - height: 700
11:53:05.733 [FXGL Background Thread 3 ] DEBUG Engine               - isAndroid: false
11:53:05.734 [FXGL Background Thread 3 ] DEBUG Engine               - isBrowser: false
11:53:05.734 [FXGL Background Thread 3 ] DEBUG Engine               - isClickFeedbackEnabled: false
11:53:05.735 [FXGL Background Thread 3 ] DEBUG Engine               - isCloseConfirmation: false
11:53:05.736 [FXGL Background Thread 3 ] DEBUG Engine               - isDesktop: true
11:53:05.736 [FXGL Background Thread 3 ] DEBUG Engine               - isDeveloperMenuEnabled: true
11:53:05.737 [FXGL Background Thread 3 ] DEBUG Engine               - isEntityPreloadEnabled: true
11:53:05.737 [FXGL Background Thread 3 ] DEBUG Engine               - isExperimental3D: false
11:53:05.738 [FXGL Background Thread 3 ] DEBUG Engine               - isExperimentalNative: false
11:53:05.739 [FXGL Background Thread 3 ] DEBUG Engine               - isExperimentalTiledLargeMap: false
11:53:05.740 [FXGL Background Thread 3 ] DEBUG Engine               - isFileSystemWriteAllowed: true
11:53:05.740 [FXGL Background Thread 3 ] DEBUG Engine               - isFullScreenAllowed: false
11:53:05.741 [FXGL Background Thread 3 ] DEBUG Engine               - isFullScreenFromStart: false
11:53:05.741 [FXGL Background Thread 3 ] DEBUG Engine               - isGameMenuEnabled: true
11:53:05.742 [FXGL Background Thread 3 ] DEBUG Engine               - isIOS: false
11:53:05.742 [FXGL Background Thread 3 ] DEBUG Engine               - isIntroEnabled: false
11:53:05.743 [FXGL Background Thread 3 ] DEBUG Engine               - isLinux: false
11:53:05.743 [FXGL Background Thread 3 ] DEBUG Engine               - isMac: false
11:53:05.744 [FXGL Background Thread 3 ] DEBUG Engine               - isMainMenuEnabled: false
11:53:05.744 [FXGL Background Thread 3 ] DEBUG Engine               - isManualResizeEnabled: false
11:53:05.745 [FXGL Background Thread 3 ] DEBUG Engine               - isMobile: false
11:53:05.745 [FXGL Background Thread 3 ] DEBUG Engine               - isPreserveResizeRatio: false
11:53:05.746 [FXGL Background Thread 3 ] DEBUG Engine               - isProfilingEnabled: false
11:53:05.747 [FXGL Background Thread 3 ] DEBUG Engine               - isScaleAffectedOnResize: true
11:53:05.747 [FXGL Background Thread 3 ] DEBUG Engine               - isSingleStep: false
11:53:05.748 [FXGL Background Thread 3 ] DEBUG Engine               - isUserProfileEnabled: false
11:53:05.748 [FXGL Background Thread 3 ] DEBUG Engine               - isWindows: true
11:53:05.749 [FXGL Background Thread 3 ] DEBUG Engine               - language: ObjectProperty [value: ENGLISH]
11:53:05.749 [FXGL Background Thread 3 ] DEBUG Engine               - menuKey: ESCAPE
11:53:05.750 [FXGL Background Thread 3 ] DEBUG Engine               - notificationViewClass: class com.almasb.fxgl.notification.view.XboxNotificationView
11:53:05.750 [FXGL Background Thread 3 ] DEBUG Engine               - pixelsPerMeter: 50.0
11:53:05.751 [FXGL Background Thread 3 ] DEBUG Engine               - platform: WINDOWS
11:53:05.751 [FXGL Background Thread 3 ] DEBUG Engine               - prefHeightProperty: ReadOnlyDoubleProperty [value: 700.0]
11:53:05.752 [FXGL Background Thread 3 ] DEBUG Engine               - prefWidthProperty: ReadOnlyDoubleProperty [value: 1050.0]
11:53:05.752 [FXGL Background Thread 3 ] DEBUG Engine               - profileDir: profiles/
11:53:05.753 [FXGL Background Thread 3 ] DEBUG Engine               - profileName: StringProperty [value: DEFAULT]
11:53:05.753 [FXGL Background Thread 3 ] DEBUG Engine               - randomSeed: -1
11:53:05.754 [FXGL Background Thread 3 ] DEBUG Engine               - runtimeInfo: RuntimeInfo(platform=WINDOWS, version=11.14, build=01.03.2021 16.59)
11:53:05.754 [FXGL Background Thread 3 ] DEBUG Engine               - saveFileExt: sav
11:53:05.755 [FXGL Background Thread 3 ] DEBUG Engine               - scaledHeightProp$fxgl: DoubleProperty [bound, value: 700.0]
11:53:05.756 [FXGL Background Thread 3 ] DEBUG Engine               - scaledWidthProp$fxgl: DoubleProperty [bound, value: 1050.0]
11:53:05.756 [FXGL Background Thread 3 ] DEBUG Engine               - sceneFactory: com.almasb.fxgl.app.scene.SceneFactory@6e789c03
11:53:05.757 [FXGL Background Thread 3 ] DEBUG Engine               - secondsIn24h: 60
11:53:05.757 [FXGL Background Thread 3 ] DEBUG Engine               - soundMenuBack: menu/back.wav
11:53:05.758 [FXGL Background Thread 3 ] DEBUG Engine               - soundMenuPress: menu/press.wav
11:53:05.758 [FXGL Background Thread 3 ] DEBUG Engine               - soundMenuSelect: menu/select.wav
11:53:05.759 [FXGL Background Thread 3 ] DEBUG Engine               - soundNotification: core/notification.wav
11:53:05.759 [FXGL Background Thread 3 ] DEBUG Engine               - stageStyle: DECORATED
11:53:05.760 [FXGL Background Thread 3 ] DEBUG Engine               - supportedLanguages: [ENGLISH, FRENCH, GERMAN, HUNGARIAN, RUSSIAN]
11:53:05.760 [FXGL Background Thread 3 ] DEBUG Engine               - ticksPerSecond: -1
11:53:05.761 [FXGL Background Thread 3 ] DEBUG Engine               - title: Untitled
11:53:05.761 [FXGL Background Thread 3 ] DEBUG Engine               - urlGithub: https://github.com/AlmasB/FXGL
11:53:05.762 [FXGL Background Thread 3 ] DEBUG Engine               - urlLeaderboard: http://fxgl-top.herokuapp.com/
11:53:05.762 [FXGL Background Thread 3 ] DEBUG Engine               - urlPOM: https://raw.githubusercontent.com/AlmasB/FXGL/release/README.md
11:53:05.763 [FXGL Background Thread 3 ] DEBUG Engine               - userAppClass: class Game
11:53:05.764 [FXGL Background Thread 3 ] DEBUG Engine               - version: 0.0
11:53:05.764 [FXGL Background Thread 3 ] DEBUG Engine               - versionCheckDays: 7
11:53:05.764 [FXGL Background Thread 3 ] DEBUG Engine               - width: 1050
11:53:05.765 [FXGL Background Thread 3 ] DEBUG Engine               - Logging services
11:53:05.765 [FXGL Background Thread 3 ] DEBUG Engine               - class com.almasb.fxgl.app.services.FXGLAssetLoaderService
11:53:05.766 [FXGL Background Thread 3 ] DEBUG Engine               - class com.almasb.fxgl.app.FXGLApplication$GameApplicationService
11:53:05.766 [FXGL Background Thread 3 ] DEBUG Engine               - class com.almasb.fxgl.app.services.FXGLDialogService
11:53:05.767 [FXGL Background Thread 3 ] DEBUG Engine               - class com.almasb.fxgl.app.services.IOTaskExecutorService
11:53:05.767 [FXGL Background Thread 3 ] DEBUG Engine               - class com.almasb.fxgl.event.EventBusService
11:53:05.767 [FXGL Background Thread 3 ] DEBUG Engine               - class com.almasb.fxgl.io.FileSystemService
11:53:05.768 [FXGL Background Thread 3 ] DEBUG Engine               - class com.almasb.fxgl.localization.LocalizationService
11:53:05.768 [FXGL Background Thread 3 ] DEBUG Engine               - class com.almasb.fxgl.app.services.SystemBundleService
11:53:05.769 [FXGL Background Thread 3 ] DEBUG Engine               - class com.almasb.fxgl.profile.SaveLoadService
11:53:05.769 [FXGL Background Thread 3 ] DEBUG Engine               - class com.almasb.fxgl.ui.FXGLUIFactoryServiceProvider
11:53:05.770 [FXGL Background Thread 3 ] DEBUG Engine               - class com.almasb.fxgl.ui.FXGLDialogFactoryServiceProvider
11:53:05.771 [FXGL Background Thread 3 ] DEBUG Engine               - class com.almasb.fxgl.audio.AudioPlayer
11:53:05.771 [FXGL Background Thread 3 ] DEBUG Engine               - class com.almasb.fxgl.notification.impl.NotificationServiceProvider
11:53:05.771 [FXGL Background Thread 3 ] DEBUG Engine               - class com.almasb.fxgl.achievement.AchievementService
11:53:05.772 [FXGL Background Thread 3 ] DEBUG Engine               - class com.almasb.fxgl.cutscene.CutsceneService
11:53:05.772 [FXGL Background Thread 3 ] DEBUG Engine               - class com.almasb.fxgl.minigames.MiniGameService
11:53:05.773 [FXGL Background Thread 3 ] DEBUG Engine               - class com.almasb.fxgl.net.NetService
11:53:05.773 [FXGL Background Thread 3 ] DEBUG Engine               - class com.almasb.fxgl.app.services.UpdaterService
11:53:05.774 [FXGL Background Thread 3 ] DEBUG Engine               - class com.almasb.fxgl.dev.DevService
11:53:32.241 [JavaFX Application Thread] DEBUG FXGLApplication      - Exiting FXGL
11:53:32.241 [JavaFX Application Thread] DEBUG Async                - Shutting down background threads
11:53:32.242 [JavaFX Application Thread] DEBUG PrimaryStageWindow   - Closing main window
11:53:32.265 [JavaFX Application Thread] DEBUG Logger               - Closing Logger
