15:27:19.747 [main                     ] DEBUG Logger               - Configured Logger
15:27:19.759 [main                     ] DEBUG GameApplication      - Logging settings
Title: Untitled
Version: 0.0
Width: 1050
Height: 700
Fullscreen: false
Intro: false
Profiling: false
Single step:false
App Mode: DEVELOPER
Menu Key: ESCAPE
Stage Style: DECORATED
Scene Factory: class com.almasb.fxgl.app.scene.SceneFactory

15:27:20.067 [JavaFX Application Thread] DEBUG FXGLApplication      - Initializing FXGL
15:27:20.068 [JavaFX Application Thread] INFO  Engine               - FXGL-11.14 (01.03.2021 16.59) on WINDOWS (J:15.0.2 FX:15)
15:27:20.069 [JavaFX Application Thread] DEBUG Engine               - JRE Vendor Name: Amazon.com Inc.
15:27:20.069 [JavaFX Application Thread] DEBUG Engine               - Running on OS: Windows 10 version 10.0
15:27:20.069 [JavaFX Application Thread] DEBUG Engine               - Architecture: amd64
15:27:20.069 [JavaFX Application Thread] INFO  Engine               - Source code and latest versions at: https://github.com/AlmasB/FXGL
15:27:20.069 [JavaFX Application Thread] INFO  Engine               -              Join the FXGL chat at: https://gitter.im/AlmasB/FXGL
15:27:20.163 [JavaFX Application Thread] DEBUG PrimaryStageWindow   - Creating a JavaFX scene
15:27:20.205 [JavaFX Application Thread] DEBUG PrimaryStageWindow   - Target settings size: 1050.0 x 700.0
15:27:20.205 [JavaFX Application Thread] DEBUG PrimaryStageWindow   - Scaled scene size:    1050.0 x 700.0
15:27:20.205 [JavaFX Application Thread] DEBUG PrimaryStageWindow   - Scaled ratio: (1.0, 1.0)
15:27:20.206 [JavaFX Application Thread] DEBUG PrimaryStageWindow   - Set initial scene to FXGLStartupScene
15:27:20.212 [JavaFX Application Thread] DEBUG PrimaryStageWindow   - Opening main window
15:27:20.279 [JavaFX Application Thread] DEBUG PrimaryStageWindow   - Window border size: (14.800048828125, 37.5999755859375)
15:27:20.280 [JavaFX Application Thread] DEBUG PrimaryStageWindow   - Scaled size: 1050.0 x 700.0
15:27:20.280 [JavaFX Application Thread] DEBUG PrimaryStageWindow   - Scaled ratio: (1.0, 1.0)
15:27:20.280 [JavaFX Application Thread] DEBUG PrimaryStageWindow   - Scene size: 1050.0 x 700.0
15:27:20.280 [JavaFX Application Thread] DEBUG PrimaryStageWindow   - Stage size: 1064.800048828125 x 737.5999755859375
15:27:20.287 [FXGL Background Thread 1 ] DEBUG Engine               - Initializing environment variables
15:27:20.318 [FXGL Background Thread 1 ] DEBUG FXGLAssetLoaderServi - User app class for loading assets: class Game
15:27:20.319 [FXGL Background Thread 1 ] DEBUG GameApplicationServi - Applying CSS: fxgl_dark.css
15:27:20.320 [FXGL Background Thread 1 ] DEBUG FXGLAssetLoaderServi - Loading from file system: jar:file:/C:/Users/stanm/.m2/repository/com/github/almasb/fxgl/11.14/fxgl-11.14.jar!/fxglassets/ui/css/fxgl_dark.css
15:27:20.368 [FXGL Background Thread 1 ] DEBUG GameApplicationServi - Initializing application scenes
15:27:20.402 [FXGL Background Thread 1 ] DEBUG GameWorld            - Game world initialized
15:27:20.455 [FXGL Background Thread 1 ] DEBUG PhysicsWorld         - Physics world initialized: appHeight=700, physics.ppm=50,0
15:27:20.455 [FXGL Background Thread 1 ] DEBUG PhysicsWorld         - Using strategy: BRUTE_FORCE
15:27:20.458 [FXGL Background Thread 1 ] DEBUG GameScene            - Game scene initialized: 1050x700
15:27:20.497 [FXGL Background Thread 1 ] DEBUG FXGLAssetLoaderServi - Loading from file system: jar:file:/C:/Users/stanm/.m2/repository/com/github/almasb/fxgl/11.14/fxgl-11.14.jar!/fxglassets/textures/particles/trace_horizontal.png
15:27:20.541 [FXGL Background Thread 1 ] DEBUG FXGL.DefaultMenu     - createMenuBodyGameMenu()
15:27:20.554 [FXGL Background Thread 1 ] DEBUG FXGL.DefaultMenu     - createOptionsMenu()
15:27:20.557 [FXGL Background Thread 1 ] DEBUG FXGLAssetLoaderServi - Loading from file system: jar:file:/C:/Users/stanm/.m2/repository/com/github/almasb/fxgl/11.14/fxgl-11.14.jar!/fxglassets/textures/particles/smoke.png
15:27:20.597 [FXGL Background Thread 1 ] DEBUG GameApplicationServi - Application scenes initialized
15:27:20.605 [FXGL Background Thread 1 ] DEBUG SystemBundleService  - Loading FXGL system data
15:27:20.609 [FXGL Background Thread 1 ] DEBUG FileSystemAccess     - Reading from: C:\Users\stanm\Documents\SE-Challengeweek\system\fxgl.bundle
15:27:20.615 [FXGL Background Thread 1 ] DEBUG SystemBundleService  - Bundle FXGL: {}
15:27:20.615 [FXGL Background Thread 1 ] DEBUG UpdaterService       - Checking for updates
15:27:20.618 [FXGL Background Thread 4 ] DEBUG FXGLApplication      - Loading fonts
15:27:20.619 [FXGL Background Thread 1 ] DEBUG FXGLApplication      - Loading default localization
15:27:20.619 [FXGL Background Thread 1 ] DEBUG FXGLAssetLoaderServi - Loading from file system: jar:file:/C:/Users/stanm/.m2/repository/com/github/almasb/fxgl/11.14/fxgl-11.14.jar!/fxglassets/languages/english.lang
15:27:20.619 [FXGL Background Thread 4 ] DEBUG FXGLAssetLoaderServi - Loading from file system: jar:file:/C:/Users/stanm/.m2/repository/com/github/almasb/fxgl/11.14/fxgl-11.14.jar!/fxglassets/ui/fonts/VarelaRound-Regular.ttf
15:27:20.631 [FXGL Background Thread 1 ] INFO  FXGLApplication      - FXGL initialization took: 0,344 sec
15:27:20.639 [JavaFX Application Thread] DEBUG Input                - Registered new binding: Right - D
15:27:20.639 [JavaFX Application Thread] DEBUG Input                - Registered new binding: Left - A
15:27:20.640 [JavaFX Application Thread] DEBUG Input                - Registered new binding: Up - W
15:27:20.640 [JavaFX Application Thread] DEBUG Input                - Registered new binding: Down - S
15:27:20.641 [JavaFX Application Thread] DEBUG FXGLAssetLoaderServi - Loading from file system: jar:file:/C:/Users/stanm/.m2/repository/com/github/almasb/fxgl/11.14/fxgl-11.14.jar!/fxglassets/textures/fxgl_icon.png
15:27:20.654 [JavaFX Application Thread] DEBUG FXGLAssetLoaderServi - Loading from file system: jar:file:/C:/Users/stanm/.m2/repository/com/github/almasb/fxgl/11.14/fxgl-11.14.jar!/fxglassets/ui/cursors/fxgl_default.png
15:27:20.655 [JavaFX Application Thread] DEBUG Input                - Registered new binding: Screenshot - P
15:27:20.656 [JavaFX Application Thread] DEBUG Input                - Registered new binding: System info dump - CTRL+9
15:27:20.656 [JavaFX Application Thread] DEBUG Input                - Registered new binding: Restart - CTRL+R
15:27:20.657 [JavaFX Application Thread] DEBUG Input                - Registered new binding: Toggle Debug Camera - CTRL+C
15:27:20.658 [JavaFX Application Thread] DEBUG LoopRunner           - Starting loop
15:27:20.659 [JavaFX Application Thread] DEBUG LoopRunner           - Initializing JavaFX AnimationTimerLoop
15:27:20.660 [JavaFX Application Thread] DEBUG GameApplicationServi - Starting new game
15:27:20.660 [JavaFX Application Thread] DEBUG Input                - Clearing active input actions
15:27:20.671 [JavaFX Application Thread] DEBUG GameApplicationServi - Removing overlay from FXGLStartupScene and adding to FXGLLoadingScene
15:27:20.671 [JavaFX Application Thread] DEBUG PrimaryStageWindow   - FXGLStartupScene -> FXGLLoadingScene
15:27:20.672 [JavaFX Application Thread] DEBUG GameApplicationServi - Clearing previous game
15:27:20.672 [JavaFX Application Thread] DEBUG GameScene            - Clearing game scene
15:27:20.672 [JavaFX Application Thread] DEBUG GameWorld            - Clearing game world
15:27:20.672 [JavaFX Application Thread] DEBUG PhysicsWorld         - Clearing physics world
15:27:20.674 [FXGL Background Thread 1 ] DEBUG FXGLApplication      - Initializing game
15:27:20.679 [FXGL Background Thread 4 ] DEBUG FXGLAssetLoaderServi - Loading from file system: jar:file:/C:/Users/stanm/.m2/repository/com/github/almasb/fxgl/11.14/fxgl-11.14.jar!/fxglassets/ui/fonts/Abel-Regular.ttf
15:27:20.694 [FXGL Background Thread 4 ] DEBUG FXGLAssetLoaderServi - Loading from file system: jar:file:/C:/Users/stanm/.m2/repository/com/github/almasb/fxgl/11.14/fxgl-11.14.jar!/fxglassets/ui/fonts/lucida_console.ttf
15:27:20.705 [FXGL Background Thread 4 ] DEBUG FXGLAssetLoaderServi - Loading from file system: jar:file:/C:/Users/stanm/.m2/repository/com/github/almasb/fxgl/11.14/fxgl-11.14.jar!/fxglassets/ui/fonts/Courier-Prime.ttf
15:27:20.715 [FXGL Background Thread 1 ] WARN  TMXLevelLoader       - TiledMap generated from 1.0.1. Supported version: 1.2.3. Some features may not be parsed fully.
15:27:20.720 [JavaFX Application Thread] DEBUG FXGLApplication      - Registering font factories with UI factory
15:27:20.720 [FXGL Background Thread 1 ] DEBUG TMXLevelLoader       - Parsed raw map: TiledMap(width=15, height=10, tilewidth=70, tileheight=70, orientation=orthogonal, layers=[Layer(width=15, height=10, name=Tile Layer 1, type=tilelayer, visible=false, x=0, y=0, data=[73, 73, 73, 73, 73, 73, 73, 73, 73, 73, 73, 73, 73, 73, 73, 73, 0, 0, 133, 0, 133, 0, 133, 0, 133, 0, 133, 0, 0, 73, 73, 0, 128, 0, 128, 0, 128, 0, 128, 0, 128, 0, 128, 0, 73, 73, 133, 0, 133, 0, 133, 0, 133, 0, 133, 0, 133, 0, 133, 73, 73, 0, 128, 0, 128, 0, 128, 0, 128, 0, 128, 0, 128, 0, 73, 73, 0, 128, 0, 128, 0, 128, 0, 128, 0, 128, 0, 128, 0, 73, 73, 133, 0, 133, 0, 133, 0, 133, 0, 133, 0, 133, 0, 133, 73, 73, 0, 128, 0, 128, 0, 128, 0, 128, 0, 128, 0, 128, 0, 73, 73, 0, 0, 133, 0, 133, 0, 133, 0, 133, 0, 133, 0, 0, 73, 73, 73, 73, 73, 73, 73, 73, 73, 73, 73, 73, 73, 73, 73, 73], objects=[], opacity=0.0, draworder=), Layer(width=0, height=0, name=Object Layer 1, type=objectgroup, visible=false, x=0, y=0, data=[], objects=[com.almasb.fxgl.entity.level.tiled.TiledObject@38c15ee2, com.almasb.fxgl.entity.level.tiled.TiledObject@56becf59, com.almasb.fxgl.entity.level.tiled.TiledObject@39cf5328, com.almasb.fxgl.entity.level.tiled.TiledObject@4d590622], opacity=0.0, draworder=)], tilesets=[Tileset(firstgid=1, image=../Pictures/tiles_spritesheet.png, name=tiles_spritesheet, tilewidth=70, tileheight=70, imagewidth=914, imageheight=936, margin=0, spacing=2, columns=12, tilecount=156, transparentcolor=, tiles=[])], backgroundcolor=, renderorder=right-down, nextobjectid=7, version=1, tiledversion=1.0.1, type=map, infinite=false, hexsidelength=0, staggeraxis=, staggerindex=, properties={}, propertytypes={})
15:27:20.721 [FXGL Background Thread 1 ] DEBUG TMXLevelLoader       - Creating tile layer entities
15:27:20.722 [FXGL Background Thread 1 ] DEBUG TilesetLoader        - Loading view for layer Tile Layer 1
15:27:20.723 [FXGL Background Thread 1 ] DEBUG TilesetLoader        - Created buffer with size 1050.0x700.0
15:27:20.768 [FXGL Background Thread 1 ] DEBUG TilesetLoader        - Writing to buffer: dst=0,0, w=70,h=70, src=0,432
15:27:20.768 [FXGL Background Thread 1 ] DEBUG TilesetLoader        - Writing to buffer: dst=70,0, w=70,h=70, src=0,432
15:27:20.769 [FXGL Background Thread 1 ] DEBUG TilesetLoader        - Writing to buffer: dst=140,0, w=70,h=70, src=0,432
15:27:20.769 [FXGL Background Thread 1 ] DEBUG TilesetLoader        - Writing to buffer: dst=210,0, w=70,h=70, src=0,432
15:27:20.769 [FXGL Background Thread 1 ] DEBUG TilesetLoader        - Writing to buffer: dst=280,0, w=70,h=70, src=0,432
15:27:20.769 [FXGL Background Thread 1 ] DEBUG TilesetLoader        - Writing to buffer: dst=350,0, w=70,h=70, src=0,432
15:27:20.770 [FXGL Background Thread 1 ] DEBUG TilesetLoader        - Writing to buffer: dst=420,0, w=70,h=70, src=0,432
15:27:20.770 [FXGL Background Thread 1 ] DEBUG TilesetLoader        - Writing to buffer: dst=490,0, w=70,h=70, src=0,432
15:27:20.770 [FXGL Background Thread 1 ] DEBUG TilesetLoader        - Writing to buffer: dst=560,0, w=70,h=70, src=0,432
15:27:20.770 [FXGL Background Thread 1 ] DEBUG TilesetLoader        - Writing to buffer: dst=630,0, w=70,h=70, src=0,432
15:27:20.770 [FXGL Background Thread 1 ] DEBUG TilesetLoader        - Writing to buffer: dst=700,0, w=70,h=70, src=0,432
15:27:20.771 [FXGL Background Thread 1 ] DEBUG TilesetLoader        - Writing to buffer: dst=770,0, w=70,h=70, src=0,432
15:27:20.771 [FXGL Background Thread 1 ] DEBUG TilesetLoader        - Writing to buffer: dst=840,0, w=70,h=70, src=0,432
15:27:20.771 [FXGL Background Thread 1 ] DEBUG TilesetLoader        - Writing to buffer: dst=910,0, w=70,h=70, src=0,432
15:27:20.771 [FXGL Background Thread 1 ] DEBUG TilesetLoader        - Writing to buffer: dst=980,0, w=70,h=70, src=0,432
15:27:20.771 [FXGL Background Thread 1 ] DEBUG TilesetLoader        - Writing to buffer: dst=0,70, w=70,h=70, src=0,432
15:27:20.772 [FXGL Background Thread 1 ] DEBUG TilesetLoader        - Writing to buffer: dst=210,70, w=70,h=70, src=0,792
15:27:20.772 [FXGL Background Thread 1 ] DEBUG TilesetLoader        - Writing to buffer: dst=350,70, w=70,h=70, src=0,792
15:27:20.772 [FXGL Background Thread 1 ] DEBUG TilesetLoader        - Writing to buffer: dst=490,70, w=70,h=70, src=0,792
15:27:20.773 [FXGL Background Thread 1 ] DEBUG TilesetLoader        - Writing to buffer: dst=630,70, w=70,h=70, src=0,792
15:27:20.773 [FXGL Background Thread 1 ] DEBUG TilesetLoader        - Writing to buffer: dst=770,70, w=70,h=70, src=0,792
15:27:20.773 [FXGL Background Thread 1 ] DEBUG TilesetLoader        - Writing to buffer: dst=980,70, w=70,h=70, src=0,432
15:27:20.773 [FXGL Background Thread 1 ] DEBUG TilesetLoader        - Writing to buffer: dst=0,140, w=70,h=70, src=0,432
15:27:20.774 [FXGL Background Thread 1 ] DEBUG TilesetLoader        - Writing to buffer: dst=140,140, w=70,h=70, src=504,720
15:27:20.774 [FXGL Background Thread 1 ] DEBUG TilesetLoader        - Writing to buffer: dst=280,140, w=70,h=70, src=504,720
15:27:20.774 [FXGL Background Thread 1 ] DEBUG TilesetLoader        - Writing to buffer: dst=420,140, w=70,h=70, src=504,720
15:27:20.774 [FXGL Background Thread 1 ] DEBUG TilesetLoader        - Writing to buffer: dst=560,140, w=70,h=70, src=504,720
15:27:20.775 [FXGL Background Thread 1 ] DEBUG TilesetLoader        - Writing to buffer: dst=700,140, w=70,h=70, src=504,720
15:27:20.775 [FXGL Background Thread 1 ] DEBUG TilesetLoader        - Writing to buffer: dst=840,140, w=70,h=70, src=504,720
15:27:20.775 [FXGL Background Thread 1 ] DEBUG TilesetLoader        - Writing to buffer: dst=980,140, w=70,h=70, src=0,432
15:27:20.775 [FXGL Background Thread 1 ] DEBUG TilesetLoader        - Writing to buffer: dst=0,210, w=70,h=70, src=0,432
15:27:20.776 [FXGL Background Thread 1 ] DEBUG TilesetLoader        - Writing to buffer: dst=70,210, w=70,h=70, src=0,792
15:27:20.776 [FXGL Background Thread 1 ] DEBUG TilesetLoader        - Writing to buffer: dst=210,210, w=70,h=70, src=0,792
15:27:20.776 [FXGL Background Thread 1 ] DEBUG TilesetLoader        - Writing to buffer: dst=350,210, w=70,h=70, src=0,792
15:27:20.776 [FXGL Background Thread 1 ] DEBUG TilesetLoader        - Writing to buffer: dst=490,210, w=70,h=70, src=0,792
15:27:20.776 [FXGL Background Thread 1 ] DEBUG TilesetLoader        - Writing to buffer: dst=630,210, w=70,h=70, src=0,792
15:27:20.777 [FXGL Background Thread 1 ] DEBUG TilesetLoader        - Writing to buffer: dst=770,210, w=70,h=70, src=0,792
15:27:20.777 [FXGL Background Thread 1 ] DEBUG TilesetLoader        - Writing to buffer: dst=910,210, w=70,h=70, src=0,792
15:27:20.777 [FXGL Background Thread 1 ] DEBUG TilesetLoader        - Writing to buffer: dst=980,210, w=70,h=70, src=0,432
15:27:20.777 [FXGL Background Thread 1 ] DEBUG TilesetLoader        - Writing to buffer: dst=0,280, w=70,h=70, src=0,432
15:27:20.777 [FXGL Background Thread 1 ] DEBUG TilesetLoader        - Writing to buffer: dst=140,280, w=70,h=70, src=504,720
15:27:20.777 [FXGL Background Thread 1 ] DEBUG TilesetLoader        - Writing to buffer: dst=280,280, w=70,h=70, src=504,720
15:27:20.777 [FXGL Background Thread 1 ] DEBUG TilesetLoader        - Writing to buffer: dst=420,280, w=70,h=70, src=504,720
15:27:20.778 [FXGL Background Thread 1 ] DEBUG TilesetLoader        - Writing to buffer: dst=560,280, w=70,h=70, src=504,720
15:27:20.778 [FXGL Background Thread 1 ] DEBUG TilesetLoader        - Writing to buffer: dst=700,280, w=70,h=70, src=504,720
15:27:20.778 [FXGL Background Thread 1 ] DEBUG TilesetLoader        - Writing to buffer: dst=840,280, w=70,h=70, src=504,720
15:27:20.778 [FXGL Background Thread 1 ] DEBUG TilesetLoader        - Writing to buffer: dst=980,280, w=70,h=70, src=0,432
15:27:20.778 [FXGL Background Thread 1 ] DEBUG TilesetLoader        - Writing to buffer: dst=0,350, w=70,h=70, src=0,432
15:27:20.779 [FXGL Background Thread 1 ] DEBUG TilesetLoader        - Writing to buffer: dst=140,350, w=70,h=70, src=504,720
15:27:20.779 [FXGL Background Thread 1 ] DEBUG TilesetLoader        - Writing to buffer: dst=280,350, w=70,h=70, src=504,720
15:27:20.779 [FXGL Background Thread 1 ] DEBUG TilesetLoader        - Writing to buffer: dst=420,350, w=70,h=70, src=504,720
15:27:20.779 [FXGL Background Thread 1 ] DEBUG TilesetLoader        - Writing to buffer: dst=560,350, w=70,h=70, src=504,720
15:27:20.780 [FXGL Background Thread 1 ] DEBUG TilesetLoader        - Writing to buffer: dst=700,350, w=70,h=70, src=504,720
15:27:20.780 [FXGL Background Thread 1 ] DEBUG TilesetLoader        - Writing to buffer: dst=840,350, w=70,h=70, src=504,720
15:27:20.780 [FXGL Background Thread 1 ] DEBUG TilesetLoader        - Writing to buffer: dst=980,350, w=70,h=70, src=0,432
15:27:20.780 [FXGL Background Thread 1 ] DEBUG TilesetLoader        - Writing to buffer: dst=0,420, w=70,h=70, src=0,432
15:27:20.781 [FXGL Background Thread 1 ] DEBUG TilesetLoader        - Writing to buffer: dst=70,420, w=70,h=70, src=0,792
15:27:20.781 [FXGL Background Thread 1 ] DEBUG TilesetLoader        - Writing to buffer: dst=210,420, w=70,h=70, src=0,792
15:27:20.781 [FXGL Background Thread 1 ] DEBUG TilesetLoader        - Writing to buffer: dst=350,420, w=70,h=70, src=0,792
15:27:20.781 [FXGL Background Thread 1 ] DEBUG TilesetLoader        - Writing to buffer: dst=490,420, w=70,h=70, src=0,792
15:27:20.781 [FXGL Background Thread 1 ] DEBUG TilesetLoader        - Writing to buffer: dst=630,420, w=70,h=70, src=0,792
15:27:20.782 [FXGL Background Thread 1 ] DEBUG TilesetLoader        - Writing to buffer: dst=770,420, w=70,h=70, src=0,792
15:27:20.782 [FXGL Background Thread 1 ] DEBUG TilesetLoader        - Writing to buffer: dst=910,420, w=70,h=70, src=0,792
15:27:20.782 [FXGL Background Thread 1 ] DEBUG TilesetLoader        - Writing to buffer: dst=980,420, w=70,h=70, src=0,432
15:27:20.783 [FXGL Background Thread 1 ] DEBUG TilesetLoader        - Writing to buffer: dst=0,490, w=70,h=70, src=0,432
15:27:20.783 [FXGL Background Thread 1 ] DEBUG TilesetLoader        - Writing to buffer: dst=140,490, w=70,h=70, src=504,720
15:27:20.783 [FXGL Background Thread 1 ] DEBUG TilesetLoader        - Writing to buffer: dst=280,490, w=70,h=70, src=504,720
15:27:20.783 [FXGL Background Thread 1 ] DEBUG TilesetLoader        - Writing to buffer: dst=420,490, w=70,h=70, src=504,720
15:27:20.783 [FXGL Background Thread 1 ] DEBUG TilesetLoader        - Writing to buffer: dst=560,490, w=70,h=70, src=504,720
15:27:20.783 [FXGL Background Thread 1 ] DEBUG TilesetLoader        - Writing to buffer: dst=700,490, w=70,h=70, src=504,720
15:27:20.784 [FXGL Background Thread 1 ] DEBUG TilesetLoader        - Writing to buffer: dst=840,490, w=70,h=70, src=504,720
15:27:20.784 [FXGL Background Thread 1 ] DEBUG TilesetLoader        - Writing to buffer: dst=980,490, w=70,h=70, src=0,432
15:27:20.784 [FXGL Background Thread 1 ] DEBUG TilesetLoader        - Writing to buffer: dst=0,560, w=70,h=70, src=0,432
15:27:20.784 [FXGL Background Thread 1 ] DEBUG TilesetLoader        - Writing to buffer: dst=210,560, w=70,h=70, src=0,792
15:27:20.784 [FXGL Background Thread 1 ] DEBUG TilesetLoader        - Writing to buffer: dst=350,560, w=70,h=70, src=0,792
15:27:20.784 [FXGL Background Thread 1 ] DEBUG TilesetLoader        - Writing to buffer: dst=490,560, w=70,h=70, src=0,792
15:27:20.785 [FXGL Background Thread 1 ] DEBUG TilesetLoader        - Writing to buffer: dst=630,560, w=70,h=70, src=0,792
15:27:20.785 [FXGL Background Thread 1 ] DEBUG TilesetLoader        - Writing to buffer: dst=770,560, w=70,h=70, src=0,792
15:27:20.785 [FXGL Background Thread 1 ] DEBUG TilesetLoader        - Writing to buffer: dst=980,560, w=70,h=70, src=0,432
15:27:20.785 [FXGL Background Thread 1 ] DEBUG TilesetLoader        - Writing to buffer: dst=0,630, w=70,h=70, src=0,432
15:27:20.786 [FXGL Background Thread 1 ] DEBUG TilesetLoader        - Writing to buffer: dst=70,630, w=70,h=70, src=0,432
15:27:20.786 [FXGL Background Thread 1 ] DEBUG TilesetLoader        - Writing to buffer: dst=140,630, w=70,h=70, src=0,432
15:27:20.786 [FXGL Background Thread 1 ] DEBUG TilesetLoader        - Writing to buffer: dst=210,630, w=70,h=70, src=0,432
15:27:20.786 [FXGL Background Thread 1 ] DEBUG TilesetLoader        - Writing to buffer: dst=280,630, w=70,h=70, src=0,432
15:27:20.786 [FXGL Background Thread 1 ] DEBUG TilesetLoader        - Writing to buffer: dst=350,630, w=70,h=70, src=0,432
15:27:20.786 [FXGL Background Thread 1 ] DEBUG TilesetLoader        - Writing to buffer: dst=420,630, w=70,h=70, src=0,432
15:27:20.786 [FXGL Background Thread 1 ] DEBUG TilesetLoader        - Writing to buffer: dst=490,630, w=70,h=70, src=0,432
15:27:20.786 [FXGL Background Thread 1 ] DEBUG TilesetLoader        - Writing to buffer: dst=560,630, w=70,h=70, src=0,432
15:27:20.786 [FXGL Background Thread 1 ] DEBUG TilesetLoader        - Writing to buffer: dst=630,630, w=70,h=70, src=0,432
15:27:20.786 [FXGL Background Thread 1 ] DEBUG TilesetLoader        - Writing to buffer: dst=700,630, w=70,h=70, src=0,432
15:27:20.786 [FXGL Background Thread 1 ] DEBUG TilesetLoader        - Writing to buffer: dst=770,630, w=70,h=70, src=0,432
15:27:20.786 [FXGL Background Thread 1 ] DEBUG TilesetLoader        - Writing to buffer: dst=840,630, w=70,h=70, src=0,432
15:27:20.786 [FXGL Background Thread 1 ] DEBUG TilesetLoader        - Writing to buffer: dst=910,630, w=70,h=70, src=0,432
15:27:20.787 [FXGL Background Thread 1 ] DEBUG TilesetLoader        - Writing to buffer: dst=980,630, w=70,h=70, src=0,432
15:27:20.787 [FXGL Background Thread 1 ] DEBUG TMXLevelLoader       - Creating object layer entities
15:27:20.800 [FXGL Background Thread 1 ] DEBUG GameWorld            - Clearing removable entities
15:27:20.800 [FXGL Background Thread 1 ] DEBUG GameWorld            - Setting level: com.almasb.fxgl.entity.level.Level@2dce78e3
15:27:20.810 [FXGL Background Thread 1 ] WARN  FXGLAssetLoaderServi - Asset "/assets/textures/player_idle_ .png" was not found!
15:27:20.810 [FXGL Background Thread 1 ] WARN  FXGLAssetLoaderServi - Failed to load IMAGE
15:27:20.831 [FXGL Background Thread 1 ] INFO  FXGLApplication      - Game initialization took: 0,158 sec
15:27:20.832 [JavaFX Application Thread] DEBUG Input                - Clearing active input actions
15:27:20.840 [JavaFX Application Thread] DEBUG GameApplicationServi - Removing overlay from FXGLLoadingScene and adding to GameScene
15:27:20.840 [JavaFX Application Thread] DEBUG PrimaryStageWindow   - FXGLLoadingScene -> GameScene
15:27:20.958 [FXGL Background Thread 2 ] INFO  UpdaterService       - Your current version:  11.14
15:27:20.959 [FXGL Background Thread 2 ] INFO  UpdaterService       - Latest stable version: 17.1
15:27:23.619 [FXGL Background Thread 3 ] DEBUG Engine               - Logging environment variables
15:27:23.619 [FXGL Background Thread 3 ] DEBUG Engine               - achievements: []
15:27:23.619 [FXGL Background Thread 3 ] DEBUG Engine               - actualHeight: 700.0
15:27:23.619 [FXGL Background Thread 3 ] DEBUG Engine               - actualHeightProperty: ReadOnlyDoubleProperty [value: 700.0]
15:27:23.620 [FXGL Background Thread 3 ] DEBUG Engine               - actualWidth: 1050.0
15:27:23.620 [FXGL Background Thread 3 ] DEBUG Engine               - actualWidthProperty: ReadOnlyDoubleProperty [value: 1050.0]
15:27:23.620 [FXGL Background Thread 3 ] DEBUG Engine               - appIcon: fxgl_icon.png
15:27:23.620 [FXGL Background Thread 3 ] DEBUG Engine               - applicationMode: DEVELOPER
15:27:23.620 [FXGL Background Thread 3 ] DEBUG Engine               - cSSList: [fxgl_dark.css]
15:27:23.620 [FXGL Background Thread 3 ] DEBUG Engine               - collisionDetectionStrategy: BRUTE_FORCE
15:27:23.621 [FXGL Background Thread 3 ] DEBUG Engine               - configClass: Optional.empty
15:27:23.621 [FXGL Background Thread 3 ] DEBUG Engine               - credits: []
15:27:23.621 [FXGL Background Thread 3 ] DEBUG Engine               - devBBoxColorProperty: ObjectProperty [value: 0xff0000ff]
15:27:23.621 [FXGL Background Thread 3 ] DEBUG Engine               - devEnableDebugCameraProperty: BooleanProperty [value: false]
15:27:23.621 [FXGL Background Thread 3 ] DEBUG Engine               - devSensorColorProperty: ObjectProperty [value: 0xffff00ff]
15:27:23.622 [FXGL Background Thread 3 ] DEBUG Engine               - devShowBBoxProperty: BooleanProperty [value: false]
15:27:23.622 [FXGL Background Thread 3 ] DEBUG Engine               - devShowPositionProperty: BooleanProperty [value: false]
15:27:23.622 [FXGL Background Thread 3 ] DEBUG Engine               - enabledMenuItems: []
15:27:23.622 [FXGL Background Thread 3 ] DEBUG Engine               - engineServices: [class com.almasb.fxgl.app.services.FXGLAssetLoaderService, class com.almasb.fxgl.app.FXGLApplication$GameApplicationService, class com.almasb.fxgl.app.services.FXGLDialogService, class com.almasb.fxgl.app.services.IOTaskExecutorService, class com.almasb.fxgl.event.EventBusService, class com.almasb.fxgl.io.FileSystemService, class com.almasb.fxgl.localization.LocalizationService, class com.almasb.fxgl.app.services.SystemBundleService, class com.almasb.fxgl.profile.SaveLoadService, class com.almasb.fxgl.ui.FXGLUIFactoryServiceProvider, class com.almasb.fxgl.ui.FXGLDialogFactoryServiceProvider, class com.almasb.fxgl.audio.AudioPlayer, class com.almasb.fxgl.notification.impl.NotificationServiceProvider, class com.almasb.fxgl.achievement.AchievementService, class com.almasb.fxgl.cutscene.CutsceneService, class com.almasb.fxgl.minigames.MiniGameService, class com.almasb.fxgl.net.NetService, class com.almasb.fxgl.app.services.UpdaterService, class com.almasb.fxgl.dev.DevService]
15:27:23.622 [FXGL Background Thread 3 ] DEBUG Engine               - fontGame: Abel-Regular.ttf
15:27:23.622 [FXGL Background Thread 3 ] DEBUG Engine               - fontMono: lucida_console.ttf
15:27:23.622 [FXGL Background Thread 3 ] DEBUG Engine               - fontText: Courier-Prime.ttf
15:27:23.622 [FXGL Background Thread 3 ] DEBUG Engine               - fontUI: VarelaRound-Regular.ttf
15:27:23.623 [FXGL Background Thread 3 ] DEBUG Engine               - fullScreen: BooleanProperty [value: false]
15:27:23.623 [FXGL Background Thread 3 ] DEBUG Engine               - gameDifficulty: MEDIUM
15:27:23.623 [FXGL Background Thread 3 ] DEBUG Engine               - gameDifficultyProperty: ObjectProperty [value: MEDIUM]
15:27:23.623 [FXGL Background Thread 3 ] DEBUG Engine               - globalMusicVolume: 0.5
15:27:23.624 [FXGL Background Thread 3 ] DEBUG Engine               - globalMusicVolumeProperty: DoubleProperty [value: 0.5]
15:27:23.624 [FXGL Background Thread 3 ] DEBUG Engine               - globalSoundVolume: 0.5
15:27:23.624 [FXGL Background Thread 3 ] DEBUG Engine               - globalSoundVolumeProperty: DoubleProperty [value: 0.5]
15:27:23.624 [FXGL Background Thread 3 ] DEBUG Engine               - height: 700
15:27:23.624 [FXGL Background Thread 3 ] DEBUG Engine               - isAndroid: false
15:27:23.624 [FXGL Background Thread 3 ] DEBUG Engine               - isBrowser: false
15:27:23.624 [FXGL Background Thread 3 ] DEBUG Engine               - isClickFeedbackEnabled: false
15:27:23.625 [FXGL Background Thread 3 ] DEBUG Engine               - isCloseConfirmation: false
15:27:23.625 [FXGL Background Thread 3 ] DEBUG Engine               - isDesktop: true
15:27:23.625 [FXGL Background Thread 3 ] DEBUG Engine               - isDeveloperMenuEnabled: false
15:27:23.625 [FXGL Background Thread 3 ] DEBUG Engine               - isEntityPreloadEnabled: true
15:27:23.625 [FXGL Background Thread 3 ] DEBUG Engine               - isExperimental3D: false
15:27:23.625 [FXGL Background Thread 3 ] DEBUG Engine               - isExperimentalNative: false
15:27:23.626 [FXGL Background Thread 3 ] DEBUG Engine               - isExperimentalTiledLargeMap: false
15:27:23.626 [FXGL Background Thread 3 ] DEBUG Engine               - isFileSystemWriteAllowed: true
15:27:23.626 [FXGL Background Thread 3 ] DEBUG Engine               - isFullScreenAllowed: false
15:27:23.626 [FXGL Background Thread 3 ] DEBUG Engine               - isFullScreenFromStart: false
15:27:23.626 [FXGL Background Thread 3 ] DEBUG Engine               - isGameMenuEnabled: true
15:27:23.626 [FXGL Background Thread 3 ] DEBUG Engine               - isIOS: false
15:27:23.626 [FXGL Background Thread 3 ] DEBUG Engine               - isIntroEnabled: false
15:27:23.627 [FXGL Background Thread 3 ] DEBUG Engine               - isLinux: false
15:27:23.627 [FXGL Background Thread 3 ] DEBUG Engine               - isMac: false
15:27:23.627 [FXGL Background Thread 3 ] DEBUG Engine               - isMainMenuEnabled: false
15:27:23.627 [FXGL Background Thread 3 ] DEBUG Engine               - isManualResizeEnabled: false
15:27:23.627 [FXGL Background Thread 3 ] DEBUG Engine               - isMobile: false
15:27:23.628 [FXGL Background Thread 3 ] DEBUG Engine               - isPreserveResizeRatio: false
15:27:23.628 [FXGL Background Thread 3 ] DEBUG Engine               - isProfilingEnabled: false
15:27:23.628 [FXGL Background Thread 3 ] DEBUG Engine               - isScaleAffectedOnResize: true
15:27:23.628 [FXGL Background Thread 3 ] DEBUG Engine               - isSingleStep: false
15:27:23.629 [FXGL Background Thread 3 ] DEBUG Engine               - isUserProfileEnabled: false
15:27:23.629 [FXGL Background Thread 3 ] DEBUG Engine               - isWindows: true
15:27:23.629 [FXGL Background Thread 3 ] DEBUG Engine               - language: ObjectProperty [value: ENGLISH]
15:27:23.629 [FXGL Background Thread 3 ] DEBUG Engine               - menuKey: ESCAPE
15:27:23.629 [FXGL Background Thread 3 ] DEBUG Engine               - notificationViewClass: class com.almasb.fxgl.notification.view.XboxNotificationView
15:27:23.629 [FXGL Background Thread 3 ] DEBUG Engine               - pixelsPerMeter: 50.0
15:27:23.629 [FXGL Background Thread 3 ] DEBUG Engine               - platform: WINDOWS
15:27:23.629 [FXGL Background Thread 3 ] DEBUG Engine               - prefHeightProperty: ReadOnlyDoubleProperty [value: 700.0]
15:27:23.630 [FXGL Background Thread 3 ] DEBUG Engine               - prefWidthProperty: ReadOnlyDoubleProperty [value: 1050.0]
15:27:23.630 [FXGL Background Thread 3 ] DEBUG Engine               - profileDir: profiles/
15:27:23.630 [FXGL Background Thread 3 ] DEBUG Engine               - profileName: StringProperty [value: DEFAULT]
15:27:23.630 [FXGL Background Thread 3 ] DEBUG Engine               - randomSeed: -1
15:27:23.630 [FXGL Background Thread 3 ] DEBUG Engine               - runtimeInfo: RuntimeInfo(platform=WINDOWS, version=11.14, build=01.03.2021 16.59)
15:27:23.630 [FXGL Background Thread 3 ] DEBUG Engine               - saveFileExt: sav
15:27:23.631 [FXGL Background Thread 3 ] DEBUG Engine               - scaledHeightProp$fxgl: DoubleProperty [bound, value: 700.0]
15:27:23.631 [FXGL Background Thread 3 ] DEBUG Engine               - scaledWidthProp$fxgl: DoubleProperty [bound, value: 1050.0]
15:27:23.631 [FXGL Background Thread 3 ] DEBUG Engine               - sceneFactory: com.almasb.fxgl.app.scene.SceneFactory@245d86ec
15:27:23.631 [FXGL Background Thread 3 ] DEBUG Engine               - secondsIn24h: 60
15:27:23.631 [FXGL Background Thread 3 ] DEBUG Engine               - soundMenuBack: menu/back.wav
15:27:23.632 [FXGL Background Thread 3 ] DEBUG Engine               - soundMenuPress: menu/press.wav
15:27:23.632 [FXGL Background Thread 3 ] DEBUG Engine               - soundMenuSelect: menu/select.wav
15:27:23.632 [FXGL Background Thread 3 ] DEBUG Engine               - soundNotification: core/notification.wav
15:27:23.632 [FXGL Background Thread 3 ] DEBUG Engine               - stageStyle: DECORATED
15:27:23.632 [FXGL Background Thread 3 ] DEBUG Engine               - supportedLanguages: [ENGLISH, FRENCH, GERMAN, HUNGARIAN, RUSSIAN]
15:27:23.632 [FXGL Background Thread 3 ] DEBUG Engine               - ticksPerSecond: -1
15:27:23.632 [FXGL Background Thread 3 ] DEBUG Engine               - title: Untitled
15:27:23.632 [FXGL Background Thread 3 ] DEBUG Engine               - urlGithub: https://github.com/AlmasB/FXGL
15:27:23.632 [FXGL Background Thread 3 ] DEBUG Engine               - urlLeaderboard: http://fxgl-top.herokuapp.com/
15:27:23.632 [FXGL Background Thread 3 ] DEBUG Engine               - urlPOM: https://raw.githubusercontent.com/AlmasB/FXGL/release/README.md
15:27:23.632 [FXGL Background Thread 3 ] DEBUG Engine               - userAppClass: class Game
15:27:23.632 [FXGL Background Thread 3 ] DEBUG Engine               - version: 0.0
15:27:23.632 [FXGL Background Thread 3 ] DEBUG Engine               - versionCheckDays: 7
15:27:23.632 [FXGL Background Thread 3 ] DEBUG Engine               - width: 1050
15:27:23.632 [FXGL Background Thread 3 ] DEBUG Engine               - Logging services
15:27:23.632 [FXGL Background Thread 3 ] DEBUG Engine               - class com.almasb.fxgl.app.services.FXGLAssetLoaderService
15:27:23.633 [FXGL Background Thread 3 ] DEBUG Engine               - class com.almasb.fxgl.app.FXGLApplication$GameApplicationService
15:27:23.633 [FXGL Background Thread 3 ] DEBUG Engine               - class com.almasb.fxgl.app.services.FXGLDialogService
15:27:23.633 [FXGL Background Thread 3 ] DEBUG Engine               - class com.almasb.fxgl.app.services.IOTaskExecutorService
15:27:23.633 [FXGL Background Thread 3 ] DEBUG Engine               - class com.almasb.fxgl.event.EventBusService
15:27:23.633 [FXGL Background Thread 3 ] DEBUG Engine               - class com.almasb.fxgl.io.FileSystemService
15:27:23.633 [FXGL Background Thread 3 ] DEBUG Engine               - class com.almasb.fxgl.localization.LocalizationService
15:27:23.633 [FXGL Background Thread 3 ] DEBUG Engine               - class com.almasb.fxgl.app.services.SystemBundleService
15:27:23.633 [FXGL Background Thread 3 ] DEBUG Engine               - class com.almasb.fxgl.profile.SaveLoadService
15:27:23.633 [FXGL Background Thread 3 ] DEBUG Engine               - class com.almasb.fxgl.ui.FXGLUIFactoryServiceProvider
15:27:23.633 [FXGL Background Thread 3 ] DEBUG Engine               - class com.almasb.fxgl.ui.FXGLDialogFactoryServiceProvider
15:27:23.634 [FXGL Background Thread 3 ] DEBUG Engine               - class com.almasb.fxgl.audio.AudioPlayer
15:27:23.634 [FXGL Background Thread 3 ] DEBUG Engine               - class com.almasb.fxgl.notification.impl.NotificationServiceProvider
15:27:23.634 [FXGL Background Thread 3 ] DEBUG Engine               - class com.almasb.fxgl.achievement.AchievementService
15:27:23.634 [FXGL Background Thread 3 ] DEBUG Engine               - class com.almasb.fxgl.cutscene.CutsceneService
15:27:23.634 [FXGL Background Thread 3 ] DEBUG Engine               - class com.almasb.fxgl.minigames.MiniGameService
15:27:23.634 [FXGL Background Thread 3 ] DEBUG Engine               - class com.almasb.fxgl.net.NetService
15:27:23.635 [FXGL Background Thread 3 ] DEBUG Engine               - class com.almasb.fxgl.app.services.UpdaterService
15:27:23.635 [FXGL Background Thread 3 ] DEBUG Engine               - class com.almasb.fxgl.dev.DevService
15:27:43.741 [JavaFX Application Thread] DEBUG FXGLApplication      - Exiting FXGL
15:27:43.742 [JavaFX Application Thread] DEBUG LoopRunner           - Stopping loop
15:27:43.742 [JavaFX Application Thread] DEBUG SystemBundleService  - Saving FXGL system data
15:27:43.743 [JavaFX Application Thread] DEBUG FileSystemAccess     - Writing to: C:\Users\stanm\Documents\SE-Challengeweek\system\fxgl.bundle
15:27:43.744 [JavaFX Application Thread] DEBUG Async                - Shutting down background threads
15:27:43.745 [JavaFX Application Thread] DEBUG PrimaryStageWindow   - Closing main window
15:27:43.753 [JavaFX Application Thread] DEBUG Logger               - Closing Logger
