14:10:54.469 [main                     ] DEBUG Logger               - Configured Logger
14:10:54.474 [main                     ] DEBUG GameApplication      - Logging settings
Title: Bomberman SE
Version: 1.0
Width: 960
Height: 832
Fullscreen: false
Intro: false
Profiling: false
Single step:false
App Mode: DEVELOPER
Menu Key: ESCAPE
Stage Style: DECORATED
Scene Factory: class com.almasb.fxgl.app.scene.SceneFactory

14:10:54.867 [JavaFX Application Thread] DEBUG FXGLApplication      - Initializing FXGL
14:10:54.870 [JavaFX Application Thread] INFO  Engine               - FXGL-11.14 (01.03.2021 16.59) on WINDOWS (J:15.0.2 FX:15)
14:10:54.870 [JavaFX Application Thread] DEBUG Engine               - JRE Vendor Name: Amazon.com Inc.
14:10:54.870 [JavaFX Application Thread] DEBUG Engine               - Running on OS: Windows 10 version 10.0
14:10:54.871 [JavaFX Application Thread] DEBUG Engine               - Architecture: amd64
14:10:54.871 [JavaFX Application Thread] INFO  Engine               - Source code and latest versions at: https://github.com/AlmasB/FXGL
14:10:54.871 [JavaFX Application Thread] INFO  Engine               -              Join the FXGL chat at: https://gitter.im/AlmasB/FXGL
14:10:55.005 [JavaFX Application Thread] DEBUG PrimaryStageWindow   - Creating a JavaFX scene
14:10:55.005 [JavaFX Application Thread] DEBUG PrimaryStageWindow   - Target size > screen size
14:10:55.064 [JavaFX Application Thread] DEBUG PrimaryStageWindow   - Target settings size: 960.0 x 832.0
14:10:55.064 [JavaFX Application Thread] DEBUG PrimaryStageWindow   - Scaled scene size:    925.0 x 823.0
14:10:55.064 [JavaFX Application Thread] DEBUG PrimaryStageWindow   - Scaled ratio: (0.9635416666666666, 0.9891826923076923)
14:10:55.065 [JavaFX Application Thread] DEBUG PrimaryStageWindow   - Set initial scene to FXGLStartupScene
14:10:55.073 [JavaFX Application Thread] DEBUG PrimaryStageWindow   - Opening main window
14:10:55.169 [JavaFX Application Thread] DEBUG PrimaryStageWindow   - Window border size: (15.0, 37.79998779296875)
14:10:55.169 [JavaFX Application Thread] DEBUG PrimaryStageWindow   - Scaled size: 925.0 x 823.0
14:10:55.169 [JavaFX Application Thread] DEBUG PrimaryStageWindow   - Scaled ratio: (0.9635416666666666, 0.9891826923076923)
14:10:55.169 [JavaFX Application Thread] DEBUG PrimaryStageWindow   - Scene size: 925.0 x 823.0
14:10:55.170 [JavaFX Application Thread] DEBUG PrimaryStageWindow   - Stage size: 940.0 x 860.7999877929688
14:10:55.177 [FXGL Background Thread 1 ] DEBUG Engine               - Initializing environment variables
14:10:55.211 [FXGL Background Thread 1 ] DEBUG FXGLAssetLoaderServi - User app class for loading assets: class Game
14:10:55.212 [FXGL Background Thread 1 ] DEBUG GameApplicationServi - Applying CSS: fxgl_dark.css
14:10:55.213 [FXGL Background Thread 1 ] DEBUG FXGLAssetLoaderServi - Loading from file system: jar:file:/C:/Users/roan2/.m2/repository/com/github/almasb/fxgl/11.14/fxgl-11.14.jar!/fxglassets/ui/css/fxgl_dark.css
14:10:55.260 [FXGL Background Thread 1 ] DEBUG GameApplicationServi - Initializing application scenes
14:10:55.293 [FXGL Background Thread 1 ] DEBUG GameWorld            - Game world initialized
14:10:55.350 [FXGL Background Thread 1 ] DEBUG PhysicsWorld         - Physics world initialized: appHeight=832, physics.ppm=50.0
14:10:55.350 [FXGL Background Thread 1 ] DEBUG PhysicsWorld         - Using strategy: BRUTE_FORCE
14:10:55.353 [FXGL Background Thread 1 ] DEBUG GameScene            - Game scene initialized: 960x832
14:10:55.392 [FXGL Background Thread 1 ] DEBUG FXGLAssetLoaderServi - Loading from file system: jar:file:/C:/Users/roan2/.m2/repository/com/github/almasb/fxgl/11.14/fxgl-11.14.jar!/fxglassets/textures/particles/trace_horizontal.png
14:10:55.454 [FXGL Background Thread 1 ] DEBUG FXGL.DefaultMenu     - createMenuBodyGameMenu()
14:10:55.472 [FXGL Background Thread 1 ] DEBUG FXGL.DefaultMenu     - createOptionsMenu()
14:10:55.478 [FXGL Background Thread 1 ] DEBUG FXGLAssetLoaderServi - Loading from file system: jar:file:/C:/Users/roan2/.m2/repository/com/github/almasb/fxgl/11.14/fxgl-11.14.jar!/fxglassets/textures/particles/smoke.png
14:10:55.532 [FXGL Background Thread 1 ] DEBUG GameApplicationServi - Application scenes initialized
14:10:55.542 [FXGL Background Thread 1 ] DEBUG SystemBundleService  - Loading FXGL system data
14:10:55.545 [FXGL Background Thread 1 ] DEBUG FileSystemAccess     - Reading from: C:\Users\roan2\Documents\SE-Challengeweek\system\fxgl.bundle
14:10:55.549 [FXGL Background Thread 1 ] DEBUG SystemBundleService  - Bundle FXGL: {}
14:10:55.549 [FXGL Background Thread 1 ] DEBUG UpdaterService       - Checking for updates
14:10:55.556 [FXGL Background Thread 4 ] DEBUG FXGLApplication      - Loading fonts
14:10:55.557 [FXGL Background Thread 1 ] DEBUG FXGLApplication      - Loading default localization
14:10:55.557 [FXGL Background Thread 4 ] DEBUG FXGLAssetLoaderServi - Loading from file system: jar:file:/C:/Users/roan2/.m2/repository/com/github/almasb/fxgl/11.14/fxgl-11.14.jar!/fxglassets/ui/fonts/VarelaRound-Regular.ttf
14:10:55.558 [FXGL Background Thread 1 ] DEBUG FXGLAssetLoaderServi - Loading from file system: jar:file:/C:/Users/roan2/.m2/repository/com/github/almasb/fxgl/11.14/fxgl-11.14.jar!/fxglassets/languages/english.lang
14:10:55.573 [FXGL Background Thread 1 ] INFO  FXGLApplication      - FXGL initialization took: 0.396 sec
14:10:55.584 [JavaFX Application Thread] DEBUG Input                - Registered new binding: action0 - W
14:10:55.584 [JavaFX Application Thread] DEBUG Input                - Registered new binding: action1 - S
14:10:55.585 [JavaFX Application Thread] DEBUG Input                - Registered new binding: action2 - A
14:10:55.585 [JavaFX Application Thread] DEBUG Input                - Registered new binding: action3 - D
14:10:55.586 [JavaFX Application Thread] DEBUG FXGLAssetLoaderServi - Loading from file system: jar:file:/C:/Users/roan2/.m2/repository/com/github/almasb/fxgl/11.14/fxgl-11.14.jar!/fxglassets/textures/fxgl_icon.png
14:10:55.602 [JavaFX Application Thread] DEBUG FXGLAssetLoaderServi - Loading from file system: jar:file:/C:/Users/roan2/.m2/repository/com/github/almasb/fxgl/11.14/fxgl-11.14.jar!/fxglassets/ui/cursors/fxgl_default.png
14:10:55.604 [JavaFX Application Thread] DEBUG Input                - Registered new binding: Screenshot - P
14:10:55.604 [JavaFX Application Thread] DEBUG Input                - Registered new binding: System info dump - CTRL+9
14:10:55.605 [JavaFX Application Thread] DEBUG Input                - Registered new binding: Restart - CTRL+R
14:10:55.605 [JavaFX Application Thread] DEBUG Input                - Registered new binding: Toggle Debug Camera - CTRL+C
14:10:55.607 [JavaFX Application Thread] DEBUG LoopRunner           - Starting loop
14:10:55.608 [JavaFX Application Thread] DEBUG LoopRunner           - Initializing JavaFX AnimationTimerLoop
14:10:55.609 [JavaFX Application Thread] DEBUG GameApplicationServi - Starting new game
14:10:55.609 [JavaFX Application Thread] DEBUG Input                - Clearing active input actions
14:10:55.619 [JavaFX Application Thread] DEBUG GameApplicationServi - Removing overlay from FXGLStartupScene and adding to FXGLLoadingScene
14:10:55.620 [JavaFX Application Thread] DEBUG PrimaryStageWindow   - FXGLStartupScene -> FXGLLoadingScene
14:10:55.620 [JavaFX Application Thread] DEBUG GameApplicationServi - Clearing previous game
14:10:55.620 [JavaFX Application Thread] DEBUG GameScene            - Clearing game scene
14:10:55.620 [JavaFX Application Thread] DEBUG GameWorld            - Clearing game world
14:10:55.620 [JavaFX Application Thread] DEBUG PhysicsWorld         - Clearing physics world
14:10:55.621 [FXGL Background Thread 1 ] DEBUG FXGLApplication      - Initializing game
14:10:55.624 [FXGL Background Thread 1 ] DEBUG FXGLAssetLoaderServi - Loading from file system: file:/C:/Users/roan2/Documents/SE-Challengeweek/target/classes/assets/textures/sprite.png
14:10:55.636 [FXGL Background Thread 4 ] DEBUG FXGLAssetLoaderServi - Loading from file system: jar:file:/C:/Users/roan2/.m2/repository/com/github/almasb/fxgl/11.14/fxgl-11.14.jar!/fxglassets/ui/fonts/Abel-Regular.ttf
14:10:55.640 [FXGL Background Thread 4 ] DEBUG FXGLAssetLoaderServi - Loading from file system: jar:file:/C:/Users/roan2/.m2/repository/com/github/almasb/fxgl/11.14/fxgl-11.14.jar!/fxglassets/ui/fonts/lucida_console.ttf
14:10:55.643 [FXGL Background Thread 1 ] DEBUG FXGLAssetLoaderServi - Loading from file system: file:/C:/Users/roan2/Documents/SE-Challengeweek/target/classes/assets/textures/wall-1.png
14:10:55.646 [FXGL Background Thread 4 ] DEBUG FXGLAssetLoaderServi - Loading from file system: jar:file:/C:/Users/roan2/.m2/repository/com/github/almasb/fxgl/11.14/fxgl-11.14.jar!/fxglassets/ui/fonts/Courier-Prime.ttf
14:10:55.651 [FXGL Background Thread 1 ] DEBUG FXGLAssetLoaderServi - Loading from file system: file:/C:/Users/roan2/Documents/SE-Challengeweek/target/classes/assets/textures/wall-2.png
14:10:55.661 [JavaFX Application Thread] DEBUG FXGLApplication      - Registering font factories with UI factory
14:10:55.667 [FXGL Background Thread 1 ] DEBUG FXGLAssetLoaderServi - Loading from file system: file:/C:/Users/roan2/Documents/SE-Challengeweek/target/classes/assets/textures/tonnetje-1.png
14:10:55.715 [FXGL Background Thread 1 ] INFO  FXGLApplication      - Game initialization took: 0.093 sec
14:10:55.745 [JavaFX Application Thread] DEBUG Input                - Clearing active input actions
14:10:55.773 [JavaFX Application Thread] DEBUG GameApplicationServi - Removing overlay from FXGLLoadingScene and adding to GameScene
14:10:55.773 [JavaFX Application Thread] DEBUG PrimaryStageWindow   - FXGLLoadingScene -> GameScene
14:10:55.948 [FXGL Background Thread 2 ] INFO  UpdaterService       - Your current version:  11.14
14:10:55.949 [FXGL Background Thread 2 ] INFO  UpdaterService       - Latest stable version: 17.1
14:10:58.555 [FXGL Background Thread 3 ] DEBUG Engine               - Logging environment variables
14:10:58.556 [FXGL Background Thread 3 ] DEBUG Engine               - achievements: []
14:10:58.557 [FXGL Background Thread 3 ] DEBUG Engine               - actualHeight: 823.0
14:10:58.557 [FXGL Background Thread 3 ] DEBUG Engine               - actualHeightProperty: ReadOnlyDoubleProperty [value: 823.0]
14:10:58.558 [FXGL Background Thread 3 ] DEBUG Engine               - actualWidth: 925.0
14:10:58.558 [FXGL Background Thread 3 ] DEBUG Engine               - actualWidthProperty: ReadOnlyDoubleProperty [value: 925.0]
14:10:58.559 [FXGL Background Thread 3 ] DEBUG Engine               - appIcon: fxgl_icon.png
14:10:58.559 [FXGL Background Thread 3 ] DEBUG Engine               - applicationMode: DEVELOPER
14:10:58.559 [FXGL Background Thread 3 ] DEBUG Engine               - cSSList: [fxgl_dark.css]
14:10:58.560 [FXGL Background Thread 3 ] DEBUG Engine               - collisionDetectionStrategy: BRUTE_FORCE
14:10:58.560 [FXGL Background Thread 3 ] DEBUG Engine               - configClass: Optional.empty
14:10:58.561 [FXGL Background Thread 3 ] DEBUG Engine               - credits: []
14:10:58.562 [FXGL Background Thread 3 ] DEBUG Engine               - devBBoxColorProperty: ObjectProperty [value: 0xff0000ff]
14:10:58.562 [FXGL Background Thread 3 ] DEBUG Engine               - devEnableDebugCameraProperty: BooleanProperty [value: false]
14:10:58.563 [FXGL Background Thread 3 ] DEBUG Engine               - devSensorColorProperty: ObjectProperty [value: 0xffff00ff]
14:10:58.564 [FXGL Background Thread 3 ] DEBUG Engine               - devShowBBoxProperty: BooleanProperty [value: false]
14:10:58.564 [FXGL Background Thread 3 ] DEBUG Engine               - devShowPositionProperty: BooleanProperty [value: false]
14:10:58.565 [FXGL Background Thread 3 ] DEBUG Engine               - enabledMenuItems: []
14:10:58.565 [FXGL Background Thread 3 ] DEBUG Engine               - engineServices: [class com.almasb.fxgl.app.services.FXGLAssetLoaderService, class com.almasb.fxgl.app.FXGLApplication$GameApplicationService, class com.almasb.fxgl.app.services.FXGLDialogService, class com.almasb.fxgl.app.services.IOTaskExecutorService, class com.almasb.fxgl.event.EventBusService, class com.almasb.fxgl.io.FileSystemService, class com.almasb.fxgl.localization.LocalizationService, class com.almasb.fxgl.app.services.SystemBundleService, class com.almasb.fxgl.profile.SaveLoadService, class com.almasb.fxgl.ui.FXGLUIFactoryServiceProvider, class com.almasb.fxgl.ui.FXGLDialogFactoryServiceProvider, class com.almasb.fxgl.audio.AudioPlayer, class com.almasb.fxgl.notification.impl.NotificationServiceProvider, class com.almasb.fxgl.achievement.AchievementService, class com.almasb.fxgl.cutscene.CutsceneService, class com.almasb.fxgl.minigames.MiniGameService, class com.almasb.fxgl.net.NetService, class com.almasb.fxgl.app.services.UpdaterService, class com.almasb.fxgl.dev.DevService]
14:10:58.565 [FXGL Background Thread 3 ] DEBUG Engine               - fontGame: Abel-Regular.ttf
14:10:58.566 [FXGL Background Thread 3 ] DEBUG Engine               - fontMono: lucida_console.ttf
14:10:58.566 [FXGL Background Thread 3 ] DEBUG Engine               - fontText: Courier-Prime.ttf
14:10:58.567 [FXGL Background Thread 3 ] DEBUG Engine               - fontUI: VarelaRound-Regular.ttf
14:10:58.567 [FXGL Background Thread 3 ] DEBUG Engine               - fullScreen: BooleanProperty [value: false]
14:10:58.568 [FXGL Background Thread 3 ] DEBUG Engine               - gameDifficulty: MEDIUM
14:10:58.568 [FXGL Background Thread 3 ] DEBUG Engine               - gameDifficultyProperty: ObjectProperty [value: MEDIUM]
14:10:58.568 [FXGL Background Thread 3 ] DEBUG Engine               - globalMusicVolume: 0.5
14:10:58.569 [FXGL Background Thread 3 ] DEBUG Engine               - globalMusicVolumeProperty: DoubleProperty [value: 0.5]
14:10:58.569 [FXGL Background Thread 3 ] DEBUG Engine               - globalSoundVolume: 0.5
14:10:58.570 [FXGL Background Thread 3 ] DEBUG Engine               - globalSoundVolumeProperty: DoubleProperty [value: 0.5]
14:10:58.570 [FXGL Background Thread 3 ] DEBUG Engine               - height: 832
14:10:58.571 [FXGL Background Thread 3 ] DEBUG Engine               - isAndroid: false
14:10:58.571 [FXGL Background Thread 3 ] DEBUG Engine               - isBrowser: false
14:10:58.572 [FXGL Background Thread 3 ] DEBUG Engine               - isClickFeedbackEnabled: false
14:10:58.572 [FXGL Background Thread 3 ] DEBUG Engine               - isCloseConfirmation: false
14:10:58.573 [FXGL Background Thread 3 ] DEBUG Engine               - isDesktop: true
14:10:58.573 [FXGL Background Thread 3 ] DEBUG Engine               - isDeveloperMenuEnabled: false
14:10:58.573 [FXGL Background Thread 3 ] DEBUG Engine               - isEntityPreloadEnabled: true
14:10:58.574 [FXGL Background Thread 3 ] DEBUG Engine               - isExperimental3D: false
14:10:58.574 [FXGL Background Thread 3 ] DEBUG Engine               - isExperimentalNative: false
14:10:58.574 [FXGL Background Thread 3 ] DEBUG Engine               - isExperimentalTiledLargeMap: false
14:10:58.575 [FXGL Background Thread 3 ] DEBUG Engine               - isFileSystemWriteAllowed: true
14:10:58.575 [FXGL Background Thread 3 ] DEBUG Engine               - isFullScreenAllowed: false
14:10:58.575 [FXGL Background Thread 3 ] DEBUG Engine               - isFullScreenFromStart: false
14:10:58.576 [FXGL Background Thread 3 ] DEBUG Engine               - isGameMenuEnabled: true
14:10:58.576 [FXGL Background Thread 3 ] DEBUG Engine               - isIOS: false
14:10:58.577 [FXGL Background Thread 3 ] DEBUG Engine               - isIntroEnabled: false
14:10:58.577 [FXGL Background Thread 3 ] DEBUG Engine               - isLinux: false
14:10:58.578 [FXGL Background Thread 3 ] DEBUG Engine               - isMac: false
14:10:58.578 [FXGL Background Thread 3 ] DEBUG Engine               - isMainMenuEnabled: false
14:10:58.579 [FXGL Background Thread 3 ] DEBUG Engine               - isManualResizeEnabled: false
14:10:58.579 [FXGL Background Thread 3 ] DEBUG Engine               - isMobile: false
14:10:58.579 [FXGL Background Thread 3 ] DEBUG Engine               - isPreserveResizeRatio: false
14:10:58.580 [FXGL Background Thread 3 ] DEBUG Engine               - isProfilingEnabled: false
14:10:58.580 [FXGL Background Thread 3 ] DEBUG Engine               - isScaleAffectedOnResize: true
14:10:58.580 [FXGL Background Thread 3 ] DEBUG Engine               - isSingleStep: false
14:10:58.581 [FXGL Background Thread 3 ] DEBUG Engine               - isUserProfileEnabled: false
14:10:58.581 [FXGL Background Thread 3 ] DEBUG Engine               - isWindows: true
14:10:58.581 [FXGL Background Thread 3 ] DEBUG Engine               - language: ObjectProperty [value: ENGLISH]
14:10:58.582 [FXGL Background Thread 3 ] DEBUG Engine               - menuKey: ESCAPE
14:10:58.582 [FXGL Background Thread 3 ] DEBUG Engine               - notificationViewClass: class com.almasb.fxgl.notification.view.XboxNotificationView
14:10:58.583 [FXGL Background Thread 3 ] DEBUG Engine               - pixelsPerMeter: 50.0
14:10:58.583 [FXGL Background Thread 3 ] DEBUG Engine               - platform: WINDOWS
14:10:58.584 [FXGL Background Thread 3 ] DEBUG Engine               - prefHeightProperty: ReadOnlyDoubleProperty [value: 832.0]
14:10:58.584 [FXGL Background Thread 3 ] DEBUG Engine               - prefWidthProperty: ReadOnlyDoubleProperty [value: 960.0]
14:10:58.584 [FXGL Background Thread 3 ] DEBUG Engine               - profileDir: profiles/
14:10:58.585 [FXGL Background Thread 3 ] DEBUG Engine               - profileName: StringProperty [value: DEFAULT]
14:10:58.585 [FXGL Background Thread 3 ] DEBUG Engine               - randomSeed: -1
14:10:58.586 [FXGL Background Thread 3 ] DEBUG Engine               - runtimeInfo: RuntimeInfo(platform=WINDOWS, version=11.14, build=01.03.2021 16.59)
14:10:58.586 [FXGL Background Thread 3 ] DEBUG Engine               - saveFileExt: sav
14:10:58.586 [FXGL Background Thread 3 ] DEBUG Engine               - scaledHeightProp$fxgl: DoubleProperty [bound, value: 823.0]
14:10:58.587 [FXGL Background Thread 3 ] DEBUG Engine               - scaledWidthProp$fxgl: DoubleProperty [bound, value: 925.0]
14:10:58.587 [FXGL Background Thread 3 ] DEBUG Engine               - sceneFactory: com.almasb.fxgl.app.scene.SceneFactory@614180c
14:10:58.588 [FXGL Background Thread 3 ] DEBUG Engine               - secondsIn24h: 60
14:10:58.588 [FXGL Background Thread 3 ] DEBUG Engine               - soundMenuBack: menu/back.wav
14:10:58.588 [FXGL Background Thread 3 ] DEBUG Engine               - soundMenuPress: menu/press.wav
14:10:58.588 [FXGL Background Thread 3 ] DEBUG Engine               - soundMenuSelect: menu/select.wav
14:10:58.589 [FXGL Background Thread 3 ] DEBUG Engine               - soundNotification: core/notification.wav
14:10:58.590 [FXGL Background Thread 3 ] DEBUG Engine               - stageStyle: DECORATED
14:10:58.590 [FXGL Background Thread 3 ] DEBUG Engine               - supportedLanguages: [ENGLISH, FRENCH, GERMAN, HUNGARIAN, RUSSIAN]
14:10:58.590 [FXGL Background Thread 3 ] DEBUG Engine               - ticksPerSecond: -1
14:10:58.590 [FXGL Background Thread 3 ] DEBUG Engine               - title: Bomberman SE
14:10:58.591 [FXGL Background Thread 3 ] DEBUG Engine               - urlGithub: https://github.com/AlmasB/FXGL
14:10:58.591 [FXGL Background Thread 3 ] DEBUG Engine               - urlLeaderboard: http://fxgl-top.herokuapp.com/
14:10:58.591 [FXGL Background Thread 3 ] DEBUG Engine               - urlPOM: https://raw.githubusercontent.com/AlmasB/FXGL/release/README.md
14:10:58.592 [FXGL Background Thread 3 ] DEBUG Engine               - userAppClass: class Game
14:10:58.592 [FXGL Background Thread 3 ] DEBUG Engine               - version: 1.0
14:10:58.592 [FXGL Background Thread 3 ] DEBUG Engine               - versionCheckDays: 7
14:10:58.593 [FXGL Background Thread 3 ] DEBUG Engine               - width: 960
14:10:58.593 [FXGL Background Thread 3 ] DEBUG Engine               - Logging services
14:10:58.593 [FXGL Background Thread 3 ] DEBUG Engine               - class com.almasb.fxgl.app.services.FXGLAssetLoaderService
14:10:58.594 [FXGL Background Thread 3 ] DEBUG Engine               - class com.almasb.fxgl.app.FXGLApplication$GameApplicationService
14:10:58.594 [FXGL Background Thread 3 ] DEBUG Engine               - class com.almasb.fxgl.app.services.FXGLDialogService
14:10:58.595 [FXGL Background Thread 3 ] DEBUG Engine               - class com.almasb.fxgl.app.services.IOTaskExecutorService
14:10:58.595 [FXGL Background Thread 3 ] DEBUG Engine               - class com.almasb.fxgl.event.EventBusService
14:10:58.595 [FXGL Background Thread 3 ] DEBUG Engine               - class com.almasb.fxgl.io.FileSystemService
14:10:58.596 [FXGL Background Thread 3 ] DEBUG Engine               - class com.almasb.fxgl.localization.LocalizationService
14:10:58.596 [FXGL Background Thread 3 ] DEBUG Engine               - class com.almasb.fxgl.app.services.SystemBundleService
14:10:58.596 [FXGL Background Thread 3 ] DEBUG Engine               - class com.almasb.fxgl.profile.SaveLoadService
14:10:58.596 [FXGL Background Thread 3 ] DEBUG Engine               - class com.almasb.fxgl.ui.FXGLUIFactoryServiceProvider
14:10:58.597 [FXGL Background Thread 3 ] DEBUG Engine               - class com.almasb.fxgl.ui.FXGLDialogFactoryServiceProvider
14:10:58.597 [FXGL Background Thread 3 ] DEBUG Engine               - class com.almasb.fxgl.audio.AudioPlayer
14:10:58.597 [FXGL Background Thread 3 ] DEBUG Engine               - class com.almasb.fxgl.notification.impl.NotificationServiceProvider
14:10:58.598 [FXGL Background Thread 3 ] DEBUG Engine               - class com.almasb.fxgl.achievement.AchievementService
14:10:58.598 [FXGL Background Thread 3 ] DEBUG Engine               - class com.almasb.fxgl.cutscene.CutsceneService
14:10:58.598 [FXGL Background Thread 3 ] DEBUG Engine               - class com.almasb.fxgl.minigames.MiniGameService
14:10:58.598 [FXGL Background Thread 3 ] DEBUG Engine               - class com.almasb.fxgl.net.NetService
14:10:58.599 [FXGL Background Thread 3 ] DEBUG Engine               - class com.almasb.fxgl.app.services.UpdaterService
14:10:58.599 [FXGL Background Thread 3 ] DEBUG Engine               - class com.almasb.fxgl.dev.DevService
14:10:59.097 [JavaFX Application Thread] DEBUG FXGLApplication      - Exiting FXGL
14:10:59.097 [JavaFX Application Thread] DEBUG LoopRunner           - Stopping loop
14:10:59.098 [JavaFX Application Thread] DEBUG SystemBundleService  - Saving FXGL system data
14:10:59.100 [JavaFX Application Thread] DEBUG FileSystemAccess     - Writing to: C:\Users\roan2\Documents\SE-Challengeweek\system\fxgl.bundle
14:10:59.101 [JavaFX Application Thread] DEBUG Async                - Shutting down background threads
14:10:59.102 [JavaFX Application Thread] DEBUG PrimaryStageWindow   - Closing main window
14:10:59.145 [JavaFX Application Thread] DEBUG Logger               - Closing Logger
