20:33:25.255 [main                     ] DEBUG Logger               - Configured Logger
20:33:25.267 [main                     ] DEBUG GameApplication      - Logging settings
Title: Bomberman SE
Version: 1.0
Width: 1920
Height: 1080
Fullscreen: false
Intro: false
Profiling: false
Single step:false
App Mode: DEVELOPER
Menu Key: ESCAPE
Stage Style: DECORATED
Scene Factory: class com.almasb.fxgl.app.scene.SceneFactory

20:33:25.613 [JavaFX Application Thread] DEBUG FXGLApplication      - Initializing FXGL
20:33:25.614 [JavaFX Application Thread] INFO  Engine               - FXGL-11.14 (01.03.2021 16.59) on WINDOWS (J:15.0.2 FX:15)
20:33:25.615 [JavaFX Application Thread] DEBUG Engine               - JRE Vendor Name: Amazon.com Inc.
20:33:25.615 [JavaFX Application Thread] DEBUG Engine               - Running on OS: Windows 10 version 10.0
20:33:25.615 [JavaFX Application Thread] DEBUG Engine               - Architecture: amd64
20:33:25.615 [JavaFX Application Thread] INFO  Engine               - Source code and latest versions at: https://github.com/AlmasB/FXGL
20:33:25.616 [JavaFX Application Thread] INFO  Engine               -              Join the FXGL chat at: https://gitter.im/AlmasB/FXGL
20:33:25.693 [JavaFX Application Thread] DEBUG PrimaryStageWindow   - Creating a JavaFX scene
20:33:25.727 [JavaFX Application Thread] DEBUG PrimaryStageWindow   - Target settings size: 1920.0 x 1080.0
20:33:25.727 [JavaFX Application Thread] DEBUG PrimaryStageWindow   - Scaled scene size:    1920.0 x 1080.0
20:33:25.727 [JavaFX Application Thread] DEBUG PrimaryStageWindow   - Scaled ratio: (1.0, 1.0)
20:33:25.729 [JavaFX Application Thread] DEBUG PrimaryStageWindow   - Set initial scene to FXGLStartupScene
20:33:25.733 [JavaFX Application Thread] DEBUG PrimaryStageWindow   - Opening main window
20:33:25.789 [JavaFX Application Thread] DEBUG PrimaryStageWindow   - Window border size: (14.6666259765625, 37.3333740234375)
20:33:25.789 [JavaFX Application Thread] DEBUG PrimaryStageWindow   - Scaled size: 1920.0 x 1080.0
20:33:25.789 [JavaFX Application Thread] DEBUG PrimaryStageWindow   - Scaled ratio: (1.0, 1.0)
20:33:25.789 [JavaFX Application Thread] DEBUG PrimaryStageWindow   - Scene size: 1920.0 x 1080.0
20:33:25.790 [JavaFX Application Thread] DEBUG PrimaryStageWindow   - Stage size: 1934.6666259765625 x 1117.3333740234375
20:33:25.793 [FXGL Background Thread 1 ] DEBUG Engine               - Initializing environment variables
20:33:25.815 [FXGL Background Thread 1 ] DEBUG FXGLAssetLoaderServi - User app class for loading assets: class Game
20:33:25.815 [FXGL Background Thread 1 ] DEBUG GameApplicationServi - Applying CSS: fxgl_dark.css
20:33:25.816 [FXGL Background Thread 1 ] DEBUG FXGLAssetLoaderServi - Loading from file system: jar:file:/C:/Users/Stan/.m2/repository/com/github/almasb/fxgl/11.14/fxgl-11.14.jar!/fxglassets/ui/css/fxgl_dark.css
20:33:25.848 [FXGL Background Thread 1 ] DEBUG GameApplicationServi - Initializing application scenes
20:33:25.869 [FXGL Background Thread 1 ] DEBUG GameWorld            - Game world initialized
20:33:25.902 [FXGL Background Thread 1 ] DEBUG PhysicsWorld         - Physics world initialized: appHeight=1080, physics.ppm=50,0
20:33:25.902 [FXGL Background Thread 1 ] DEBUG PhysicsWorld         - Using strategy: BRUTE_FORCE
20:33:25.904 [FXGL Background Thread 1 ] DEBUG GameScene            - Game scene initialized: 1920x1080
20:33:25.926 [FXGL Background Thread 1 ] DEBUG FXGLAssetLoaderServi - Loading from file system: jar:file:/C:/Users/Stan/.m2/repository/com/github/almasb/fxgl/11.14/fxgl-11.14.jar!/fxglassets/textures/particles/trace_horizontal.png
20:33:25.959 [FXGL Background Thread 1 ] DEBUG FXGL.DefaultMenu     - createMenuBodyGameMenu()
20:33:25.973 [FXGL Background Thread 1 ] DEBUG FXGL.DefaultMenu     - createOptionsMenu()
20:33:25.976 [FXGL Background Thread 1 ] DEBUG FXGLAssetLoaderServi - Loading from file system: jar:file:/C:/Users/Stan/.m2/repository/com/github/almasb/fxgl/11.14/fxgl-11.14.jar!/fxglassets/textures/particles/smoke.png
20:33:26.009 [FXGL Background Thread 1 ] DEBUG GameApplicationServi - Application scenes initialized
20:33:26.017 [FXGL Background Thread 1 ] DEBUG SystemBundleService  - Loading FXGL system data
20:33:26.022 [FXGL Background Thread 1 ] DEBUG FileSystemAccess     - Reading from: C:\Users\Stan\Documents\SE-Challengeweek\system\fxgl.bundle
20:33:26.026 [FXGL Background Thread 1 ] DEBUG SystemBundleService  - Bundle FXGL: {}
20:33:26.026 [FXGL Background Thread 1 ] DEBUG UpdaterService       - Checking for updates
20:33:26.029 [FXGL Background Thread 4 ] DEBUG FXGLApplication      - Loading fonts
20:33:26.029 [FXGL Background Thread 1 ] DEBUG FXGLApplication      - Loading default localization
20:33:26.030 [FXGL Background Thread 4 ] DEBUG FXGLAssetLoaderServi - Loading from file system: jar:file:/C:/Users/Stan/.m2/repository/com/github/almasb/fxgl/11.14/fxgl-11.14.jar!/fxglassets/ui/fonts/VarelaRound-Regular.ttf
20:33:26.030 [FXGL Background Thread 1 ] DEBUG FXGLAssetLoaderServi - Loading from file system: jar:file:/C:/Users/Stan/.m2/repository/com/github/almasb/fxgl/11.14/fxgl-11.14.jar!/fxglassets/languages/english.lang
20:33:26.042 [FXGL Background Thread 1 ] INFO  FXGLApplication      - FXGL initialization took: 0,249 sec
20:33:26.052 [JavaFX Application Thread] DEBUG Input                - Registered new binding: action0 - D
20:33:26.052 [JavaFX Application Thread] DEBUG Input                - Registered new binding: action1 - A
20:33:26.052 [JavaFX Application Thread] DEBUG Input                - Registered new binding: action2 - W
20:33:26.053 [JavaFX Application Thread] DEBUG Input                - Registered new binding: action3 - S
20:33:26.053 [JavaFX Application Thread] DEBUG FXGLAssetLoaderServi - Loading from file system: jar:file:/C:/Users/Stan/.m2/repository/com/github/almasb/fxgl/11.14/fxgl-11.14.jar!/fxglassets/textures/fxgl_icon.png
20:33:26.069 [JavaFX Application Thread] DEBUG FXGLAssetLoaderServi - Loading from file system: jar:file:/C:/Users/Stan/.m2/repository/com/github/almasb/fxgl/11.14/fxgl-11.14.jar!/fxglassets/ui/cursors/fxgl_default.png
20:33:26.071 [JavaFX Application Thread] DEBUG Input                - Registered new binding: Screenshot - P
20:33:26.071 [JavaFX Application Thread] DEBUG Input                - Registered new binding: System info dump - CTRL+9
20:33:26.072 [JavaFX Application Thread] DEBUG Input                - Registered new binding: Restart - CTRL+R
20:33:26.072 [JavaFX Application Thread] DEBUG Input                - Registered new binding: Toggle Debug Camera - CTRL+C
20:33:26.074 [JavaFX Application Thread] DEBUG LoopRunner           - Starting loop
20:33:26.074 [JavaFX Application Thread] DEBUG LoopRunner           - Initializing JavaFX AnimationTimerLoop
20:33:26.075 [JavaFX Application Thread] DEBUG GameApplicationServi - Starting new game
20:33:26.076 [JavaFX Application Thread] DEBUG Input                - Clearing active input actions
20:33:26.077 [FXGL Background Thread 4 ] DEBUG FXGLAssetLoaderServi - Loading from file system: jar:file:/C:/Users/Stan/.m2/repository/com/github/almasb/fxgl/11.14/fxgl-11.14.jar!/fxglassets/ui/fonts/Abel-Regular.ttf
20:33:26.086 [FXGL Background Thread 4 ] DEBUG FXGLAssetLoaderServi - Loading from file system: jar:file:/C:/Users/Stan/.m2/repository/com/github/almasb/fxgl/11.14/fxgl-11.14.jar!/fxglassets/ui/fonts/lucida_console.ttf
20:33:26.087 [JavaFX Application Thread] DEBUG GameApplicationServi - Removing overlay from FXGLStartupScene and adding to FXGLLoadingScene
20:33:26.088 [JavaFX Application Thread] DEBUG PrimaryStageWindow   - FXGLStartupScene -> FXGLLoadingScene
20:33:26.088 [JavaFX Application Thread] DEBUG GameApplicationServi - Clearing previous game
20:33:26.088 [JavaFX Application Thread] DEBUG GameScene            - Clearing game scene
20:33:26.088 [JavaFX Application Thread] DEBUG GameWorld            - Clearing game world
20:33:26.088 [JavaFX Application Thread] DEBUG PhysicsWorld         - Clearing physics world
20:33:26.090 [FXGL Background Thread 1 ] DEBUG FXGLApplication      - Initializing game
20:33:26.092 [FXGL Background Thread 1 ] DEBUG FXGLAssetLoaderServi - Loading from file system: file:/C:/Users/Stan/Documents/SE-Challengeweek/target/classes/assets/textures/sprite.png
20:33:26.099 [FXGL Background Thread 4 ] DEBUG FXGLAssetLoaderServi - Loading from file system: jar:file:/C:/Users/Stan/.m2/repository/com/github/almasb/fxgl/11.14/fxgl-11.14.jar!/fxglassets/ui/fonts/Courier-Prime.ttf
20:33:26.138 [JavaFX Application Thread] DEBUG FXGLApplication      - Registering font factories with UI factory
20:33:26.173 [FXGL Background Thread 1 ] INFO  FXGLApplication      - Game initialization took: 0,083 sec
20:33:26.199 [JavaFX Application Thread] DEBUG Input                - Clearing active input actions
20:33:26.208 [JavaFX Application Thread] DEBUG GameApplicationServi - Removing overlay from FXGLLoadingScene and adding to GameScene
20:33:26.209 [JavaFX Application Thread] DEBUG PrimaryStageWindow   - FXGLLoadingScene -> GameScene
20:33:26.340 [FXGL Background Thread 2 ] INFO  UpdaterService       - Your current version:  11.14
20:33:26.341 [FXGL Background Thread 2 ] INFO  UpdaterService       - Latest stable version: 17.1
20:33:29.029 [FXGL Background Thread 3 ] DEBUG Engine               - Logging environment variables
20:33:29.029 [FXGL Background Thread 3 ] DEBUG Engine               - achievements: []
20:33:29.029 [FXGL Background Thread 3 ] DEBUG Engine               - actualHeight: 1080.0
20:33:29.029 [FXGL Background Thread 3 ] DEBUG Engine               - actualHeightProperty: ReadOnlyDoubleProperty [value: 1080.0]
20:33:29.029 [FXGL Background Thread 3 ] DEBUG Engine               - actualWidth: 1920.0
20:33:29.029 [FXGL Background Thread 3 ] DEBUG Engine               - actualWidthProperty: ReadOnlyDoubleProperty [value: 1920.0]
20:33:29.030 [FXGL Background Thread 3 ] DEBUG Engine               - appIcon: fxgl_icon.png
20:33:29.030 [FXGL Background Thread 3 ] DEBUG Engine               - applicationMode: DEVELOPER
20:33:29.030 [FXGL Background Thread 3 ] DEBUG Engine               - cSSList: [fxgl_dark.css]
20:33:29.030 [FXGL Background Thread 3 ] DEBUG Engine               - collisionDetectionStrategy: BRUTE_FORCE
20:33:29.030 [FXGL Background Thread 3 ] DEBUG Engine               - configClass: Optional.empty
20:33:29.030 [FXGL Background Thread 3 ] DEBUG Engine               - credits: []
20:33:29.031 [FXGL Background Thread 3 ] DEBUG Engine               - devBBoxColorProperty: ObjectProperty [value: 0xff0000ff]
20:33:29.031 [FXGL Background Thread 3 ] DEBUG Engine               - devEnableDebugCameraProperty: BooleanProperty [value: false]
20:33:29.031 [FXGL Background Thread 3 ] DEBUG Engine               - devSensorColorProperty: ObjectProperty [value: 0xffff00ff]
20:33:29.031 [FXGL Background Thread 3 ] DEBUG Engine               - devShowBBoxProperty: BooleanProperty [value: false]
20:33:29.031 [FXGL Background Thread 3 ] DEBUG Engine               - devShowPositionProperty: BooleanProperty [value: false]
20:33:29.031 [FXGL Background Thread 3 ] DEBUG Engine               - enabledMenuItems: []
20:33:29.031 [FXGL Background Thread 3 ] DEBUG Engine               - engineServices: [class com.almasb.fxgl.app.services.FXGLAssetLoaderService, class com.almasb.fxgl.app.FXGLApplication$GameApplicationService, class com.almasb.fxgl.app.services.FXGLDialogService, class com.almasb.fxgl.app.services.IOTaskExecutorService, class com.almasb.fxgl.event.EventBusService, class com.almasb.fxgl.io.FileSystemService, class com.almasb.fxgl.localization.LocalizationService, class com.almasb.fxgl.app.services.SystemBundleService, class com.almasb.fxgl.profile.SaveLoadService, class com.almasb.fxgl.ui.FXGLUIFactoryServiceProvider, class com.almasb.fxgl.ui.FXGLDialogFactoryServiceProvider, class com.almasb.fxgl.audio.AudioPlayer, class com.almasb.fxgl.notification.impl.NotificationServiceProvider, class com.almasb.fxgl.achievement.AchievementService, class com.almasb.fxgl.cutscene.CutsceneService, class com.almasb.fxgl.minigames.MiniGameService, class com.almasb.fxgl.net.NetService, class com.almasb.fxgl.app.services.UpdaterService, class com.almasb.fxgl.dev.DevService]
20:33:29.031 [FXGL Background Thread 3 ] DEBUG Engine               - fontGame: Abel-Regular.ttf
20:33:29.031 [FXGL Background Thread 3 ] DEBUG Engine               - fontMono: lucida_console.ttf
20:33:29.032 [FXGL Background Thread 3 ] DEBUG Engine               - fontText: Courier-Prime.ttf
20:33:29.032 [FXGL Background Thread 3 ] DEBUG Engine               - fontUI: VarelaRound-Regular.ttf
20:33:29.032 [FXGL Background Thread 3 ] DEBUG Engine               - fullScreen: BooleanProperty [value: false]
20:33:29.032 [FXGL Background Thread 3 ] DEBUG Engine               - gameDifficulty: MEDIUM
20:33:29.032 [FXGL Background Thread 3 ] DEBUG Engine               - gameDifficultyProperty: ObjectProperty [value: MEDIUM]
20:33:29.032 [FXGL Background Thread 3 ] DEBUG Engine               - globalMusicVolume: 0.5
20:33:29.032 [FXGL Background Thread 3 ] DEBUG Engine               - globalMusicVolumeProperty: DoubleProperty [value: 0.5]
20:33:29.032 [FXGL Background Thread 3 ] DEBUG Engine               - globalSoundVolume: 0.5
20:33:29.032 [FXGL Background Thread 3 ] DEBUG Engine               - globalSoundVolumeProperty: DoubleProperty [value: 0.5]
20:33:29.032 [FXGL Background Thread 3 ] DEBUG Engine               - height: 1080
20:33:29.033 [FXGL Background Thread 3 ] DEBUG Engine               - isAndroid: false
20:33:29.033 [FXGL Background Thread 3 ] DEBUG Engine               - isBrowser: false
20:33:29.033 [FXGL Background Thread 3 ] DEBUG Engine               - isClickFeedbackEnabled: false
20:33:29.033 [FXGL Background Thread 3 ] DEBUG Engine               - isCloseConfirmation: false
20:33:29.033 [FXGL Background Thread 3 ] DEBUG Engine               - isDesktop: true
20:33:29.033 [FXGL Background Thread 3 ] DEBUG Engine               - isDeveloperMenuEnabled: false
20:33:29.033 [FXGL Background Thread 3 ] DEBUG Engine               - isEntityPreloadEnabled: true
20:33:29.033 [FXGL Background Thread 3 ] DEBUG Engine               - isExperimental3D: false
20:33:29.033 [FXGL Background Thread 3 ] DEBUG Engine               - isExperimentalNative: false
20:33:29.033 [FXGL Background Thread 3 ] DEBUG Engine               - isExperimentalTiledLargeMap: false
20:33:29.034 [FXGL Background Thread 3 ] DEBUG Engine               - isFileSystemWriteAllowed: true
20:33:29.034 [FXGL Background Thread 3 ] DEBUG Engine               - isFullScreenAllowed: false
20:33:29.034 [FXGL Background Thread 3 ] DEBUG Engine               - isFullScreenFromStart: false
20:33:29.034 [FXGL Background Thread 3 ] DEBUG Engine               - isGameMenuEnabled: true
20:33:29.034 [FXGL Background Thread 3 ] DEBUG Engine               - isIOS: false
20:33:29.034 [FXGL Background Thread 3 ] DEBUG Engine               - isIntroEnabled: false
20:33:29.034 [FXGL Background Thread 3 ] DEBUG Engine               - isLinux: false
20:33:29.034 [FXGL Background Thread 3 ] DEBUG Engine               - isMac: false
20:33:29.034 [FXGL Background Thread 3 ] DEBUG Engine               - isMainMenuEnabled: false
20:33:29.034 [FXGL Background Thread 3 ] DEBUG Engine               - isManualResizeEnabled: false
20:33:29.034 [FXGL Background Thread 3 ] DEBUG Engine               - isMobile: false
20:33:29.034 [FXGL Background Thread 3 ] DEBUG Engine               - isPreserveResizeRatio: false
20:33:29.035 [FXGL Background Thread 3 ] DEBUG Engine               - isProfilingEnabled: false
20:33:29.035 [FXGL Background Thread 3 ] DEBUG Engine               - isScaleAffectedOnResize: true
20:33:29.035 [FXGL Background Thread 3 ] DEBUG Engine               - isSingleStep: false
20:33:29.035 [FXGL Background Thread 3 ] DEBUG Engine               - isUserProfileEnabled: false
20:33:29.035 [FXGL Background Thread 3 ] DEBUG Engine               - isWindows: true
20:33:29.035 [FXGL Background Thread 3 ] DEBUG Engine               - language: ObjectProperty [value: ENGLISH]
20:33:29.035 [FXGL Background Thread 3 ] DEBUG Engine               - menuKey: ESCAPE
20:33:29.035 [FXGL Background Thread 3 ] DEBUG Engine               - notificationViewClass: class com.almasb.fxgl.notification.view.XboxNotificationView
20:33:29.035 [FXGL Background Thread 3 ] DEBUG Engine               - pixelsPerMeter: 50.0
20:33:29.035 [FXGL Background Thread 3 ] DEBUG Engine               - platform: WINDOWS
20:33:29.035 [FXGL Background Thread 3 ] DEBUG Engine               - prefHeightProperty: ReadOnlyDoubleProperty [value: 1080.0]
20:33:29.036 [FXGL Background Thread 3 ] DEBUG Engine               - prefWidthProperty: ReadOnlyDoubleProperty [value: 1920.0]
20:33:29.036 [FXGL Background Thread 3 ] DEBUG Engine               - profileDir: profiles/
20:33:29.036 [FXGL Background Thread 3 ] DEBUG Engine               - profileName: StringProperty [value: DEFAULT]
20:33:29.036 [FXGL Background Thread 3 ] DEBUG Engine               - randomSeed: -1
20:33:29.036 [FXGL Background Thread 3 ] DEBUG Engine               - runtimeInfo: RuntimeInfo(platform=WINDOWS, version=11.14, build=01.03.2021 16.59)
20:33:29.036 [FXGL Background Thread 3 ] DEBUG Engine               - saveFileExt: sav
20:33:29.036 [FXGL Background Thread 3 ] DEBUG Engine               - scaledHeightProp$fxgl: DoubleProperty [bound, value: 1080.0]
20:33:29.036 [FXGL Background Thread 3 ] DEBUG Engine               - scaledWidthProp$fxgl: DoubleProperty [bound, value: 1920.0]
20:33:29.036 [FXGL Background Thread 3 ] DEBUG Engine               - sceneFactory: com.almasb.fxgl.app.scene.SceneFactory@71ee249a
20:33:29.036 [FXGL Background Thread 3 ] DEBUG Engine               - secondsIn24h: 60
20:33:29.037 [FXGL Background Thread 3 ] DEBUG Engine               - soundMenuBack: menu/back.wav
20:33:29.037 [FXGL Background Thread 3 ] DEBUG Engine               - soundMenuPress: menu/press.wav
20:33:29.037 [FXGL Background Thread 3 ] DEBUG Engine               - soundMenuSelect: menu/select.wav
20:33:29.037 [FXGL Background Thread 3 ] DEBUG Engine               - soundNotification: core/notification.wav
20:33:29.037 [FXGL Background Thread 3 ] DEBUG Engine               - stageStyle: DECORATED
20:33:29.037 [FXGL Background Thread 3 ] DEBUG Engine               - supportedLanguages: [ENGLISH, FRENCH, GERMAN, HUNGARIAN, RUSSIAN]
20:33:29.037 [FXGL Background Thread 3 ] DEBUG Engine               - ticksPerSecond: -1
20:33:29.037 [FXGL Background Thread 3 ] DEBUG Engine               - title: Bomberman SE
20:33:29.037 [FXGL Background Thread 3 ] DEBUG Engine               - urlGithub: https://github.com/AlmasB/FXGL
20:33:29.037 [FXGL Background Thread 3 ] DEBUG Engine               - urlLeaderboard: http://fxgl-top.herokuapp.com/
20:33:29.037 [FXGL Background Thread 3 ] DEBUG Engine               - urlPOM: https://raw.githubusercontent.com/AlmasB/FXGL/release/README.md
20:33:29.037 [FXGL Background Thread 3 ] DEBUG Engine               - userAppClass: class Game
20:33:29.037 [FXGL Background Thread 3 ] DEBUG Engine               - version: 1.0
20:33:29.038 [FXGL Background Thread 3 ] DEBUG Engine               - versionCheckDays: 7
20:33:29.038 [FXGL Background Thread 3 ] DEBUG Engine               - width: 1920
20:33:29.038 [FXGL Background Thread 3 ] DEBUG Engine               - Logging services
20:33:29.038 [FXGL Background Thread 3 ] DEBUG Engine               - class com.almasb.fxgl.app.services.FXGLAssetLoaderService
20:33:29.038 [FXGL Background Thread 3 ] DEBUG Engine               - class com.almasb.fxgl.app.FXGLApplication$GameApplicationService
20:33:29.038 [FXGL Background Thread 3 ] DEBUG Engine               - class com.almasb.fxgl.app.services.FXGLDialogService
20:33:29.038 [FXGL Background Thread 3 ] DEBUG Engine               - class com.almasb.fxgl.app.services.IOTaskExecutorService
20:33:29.038 [FXGL Background Thread 3 ] DEBUG Engine               - class com.almasb.fxgl.event.EventBusService
20:33:29.038 [FXGL Background Thread 3 ] DEBUG Engine               - class com.almasb.fxgl.io.FileSystemService
20:33:29.038 [FXGL Background Thread 3 ] DEBUG Engine               - class com.almasb.fxgl.localization.LocalizationService
20:33:29.038 [FXGL Background Thread 3 ] DEBUG Engine               - class com.almasb.fxgl.app.services.SystemBundleService
20:33:29.038 [FXGL Background Thread 3 ] DEBUG Engine               - class com.almasb.fxgl.profile.SaveLoadService
20:33:29.038 [FXGL Background Thread 3 ] DEBUG Engine               - class com.almasb.fxgl.ui.FXGLUIFactoryServiceProvider
20:33:29.038 [FXGL Background Thread 3 ] DEBUG Engine               - class com.almasb.fxgl.ui.FXGLDialogFactoryServiceProvider
20:33:29.039 [FXGL Background Thread 3 ] DEBUG Engine               - class com.almasb.fxgl.audio.AudioPlayer
20:33:29.039 [FXGL Background Thread 3 ] DEBUG Engine               - class com.almasb.fxgl.notification.impl.NotificationServiceProvider
20:33:29.039 [FXGL Background Thread 3 ] DEBUG Engine               - class com.almasb.fxgl.achievement.AchievementService
20:33:29.039 [FXGL Background Thread 3 ] DEBUG Engine               - class com.almasb.fxgl.cutscene.CutsceneService
20:33:29.039 [FXGL Background Thread 3 ] DEBUG Engine               - class com.almasb.fxgl.minigames.MiniGameService
20:33:29.039 [FXGL Background Thread 3 ] DEBUG Engine               - class com.almasb.fxgl.net.NetService
20:33:29.039 [FXGL Background Thread 3 ] DEBUG Engine               - class com.almasb.fxgl.app.services.UpdaterService
20:33:29.039 [FXGL Background Thread 3 ] DEBUG Engine               - class com.almasb.fxgl.dev.DevService
20:33:50.629 [JavaFX Application Thread] DEBUG Input                - Registered new binding: Right - CTRL+Right
20:33:50.629 [JavaFX Application Thread] DEBUG Input                - Registered new binding: Left - CTRL+Left
20:33:50.629 [JavaFX Application Thread] DEBUG Input                - Registered new binding: Up - CTRL+Up
20:33:50.630 [JavaFX Application Thread] DEBUG Input                - Registered new binding: Down - CTRL+Down
20:33:50.630 [JavaFX Application Thread] DEBUG PrimaryStageWindow   - Push state: DebugCameraScene
20:33:50.630 [JavaFX Application Thread] DEBUG Input                - Clearing active input actions
20:33:50.630 [JavaFX Application Thread] DEBUG GameApplicationServi - Removing overlay from GameScene and adding to DebugCameraScene
20:33:50.630 [JavaFX Application Thread] DEBUG PrimaryStageWindow   - GameScene -> DebugCameraScene
20:33:51.770 [JavaFX Application Thread] DEBUG PrimaryStageWindow   - Pop state: DebugCameraScene
20:33:51.771 [JavaFX Application Thread] DEBUG Input                - Clearing active input actions
20:33:51.772 [JavaFX Application Thread] DEBUG GameApplicationServi - Removing overlay from DebugCameraScene and adding to GameScene
20:33:51.773 [JavaFX Application Thread] DEBUG PrimaryStageWindow   - GameScene <- DebugCameraScene
20:33:53.403 [JavaFX Application Thread] DEBUG FXGLApplication      - Exiting FXGL
20:33:53.403 [JavaFX Application Thread] DEBUG LoopRunner           - Stopping loop
20:33:53.404 [JavaFX Application Thread] DEBUG SystemBundleService  - Saving FXGL system data
20:33:53.405 [JavaFX Application Thread] DEBUG FileSystemAccess     - Writing to: C:\Users\Stan\Documents\SE-Challengeweek\system\fxgl.bundle
20:33:53.406 [JavaFX Application Thread] DEBUG Async                - Shutting down background threads
20:33:53.406 [JavaFX Application Thread] DEBUG PrimaryStageWindow   - Closing main window
20:33:53.412 [JavaFX Application Thread] DEBUG Logger               - Closing Logger
