16:55:07.209 [main                     ] DEBUG Logger               - Configured Logger
16:55:07.240 [main                     ] DEBUG GameApplication      - Logging settings
Title: Bomberman SE
Version: 1.0
Width: 1920
Height: 1080
Fullscreen: false
Intro: false
Profiling: false
Single step:false
App Mode: DEVELOPER
Menu Key: ESCAPE
Stage Style: DECORATED
Scene Factory: class com.almasb.fxgl.app.scene.SceneFactory

16:55:08.197 [JavaFX Application Thread] DEBUG FXGLApplication      - Initializing FXGL
16:55:08.201 [JavaFX Application Thread] INFO  Engine               - FXGL-11.14 (01.03.2021 16.59) on WINDOWS (J:15.0.2 FX:15)
16:55:08.202 [JavaFX Application Thread] DEBUG Engine               - JRE Vendor Name: Amazon.com Inc.
16:55:08.202 [JavaFX Application Thread] DEBUG Engine               - Running on OS: Windows 10 version 10.0
16:55:08.203 [JavaFX Application Thread] DEBUG Engine               - Architecture: amd64
16:55:08.203 [JavaFX Application Thread] INFO  Engine               - Source code and latest versions at: https://github.com/AlmasB/FXGL
16:55:08.203 [JavaFX Application Thread] INFO  Engine               -              Join the FXGL chat at: https://gitter.im/AlmasB/FXGL
16:55:08.507 [JavaFX Application Thread] DEBUG PrimaryStageWindow   - Creating a JavaFX scene
16:55:08.508 [JavaFX Application Thread] DEBUG PrimaryStageWindow   - Target size > screen size
16:55:08.649 [JavaFX Application Thread] DEBUG PrimaryStageWindow   - Target settings size: 1920.0 x 1080.0
16:55:08.650 [JavaFX Application Thread] DEBUG PrimaryStageWindow   - Scaled scene size:    1823.0 x 1039.0
16:55:08.650 [JavaFX Application Thread] DEBUG PrimaryStageWindow   - Scaled ratio: (0.9494791666666667, 0.962037037037037)
16:55:08.652 [JavaFX Application Thread] DEBUG PrimaryStageWindow   - Set initial scene to FXGLStartupScene
16:55:08.667 [JavaFX Application Thread] DEBUG PrimaryStageWindow   - Opening main window
16:55:08.822 [JavaFX Application Thread] DEBUG PrimaryStageWindow   - Window border size: (16.0, 39.0)
16:55:08.822 [JavaFX Application Thread] DEBUG PrimaryStageWindow   - Scaled size: 1823.0 x 1039.0
16:55:08.823 [JavaFX Application Thread] DEBUG PrimaryStageWindow   - Scaled ratio: (0.9494791666666667, 0.962037037037037)
16:55:08.823 [JavaFX Application Thread] DEBUG PrimaryStageWindow   - Scene size: 1823.0 x 1039.0
16:55:08.824 [JavaFX Application Thread] DEBUG PrimaryStageWindow   - Stage size: 1839.0 x 1078.0
16:55:08.841 [FXGL Background Thread 1 ] DEBUG Engine               - Initializing environment variables
16:55:08.968 [FXGL Background Thread 1 ] DEBUG FXGLAssetLoaderServi - User app class for loading assets: class Game
16:55:08.969 [FXGL Background Thread 1 ] DEBUG GameApplicationServi - Applying CSS: fxgl_dark.css
16:55:08.972 [FXGL Background Thread 1 ] DEBUG FXGLAssetLoaderServi - Loading from file system: jar:file:/C:/Users/0705s/.m2/repository/com/github/almasb/fxgl/11.14/fxgl-11.14.jar!/fxglassets/ui/css/fxgl_dark.css
16:55:09.103 [FXGL Background Thread 1 ] DEBUG GameApplicationServi - Initializing application scenes
16:55:09.193 [FXGL Background Thread 1 ] DEBUG GameWorld            - Game world initialized
16:55:09.322 [FXGL Background Thread 1 ] DEBUG PhysicsWorld         - Physics world initialized: appHeight=1080, physics.ppm=50,0
16:55:09.323 [FXGL Background Thread 1 ] DEBUG PhysicsWorld         - Using strategy: BRUTE_FORCE
16:55:09.328 [FXGL Background Thread 1 ] DEBUG GameScene            - Game scene initialized: 1920x1080
16:55:09.389 [FXGL Background Thread 1 ] DEBUG FXGLAssetLoaderServi - Loading from file system: jar:file:/C:/Users/0705s/.m2/repository/com/github/almasb/fxgl/11.14/fxgl-11.14.jar!/fxglassets/textures/particles/trace_horizontal.png
16:55:09.471 [FXGL Background Thread 1 ] DEBUG FXGL.DefaultMenu     - createMenuBodyGameMenu()
16:55:09.495 [FXGL Background Thread 1 ] DEBUG FXGL.DefaultMenu     - createOptionsMenu()
16:55:09.501 [FXGL Background Thread 1 ] DEBUG FXGLAssetLoaderServi - Loading from file system: jar:file:/C:/Users/0705s/.m2/repository/com/github/almasb/fxgl/11.14/fxgl-11.14.jar!/fxglassets/textures/particles/smoke.png
16:55:09.600 [FXGL Background Thread 1 ] DEBUG GameApplicationServi - Application scenes initialized
16:55:09.621 [FXGL Background Thread 1 ] DEBUG SystemBundleService  - Loading FXGL system data
16:55:09.627 [FXGL Background Thread 1 ] DEBUG FileSystemAccess     - Reading from: C:\Users\0705s\OneDrive - Hogeschool Leiden\IOOA\SE-Bomberman\system\fxgl.bundle
16:55:09.634 [FXGL Background Thread 1 ] DEBUG SystemBundleService  - Bundle FXGL: {}
16:55:09.635 [FXGL Background Thread 1 ] DEBUG UpdaterService       - Checking for updates
16:55:09.640 [FXGL Background Thread 4 ] DEBUG FXGLApplication      - Loading fonts
16:55:09.641 [FXGL Background Thread 1 ] DEBUG FXGLApplication      - Loading default localization
16:55:09.641 [FXGL Background Thread 4 ] DEBUG FXGLAssetLoaderServi - Loading from file system: jar:file:/C:/Users/0705s/.m2/repository/com/github/almasb/fxgl/11.14/fxgl-11.14.jar!/fxglassets/ui/fonts/VarelaRound-Regular.ttf
16:55:09.642 [FXGL Background Thread 1 ] DEBUG FXGLAssetLoaderServi - Loading from file system: jar:file:/C:/Users/0705s/.m2/repository/com/github/almasb/fxgl/11.14/fxgl-11.14.jar!/fxglassets/languages/english.lang
16:55:09.681 [FXGL Background Thread 1 ] INFO  FXGLApplication      - FXGL initialization took: 0,838 sec
16:55:09.705 [JavaFX Application Thread] DEBUG Input                - Registered new binding: action0 - D
16:55:09.707 [JavaFX Application Thread] DEBUG Input                - Registered new binding: action1 - A
16:55:09.708 [JavaFX Application Thread] DEBUG Input                - Registered new binding: action2 - W
16:55:09.709 [JavaFX Application Thread] DEBUG Input                - Registered new binding: action3 - S
16:55:09.711 [JavaFX Application Thread] DEBUG FXGLAssetLoaderServi - Loading from file system: jar:file:/C:/Users/0705s/.m2/repository/com/github/almasb/fxgl/11.14/fxgl-11.14.jar!/fxglassets/textures/fxgl_icon.png
16:55:09.776 [FXGL Background Thread 4 ] DEBUG FXGLAssetLoaderServi - Loading from file system: jar:file:/C:/Users/0705s/.m2/repository/com/github/almasb/fxgl/11.14/fxgl-11.14.jar!/fxglassets/ui/fonts/Abel-Regular.ttf
16:55:09.777 [JavaFX Application Thread] DEBUG FXGLAssetLoaderServi - Loading from file system: jar:file:/C:/Users/0705s/.m2/repository/com/github/almasb/fxgl/11.14/fxgl-11.14.jar!/fxglassets/ui/cursors/fxgl_default.png
16:55:09.782 [JavaFX Application Thread] DEBUG Input                - Registered new binding: Screenshot - P
16:55:09.784 [JavaFX Application Thread] DEBUG Input                - Registered new binding: System info dump - CTRL+9
16:55:09.785 [JavaFX Application Thread] DEBUG Input                - Registered new binding: Restart - CTRL+R
16:55:09.787 [FXGL Background Thread 4 ] DEBUG FXGLAssetLoaderServi - Loading from file system: jar:file:/C:/Users/0705s/.m2/repository/com/github/almasb/fxgl/11.14/fxgl-11.14.jar!/fxglassets/ui/fonts/lucida_console.ttf
16:55:09.788 [JavaFX Application Thread] DEBUG Input                - Registered new binding: Toggle Debug Camera - CTRL+C
16:55:09.795 [JavaFX Application Thread] DEBUG LoopRunner           - Starting loop
16:55:09.796 [JavaFX Application Thread] DEBUG LoopRunner           - Initializing JavaFX AnimationTimerLoop
16:55:09.801 [JavaFX Application Thread] DEBUG GameApplicationServi - Starting new game
16:55:09.802 [FXGL Background Thread 4 ] DEBUG FXGLAssetLoaderServi - Loading from file system: jar:file:/C:/Users/0705s/.m2/repository/com/github/almasb/fxgl/11.14/fxgl-11.14.jar!/fxglassets/ui/fonts/Courier-Prime.ttf
16:55:09.803 [JavaFX Application Thread] DEBUG Input                - Clearing active input actions
16:55:09.827 [JavaFX Application Thread] DEBUG GameApplicationServi - Removing overlay from FXGLStartupScene and adding to FXGLLoadingScene
16:55:09.828 [JavaFX Application Thread] DEBUG PrimaryStageWindow   - FXGLStartupScene -> FXGLLoadingScene
16:55:09.829 [JavaFX Application Thread] DEBUG GameApplicationServi - Clearing previous game
16:55:09.829 [JavaFX Application Thread] DEBUG GameScene            - Clearing game scene
16:55:09.829 [JavaFX Application Thread] DEBUG GameWorld            - Clearing game world
16:55:09.830 [JavaFX Application Thread] DEBUG PhysicsWorld         - Clearing physics world
16:55:09.833 [JavaFX Application Thread] DEBUG FXGLApplication      - Registering font factories with UI factory
16:55:09.833 [FXGL Background Thread 4 ] DEBUG FXGLApplication      - Initializing game
16:55:09.840 [FXGL Background Thread 4 ] DEBUG FXGLAssetLoaderServi - Loading from file system: file:/C:/Users/0705s/OneDrive%20-%20Hogeschool%20Leiden/IOOA/SE-Bomberman/target/classes/assets/textures/sprite.png
16:55:10.108 [FXGL Background Thread 4 ] INFO  FXGLApplication      - Game initialization took: 0,275 sec
16:55:10.117 [JavaFX Application Thread] DEBUG Input                - Clearing active input actions
16:55:10.147 [JavaFX Application Thread] DEBUG GameApplicationServi - Removing overlay from FXGLLoadingScene and adding to GameScene
16:55:10.148 [JavaFX Application Thread] DEBUG PrimaryStageWindow   - FXGLLoadingScene -> GameScene
16:55:10.481 [FXGL Background Thread 2 ] INFO  UpdaterService       - Your current version:  11.14
16:55:10.482 [FXGL Background Thread 2 ] INFO  UpdaterService       - Latest stable version: 17.1
16:55:11.337 [JavaFX Application Thread] DEBUG FXGLApplication      - Exiting FXGL
16:55:11.338 [JavaFX Application Thread] DEBUG LoopRunner           - Stopping loop
16:55:11.339 [JavaFX Application Thread] DEBUG SystemBundleService  - Saving FXGL system data
16:55:11.346 [JavaFX Application Thread] DEBUG FileSystemAccess     - Writing to: C:\Users\0705s\OneDrive - Hogeschool Leiden\IOOA\SE-Bomberman\system\fxgl.bundle
16:55:11.350 [JavaFX Application Thread] DEBUG Async                - Shutting down background threads
16:55:11.350 [JavaFX Application Thread] DEBUG PrimaryStageWindow   - Closing main window
16:55:11.368 [JavaFX Application Thread] DEBUG Logger               - Closing Logger
