12:53:01.884 [main                     ] DEBUG Logger               - Configured Logger
12:53:01.889 [main                     ] DEBUG GameApplication      - Logging settings
Title: Untitled
Version: 0.0
Width: 1050
Height: 700
Fullscreen: false
Intro: false
Profiling: false
Single step:false
App Mode: DEVELOPER
Menu Key: ESCAPE
Stage Style: DECORATED
Scene Factory: class com.almasb.fxgl.app.scene.SceneFactory

12:53:02.194 [JavaFX Application Thread] DEBUG FXGLApplication      - Initializing FXGL
12:53:02.196 [JavaFX Application Thread] INFO  Engine               - FXGL-11.14 (01.03.2021 16.59) on WINDOWS (J:15.0.2 FX:15)
12:53:02.197 [JavaFX Application Thread] DEBUG Engine               - JRE Vendor Name: Amazon.com Inc.
12:53:02.197 [JavaFX Application Thread] DEBUG Engine               - Running on OS: Windows 10 version 10.0
12:53:02.197 [JavaFX Application Thread] DEBUG Engine               - Architecture: amd64
12:53:02.198 [JavaFX Application Thread] INFO  Engine               - Source code and latest versions at: https://github.com/AlmasB/FXGL
12:53:02.198 [JavaFX Application Thread] INFO  Engine               -              Join the FXGL chat at: https://gitter.im/AlmasB/FXGL
12:53:02.302 [JavaFX Application Thread] DEBUG PrimaryStageWindow   - Creating a JavaFX scene
12:53:02.348 [JavaFX Application Thread] DEBUG PrimaryStageWindow   - Target settings size: 1050.0 x 700.0
12:53:02.349 [JavaFX Application Thread] DEBUG PrimaryStageWindow   - Scaled scene size:    1050.0 x 700.0
12:53:02.349 [JavaFX Application Thread] DEBUG PrimaryStageWindow   - Scaled ratio: (1.0, 1.0)
12:53:02.350 [JavaFX Application Thread] DEBUG PrimaryStageWindow   - Set initial scene to FXGLStartupScene
12:53:02.355 [JavaFX Application Thread] DEBUG PrimaryStageWindow   - Opening main window
12:53:02.438 [JavaFX Application Thread] DEBUG PrimaryStageWindow   - Window border size: (14.800048828125, 37.5999755859375)
12:53:02.438 [JavaFX Application Thread] DEBUG PrimaryStageWindow   - Scaled size: 1050.0 x 700.0
12:53:02.439 [JavaFX Application Thread] DEBUG PrimaryStageWindow   - Scaled ratio: (1.0, 1.0)
12:53:02.439 [JavaFX Application Thread] DEBUG PrimaryStageWindow   - Scene size: 1050.0 x 700.0
12:53:02.439 [JavaFX Application Thread] DEBUG PrimaryStageWindow   - Stage size: 1064.800048828125 x 737.5999755859375
12:53:02.449 [FXGL Background Thread 1 ] DEBUG Engine               - Initializing environment variables
12:53:02.480 [FXGL Background Thread 1 ] DEBUG FXGLAssetLoaderServi - User app class for loading assets: class Game
12:53:02.480 [FXGL Background Thread 1 ] DEBUG GameApplicationServi - Applying CSS: fxgl_dark.css
12:53:02.481 [FXGL Background Thread 1 ] DEBUG FXGLAssetLoaderServi - Loading from file system: jar:file:/C:/Users/roan2/.m2/repository/com/github/almasb/fxgl/11.14/fxgl-11.14.jar!/fxglassets/ui/css/fxgl_dark.css
12:53:02.526 [FXGL Background Thread 1 ] DEBUG GameApplicationServi - Initializing application scenes
12:53:02.554 [FXGL Background Thread 1 ] DEBUG GameWorld            - Game world initialized
12:53:02.601 [FXGL Background Thread 1 ] DEBUG PhysicsWorld         - Physics world initialized: appHeight=700, physics.ppm=50.0
12:53:02.601 [FXGL Background Thread 1 ] DEBUG PhysicsWorld         - Using strategy: BRUTE_FORCE
12:53:02.604 [FXGL Background Thread 1 ] DEBUG GameScene            - Game scene initialized: 1050x700
12:53:02.637 [FXGL Background Thread 1 ] DEBUG FXGLAssetLoaderServi - Loading from file system: jar:file:/C:/Users/roan2/.m2/repository/com/github/almasb/fxgl/11.14/fxgl-11.14.jar!/fxglassets/textures/particles/trace_horizontal.png
12:53:02.694 [FXGL Background Thread 1 ] DEBUG FXGL.DefaultMenu     - createMenuBodyGameMenu()
12:53:02.709 [FXGL Background Thread 1 ] DEBUG FXGL.DefaultMenu     - createOptionsMenu()
12:53:02.714 [FXGL Background Thread 1 ] DEBUG FXGLAssetLoaderServi - Loading from file system: jar:file:/C:/Users/roan2/.m2/repository/com/github/almasb/fxgl/11.14/fxgl-11.14.jar!/fxglassets/textures/particles/smoke.png
12:53:02.759 [FXGL Background Thread 1 ] DEBUG GameApplicationServi - Application scenes initialized
12:53:02.767 [FXGL Background Thread 1 ] DEBUG SystemBundleService  - Loading FXGL system data
12:53:02.770 [FXGL Background Thread 1 ] DEBUG FileSystemAccess     - Reading from: C:\Users\roan2\Documents\SE-Challengeweek\system\fxgl.bundle
12:53:02.775 [FXGL Background Thread 1 ] DEBUG SystemBundleService  - Bundle FXGL: {}
12:53:02.775 [FXGL Background Thread 1 ] DEBUG UpdaterService       - Checking for updates
12:53:02.781 [FXGL Background Thread 4 ] DEBUG FXGLApplication      - Loading fonts
12:53:02.782 [FXGL Background Thread 1 ] DEBUG FXGLApplication      - Loading default localization
12:53:02.782 [FXGL Background Thread 4 ] DEBUG FXGLAssetLoaderServi - Loading from file system: jar:file:/C:/Users/roan2/.m2/repository/com/github/almasb/fxgl/11.14/fxgl-11.14.jar!/fxglassets/ui/fonts/VarelaRound-Regular.ttf
12:53:02.782 [FXGL Background Thread 1 ] DEBUG FXGLAssetLoaderServi - Loading from file system: jar:file:/C:/Users/roan2/.m2/repository/com/github/almasb/fxgl/11.14/fxgl-11.14.jar!/fxglassets/languages/english.lang
12:53:02.796 [FXGL Background Thread 1 ] INFO  FXGLApplication      - FXGL initialization took: 0.347 sec
12:53:02.808 [JavaFX Application Thread] DEBUG Input                - Registered new binding: up - W
12:53:02.809 [JavaFX Application Thread] DEBUG Input                - Registered new binding: down - S
12:53:02.809 [JavaFX Application Thread] DEBUG Input                - Registered new binding: left - A
12:53:02.810 [JavaFX Application Thread] DEBUG Input                - Registered new binding: right - D
12:53:02.810 [JavaFX Application Thread] DEBUG Input                - Registered new binding: Place Bomb - F
12:53:02.810 [JavaFX Application Thread] DEBUG FXGLAssetLoaderServi - Loading from file system: jar:file:/C:/Users/roan2/.m2/repository/com/github/almasb/fxgl/11.14/fxgl-11.14.jar!/fxglassets/textures/fxgl_icon.png
12:53:02.826 [JavaFX Application Thread] DEBUG FXGLAssetLoaderServi - Loading from file system: jar:file:/C:/Users/roan2/.m2/repository/com/github/almasb/fxgl/11.14/fxgl-11.14.jar!/fxglassets/ui/cursors/fxgl_default.png
12:53:02.828 [JavaFX Application Thread] DEBUG Input                - Registered new binding: Screenshot - P
12:53:02.828 [JavaFX Application Thread] DEBUG Input                - Registered new binding: System info dump - CTRL+9
12:53:02.829 [JavaFX Application Thread] DEBUG Input                - Registered new binding: Restart - CTRL+R
12:53:02.830 [JavaFX Application Thread] DEBUG Input                - Registered new binding: Toggle Debug Camera - CTRL+C
12:53:02.832 [JavaFX Application Thread] DEBUG LoopRunner           - Starting loop
12:53:02.832 [JavaFX Application Thread] DEBUG LoopRunner           - Initializing JavaFX AnimationTimerLoop
12:53:02.834 [JavaFX Application Thread] DEBUG GameApplicationServi - Starting new game
12:53:02.834 [JavaFX Application Thread] DEBUG Input                - Clearing active input actions
12:53:02.847 [JavaFX Application Thread] DEBUG GameApplicationServi - Removing overlay from FXGLStartupScene and adding to FXGLLoadingScene
12:53:02.847 [JavaFX Application Thread] DEBUG PrimaryStageWindow   - FXGLStartupScene -> FXGLLoadingScene
12:53:02.847 [JavaFX Application Thread] DEBUG GameApplicationServi - Clearing previous game
12:53:02.847 [JavaFX Application Thread] DEBUG GameScene            - Clearing game scene
12:53:02.848 [JavaFX Application Thread] DEBUG GameWorld            - Clearing game world
12:53:02.848 [JavaFX Application Thread] DEBUG PhysicsWorld         - Clearing physics world
12:53:02.849 [FXGL Background Thread 1 ] DEBUG FXGLApplication      - Initializing game
12:53:02.852 [FXGL Background Thread 4 ] DEBUG FXGLAssetLoaderServi - Loading from file system: jar:file:/C:/Users/roan2/.m2/repository/com/github/almasb/fxgl/11.14/fxgl-11.14.jar!/fxglassets/ui/fonts/Abel-Regular.ttf
12:53:02.854 [FXGL Background Thread 4 ] DEBUG FXGLAssetLoaderServi - Loading from file system: jar:file:/C:/Users/roan2/.m2/repository/com/github/almasb/fxgl/11.14/fxgl-11.14.jar!/fxglassets/ui/fonts/lucida_console.ttf
12:53:02.859 [FXGL Background Thread 4 ] DEBUG FXGLAssetLoaderServi - Loading from file system: jar:file:/C:/Users/roan2/.m2/repository/com/github/almasb/fxgl/11.14/fxgl-11.14.jar!/fxglassets/ui/fonts/Courier-Prime.ttf
12:53:02.874 [FXGL Background Thread 1 ] WARN  TMXLevelLoader       - TiledMap generated from 1.0.1. Supported version: 1.2.3. Some features may not be parsed fully.
12:53:02.879 [FXGL Background Thread 1 ] DEBUG TMXLevelLoader       - Parsed raw map: TiledMap(width=15, height=10, tilewidth=70, tileheight=70, orientation=orthogonal, layers=[Layer(width=15, height=10, name=Tile Layer 1, type=tilelayer, visible=false, x=0, y=0, data=[73, 73, 73, 73, 73, 73, 73, 73, 73, 73, 73, 73, 73, 73, 73, 73, 0, 0, 133, 0, 133, 0, 133, 0, 133, 0, 133, 0, 0, 73, 73, 0, 128, 0, 128, 0, 128, 0, 128, 0, 128, 0, 128, 0, 73, 73, 133, 0, 133, 0, 133, 0, 133, 0, 133, 0, 133, 0, 133, 73, 73, 0, 128, 0, 128, 0, 128, 0, 128, 0, 128, 0, 128, 0, 73, 73, 0, 128, 0, 128, 0, 128, 0, 128, 0, 128, 0, 128, 0, 73, 73, 133, 0, 133, 0, 133, 0, 133, 0, 133, 0, 133, 0, 133, 73, 73, 0, 128, 0, 128, 0, 128, 0, 128, 0, 128, 0, 128, 0, 73, 73, 0, 0, 133, 0, 133, 0, 133, 0, 133, 0, 133, 0, 0, 73, 73, 73, 73, 73, 73, 73, 73, 73, 73, 73, 73, 73, 73, 73, 73], objects=[], opacity=0.0, draworder=), Layer(width=0, height=0, name=Object Layer 1, type=objectgroup, visible=false, x=0, y=0, data=[], objects=[com.almasb.fxgl.entity.level.tiled.TiledObject@6b5416e2, com.almasb.fxgl.entity.level.tiled.TiledObject@3f002d68, com.almasb.fxgl.entity.level.tiled.TiledObject@8edf220, com.almasb.fxgl.entity.level.tiled.TiledObject@68fdffe5], opacity=0.0, draworder=)], tilesets=[Tileset(firstgid=1, image=../Pictures/tiles_spritesheet.png, name=tiles_spritesheet, tilewidth=70, tileheight=70, imagewidth=914, imageheight=936, margin=0, spacing=2, columns=12, tilecount=156, transparentcolor=, tiles=[])], backgroundcolor=, renderorder=right-down, nextobjectid=7, version=1, tiledversion=1.0.1, type=map, infinite=false, hexsidelength=0, staggeraxis=, staggerindex=, properties={}, propertytypes={})
12:53:02.880 [FXGL Background Thread 1 ] DEBUG TMXLevelLoader       - Creating tile layer entities
12:53:02.881 [FXGL Background Thread 1 ] DEBUG TilesetLoader        - Loading view for layer Tile Layer 1
12:53:02.883 [FXGL Background Thread 1 ] DEBUG TilesetLoader        - Created buffer with size 1050.0x700.0
12:53:02.887 [JavaFX Application Thread] DEBUG FXGLApplication      - Registering font factories with UI factory
12:53:02.936 [FXGL Background Thread 1 ] DEBUG TilesetLoader        - Writing to buffer: dst=0,0, w=70,h=70, src=0,432
12:53:02.936 [FXGL Background Thread 1 ] DEBUG TilesetLoader        - Writing to buffer: dst=70,0, w=70,h=70, src=0,432
12:53:02.936 [FXGL Background Thread 1 ] DEBUG TilesetLoader        - Writing to buffer: dst=140,0, w=70,h=70, src=0,432
12:53:02.937 [FXGL Background Thread 1 ] DEBUG TilesetLoader        - Writing to buffer: dst=210,0, w=70,h=70, src=0,432
12:53:02.937 [FXGL Background Thread 1 ] DEBUG TilesetLoader        - Writing to buffer: dst=280,0, w=70,h=70, src=0,432
12:53:02.937 [FXGL Background Thread 1 ] DEBUG TilesetLoader        - Writing to buffer: dst=350,0, w=70,h=70, src=0,432
12:53:02.937 [FXGL Background Thread 1 ] DEBUG TilesetLoader        - Writing to buffer: dst=420,0, w=70,h=70, src=0,432
12:53:02.937 [FXGL Background Thread 1 ] DEBUG TilesetLoader        - Writing to buffer: dst=490,0, w=70,h=70, src=0,432
12:53:02.938 [FXGL Background Thread 1 ] DEBUG TilesetLoader        - Writing to buffer: dst=560,0, w=70,h=70, src=0,432
12:53:02.938 [FXGL Background Thread 1 ] DEBUG TilesetLoader        - Writing to buffer: dst=630,0, w=70,h=70, src=0,432
12:53:02.938 [FXGL Background Thread 1 ] DEBUG TilesetLoader        - Writing to buffer: dst=700,0, w=70,h=70, src=0,432
12:53:02.938 [FXGL Background Thread 1 ] DEBUG TilesetLoader        - Writing to buffer: dst=770,0, w=70,h=70, src=0,432
12:53:02.938 [FXGL Background Thread 1 ] DEBUG TilesetLoader        - Writing to buffer: dst=840,0, w=70,h=70, src=0,432
12:53:02.939 [FXGL Background Thread 1 ] DEBUG TilesetLoader        - Writing to buffer: dst=910,0, w=70,h=70, src=0,432
12:53:02.939 [FXGL Background Thread 1 ] DEBUG TilesetLoader        - Writing to buffer: dst=980,0, w=70,h=70, src=0,432
12:53:02.939 [FXGL Background Thread 1 ] DEBUG TilesetLoader        - Writing to buffer: dst=0,70, w=70,h=70, src=0,432
12:53:02.939 [FXGL Background Thread 1 ] DEBUG TilesetLoader        - Writing to buffer: dst=210,70, w=70,h=70, src=0,792
12:53:02.939 [FXGL Background Thread 1 ] DEBUG TilesetLoader        - Writing to buffer: dst=350,70, w=70,h=70, src=0,792
12:53:02.939 [FXGL Background Thread 1 ] DEBUG TilesetLoader        - Writing to buffer: dst=490,70, w=70,h=70, src=0,792
12:53:02.940 [FXGL Background Thread 1 ] DEBUG TilesetLoader        - Writing to buffer: dst=630,70, w=70,h=70, src=0,792
12:53:02.940 [FXGL Background Thread 1 ] DEBUG TilesetLoader        - Writing to buffer: dst=770,70, w=70,h=70, src=0,792
12:53:02.940 [FXGL Background Thread 1 ] DEBUG TilesetLoader        - Writing to buffer: dst=980,70, w=70,h=70, src=0,432
12:53:02.940 [FXGL Background Thread 1 ] DEBUG TilesetLoader        - Writing to buffer: dst=0,140, w=70,h=70, src=0,432
12:53:02.940 [FXGL Background Thread 1 ] DEBUG TilesetLoader        - Writing to buffer: dst=140,140, w=70,h=70, src=504,720
12:53:02.940 [FXGL Background Thread 1 ] DEBUG TilesetLoader        - Writing to buffer: dst=280,140, w=70,h=70, src=504,720
12:53:02.940 [FXGL Background Thread 1 ] DEBUG TilesetLoader        - Writing to buffer: dst=420,140, w=70,h=70, src=504,720
12:53:02.940 [FXGL Background Thread 1 ] DEBUG TilesetLoader        - Writing to buffer: dst=560,140, w=70,h=70, src=504,720
12:53:02.941 [FXGL Background Thread 1 ] DEBUG TilesetLoader        - Writing to buffer: dst=700,140, w=70,h=70, src=504,720
12:53:02.941 [FXGL Background Thread 1 ] DEBUG TilesetLoader        - Writing to buffer: dst=840,140, w=70,h=70, src=504,720
12:53:02.941 [FXGL Background Thread 1 ] DEBUG TilesetLoader        - Writing to buffer: dst=980,140, w=70,h=70, src=0,432
12:53:02.941 [FXGL Background Thread 1 ] DEBUG TilesetLoader        - Writing to buffer: dst=0,210, w=70,h=70, src=0,432
12:53:02.941 [FXGL Background Thread 1 ] DEBUG TilesetLoader        - Writing to buffer: dst=70,210, w=70,h=70, src=0,792
12:53:02.941 [FXGL Background Thread 1 ] DEBUG TilesetLoader        - Writing to buffer: dst=210,210, w=70,h=70, src=0,792
12:53:02.941 [FXGL Background Thread 1 ] DEBUG TilesetLoader        - Writing to buffer: dst=350,210, w=70,h=70, src=0,792
12:53:02.942 [FXGL Background Thread 1 ] DEBUG TilesetLoader        - Writing to buffer: dst=490,210, w=70,h=70, src=0,792
12:53:02.942 [FXGL Background Thread 1 ] DEBUG TilesetLoader        - Writing to buffer: dst=630,210, w=70,h=70, src=0,792
12:53:02.942 [FXGL Background Thread 1 ] DEBUG TilesetLoader        - Writing to buffer: dst=770,210, w=70,h=70, src=0,792
12:53:02.942 [FXGL Background Thread 1 ] DEBUG TilesetLoader        - Writing to buffer: dst=910,210, w=70,h=70, src=0,792
12:53:02.942 [FXGL Background Thread 1 ] DEBUG TilesetLoader        - Writing to buffer: dst=980,210, w=70,h=70, src=0,432
12:53:02.943 [FXGL Background Thread 1 ] DEBUG TilesetLoader        - Writing to buffer: dst=0,280, w=70,h=70, src=0,432
12:53:02.943 [FXGL Background Thread 1 ] DEBUG TilesetLoader        - Writing to buffer: dst=140,280, w=70,h=70, src=504,720
12:53:02.943 [FXGL Background Thread 1 ] DEBUG TilesetLoader        - Writing to buffer: dst=280,280, w=70,h=70, src=504,720
12:53:02.943 [FXGL Background Thread 1 ] DEBUG TilesetLoader        - Writing to buffer: dst=420,280, w=70,h=70, src=504,720
12:53:02.943 [FXGL Background Thread 1 ] DEBUG TilesetLoader        - Writing to buffer: dst=560,280, w=70,h=70, src=504,720
12:53:02.943 [FXGL Background Thread 1 ] DEBUG TilesetLoader        - Writing to buffer: dst=700,280, w=70,h=70, src=504,720
12:53:02.944 [FXGL Background Thread 1 ] DEBUG TilesetLoader        - Writing to buffer: dst=840,280, w=70,h=70, src=504,720
12:53:02.944 [FXGL Background Thread 1 ] DEBUG TilesetLoader        - Writing to buffer: dst=980,280, w=70,h=70, src=0,432
12:53:02.944 [FXGL Background Thread 1 ] DEBUG TilesetLoader        - Writing to buffer: dst=0,350, w=70,h=70, src=0,432
12:53:02.944 [FXGL Background Thread 1 ] DEBUG TilesetLoader        - Writing to buffer: dst=140,350, w=70,h=70, src=504,720
12:53:02.944 [FXGL Background Thread 1 ] DEBUG TilesetLoader        - Writing to buffer: dst=280,350, w=70,h=70, src=504,720
12:53:02.945 [FXGL Background Thread 1 ] DEBUG TilesetLoader        - Writing to buffer: dst=420,350, w=70,h=70, src=504,720
12:53:02.945 [FXGL Background Thread 1 ] DEBUG TilesetLoader        - Writing to buffer: dst=560,350, w=70,h=70, src=504,720
12:53:02.945 [FXGL Background Thread 1 ] DEBUG TilesetLoader        - Writing to buffer: dst=700,350, w=70,h=70, src=504,720
12:53:02.945 [FXGL Background Thread 1 ] DEBUG TilesetLoader        - Writing to buffer: dst=840,350, w=70,h=70, src=504,720
12:53:02.945 [FXGL Background Thread 1 ] DEBUG TilesetLoader        - Writing to buffer: dst=980,350, w=70,h=70, src=0,432
12:53:02.945 [FXGL Background Thread 1 ] DEBUG TilesetLoader        - Writing to buffer: dst=0,420, w=70,h=70, src=0,432
12:53:02.946 [FXGL Background Thread 1 ] DEBUG TilesetLoader        - Writing to buffer: dst=70,420, w=70,h=70, src=0,792
12:53:02.946 [FXGL Background Thread 1 ] DEBUG TilesetLoader        - Writing to buffer: dst=210,420, w=70,h=70, src=0,792
12:53:02.946 [FXGL Background Thread 1 ] DEBUG TilesetLoader        - Writing to buffer: dst=350,420, w=70,h=70, src=0,792
12:53:02.946 [FXGL Background Thread 1 ] DEBUG TilesetLoader        - Writing to buffer: dst=490,420, w=70,h=70, src=0,792
12:53:02.946 [FXGL Background Thread 1 ] DEBUG TilesetLoader        - Writing to buffer: dst=630,420, w=70,h=70, src=0,792
12:53:02.946 [FXGL Background Thread 1 ] DEBUG TilesetLoader        - Writing to buffer: dst=770,420, w=70,h=70, src=0,792
12:53:02.947 [FXGL Background Thread 1 ] DEBUG TilesetLoader        - Writing to buffer: dst=910,420, w=70,h=70, src=0,792
12:53:02.947 [FXGL Background Thread 1 ] DEBUG TilesetLoader        - Writing to buffer: dst=980,420, w=70,h=70, src=0,432
12:53:02.947 [FXGL Background Thread 1 ] DEBUG TilesetLoader        - Writing to buffer: dst=0,490, w=70,h=70, src=0,432
12:53:02.947 [FXGL Background Thread 1 ] DEBUG TilesetLoader        - Writing to buffer: dst=140,490, w=70,h=70, src=504,720
12:53:02.947 [FXGL Background Thread 1 ] DEBUG TilesetLoader        - Writing to buffer: dst=280,490, w=70,h=70, src=504,720
12:53:02.948 [FXGL Background Thread 1 ] DEBUG TilesetLoader        - Writing to buffer: dst=420,490, w=70,h=70, src=504,720
12:53:02.948 [FXGL Background Thread 1 ] DEBUG TilesetLoader        - Writing to buffer: dst=560,490, w=70,h=70, src=504,720
12:53:02.948 [FXGL Background Thread 1 ] DEBUG TilesetLoader        - Writing to buffer: dst=700,490, w=70,h=70, src=504,720
12:53:02.948 [FXGL Background Thread 1 ] DEBUG TilesetLoader        - Writing to buffer: dst=840,490, w=70,h=70, src=504,720
12:53:02.948 [FXGL Background Thread 1 ] DEBUG TilesetLoader        - Writing to buffer: dst=980,490, w=70,h=70, src=0,432
12:53:02.948 [FXGL Background Thread 1 ] DEBUG TilesetLoader        - Writing to buffer: dst=0,560, w=70,h=70, src=0,432
12:53:02.949 [FXGL Background Thread 1 ] DEBUG TilesetLoader        - Writing to buffer: dst=210,560, w=70,h=70, src=0,792
12:53:02.949 [FXGL Background Thread 1 ] DEBUG TilesetLoader        - Writing to buffer: dst=350,560, w=70,h=70, src=0,792
12:53:02.949 [FXGL Background Thread 1 ] DEBUG TilesetLoader        - Writing to buffer: dst=490,560, w=70,h=70, src=0,792
12:53:02.949 [FXGL Background Thread 1 ] DEBUG TilesetLoader        - Writing to buffer: dst=630,560, w=70,h=70, src=0,792
12:53:02.949 [FXGL Background Thread 1 ] DEBUG TilesetLoader        - Writing to buffer: dst=770,560, w=70,h=70, src=0,792
12:53:02.949 [FXGL Background Thread 1 ] DEBUG TilesetLoader        - Writing to buffer: dst=980,560, w=70,h=70, src=0,432
12:53:02.949 [FXGL Background Thread 1 ] DEBUG TilesetLoader        - Writing to buffer: dst=0,630, w=70,h=70, src=0,432
12:53:02.950 [FXGL Background Thread 1 ] DEBUG TilesetLoader        - Writing to buffer: dst=70,630, w=70,h=70, src=0,432
12:53:02.950 [FXGL Background Thread 1 ] DEBUG TilesetLoader        - Writing to buffer: dst=140,630, w=70,h=70, src=0,432
12:53:02.950 [FXGL Background Thread 1 ] DEBUG TilesetLoader        - Writing to buffer: dst=210,630, w=70,h=70, src=0,432
12:53:02.950 [FXGL Background Thread 1 ] DEBUG TilesetLoader        - Writing to buffer: dst=280,630, w=70,h=70, src=0,432
12:53:02.950 [FXGL Background Thread 1 ] DEBUG TilesetLoader        - Writing to buffer: dst=350,630, w=70,h=70, src=0,432
12:53:02.950 [FXGL Background Thread 1 ] DEBUG TilesetLoader        - Writing to buffer: dst=420,630, w=70,h=70, src=0,432
12:53:02.951 [FXGL Background Thread 1 ] DEBUG TilesetLoader        - Writing to buffer: dst=490,630, w=70,h=70, src=0,432
12:53:02.951 [FXGL Background Thread 1 ] DEBUG TilesetLoader        - Writing to buffer: dst=560,630, w=70,h=70, src=0,432
12:53:02.951 [FXGL Background Thread 1 ] DEBUG TilesetLoader        - Writing to buffer: dst=630,630, w=70,h=70, src=0,432
12:53:02.951 [FXGL Background Thread 1 ] DEBUG TilesetLoader        - Writing to buffer: dst=700,630, w=70,h=70, src=0,432
12:53:02.951 [FXGL Background Thread 1 ] DEBUG TilesetLoader        - Writing to buffer: dst=770,630, w=70,h=70, src=0,432
12:53:02.951 [FXGL Background Thread 1 ] DEBUG TilesetLoader        - Writing to buffer: dst=840,630, w=70,h=70, src=0,432
12:53:02.951 [FXGL Background Thread 1 ] DEBUG TilesetLoader        - Writing to buffer: dst=910,630, w=70,h=70, src=0,432
12:53:02.952 [FXGL Background Thread 1 ] DEBUG TilesetLoader        - Writing to buffer: dst=980,630, w=70,h=70, src=0,432
12:53:02.952 [FXGL Background Thread 1 ] DEBUG TMXLevelLoader       - Creating object layer entities
12:53:02.968 [FXGL Background Thread 1 ] DEBUG GameWorld            - Clearing removable entities
12:53:02.968 [FXGL Background Thread 1 ] DEBUG GameWorld            - Setting level: com.almasb.fxgl.entity.level.Level@78210b74
12:53:02.978 [FXGL Background Thread 1 ] DEBUG FXGLAssetLoaderServi - Loading from file system: file:/C:/Users/roan2/Documents/SE-Challengeweek/target/classes/assets/textures/player_1_move_down.png
12:53:02.983 [FXGL Background Thread 1 ] INFO  FXGLApplication      - Game initialization took: 0.134 sec
12:53:02.994 [JavaFX Application Thread] DEBUG Input                - Clearing active input actions
12:53:03.006 [JavaFX Application Thread] DEBUG GameApplicationServi - Removing overlay from FXGLLoadingScene and adding to GameScene
12:53:03.007 [JavaFX Application Thread] DEBUG PrimaryStageWindow   - FXGLLoadingScene -> GameScene
12:53:03.011 [JavaFX Application Thread] DEBUG FXGLAssetLoaderServi - Loading from file system: file:/C:/Users/roan2/Documents/SE-Challengeweek/target/classes/assets/textures/player_1_idle_down.png
12:53:03.107 [FXGL Background Thread 2 ] INFO  UpdaterService       - Your current version:  11.14
12:53:03.108 [FXGL Background Thread 2 ] INFO  UpdaterService       - Latest stable version: 17.1
12:53:04.756 [JavaFX Application Thread] DEBUG FXGLAssetLoaderServi - Loading from file system: file:/C:/Users/roan2/Documents/SE-Challengeweek/target/classes/assets/textures/player_1_move_right.png
12:53:05.764 [JavaFX Application Thread] DEBUG FXGLAssetLoaderServi - Loading from file system: file:/C:/Users/roan2/Documents/SE-Challengeweek/target/classes/assets/textures/bomb-1.png
12:53:05.780 [FXGL Background Thread 3 ] DEBUG Engine               - Logging environment variables
12:53:05.780 [FXGL Background Thread 3 ] DEBUG Engine               - achievements: []
12:53:05.780 [FXGL Background Thread 3 ] DEBUG Engine               - actualHeight: 700.0
12:53:05.780 [FXGL Background Thread 3 ] DEBUG Engine               - actualHeightProperty: ReadOnlyDoubleProperty [value: 700.0]
12:53:05.780 [FXGL Background Thread 3 ] DEBUG Engine               - actualWidth: 1050.0
12:53:05.780 [FXGL Background Thread 3 ] DEBUG Engine               - actualWidthProperty: ReadOnlyDoubleProperty [value: 1050.0]
12:53:05.781 [FXGL Background Thread 3 ] DEBUG Engine               - appIcon: fxgl_icon.png
12:53:05.781 [FXGL Background Thread 3 ] DEBUG Engine               - applicationMode: DEVELOPER
12:53:05.781 [FXGL Background Thread 3 ] DEBUG Engine               - cSSList: [fxgl_dark.css]
12:53:05.781 [FXGL Background Thread 3 ] DEBUG Engine               - collisionDetectionStrategy: BRUTE_FORCE
12:53:05.781 [FXGL Background Thread 3 ] DEBUG Engine               - configClass: Optional.empty
12:53:05.781 [FXGL Background Thread 3 ] DEBUG Engine               - credits: []
12:53:05.781 [FXGL Background Thread 3 ] DEBUG Engine               - devBBoxColorProperty: ObjectProperty [value: 0xff0000ff]
12:53:05.781 [FXGL Background Thread 3 ] DEBUG Engine               - devEnableDebugCameraProperty: BooleanProperty [value: false]
12:53:05.782 [FXGL Background Thread 3 ] DEBUG Engine               - devSensorColorProperty: ObjectProperty [value: 0xffff00ff]
12:53:05.782 [FXGL Background Thread 3 ] DEBUG Engine               - devShowBBoxProperty: BooleanProperty [value: false]
12:53:05.782 [FXGL Background Thread 3 ] DEBUG Engine               - devShowPositionProperty: BooleanProperty [value: false]
12:53:05.782 [FXGL Background Thread 3 ] DEBUG Engine               - enabledMenuItems: []
12:53:05.782 [FXGL Background Thread 3 ] DEBUG Engine               - engineServices: [class com.almasb.fxgl.app.services.FXGLAssetLoaderService, class com.almasb.fxgl.app.FXGLApplication$GameApplicationService, class com.almasb.fxgl.app.services.FXGLDialogService, class com.almasb.fxgl.app.services.IOTaskExecutorService, class com.almasb.fxgl.event.EventBusService, class com.almasb.fxgl.io.FileSystemService, class com.almasb.fxgl.localization.LocalizationService, class com.almasb.fxgl.app.services.SystemBundleService, class com.almasb.fxgl.profile.SaveLoadService, class com.almasb.fxgl.ui.FXGLUIFactoryServiceProvider, class com.almasb.fxgl.ui.FXGLDialogFactoryServiceProvider, class com.almasb.fxgl.audio.AudioPlayer, class com.almasb.fxgl.notification.impl.NotificationServiceProvider, class com.almasb.fxgl.achievement.AchievementService, class com.almasb.fxgl.cutscene.CutsceneService, class com.almasb.fxgl.minigames.MiniGameService, class com.almasb.fxgl.net.NetService, class com.almasb.fxgl.app.services.UpdaterService, class com.almasb.fxgl.dev.DevService]
12:53:05.782 [FXGL Background Thread 3 ] DEBUG Engine               - fontGame: Abel-Regular.ttf
12:53:05.782 [FXGL Background Thread 3 ] DEBUG Engine               - fontMono: lucida_console.ttf
12:53:05.782 [FXGL Background Thread 3 ] DEBUG Engine               - fontText: Courier-Prime.ttf
12:53:05.782 [FXGL Background Thread 3 ] DEBUG Engine               - fontUI: VarelaRound-Regular.ttf
12:53:05.782 [FXGL Background Thread 3 ] DEBUG Engine               - fullScreen: BooleanProperty [value: false]
12:53:05.782 [FXGL Background Thread 3 ] DEBUG Engine               - gameDifficulty: MEDIUM
12:53:05.782 [FXGL Background Thread 3 ] DEBUG Engine               - gameDifficultyProperty: ObjectProperty [value: MEDIUM]
12:53:05.783 [FXGL Background Thread 3 ] DEBUG Engine               - globalMusicVolume: 0.5
12:53:05.783 [FXGL Background Thread 3 ] DEBUG Engine               - globalMusicVolumeProperty: DoubleProperty [value: 0.5]
12:53:05.783 [FXGL Background Thread 3 ] DEBUG Engine               - globalSoundVolume: 0.5
12:53:05.783 [FXGL Background Thread 3 ] DEBUG Engine               - globalSoundVolumeProperty: DoubleProperty [value: 0.5]
12:53:05.783 [FXGL Background Thread 3 ] DEBUG Engine               - height: 700
12:53:05.783 [FXGL Background Thread 3 ] DEBUG Engine               - isAndroid: false
12:53:05.783 [FXGL Background Thread 3 ] DEBUG Engine               - isBrowser: false
12:53:05.783 [FXGL Background Thread 3 ] DEBUG Engine               - isClickFeedbackEnabled: false
12:53:05.783 [FXGL Background Thread 3 ] DEBUG Engine               - isCloseConfirmation: false
12:53:05.783 [FXGL Background Thread 3 ] DEBUG Engine               - isDesktop: true
12:53:05.783 [FXGL Background Thread 3 ] DEBUG Engine               - isDeveloperMenuEnabled: false
12:53:05.783 [FXGL Background Thread 3 ] DEBUG Engine               - isEntityPreloadEnabled: true
12:53:05.784 [FXGL Background Thread 3 ] DEBUG Engine               - isExperimental3D: false
12:53:05.784 [FXGL Background Thread 3 ] DEBUG Engine               - isExperimentalNative: false
12:53:05.784 [FXGL Background Thread 3 ] DEBUG Engine               - isExperimentalTiledLargeMap: false
12:53:05.784 [FXGL Background Thread 3 ] DEBUG Engine               - isFileSystemWriteAllowed: true
12:53:05.784 [FXGL Background Thread 3 ] DEBUG Engine               - isFullScreenAllowed: false
12:53:05.784 [FXGL Background Thread 3 ] DEBUG Engine               - isFullScreenFromStart: false
12:53:05.784 [FXGL Background Thread 3 ] DEBUG Engine               - isGameMenuEnabled: true
12:53:05.784 [FXGL Background Thread 3 ] DEBUG Engine               - isIOS: false
12:53:05.784 [FXGL Background Thread 3 ] DEBUG Engine               - isIntroEnabled: false
12:53:05.784 [FXGL Background Thread 3 ] DEBUG Engine               - isLinux: false
12:53:05.784 [FXGL Background Thread 3 ] DEBUG Engine               - isMac: false
12:53:05.785 [FXGL Background Thread 3 ] DEBUG Engine               - isMainMenuEnabled: false
12:53:05.785 [FXGL Background Thread 3 ] DEBUG Engine               - isManualResizeEnabled: false
12:53:05.785 [FXGL Background Thread 3 ] DEBUG Engine               - isMobile: false
12:53:05.785 [FXGL Background Thread 3 ] DEBUG Engine               - isPreserveResizeRatio: false
12:53:05.785 [FXGL Background Thread 3 ] DEBUG Engine               - isProfilingEnabled: false
12:53:05.785 [FXGL Background Thread 3 ] DEBUG Engine               - isScaleAffectedOnResize: true
12:53:05.785 [FXGL Background Thread 3 ] DEBUG Engine               - isSingleStep: false
12:53:05.785 [FXGL Background Thread 3 ] DEBUG Engine               - isUserProfileEnabled: false
12:53:05.785 [FXGL Background Thread 3 ] DEBUG Engine               - isWindows: true
12:53:05.785 [FXGL Background Thread 3 ] DEBUG Engine               - language: ObjectProperty [value: ENGLISH]
12:53:05.786 [FXGL Background Thread 3 ] DEBUG Engine               - menuKey: ESCAPE
12:53:05.786 [FXGL Background Thread 3 ] DEBUG Engine               - notificationViewClass: class com.almasb.fxgl.notification.view.XboxNotificationView
12:53:05.786 [FXGL Background Thread 3 ] DEBUG Engine               - pixelsPerMeter: 50.0
12:53:05.786 [FXGL Background Thread 3 ] DEBUG Engine               - platform: WINDOWS
12:53:05.786 [FXGL Background Thread 3 ] DEBUG Engine               - prefHeightProperty: ReadOnlyDoubleProperty [value: 700.0]
12:53:05.786 [FXGL Background Thread 3 ] DEBUG Engine               - prefWidthProperty: ReadOnlyDoubleProperty [value: 1050.0]
12:53:05.786 [FXGL Background Thread 3 ] DEBUG Engine               - profileDir: profiles/
12:53:05.786 [FXGL Background Thread 3 ] DEBUG Engine               - profileName: StringProperty [value: DEFAULT]
12:53:05.786 [FXGL Background Thread 3 ] DEBUG Engine               - randomSeed: -1
12:53:05.786 [FXGL Background Thread 3 ] DEBUG Engine               - runtimeInfo: RuntimeInfo(platform=WINDOWS, version=11.14, build=01.03.2021 16.59)
12:53:05.786 [FXGL Background Thread 3 ] DEBUG Engine               - saveFileExt: sav
12:53:05.786 [FXGL Background Thread 3 ] DEBUG Engine               - scaledHeightProp$fxgl: DoubleProperty [bound, value: 700.0]
12:53:05.786 [FXGL Background Thread 3 ] DEBUG Engine               - scaledWidthProp$fxgl: DoubleProperty [bound, value: 1050.0]
12:53:05.786 [FXGL Background Thread 3 ] DEBUG Engine               - sceneFactory: com.almasb.fxgl.app.scene.SceneFactory@3cd84ffe
12:53:05.787 [FXGL Background Thread 3 ] DEBUG Engine               - secondsIn24h: 60
12:53:05.787 [FXGL Background Thread 3 ] DEBUG Engine               - soundMenuBack: menu/back.wav
12:53:05.787 [FXGL Background Thread 3 ] DEBUG Engine               - soundMenuPress: menu/press.wav
12:53:05.787 [FXGL Background Thread 3 ] DEBUG Engine               - soundMenuSelect: menu/select.wav
12:53:05.787 [FXGL Background Thread 3 ] DEBUG Engine               - soundNotification: core/notification.wav
12:53:05.787 [FXGL Background Thread 3 ] DEBUG Engine               - stageStyle: DECORATED
12:53:05.787 [FXGL Background Thread 3 ] DEBUG Engine               - supportedLanguages: [ENGLISH, FRENCH, GERMAN, HUNGARIAN, RUSSIAN]
12:53:05.787 [FXGL Background Thread 3 ] DEBUG Engine               - ticksPerSecond: -1
12:53:05.787 [FXGL Background Thread 3 ] DEBUG Engine               - title: Untitled
12:53:05.787 [FXGL Background Thread 3 ] DEBUG Engine               - urlGithub: https://github.com/AlmasB/FXGL
12:53:05.788 [FXGL Background Thread 3 ] DEBUG Engine               - urlLeaderboard: http://fxgl-top.herokuapp.com/
12:53:05.788 [FXGL Background Thread 3 ] DEBUG Engine               - urlPOM: https://raw.githubusercontent.com/AlmasB/FXGL/release/README.md
12:53:05.788 [FXGL Background Thread 3 ] DEBUG Engine               - userAppClass: class Game
12:53:05.788 [FXGL Background Thread 3 ] DEBUG Engine               - version: 0.0
12:53:05.788 [FXGL Background Thread 3 ] DEBUG Engine               - versionCheckDays: 7
12:53:05.788 [FXGL Background Thread 3 ] DEBUG Engine               - width: 1050
12:53:05.788 [FXGL Background Thread 3 ] DEBUG Engine               - Logging services
12:53:05.789 [FXGL Background Thread 3 ] DEBUG Engine               - class com.almasb.fxgl.app.services.FXGLAssetLoaderService
12:53:05.789 [FXGL Background Thread 3 ] DEBUG Engine               - class com.almasb.fxgl.app.FXGLApplication$GameApplicationService
12:53:05.789 [FXGL Background Thread 3 ] DEBUG Engine               - class com.almasb.fxgl.app.services.FXGLDialogService
12:53:05.789 [FXGL Background Thread 3 ] DEBUG Engine               - class com.almasb.fxgl.app.services.IOTaskExecutorService
12:53:05.789 [FXGL Background Thread 3 ] DEBUG Engine               - class com.almasb.fxgl.event.EventBusService
12:53:05.789 [FXGL Background Thread 3 ] DEBUG Engine               - class com.almasb.fxgl.io.FileSystemService
12:53:05.789 [FXGL Background Thread 3 ] DEBUG Engine               - class com.almasb.fxgl.localization.LocalizationService
12:53:05.789 [FXGL Background Thread 3 ] DEBUG Engine               - class com.almasb.fxgl.app.services.SystemBundleService
12:53:05.789 [FXGL Background Thread 3 ] DEBUG Engine               - class com.almasb.fxgl.profile.SaveLoadService
12:53:05.789 [FXGL Background Thread 3 ] DEBUG Engine               - class com.almasb.fxgl.ui.FXGLUIFactoryServiceProvider
12:53:05.790 [FXGL Background Thread 3 ] DEBUG Engine               - class com.almasb.fxgl.ui.FXGLDialogFactoryServiceProvider
12:53:05.790 [FXGL Background Thread 3 ] DEBUG Engine               - class com.almasb.fxgl.audio.AudioPlayer
12:53:05.790 [FXGL Background Thread 3 ] DEBUG Engine               - class com.almasb.fxgl.notification.impl.NotificationServiceProvider
12:53:05.790 [FXGL Background Thread 3 ] DEBUG Engine               - class com.almasb.fxgl.achievement.AchievementService
12:53:05.790 [FXGL Background Thread 3 ] DEBUG Engine               - class com.almasb.fxgl.cutscene.CutsceneService
12:53:05.790 [FXGL Background Thread 3 ] DEBUG Engine               - class com.almasb.fxgl.minigames.MiniGameService
12:53:05.791 [FXGL Background Thread 3 ] DEBUG Engine               - class com.almasb.fxgl.net.NetService
12:53:05.791 [FXGL Background Thread 3 ] DEBUG Engine               - class com.almasb.fxgl.app.services.UpdaterService
12:53:05.791 [FXGL Background Thread 3 ] DEBUG Engine               - class com.almasb.fxgl.dev.DevService
12:53:06.006 [JavaFX Application Thread] DEBUG FXGLAssetLoaderServi - Loading from file system: file:/C:/Users/roan2/Documents/SE-Challengeweek/target/classes/assets/textures/player_1_move_left.png
12:53:06.102 [JavaFX Application Thread] DEBUG FXGLAssetLoaderServi - Loading from file system: file:/C:/Users/roan2/Documents/SE-Challengeweek/target/classes/assets/textures/player_1_move_Up.png
12:53:06.453 [JavaFX Application Thread] DEBUG FXGLAssetLoaderServi - Loading from file system: file:/C:/Users/roan2/Documents/SE-Challengeweek/target/classes/assets/textures/player_1_idle_left.png
12:53:14.701 [JavaFX Application Thread] DEBUG FXGLApplication      - Exiting FXGL
12:53:14.702 [JavaFX Application Thread] DEBUG LoopRunner           - Stopping loop
12:53:14.702 [JavaFX Application Thread] DEBUG SystemBundleService  - Saving FXGL system data
12:53:14.704 [JavaFX Application Thread] DEBUG FileSystemAccess     - Writing to: C:\Users\roan2\Documents\SE-Challengeweek\system\fxgl.bundle
12:53:14.705 [JavaFX Application Thread] DEBUG Async                - Shutting down background threads
12:53:14.705 [JavaFX Application Thread] DEBUG PrimaryStageWindow   - Closing main window
12:53:14.717 [JavaFX Application Thread] DEBUG Logger               - Closing Logger
