13:56:24.908 [main                     ] DEBUG Logger               - Configured Logger
13:56:24.922 [main                     ] DEBUG GameApplication      - Logging settings
Title: Untitled
Version: 0.0
Width: 1050
Height: 700
Fullscreen: false
Intro: false
Profiling: false
Single step:false
App Mode: DEVELOPER
Menu Key: ESCAPE
Stage Style: DECORATED
Scene Factory: class com.almasb.fxgl.app.scene.SceneFactory

13:56:25.224 [JavaFX Application Thread] DEBUG FXGLApplication      - Initializing FXGL
13:56:25.226 [JavaFX Application Thread] INFO  Engine               - FXGL-11.14 (01.03.2021 16.59) on WINDOWS (J:15.0.2 FX:15)
13:56:25.226 [JavaFX Application Thread] DEBUG Engine               - JRE Vendor Name: Amazon.com Inc.
13:56:25.227 [JavaFX Application Thread] DEBUG Engine               - Running on OS: Windows 10 version 10.0
13:56:25.227 [JavaFX Application Thread] DEBUG Engine               - Architecture: amd64
13:56:25.227 [JavaFX Application Thread] INFO  Engine               - Source code and latest versions at: https://github.com/AlmasB/FXGL
13:56:25.227 [JavaFX Application Thread] INFO  Engine               -              Join the FXGL chat at: https://gitter.im/AlmasB/FXGL
13:56:25.320 [JavaFX Application Thread] DEBUG PrimaryStageWindow   - Creating a JavaFX scene
13:56:25.361 [JavaFX Application Thread] DEBUG PrimaryStageWindow   - Target settings size: 1050.0 x 700.0
13:56:25.362 [JavaFX Application Thread] DEBUG PrimaryStageWindow   - Scaled scene size:    1050.0 x 700.0
13:56:25.362 [JavaFX Application Thread] DEBUG PrimaryStageWindow   - Scaled ratio: (1.0, 1.0)
13:56:25.363 [JavaFX Application Thread] DEBUG PrimaryStageWindow   - Set initial scene to FXGLStartupScene
13:56:25.368 [JavaFX Application Thread] DEBUG PrimaryStageWindow   - Opening main window
13:56:25.436 [JavaFX Application Thread] DEBUG PrimaryStageWindow   - Window border size: (14.800048828125, 37.5999755859375)
13:56:25.436 [JavaFX Application Thread] DEBUG PrimaryStageWindow   - Scaled size: 1050.0 x 700.0
13:56:25.436 [JavaFX Application Thread] DEBUG PrimaryStageWindow   - Scaled ratio: (1.0, 1.0)
13:56:25.437 [JavaFX Application Thread] DEBUG PrimaryStageWindow   - Scene size: 1050.0 x 700.0
13:56:25.437 [JavaFX Application Thread] DEBUG PrimaryStageWindow   - Stage size: 1064.800048828125 x 737.5999755859375
13:56:25.447 [FXGL Background Thread 1 ] DEBUG Engine               - Initializing environment variables
13:56:25.489 [FXGL Background Thread 1 ] DEBUG FXGLAssetLoaderServi - User app class for loading assets: class Game
13:56:25.489 [FXGL Background Thread 1 ] DEBUG GameApplicationServi - Applying CSS: fxgl_dark.css
13:56:25.491 [FXGL Background Thread 1 ] DEBUG FXGLAssetLoaderServi - Loading from file system: jar:file:/C:/Users/stanm/.m2/repository/com/github/almasb/fxgl/11.14/fxgl-11.14.jar!/fxglassets/ui/css/fxgl_dark.css
13:56:25.535 [FXGL Background Thread 1 ] DEBUG GameApplicationServi - Initializing application scenes
13:56:25.566 [FXGL Background Thread 1 ] DEBUG GameWorld            - Game world initialized
13:56:25.616 [FXGL Background Thread 1 ] DEBUG PhysicsWorld         - Physics world initialized: appHeight=700, physics.ppm=50,0
13:56:25.617 [FXGL Background Thread 1 ] DEBUG PhysicsWorld         - Using strategy: BRUTE_FORCE
13:56:25.619 [FXGL Background Thread 1 ] DEBUG GameScene            - Game scene initialized: 1050x700
13:56:25.655 [FXGL Background Thread 1 ] DEBUG FXGLAssetLoaderServi - Loading from file system: jar:file:/C:/Users/stanm/.m2/repository/com/github/almasb/fxgl/11.14/fxgl-11.14.jar!/fxglassets/textures/particles/trace_horizontal.png
13:56:25.697 [FXGL Background Thread 1 ] DEBUG FXGL.DefaultMenu     - createMenuBodyGameMenu()
13:56:25.709 [FXGL Background Thread 1 ] DEBUG FXGL.DefaultMenu     - createOptionsMenu()
13:56:25.713 [FXGL Background Thread 1 ] DEBUG FXGLAssetLoaderServi - Loading from file system: jar:file:/C:/Users/stanm/.m2/repository/com/github/almasb/fxgl/11.14/fxgl-11.14.jar!/fxglassets/textures/particles/smoke.png
13:56:25.754 [FXGL Background Thread 1 ] DEBUG GameApplicationServi - Application scenes initialized
13:56:25.765 [FXGL Background Thread 1 ] DEBUG SystemBundleService  - Loading FXGL system data
13:56:25.769 [FXGL Background Thread 1 ] DEBUG FileSystemAccess     - Reading from: C:\Users\stanm\Documents\SE-Challengeweek\system\fxgl.bundle
13:56:25.774 [FXGL Background Thread 1 ] DEBUG SystemBundleService  - Bundle FXGL: {}
13:56:25.774 [FXGL Background Thread 1 ] DEBUG UpdaterService       - Checking for updates
13:56:25.777 [FXGL Background Thread 4 ] DEBUG FXGLApplication      - Loading fonts
13:56:25.778 [FXGL Background Thread 1 ] DEBUG FXGLApplication      - Loading default localization
13:56:25.778 [FXGL Background Thread 4 ] DEBUG FXGLAssetLoaderServi - Loading from file system: jar:file:/C:/Users/stanm/.m2/repository/com/github/almasb/fxgl/11.14/fxgl-11.14.jar!/fxglassets/ui/fonts/VarelaRound-Regular.ttf
13:56:25.778 [FXGL Background Thread 1 ] DEBUG FXGLAssetLoaderServi - Loading from file system: jar:file:/C:/Users/stanm/.m2/repository/com/github/almasb/fxgl/11.14/fxgl-11.14.jar!/fxglassets/languages/english.lang
13:56:25.790 [FXGL Background Thread 1 ] INFO  FXGLApplication      - FXGL initialization took: 0,343 sec
13:56:25.799 [JavaFX Application Thread] DEBUG Input                - Registered new binding: up - W
13:56:25.799 [JavaFX Application Thread] DEBUG Input                - Registered new binding: down - S
13:56:25.800 [JavaFX Application Thread] DEBUG Input                - Registered new binding: left - A
13:56:25.800 [JavaFX Application Thread] DEBUG Input                - Registered new binding: right - D
13:56:25.800 [JavaFX Application Thread] DEBUG Input                - Registered new binding: Place Bomb - F
13:56:25.801 [JavaFX Application Thread] DEBUG FXGLAssetLoaderServi - Loading from file system: jar:file:/C:/Users/stanm/.m2/repository/com/github/almasb/fxgl/11.14/fxgl-11.14.jar!/fxglassets/textures/fxgl_icon.png
13:56:25.816 [JavaFX Application Thread] DEBUG FXGLAssetLoaderServi - Loading from file system: jar:file:/C:/Users/stanm/.m2/repository/com/github/almasb/fxgl/11.14/fxgl-11.14.jar!/fxglassets/ui/cursors/fxgl_default.png
13:56:25.817 [JavaFX Application Thread] DEBUG Input                - Registered new binding: Screenshot - P
13:56:25.818 [JavaFX Application Thread] DEBUG Input                - Registered new binding: System info dump - CTRL+9
13:56:25.818 [JavaFX Application Thread] DEBUG Input                - Registered new binding: Restart - CTRL+R
13:56:25.819 [JavaFX Application Thread] DEBUG Input                - Registered new binding: Toggle Debug Camera - CTRL+C
13:56:25.821 [JavaFX Application Thread] DEBUG LoopRunner           - Starting loop
13:56:25.821 [JavaFX Application Thread] DEBUG LoopRunner           - Initializing JavaFX AnimationTimerLoop
13:56:25.823 [JavaFX Application Thread] DEBUG GameApplicationServi - Starting new game
13:56:25.823 [JavaFX Application Thread] DEBUG Input                - Clearing active input actions
13:56:25.832 [JavaFX Application Thread] DEBUG GameApplicationServi - Removing overlay from FXGLStartupScene and adding to FXGLLoadingScene
13:56:25.833 [JavaFX Application Thread] DEBUG PrimaryStageWindow   - FXGLStartupScene -> FXGLLoadingScene
13:56:25.833 [JavaFX Application Thread] DEBUG GameApplicationServi - Clearing previous game
13:56:25.833 [JavaFX Application Thread] DEBUG GameScene            - Clearing game scene
13:56:25.833 [JavaFX Application Thread] DEBUG GameWorld            - Clearing game world
13:56:25.834 [JavaFX Application Thread] DEBUG PhysicsWorld         - Clearing physics world
13:56:25.835 [FXGL Background Thread 1 ] DEBUG FXGLApplication      - Initializing game
13:56:25.835 [FXGL Background Thread 4 ] DEBUG FXGLAssetLoaderServi - Loading from file system: jar:file:/C:/Users/stanm/.m2/repository/com/github/almasb/fxgl/11.14/fxgl-11.14.jar!/fxglassets/ui/fonts/Abel-Regular.ttf
13:56:25.848 [FXGL Background Thread 4 ] DEBUG FXGLAssetLoaderServi - Loading from file system: jar:file:/C:/Users/stanm/.m2/repository/com/github/almasb/fxgl/11.14/fxgl-11.14.jar!/fxglassets/ui/fonts/lucida_console.ttf
13:56:25.859 [FXGL Background Thread 4 ] DEBUG FXGLAssetLoaderServi - Loading from file system: jar:file:/C:/Users/stanm/.m2/repository/com/github/almasb/fxgl/11.14/fxgl-11.14.jar!/fxglassets/ui/fonts/Courier-Prime.ttf
13:56:25.863 [FXGL Background Thread 1 ] WARN  TMXLevelLoader       - TiledMap generated from 1.0.1. Supported version: 1.2.3. Some features may not be parsed fully.
13:56:25.866 [FXGL Background Thread 1 ] DEBUG TMXLevelLoader       - Parsed raw map: TiledMap(width=15, height=13, tilewidth=64, tileheight=64, orientation=orthogonal, layers=[Layer(width=15, height=13, name=Tile Layer 1, type=tilelayer, visible=false, x=0, y=0, data=[1, 1, 0, 0, 6, 6, 0, 0, 0, 0, 0, 0, 0, 0, 0, 2, 2, 0, 0, 7, 7, 0, 0, 0, 0, 0, 0, 0, 0, 0, 3, 3, 0, 0, 8, 8, 0, 0, 0, 0, 0, 0, 0, 0, 0, 4, 4, 0, 0, 9, 9, 0, 0, 0, 0, 0, 0, 0, 0, 0, 5, 5, 0, 0, 10, 10, 0, 0, 0, 0, 0, 0, 0, 0, 0, 0, 0, 0, 0, 0, 0, 0, 0, 0, 0, 0, 0, 0, 0, 0, 0, 0, 0, 0, 0, 0, 0, 0, 0, 0, 0, 0, 0, 0, 0, 0, 0, 0, 0, 0, 0, 0, 0, 0, 0, 0, 0, 0, 0, 0, 0, 0, 0, 0, 0, 0, 0, 0, 0, 0, 0, 0, 0, 0, 0, 0, 0, 0, 0, 0, 0, 0, 0, 0, 0, 0, 0, 0, 0, 0, 0, 0, 0, 0, 0, 0, 0, 0, 0, 0, 0, 0, 0, 0, 0, 0, 0, 0, 0, 0, 0, 0, 0, 0, 0, 0, 0, 0, 0, 0, 0, 0, 0, 0, 0, 0, 0, 0, 0, 0, 0, 0, 0, 0, 0], objects=[], opacity=0.0, draworder=)], tilesets=[Tileset(firstgid=1, image=spritesheet.png, name=spritesheet, tilewidth=64, tileheight=64, imagewidth=832, imageheight=64, margin=0, spacing=0, columns=13, tilecount=13, transparentcolor=, tiles=[])], backgroundcolor=, renderorder=right-down, nextobjectid=1, version=1, tiledversion=1.0.1, type=map, infinite=false, hexsidelength=0, staggeraxis=, staggerindex=, properties={}, propertytypes={})
13:56:25.867 [FXGL Background Thread 1 ] DEBUG TMXLevelLoader       - Creating tile layer entities
13:56:25.868 [FXGL Background Thread 1 ] DEBUG TilesetLoader        - Loading view for layer Tile Layer 1
13:56:25.870 [FXGL Background Thread 1 ] DEBUG TilesetLoader        - Created buffer with size 960.0x832.0
13:56:25.873 [FXGL Background Thread 1 ] DEBUG TilesetLoader        - Writing to buffer: dst=0,0, w=64,h=64, src=0,0
13:56:25.873 [FXGL Background Thread 1 ] DEBUG TilesetLoader        - Writing to buffer: dst=64,0, w=64,h=64, src=0,0
13:56:25.874 [FXGL Background Thread 1 ] DEBUG TilesetLoader        - Writing to buffer: dst=256,0, w=64,h=64, src=320,0
13:56:25.874 [FXGL Background Thread 1 ] DEBUG TilesetLoader        - Writing to buffer: dst=320,0, w=64,h=64, src=320,0
13:56:25.874 [FXGL Background Thread 1 ] DEBUG TilesetLoader        - Writing to buffer: dst=0,64, w=64,h=64, src=64,0
13:56:25.874 [FXGL Background Thread 1 ] DEBUG TilesetLoader        - Writing to buffer: dst=64,64, w=64,h=64, src=64,0
13:56:25.874 [FXGL Background Thread 1 ] DEBUG TilesetLoader        - Writing to buffer: dst=256,64, w=64,h=64, src=384,0
13:56:25.874 [FXGL Background Thread 1 ] DEBUG TilesetLoader        - Writing to buffer: dst=320,64, w=64,h=64, src=384,0
13:56:25.875 [FXGL Background Thread 1 ] DEBUG TilesetLoader        - Writing to buffer: dst=0,128, w=64,h=64, src=128,0
13:56:25.875 [FXGL Background Thread 1 ] DEBUG TilesetLoader        - Writing to buffer: dst=64,128, w=64,h=64, src=128,0
13:56:25.875 [FXGL Background Thread 1 ] DEBUG TilesetLoader        - Writing to buffer: dst=256,128, w=64,h=64, src=448,0
13:56:25.875 [FXGL Background Thread 1 ] DEBUG TilesetLoader        - Writing to buffer: dst=320,128, w=64,h=64, src=448,0
13:56:25.875 [FXGL Background Thread 1 ] DEBUG TilesetLoader        - Writing to buffer: dst=0,192, w=64,h=64, src=192,0
13:56:25.876 [FXGL Background Thread 1 ] DEBUG TilesetLoader        - Writing to buffer: dst=64,192, w=64,h=64, src=192,0
13:56:25.876 [FXGL Background Thread 1 ] DEBUG TilesetLoader        - Writing to buffer: dst=256,192, w=64,h=64, src=512,0
13:56:25.876 [FXGL Background Thread 1 ] DEBUG TilesetLoader        - Writing to buffer: dst=320,192, w=64,h=64, src=512,0
13:56:25.876 [FXGL Background Thread 1 ] DEBUG TilesetLoader        - Writing to buffer: dst=0,256, w=64,h=64, src=256,0
13:56:25.877 [FXGL Background Thread 1 ] DEBUG TilesetLoader        - Writing to buffer: dst=64,256, w=64,h=64, src=256,0
13:56:25.877 [FXGL Background Thread 1 ] DEBUG TilesetLoader        - Writing to buffer: dst=256,256, w=64,h=64, src=576,0
13:56:25.877 [JavaFX Application Thread] DEBUG FXGLApplication      - Registering font factories with UI factory
13:56:25.877 [FXGL Background Thread 1 ] DEBUG TilesetLoader        - Writing to buffer: dst=320,256, w=64,h=64, src=576,0
13:56:25.878 [FXGL Background Thread 1 ] DEBUG TMXLevelLoader       - Creating object layer entities
13:56:25.879 [FXGL Background Thread 1 ] DEBUG GameWorld            - Clearing removable entities
13:56:25.879 [FXGL Background Thread 1 ] DEBUG GameWorld            - Setting level: com.almasb.fxgl.entity.level.Level@59f55765
13:56:25.904 [FXGL Background Thread 1 ] DEBUG FXGLAssetLoaderServi - Loading from file system: file:/C:/Users/stanm/Documents/SE-Challengeweek/target/classes/assets/textures/player_1_move_down.png
13:56:25.912 [FXGL Background Thread 1 ] INFO  FXGLApplication      - Game initialization took: 0,076 sec
13:56:25.940 [JavaFX Application Thread] DEBUG Input                - Clearing active input actions
13:56:25.948 [JavaFX Application Thread] DEBUG GameApplicationServi - Removing overlay from FXGLLoadingScene and adding to GameScene
13:56:25.949 [JavaFX Application Thread] DEBUG PrimaryStageWindow   - FXGLLoadingScene -> GameScene
13:56:25.952 [JavaFX Application Thread] DEBUG FXGLAssetLoaderServi - Loading from file system: file:/C:/Users/stanm/Documents/SE-Challengeweek/target/classes/assets/textures/player_1_idle_down.png
13:56:26.095 [FXGL Background Thread 2 ] INFO  UpdaterService       - Your current version:  11.14
13:56:26.096 [FXGL Background Thread 2 ] INFO  UpdaterService       - Latest stable version: 17.1
13:56:27.314 [JavaFX Application Thread] DEBUG FXGLAssetLoaderServi - Loading from file system: file:/C:/Users/stanm/Documents/SE-Challengeweek/target/classes/assets/textures/player_1_move_right.png
13:56:27.802 [JavaFX Application Thread] DEBUG FXGLAssetLoaderServi - Loading from file system: file:/C:/Users/stanm/Documents/SE-Challengeweek/target/classes/assets/textures/player_1_idle_right.png
13:56:28.778 [FXGL Background Thread 3 ] DEBUG Engine               - Logging environment variables
13:56:28.779 [FXGL Background Thread 3 ] DEBUG Engine               - achievements: []
13:56:28.780 [FXGL Background Thread 3 ] DEBUG Engine               - actualHeight: 700.0
13:56:28.782 [FXGL Background Thread 3 ] DEBUG Engine               - actualHeightProperty: ReadOnlyDoubleProperty [value: 700.0]
13:56:28.782 [FXGL Background Thread 3 ] DEBUG Engine               - actualWidth: 1050.0
13:56:28.783 [FXGL Background Thread 3 ] DEBUG Engine               - actualWidthProperty: ReadOnlyDoubleProperty [value: 1050.0]
13:56:28.784 [FXGL Background Thread 3 ] DEBUG Engine               - appIcon: fxgl_icon.png
13:56:28.784 [FXGL Background Thread 3 ] DEBUG Engine               - applicationMode: DEVELOPER
13:56:28.785 [FXGL Background Thread 3 ] DEBUG Engine               - cSSList: [fxgl_dark.css]
13:56:28.785 [FXGL Background Thread 3 ] DEBUG Engine               - collisionDetectionStrategy: BRUTE_FORCE
13:56:28.786 [FXGL Background Thread 3 ] DEBUG Engine               - configClass: Optional.empty
13:56:28.786 [FXGL Background Thread 3 ] DEBUG Engine               - credits: []
13:56:28.788 [FXGL Background Thread 3 ] DEBUG Engine               - devBBoxColorProperty: ObjectProperty [value: 0xff0000ff]
13:56:28.789 [FXGL Background Thread 3 ] DEBUG Engine               - devEnableDebugCameraProperty: BooleanProperty [value: false]
13:56:28.791 [FXGL Background Thread 3 ] DEBUG Engine               - devSensorColorProperty: ObjectProperty [value: 0xffff00ff]
13:56:28.792 [FXGL Background Thread 3 ] DEBUG Engine               - devShowBBoxProperty: BooleanProperty [value: false]
13:56:28.793 [FXGL Background Thread 3 ] DEBUG Engine               - devShowPositionProperty: BooleanProperty [value: false]
13:56:28.794 [FXGL Background Thread 3 ] DEBUG Engine               - enabledMenuItems: []
13:56:28.795 [FXGL Background Thread 3 ] DEBUG Engine               - engineServices: [class com.almasb.fxgl.app.services.FXGLAssetLoaderService, class com.almasb.fxgl.app.FXGLApplication$GameApplicationService, class com.almasb.fxgl.app.services.FXGLDialogService, class com.almasb.fxgl.app.services.IOTaskExecutorService, class com.almasb.fxgl.event.EventBusService, class com.almasb.fxgl.io.FileSystemService, class com.almasb.fxgl.localization.LocalizationService, class com.almasb.fxgl.app.services.SystemBundleService, class com.almasb.fxgl.profile.SaveLoadService, class com.almasb.fxgl.ui.FXGLUIFactoryServiceProvider, class com.almasb.fxgl.ui.FXGLDialogFactoryServiceProvider, class com.almasb.fxgl.audio.AudioPlayer, class com.almasb.fxgl.notification.impl.NotificationServiceProvider, class com.almasb.fxgl.achievement.AchievementService, class com.almasb.fxgl.cutscene.CutsceneService, class com.almasb.fxgl.minigames.MiniGameService, class com.almasb.fxgl.net.NetService, class com.almasb.fxgl.app.services.UpdaterService, class com.almasb.fxgl.dev.DevService]
13:56:28.795 [FXGL Background Thread 3 ] DEBUG Engine               - fontGame: Abel-Regular.ttf
13:56:28.796 [FXGL Background Thread 3 ] DEBUG Engine               - fontMono: lucida_console.ttf
13:56:28.796 [FXGL Background Thread 3 ] DEBUG Engine               - fontText: Courier-Prime.ttf
13:56:28.797 [FXGL Background Thread 3 ] DEBUG Engine               - fontUI: VarelaRound-Regular.ttf
13:56:28.798 [FXGL Background Thread 3 ] DEBUG Engine               - fullScreen: BooleanProperty [value: false]
13:56:28.798 [FXGL Background Thread 3 ] DEBUG Engine               - gameDifficulty: MEDIUM
13:56:28.799 [FXGL Background Thread 3 ] DEBUG Engine               - gameDifficultyProperty: ObjectProperty [value: MEDIUM]
13:56:28.799 [FXGL Background Thread 3 ] DEBUG Engine               - globalMusicVolume: 0.5
13:56:28.800 [FXGL Background Thread 3 ] DEBUG Engine               - globalMusicVolumeProperty: DoubleProperty [value: 0.5]
13:56:28.800 [FXGL Background Thread 3 ] DEBUG Engine               - globalSoundVolume: 0.5
13:56:28.801 [FXGL Background Thread 3 ] DEBUG Engine               - globalSoundVolumeProperty: DoubleProperty [value: 0.5]
13:56:28.801 [FXGL Background Thread 3 ] DEBUG Engine               - height: 700
13:56:28.802 [FXGL Background Thread 3 ] DEBUG Engine               - isAndroid: false
13:56:28.802 [FXGL Background Thread 3 ] DEBUG Engine               - isBrowser: false
13:56:28.803 [FXGL Background Thread 3 ] DEBUG Engine               - isClickFeedbackEnabled: false
13:56:28.804 [FXGL Background Thread 3 ] DEBUG Engine               - isCloseConfirmation: false
13:56:28.805 [FXGL Background Thread 3 ] DEBUG Engine               - isDesktop: true
13:56:28.805 [FXGL Background Thread 3 ] DEBUG Engine               - isDeveloperMenuEnabled: false
13:56:28.805 [FXGL Background Thread 3 ] DEBUG Engine               - isEntityPreloadEnabled: true
13:56:28.806 [FXGL Background Thread 3 ] DEBUG Engine               - isExperimental3D: false
13:56:28.806 [FXGL Background Thread 3 ] DEBUG Engine               - isExperimentalNative: false
13:56:28.807 [FXGL Background Thread 3 ] DEBUG Engine               - isExperimentalTiledLargeMap: false
13:56:28.807 [FXGL Background Thread 3 ] DEBUG Engine               - isFileSystemWriteAllowed: true
13:56:28.808 [FXGL Background Thread 3 ] DEBUG Engine               - isFullScreenAllowed: false
13:56:28.808 [FXGL Background Thread 3 ] DEBUG Engine               - isFullScreenFromStart: false
13:56:28.809 [FXGL Background Thread 3 ] DEBUG Engine               - isGameMenuEnabled: true
13:56:28.809 [FXGL Background Thread 3 ] DEBUG Engine               - isIOS: false
13:56:28.810 [FXGL Background Thread 3 ] DEBUG Engine               - isIntroEnabled: false
13:56:28.810 [FXGL Background Thread 3 ] DEBUG Engine               - isLinux: false
13:56:28.811 [FXGL Background Thread 3 ] DEBUG Engine               - isMac: false
13:56:28.812 [FXGL Background Thread 3 ] DEBUG Engine               - isMainMenuEnabled: false
13:56:28.813 [FXGL Background Thread 3 ] DEBUG Engine               - isManualResizeEnabled: false
13:56:28.813 [FXGL Background Thread 3 ] DEBUG Engine               - isMobile: false
13:56:28.814 [FXGL Background Thread 3 ] DEBUG Engine               - isPreserveResizeRatio: false
13:56:28.814 [FXGL Background Thread 3 ] DEBUG Engine               - isProfilingEnabled: false
13:56:28.815 [FXGL Background Thread 3 ] DEBUG Engine               - isScaleAffectedOnResize: true
13:56:28.815 [FXGL Background Thread 3 ] DEBUG Engine               - isSingleStep: false
13:56:28.816 [FXGL Background Thread 3 ] DEBUG Engine               - isUserProfileEnabled: false
13:56:28.818 [FXGL Background Thread 3 ] DEBUG Engine               - isWindows: true
13:56:28.819 [FXGL Background Thread 3 ] DEBUG Engine               - language: ObjectProperty [value: ENGLISH]
13:56:28.820 [FXGL Background Thread 3 ] DEBUG Engine               - menuKey: ESCAPE
13:56:28.821 [FXGL Background Thread 3 ] DEBUG Engine               - notificationViewClass: class com.almasb.fxgl.notification.view.XboxNotificationView
13:56:28.821 [FXGL Background Thread 3 ] DEBUG Engine               - pixelsPerMeter: 50.0
13:56:28.822 [FXGL Background Thread 3 ] DEBUG Engine               - platform: WINDOWS
13:56:28.823 [FXGL Background Thread 3 ] DEBUG Engine               - prefHeightProperty: ReadOnlyDoubleProperty [value: 700.0]
13:56:28.824 [FXGL Background Thread 3 ] DEBUG Engine               - prefWidthProperty: ReadOnlyDoubleProperty [value: 1050.0]
13:56:28.824 [FXGL Background Thread 3 ] DEBUG Engine               - profileDir: profiles/
13:56:28.825 [FXGL Background Thread 3 ] DEBUG Engine               - profileName: StringProperty [value: DEFAULT]
13:56:28.826 [FXGL Background Thread 3 ] DEBUG Engine               - randomSeed: -1
13:56:28.826 [FXGL Background Thread 3 ] DEBUG Engine               - runtimeInfo: RuntimeInfo(platform=WINDOWS, version=11.14, build=01.03.2021 16.59)
13:56:28.826 [FXGL Background Thread 3 ] DEBUG Engine               - saveFileExt: sav
13:56:28.827 [FXGL Background Thread 3 ] DEBUG Engine               - scaledHeightProp$fxgl: DoubleProperty [bound, value: 700.0]
13:56:28.827 [FXGL Background Thread 3 ] DEBUG Engine               - scaledWidthProp$fxgl: DoubleProperty [bound, value: 1050.0]
13:56:28.828 [FXGL Background Thread 3 ] DEBUG Engine               - sceneFactory: com.almasb.fxgl.app.scene.SceneFactory@466b1703
13:56:28.828 [FXGL Background Thread 3 ] DEBUG Engine               - secondsIn24h: 60
13:56:28.829 [FXGL Background Thread 3 ] DEBUG Engine               - soundMenuBack: menu/back.wav
13:56:28.829 [FXGL Background Thread 3 ] DEBUG Engine               - soundMenuPress: menu/press.wav
13:56:28.829 [FXGL Background Thread 3 ] DEBUG Engine               - soundMenuSelect: menu/select.wav
13:56:28.830 [FXGL Background Thread 3 ] DEBUG Engine               - soundNotification: core/notification.wav
13:56:28.830 [FXGL Background Thread 3 ] DEBUG Engine               - stageStyle: DECORATED
13:56:28.832 [FXGL Background Thread 3 ] DEBUG Engine               - supportedLanguages: [ENGLISH, FRENCH, GERMAN, HUNGARIAN, RUSSIAN]
13:56:28.832 [FXGL Background Thread 3 ] DEBUG Engine               - ticksPerSecond: -1
13:56:28.833 [FXGL Background Thread 3 ] DEBUG Engine               - title: Untitled
13:56:28.833 [FXGL Background Thread 3 ] DEBUG Engine               - urlGithub: https://github.com/AlmasB/FXGL
13:56:28.834 [FXGL Background Thread 3 ] DEBUG Engine               - urlLeaderboard: http://fxgl-top.herokuapp.com/
13:56:28.834 [FXGL Background Thread 3 ] DEBUG Engine               - urlPOM: https://raw.githubusercontent.com/AlmasB/FXGL/release/README.md
13:56:28.835 [FXGL Background Thread 3 ] DEBUG Engine               - userAppClass: class Game
13:56:28.835 [FXGL Background Thread 3 ] DEBUG Engine               - version: 0.0
13:56:28.835 [FXGL Background Thread 3 ] DEBUG Engine               - versionCheckDays: 7
13:56:28.836 [FXGL Background Thread 3 ] DEBUG Engine               - width: 1050
13:56:28.836 [FXGL Background Thread 3 ] DEBUG Engine               - Logging services
13:56:28.837 [FXGL Background Thread 3 ] DEBUG Engine               - class com.almasb.fxgl.app.services.FXGLAssetLoaderService
13:56:28.837 [FXGL Background Thread 3 ] DEBUG Engine               - class com.almasb.fxgl.app.FXGLApplication$GameApplicationService
13:56:28.838 [FXGL Background Thread 3 ] DEBUG Engine               - class com.almasb.fxgl.app.services.FXGLDialogService
13:56:28.838 [FXGL Background Thread 3 ] DEBUG Engine               - class com.almasb.fxgl.app.services.IOTaskExecutorService
13:56:28.838 [FXGL Background Thread 3 ] DEBUG Engine               - class com.almasb.fxgl.event.EventBusService
13:56:28.840 [FXGL Background Thread 3 ] DEBUG Engine               - class com.almasb.fxgl.io.FileSystemService
13:56:28.840 [FXGL Background Thread 3 ] DEBUG Engine               - class com.almasb.fxgl.localization.LocalizationService
13:56:28.840 [FXGL Background Thread 3 ] DEBUG Engine               - class com.almasb.fxgl.app.services.SystemBundleService
13:56:28.841 [FXGL Background Thread 3 ] DEBUG Engine               - class com.almasb.fxgl.profile.SaveLoadService
13:56:28.842 [FXGL Background Thread 3 ] DEBUG Engine               - class com.almasb.fxgl.ui.FXGLUIFactoryServiceProvider
13:56:28.842 [FXGL Background Thread 3 ] DEBUG Engine               - class com.almasb.fxgl.ui.FXGLDialogFactoryServiceProvider
13:56:28.843 [FXGL Background Thread 3 ] DEBUG Engine               - class com.almasb.fxgl.audio.AudioPlayer
13:56:28.844 [FXGL Background Thread 3 ] DEBUG Engine               - class com.almasb.fxgl.notification.impl.NotificationServiceProvider
13:56:28.844 [FXGL Background Thread 3 ] DEBUG Engine               - class com.almasb.fxgl.achievement.AchievementService
13:56:28.845 [FXGL Background Thread 3 ] DEBUG Engine               - class com.almasb.fxgl.cutscene.CutsceneService
13:56:28.846 [FXGL Background Thread 3 ] DEBUG Engine               - class com.almasb.fxgl.minigames.MiniGameService
13:56:28.846 [FXGL Background Thread 3 ] DEBUG Engine               - class com.almasb.fxgl.net.NetService
13:56:28.847 [FXGL Background Thread 3 ] DEBUG Engine               - class com.almasb.fxgl.app.services.UpdaterService
13:56:28.848 [FXGL Background Thread 3 ] DEBUG Engine               - class com.almasb.fxgl.dev.DevService
13:56:29.705 [JavaFX Application Thread] DEBUG FXGLApplication      - Exiting FXGL
13:56:29.706 [JavaFX Application Thread] DEBUG LoopRunner           - Stopping loop
13:56:29.706 [JavaFX Application Thread] DEBUG SystemBundleService  - Saving FXGL system data
13:56:29.711 [JavaFX Application Thread] DEBUG FileSystemAccess     - Writing to: C:\Users\stanm\Documents\SE-Challengeweek\system\fxgl.bundle
13:56:29.715 [JavaFX Application Thread] DEBUG Async                - Shutting down background threads
13:56:29.716 [JavaFX Application Thread] DEBUG PrimaryStageWindow   - Closing main window
13:56:29.727 [JavaFX Application Thread] DEBUG Logger               - Closing Logger
