15:20:51.356 [main                     ] DEBUG Logger               - Configured Logger
15:20:51.361 [main                     ] DEBUG GameApplication      - Logging settings
Title: Bomberman
Version: 0.0
Width: 1050
Height: 700
Fullscreen: false
Intro: false
Profiling: false
Single step:false
App Mode: DEVELOPER
Menu Key: ESCAPE
Stage Style: DECORATED
Scene Factory: class com.almasb.fxgl.app.scene.SceneFactory

15:20:51.785 [JavaFX Application Thread] DEBUG FXGLApplication      - Initializing FXGL
15:20:51.787 [JavaFX Application Thread] INFO  Engine               - FXGL-11.14 (01.03.2021 16.59) on WINDOWS (J:15.0.2 FX:15)
15:20:51.787 [JavaFX Application Thread] DEBUG Engine               - JRE Vendor Name: Amazon.com Inc.
15:20:51.788 [JavaFX Application Thread] DEBUG Engine               - Running on OS: Windows 10 version 10.0
15:20:51.788 [JavaFX Application Thread] DEBUG Engine               - Architecture: amd64
15:20:51.788 [JavaFX Application Thread] INFO  Engine               - Source code and latest versions at: https://github.com/AlmasB/FXGL
15:20:51.788 [JavaFX Application Thread] INFO  Engine               -              Join the FXGL chat at: https://gitter.im/AlmasB/FXGL
15:20:51.929 [JavaFX Application Thread] DEBUG PrimaryStageWindow   - Creating a JavaFX scene
15:20:51.999 [JavaFX Application Thread] DEBUG PrimaryStageWindow   - Target settings size: 1050.0 x 700.0
15:20:52.000 [JavaFX Application Thread] DEBUG PrimaryStageWindow   - Scaled scene size:    1050.0 x 700.0
15:20:52.000 [JavaFX Application Thread] DEBUG PrimaryStageWindow   - Scaled ratio: (1.0, 1.0)
15:20:52.001 [JavaFX Application Thread] DEBUG PrimaryStageWindow   - Set initial scene to FXGLStartupScene
15:20:52.009 [JavaFX Application Thread] DEBUG PrimaryStageWindow   - Opening main window
15:20:52.108 [JavaFX Application Thread] DEBUG PrimaryStageWindow   - Window border size: (14.800048828125, 37.5999755859375)
15:20:52.108 [JavaFX Application Thread] DEBUG PrimaryStageWindow   - Scaled size: 1050.0 x 700.0
15:20:52.108 [JavaFX Application Thread] DEBUG PrimaryStageWindow   - Scaled ratio: (1.0, 1.0)
15:20:52.108 [JavaFX Application Thread] DEBUG PrimaryStageWindow   - Scene size: 1050.0 x 700.0
15:20:52.108 [JavaFX Application Thread] DEBUG PrimaryStageWindow   - Stage size: 1064.800048828125 x 737.5999755859375
15:20:52.116 [FXGL Background Thread 1 ] DEBUG Engine               - Initializing environment variables
15:20:52.153 [FXGL Background Thread 1 ] DEBUG FXGLAssetLoaderServi - User app class for loading assets: class Game
15:20:52.153 [FXGL Background Thread 1 ] DEBUG GameApplicationServi - Applying CSS: fxgl_dark.css
15:20:52.155 [FXGL Background Thread 1 ] DEBUG FXGLAssetLoaderServi - Loading from file system: jar:file:/C:/Users/roan2/.m2/repository/com/github/almasb/fxgl/11.14/fxgl-11.14.jar!/fxglassets/ui/css/fxgl_dark.css
15:20:52.210 [FXGL Background Thread 1 ] DEBUG GameApplicationServi - Initializing application scenes
15:20:52.245 [FXGL Background Thread 1 ] DEBUG GameWorld            - Game world initialized
15:20:52.307 [FXGL Background Thread 1 ] DEBUG PhysicsWorld         - Physics world initialized: appHeight=700, physics.ppm=50.0
15:20:52.307 [FXGL Background Thread 1 ] DEBUG PhysicsWorld         - Using strategy: BRUTE_FORCE
15:20:52.309 [FXGL Background Thread 1 ] DEBUG GameScene            - Game scene initialized: 1050x700
15:20:52.346 [FXGL Background Thread 1 ] DEBUG FXGLAssetLoaderServi - Loading from file system: jar:file:/C:/Users/roan2/.m2/repository/com/github/almasb/fxgl/11.14/fxgl-11.14.jar!/fxglassets/textures/particles/trace_horizontal.png
15:20:52.408 [FXGL Background Thread 1 ] DEBUG FXGL.DefaultMenu     - createMenuBodyMainMenu()
15:20:52.425 [FXGL Background Thread 1 ] DEBUG FXGL.DefaultMenu     - createOptionsMenu()
15:20:52.430 [FXGL Background Thread 1 ] DEBUG FXGLAssetLoaderServi - Loading from file system: jar:file:/C:/Users/roan2/.m2/repository/com/github/almasb/fxgl/11.14/fxgl-11.14.jar!/fxglassets/textures/particles/smoke.png
15:20:52.487 [FXGL Background Thread 1 ] DEBUG FXGL.DefaultMenu     - createMenuBodyGameMenu()
15:20:52.488 [FXGL Background Thread 1 ] DEBUG FXGL.DefaultMenu     - createOptionsMenu()
15:20:52.505 [FXGL Background Thread 1 ] DEBUG GameApplicationServi - Application scenes initialized
15:20:52.516 [FXGL Background Thread 1 ] DEBUG SystemBundleService  - Loading FXGL system data
15:20:52.519 [FXGL Background Thread 1 ] DEBUG FileSystemAccess     - Reading from: C:\Users\roan2\Documents\SE-Challengeweek\system\fxgl.bundle
15:20:52.524 [FXGL Background Thread 1 ] DEBUG SystemBundleService  - Bundle FXGL: {}
15:20:52.524 [FXGL Background Thread 1 ] DEBUG UpdaterService       - Checking for updates
15:20:52.551 [FXGL Background Thread 4 ] DEBUG FXGLApplication      - Loading fonts
15:20:52.551 [FXGL Background Thread 1 ] DEBUG FXGLApplication      - Loading default localization
15:20:52.551 [FXGL Background Thread 4 ] DEBUG FXGLAssetLoaderServi - Loading from file system: jar:file:/C:/Users/roan2/.m2/repository/com/github/almasb/fxgl/11.14/fxgl-11.14.jar!/fxglassets/ui/fonts/VarelaRound-Regular.ttf
15:20:52.552 [FXGL Background Thread 1 ] DEBUG FXGLAssetLoaderServi - Loading from file system: jar:file:/C:/Users/roan2/.m2/repository/com/github/almasb/fxgl/11.14/fxgl-11.14.jar!/fxglassets/languages/english.lang
15:20:52.572 [FXGL Background Thread 1 ] INFO  FXGLApplication      - FXGL initialization took: 0.456 sec
15:20:52.582 [JavaFX Application Thread] DEBUG Input                - Registered new binding: up - W
15:20:52.582 [JavaFX Application Thread] DEBUG Input                - Registered new binding: down - S
15:20:52.583 [JavaFX Application Thread] DEBUG Input                - Registered new binding: left - A
15:20:52.583 [JavaFX Application Thread] DEBUG Input                - Registered new binding: right - D
15:20:52.583 [JavaFX Application Thread] DEBUG Input                - Registered new binding: Place Bomb - F
15:20:52.584 [JavaFX Application Thread] DEBUG FXGLAssetLoaderServi - Loading from file system: jar:file:/C:/Users/roan2/.m2/repository/com/github/almasb/fxgl/11.14/fxgl-11.14.jar!/fxglassets/textures/fxgl_icon.png
15:20:52.603 [JavaFX Application Thread] DEBUG FXGLAssetLoaderServi - Loading from file system: jar:file:/C:/Users/roan2/.m2/repository/com/github/almasb/fxgl/11.14/fxgl-11.14.jar!/fxglassets/ui/cursors/fxgl_default.png
15:20:52.605 [JavaFX Application Thread] DEBUG Input                - Registered new binding: Screenshot - P
15:20:52.605 [JavaFX Application Thread] DEBUG Input                - Registered new binding: Dev Options - 1
15:20:52.606 [JavaFX Application Thread] DEBUG Input                - Registered new binding: Dev Console - 2
15:20:52.606 [JavaFX Application Thread] DEBUG Input                - Registered new binding: System info dump - CTRL+9
15:20:52.607 [JavaFX Application Thread] DEBUG Input                - Registered new binding: Restart - CTRL+R
15:20:52.608 [JavaFX Application Thread] DEBUG Input                - Registered new binding: Toggle Debug Camera - CTRL+C
15:20:52.610 [JavaFX Application Thread] DEBUG LoopRunner           - Starting loop
15:20:52.627 [JavaFX Application Thread] DEBUG LoopRunner           - Initializing JavaFX AnimationTimerLoop
15:20:52.631 [JavaFX Application Thread] DEBUG Input                - Clearing active input actions
15:20:52.638 [FXGL Background Thread 4 ] DEBUG FXGLAssetLoaderServi - Loading from file system: jar:file:/C:/Users/roan2/.m2/repository/com/github/almasb/fxgl/11.14/fxgl-11.14.jar!/fxglassets/ui/fonts/Abel-Regular.ttf
15:20:52.639 [JavaFX Application Thread] DEBUG GameApplicationServi - Removing overlay from FXGLStartupScene and adding to FXGLMainMenuDummyScene
15:20:52.641 [FXGL Background Thread 4 ] DEBUG FXGLAssetLoaderServi - Loading from file system: jar:file:/C:/Users/roan2/.m2/repository/com/github/almasb/fxgl/11.14/fxgl-11.14.jar!/fxglassets/ui/fonts/lucida_console.ttf
15:20:52.643 [JavaFX Application Thread] DEBUG PrimaryStageWindow   - FXGLStartupScene -> FXGLMainMenuDummyScene
15:20:52.643 [JavaFX Application Thread] DEBUG PrimaryStageWindow   - Push state: FXGLDefaultMenu
15:20:52.645 [FXGL Background Thread 4 ] DEBUG FXGLAssetLoaderServi - Loading from file system: jar:file:/C:/Users/roan2/.m2/repository/com/github/almasb/fxgl/11.14/fxgl-11.14.jar!/fxglassets/ui/fonts/Courier-Prime.ttf
15:20:52.647 [JavaFX Application Thread] DEBUG Input                - Clearing active input actions
15:20:52.657 [JavaFX Application Thread] DEBUG GameApplicationServi - Removing overlay from FXGLMainMenuDummyScene and adding to FXGLDefaultMenu
15:20:52.657 [JavaFX Application Thread] DEBUG PrimaryStageWindow   - FXGLMainMenuDummyScene -> FXGLDefaultMenu
15:20:52.864 [JavaFX Application Thread] DEBUG FXGLApplication      - Registering font factories with UI factory
15:20:52.894 [FXGL Background Thread 2 ] INFO  UpdaterService       - Your current version:  11.14
15:20:52.895 [FXGL Background Thread 2 ] INFO  UpdaterService       - Latest stable version: 17.1
15:20:53.189 [JavaFX Application Thread] DEBUG FXGLApplication      - Exiting FXGL
15:20:53.189 [JavaFX Application Thread] DEBUG LoopRunner           - Stopping loop
15:20:53.189 [JavaFX Application Thread] DEBUG SystemBundleService  - Saving FXGL system data
15:20:53.191 [JavaFX Application Thread] DEBUG FileSystemAccess     - Writing to: C:\Users\roan2\Documents\SE-Challengeweek\system\fxgl.bundle
15:20:53.193 [JavaFX Application Thread] DEBUG Async                - Shutting down background threads
15:20:53.193 [JavaFX Application Thread] DEBUG PrimaryStageWindow   - Closing main window
15:20:53.208 [JavaFX Application Thread] DEBUG Logger               - Closing Logger
