14:43:43.720 [main                     ] DEBUG Logger               - Configured Logger
14:43:43.752 [main                     ] DEBUG GameApplication      - Logging settings
Title: Untitled
Version: 0.0
Width: 1050
Height: 700
Fullscreen: false
Intro: false
Profiling: false
Single step:false
App Mode: DEVELOPER
Menu Key: ESCAPE
Stage Style: DECORATED
Scene Factory: class com.almasb.fxgl.app.scene.SceneFactory

14:43:44.487 [JavaFX Application Thread] DEBUG FXGLApplication      - Initializing FXGL
14:43:44.492 [JavaFX Application Thread] INFO  Engine               - FXGL-11.14 (01.03.2021 16.59) on WINDOWS (J:15.0.2 FX:15)
14:43:44.492 [JavaFX Application Thread] DEBUG Engine               - JRE Vendor Name: Amazon.com Inc.
14:43:44.493 [JavaFX Application Thread] DEBUG Engine               - Running on OS: Windows 10 version 10.0
14:43:44.493 [JavaFX Application Thread] DEBUG Engine               - Architecture: amd64
14:43:44.493 [JavaFX Application Thread] INFO  Engine               - Source code and latest versions at: https://github.com/AlmasB/FXGL
14:43:44.494 [JavaFX Application Thread] INFO  Engine               -              Join the FXGL chat at: https://gitter.im/AlmasB/FXGL
14:43:44.777 [JavaFX Application Thread] DEBUG PrimaryStageWindow   - Creating a JavaFX scene
14:43:44.917 [JavaFX Application Thread] DEBUG PrimaryStageWindow   - Target settings size: 1050.0 x 700.0
14:43:44.918 [JavaFX Application Thread] DEBUG PrimaryStageWindow   - Scaled scene size:    1050.0 x 700.0
14:43:44.918 [JavaFX Application Thread] DEBUG PrimaryStageWindow   - Scaled ratio: (1.0, 1.0)
14:43:44.921 [JavaFX Application Thread] DEBUG PrimaryStageWindow   - Set initial scene to FXGLStartupScene
14:43:44.942 [JavaFX Application Thread] DEBUG PrimaryStageWindow   - Opening main window
14:43:45.138 [JavaFX Application Thread] DEBUG PrimaryStageWindow   - Window border size: (14.800048828125, 37.5999755859375)
14:43:45.139 [JavaFX Application Thread] DEBUG PrimaryStageWindow   - Scaled size: 1050.0 x 700.0
14:43:45.139 [JavaFX Application Thread] DEBUG PrimaryStageWindow   - Scaled ratio: (1.0, 1.0)
14:43:45.140 [JavaFX Application Thread] DEBUG PrimaryStageWindow   - Scene size: 1050.0 x 700.0
14:43:45.140 [JavaFX Application Thread] DEBUG PrimaryStageWindow   - Stage size: 1064.800048828125 x 737.5999755859375
14:43:45.165 [FXGL Background Thread 1 ] DEBUG Engine               - Initializing environment variables
14:43:45.250 [FXGL Background Thread 1 ] DEBUG FXGLAssetLoaderServi - User app class for loading assets: class Game
14:43:45.251 [FXGL Background Thread 1 ] DEBUG GameApplicationServi - Applying CSS: fxgl_dark.css
14:43:45.254 [FXGL Background Thread 1 ] DEBUG FXGLAssetLoaderServi - Loading from file system: jar:file:/C:/Users/diewe/.m2/repository/com/github/almasb/fxgl/11.14/fxgl-11.14.jar!/fxglassets/ui/css/fxgl_dark.css
14:43:45.371 [FXGL Background Thread 1 ] DEBUG GameApplicationServi - Initializing application scenes
14:43:45.466 [FXGL Background Thread 1 ] DEBUG GameWorld            - Game world initialized
14:43:45.585 [FXGL Background Thread 1 ] DEBUG PhysicsWorld         - Physics world initialized: appHeight=700, physics.ppm=50,0
14:43:45.585 [FXGL Background Thread 1 ] DEBUG PhysicsWorld         - Using strategy: BRUTE_FORCE
14:43:45.589 [FXGL Background Thread 1 ] DEBUG GameScene            - Game scene initialized: 1050x700
14:43:45.653 [FXGL Background Thread 1 ] DEBUG FXGLAssetLoaderServi - Loading from file system: jar:file:/C:/Users/diewe/.m2/repository/com/github/almasb/fxgl/11.14/fxgl-11.14.jar!/fxglassets/textures/particles/trace_horizontal.png
14:43:45.744 [FXGL Background Thread 1 ] DEBUG FXGL.DefaultMenu     - createMenuBodyGameMenu()
14:43:45.772 [FXGL Background Thread 1 ] DEBUG FXGL.DefaultMenu     - createOptionsMenu()
14:43:45.783 [FXGL Background Thread 1 ] DEBUG FXGLAssetLoaderServi - Loading from file system: jar:file:/C:/Users/diewe/.m2/repository/com/github/almasb/fxgl/11.14/fxgl-11.14.jar!/fxglassets/textures/particles/smoke.png
14:43:45.903 [FXGL Background Thread 1 ] DEBUG GameApplicationServi - Application scenes initialized
14:43:45.923 [FXGL Background Thread 1 ] DEBUG SystemBundleService  - Loading FXGL system data
14:43:45.929 [FXGL Background Thread 1 ] DEBUG FileSystemAccess     - Reading from: C:\Users\diewe\OneDrive\Documenten\GitHub\SE-Challengeweek\system\fxgl.bundle
14:43:45.938 [FXGL Background Thread 1 ] DEBUG SystemBundleService  - Bundle FXGL: {}
14:43:45.938 [FXGL Background Thread 1 ] DEBUG UpdaterService       - Checking for updates
14:43:45.946 [FXGL Background Thread 4 ] DEBUG FXGLApplication      - Loading fonts
14:43:45.947 [FXGL Background Thread 1 ] DEBUG FXGLApplication      - Loading default localization
14:43:45.947 [FXGL Background Thread 4 ] DEBUG FXGLAssetLoaderServi - Loading from file system: jar:file:/C:/Users/diewe/.m2/repository/com/github/almasb/fxgl/11.14/fxgl-11.14.jar!/fxglassets/ui/fonts/VarelaRound-Regular.ttf
14:43:45.948 [FXGL Background Thread 1 ] DEBUG FXGLAssetLoaderServi - Loading from file system: jar:file:/C:/Users/diewe/.m2/repository/com/github/almasb/fxgl/11.14/fxgl-11.14.jar!/fxglassets/languages/english.lang
14:43:45.981 [FXGL Background Thread 1 ] INFO  FXGLApplication      - FXGL initialization took: 0,816 sec
14:43:46.001 [JavaFX Application Thread] DEBUG Input                - Registered new binding: Right - D
14:43:46.002 [JavaFX Application Thread] DEBUG Input                - Registered new binding: Left - A
14:43:46.003 [JavaFX Application Thread] DEBUG Input                - Registered new binding: Up - W
14:43:46.003 [JavaFX Application Thread] DEBUG Input                - Registered new binding: Down - S
14:43:46.005 [JavaFX Application Thread] DEBUG FXGLAssetLoaderServi - Loading from file system: jar:file:/C:/Users/diewe/.m2/repository/com/github/almasb/fxgl/11.14/fxgl-11.14.jar!/fxglassets/textures/fxgl_icon.png
14:43:46.108 [JavaFX Application Thread] DEBUG FXGLAssetLoaderServi - Loading from file system: jar:file:/C:/Users/diewe/.m2/repository/com/github/almasb/fxgl/11.14/fxgl-11.14.jar!/fxglassets/ui/cursors/fxgl_default.png
14:43:46.112 [JavaFX Application Thread] DEBUG Input                - Registered new binding: Screenshot - P
14:43:46.113 [JavaFX Application Thread] DEBUG Input                - Registered new binding: System info dump - CTRL+9
14:43:46.114 [JavaFX Application Thread] DEBUG Input                - Registered new binding: Restart - CTRL+R
14:43:46.116 [JavaFX Application Thread] DEBUG Input                - Registered new binding: Toggle Debug Camera - CTRL+C
14:43:46.121 [JavaFX Application Thread] DEBUG LoopRunner           - Starting loop
14:43:46.121 [JavaFX Application Thread] DEBUG LoopRunner           - Initializing JavaFX AnimationTimerLoop
14:43:46.125 [JavaFX Application Thread] DEBUG GameApplicationServi - Starting new game
14:43:46.126 [JavaFX Application Thread] DEBUG Input                - Clearing active input actions
14:43:46.127 [FXGL Background Thread 4 ] DEBUG FXGLAssetLoaderServi - Loading from file system: jar:file:/C:/Users/diewe/.m2/repository/com/github/almasb/fxgl/11.14/fxgl-11.14.jar!/fxglassets/ui/fonts/Abel-Regular.ttf
14:43:46.147 [FXGL Background Thread 4 ] DEBUG FXGLAssetLoaderServi - Loading from file system: jar:file:/C:/Users/diewe/.m2/repository/com/github/almasb/fxgl/11.14/fxgl-11.14.jar!/fxglassets/ui/fonts/lucida_console.ttf
14:43:46.149 [JavaFX Application Thread] DEBUG GameApplicationServi - Removing overlay from FXGLStartupScene and adding to FXGLLoadingScene
14:43:46.150 [JavaFX Application Thread] DEBUG PrimaryStageWindow   - FXGLStartupScene -> FXGLLoadingScene
14:43:46.151 [JavaFX Application Thread] DEBUG GameApplicationServi - Clearing previous game
14:43:46.151 [JavaFX Application Thread] DEBUG GameScene            - Clearing game scene
14:43:46.152 [JavaFX Application Thread] DEBUG GameWorld            - Clearing game world
14:43:46.152 [JavaFX Application Thread] DEBUG PhysicsWorld         - Clearing physics world
14:43:46.155 [FXGL Background Thread 1 ] DEBUG FXGLApplication      - Initializing game
14:43:46.203 [FXGL Background Thread 4 ] DEBUG FXGLAssetLoaderServi - Loading from file system: jar:file:/C:/Users/diewe/.m2/repository/com/github/almasb/fxgl/11.14/fxgl-11.14.jar!/fxglassets/ui/fonts/Courier-Prime.ttf
14:43:46.227 [FXGL Background Thread 1 ] WARN  TMXLevelLoader       - TiledMap generated from 1.0.1. Supported version: 1.2.3. Some features may not be parsed fully.
14:43:46.242 [FXGL Background Thread 1 ] DEBUG TMXLevelLoader       - Parsed raw map: TiledMap(width=15, height=10, tilewidth=70, tileheight=70, orientation=orthogonal, layers=[Layer(width=15, height=10, name=Tile Layer 1, type=tilelayer, visible=false, x=0, y=0, data=[0, 0, 0, 0, 0, 0, 0, 0, 0, 0, 0, 0, 0, 0, 0, 0, 0, 0, 0, 0, 0, 0, 0, 0, 0, 0, 0, 0, 0, 0, 0, 0, 0, 0, 0, 0, 0, 0, 0, 0, 0, 0, 0, 0, 0, 0, 0, 0, 0, 0, 0, 0, 0, 0, 0, 0, 0, 0, 0, 0, 0, 0, 0, 0, 0, 0, 0, 0, 0, 0, 0, 0, 0, 0, 0, 0, 0, 0, 0, 0, 0, 0, 0, 0, 0, 126, 101, 101, 102, 0, 0, 0, 0, 0, 0, 0, 126, 101, 101, 102, 0, 0, 0, 0, 0, 0, 0, 126, 101, 101, 102, 0, 0, 0, 0, 0, 0, 0, 0, 0, 0, 0, 0, 0, 0, 0, 0, 0, 0, 0, 0, 0, 0, 0, 0, 10, 10, 10, 10, 10, 10, 10, 10, 10, 10, 10, 10, 10, 10, 10], objects=[], opacity=0.0, draworder=), Layer(width=0, height=0, name=Object Layer 1, type=objectgroup, visible=false, x=0, y=0, data=[], objects=[com.almasb.fxgl.entity.level.tiled.TiledObject@710e1278, com.almasb.fxgl.entity.level.tiled.TiledObject@290c2dc, com.almasb.fxgl.entity.level.tiled.TiledObject@3681f461, com.almasb.fxgl.entity.level.tiled.TiledObject@33476a54, com.almasb.fxgl.entity.level.tiled.TiledObject@32db3396, com.almasb.fxgl.entity.level.tiled.TiledObject@36d98133, com.almasb.fxgl.entity.level.tiled.TiledObject@fc25975, com.almasb.fxgl.entity.level.tiled.TiledObject@75f8713], opacity=0.0, draworder=)], tilesets=[Tileset(firstgid=1, image=../../../../../../../../Pictures/tiles_spritesheet.png, name=tiles_spritesheet, tilewidth=70, tileheight=70, imagewidth=914, imageheight=936, margin=0, spacing=2, columns=12, tilecount=156, transparentcolor=, tiles=[])], backgroundcolor=, renderorder=right-down, nextobjectid=10, version=1, tiledversion=1.0.1, type=map, infinite=false, hexsidelength=0, staggeraxis=, staggerindex=, properties={}, propertytypes={})
14:43:46.244 [FXGL Background Thread 1 ] DEBUG TMXLevelLoader       - Creating tile layer entities
14:43:46.259 [FXGL Background Thread 1 ] DEBUG TilesetLoader        - Loading view for layer Tile Layer 1
14:43:46.264 [FXGL Background Thread 1 ] DEBUG TilesetLoader        - Created buffer with size 1050.0x700.0
14:43:46.277 [JavaFX Application Thread] DEBUG FXGLApplication      - Registering font factories with UI factory
14:43:46.370 [FXGL Background Thread 1 ] DEBUG TilesetLoader        - Writing to buffer: dst=700,350, w=70,h=70, src=360,720
14:43:46.371 [FXGL Background Thread 1 ] DEBUG TilesetLoader        - Writing to buffer: dst=770,350, w=70,h=70, src=288,576
14:43:46.372 [FXGL Background Thread 1 ] DEBUG TilesetLoader        - Writing to buffer: dst=840,350, w=70,h=70, src=288,576
14:43:46.372 [FXGL Background Thread 1 ] DEBUG TilesetLoader        - Writing to buffer: dst=910,350, w=70,h=70, src=360,576
14:43:46.373 [FXGL Background Thread 1 ] DEBUG TilesetLoader        - Writing to buffer: dst=420,420, w=70,h=70, src=360,720
14:43:46.374 [FXGL Background Thread 1 ] DEBUG TilesetLoader        - Writing to buffer: dst=490,420, w=70,h=70, src=288,576
14:43:46.374 [FXGL Background Thread 1 ] DEBUG TilesetLoader        - Writing to buffer: dst=560,420, w=70,h=70, src=288,576
14:43:46.375 [FXGL Background Thread 1 ] DEBUG TilesetLoader        - Writing to buffer: dst=630,420, w=70,h=70, src=360,576
14:43:46.375 [FXGL Background Thread 1 ] DEBUG TilesetLoader        - Writing to buffer: dst=140,490, w=70,h=70, src=360,720
14:43:46.376 [FXGL Background Thread 1 ] DEBUG TilesetLoader        - Writing to buffer: dst=210,490, w=70,h=70, src=288,576
14:43:46.376 [FXGL Background Thread 1 ] DEBUG TilesetLoader        - Writing to buffer: dst=280,490, w=70,h=70, src=288,576
14:43:46.377 [FXGL Background Thread 1 ] DEBUG TilesetLoader        - Writing to buffer: dst=350,490, w=70,h=70, src=360,576
14:43:46.377 [FXGL Background Thread 1 ] DEBUG TilesetLoader        - Writing to buffer: dst=0,630, w=70,h=70, src=648,0
14:43:46.378 [FXGL Background Thread 1 ] DEBUG TilesetLoader        - Writing to buffer: dst=70,630, w=70,h=70, src=648,0
14:43:46.378 [FXGL Background Thread 1 ] DEBUG TilesetLoader        - Writing to buffer: dst=140,630, w=70,h=70, src=648,0
14:43:46.379 [FXGL Background Thread 1 ] DEBUG TilesetLoader        - Writing to buffer: dst=210,630, w=70,h=70, src=648,0
14:43:46.379 [FXGL Background Thread 1 ] DEBUG TilesetLoader        - Writing to buffer: dst=280,630, w=70,h=70, src=648,0
14:43:46.380 [FXGL Background Thread 1 ] DEBUG TilesetLoader        - Writing to buffer: dst=350,630, w=70,h=70, src=648,0
14:43:46.380 [FXGL Background Thread 1 ] DEBUG TilesetLoader        - Writing to buffer: dst=420,630, w=70,h=70, src=648,0
14:43:46.381 [FXGL Background Thread 1 ] DEBUG TilesetLoader        - Writing to buffer: dst=490,630, w=70,h=70, src=648,0
14:43:46.381 [FXGL Background Thread 1 ] DEBUG TilesetLoader        - Writing to buffer: dst=560,630, w=70,h=70, src=648,0
14:43:46.382 [FXGL Background Thread 1 ] DEBUG TilesetLoader        - Writing to buffer: dst=630,630, w=70,h=70, src=648,0
14:43:46.382 [FXGL Background Thread 1 ] DEBUG TilesetLoader        - Writing to buffer: dst=700,630, w=70,h=70, src=648,0
14:43:46.383 [FXGL Background Thread 1 ] DEBUG TilesetLoader        - Writing to buffer: dst=770,630, w=70,h=70, src=648,0
14:43:46.383 [FXGL Background Thread 1 ] DEBUG TilesetLoader        - Writing to buffer: dst=840,630, w=70,h=70, src=648,0
14:43:46.384 [FXGL Background Thread 1 ] DEBUG TilesetLoader        - Writing to buffer: dst=910,630, w=70,h=70, src=648,0
14:43:46.384 [FXGL Background Thread 1 ] DEBUG TilesetLoader        - Writing to buffer: dst=980,630, w=70,h=70, src=648,0
14:43:46.385 [FXGL Background Thread 1 ] DEBUG TMXLevelLoader       - Creating object layer entities
14:43:46.425 [FXGL Background Thread 1 ] DEBUG GameWorld            - Clearing removable entities
14:43:46.427 [FXGL Background Thread 1 ] DEBUG GameWorld            - Setting level: com.almasb.fxgl.entity.level.Level@c14bb4a
14:43:46.455 [FXGL Background Thread 1 ] WARN  FXGLAssetLoaderServi - Asset "/assets/textures/player_0_move_DOWN.png" was not found!
14:43:46.456 [FXGL Background Thread 1 ] WARN  FXGLAssetLoaderServi - Failed to load IMAGE
14:43:46.557 [FXGL Background Thread 1 ] INFO  FXGLApplication      - Game initialization took: 0,401 sec
14:43:46.558 [JavaFX Application Thread] DEBUG Input                - Clearing active input actions
14:43:46.579 [JavaFX Application Thread] DEBUG GameApplicationServi - Removing overlay from FXGLLoadingScene and adding to GameScene
14:43:46.579 [JavaFX Application Thread] DEBUG PrimaryStageWindow   - FXGLLoadingScene -> GameScene
14:43:46.751 [FXGL Background Thread 2 ] INFO  UpdaterService       - Your current version:  11.14
14:43:46.752 [FXGL Background Thread 2 ] INFO  UpdaterService       - Latest stable version: 17.1
14:43:48.944 [FXGL Background Thread 3 ] DEBUG Engine               - Logging environment variables
14:43:48.946 [FXGL Background Thread 3 ] DEBUG Engine               - achievements: []
14:43:48.947 [FXGL Background Thread 3 ] DEBUG Engine               - actualHeight: 700.0
14:43:48.947 [FXGL Background Thread 3 ] DEBUG Engine               - actualHeightProperty: ReadOnlyDoubleProperty [value: 700.0]
14:43:48.948 [FXGL Background Thread 3 ] DEBUG Engine               - actualWidth: 1050.0
14:43:48.948 [FXGL Background Thread 3 ] DEBUG Engine               - actualWidthProperty: ReadOnlyDoubleProperty [value: 1050.0]
14:43:48.949 [FXGL Background Thread 3 ] DEBUG Engine               - appIcon: fxgl_icon.png
14:43:48.949 [FXGL Background Thread 3 ] DEBUG Engine               - applicationMode: DEVELOPER
14:43:48.950 [FXGL Background Thread 3 ] DEBUG Engine               - cSSList: [fxgl_dark.css]
14:43:48.950 [FXGL Background Thread 3 ] DEBUG Engine               - collisionDetectionStrategy: BRUTE_FORCE
14:43:48.951 [FXGL Background Thread 3 ] DEBUG Engine               - configClass: Optional.empty
14:43:48.951 [FXGL Background Thread 3 ] DEBUG Engine               - credits: []
14:43:48.952 [FXGL Background Thread 3 ] DEBUG Engine               - devBBoxColorProperty: ObjectProperty [value: 0xff0000ff]
14:43:48.953 [FXGL Background Thread 3 ] DEBUG Engine               - devEnableDebugCameraProperty: BooleanProperty [value: false]
14:43:48.954 [FXGL Background Thread 3 ] DEBUG Engine               - devSensorColorProperty: ObjectProperty [value: 0xffff00ff]
14:43:48.955 [FXGL Background Thread 3 ] DEBUG Engine               - devShowBBoxProperty: BooleanProperty [value: false]
14:43:48.956 [FXGL Background Thread 3 ] DEBUG Engine               - devShowPositionProperty: BooleanProperty [value: false]
14:43:48.958 [FXGL Background Thread 3 ] DEBUG Engine               - enabledMenuItems: []
14:43:48.959 [FXGL Background Thread 3 ] DEBUG Engine               - engineServices: [class com.almasb.fxgl.app.services.FXGLAssetLoaderService, class com.almasb.fxgl.app.FXGLApplication$GameApplicationService, class com.almasb.fxgl.app.services.FXGLDialogService, class com.almasb.fxgl.app.services.IOTaskExecutorService, class com.almasb.fxgl.event.EventBusService, class com.almasb.fxgl.io.FileSystemService, class com.almasb.fxgl.localization.LocalizationService, class com.almasb.fxgl.app.services.SystemBundleService, class com.almasb.fxgl.profile.SaveLoadService, class com.almasb.fxgl.ui.FXGLUIFactoryServiceProvider, class com.almasb.fxgl.ui.FXGLDialogFactoryServiceProvider, class com.almasb.fxgl.audio.AudioPlayer, class com.almasb.fxgl.notification.impl.NotificationServiceProvider, class com.almasb.fxgl.achievement.AchievementService, class com.almasb.fxgl.cutscene.CutsceneService, class com.almasb.fxgl.minigames.MiniGameService, class com.almasb.fxgl.net.NetService, class com.almasb.fxgl.app.services.UpdaterService, class com.almasb.fxgl.dev.DevService]
14:43:48.959 [FXGL Background Thread 3 ] DEBUG Engine               - fontGame: Abel-Regular.ttf
14:43:48.960 [FXGL Background Thread 3 ] DEBUG Engine               - fontMono: lucida_console.ttf
14:43:48.961 [FXGL Background Thread 3 ] DEBUG Engine               - fontText: Courier-Prime.ttf
14:43:48.961 [FXGL Background Thread 3 ] DEBUG Engine               - fontUI: VarelaRound-Regular.ttf
14:43:48.961 [FXGL Background Thread 3 ] DEBUG Engine               - fullScreen: BooleanProperty [value: false]
14:43:48.962 [FXGL Background Thread 3 ] DEBUG Engine               - gameDifficulty: MEDIUM
14:43:48.962 [FXGL Background Thread 3 ] DEBUG Engine               - gameDifficultyProperty: ObjectProperty [value: MEDIUM]
14:43:48.963 [FXGL Background Thread 3 ] DEBUG Engine               - globalMusicVolume: 0.5
14:43:48.963 [FXGL Background Thread 3 ] DEBUG Engine               - globalMusicVolumeProperty: DoubleProperty [value: 0.5]
14:43:48.964 [FXGL Background Thread 3 ] DEBUG Engine               - globalSoundVolume: 0.5
14:43:48.965 [FXGL Background Thread 3 ] DEBUG Engine               - globalSoundVolumeProperty: DoubleProperty [value: 0.5]
14:43:48.965 [FXGL Background Thread 3 ] DEBUG Engine               - height: 700
14:43:48.966 [FXGL Background Thread 3 ] DEBUG Engine               - isAndroid: false
14:43:48.966 [FXGL Background Thread 3 ] DEBUG Engine               - isBrowser: false
14:43:48.967 [FXGL Background Thread 3 ] DEBUG Engine               - isClickFeedbackEnabled: false
14:43:48.967 [FXGL Background Thread 3 ] DEBUG Engine               - isCloseConfirmation: false
14:43:48.967 [FXGL Background Thread 3 ] DEBUG Engine               - isDesktop: true
14:43:48.968 [FXGL Background Thread 3 ] DEBUG Engine               - isDeveloperMenuEnabled: false
14:43:48.968 [FXGL Background Thread 3 ] DEBUG Engine               - isEntityPreloadEnabled: true
14:43:48.969 [FXGL Background Thread 3 ] DEBUG Engine               - isExperimental3D: false
14:43:48.969 [FXGL Background Thread 3 ] DEBUG Engine               - isExperimentalNative: false
14:43:48.970 [FXGL Background Thread 3 ] DEBUG Engine               - isExperimentalTiledLargeMap: false
14:43:48.970 [FXGL Background Thread 3 ] DEBUG Engine               - isFileSystemWriteAllowed: true
14:43:48.971 [FXGL Background Thread 3 ] DEBUG Engine               - isFullScreenAllowed: false
14:43:48.971 [FXGL Background Thread 3 ] DEBUG Engine               - isFullScreenFromStart: false
14:43:48.972 [FXGL Background Thread 3 ] DEBUG Engine               - isGameMenuEnabled: true
14:43:48.974 [FXGL Background Thread 3 ] DEBUG Engine               - isIOS: false
14:43:48.976 [FXGL Background Thread 3 ] DEBUG Engine               - isIntroEnabled: false
14:43:48.976 [FXGL Background Thread 3 ] DEBUG Engine               - isLinux: false
14:43:48.977 [FXGL Background Thread 3 ] DEBUG Engine               - isMac: false
14:43:48.978 [FXGL Background Thread 3 ] DEBUG Engine               - isMainMenuEnabled: false
14:43:48.978 [FXGL Background Thread 3 ] DEBUG Engine               - isManualResizeEnabled: false
14:43:48.979 [FXGL Background Thread 3 ] DEBUG Engine               - isMobile: false
14:43:48.980 [FXGL Background Thread 3 ] DEBUG Engine               - isPreserveResizeRatio: false
14:43:48.981 [FXGL Background Thread 3 ] DEBUG Engine               - isProfilingEnabled: false
14:43:48.981 [FXGL Background Thread 3 ] DEBUG Engine               - isScaleAffectedOnResize: true
14:43:48.981 [FXGL Background Thread 3 ] DEBUG Engine               - isSingleStep: false
14:43:48.982 [FXGL Background Thread 3 ] DEBUG Engine               - isUserProfileEnabled: false
14:43:48.982 [FXGL Background Thread 3 ] DEBUG Engine               - isWindows: true
14:43:48.983 [FXGL Background Thread 3 ] DEBUG Engine               - language: ObjectProperty [value: ENGLISH]
14:43:48.983 [FXGL Background Thread 3 ] DEBUG Engine               - menuKey: ESCAPE
14:43:48.985 [FXGL Background Thread 3 ] DEBUG Engine               - notificationViewClass: class com.almasb.fxgl.notification.view.XboxNotificationView
14:43:48.985 [FXGL Background Thread 3 ] DEBUG Engine               - pixelsPerMeter: 50.0
14:43:48.987 [FXGL Background Thread 3 ] DEBUG Engine               - platform: WINDOWS
14:43:48.987 [FXGL Background Thread 3 ] DEBUG Engine               - prefHeightProperty: ReadOnlyDoubleProperty [value: 700.0]
14:43:48.988 [FXGL Background Thread 3 ] DEBUG Engine               - prefWidthProperty: ReadOnlyDoubleProperty [value: 1050.0]
14:43:48.989 [FXGL Background Thread 3 ] DEBUG Engine               - profileDir: profiles/
14:43:48.991 [FXGL Background Thread 3 ] DEBUG Engine               - profileName: StringProperty [value: DEFAULT]
14:43:48.992 [FXGL Background Thread 3 ] DEBUG Engine               - randomSeed: -1
14:43:48.993 [FXGL Background Thread 3 ] DEBUG Engine               - runtimeInfo: RuntimeInfo(platform=WINDOWS, version=11.14, build=01.03.2021 16.59)
14:43:48.993 [FXGL Background Thread 3 ] DEBUG Engine               - saveFileExt: sav
14:43:48.993 [FXGL Background Thread 3 ] DEBUG Engine               - scaledHeightProp$fxgl: DoubleProperty [bound, value: 700.0]
14:43:48.994 [FXGL Background Thread 3 ] DEBUG Engine               - scaledWidthProp$fxgl: DoubleProperty [bound, value: 1050.0]
14:43:48.994 [FXGL Background Thread 3 ] DEBUG Engine               - sceneFactory: com.almasb.fxgl.app.scene.SceneFactory@1b24e543
14:43:48.995 [FXGL Background Thread 3 ] DEBUG Engine               - secondsIn24h: 60
14:43:48.995 [FXGL Background Thread 3 ] DEBUG Engine               - soundMenuBack: menu/back.wav
14:43:48.996 [FXGL Background Thread 3 ] DEBUG Engine               - soundMenuPress: menu/press.wav
14:43:48.997 [FXGL Background Thread 3 ] DEBUG Engine               - soundMenuSelect: menu/select.wav
14:43:48.997 [FXGL Background Thread 3 ] DEBUG Engine               - soundNotification: core/notification.wav
14:43:48.998 [FXGL Background Thread 3 ] DEBUG Engine               - stageStyle: DECORATED
14:43:48.999 [FXGL Background Thread 3 ] DEBUG Engine               - supportedLanguages: [ENGLISH, FRENCH, GERMAN, HUNGARIAN, RUSSIAN]
14:43:48.999 [FXGL Background Thread 3 ] DEBUG Engine               - ticksPerSecond: -1
14:43:49.000 [FXGL Background Thread 3 ] DEBUG Engine               - title: Untitled
14:43:49.000 [FXGL Background Thread 3 ] DEBUG Engine               - urlGithub: https://github.com/AlmasB/FXGL
14:43:49.000 [FXGL Background Thread 3 ] DEBUG Engine               - urlLeaderboard: http://fxgl-top.herokuapp.com/
14:43:49.001 [FXGL Background Thread 3 ] DEBUG Engine               - urlPOM: https://raw.githubusercontent.com/AlmasB/FXGL/release/README.md
14:43:49.002 [FXGL Background Thread 3 ] DEBUG Engine               - userAppClass: class Game
14:43:49.002 [FXGL Background Thread 3 ] DEBUG Engine               - version: 0.0
14:43:49.002 [FXGL Background Thread 3 ] DEBUG Engine               - versionCheckDays: 7
14:43:49.003 [FXGL Background Thread 3 ] DEBUG Engine               - width: 1050
14:43:49.004 [FXGL Background Thread 3 ] DEBUG Engine               - Logging services
14:43:49.005 [FXGL Background Thread 3 ] DEBUG Engine               - class com.almasb.fxgl.app.services.FXGLAssetLoaderService
14:43:49.006 [FXGL Background Thread 3 ] DEBUG Engine               - class com.almasb.fxgl.app.FXGLApplication$GameApplicationService
14:43:49.007 [FXGL Background Thread 3 ] DEBUG Engine               - class com.almasb.fxgl.app.services.FXGLDialogService
14:43:49.008 [FXGL Background Thread 3 ] DEBUG Engine               - class com.almasb.fxgl.app.services.IOTaskExecutorService
14:43:49.009 [FXGL Background Thread 3 ] DEBUG Engine               - class com.almasb.fxgl.event.EventBusService
14:43:49.010 [FXGL Background Thread 3 ] DEBUG Engine               - class com.almasb.fxgl.io.FileSystemService
14:43:49.010 [FXGL Background Thread 3 ] DEBUG Engine               - class com.almasb.fxgl.localization.LocalizationService
14:43:49.011 [FXGL Background Thread 3 ] DEBUG Engine               - class com.almasb.fxgl.app.services.SystemBundleService
14:43:49.011 [FXGL Background Thread 3 ] DEBUG Engine               - class com.almasb.fxgl.profile.SaveLoadService
14:43:49.011 [FXGL Background Thread 3 ] DEBUG Engine               - class com.almasb.fxgl.ui.FXGLUIFactoryServiceProvider
14:43:49.012 [FXGL Background Thread 3 ] DEBUG Engine               - class com.almasb.fxgl.ui.FXGLDialogFactoryServiceProvider
14:43:49.012 [FXGL Background Thread 3 ] DEBUG Engine               - class com.almasb.fxgl.audio.AudioPlayer
14:43:49.013 [FXGL Background Thread 3 ] DEBUG Engine               - class com.almasb.fxgl.notification.impl.NotificationServiceProvider
14:43:49.013 [FXGL Background Thread 3 ] DEBUG Engine               - class com.almasb.fxgl.achievement.AchievementService
14:43:49.013 [FXGL Background Thread 3 ] DEBUG Engine               - class com.almasb.fxgl.cutscene.CutsceneService
14:43:49.014 [FXGL Background Thread 3 ] DEBUG Engine               - class com.almasb.fxgl.minigames.MiniGameService
14:43:49.014 [FXGL Background Thread 3 ] DEBUG Engine               - class com.almasb.fxgl.net.NetService
14:43:49.015 [FXGL Background Thread 3 ] DEBUG Engine               - class com.almasb.fxgl.app.services.UpdaterService
14:43:49.016 [FXGL Background Thread 3 ] DEBUG Engine               - class com.almasb.fxgl.dev.DevService
14:43:50.003 [JavaFX Application Thread] DEBUG FXGLApplication      - Exiting FXGL
14:43:50.003 [JavaFX Application Thread] DEBUG LoopRunner           - Stopping loop
14:43:50.003 [JavaFX Application Thread] DEBUG SystemBundleService  - Saving FXGL system data
14:43:50.006 [JavaFX Application Thread] DEBUG FileSystemAccess     - Writing to: C:\Users\diewe\OneDrive\Documenten\GitHub\SE-Challengeweek\system\fxgl.bundle
14:43:50.009 [JavaFX Application Thread] DEBUG Async                - Shutting down background threads
14:43:50.011 [JavaFX Application Thread] DEBUG PrimaryStageWindow   - Closing main window
14:43:50.034 [JavaFX Application Thread] DEBUG Logger               - Closing Logger
