16:45:21.993 [main                     ] DEBUG Logger               - Configured Logger
16:45:22.021 [main                     ] DEBUG GameApplication      - Logging settings
Title: Bomberman SE
Version: 1.0
Width: 800
Height: 800
Fullscreen: false
Intro: false
Profiling: false
Single step:false
App Mode: DEVELOPER
Menu Key: ESCAPE
Stage Style: DECORATED
Scene Factory: class com.almasb.fxgl.app.scene.SceneFactory

16:45:22.772 [JavaFX Application Thread] DEBUG FXGLApplication      - Initializing FXGL
16:45:22.779 [JavaFX Application Thread] INFO  Engine               - FXGL-11.14 (01.03.2021 16.59) on WINDOWS (J:15.0.2 FX:15)
16:45:22.780 [JavaFX Application Thread] DEBUG Engine               - JRE Vendor Name: Amazon.com Inc.
16:45:22.781 [JavaFX Application Thread] DEBUG Engine               - Running on OS: Windows 10 version 10.0
16:45:22.781 [JavaFX Application Thread] DEBUG Engine               - Architecture: amd64
16:45:22.782 [JavaFX Application Thread] INFO  Engine               - Source code and latest versions at: https://github.com/AlmasB/FXGL
16:45:22.782 [JavaFX Application Thread] INFO  Engine               -              Join the FXGL chat at: https://gitter.im/AlmasB/FXGL
16:45:23.018 [JavaFX Application Thread] DEBUG PrimaryStageWindow   - Creating a JavaFX scene
16:45:23.125 [JavaFX Application Thread] DEBUG PrimaryStageWindow   - Target settings size: 800.0 x 800.0
16:45:23.125 [JavaFX Application Thread] DEBUG PrimaryStageWindow   - Scaled scene size:    800.0 x 800.0
16:45:23.126 [JavaFX Application Thread] DEBUG PrimaryStageWindow   - Scaled ratio: (1.0, 1.0)
16:45:23.128 [JavaFX Application Thread] DEBUG PrimaryStageWindow   - Set initial scene to FXGLStartupScene
16:45:23.148 [JavaFX Application Thread] DEBUG PrimaryStageWindow   - Opening main window
16:45:23.335 [JavaFX Application Thread] DEBUG PrimaryStageWindow   - Window border size: (16.0, 39.0)
16:45:23.336 [JavaFX Application Thread] DEBUG PrimaryStageWindow   - Scaled size: 800.0 x 800.0
16:45:23.337 [JavaFX Application Thread] DEBUG PrimaryStageWindow   - Scaled ratio: (1.0, 1.0)
16:45:23.337 [JavaFX Application Thread] DEBUG PrimaryStageWindow   - Scene size: 800.0 x 800.0
16:45:23.338 [JavaFX Application Thread] DEBUG PrimaryStageWindow   - Stage size: 816.0 x 839.0
16:45:23.359 [FXGL Background Thread 1 ] DEBUG Engine               - Initializing environment variables
16:45:23.476 [FXGL Background Thread 1 ] DEBUG FXGLAssetLoaderServi - User app class for loading assets: class Game
16:45:23.477 [FXGL Background Thread 1 ] DEBUG GameApplicationServi - Applying CSS: fxgl_dark.css
16:45:23.479 [FXGL Background Thread 1 ] DEBUG FXGLAssetLoaderServi - Loading from file system: jar:file:/C:/Users/0705s/.m2/repository/com/github/almasb/fxgl/11.14/fxgl-11.14.jar!/fxglassets/ui/css/fxgl_dark.css
16:45:23.608 [FXGL Background Thread 1 ] DEBUG GameApplicationServi - Initializing application scenes
16:45:23.688 [FXGL Background Thread 1 ] DEBUG GameWorld            - Game world initialized
16:45:23.819 [FXGL Background Thread 1 ] DEBUG PhysicsWorld         - Physics world initialized: appHeight=800, physics.ppm=50,0
16:45:23.820 [FXGL Background Thread 1 ] DEBUG PhysicsWorld         - Using strategy: BRUTE_FORCE
16:45:23.824 [FXGL Background Thread 1 ] DEBUG GameScene            - Game scene initialized: 800x800
16:45:23.886 [FXGL Background Thread 1 ] DEBUG FXGLAssetLoaderServi - Loading from file system: jar:file:/C:/Users/0705s/.m2/repository/com/github/almasb/fxgl/11.14/fxgl-11.14.jar!/fxglassets/textures/particles/trace_horizontal.png
16:45:23.965 [FXGL Background Thread 1 ] DEBUG FXGL.DefaultMenu     - createMenuBodyGameMenu()
16:45:23.987 [FXGL Background Thread 1 ] DEBUG FXGL.DefaultMenu     - createOptionsMenu()
16:45:23.995 [FXGL Background Thread 1 ] DEBUG FXGLAssetLoaderServi - Loading from file system: jar:file:/C:/Users/0705s/.m2/repository/com/github/almasb/fxgl/11.14/fxgl-11.14.jar!/fxglassets/textures/particles/smoke.png
16:45:24.101 [FXGL Background Thread 1 ] DEBUG GameApplicationServi - Application scenes initialized
16:45:24.122 [FXGL Background Thread 1 ] DEBUG SystemBundleService  - Loading FXGL system data
16:45:24.129 [FXGL Background Thread 1 ] DEBUG FileSystemAccess     - Reading from: C:\Users\0705s\OneDrive - Hogeschool Leiden\IOOA\SE-Bomberman\system\fxgl.bundle
16:45:24.136 [FXGL Background Thread 1 ] DEBUG SystemBundleService  - Bundle FXGL: {}
16:45:24.137 [FXGL Background Thread 1 ] DEBUG UpdaterService       - Checking for updates
16:45:24.144 [FXGL Background Thread 4 ] DEBUG FXGLApplication      - Loading fonts
16:45:24.145 [FXGL Background Thread 1 ] DEBUG FXGLApplication      - Loading default localization
16:45:24.146 [FXGL Background Thread 4 ] DEBUG FXGLAssetLoaderServi - Loading from file system: jar:file:/C:/Users/0705s/.m2/repository/com/github/almasb/fxgl/11.14/fxgl-11.14.jar!/fxglassets/ui/fonts/VarelaRound-Regular.ttf
16:45:24.147 [FXGL Background Thread 1 ] DEBUG FXGLAssetLoaderServi - Loading from file system: jar:file:/C:/Users/0705s/.m2/repository/com/github/almasb/fxgl/11.14/fxgl-11.14.jar!/fxglassets/languages/english.lang
16:45:24.186 [FXGL Background Thread 1 ] INFO  FXGLApplication      - FXGL initialization took: 0,826 sec
16:45:24.208 [JavaFX Application Thread] DEBUG Input                - Registered new binding: action0 - D
16:45:24.209 [JavaFX Application Thread] DEBUG Input                - Registered new binding: action1 - A
16:45:24.211 [JavaFX Application Thread] DEBUG Input                - Registered new binding: action2 - W
16:45:24.212 [JavaFX Application Thread] DEBUG Input                - Registered new binding: action3 - S
16:45:24.213 [JavaFX Application Thread] DEBUG FXGLAssetLoaderServi - Loading from file system: jar:file:/C:/Users/0705s/.m2/repository/com/github/almasb/fxgl/11.14/fxgl-11.14.jar!/fxglassets/textures/fxgl_icon.png
16:45:24.246 [JavaFX Application Thread] DEBUG FXGLAssetLoaderServi - Loading from file system: jar:file:/C:/Users/0705s/.m2/repository/com/github/almasb/fxgl/11.14/fxgl-11.14.jar!/fxglassets/ui/cursors/fxgl_default.png
16:45:24.252 [JavaFX Application Thread] DEBUG Input                - Registered new binding: Screenshot - P
16:45:24.253 [JavaFX Application Thread] DEBUG Input                - Registered new binding: System info dump - CTRL+9
16:45:24.255 [JavaFX Application Thread] DEBUG Input                - Registered new binding: Restart - CTRL+R
16:45:24.257 [JavaFX Application Thread] DEBUG Input                - Registered new binding: Toggle Debug Camera - CTRL+C
16:45:24.263 [JavaFX Application Thread] DEBUG LoopRunner           - Starting loop
16:45:24.264 [JavaFX Application Thread] DEBUG LoopRunner           - Initializing JavaFX AnimationTimerLoop
16:45:24.268 [JavaFX Application Thread] DEBUG GameApplicationServi - Starting new game
16:45:24.270 [JavaFX Application Thread] DEBUG Input                - Clearing active input actions
16:45:24.279 [FXGL Background Thread 4 ] DEBUG FXGLAssetLoaderServi - Loading from file system: jar:file:/C:/Users/0705s/.m2/repository/com/github/almasb/fxgl/11.14/fxgl-11.14.jar!/fxglassets/ui/fonts/Abel-Regular.ttf
16:45:24.290 [FXGL Background Thread 4 ] DEBUG FXGLAssetLoaderServi - Loading from file system: jar:file:/C:/Users/0705s/.m2/repository/com/github/almasb/fxgl/11.14/fxgl-11.14.jar!/fxglassets/ui/fonts/lucida_console.ttf
16:45:24.306 [FXGL Background Thread 4 ] DEBUG FXGLAssetLoaderServi - Loading from file system: jar:file:/C:/Users/0705s/.m2/repository/com/github/almasb/fxgl/11.14/fxgl-11.14.jar!/fxglassets/ui/fonts/Courier-Prime.ttf
16:45:24.307 [JavaFX Application Thread] DEBUG GameApplicationServi - Removing overlay from FXGLStartupScene and adding to FXGLLoadingScene
16:45:24.309 [JavaFX Application Thread] DEBUG PrimaryStageWindow   - FXGLStartupScene -> FXGLLoadingScene
16:45:24.309 [JavaFX Application Thread] DEBUG GameApplicationServi - Clearing previous game
16:45:24.310 [JavaFX Application Thread] DEBUG GameScene            - Clearing game scene
16:45:24.311 [JavaFX Application Thread] DEBUG GameWorld            - Clearing game world
16:45:24.311 [JavaFX Application Thread] DEBUG PhysicsWorld         - Clearing physics world
16:45:24.315 [FXGL Background Thread 1 ] DEBUG FXGLApplication      - Initializing game
16:45:24.321 [FXGL Background Thread 1 ] DEBUG FXGLAssetLoaderServi - Loading from file system: file:/C:/Users/0705s/OneDrive%20-%20Hogeschool%20Leiden/IOOA/SE-Bomberman/target/classes/assets/textures/sprite.png
16:45:24.414 [JavaFX Application Thread] DEBUG FXGLApplication      - Registering font factories with UI factory
16:45:24.583 [FXGL Background Thread 1 ] INFO  FXGLApplication      - Game initialization took: 0,267 sec
16:45:24.599 [JavaFX Application Thread] DEBUG Input                - Clearing active input actions
16:45:24.622 [JavaFX Application Thread] DEBUG GameApplicationServi - Removing overlay from FXGLLoadingScene and adding to GameScene
16:45:24.623 [JavaFX Application Thread] DEBUG PrimaryStageWindow   - FXGLLoadingScene -> GameScene
16:45:24.967 [FXGL Background Thread 2 ] INFO  UpdaterService       - Your current version:  11.14
16:45:24.969 [FXGL Background Thread 2 ] INFO  UpdaterService       - Latest stable version: 17.1
16:45:27.142 [FXGL Background Thread 3 ] DEBUG Engine               - Logging environment variables
16:45:27.142 [FXGL Background Thread 3 ] DEBUG Engine               - achievements: []
16:45:27.142 [FXGL Background Thread 3 ] DEBUG Engine               - actualHeight: 800.0
16:45:27.143 [FXGL Background Thread 3 ] DEBUG Engine               - actualHeightProperty: ReadOnlyDoubleProperty [value: 800.0]
16:45:27.143 [FXGL Background Thread 3 ] DEBUG Engine               - actualWidth: 800.0
16:45:27.143 [FXGL Background Thread 3 ] DEBUG Engine               - actualWidthProperty: ReadOnlyDoubleProperty [value: 800.0]
16:45:27.143 [FXGL Background Thread 3 ] DEBUG Engine               - appIcon: fxgl_icon.png
16:45:27.143 [FXGL Background Thread 3 ] DEBUG Engine               - applicationMode: DEVELOPER
16:45:27.143 [FXGL Background Thread 3 ] DEBUG Engine               - cSSList: [fxgl_dark.css]
16:45:27.144 [FXGL Background Thread 3 ] DEBUG Engine               - collisionDetectionStrategy: BRUTE_FORCE
16:45:27.144 [FXGL Background Thread 3 ] DEBUG Engine               - configClass: Optional.empty
16:45:27.144 [FXGL Background Thread 3 ] DEBUG Engine               - credits: []
16:45:27.144 [FXGL Background Thread 3 ] DEBUG Engine               - devBBoxColorProperty: ObjectProperty [value: 0xff0000ff]
16:45:27.144 [FXGL Background Thread 3 ] DEBUG Engine               - devEnableDebugCameraProperty: BooleanProperty [value: false]
16:45:27.145 [FXGL Background Thread 3 ] DEBUG Engine               - devSensorColorProperty: ObjectProperty [value: 0xffff00ff]
16:45:27.145 [FXGL Background Thread 3 ] DEBUG Engine               - devShowBBoxProperty: BooleanProperty [value: false]
16:45:27.145 [FXGL Background Thread 3 ] DEBUG Engine               - devShowPositionProperty: BooleanProperty [value: false]
16:45:27.146 [FXGL Background Thread 3 ] DEBUG Engine               - enabledMenuItems: []
16:45:27.146 [FXGL Background Thread 3 ] DEBUG Engine               - engineServices: [class com.almasb.fxgl.app.services.FXGLAssetLoaderService, class com.almasb.fxgl.app.FXGLApplication$GameApplicationService, class com.almasb.fxgl.app.services.FXGLDialogService, class com.almasb.fxgl.app.services.IOTaskExecutorService, class com.almasb.fxgl.event.EventBusService, class com.almasb.fxgl.io.FileSystemService, class com.almasb.fxgl.localization.LocalizationService, class com.almasb.fxgl.app.services.SystemBundleService, class com.almasb.fxgl.profile.SaveLoadService, class com.almasb.fxgl.ui.FXGLUIFactoryServiceProvider, class com.almasb.fxgl.ui.FXGLDialogFactoryServiceProvider, class com.almasb.fxgl.audio.AudioPlayer, class com.almasb.fxgl.notification.impl.NotificationServiceProvider, class com.almasb.fxgl.achievement.AchievementService, class com.almasb.fxgl.cutscene.CutsceneService, class com.almasb.fxgl.minigames.MiniGameService, class com.almasb.fxgl.net.NetService, class com.almasb.fxgl.app.services.UpdaterService, class com.almasb.fxgl.dev.DevService]
16:45:27.146 [FXGL Background Thread 3 ] DEBUG Engine               - fontGame: Abel-Regular.ttf
16:45:27.146 [FXGL Background Thread 3 ] DEBUG Engine               - fontMono: lucida_console.ttf
16:45:27.147 [FXGL Background Thread 3 ] DEBUG Engine               - fontText: Courier-Prime.ttf
16:45:27.147 [FXGL Background Thread 3 ] DEBUG Engine               - fontUI: VarelaRound-Regular.ttf
16:45:27.147 [FXGL Background Thread 3 ] DEBUG Engine               - fullScreen: BooleanProperty [value: false]
16:45:27.147 [FXGL Background Thread 3 ] DEBUG Engine               - gameDifficulty: MEDIUM
16:45:27.147 [FXGL Background Thread 3 ] DEBUG Engine               - gameDifficultyProperty: ObjectProperty [value: MEDIUM]
16:45:27.148 [FXGL Background Thread 3 ] DEBUG Engine               - globalMusicVolume: 0.5
16:45:27.148 [FXGL Background Thread 3 ] DEBUG Engine               - globalMusicVolumeProperty: DoubleProperty [value: 0.5]
16:45:27.148 [FXGL Background Thread 3 ] DEBUG Engine               - globalSoundVolume: 0.5
16:45:27.148 [FXGL Background Thread 3 ] DEBUG Engine               - globalSoundVolumeProperty: DoubleProperty [value: 0.5]
16:45:27.149 [FXGL Background Thread 3 ] DEBUG Engine               - height: 800
16:45:27.149 [FXGL Background Thread 3 ] DEBUG Engine               - isAndroid: false
16:45:27.149 [FXGL Background Thread 3 ] DEBUG Engine               - isBrowser: false
16:45:27.150 [FXGL Background Thread 3 ] DEBUG Engine               - isClickFeedbackEnabled: false
16:45:27.150 [FXGL Background Thread 3 ] DEBUG Engine               - isCloseConfirmation: false
16:45:27.150 [FXGL Background Thread 3 ] DEBUG Engine               - isDesktop: true
16:45:27.150 [FXGL Background Thread 3 ] DEBUG Engine               - isDeveloperMenuEnabled: false
16:45:27.150 [FXGL Background Thread 3 ] DEBUG Engine               - isEntityPreloadEnabled: true
16:45:27.151 [FXGL Background Thread 3 ] DEBUG Engine               - isExperimental3D: false
16:45:27.151 [FXGL Background Thread 3 ] DEBUG Engine               - isExperimentalNative: false
16:45:27.151 [FXGL Background Thread 3 ] DEBUG Engine               - isExperimentalTiledLargeMap: false
16:45:27.151 [FXGL Background Thread 3 ] DEBUG Engine               - isFileSystemWriteAllowed: true
16:45:27.152 [FXGL Background Thread 3 ] DEBUG Engine               - isFullScreenAllowed: false
16:45:27.152 [FXGL Background Thread 3 ] DEBUG Engine               - isFullScreenFromStart: false
16:45:27.152 [FXGL Background Thread 3 ] DEBUG Engine               - isGameMenuEnabled: true
16:45:27.152 [FXGL Background Thread 3 ] DEBUG Engine               - isIOS: false
16:45:27.153 [FXGL Background Thread 3 ] DEBUG Engine               - isIntroEnabled: false
16:45:27.153 [FXGL Background Thread 3 ] DEBUG Engine               - isLinux: false
16:45:27.153 [FXGL Background Thread 3 ] DEBUG Engine               - isMac: false
16:45:27.153 [FXGL Background Thread 3 ] DEBUG Engine               - isMainMenuEnabled: false
16:45:27.154 [FXGL Background Thread 3 ] DEBUG Engine               - isManualResizeEnabled: false
16:45:27.154 [FXGL Background Thread 3 ] DEBUG Engine               - isMobile: false
16:45:27.154 [FXGL Background Thread 3 ] DEBUG Engine               - isPreserveResizeRatio: false
16:45:27.154 [FXGL Background Thread 3 ] DEBUG Engine               - isProfilingEnabled: false
16:45:27.154 [FXGL Background Thread 3 ] DEBUG Engine               - isScaleAffectedOnResize: true
16:45:27.155 [FXGL Background Thread 3 ] DEBUG Engine               - isSingleStep: false
16:45:27.155 [FXGL Background Thread 3 ] DEBUG Engine               - isUserProfileEnabled: false
16:45:27.155 [FXGL Background Thread 3 ] DEBUG Engine               - isWindows: true
16:45:27.155 [FXGL Background Thread 3 ] DEBUG Engine               - language: ObjectProperty [value: ENGLISH]
16:45:27.155 [FXGL Background Thread 3 ] DEBUG Engine               - menuKey: ESCAPE
16:45:27.156 [FXGL Background Thread 3 ] DEBUG Engine               - notificationViewClass: class com.almasb.fxgl.notification.view.XboxNotificationView
16:45:27.156 [FXGL Background Thread 3 ] DEBUG Engine               - pixelsPerMeter: 50.0
16:45:27.156 [FXGL Background Thread 3 ] DEBUG Engine               - platform: WINDOWS
16:45:27.156 [FXGL Background Thread 3 ] DEBUG Engine               - prefHeightProperty: ReadOnlyDoubleProperty [value: 800.0]
16:45:27.157 [FXGL Background Thread 3 ] DEBUG Engine               - prefWidthProperty: ReadOnlyDoubleProperty [value: 800.0]
16:45:27.157 [FXGL Background Thread 3 ] DEBUG Engine               - profileDir: profiles/
16:45:27.157 [FXGL Background Thread 3 ] DEBUG Engine               - profileName: StringProperty [value: DEFAULT]
16:45:27.157 [FXGL Background Thread 3 ] DEBUG Engine               - randomSeed: -1
16:45:27.157 [FXGL Background Thread 3 ] DEBUG Engine               - runtimeInfo: RuntimeInfo(platform=WINDOWS, version=11.14, build=01.03.2021 16.59)
16:45:27.158 [FXGL Background Thread 3 ] DEBUG Engine               - saveFileExt: sav
16:45:27.158 [FXGL Background Thread 3 ] DEBUG Engine               - scaledHeightProp$fxgl: DoubleProperty [bound, value: 800.0]
16:45:27.158 [FXGL Background Thread 3 ] DEBUG Engine               - scaledWidthProp$fxgl: DoubleProperty [bound, value: 800.0]
16:45:27.158 [FXGL Background Thread 3 ] DEBUG Engine               - sceneFactory: com.almasb.fxgl.app.scene.SceneFactory@466b1703
16:45:27.158 [FXGL Background Thread 3 ] DEBUG Engine               - secondsIn24h: 60
16:45:27.159 [FXGL Background Thread 3 ] DEBUG Engine               - soundMenuBack: menu/back.wav
16:45:27.159 [FXGL Background Thread 3 ] DEBUG Engine               - soundMenuPress: menu/press.wav
16:45:27.159 [FXGL Background Thread 3 ] DEBUG Engine               - soundMenuSelect: menu/select.wav
16:45:27.160 [FXGL Background Thread 3 ] DEBUG Engine               - soundNotification: core/notification.wav
16:45:27.160 [FXGL Background Thread 3 ] DEBUG Engine               - stageStyle: DECORATED
16:45:27.160 [FXGL Background Thread 3 ] DEBUG Engine               - supportedLanguages: [ENGLISH, FRENCH, GERMAN, HUNGARIAN, RUSSIAN]
16:45:27.160 [FXGL Background Thread 3 ] DEBUG Engine               - ticksPerSecond: -1
16:45:27.161 [FXGL Background Thread 3 ] DEBUG Engine               - title: Bomberman SE
16:45:27.161 [FXGL Background Thread 3 ] DEBUG Engine               - urlGithub: https://github.com/AlmasB/FXGL
16:45:27.161 [FXGL Background Thread 3 ] DEBUG Engine               - urlLeaderboard: http://fxgl-top.herokuapp.com/
16:45:27.162 [FXGL Background Thread 3 ] DEBUG Engine               - urlPOM: https://raw.githubusercontent.com/AlmasB/FXGL/release/README.md
16:45:27.162 [FXGL Background Thread 3 ] DEBUG Engine               - userAppClass: class Game
16:45:27.162 [FXGL Background Thread 3 ] DEBUG Engine               - version: 1.0
16:45:27.162 [FXGL Background Thread 3 ] DEBUG Engine               - versionCheckDays: 7
16:45:27.163 [FXGL Background Thread 3 ] DEBUG Engine               - width: 800
16:45:27.163 [FXGL Background Thread 3 ] DEBUG Engine               - Logging services
16:45:27.163 [FXGL Background Thread 3 ] DEBUG Engine               - class com.almasb.fxgl.app.services.FXGLAssetLoaderService
16:45:27.164 [FXGL Background Thread 3 ] DEBUG Engine               - class com.almasb.fxgl.app.FXGLApplication$GameApplicationService
16:45:27.164 [FXGL Background Thread 3 ] DEBUG Engine               - class com.almasb.fxgl.app.services.FXGLDialogService
16:45:27.164 [FXGL Background Thread 3 ] DEBUG Engine               - class com.almasb.fxgl.app.services.IOTaskExecutorService
16:45:27.165 [FXGL Background Thread 3 ] DEBUG Engine               - class com.almasb.fxgl.event.EventBusService
16:45:27.165 [FXGL Background Thread 3 ] DEBUG Engine               - class com.almasb.fxgl.io.FileSystemService
16:45:27.165 [FXGL Background Thread 3 ] DEBUG Engine               - class com.almasb.fxgl.localization.LocalizationService
16:45:27.165 [FXGL Background Thread 3 ] DEBUG Engine               - class com.almasb.fxgl.app.services.SystemBundleService
16:45:27.165 [FXGL Background Thread 3 ] DEBUG Engine               - class com.almasb.fxgl.profile.SaveLoadService
16:45:27.166 [FXGL Background Thread 3 ] DEBUG Engine               - class com.almasb.fxgl.ui.FXGLUIFactoryServiceProvider
16:45:27.166 [FXGL Background Thread 3 ] DEBUG Engine               - class com.almasb.fxgl.ui.FXGLDialogFactoryServiceProvider
16:45:27.166 [FXGL Background Thread 3 ] DEBUG Engine               - class com.almasb.fxgl.audio.AudioPlayer
16:45:27.166 [FXGL Background Thread 3 ] DEBUG Engine               - class com.almasb.fxgl.notification.impl.NotificationServiceProvider
16:45:27.166 [FXGL Background Thread 3 ] DEBUG Engine               - class com.almasb.fxgl.achievement.AchievementService
16:45:27.167 [FXGL Background Thread 3 ] DEBUG Engine               - class com.almasb.fxgl.cutscene.CutsceneService
16:45:27.167 [FXGL Background Thread 3 ] DEBUG Engine               - class com.almasb.fxgl.minigames.MiniGameService
16:45:27.167 [FXGL Background Thread 3 ] DEBUG Engine               - class com.almasb.fxgl.net.NetService
16:45:27.167 [FXGL Background Thread 3 ] DEBUG Engine               - class com.almasb.fxgl.app.services.UpdaterService
16:45:27.167 [FXGL Background Thread 3 ] DEBUG Engine               - class com.almasb.fxgl.dev.DevService
16:45:33.955 [JavaFX Application Thread] DEBUG FXGLApplication      - Exiting FXGL
16:45:33.956 [JavaFX Application Thread] DEBUG LoopRunner           - Stopping loop
16:45:33.957 [JavaFX Application Thread] DEBUG SystemBundleService  - Saving FXGL system data
16:45:33.963 [JavaFX Application Thread] DEBUG FileSystemAccess     - Writing to: C:\Users\0705s\OneDrive - Hogeschool Leiden\IOOA\SE-Bomberman\system\fxgl.bundle
16:45:33.969 [JavaFX Application Thread] DEBUG Async                - Shutting down background threads
16:45:33.970 [JavaFX Application Thread] DEBUG PrimaryStageWindow   - Closing main window
16:45:33.996 [JavaFX Application Thread] DEBUG Logger               - Closing Logger
