10:53:18.695 [main                     ] DEBUG Logger               - Configured Logger
10:53:18.703 [main                     ] DEBUG GameApplication      - Logging settings
Title: Bomberman SE
Version: 1.0
Width: 960
Height: 832
Fullscreen: false
Intro: false
Profiling: false
Single step:false
App Mode: DEVELOPER
Menu Key: ESCAPE
Stage Style: DECORATED
Scene Factory: class UI.MySceneFactory

10:53:19.120 [JavaFX Application Thread] DEBUG FXGLApplication      - Initializing FXGL
10:53:19.122 [JavaFX Application Thread] INFO  Engine               - FXGL-11.14 (01.03.2021 16.59) on WINDOWS (J:15.0.2 FX:15)
10:53:19.122 [JavaFX Application Thread] DEBUG Engine               - JRE Vendor Name: Amazon.com Inc.
10:53:19.122 [JavaFX Application Thread] DEBUG Engine               - Running on OS: Windows 10 version 10.0
10:53:19.122 [JavaFX Application Thread] DEBUG Engine               - Architecture: amd64
10:53:19.123 [JavaFX Application Thread] INFO  Engine               - Source code and latest versions at: https://github.com/AlmasB/FXGL
10:53:19.123 [JavaFX Application Thread] INFO  Engine               -              Join the FXGL chat at: https://gitter.im/AlmasB/FXGL
10:53:19.257 [JavaFX Application Thread] DEBUG PrimaryStageWindow   - Creating a JavaFX scene
10:53:19.257 [JavaFX Application Thread] DEBUG PrimaryStageWindow   - Target size > screen size
10:53:19.312 [JavaFX Application Thread] DEBUG PrimaryStageWindow   - Target settings size: 960.0 x 832.0
10:53:19.312 [JavaFX Application Thread] DEBUG PrimaryStageWindow   - Scaled scene size:    925.0 x 823.0
10:53:19.313 [JavaFX Application Thread] DEBUG PrimaryStageWindow   - Scaled ratio: (0.9635416666666666, 0.9891826923076923)
10:53:19.314 [JavaFX Application Thread] DEBUG PrimaryStageWindow   - Set initial scene to FXGLStartupScene
10:53:19.322 [JavaFX Application Thread] DEBUG PrimaryStageWindow   - Opening main window
10:53:19.427 [JavaFX Application Thread] DEBUG PrimaryStageWindow   - Window border size: (15.0, 37.79998779296875)
10:53:19.428 [JavaFX Application Thread] DEBUG PrimaryStageWindow   - Scaled size: 925.0 x 823.0
10:53:19.428 [JavaFX Application Thread] DEBUG PrimaryStageWindow   - Scaled ratio: (0.9635416666666666, 0.9891826923076923)
10:53:19.428 [JavaFX Application Thread] DEBUG PrimaryStageWindow   - Scene size: 925.0 x 823.0
10:53:19.428 [JavaFX Application Thread] DEBUG PrimaryStageWindow   - Stage size: 940.0 x 860.7999877929688
10:53:19.438 [FXGL Background Thread 1 ] DEBUG Engine               - Initializing environment variables
10:53:19.474 [FXGL Background Thread 1 ] DEBUG FXGLAssetLoaderServi - User app class for loading assets: class Game
10:53:19.474 [FXGL Background Thread 1 ] DEBUG GameApplicationServi - Applying CSS: fxgl_dark.css
10:53:19.475 [FXGL Background Thread 1 ] DEBUG FXGLAssetLoaderServi - Loading from file system: jar:file:/C:/Users/roan2/.m2/repository/com/github/almasb/fxgl/11.14/fxgl-11.14.jar!/fxglassets/ui/css/fxgl_dark.css
10:53:19.527 [FXGL Background Thread 1 ] DEBUG GameApplicationServi - Initializing application scenes
10:53:19.561 [FXGL Background Thread 1 ] DEBUG GameWorld            - Game world initialized
10:53:19.621 [FXGL Background Thread 1 ] DEBUG PhysicsWorld         - Physics world initialized: appHeight=832, physics.ppm=50.0
10:53:19.621 [FXGL Background Thread 1 ] DEBUG PhysicsWorld         - Using strategy: BRUTE_FORCE
10:53:19.624 [FXGL Background Thread 1 ] DEBUG GameScene            - Game scene initialized: 960x832
10:53:19.665 [FXGL Background Thread 1 ] DEBUG FXGLAssetLoaderServi - Loading from file system: jar:file:/C:/Users/roan2/.m2/repository/com/github/almasb/fxgl/11.14/fxgl-11.14.jar!/fxglassets/textures/particles/trace_horizontal.png
10:53:19.718 [FXGL Background Thread 1 ] DEBUG FXGL.DefaultMenu     - createMenuBodyGameMenu()
10:53:19.736 [FXGL Background Thread 1 ] DEBUG FXGL.DefaultMenu     - createOptionsMenu()
10:53:19.741 [FXGL Background Thread 1 ] DEBUG FXGLAssetLoaderServi - Loading from file system: jar:file:/C:/Users/roan2/.m2/repository/com/github/almasb/fxgl/11.14/fxgl-11.14.jar!/fxglassets/textures/particles/smoke.png
10:53:19.792 [FXGL Background Thread 1 ] DEBUG GameApplicationServi - Application scenes initialized
10:53:19.803 [FXGL Background Thread 1 ] DEBUG SystemBundleService  - Loading FXGL system data
10:53:19.806 [FXGL Background Thread 1 ] DEBUG FileSystemAccess     - Reading from: C:\Users\roan2\Documents\SE-Challengeweek\system\fxgl.bundle
10:53:19.812 [FXGL Background Thread 1 ] DEBUG SystemBundleService  - Bundle FXGL: {}
10:53:19.812 [FXGL Background Thread 1 ] DEBUG UpdaterService       - Checking for updates
10:53:19.818 [FXGL Background Thread 4 ] DEBUG FXGLApplication      - Loading fonts
10:53:19.819 [FXGL Background Thread 1 ] DEBUG FXGLApplication      - Loading default localization
10:53:19.819 [FXGL Background Thread 4 ] DEBUG FXGLAssetLoaderServi - Loading from file system: jar:file:/C:/Users/roan2/.m2/repository/com/github/almasb/fxgl/11.14/fxgl-11.14.jar!/fxglassets/ui/fonts/VarelaRound-Regular.ttf
10:53:19.819 [FXGL Background Thread 1 ] DEBUG FXGLAssetLoaderServi - Loading from file system: jar:file:/C:/Users/roan2/.m2/repository/com/github/almasb/fxgl/11.14/fxgl-11.14.jar!/fxglassets/languages/english.lang
10:53:19.835 [FXGL Background Thread 1 ] INFO  FXGLApplication      - FXGL initialization took: 0.396 sec
10:53:19.843 [JavaFX Application Thread] DEBUG FXGLAssetLoaderServi - Loading from file system: file:/C:/Users/roan2/Documents/SE-Challengeweek/target/classes/assets/textures/sprite.png
10:53:19.868 [JavaFX Application Thread] DEBUG Input                - Registered new binding: action0 - W
10:53:19.869 [JavaFX Application Thread] DEBUG Input                - Registered new binding: action1 - S
10:53:19.869 [JavaFX Application Thread] DEBUG Input                - Registered new binding: action2 - A
10:53:19.870 [JavaFX Application Thread] DEBUG Input                - Registered new binding: action3 - D
10:53:19.870 [JavaFX Application Thread] DEBUG FXGLAssetLoaderServi - Loading from file system: jar:file:/C:/Users/roan2/.m2/repository/com/github/almasb/fxgl/11.14/fxgl-11.14.jar!/fxglassets/textures/fxgl_icon.png
10:53:19.896 [JavaFX Application Thread] DEBUG FXGLAssetLoaderServi - Loading from file system: jar:file:/C:/Users/roan2/.m2/repository/com/github/almasb/fxgl/11.14/fxgl-11.14.jar!/fxglassets/ui/cursors/fxgl_default.png
10:53:19.899 [JavaFX Application Thread] DEBUG Input                - Registered new binding: Screenshot - P
10:53:19.900 [JavaFX Application Thread] DEBUG Input                - Registered new binding: System info dump - CTRL+9
10:53:19.901 [JavaFX Application Thread] DEBUG Input                - Registered new binding: Restart - CTRL+R
10:53:19.902 [JavaFX Application Thread] DEBUG Input                - Registered new binding: Toggle Debug Camera - CTRL+C
10:53:19.905 [FXGL Background Thread 4 ] DEBUG FXGLAssetLoaderServi - Loading from file system: jar:file:/C:/Users/roan2/.m2/repository/com/github/almasb/fxgl/11.14/fxgl-11.14.jar!/fxglassets/ui/fonts/Abel-Regular.ttf
10:53:19.905 [JavaFX Application Thread] DEBUG LoopRunner           - Starting loop
10:53:19.906 [JavaFX Application Thread] DEBUG LoopRunner           - Initializing JavaFX AnimationTimerLoop
10:53:19.908 [FXGL Background Thread 4 ] DEBUG FXGLAssetLoaderServi - Loading from file system: jar:file:/C:/Users/roan2/.m2/repository/com/github/almasb/fxgl/11.14/fxgl-11.14.jar!/fxglassets/ui/fonts/lucida_console.ttf
10:53:19.909 [JavaFX Application Thread] DEBUG Input                - Clearing active input actions
10:53:19.913 [FXGL Background Thread 4 ] DEBUG FXGLAssetLoaderServi - Loading from file system: jar:file:/C:/Users/roan2/.m2/repository/com/github/almasb/fxgl/11.14/fxgl-11.14.jar!/fxglassets/ui/fonts/Courier-Prime.ttf
10:53:19.917 [JavaFX Application Thread] DEBUG GameApplicationServi - Removing overlay from FXGLStartupScene and adding to FXGLMainMenuDummyScene
10:53:19.917 [JavaFX Application Thread] DEBUG PrimaryStageWindow   - FXGLStartupScene -> FXGLMainMenuDummyScene
10:53:19.917 [JavaFX Application Thread] DEBUG PrimaryStageWindow   - Push state: MyMenu
10:53:19.918 [JavaFX Application Thread] DEBUG Input                - Clearing active input actions
10:53:19.922 [JavaFX Application Thread] DEBUG GameApplicationServi - Removing overlay from FXGLMainMenuDummyScene and adding to MyMenu
10:53:19.923 [JavaFX Application Thread] DEBUG PrimaryStageWindow   - FXGLMainMenuDummyScene -> MyMenu
10:53:19.923 [JavaFX Application Thread] DEBUG FXGLApplication      - Registering font factories with UI factory
10:53:20.172 [FXGL Background Thread 2 ] INFO  UpdaterService       - Your current version:  11.14
10:53:20.172 [FXGL Background Thread 2 ] INFO  UpdaterService       - Latest stable version: 17.1
10:53:22.817 [FXGL Background Thread 3 ] DEBUG Engine               - Logging environment variables
10:53:22.818 [FXGL Background Thread 3 ] DEBUG Engine               - achievements: []
10:53:22.818 [FXGL Background Thread 3 ] DEBUG Engine               - actualHeight: 823.0
10:53:22.819 [FXGL Background Thread 3 ] DEBUG Engine               - actualHeightProperty: ReadOnlyDoubleProperty [value: 823.0]
10:53:22.819 [FXGL Background Thread 3 ] DEBUG Engine               - actualWidth: 925.0
10:53:22.820 [FXGL Background Thread 3 ] DEBUG Engine               - actualWidthProperty: ReadOnlyDoubleProperty [value: 925.0]
10:53:22.820 [FXGL Background Thread 3 ] DEBUG Engine               - appIcon: fxgl_icon.png
10:53:22.821 [FXGL Background Thread 3 ] DEBUG Engine               - applicationMode: DEVELOPER
10:53:22.821 [FXGL Background Thread 3 ] DEBUG Engine               - cSSList: [fxgl_dark.css]
10:53:22.822 [FXGL Background Thread 3 ] DEBUG Engine               - collisionDetectionStrategy: BRUTE_FORCE
10:53:22.822 [FXGL Background Thread 3 ] DEBUG Engine               - configClass: Optional.empty
10:53:22.822 [FXGL Background Thread 3 ] DEBUG Engine               - credits: []
10:53:22.823 [FXGL Background Thread 3 ] DEBUG Engine               - devBBoxColorProperty: ObjectProperty [value: 0xff0000ff]
10:53:22.824 [FXGL Background Thread 3 ] DEBUG Engine               - devEnableDebugCameraProperty: BooleanProperty [value: false]
10:53:22.825 [FXGL Background Thread 3 ] DEBUG Engine               - devSensorColorProperty: ObjectProperty [value: 0xffff00ff]
10:53:22.825 [FXGL Background Thread 3 ] DEBUG Engine               - devShowBBoxProperty: BooleanProperty [value: false]
10:53:22.826 [FXGL Background Thread 3 ] DEBUG Engine               - devShowPositionProperty: BooleanProperty [value: false]
10:53:22.826 [FXGL Background Thread 3 ] DEBUG Engine               - enabledMenuItems: []
10:53:22.827 [FXGL Background Thread 3 ] DEBUG Engine               - engineServices: [class com.almasb.fxgl.app.services.FXGLAssetLoaderService, class com.almasb.fxgl.app.FXGLApplication$GameApplicationService, class com.almasb.fxgl.app.services.FXGLDialogService, class com.almasb.fxgl.app.services.IOTaskExecutorService, class com.almasb.fxgl.event.EventBusService, class com.almasb.fxgl.io.FileSystemService, class com.almasb.fxgl.localization.LocalizationService, class com.almasb.fxgl.app.services.SystemBundleService, class com.almasb.fxgl.profile.SaveLoadService, class com.almasb.fxgl.ui.FXGLUIFactoryServiceProvider, class com.almasb.fxgl.ui.FXGLDialogFactoryServiceProvider, class com.almasb.fxgl.audio.AudioPlayer, class com.almasb.fxgl.notification.impl.NotificationServiceProvider, class com.almasb.fxgl.achievement.AchievementService, class com.almasb.fxgl.cutscene.CutsceneService, class com.almasb.fxgl.minigames.MiniGameService, class com.almasb.fxgl.net.NetService, class com.almasb.fxgl.app.services.UpdaterService, class com.almasb.fxgl.dev.DevService]
10:53:22.827 [FXGL Background Thread 3 ] DEBUG Engine               - fontGame: Abel-Regular.ttf
10:53:22.827 [FXGL Background Thread 3 ] DEBUG Engine               - fontMono: lucida_console.ttf
10:53:22.828 [FXGL Background Thread 3 ] DEBUG Engine               - fontText: Courier-Prime.ttf
10:53:22.828 [FXGL Background Thread 3 ] DEBUG Engine               - fontUI: VarelaRound-Regular.ttf
10:53:22.829 [FXGL Background Thread 3 ] DEBUG Engine               - fullScreen: BooleanProperty [value: false]
10:53:22.829 [FXGL Background Thread 3 ] DEBUG Engine               - gameDifficulty: MEDIUM
10:53:22.829 [FXGL Background Thread 3 ] DEBUG Engine               - gameDifficultyProperty: ObjectProperty [value: MEDIUM]
10:53:22.830 [FXGL Background Thread 3 ] DEBUG Engine               - globalMusicVolume: 0.5
10:53:22.830 [FXGL Background Thread 3 ] DEBUG Engine               - globalMusicVolumeProperty: DoubleProperty [value: 0.5]
10:53:22.831 [FXGL Background Thread 3 ] DEBUG Engine               - globalSoundVolume: 0.5
10:53:22.831 [FXGL Background Thread 3 ] DEBUG Engine               - globalSoundVolumeProperty: DoubleProperty [value: 0.5]
10:53:22.832 [FXGL Background Thread 3 ] DEBUG Engine               - height: 832
10:53:22.832 [FXGL Background Thread 3 ] DEBUG Engine               - isAndroid: false
10:53:22.833 [FXGL Background Thread 3 ] DEBUG Engine               - isBrowser: false
10:53:22.833 [FXGL Background Thread 3 ] DEBUG Engine               - isClickFeedbackEnabled: false
10:53:22.834 [FXGL Background Thread 3 ] DEBUG Engine               - isCloseConfirmation: false
10:53:22.834 [FXGL Background Thread 3 ] DEBUG Engine               - isDesktop: true
10:53:22.834 [FXGL Background Thread 3 ] DEBUG Engine               - isDeveloperMenuEnabled: false
10:53:22.835 [FXGL Background Thread 3 ] DEBUG Engine               - isEntityPreloadEnabled: true
10:53:22.835 [FXGL Background Thread 3 ] DEBUG Engine               - isExperimental3D: false
10:53:22.835 [FXGL Background Thread 3 ] DEBUG Engine               - isExperimentalNative: false
10:53:22.836 [FXGL Background Thread 3 ] DEBUG Engine               - isExperimentalTiledLargeMap: false
10:53:22.836 [FXGL Background Thread 3 ] DEBUG Engine               - isFileSystemWriteAllowed: true
10:53:22.837 [FXGL Background Thread 3 ] DEBUG Engine               - isFullScreenAllowed: false
10:53:22.837 [FXGL Background Thread 3 ] DEBUG Engine               - isFullScreenFromStart: false
10:53:22.837 [FXGL Background Thread 3 ] DEBUG Engine               - isGameMenuEnabled: true
10:53:22.838 [FXGL Background Thread 3 ] DEBUG Engine               - isIOS: false
10:53:22.838 [FXGL Background Thread 3 ] DEBUG Engine               - isIntroEnabled: false
10:53:22.839 [FXGL Background Thread 3 ] DEBUG Engine               - isLinux: false
10:53:22.839 [FXGL Background Thread 3 ] DEBUG Engine               - isMac: false
10:53:22.839 [FXGL Background Thread 3 ] DEBUG Engine               - isMainMenuEnabled: true
10:53:22.840 [FXGL Background Thread 3 ] DEBUG Engine               - isManualResizeEnabled: false
10:53:22.840 [FXGL Background Thread 3 ] DEBUG Engine               - isMobile: false
10:53:22.841 [FXGL Background Thread 3 ] DEBUG Engine               - isPreserveResizeRatio: false
10:53:22.841 [FXGL Background Thread 3 ] DEBUG Engine               - isProfilingEnabled: false
10:53:22.841 [FXGL Background Thread 3 ] DEBUG Engine               - isScaleAffectedOnResize: true
10:53:22.842 [FXGL Background Thread 3 ] DEBUG Engine               - isSingleStep: false
10:53:22.842 [FXGL Background Thread 3 ] DEBUG Engine               - isUserProfileEnabled: false
10:53:22.842 [FXGL Background Thread 3 ] DEBUG Engine               - isWindows: true
10:53:22.843 [FXGL Background Thread 3 ] DEBUG Engine               - language: ObjectProperty [value: ENGLISH]
10:53:22.843 [FXGL Background Thread 3 ] DEBUG Engine               - menuKey: ESCAPE
10:53:22.844 [FXGL Background Thread 3 ] DEBUG Engine               - notificationViewClass: class com.almasb.fxgl.notification.view.XboxNotificationView
10:53:22.844 [FXGL Background Thread 3 ] DEBUG Engine               - pixelsPerMeter: 50.0
10:53:22.845 [FXGL Background Thread 3 ] DEBUG Engine               - platform: WINDOWS
10:53:22.845 [FXGL Background Thread 3 ] DEBUG Engine               - prefHeightProperty: ReadOnlyDoubleProperty [value: 832.0]
10:53:22.846 [FXGL Background Thread 3 ] DEBUG Engine               - prefWidthProperty: ReadOnlyDoubleProperty [value: 960.0]
10:53:22.846 [FXGL Background Thread 3 ] DEBUG Engine               - profileDir: profiles/
10:53:22.846 [FXGL Background Thread 3 ] DEBUG Engine               - profileName: StringProperty [value: DEFAULT]
10:53:22.847 [FXGL Background Thread 3 ] DEBUG Engine               - randomSeed: -1
10:53:22.847 [FXGL Background Thread 3 ] DEBUG Engine               - runtimeInfo: RuntimeInfo(platform=WINDOWS, version=11.14, build=01.03.2021 16.59)
10:53:22.847 [FXGL Background Thread 3 ] DEBUG Engine               - saveFileExt: sav
10:53:22.848 [FXGL Background Thread 3 ] DEBUG Engine               - scaledHeightProp$fxgl: DoubleProperty [bound, value: 823.0]
10:53:22.848 [FXGL Background Thread 3 ] DEBUG Engine               - scaledWidthProp$fxgl: DoubleProperty [bound, value: 925.0]
10:53:22.848 [FXGL Background Thread 3 ] DEBUG Engine               - sceneFactory: UI.MySceneFactory@31296723
10:53:22.849 [FXGL Background Thread 3 ] DEBUG Engine               - secondsIn24h: 60
10:53:22.849 [FXGL Background Thread 3 ] DEBUG Engine               - soundMenuBack: menu/back.wav
10:53:22.849 [FXGL Background Thread 3 ] DEBUG Engine               - soundMenuPress: menu/press.wav
10:53:22.850 [FXGL Background Thread 3 ] DEBUG Engine               - soundMenuSelect: menu/select.wav
10:53:22.851 [FXGL Background Thread 3 ] DEBUG Engine               - soundNotification: core/notification.wav
10:53:22.851 [FXGL Background Thread 3 ] DEBUG Engine               - stageStyle: DECORATED
10:53:22.851 [FXGL Background Thread 3 ] DEBUG Engine               - supportedLanguages: [ENGLISH, FRENCH, GERMAN, HUNGARIAN, RUSSIAN]
10:53:22.852 [FXGL Background Thread 3 ] DEBUG Engine               - ticksPerSecond: -1
10:53:22.852 [FXGL Background Thread 3 ] DEBUG Engine               - title: Bomberman SE
10:53:22.852 [FXGL Background Thread 3 ] DEBUG Engine               - urlGithub: https://github.com/AlmasB/FXGL
10:53:22.853 [FXGL Background Thread 3 ] DEBUG Engine               - urlLeaderboard: http://fxgl-top.herokuapp.com/
10:53:22.853 [FXGL Background Thread 3 ] DEBUG Engine               - urlPOM: https://raw.githubusercontent.com/AlmasB/FXGL/release/README.md
10:53:22.853 [FXGL Background Thread 3 ] DEBUG Engine               - userAppClass: class Game
10:53:22.853 [FXGL Background Thread 3 ] DEBUG Engine               - version: 1.0
10:53:22.854 [FXGL Background Thread 3 ] DEBUG Engine               - versionCheckDays: 7
10:53:22.854 [FXGL Background Thread 3 ] DEBUG Engine               - width: 960
10:53:22.854 [FXGL Background Thread 3 ] DEBUG Engine               - Logging services
10:53:22.855 [FXGL Background Thread 3 ] DEBUG Engine               - class com.almasb.fxgl.app.services.FXGLAssetLoaderService
10:53:22.855 [FXGL Background Thread 3 ] DEBUG Engine               - class com.almasb.fxgl.app.FXGLApplication$GameApplicationService
10:53:22.855 [FXGL Background Thread 3 ] DEBUG Engine               - class com.almasb.fxgl.app.services.FXGLDialogService
10:53:22.856 [FXGL Background Thread 3 ] DEBUG Engine               - class com.almasb.fxgl.app.services.IOTaskExecutorService
10:53:22.856 [FXGL Background Thread 3 ] DEBUG Engine               - class com.almasb.fxgl.event.EventBusService
10:53:22.857 [FXGL Background Thread 3 ] DEBUG Engine               - class com.almasb.fxgl.io.FileSystemService
10:53:22.857 [FXGL Background Thread 3 ] DEBUG Engine               - class com.almasb.fxgl.localization.LocalizationService
10:53:22.857 [FXGL Background Thread 3 ] DEBUG Engine               - class com.almasb.fxgl.app.services.SystemBundleService
10:53:22.858 [FXGL Background Thread 3 ] DEBUG Engine               - class com.almasb.fxgl.profile.SaveLoadService
10:53:22.858 [FXGL Background Thread 3 ] DEBUG Engine               - class com.almasb.fxgl.ui.FXGLUIFactoryServiceProvider
10:53:22.858 [FXGL Background Thread 3 ] DEBUG Engine               - class com.almasb.fxgl.ui.FXGLDialogFactoryServiceProvider
10:53:22.859 [FXGL Background Thread 3 ] DEBUG Engine               - class com.almasb.fxgl.audio.AudioPlayer
10:53:22.859 [FXGL Background Thread 3 ] DEBUG Engine               - class com.almasb.fxgl.notification.impl.NotificationServiceProvider
10:53:22.859 [FXGL Background Thread 3 ] DEBUG Engine               - class com.almasb.fxgl.achievement.AchievementService
10:53:22.860 [FXGL Background Thread 3 ] DEBUG Engine               - class com.almasb.fxgl.cutscene.CutsceneService
10:53:22.860 [FXGL Background Thread 3 ] DEBUG Engine               - class com.almasb.fxgl.minigames.MiniGameService
10:53:22.860 [FXGL Background Thread 3 ] DEBUG Engine               - class com.almasb.fxgl.net.NetService
10:53:22.860 [FXGL Background Thread 3 ] DEBUG Engine               - class com.almasb.fxgl.app.services.UpdaterService
10:53:22.861 [FXGL Background Thread 3 ] DEBUG Engine               - class com.almasb.fxgl.dev.DevService
10:57:37.324 [JavaFX Application Thread] DEBUG LoopRunner           - Pausing loop
10:57:47.525 [JavaFX Application Thread] DEBUG LoopRunner           - Resuming loop
10:57:49.003 [JavaFX Application Thread] DEBUG LoopRunner           - Pausing loop
11:00:02.480 [JavaFX Application Thread] DEBUG LoopRunner           - Resuming loop
11:00:11.228 [JavaFX Application Thread] DEBUG LoopRunner           - Pausing loop
11:01:45.848 [JavaFX Application Thread] DEBUG LoopRunner           - Resuming loop
11:01:47.201 [JavaFX Application Thread] DEBUG FXGLApplication      - Exiting FXGL
11:01:47.201 [JavaFX Application Thread] DEBUG LoopRunner           - Stopping loop
11:01:47.202 [JavaFX Application Thread] DEBUG SystemBundleService  - Saving FXGL system data
11:01:47.204 [JavaFX Application Thread] DEBUG FileSystemAccess     - Writing to: C:\Users\roan2\Documents\SE-Challengeweek\system\fxgl.bundle
11:01:47.205 [JavaFX Application Thread] DEBUG Async                - Shutting down background threads
11:01:47.205 [JavaFX Application Thread] DEBUG PrimaryStageWindow   - Closing main window
11:01:47.218 [JavaFX Application Thread] DEBUG Logger               - Closing Logger
