15:08:46.393 [main                     ] DEBUG Logger               - Configured Logger
15:08:46.400 [main                     ] DEBUG GameApplication      - Logging settings
Title: Untitled
Version: 0.0
Width: 1050
Height: 700
Fullscreen: false
Intro: false
Profiling: false
Single step:false
App Mode: DEVELOPER
Menu Key: ESCAPE
Stage Style: DECORATED
Scene Factory: class com.almasb.fxgl.app.scene.SceneFactory

15:08:46.907 [JavaFX Application Thread] DEBUG FXGLApplication      - Initializing FXGL
15:08:46.910 [JavaFX Application Thread] INFO  Engine               - FXGL-11.14 (01.03.2021 16.59) on WINDOWS (J:15.0.2 FX:15)
15:08:46.910 [JavaFX Application Thread] DEBUG Engine               - JRE Vendor Name: Amazon.com Inc.
15:08:46.910 [JavaFX Application Thread] DEBUG Engine               - Running on OS: Windows 10 version 10.0
15:08:46.911 [JavaFX Application Thread] DEBUG Engine               - Architecture: amd64
15:08:46.911 [JavaFX Application Thread] INFO  Engine               - Source code and latest versions at: https://github.com/AlmasB/FXGL
15:08:46.911 [JavaFX Application Thread] INFO  Engine               -              Join the FXGL chat at: https://gitter.im/AlmasB/FXGL
15:08:47.072 [JavaFX Application Thread] DEBUG PrimaryStageWindow   - Creating a JavaFX scene
15:08:47.341 [JavaFX Application Thread] DEBUG PrimaryStageWindow   - Target settings size: 1050.0 x 700.0
15:08:47.341 [JavaFX Application Thread] DEBUG PrimaryStageWindow   - Scaled scene size:    1050.0 x 700.0
15:08:47.341 [JavaFX Application Thread] DEBUG PrimaryStageWindow   - Scaled ratio: (1.0, 1.0)
15:08:47.342 [JavaFX Application Thread] DEBUG PrimaryStageWindow   - Set initial scene to FXGLStartupScene
15:08:47.351 [JavaFX Application Thread] DEBUG PrimaryStageWindow   - Opening main window
15:08:47.480 [JavaFX Application Thread] DEBUG PrimaryStageWindow   - Window border size: (14.800048828125, 37.5999755859375)
15:08:47.480 [JavaFX Application Thread] DEBUG PrimaryStageWindow   - Scaled size: 1050.0 x 700.0
15:08:47.480 [JavaFX Application Thread] DEBUG PrimaryStageWindow   - Scaled ratio: (1.0, 1.0)
15:08:47.481 [JavaFX Application Thread] DEBUG PrimaryStageWindow   - Scene size: 1050.0 x 700.0
15:08:47.481 [JavaFX Application Thread] DEBUG PrimaryStageWindow   - Stage size: 1064.800048828125 x 737.5999755859375
15:08:47.498 [FXGL Background Thread 1 ] DEBUG Engine               - Initializing environment variables
15:08:47.546 [FXGL Background Thread 1 ] DEBUG FXGLAssetLoaderServi - User app class for loading assets: class Game
15:08:47.546 [FXGL Background Thread 1 ] DEBUG GameApplicationServi - Applying CSS: fxgl_dark.css
15:08:47.547 [FXGL Background Thread 1 ] DEBUG FXGLAssetLoaderServi - Loading from file system: jar:file:/C:/Users/roan2/.m2/repository/com/github/almasb/fxgl/11.14/fxgl-11.14.jar!/fxglassets/ui/css/fxgl_dark.css
15:08:47.609 [FXGL Background Thread 1 ] DEBUG GameApplicationServi - Initializing application scenes
15:08:47.654 [FXGL Background Thread 1 ] DEBUG GameWorld            - Game world initialized
15:08:47.743 [FXGL Background Thread 1 ] DEBUG PhysicsWorld         - Physics world initialized: appHeight=700, physics.ppm=50.0
15:08:47.743 [FXGL Background Thread 1 ] DEBUG PhysicsWorld         - Using strategy: BRUTE_FORCE
15:08:47.746 [FXGL Background Thread 1 ] DEBUG GameScene            - Game scene initialized: 1050x700
15:08:47.798 [FXGL Background Thread 1 ] DEBUG FXGLAssetLoaderServi - Loading from file system: jar:file:/C:/Users/roan2/.m2/repository/com/github/almasb/fxgl/11.14/fxgl-11.14.jar!/fxglassets/textures/particles/trace_horizontal.png
15:08:47.881 [FXGL Background Thread 1 ] DEBUG FXGL.DefaultMenu     - createMenuBodyGameMenu()
15:08:47.903 [FXGL Background Thread 1 ] DEBUG FXGL.DefaultMenu     - createOptionsMenu()
15:08:47.910 [FXGL Background Thread 1 ] DEBUG FXGLAssetLoaderServi - Loading from file system: jar:file:/C:/Users/roan2/.m2/repository/com/github/almasb/fxgl/11.14/fxgl-11.14.jar!/fxglassets/textures/particles/smoke.png
15:08:47.991 [FXGL Background Thread 1 ] DEBUG GameApplicationServi - Application scenes initialized
15:08:48.007 [FXGL Background Thread 1 ] DEBUG SystemBundleService  - Loading FXGL system data
15:08:48.013 [FXGL Background Thread 1 ] DEBUG FileSystemAccess     - Reading from: C:\Users\roan2\Documents\SE-Challengeweek\system\fxgl.bundle
15:08:48.021 [FXGL Background Thread 1 ] DEBUG SystemBundleService  - Bundle FXGL: {}
15:08:48.021 [FXGL Background Thread 1 ] DEBUG UpdaterService       - Checking for updates
15:08:48.062 [FXGL Background Thread 4 ] DEBUG FXGLApplication      - Loading fonts
15:08:48.063 [FXGL Background Thread 1 ] DEBUG FXGLApplication      - Loading default localization
15:08:48.063 [FXGL Background Thread 4 ] DEBUG FXGLAssetLoaderServi - Loading from file system: jar:file:/C:/Users/roan2/.m2/repository/com/github/almasb/fxgl/11.14/fxgl-11.14.jar!/fxglassets/ui/fonts/VarelaRound-Regular.ttf
15:08:48.063 [FXGL Background Thread 1 ] DEBUG FXGLAssetLoaderServi - Loading from file system: jar:file:/C:/Users/roan2/.m2/repository/com/github/almasb/fxgl/11.14/fxgl-11.14.jar!/fxglassets/languages/english.lang
15:08:48.084 [FXGL Background Thread 1 ] INFO  FXGLApplication      - FXGL initialization took: 0.586 sec
15:08:48.100 [JavaFX Application Thread] DEBUG Input                - Registered new binding: up - W
15:08:48.100 [JavaFX Application Thread] DEBUG Input                - Registered new binding: down - S
15:08:48.101 [JavaFX Application Thread] DEBUG Input                - Registered new binding: left - A
15:08:48.101 [JavaFX Application Thread] DEBUG Input                - Registered new binding: right - D
15:08:48.101 [JavaFX Application Thread] DEBUG Input                - Registered new binding: Place Bomb - F
15:08:48.102 [JavaFX Application Thread] DEBUG FXGLAssetLoaderServi - Loading from file system: jar:file:/C:/Users/roan2/.m2/repository/com/github/almasb/fxgl/11.14/fxgl-11.14.jar!/fxglassets/textures/fxgl_icon.png
15:08:48.133 [JavaFX Application Thread] DEBUG FXGLAssetLoaderServi - Loading from file system: jar:file:/C:/Users/roan2/.m2/repository/com/github/almasb/fxgl/11.14/fxgl-11.14.jar!/fxglassets/ui/cursors/fxgl_default.png
15:08:48.136 [JavaFX Application Thread] DEBUG Input                - Registered new binding: Screenshot - P
15:08:48.137 [JavaFX Application Thread] DEBUG Input                - Registered new binding: Dev Options - 1
15:08:48.137 [JavaFX Application Thread] DEBUG Input                - Registered new binding: Dev Console - 2
15:08:48.138 [JavaFX Application Thread] DEBUG Input                - Registered new binding: System info dump - CTRL+9
15:08:48.139 [JavaFX Application Thread] DEBUG Input                - Registered new binding: Restart - CTRL+R
15:08:48.141 [JavaFX Application Thread] DEBUG Input                - Registered new binding: Toggle Debug Camera - CTRL+C
15:08:48.145 [JavaFX Application Thread] DEBUG LoopRunner           - Starting loop
15:08:48.169 [JavaFX Application Thread] DEBUG LoopRunner           - Initializing JavaFX AnimationTimerLoop
15:08:48.171 [JavaFX Application Thread] DEBUG GameApplicationServi - Starting new game
15:08:48.172 [JavaFX Application Thread] DEBUG Input                - Clearing active input actions
15:08:48.172 [FXGL Background Thread 4 ] DEBUG FXGLAssetLoaderServi - Loading from file system: jar:file:/C:/Users/roan2/.m2/repository/com/github/almasb/fxgl/11.14/fxgl-11.14.jar!/fxglassets/ui/fonts/Abel-Regular.ttf
15:08:48.177 [FXGL Background Thread 4 ] DEBUG FXGLAssetLoaderServi - Loading from file system: jar:file:/C:/Users/roan2/.m2/repository/com/github/almasb/fxgl/11.14/fxgl-11.14.jar!/fxglassets/ui/fonts/lucida_console.ttf
15:08:48.183 [FXGL Background Thread 4 ] DEBUG FXGLAssetLoaderServi - Loading from file system: jar:file:/C:/Users/roan2/.m2/repository/com/github/almasb/fxgl/11.14/fxgl-11.14.jar!/fxglassets/ui/fonts/Courier-Prime.ttf
15:08:48.186 [JavaFX Application Thread] DEBUG GameApplicationServi - Removing overlay from FXGLStartupScene and adding to FXGLLoadingScene
15:08:48.192 [JavaFX Application Thread] DEBUG PrimaryStageWindow   - FXGLStartupScene -> FXGLLoadingScene
15:08:48.193 [JavaFX Application Thread] DEBUG GameApplicationServi - Clearing previous game
15:08:48.193 [JavaFX Application Thread] DEBUG GameScene            - Clearing game scene
15:08:48.193 [JavaFX Application Thread] DEBUG GameWorld            - Clearing game world
15:08:48.193 [JavaFX Application Thread] DEBUG PhysicsWorld         - Clearing physics world
15:08:48.196 [FXGL Background Thread 4 ] DEBUG FXGLApplication      - Initializing game
15:08:48.238 [FXGL Background Thread 4 ] WARN  TMXLevelLoader       - TiledMap generated from 1.0.1. Supported version: 1.2.3. Some features may not be parsed fully.
15:08:48.257 [FXGL Background Thread 4 ] DEBUG TMXLevelLoader       - Parsed raw map: TiledMap(width=15, height=13, tilewidth=64, tileheight=64, orientation=orthogonal, layers=[Layer(width=15, height=13, name=Tile Layer 1, type=tilelayer, visible=false, x=0, y=0, data=[5, 5, 5, 5, 5, 5, 5, 5, 5, 5, 5, 5, 5, 5, 5, 5, 2, 2, 2, 2, 2, 2, 2, 2, 2, 2, 2, 2, 2, 5, 5, 2, 8, 2, 8, 2, 8, 2, 8, 2, 8, 2, 8, 2, 5, 5, 2, 2, 2, 2, 2, 2, 2, 2, 2, 2, 2, 2, 2, 5, 5, 2, 8, 2, 8, 2, 8, 2, 8, 2, 8, 2, 8, 2, 5, 5, 2, 2, 2, 2, 2, 2, 2, 2, 2, 2, 2, 2, 2, 5, 5, 2, 8, 2, 8, 2, 8, 2, 8, 2, 8, 2, 8, 2, 5, 5, 2, 2, 2, 2, 2, 2, 2, 2, 2, 2, 2, 2, 2, 5, 5, 2, 8, 2, 8, 2, 8, 2, 8, 2, 8, 2, 8, 2, 5, 5, 2, 2, 2, 2, 2, 2, 2, 2, 2, 2, 2, 2, 2, 5, 5, 2, 8, 2, 8, 2, 8, 2, 8, 2, 8, 2, 8, 2, 5, 5, 2, 2, 2, 2, 2, 2, 2, 2, 2, 2, 2, 2, 2, 5, 5, 5, 5, 5, 5, 5, 5, 5, 5, 5, 5, 5, 5, 5, 5], objects=[], opacity=0.0, draworder=), Layer(width=0, height=0, name=Object Layer 1, type=objectgroup, visible=false, x=0, y=0, data=[], objects=[com.almasb.fxgl.entity.level.tiled.TiledObject@3c9118a4, com.almasb.fxgl.entity.level.tiled.TiledObject@6ce6951, com.almasb.fxgl.entity.level.tiled.TiledObject@15fd305b, com.almasb.fxgl.entity.level.tiled.TiledObject@4d84efea, com.almasb.fxgl.entity.level.tiled.TiledObject@79648ac6, com.almasb.fxgl.entity.level.tiled.TiledObject@c95f05a, com.almasb.fxgl.entity.level.tiled.TiledObject@7096767b, com.almasb.fxgl.entity.level.tiled.TiledObject@1a072c3c, com.almasb.fxgl.entity.level.tiled.TiledObject@47e8b700, com.almasb.fxgl.entity.level.tiled.TiledObject@64dc8887, com.almasb.fxgl.entity.level.tiled.TiledObject@27ba0fc9, com.almasb.fxgl.entity.level.tiled.TiledObject@47fa1ce, com.almasb.fxgl.entity.level.tiled.TiledObject@62d56f6, com.almasb.fxgl.entity.level.tiled.TiledObject@6356e04, com.almasb.fxgl.entity.level.tiled.TiledObject@7106ed4c, com.almasb.fxgl.entity.level.tiled.TiledObject@80e5373, com.almasb.fxgl.entity.level.tiled.TiledObject@64783e62, com.almasb.fxgl.entity.level.tiled.TiledObject@499039a7, com.almasb.fxgl.entity.level.tiled.TiledObject@f3ac154, com.almasb.fxgl.entity.level.tiled.TiledObject@75559e0b, com.almasb.fxgl.entity.level.tiled.TiledObject@507b25ed, com.almasb.fxgl.entity.level.tiled.TiledObject@186e7344, com.almasb.fxgl.entity.level.tiled.TiledObject@4187217c, com.almasb.fxgl.entity.level.tiled.TiledObject@187b5a81, com.almasb.fxgl.entity.level.tiled.TiledObject@11a6502e, com.almasb.fxgl.entity.level.tiled.TiledObject@7a39f50d, com.almasb.fxgl.entity.level.tiled.TiledObject@24db7f7, com.almasb.fxgl.entity.level.tiled.TiledObject@40a05a6d, com.almasb.fxgl.entity.level.tiled.TiledObject@63a44577, com.almasb.fxgl.entity.level.tiled.TiledObject@56805593, com.almasb.fxgl.entity.level.tiled.TiledObject@399da2bb, com.almasb.fxgl.entity.level.tiled.TiledObject@7b2cf4d7, com.almasb.fxgl.entity.level.tiled.TiledObject@3a628938, com.almasb.fxgl.entity.level.tiled.TiledObject@6e1a7f2a], opacity=0.0, draworder=)], tilesets=[Tileset(firstgid=1, image=tileset level 2.png, name=tileset level 2, tilewidth=64, tileheight=64, imagewidth=320, imageheight=64, margin=0, spacing=2, columns=4, tilecount=4, transparentcolor=, tiles=[]), Tileset(firstgid=5, image=tileset level 1.png, name=tileset level 1, tilewidth=64, tileheight=64, imagewidth=320, imageheight=64, margin=0, spacing=2, columns=4, tilecount=4, transparentcolor=, tiles=[])], backgroundcolor=, renderorder=right-down, nextobjectid=310, version=1, tiledversion=1.0.1, type=map, infinite=false, hexsidelength=0, staggeraxis=, staggerindex=, properties={}, propertytypes={})
15:08:48.258 [FXGL Background Thread 4 ] DEBUG TMXLevelLoader       - Creating tile layer entities
15:08:48.259 [FXGL Background Thread 4 ] DEBUG TilesetLoader        - Loading view for layer Tile Layer 1
15:08:48.260 [FXGL Background Thread 4 ] DEBUG TilesetLoader        - Created buffer with size 960.0x832.0
15:08:48.263 [FXGL Background Thread 4 ] DEBUG TilesetLoader        - Writing to buffer: dst=0,0, w=64,h=64, src=0,0
15:08:48.264 [FXGL Background Thread 4 ] DEBUG TilesetLoader        - Writing to buffer: dst=64,0, w=64,h=64, src=0,0
15:08:48.264 [FXGL Background Thread 4 ] DEBUG TilesetLoader        - Writing to buffer: dst=128,0, w=64,h=64, src=0,0
15:08:48.265 [FXGL Background Thread 4 ] DEBUG TilesetLoader        - Writing to buffer: dst=192,0, w=64,h=64, src=0,0
15:08:48.265 [FXGL Background Thread 4 ] DEBUG TilesetLoader        - Writing to buffer: dst=256,0, w=64,h=64, src=0,0
15:08:48.265 [FXGL Background Thread 4 ] DEBUG TilesetLoader        - Writing to buffer: dst=320,0, w=64,h=64, src=0,0
15:08:48.265 [FXGL Background Thread 4 ] DEBUG TilesetLoader        - Writing to buffer: dst=384,0, w=64,h=64, src=0,0
15:08:48.265 [FXGL Background Thread 4 ] DEBUG TilesetLoader        - Writing to buffer: dst=448,0, w=64,h=64, src=0,0
15:08:48.266 [FXGL Background Thread 4 ] DEBUG TilesetLoader        - Writing to buffer: dst=512,0, w=64,h=64, src=0,0
15:08:48.266 [FXGL Background Thread 4 ] DEBUG TilesetLoader        - Writing to buffer: dst=576,0, w=64,h=64, src=0,0
15:08:48.266 [FXGL Background Thread 4 ] DEBUG TilesetLoader        - Writing to buffer: dst=640,0, w=64,h=64, src=0,0
15:08:48.267 [FXGL Background Thread 4 ] DEBUG TilesetLoader        - Writing to buffer: dst=704,0, w=64,h=64, src=0,0
15:08:48.267 [FXGL Background Thread 4 ] DEBUG TilesetLoader        - Writing to buffer: dst=768,0, w=64,h=64, src=0,0
15:08:48.267 [FXGL Background Thread 4 ] DEBUG TilesetLoader        - Writing to buffer: dst=832,0, w=64,h=64, src=0,0
15:08:48.268 [FXGL Background Thread 4 ] DEBUG TilesetLoader        - Writing to buffer: dst=896,0, w=64,h=64, src=0,0
15:08:48.268 [FXGL Background Thread 4 ] DEBUG TilesetLoader        - Writing to buffer: dst=0,64, w=64,h=64, src=0,0
15:08:48.270 [FXGL Background Thread 4 ] DEBUG TilesetLoader        - Writing to buffer: dst=64,64, w=64,h=64, src=66,0
15:08:48.270 [FXGL Background Thread 4 ] DEBUG TilesetLoader        - Writing to buffer: dst=128,64, w=64,h=64, src=66,0
15:08:48.270 [FXGL Background Thread 4 ] DEBUG TilesetLoader        - Writing to buffer: dst=192,64, w=64,h=64, src=66,0
15:08:48.270 [FXGL Background Thread 4 ] DEBUG TilesetLoader        - Writing to buffer: dst=256,64, w=64,h=64, src=66,0
15:08:48.271 [FXGL Background Thread 4 ] DEBUG TilesetLoader        - Writing to buffer: dst=320,64, w=64,h=64, src=66,0
15:08:48.271 [FXGL Background Thread 4 ] DEBUG TilesetLoader        - Writing to buffer: dst=384,64, w=64,h=64, src=66,0
15:08:48.271 [FXGL Background Thread 4 ] DEBUG TilesetLoader        - Writing to buffer: dst=448,64, w=64,h=64, src=66,0
15:08:48.271 [FXGL Background Thread 4 ] DEBUG TilesetLoader        - Writing to buffer: dst=512,64, w=64,h=64, src=66,0
15:08:48.272 [FXGL Background Thread 4 ] DEBUG TilesetLoader        - Writing to buffer: dst=576,64, w=64,h=64, src=66,0
15:08:48.272 [FXGL Background Thread 4 ] DEBUG TilesetLoader        - Writing to buffer: dst=640,64, w=64,h=64, src=66,0
15:08:48.273 [FXGL Background Thread 4 ] DEBUG TilesetLoader        - Writing to buffer: dst=704,64, w=64,h=64, src=66,0
15:08:48.273 [FXGL Background Thread 4 ] DEBUG TilesetLoader        - Writing to buffer: dst=768,64, w=64,h=64, src=66,0
15:08:48.273 [FXGL Background Thread 4 ] DEBUG TilesetLoader        - Writing to buffer: dst=832,64, w=64,h=64, src=66,0
15:08:48.274 [FXGL Background Thread 4 ] DEBUG TilesetLoader        - Writing to buffer: dst=896,64, w=64,h=64, src=0,0
15:08:48.274 [FXGL Background Thread 4 ] DEBUG TilesetLoader        - Writing to buffer: dst=0,128, w=64,h=64, src=0,0
15:08:48.274 [FXGL Background Thread 4 ] DEBUG TilesetLoader        - Writing to buffer: dst=64,128, w=64,h=64, src=66,0
15:08:48.274 [FXGL Background Thread 4 ] DEBUG TilesetLoader        - Writing to buffer: dst=128,128, w=64,h=64, src=198,0
15:08:48.275 [FXGL Background Thread 4 ] DEBUG TilesetLoader        - Writing to buffer: dst=192,128, w=64,h=64, src=66,0
15:08:48.275 [FXGL Background Thread 4 ] DEBUG TilesetLoader        - Writing to buffer: dst=256,128, w=64,h=64, src=198,0
15:08:48.275 [FXGL Background Thread 4 ] DEBUG TilesetLoader        - Writing to buffer: dst=320,128, w=64,h=64, src=66,0
15:08:48.275 [FXGL Background Thread 4 ] DEBUG TilesetLoader        - Writing to buffer: dst=384,128, w=64,h=64, src=198,0
15:08:48.276 [FXGL Background Thread 4 ] DEBUG TilesetLoader        - Writing to buffer: dst=448,128, w=64,h=64, src=66,0
15:08:48.276 [FXGL Background Thread 4 ] DEBUG TilesetLoader        - Writing to buffer: dst=512,128, w=64,h=64, src=198,0
15:08:48.276 [FXGL Background Thread 4 ] DEBUG TilesetLoader        - Writing to buffer: dst=576,128, w=64,h=64, src=66,0
15:08:48.276 [FXGL Background Thread 4 ] DEBUG TilesetLoader        - Writing to buffer: dst=640,128, w=64,h=64, src=198,0
15:08:48.277 [FXGL Background Thread 4 ] DEBUG TilesetLoader        - Writing to buffer: dst=704,128, w=64,h=64, src=66,0
15:08:48.277 [FXGL Background Thread 4 ] DEBUG TilesetLoader        - Writing to buffer: dst=768,128, w=64,h=64, src=198,0
15:08:48.277 [FXGL Background Thread 4 ] DEBUG TilesetLoader        - Writing to buffer: dst=832,128, w=64,h=64, src=66,0
15:08:48.278 [FXGL Background Thread 4 ] DEBUG TilesetLoader        - Writing to buffer: dst=896,128, w=64,h=64, src=0,0
15:08:48.278 [FXGL Background Thread 4 ] DEBUG TilesetLoader        - Writing to buffer: dst=0,192, w=64,h=64, src=0,0
15:08:48.278 [FXGL Background Thread 4 ] DEBUG TilesetLoader        - Writing to buffer: dst=64,192, w=64,h=64, src=66,0
15:08:48.278 [FXGL Background Thread 4 ] DEBUG TilesetLoader        - Writing to buffer: dst=128,192, w=64,h=64, src=66,0
15:08:48.279 [FXGL Background Thread 4 ] DEBUG TilesetLoader        - Writing to buffer: dst=192,192, w=64,h=64, src=66,0
15:08:48.279 [FXGL Background Thread 4 ] DEBUG TilesetLoader        - Writing to buffer: dst=256,192, w=64,h=64, src=66,0
15:08:48.279 [FXGL Background Thread 4 ] DEBUG TilesetLoader        - Writing to buffer: dst=320,192, w=64,h=64, src=66,0
15:08:48.279 [FXGL Background Thread 4 ] DEBUG TilesetLoader        - Writing to buffer: dst=384,192, w=64,h=64, src=66,0
15:08:48.280 [FXGL Background Thread 4 ] DEBUG TilesetLoader        - Writing to buffer: dst=448,192, w=64,h=64, src=66,0
15:08:48.280 [FXGL Background Thread 4 ] DEBUG TilesetLoader        - Writing to buffer: dst=512,192, w=64,h=64, src=66,0
15:08:48.280 [FXGL Background Thread 4 ] DEBUG TilesetLoader        - Writing to buffer: dst=576,192, w=64,h=64, src=66,0
15:08:48.280 [FXGL Background Thread 4 ] DEBUG TilesetLoader        - Writing to buffer: dst=640,192, w=64,h=64, src=66,0
15:08:48.281 [FXGL Background Thread 4 ] DEBUG TilesetLoader        - Writing to buffer: dst=704,192, w=64,h=64, src=66,0
15:08:48.281 [FXGL Background Thread 4 ] DEBUG TilesetLoader        - Writing to buffer: dst=768,192, w=64,h=64, src=66,0
15:08:48.281 [FXGL Background Thread 4 ] DEBUG TilesetLoader        - Writing to buffer: dst=832,192, w=64,h=64, src=66,0
15:08:48.281 [FXGL Background Thread 4 ] DEBUG TilesetLoader        - Writing to buffer: dst=896,192, w=64,h=64, src=0,0
15:08:48.282 [FXGL Background Thread 4 ] DEBUG TilesetLoader        - Writing to buffer: dst=0,256, w=64,h=64, src=0,0
15:08:48.282 [FXGL Background Thread 4 ] DEBUG TilesetLoader        - Writing to buffer: dst=64,256, w=64,h=64, src=66,0
15:08:48.282 [FXGL Background Thread 4 ] DEBUG TilesetLoader        - Writing to buffer: dst=128,256, w=64,h=64, src=198,0
15:08:48.282 [FXGL Background Thread 4 ] DEBUG TilesetLoader        - Writing to buffer: dst=192,256, w=64,h=64, src=66,0
15:08:48.282 [FXGL Background Thread 4 ] DEBUG TilesetLoader        - Writing to buffer: dst=256,256, w=64,h=64, src=198,0
15:08:48.283 [FXGL Background Thread 4 ] DEBUG TilesetLoader        - Writing to buffer: dst=320,256, w=64,h=64, src=66,0
15:08:48.283 [FXGL Background Thread 4 ] DEBUG TilesetLoader        - Writing to buffer: dst=384,256, w=64,h=64, src=198,0
15:08:48.283 [FXGL Background Thread 4 ] DEBUG TilesetLoader        - Writing to buffer: dst=448,256, w=64,h=64, src=66,0
15:08:48.283 [FXGL Background Thread 4 ] DEBUG TilesetLoader        - Writing to buffer: dst=512,256, w=64,h=64, src=198,0
15:08:48.284 [FXGL Background Thread 4 ] DEBUG TilesetLoader        - Writing to buffer: dst=576,256, w=64,h=64, src=66,0
15:08:48.284 [FXGL Background Thread 4 ] DEBUG TilesetLoader        - Writing to buffer: dst=640,256, w=64,h=64, src=198,0
15:08:48.284 [FXGL Background Thread 4 ] DEBUG TilesetLoader        - Writing to buffer: dst=704,256, w=64,h=64, src=66,0
15:08:48.284 [FXGL Background Thread 4 ] DEBUG TilesetLoader        - Writing to buffer: dst=768,256, w=64,h=64, src=198,0
15:08:48.284 [FXGL Background Thread 4 ] DEBUG TilesetLoader        - Writing to buffer: dst=832,256, w=64,h=64, src=66,0
15:08:48.285 [FXGL Background Thread 4 ] DEBUG TilesetLoader        - Writing to buffer: dst=896,256, w=64,h=64, src=0,0
15:08:48.285 [FXGL Background Thread 4 ] DEBUG TilesetLoader        - Writing to buffer: dst=0,320, w=64,h=64, src=0,0
15:08:48.285 [FXGL Background Thread 4 ] DEBUG TilesetLoader        - Writing to buffer: dst=64,320, w=64,h=64, src=66,0
15:08:48.285 [FXGL Background Thread 4 ] DEBUG TilesetLoader        - Writing to buffer: dst=128,320, w=64,h=64, src=66,0
15:08:48.286 [FXGL Background Thread 4 ] DEBUG TilesetLoader        - Writing to buffer: dst=192,320, w=64,h=64, src=66,0
15:08:48.286 [FXGL Background Thread 4 ] DEBUG TilesetLoader        - Writing to buffer: dst=256,320, w=64,h=64, src=66,0
15:08:48.286 [FXGL Background Thread 4 ] DEBUG TilesetLoader        - Writing to buffer: dst=320,320, w=64,h=64, src=66,0
15:08:48.286 [FXGL Background Thread 4 ] DEBUG TilesetLoader        - Writing to buffer: dst=384,320, w=64,h=64, src=66,0
15:08:48.287 [FXGL Background Thread 4 ] DEBUG TilesetLoader        - Writing to buffer: dst=448,320, w=64,h=64, src=66,0
15:08:48.287 [FXGL Background Thread 4 ] DEBUG TilesetLoader        - Writing to buffer: dst=512,320, w=64,h=64, src=66,0
15:08:48.287 [FXGL Background Thread 4 ] DEBUG TilesetLoader        - Writing to buffer: dst=576,320, w=64,h=64, src=66,0
15:08:48.287 [FXGL Background Thread 4 ] DEBUG TilesetLoader        - Writing to buffer: dst=640,320, w=64,h=64, src=66,0
15:08:48.287 [FXGL Background Thread 4 ] DEBUG TilesetLoader        - Writing to buffer: dst=704,320, w=64,h=64, src=66,0
15:08:48.288 [FXGL Background Thread 4 ] DEBUG TilesetLoader        - Writing to buffer: dst=768,320, w=64,h=64, src=66,0
15:08:48.288 [FXGL Background Thread 4 ] DEBUG TilesetLoader        - Writing to buffer: dst=832,320, w=64,h=64, src=66,0
15:08:48.288 [FXGL Background Thread 4 ] DEBUG TilesetLoader        - Writing to buffer: dst=896,320, w=64,h=64, src=0,0
15:08:48.289 [FXGL Background Thread 4 ] DEBUG TilesetLoader        - Writing to buffer: dst=0,384, w=64,h=64, src=0,0
15:08:48.289 [FXGL Background Thread 4 ] DEBUG TilesetLoader        - Writing to buffer: dst=64,384, w=64,h=64, src=66,0
15:08:48.289 [FXGL Background Thread 4 ] DEBUG TilesetLoader        - Writing to buffer: dst=128,384, w=64,h=64, src=198,0
15:08:48.289 [FXGL Background Thread 4 ] DEBUG TilesetLoader        - Writing to buffer: dst=192,384, w=64,h=64, src=66,0
15:08:48.290 [FXGL Background Thread 4 ] DEBUG TilesetLoader        - Writing to buffer: dst=256,384, w=64,h=64, src=198,0
15:08:48.290 [FXGL Background Thread 4 ] DEBUG TilesetLoader        - Writing to buffer: dst=320,384, w=64,h=64, src=66,0
15:08:48.290 [FXGL Background Thread 4 ] DEBUG TilesetLoader        - Writing to buffer: dst=384,384, w=64,h=64, src=198,0
15:08:48.290 [FXGL Background Thread 4 ] DEBUG TilesetLoader        - Writing to buffer: dst=448,384, w=64,h=64, src=66,0
15:08:48.291 [FXGL Background Thread 4 ] DEBUG TilesetLoader        - Writing to buffer: dst=512,384, w=64,h=64, src=198,0
15:08:48.291 [FXGL Background Thread 4 ] DEBUG TilesetLoader        - Writing to buffer: dst=576,384, w=64,h=64, src=66,0
15:08:48.291 [FXGL Background Thread 4 ] DEBUG TilesetLoader        - Writing to buffer: dst=640,384, w=64,h=64, src=198,0
15:08:48.291 [FXGL Background Thread 4 ] DEBUG TilesetLoader        - Writing to buffer: dst=704,384, w=64,h=64, src=66,0
15:08:48.291 [FXGL Background Thread 4 ] DEBUG TilesetLoader        - Writing to buffer: dst=768,384, w=64,h=64, src=198,0
15:08:48.292 [FXGL Background Thread 4 ] DEBUG TilesetLoader        - Writing to buffer: dst=832,384, w=64,h=64, src=66,0
15:08:48.292 [FXGL Background Thread 4 ] DEBUG TilesetLoader        - Writing to buffer: dst=896,384, w=64,h=64, src=0,0
15:08:48.292 [FXGL Background Thread 4 ] DEBUG TilesetLoader        - Writing to buffer: dst=0,448, w=64,h=64, src=0,0
15:08:48.292 [FXGL Background Thread 4 ] DEBUG TilesetLoader        - Writing to buffer: dst=64,448, w=64,h=64, src=66,0
15:08:48.292 [FXGL Background Thread 4 ] DEBUG TilesetLoader        - Writing to buffer: dst=128,448, w=64,h=64, src=66,0
15:08:48.293 [FXGL Background Thread 4 ] DEBUG TilesetLoader        - Writing to buffer: dst=192,448, w=64,h=64, src=66,0
15:08:48.293 [FXGL Background Thread 4 ] DEBUG TilesetLoader        - Writing to buffer: dst=256,448, w=64,h=64, src=66,0
15:08:48.293 [FXGL Background Thread 4 ] DEBUG TilesetLoader        - Writing to buffer: dst=320,448, w=64,h=64, src=66,0
15:08:48.293 [FXGL Background Thread 4 ] DEBUG TilesetLoader        - Writing to buffer: dst=384,448, w=64,h=64, src=66,0
15:08:48.293 [FXGL Background Thread 4 ] DEBUG TilesetLoader        - Writing to buffer: dst=448,448, w=64,h=64, src=66,0
15:08:48.294 [FXGL Background Thread 4 ] DEBUG TilesetLoader        - Writing to buffer: dst=512,448, w=64,h=64, src=66,0
15:08:48.294 [FXGL Background Thread 4 ] DEBUG TilesetLoader        - Writing to buffer: dst=576,448, w=64,h=64, src=66,0
15:08:48.294 [FXGL Background Thread 4 ] DEBUG TilesetLoader        - Writing to buffer: dst=640,448, w=64,h=64, src=66,0
15:08:48.294 [FXGL Background Thread 4 ] DEBUG TilesetLoader        - Writing to buffer: dst=704,448, w=64,h=64, src=66,0
15:08:48.294 [FXGL Background Thread 4 ] DEBUG TilesetLoader        - Writing to buffer: dst=768,448, w=64,h=64, src=66,0
15:08:48.295 [FXGL Background Thread 4 ] DEBUG TilesetLoader        - Writing to buffer: dst=832,448, w=64,h=64, src=66,0
15:08:48.295 [FXGL Background Thread 4 ] DEBUG TilesetLoader        - Writing to buffer: dst=896,448, w=64,h=64, src=0,0
15:08:48.296 [FXGL Background Thread 4 ] DEBUG TilesetLoader        - Writing to buffer: dst=0,512, w=64,h=64, src=0,0
15:08:48.296 [FXGL Background Thread 4 ] DEBUG TilesetLoader        - Writing to buffer: dst=64,512, w=64,h=64, src=66,0
15:08:48.296 [FXGL Background Thread 4 ] DEBUG TilesetLoader        - Writing to buffer: dst=128,512, w=64,h=64, src=198,0
15:08:48.296 [FXGL Background Thread 4 ] DEBUG TilesetLoader        - Writing to buffer: dst=192,512, w=64,h=64, src=66,0
15:08:48.297 [FXGL Background Thread 4 ] DEBUG TilesetLoader        - Writing to buffer: dst=256,512, w=64,h=64, src=198,0
15:08:48.297 [FXGL Background Thread 4 ] DEBUG TilesetLoader        - Writing to buffer: dst=320,512, w=64,h=64, src=66,0
15:08:48.297 [FXGL Background Thread 4 ] DEBUG TilesetLoader        - Writing to buffer: dst=384,512, w=64,h=64, src=198,0
15:08:48.297 [FXGL Background Thread 4 ] DEBUG TilesetLoader        - Writing to buffer: dst=448,512, w=64,h=64, src=66,0
15:08:48.298 [FXGL Background Thread 4 ] DEBUG TilesetLoader        - Writing to buffer: dst=512,512, w=64,h=64, src=198,0
15:08:48.298 [FXGL Background Thread 4 ] DEBUG TilesetLoader        - Writing to buffer: dst=576,512, w=64,h=64, src=66,0
15:08:48.298 [FXGL Background Thread 4 ] DEBUG TilesetLoader        - Writing to buffer: dst=640,512, w=64,h=64, src=198,0
15:08:48.298 [FXGL Background Thread 4 ] DEBUG TilesetLoader        - Writing to buffer: dst=704,512, w=64,h=64, src=66,0
15:08:48.299 [FXGL Background Thread 4 ] DEBUG TilesetLoader        - Writing to buffer: dst=768,512, w=64,h=64, src=198,0
15:08:48.299 [FXGL Background Thread 4 ] DEBUG TilesetLoader        - Writing to buffer: dst=832,512, w=64,h=64, src=66,0
15:08:48.299 [FXGL Background Thread 4 ] DEBUG TilesetLoader        - Writing to buffer: dst=896,512, w=64,h=64, src=0,0
15:08:48.299 [FXGL Background Thread 4 ] DEBUG TilesetLoader        - Writing to buffer: dst=0,576, w=64,h=64, src=0,0
15:08:48.300 [FXGL Background Thread 4 ] DEBUG TilesetLoader        - Writing to buffer: dst=64,576, w=64,h=64, src=66,0
15:08:48.300 [FXGL Background Thread 4 ] DEBUG TilesetLoader        - Writing to buffer: dst=128,576, w=64,h=64, src=66,0
15:08:48.300 [FXGL Background Thread 4 ] DEBUG TilesetLoader        - Writing to buffer: dst=192,576, w=64,h=64, src=66,0
15:08:48.300 [FXGL Background Thread 4 ] DEBUG TilesetLoader        - Writing to buffer: dst=256,576, w=64,h=64, src=66,0
15:08:48.301 [FXGL Background Thread 4 ] DEBUG TilesetLoader        - Writing to buffer: dst=320,576, w=64,h=64, src=66,0
15:08:48.301 [FXGL Background Thread 4 ] DEBUG TilesetLoader        - Writing to buffer: dst=384,576, w=64,h=64, src=66,0
15:08:48.301 [FXGL Background Thread 4 ] DEBUG TilesetLoader        - Writing to buffer: dst=448,576, w=64,h=64, src=66,0
15:08:48.301 [FXGL Background Thread 4 ] DEBUG TilesetLoader        - Writing to buffer: dst=512,576, w=64,h=64, src=66,0
15:08:48.301 [FXGL Background Thread 4 ] DEBUG TilesetLoader        - Writing to buffer: dst=576,576, w=64,h=64, src=66,0
15:08:48.302 [FXGL Background Thread 4 ] DEBUG TilesetLoader        - Writing to buffer: dst=640,576, w=64,h=64, src=66,0
15:08:48.302 [FXGL Background Thread 4 ] DEBUG TilesetLoader        - Writing to buffer: dst=704,576, w=64,h=64, src=66,0
15:08:48.302 [FXGL Background Thread 4 ] DEBUG TilesetLoader        - Writing to buffer: dst=768,576, w=64,h=64, src=66,0
15:08:48.302 [FXGL Background Thread 4 ] DEBUG TilesetLoader        - Writing to buffer: dst=832,576, w=64,h=64, src=66,0
15:08:48.303 [FXGL Background Thread 4 ] DEBUG TilesetLoader        - Writing to buffer: dst=896,576, w=64,h=64, src=0,0
15:08:48.303 [FXGL Background Thread 4 ] DEBUG TilesetLoader        - Writing to buffer: dst=0,640, w=64,h=64, src=0,0
15:08:48.303 [FXGL Background Thread 4 ] DEBUG TilesetLoader        - Writing to buffer: dst=64,640, w=64,h=64, src=66,0
15:08:48.303 [FXGL Background Thread 4 ] DEBUG TilesetLoader        - Writing to buffer: dst=128,640, w=64,h=64, src=198,0
15:08:48.304 [FXGL Background Thread 4 ] DEBUG TilesetLoader        - Writing to buffer: dst=192,640, w=64,h=64, src=66,0
15:08:48.304 [FXGL Background Thread 4 ] DEBUG TilesetLoader        - Writing to buffer: dst=256,640, w=64,h=64, src=198,0
15:08:48.304 [FXGL Background Thread 4 ] DEBUG TilesetLoader        - Writing to buffer: dst=320,640, w=64,h=64, src=66,0
15:08:48.304 [FXGL Background Thread 4 ] DEBUG TilesetLoader        - Writing to buffer: dst=384,640, w=64,h=64, src=198,0
15:08:48.304 [FXGL Background Thread 4 ] DEBUG TilesetLoader        - Writing to buffer: dst=448,640, w=64,h=64, src=66,0
15:08:48.305 [FXGL Background Thread 4 ] DEBUG TilesetLoader        - Writing to buffer: dst=512,640, w=64,h=64, src=198,0
15:08:48.305 [FXGL Background Thread 4 ] DEBUG TilesetLoader        - Writing to buffer: dst=576,640, w=64,h=64, src=66,0
15:08:48.305 [FXGL Background Thread 4 ] DEBUG TilesetLoader        - Writing to buffer: dst=640,640, w=64,h=64, src=198,0
15:08:48.305 [FXGL Background Thread 4 ] DEBUG TilesetLoader        - Writing to buffer: dst=704,640, w=64,h=64, src=66,0
15:08:48.306 [FXGL Background Thread 4 ] DEBUG TilesetLoader        - Writing to buffer: dst=768,640, w=64,h=64, src=198,0
15:08:48.306 [FXGL Background Thread 4 ] DEBUG TilesetLoader        - Writing to buffer: dst=832,640, w=64,h=64, src=66,0
15:08:48.306 [FXGL Background Thread 4 ] DEBUG TilesetLoader        - Writing to buffer: dst=896,640, w=64,h=64, src=0,0
15:08:48.306 [FXGL Background Thread 4 ] DEBUG TilesetLoader        - Writing to buffer: dst=0,704, w=64,h=64, src=0,0
15:08:48.307 [FXGL Background Thread 4 ] DEBUG TilesetLoader        - Writing to buffer: dst=64,704, w=64,h=64, src=66,0
15:08:48.307 [FXGL Background Thread 4 ] DEBUG TilesetLoader        - Writing to buffer: dst=128,704, w=64,h=64, src=66,0
15:08:48.307 [FXGL Background Thread 4 ] DEBUG TilesetLoader        - Writing to buffer: dst=192,704, w=64,h=64, src=66,0
15:08:48.307 [FXGL Background Thread 4 ] DEBUG TilesetLoader        - Writing to buffer: dst=256,704, w=64,h=64, src=66,0
15:08:48.308 [FXGL Background Thread 4 ] DEBUG TilesetLoader        - Writing to buffer: dst=320,704, w=64,h=64, src=66,0
15:08:48.308 [FXGL Background Thread 4 ] DEBUG TilesetLoader        - Writing to buffer: dst=384,704, w=64,h=64, src=66,0
15:08:48.308 [FXGL Background Thread 4 ] DEBUG TilesetLoader        - Writing to buffer: dst=448,704, w=64,h=64, src=66,0
15:08:48.308 [FXGL Background Thread 4 ] DEBUG TilesetLoader        - Writing to buffer: dst=512,704, w=64,h=64, src=66,0
15:08:48.309 [FXGL Background Thread 4 ] DEBUG TilesetLoader        - Writing to buffer: dst=576,704, w=64,h=64, src=66,0
15:08:48.309 [FXGL Background Thread 4 ] DEBUG TilesetLoader        - Writing to buffer: dst=640,704, w=64,h=64, src=66,0
15:08:48.309 [FXGL Background Thread 4 ] DEBUG TilesetLoader        - Writing to buffer: dst=704,704, w=64,h=64, src=66,0
15:08:48.309 [FXGL Background Thread 4 ] DEBUG TilesetLoader        - Writing to buffer: dst=768,704, w=64,h=64, src=66,0
15:08:48.309 [FXGL Background Thread 4 ] DEBUG TilesetLoader        - Writing to buffer: dst=832,704, w=64,h=64, src=66,0
15:08:48.310 [FXGL Background Thread 4 ] DEBUG TilesetLoader        - Writing to buffer: dst=896,704, w=64,h=64, src=0,0
15:08:48.310 [FXGL Background Thread 4 ] DEBUG TilesetLoader        - Writing to buffer: dst=0,768, w=64,h=64, src=0,0
15:08:48.310 [FXGL Background Thread 4 ] DEBUG TilesetLoader        - Writing to buffer: dst=64,768, w=64,h=64, src=0,0
15:08:48.310 [FXGL Background Thread 4 ] DEBUG TilesetLoader        - Writing to buffer: dst=128,768, w=64,h=64, src=0,0
15:08:48.310 [FXGL Background Thread 4 ] DEBUG TilesetLoader        - Writing to buffer: dst=192,768, w=64,h=64, src=0,0
15:08:48.311 [FXGL Background Thread 4 ] DEBUG TilesetLoader        - Writing to buffer: dst=256,768, w=64,h=64, src=0,0
15:08:48.311 [FXGL Background Thread 4 ] DEBUG TilesetLoader        - Writing to buffer: dst=320,768, w=64,h=64, src=0,0
15:08:48.311 [FXGL Background Thread 4 ] DEBUG TilesetLoader        - Writing to buffer: dst=384,768, w=64,h=64, src=0,0
15:08:48.311 [FXGL Background Thread 4 ] DEBUG TilesetLoader        - Writing to buffer: dst=448,768, w=64,h=64, src=0,0
15:08:48.312 [FXGL Background Thread 4 ] DEBUG TilesetLoader        - Writing to buffer: dst=512,768, w=64,h=64, src=0,0
15:08:48.312 [FXGL Background Thread 4 ] DEBUG TilesetLoader        - Writing to buffer: dst=576,768, w=64,h=64, src=0,0
15:08:48.312 [FXGL Background Thread 4 ] DEBUG TilesetLoader        - Writing to buffer: dst=640,768, w=64,h=64, src=0,0
15:08:48.312 [FXGL Background Thread 4 ] DEBUG TilesetLoader        - Writing to buffer: dst=704,768, w=64,h=64, src=0,0
15:08:48.313 [FXGL Background Thread 4 ] DEBUG TilesetLoader        - Writing to buffer: dst=768,768, w=64,h=64, src=0,0
15:08:48.313 [FXGL Background Thread 4 ] DEBUG TilesetLoader        - Writing to buffer: dst=832,768, w=64,h=64, src=0,0
15:08:48.313 [FXGL Background Thread 4 ] DEBUG TilesetLoader        - Writing to buffer: dst=896,768, w=64,h=64, src=0,0
15:08:48.313 [FXGL Background Thread 4 ] DEBUG TMXLevelLoader       - Creating object layer entities
15:08:48.348 [FXGL Background Thread 4 ] DEBUG GameWorld            - Clearing removable entities
15:08:48.349 [FXGL Background Thread 4 ] DEBUG GameWorld            - Setting level: com.almasb.fxgl.entity.level.Level@1f0ebbc1
15:08:48.364 [FXGL Background Thread 4 ] DEBUG FXGLAssetLoaderServi - Loading from file system: file:/C:/Users/roan2/Documents/SE-Challengeweek/target/classes/assets/textures/player_1_move_down.png
15:08:48.370 [FXGL Background Thread 4 ] DEBUG FXGLAssetLoaderServi - Loading from file system: file:/C:/Users/roan2/Documents/SE-Challengeweek/target/classes/assets/music/BGM.wav
15:08:48.466 [JavaFX Application Thread] DEBUG FXGLApplication      - Registering font factories with UI factory
15:08:48.611 [FXGL Background Thread 2 ] INFO  UpdaterService       - Your current version:  11.14
15:08:48.612 [FXGL Background Thread 2 ] INFO  UpdaterService       - Latest stable version: 17.1
15:08:50.936 [FXGL Background Thread 4 ] DEBUG AudioPlayer          - Playing music com.almasb.fxgl.audio.Music@3071a875
15:08:50.937 [FXGL Background Thread 4 ] INFO  FXGLApplication      - Game initialization took: 2.741 sec
15:08:50.950 [JavaFX Application Thread] DEBUG Input                - Clearing active input actions
15:08:50.968 [JavaFX Application Thread] DEBUG GameApplicationServi - Removing overlay from FXGLLoadingScene and adding to GameScene
15:08:50.975 [JavaFX Application Thread] DEBUG PrimaryStageWindow   - FXGLLoadingScene -> GameScene
15:08:50.978 [JavaFX Application Thread] DEBUG FXGLAssetLoaderServi - Loading from file system: file:/C:/Users/roan2/Documents/SE-Challengeweek/target/classes/assets/textures/player_1_idle_down.png
15:08:51.060 [FXGL Background Thread 3 ] DEBUG Engine               - Logging environment variables
15:08:51.061 [FXGL Background Thread 3 ] DEBUG Engine               - achievements: []
15:08:51.061 [FXGL Background Thread 3 ] DEBUG Engine               - actualHeight: 700.0
15:08:51.061 [FXGL Background Thread 3 ] DEBUG Engine               - actualHeightProperty: ReadOnlyDoubleProperty [value: 700.0]
15:08:51.061 [FXGL Background Thread 3 ] DEBUG Engine               - actualWidth: 1050.0
15:08:51.062 [FXGL Background Thread 3 ] DEBUG Engine               - actualWidthProperty: ReadOnlyDoubleProperty [value: 1050.0]
15:08:51.062 [FXGL Background Thread 3 ] DEBUG Engine               - appIcon: fxgl_icon.png
15:08:51.062 [FXGL Background Thread 3 ] DEBUG Engine               - applicationMode: DEVELOPER
15:08:51.062 [FXGL Background Thread 3 ] DEBUG Engine               - cSSList: [fxgl_dark.css]
15:08:51.062 [FXGL Background Thread 3 ] DEBUG Engine               - collisionDetectionStrategy: BRUTE_FORCE
15:08:51.062 [FXGL Background Thread 3 ] DEBUG Engine               - configClass: Optional.empty
15:08:51.063 [FXGL Background Thread 3 ] DEBUG Engine               - credits: []
15:08:51.063 [FXGL Background Thread 3 ] DEBUG Engine               - devBBoxColorProperty: ObjectProperty [value: 0xff0000ff]
15:08:51.064 [FXGL Background Thread 3 ] DEBUG Engine               - devEnableDebugCameraProperty: BooleanProperty [value: false]
15:08:51.064 [FXGL Background Thread 3 ] DEBUG Engine               - devSensorColorProperty: ObjectProperty [value: 0xffff00ff]
15:08:51.064 [FXGL Background Thread 3 ] DEBUG Engine               - devShowBBoxProperty: BooleanProperty [value: false]
15:08:51.064 [FXGL Background Thread 3 ] DEBUG Engine               - devShowPositionProperty: BooleanProperty [value: false]
15:08:51.064 [FXGL Background Thread 3 ] DEBUG Engine               - enabledMenuItems: []
15:08:51.065 [FXGL Background Thread 3 ] DEBUG Engine               - engineServices: [class com.almasb.fxgl.app.services.FXGLAssetLoaderService, class com.almasb.fxgl.app.FXGLApplication$GameApplicationService, class com.almasb.fxgl.app.services.FXGLDialogService, class com.almasb.fxgl.app.services.IOTaskExecutorService, class com.almasb.fxgl.event.EventBusService, class com.almasb.fxgl.io.FileSystemService, class com.almasb.fxgl.localization.LocalizationService, class com.almasb.fxgl.app.services.SystemBundleService, class com.almasb.fxgl.profile.SaveLoadService, class com.almasb.fxgl.ui.FXGLUIFactoryServiceProvider, class com.almasb.fxgl.ui.FXGLDialogFactoryServiceProvider, class com.almasb.fxgl.audio.AudioPlayer, class com.almasb.fxgl.notification.impl.NotificationServiceProvider, class com.almasb.fxgl.achievement.AchievementService, class com.almasb.fxgl.cutscene.CutsceneService, class com.almasb.fxgl.minigames.MiniGameService, class com.almasb.fxgl.net.NetService, class com.almasb.fxgl.app.services.UpdaterService, class com.almasb.fxgl.dev.DevService]
15:08:51.065 [FXGL Background Thread 3 ] DEBUG Engine               - fontGame: Abel-Regular.ttf
15:08:51.065 [FXGL Background Thread 3 ] DEBUG Engine               - fontMono: lucida_console.ttf
15:08:51.065 [FXGL Background Thread 3 ] DEBUG Engine               - fontText: Courier-Prime.ttf
15:08:51.065 [FXGL Background Thread 3 ] DEBUG Engine               - fontUI: VarelaRound-Regular.ttf
15:08:51.065 [FXGL Background Thread 3 ] DEBUG Engine               - fullScreen: BooleanProperty [value: false]
15:08:51.066 [FXGL Background Thread 3 ] DEBUG Engine               - gameDifficulty: MEDIUM
15:08:51.066 [FXGL Background Thread 3 ] DEBUG Engine               - gameDifficultyProperty: ObjectProperty [value: MEDIUM]
15:08:51.066 [FXGL Background Thread 3 ] DEBUG Engine               - globalMusicVolume: 0.5
15:08:51.067 [FXGL Background Thread 3 ] DEBUG Engine               - globalMusicVolumeProperty: DoubleProperty [value: 0.5]
15:08:51.067 [FXGL Background Thread 3 ] DEBUG Engine               - globalSoundVolume: 0.5
15:08:51.067 [FXGL Background Thread 3 ] DEBUG Engine               - globalSoundVolumeProperty: DoubleProperty [value: 0.5]
15:08:51.067 [FXGL Background Thread 3 ] DEBUG Engine               - height: 700
15:08:51.067 [FXGL Background Thread 3 ] DEBUG Engine               - isAndroid: false
15:08:51.068 [FXGL Background Thread 3 ] DEBUG Engine               - isBrowser: false
15:08:51.068 [FXGL Background Thread 3 ] DEBUG Engine               - isClickFeedbackEnabled: false
15:08:51.068 [FXGL Background Thread 3 ] DEBUG Engine               - isCloseConfirmation: false
15:08:51.068 [FXGL Background Thread 3 ] DEBUG Engine               - isDesktop: true
15:08:51.068 [FXGL Background Thread 3 ] DEBUG Engine               - isDeveloperMenuEnabled: true
15:08:51.068 [FXGL Background Thread 3 ] DEBUG Engine               - isEntityPreloadEnabled: true
15:08:51.069 [FXGL Background Thread 3 ] DEBUG Engine               - isExperimental3D: false
15:08:51.069 [FXGL Background Thread 3 ] DEBUG Engine               - isExperimentalNative: false
15:08:51.069 [FXGL Background Thread 3 ] DEBUG Engine               - isExperimentalTiledLargeMap: false
15:08:51.069 [FXGL Background Thread 3 ] DEBUG Engine               - isFileSystemWriteAllowed: true
15:08:51.070 [FXGL Background Thread 3 ] DEBUG Engine               - isFullScreenAllowed: false
15:08:51.071 [FXGL Background Thread 3 ] DEBUG Engine               - isFullScreenFromStart: false
15:08:51.071 [FXGL Background Thread 3 ] DEBUG Engine               - isGameMenuEnabled: true
15:08:51.071 [FXGL Background Thread 3 ] DEBUG Engine               - isIOS: false
15:08:51.071 [FXGL Background Thread 3 ] DEBUG Engine               - isIntroEnabled: false
15:08:51.071 [FXGL Background Thread 3 ] DEBUG Engine               - isLinux: false
15:08:51.071 [FXGL Background Thread 3 ] DEBUG Engine               - isMac: false
15:08:51.072 [FXGL Background Thread 3 ] DEBUG Engine               - isMainMenuEnabled: false
15:08:51.072 [FXGL Background Thread 3 ] DEBUG Engine               - isManualResizeEnabled: false
15:08:51.072 [FXGL Background Thread 3 ] DEBUG Engine               - isMobile: false
15:08:51.072 [FXGL Background Thread 3 ] DEBUG Engine               - isPreserveResizeRatio: false
15:08:51.072 [FXGL Background Thread 3 ] DEBUG Engine               - isProfilingEnabled: false
15:08:51.072 [FXGL Background Thread 3 ] DEBUG Engine               - isScaleAffectedOnResize: true
15:08:51.073 [FXGL Background Thread 3 ] DEBUG Engine               - isSingleStep: false
15:08:51.073 [FXGL Background Thread 3 ] DEBUG Engine               - isUserProfileEnabled: false
15:08:51.073 [FXGL Background Thread 3 ] DEBUG Engine               - isWindows: true
15:08:51.074 [FXGL Background Thread 3 ] DEBUG Engine               - language: ObjectProperty [value: ENGLISH]
15:08:51.074 [FXGL Background Thread 3 ] DEBUG Engine               - menuKey: ESCAPE
15:08:51.074 [FXGL Background Thread 3 ] DEBUG Engine               - notificationViewClass: class com.almasb.fxgl.notification.view.XboxNotificationView
15:08:51.075 [FXGL Background Thread 3 ] DEBUG Engine               - pixelsPerMeter: 50.0
15:08:51.075 [FXGL Background Thread 3 ] DEBUG Engine               - platform: WINDOWS
15:08:51.075 [FXGL Background Thread 3 ] DEBUG Engine               - prefHeightProperty: ReadOnlyDoubleProperty [value: 700.0]
15:08:51.075 [FXGL Background Thread 3 ] DEBUG Engine               - prefWidthProperty: ReadOnlyDoubleProperty [value: 1050.0]
15:08:51.075 [FXGL Background Thread 3 ] DEBUG Engine               - profileDir: profiles/
15:08:51.076 [FXGL Background Thread 3 ] DEBUG Engine               - profileName: StringProperty [value: DEFAULT]
15:08:51.076 [FXGL Background Thread 3 ] DEBUG Engine               - randomSeed: -1
15:08:51.076 [FXGL Background Thread 3 ] DEBUG Engine               - runtimeInfo: RuntimeInfo(platform=WINDOWS, version=11.14, build=01.03.2021 16.59)
15:08:51.076 [FXGL Background Thread 3 ] DEBUG Engine               - saveFileExt: sav
15:08:51.076 [FXGL Background Thread 3 ] DEBUG Engine               - scaledHeightProp$fxgl: DoubleProperty [bound, value: 700.0]
15:08:51.076 [FXGL Background Thread 3 ] DEBUG Engine               - scaledWidthProp$fxgl: DoubleProperty [bound, value: 1050.0]
15:08:51.077 [FXGL Background Thread 3 ] DEBUG Engine               - sceneFactory: com.almasb.fxgl.app.scene.SceneFactory@4c519dce
15:08:51.077 [FXGL Background Thread 3 ] DEBUG Engine               - secondsIn24h: 60
15:08:51.077 [FXGL Background Thread 3 ] DEBUG Engine               - soundMenuBack: menu/back.wav
15:08:51.077 [FXGL Background Thread 3 ] DEBUG Engine               - soundMenuPress: menu/press.wav
15:08:51.077 [FXGL Background Thread 3 ] DEBUG Engine               - soundMenuSelect: menu/select.wav
15:08:51.078 [FXGL Background Thread 3 ] DEBUG Engine               - soundNotification: core/notification.wav
15:08:51.078 [FXGL Background Thread 3 ] DEBUG Engine               - stageStyle: DECORATED
15:08:51.078 [FXGL Background Thread 3 ] DEBUG Engine               - supportedLanguages: [ENGLISH, FRENCH, GERMAN, HUNGARIAN, RUSSIAN]
15:08:51.078 [FXGL Background Thread 3 ] DEBUG Engine               - ticksPerSecond: -1
15:08:51.078 [FXGL Background Thread 3 ] DEBUG Engine               - title: Untitled
15:08:51.078 [FXGL Background Thread 3 ] DEBUG Engine               - urlGithub: https://github.com/AlmasB/FXGL
15:08:51.079 [FXGL Background Thread 3 ] DEBUG Engine               - urlLeaderboard: http://fxgl-top.herokuapp.com/
15:08:51.079 [FXGL Background Thread 3 ] DEBUG Engine               - urlPOM: https://raw.githubusercontent.com/AlmasB/FXGL/release/README.md
15:08:51.079 [FXGL Background Thread 3 ] DEBUG Engine               - userAppClass: class Game
15:08:51.079 [FXGL Background Thread 3 ] DEBUG Engine               - version: 0.0
15:08:51.079 [FXGL Background Thread 3 ] DEBUG Engine               - versionCheckDays: 7
15:08:51.079 [FXGL Background Thread 3 ] DEBUG Engine               - width: 1050
15:08:51.080 [FXGL Background Thread 3 ] DEBUG Engine               - Logging services
15:08:51.080 [FXGL Background Thread 3 ] DEBUG Engine               - class com.almasb.fxgl.app.services.FXGLAssetLoaderService
15:08:51.080 [FXGL Background Thread 3 ] DEBUG Engine               - class com.almasb.fxgl.app.FXGLApplication$GameApplicationService
15:08:51.080 [FXGL Background Thread 3 ] DEBUG Engine               - class com.almasb.fxgl.app.services.FXGLDialogService
15:08:51.081 [FXGL Background Thread 3 ] DEBUG Engine               - class com.almasb.fxgl.app.services.IOTaskExecutorService
15:08:51.081 [FXGL Background Thread 3 ] DEBUG Engine               - class com.almasb.fxgl.event.EventBusService
15:08:51.081 [FXGL Background Thread 3 ] DEBUG Engine               - class com.almasb.fxgl.io.FileSystemService
15:08:51.081 [FXGL Background Thread 3 ] DEBUG Engine               - class com.almasb.fxgl.localization.LocalizationService
15:08:51.081 [FXGL Background Thread 3 ] DEBUG Engine               - class com.almasb.fxgl.app.services.SystemBundleService
15:08:51.081 [FXGL Background Thread 3 ] DEBUG Engine               - class com.almasb.fxgl.profile.SaveLoadService
15:08:51.082 [FXGL Background Thread 3 ] DEBUG Engine               - class com.almasb.fxgl.ui.FXGLUIFactoryServiceProvider
15:08:51.082 [FXGL Background Thread 3 ] DEBUG Engine               - class com.almasb.fxgl.ui.FXGLDialogFactoryServiceProvider
15:08:51.082 [FXGL Background Thread 3 ] DEBUG Engine               - class com.almasb.fxgl.audio.AudioPlayer
15:08:51.082 [FXGL Background Thread 3 ] DEBUG Engine               - class com.almasb.fxgl.notification.impl.NotificationServiceProvider
15:08:51.082 [FXGL Background Thread 3 ] DEBUG Engine               - class com.almasb.fxgl.achievement.AchievementService
15:08:51.082 [FXGL Background Thread 3 ] DEBUG Engine               - class com.almasb.fxgl.cutscene.CutsceneService
15:08:51.083 [FXGL Background Thread 3 ] DEBUG Engine               - class com.almasb.fxgl.minigames.MiniGameService
15:08:51.083 [FXGL Background Thread 3 ] DEBUG Engine               - class com.almasb.fxgl.net.NetService
15:08:51.084 [FXGL Background Thread 3 ] DEBUG Engine               - class com.almasb.fxgl.app.services.UpdaterService
15:08:51.084 [FXGL Background Thread 3 ] DEBUG Engine               - class com.almasb.fxgl.dev.DevService
15:08:57.120 [JavaFX Application Thread] DEBUG FXGLAssetLoaderServi - Loading from file system: file:/C:/Users/roan2/Documents/SE-Challengeweek/target/classes/assets/textures/player_1_move_right.png
15:08:57.280 [JavaFX Application Thread] DEBUG FXGLAssetLoaderServi - Loading from file system: file:/C:/Users/roan2/Documents/SE-Challengeweek/target/classes/assets/textures/player_1_idle_right.png
15:09:06.286 [JavaFX Application Thread] DEBUG FXGLAssetLoaderServi - Loading from file system: file:/C:/Users/roan2/Documents/SE-Challengeweek/target/classes/assets/textures/bomb-1.png
15:09:06.431 [JavaFX Application Thread] DEBUG FXGLAssetLoaderServi - Loading from file system: file:/C:/Users/roan2/Documents/SE-Challengeweek/target/classes/assets/textures/player_1_move_left.png
15:09:07.007 [JavaFX Application Thread] DEBUG FXGLAssetLoaderServi - Loading from file system: file:/C:/Users/roan2/Documents/SE-Challengeweek/target/classes/assets/textures/player_1_idle_left.png
15:09:10.817 [JavaFX Application Thread] DEBUG FXGLAssetLoaderServi - Loading from file system: file:/C:/Users/roan2/Documents/SE-Challengeweek/target/classes/assets/textures/bomb_explosion.png
15:09:10.819 [JavaFX Application Thread] DEBUG FXGLAssetLoaderServi - Loading from file system: file:/C:/Users/roan2/Documents/SE-Challengeweek/target/classes/assets/sounds/explode.wav
15:09:12.497 [JavaFX Application Thread] DEBUG FXGLAssetLoaderServi - Loading from file system: file:/C:/Users/roan2/Documents/SE-Challengeweek/target/classes/assets/textures/player_1_move_Up.png
15:09:12.736 [JavaFX Application Thread] DEBUG FXGLAssetLoaderServi - Loading from file system: file:/C:/Users/roan2/Documents/SE-Challengeweek/target/classes/assets/textures/player_1_idle_Up.png
15:09:55.878 [JavaFX Application Thread] DEBUG FXGLApplication      - Exiting FXGL
15:09:55.878 [JavaFX Application Thread] DEBUG LoopRunner           - Stopping loop
15:09:55.878 [JavaFX Application Thread] DEBUG SystemBundleService  - Saving FXGL system data
15:09:55.880 [JavaFX Application Thread] DEBUG FileSystemAccess     - Writing to: C:\Users\roan2\Documents\SE-Challengeweek\system\fxgl.bundle
15:09:55.881 [JavaFX Application Thread] DEBUG Async                - Shutting down background threads
15:09:55.882 [JavaFX Application Thread] DEBUG PrimaryStageWindow   - Closing main window
15:09:55.893 [JavaFX Application Thread] DEBUG Logger               - Closing Logger
