16:44:47.114 [main                     ] DEBUG Logger               - Configured Logger
16:44:47.149 [main                     ] DEBUG GameApplication      - Logging settings
Title: Bomberman SE
Version: 1.0
Width: 800
Height: 800
Fullscreen: false
Intro: false
Profiling: false
Single step:false
App Mode: DEVELOPER
Menu Key: ESCAPE
Stage Style: DECORATED
Scene Factory: class com.almasb.fxgl.app.scene.SceneFactory

16:44:48.138 [JavaFX Application Thread] DEBUG FXGLApplication      - Initializing FXGL
16:44:48.142 [JavaFX Application Thread] INFO  Engine               - FXGL-11.14 (01.03.2021 16.59) on WINDOWS (J:15.0.2 FX:15)
16:44:48.143 [JavaFX Application Thread] DEBUG Engine               - JRE Vendor Name: Amazon.com Inc.
16:44:48.143 [JavaFX Application Thread] DEBUG Engine               - Running on OS: Windows 10 version 10.0
16:44:48.144 [JavaFX Application Thread] DEBUG Engine               - Architecture: amd64
16:44:48.144 [JavaFX Application Thread] INFO  Engine               - Source code and latest versions at: https://github.com/AlmasB/FXGL
16:44:48.144 [JavaFX Application Thread] INFO  Engine               -              Join the FXGL chat at: https://gitter.im/AlmasB/FXGL
16:44:48.463 [JavaFX Application Thread] DEBUG PrimaryStageWindow   - Creating a JavaFX scene
16:44:48.593 [JavaFX Application Thread] DEBUG PrimaryStageWindow   - Target settings size: 800.0 x 800.0
16:44:48.594 [JavaFX Application Thread] DEBUG PrimaryStageWindow   - Scaled scene size:    800.0 x 800.0
16:44:48.594 [JavaFX Application Thread] DEBUG PrimaryStageWindow   - Scaled ratio: (1.0, 1.0)
16:44:48.597 [JavaFX Application Thread] DEBUG PrimaryStageWindow   - Set initial scene to FXGLStartupScene
16:44:48.617 [JavaFX Application Thread] DEBUG PrimaryStageWindow   - Opening main window
16:44:48.778 [JavaFX Application Thread] DEBUG PrimaryStageWindow   - Window border size: (16.0, 39.0)
16:44:48.778 [JavaFX Application Thread] DEBUG PrimaryStageWindow   - Scaled size: 800.0 x 800.0
16:44:48.779 [JavaFX Application Thread] DEBUG PrimaryStageWindow   - Scaled ratio: (1.0, 1.0)
16:44:48.779 [JavaFX Application Thread] DEBUG PrimaryStageWindow   - Scene size: 800.0 x 800.0
16:44:48.780 [JavaFX Application Thread] DEBUG PrimaryStageWindow   - Stage size: 816.0 x 839.0
16:44:48.804 [FXGL Background Thread 1 ] DEBUG Engine               - Initializing environment variables
16:44:48.918 [FXGL Background Thread 1 ] DEBUG FXGLAssetLoaderServi - User app class for loading assets: class Game
16:44:48.919 [FXGL Background Thread 1 ] DEBUG GameApplicationServi - Applying CSS: fxgl_dark.css
16:44:48.922 [FXGL Background Thread 1 ] DEBUG FXGLAssetLoaderServi - Loading from file system: jar:file:/C:/Users/0705s/.m2/repository/com/github/almasb/fxgl/11.14/fxgl-11.14.jar!/fxglassets/ui/css/fxgl_dark.css
16:44:49.033 [FXGL Background Thread 1 ] DEBUG GameApplicationServi - Initializing application scenes
16:44:49.111 [FXGL Background Thread 1 ] DEBUG GameWorld            - Game world initialized
16:44:49.237 [FXGL Background Thread 1 ] DEBUG PhysicsWorld         - Physics world initialized: appHeight=800, physics.ppm=50,0
16:44:49.238 [FXGL Background Thread 1 ] DEBUG PhysicsWorld         - Using strategy: BRUTE_FORCE
16:44:49.243 [FXGL Background Thread 1 ] DEBUG GameScene            - Game scene initialized: 800x800
16:44:49.303 [FXGL Background Thread 1 ] DEBUG FXGLAssetLoaderServi - Loading from file system: jar:file:/C:/Users/0705s/.m2/repository/com/github/almasb/fxgl/11.14/fxgl-11.14.jar!/fxglassets/textures/particles/trace_horizontal.png
16:44:49.391 [FXGL Background Thread 1 ] DEBUG FXGL.DefaultMenu     - createMenuBodyGameMenu()
16:44:49.412 [FXGL Background Thread 1 ] DEBUG FXGL.DefaultMenu     - createOptionsMenu()
16:44:49.420 [FXGL Background Thread 1 ] DEBUG FXGLAssetLoaderServi - Loading from file system: jar:file:/C:/Users/0705s/.m2/repository/com/github/almasb/fxgl/11.14/fxgl-11.14.jar!/fxglassets/textures/particles/smoke.png
16:44:49.526 [FXGL Background Thread 1 ] DEBUG GameApplicationServi - Application scenes initialized
16:44:49.548 [FXGL Background Thread 1 ] DEBUG SystemBundleService  - Loading FXGL system data
16:44:49.555 [FXGL Background Thread 1 ] DEBUG FileSystemAccess     - Reading from: C:\Users\0705s\OneDrive - Hogeschool Leiden\IOOA\SE-Bomberman\system\fxgl.bundle
16:44:49.565 [FXGL Background Thread 1 ] DEBUG SystemBundleService  - Bundle FXGL: {}
16:44:49.565 [FXGL Background Thread 1 ] DEBUG UpdaterService       - Checking for updates
16:44:49.573 [FXGL Background Thread 4 ] DEBUG FXGLApplication      - Loading fonts
16:44:49.575 [FXGL Background Thread 1 ] DEBUG FXGLApplication      - Loading default localization
16:44:49.575 [FXGL Background Thread 4 ] DEBUG FXGLAssetLoaderServi - Loading from file system: jar:file:/C:/Users/0705s/.m2/repository/com/github/almasb/fxgl/11.14/fxgl-11.14.jar!/fxglassets/ui/fonts/VarelaRound-Regular.ttf
16:44:49.577 [FXGL Background Thread 1 ] DEBUG FXGLAssetLoaderServi - Loading from file system: jar:file:/C:/Users/0705s/.m2/repository/com/github/almasb/fxgl/11.14/fxgl-11.14.jar!/fxglassets/languages/english.lang
16:44:49.617 [FXGL Background Thread 1 ] INFO  FXGLApplication      - FXGL initialization took: 0,813 sec
16:44:49.644 [JavaFX Application Thread] DEBUG Input                - Registered new binding: action0 - D
16:44:49.645 [JavaFX Application Thread] DEBUG Input                - Registered new binding: action1 - A
16:44:49.646 [JavaFX Application Thread] DEBUG Input                - Registered new binding: action2 - W
16:44:49.648 [JavaFX Application Thread] DEBUG Input                - Registered new binding: action3 - S
16:44:49.649 [JavaFX Application Thread] DEBUG FXGLAssetLoaderServi - Loading from file system: jar:file:/C:/Users/0705s/.m2/repository/com/github/almasb/fxgl/11.14/fxgl-11.14.jar!/fxglassets/textures/fxgl_icon.png
16:44:49.690 [JavaFX Application Thread] DEBUG FXGLAssetLoaderServi - Loading from file system: jar:file:/C:/Users/0705s/.m2/repository/com/github/almasb/fxgl/11.14/fxgl-11.14.jar!/fxglassets/ui/cursors/fxgl_default.png
16:44:49.693 [JavaFX Application Thread] DEBUG Input                - Registered new binding: Screenshot - P
16:44:49.695 [JavaFX Application Thread] DEBUG Input                - Registered new binding: System info dump - CTRL+9
16:44:49.697 [JavaFX Application Thread] DEBUG Input                - Registered new binding: Restart - CTRL+R
16:44:49.699 [JavaFX Application Thread] DEBUG Input                - Registered new binding: Toggle Debug Camera - CTRL+C
16:44:49.705 [JavaFX Application Thread] DEBUG LoopRunner           - Starting loop
16:44:49.705 [JavaFX Application Thread] DEBUG LoopRunner           - Initializing JavaFX AnimationTimerLoop
16:44:49.709 [JavaFX Application Thread] DEBUG GameApplicationServi - Starting new game
16:44:49.711 [JavaFX Application Thread] DEBUG Input                - Clearing active input actions
16:44:49.714 [FXGL Background Thread 4 ] DEBUG FXGLAssetLoaderServi - Loading from file system: jar:file:/C:/Users/0705s/.m2/repository/com/github/almasb/fxgl/11.14/fxgl-11.14.jar!/fxglassets/ui/fonts/Abel-Regular.ttf
16:44:49.723 [FXGL Background Thread 4 ] DEBUG FXGLAssetLoaderServi - Loading from file system: jar:file:/C:/Users/0705s/.m2/repository/com/github/almasb/fxgl/11.14/fxgl-11.14.jar!/fxglassets/ui/fonts/lucida_console.ttf
16:44:49.733 [FXGL Background Thread 4 ] DEBUG FXGLAssetLoaderServi - Loading from file system: jar:file:/C:/Users/0705s/.m2/repository/com/github/almasb/fxgl/11.14/fxgl-11.14.jar!/fxglassets/ui/fonts/Courier-Prime.ttf
16:44:49.745 [JavaFX Application Thread] DEBUG GameApplicationServi - Removing overlay from FXGLStartupScene and adding to FXGLLoadingScene
16:44:49.746 [JavaFX Application Thread] DEBUG PrimaryStageWindow   - FXGLStartupScene -> FXGLLoadingScene
16:44:49.747 [JavaFX Application Thread] DEBUG GameApplicationServi - Clearing previous game
16:44:49.748 [JavaFX Application Thread] DEBUG GameScene            - Clearing game scene
16:44:49.748 [JavaFX Application Thread] DEBUG GameWorld            - Clearing game world
16:44:49.749 [JavaFX Application Thread] DEBUG PhysicsWorld         - Clearing physics world
16:44:49.753 [FXGL Background Thread 4 ] DEBUG FXGLApplication      - Initializing game
16:44:49.758 [FXGL Background Thread 4 ] DEBUG FXGLAssetLoaderServi - Loading from file system: file:/C:/Users/0705s/OneDrive%20-%20Hogeschool%20Leiden/IOOA/SE-Bomberman/target/classes/assets/textures/sprite.png
16:44:49.853 [JavaFX Application Thread] DEBUG FXGLApplication      - Registering font factories with UI factory
16:44:50.061 [FXGL Background Thread 4 ] INFO  FXGLApplication      - Game initialization took: 0,307 sec
16:44:50.065 [JavaFX Application Thread] DEBUG Input                - Clearing active input actions
16:44:50.096 [JavaFX Application Thread] DEBUG GameApplicationServi - Removing overlay from FXGLLoadingScene and adding to GameScene
16:44:50.097 [JavaFX Application Thread] DEBUG PrimaryStageWindow   - FXGLLoadingScene -> GameScene
16:44:50.459 [FXGL Background Thread 2 ] INFO  UpdaterService       - Your current version:  11.14
16:44:50.460 [FXGL Background Thread 2 ] INFO  UpdaterService       - Latest stable version: 17.1
16:44:52.572 [FXGL Background Thread 3 ] DEBUG Engine               - Logging environment variables
16:44:52.572 [FXGL Background Thread 3 ] DEBUG Engine               - achievements: []
16:44:52.573 [FXGL Background Thread 3 ] DEBUG Engine               - actualHeight: 800.0
16:44:52.573 [FXGL Background Thread 3 ] DEBUG Engine               - actualHeightProperty: ReadOnlyDoubleProperty [value: 800.0]
16:44:52.573 [FXGL Background Thread 3 ] DEBUG Engine               - actualWidth: 800.0
16:44:52.574 [FXGL Background Thread 3 ] DEBUG Engine               - actualWidthProperty: ReadOnlyDoubleProperty [value: 800.0]
16:44:52.574 [FXGL Background Thread 3 ] DEBUG Engine               - appIcon: fxgl_icon.png
16:44:52.574 [FXGL Background Thread 3 ] DEBUG Engine               - applicationMode: DEVELOPER
16:44:52.575 [FXGL Background Thread 3 ] DEBUG Engine               - cSSList: [fxgl_dark.css]
16:44:52.575 [FXGL Background Thread 3 ] DEBUG Engine               - collisionDetectionStrategy: BRUTE_FORCE
16:44:52.575 [FXGL Background Thread 3 ] DEBUG Engine               - configClass: Optional.empty
16:44:52.575 [FXGL Background Thread 3 ] DEBUG Engine               - credits: []
16:44:52.576 [FXGL Background Thread 3 ] DEBUG Engine               - devBBoxColorProperty: ObjectProperty [value: 0xff0000ff]
16:44:52.577 [FXGL Background Thread 3 ] DEBUG Engine               - devEnableDebugCameraProperty: BooleanProperty [value: false]
16:44:52.577 [FXGL Background Thread 3 ] DEBUG Engine               - devSensorColorProperty: ObjectProperty [value: 0xffff00ff]
16:44:52.578 [FXGL Background Thread 3 ] DEBUG Engine               - devShowBBoxProperty: BooleanProperty [value: false]
16:44:52.578 [FXGL Background Thread 3 ] DEBUG Engine               - devShowPositionProperty: BooleanProperty [value: false]
16:44:52.579 [FXGL Background Thread 3 ] DEBUG Engine               - enabledMenuItems: []
16:44:52.579 [FXGL Background Thread 3 ] DEBUG Engine               - engineServices: [class com.almasb.fxgl.app.services.FXGLAssetLoaderService, class com.almasb.fxgl.app.FXGLApplication$GameApplicationService, class com.almasb.fxgl.app.services.FXGLDialogService, class com.almasb.fxgl.app.services.IOTaskExecutorService, class com.almasb.fxgl.event.EventBusService, class com.almasb.fxgl.io.FileSystemService, class com.almasb.fxgl.localization.LocalizationService, class com.almasb.fxgl.app.services.SystemBundleService, class com.almasb.fxgl.profile.SaveLoadService, class com.almasb.fxgl.ui.FXGLUIFactoryServiceProvider, class com.almasb.fxgl.ui.FXGLDialogFactoryServiceProvider, class com.almasb.fxgl.audio.AudioPlayer, class com.almasb.fxgl.notification.impl.NotificationServiceProvider, class com.almasb.fxgl.achievement.AchievementService, class com.almasb.fxgl.cutscene.CutsceneService, class com.almasb.fxgl.minigames.MiniGameService, class com.almasb.fxgl.net.NetService, class com.almasb.fxgl.app.services.UpdaterService, class com.almasb.fxgl.dev.DevService]
16:44:52.580 [FXGL Background Thread 3 ] DEBUG Engine               - fontGame: Abel-Regular.ttf
16:44:52.580 [FXGL Background Thread 3 ] DEBUG Engine               - fontMono: lucida_console.ttf
16:44:52.581 [FXGL Background Thread 3 ] DEBUG Engine               - fontText: Courier-Prime.ttf
16:44:52.581 [FXGL Background Thread 3 ] DEBUG Engine               - fontUI: VarelaRound-Regular.ttf
16:44:52.581 [FXGL Background Thread 3 ] DEBUG Engine               - fullScreen: BooleanProperty [value: false]
16:44:52.582 [FXGL Background Thread 3 ] DEBUG Engine               - gameDifficulty: MEDIUM
16:44:52.582 [FXGL Background Thread 3 ] DEBUG Engine               - gameDifficultyProperty: ObjectProperty [value: MEDIUM]
16:44:52.582 [FXGL Background Thread 3 ] DEBUG Engine               - globalMusicVolume: 0.5
16:44:52.583 [FXGL Background Thread 3 ] DEBUG Engine               - globalMusicVolumeProperty: DoubleProperty [value: 0.5]
16:44:52.584 [FXGL Background Thread 3 ] DEBUG Engine               - globalSoundVolume: 0.5
16:44:52.584 [FXGL Background Thread 3 ] DEBUG Engine               - globalSoundVolumeProperty: DoubleProperty [value: 0.5]
16:44:52.585 [FXGL Background Thread 3 ] DEBUG Engine               - height: 800
16:44:52.585 [FXGL Background Thread 3 ] DEBUG Engine               - isAndroid: false
16:44:52.586 [FXGL Background Thread 3 ] DEBUG Engine               - isBrowser: false
16:44:52.586 [FXGL Background Thread 3 ] DEBUG Engine               - isClickFeedbackEnabled: false
16:44:52.586 [FXGL Background Thread 3 ] DEBUG Engine               - isCloseConfirmation: false
16:44:52.587 [FXGL Background Thread 3 ] DEBUG Engine               - isDesktop: true
16:44:52.587 [FXGL Background Thread 3 ] DEBUG Engine               - isDeveloperMenuEnabled: false
16:44:52.587 [FXGL Background Thread 3 ] DEBUG Engine               - isEntityPreloadEnabled: true
16:44:52.588 [FXGL Background Thread 3 ] DEBUG Engine               - isExperimental3D: false
16:44:52.588 [FXGL Background Thread 3 ] DEBUG Engine               - isExperimentalNative: false
16:44:52.588 [FXGL Background Thread 3 ] DEBUG Engine               - isExperimentalTiledLargeMap: false
16:44:52.589 [FXGL Background Thread 3 ] DEBUG Engine               - isFileSystemWriteAllowed: true
16:44:52.589 [FXGL Background Thread 3 ] DEBUG Engine               - isFullScreenAllowed: false
16:44:52.590 [FXGL Background Thread 3 ] DEBUG Engine               - isFullScreenFromStart: false
16:44:52.590 [FXGL Background Thread 3 ] DEBUG Engine               - isGameMenuEnabled: true
16:44:52.591 [FXGL Background Thread 3 ] DEBUG Engine               - isIOS: false
16:44:52.592 [FXGL Background Thread 3 ] DEBUG Engine               - isIntroEnabled: false
16:44:52.592 [FXGL Background Thread 3 ] DEBUG Engine               - isLinux: false
16:44:52.592 [FXGL Background Thread 3 ] DEBUG Engine               - isMac: false
16:44:52.593 [FXGL Background Thread 3 ] DEBUG Engine               - isMainMenuEnabled: false
16:44:52.593 [FXGL Background Thread 3 ] DEBUG Engine               - isManualResizeEnabled: false
16:44:52.594 [FXGL Background Thread 3 ] DEBUG Engine               - isMobile: false
16:44:52.594 [FXGL Background Thread 3 ] DEBUG Engine               - isPreserveResizeRatio: false
16:44:52.595 [FXGL Background Thread 3 ] DEBUG Engine               - isProfilingEnabled: false
16:44:52.595 [FXGL Background Thread 3 ] DEBUG Engine               - isScaleAffectedOnResize: true
16:44:52.595 [FXGL Background Thread 3 ] DEBUG Engine               - isSingleStep: false
16:44:52.596 [FXGL Background Thread 3 ] DEBUG Engine               - isUserProfileEnabled: false
16:44:52.596 [FXGL Background Thread 3 ] DEBUG Engine               - isWindows: true
16:44:52.597 [FXGL Background Thread 3 ] DEBUG Engine               - language: ObjectProperty [value: ENGLISH]
16:44:52.597 [FXGL Background Thread 3 ] DEBUG Engine               - menuKey: ESCAPE
16:44:52.598 [FXGL Background Thread 3 ] DEBUG Engine               - notificationViewClass: class com.almasb.fxgl.notification.view.XboxNotificationView
16:44:52.598 [FXGL Background Thread 3 ] DEBUG Engine               - pixelsPerMeter: 50.0
16:44:52.598 [FXGL Background Thread 3 ] DEBUG Engine               - platform: WINDOWS
16:44:52.599 [FXGL Background Thread 3 ] DEBUG Engine               - prefHeightProperty: ReadOnlyDoubleProperty [value: 800.0]
16:44:52.599 [FXGL Background Thread 3 ] DEBUG Engine               - prefWidthProperty: ReadOnlyDoubleProperty [value: 800.0]
16:44:52.599 [FXGL Background Thread 3 ] DEBUG Engine               - profileDir: profiles/
16:44:52.600 [FXGL Background Thread 3 ] DEBUG Engine               - profileName: StringProperty [value: DEFAULT]
16:44:52.600 [FXGL Background Thread 3 ] DEBUG Engine               - randomSeed: -1
16:44:52.600 [FXGL Background Thread 3 ] DEBUG Engine               - runtimeInfo: RuntimeInfo(platform=WINDOWS, version=11.14, build=01.03.2021 16.59)
16:44:52.601 [FXGL Background Thread 3 ] DEBUG Engine               - saveFileExt: sav
16:44:52.601 [FXGL Background Thread 3 ] DEBUG Engine               - scaledHeightProp$fxgl: DoubleProperty [bound, value: 800.0]
16:44:52.601 [FXGL Background Thread 3 ] DEBUG Engine               - scaledWidthProp$fxgl: DoubleProperty [bound, value: 800.0]
16:44:52.602 [FXGL Background Thread 3 ] DEBUG Engine               - sceneFactory: com.almasb.fxgl.app.scene.SceneFactory@6327b54d
16:44:52.602 [FXGL Background Thread 3 ] DEBUG Engine               - secondsIn24h: 60
16:44:52.602 [FXGL Background Thread 3 ] DEBUG Engine               - soundMenuBack: menu/back.wav
16:44:52.603 [FXGL Background Thread 3 ] DEBUG Engine               - soundMenuPress: menu/press.wav
16:44:52.603 [FXGL Background Thread 3 ] DEBUG Engine               - soundMenuSelect: menu/select.wav
16:44:52.603 [FXGL Background Thread 3 ] DEBUG Engine               - soundNotification: core/notification.wav
16:44:52.603 [FXGL Background Thread 3 ] DEBUG Engine               - stageStyle: DECORATED
16:44:52.604 [FXGL Background Thread 3 ] DEBUG Engine               - supportedLanguages: [ENGLISH, FRENCH, GERMAN, HUNGARIAN, RUSSIAN]
16:44:52.604 [FXGL Background Thread 3 ] DEBUG Engine               - ticksPerSecond: -1
16:44:52.604 [FXGL Background Thread 3 ] DEBUG Engine               - title: Bomberman SE
16:44:52.604 [FXGL Background Thread 3 ] DEBUG Engine               - urlGithub: https://github.com/AlmasB/FXGL
16:44:52.605 [FXGL Background Thread 3 ] DEBUG Engine               - urlLeaderboard: http://fxgl-top.herokuapp.com/
16:44:52.605 [FXGL Background Thread 3 ] DEBUG Engine               - urlPOM: https://raw.githubusercontent.com/AlmasB/FXGL/release/README.md
16:44:52.605 [FXGL Background Thread 3 ] DEBUG Engine               - userAppClass: class Game
16:44:52.606 [FXGL Background Thread 3 ] DEBUG Engine               - version: 1.0
16:44:52.606 [FXGL Background Thread 3 ] DEBUG Engine               - versionCheckDays: 7
16:44:52.606 [FXGL Background Thread 3 ] DEBUG Engine               - width: 800
16:44:52.606 [FXGL Background Thread 3 ] DEBUG Engine               - Logging services
16:44:52.607 [FXGL Background Thread 3 ] DEBUG Engine               - class com.almasb.fxgl.app.services.FXGLAssetLoaderService
16:44:52.607 [FXGL Background Thread 3 ] DEBUG Engine               - class com.almasb.fxgl.app.FXGLApplication$GameApplicationService
16:44:52.608 [FXGL Background Thread 3 ] DEBUG Engine               - class com.almasb.fxgl.app.services.FXGLDialogService
16:44:52.608 [FXGL Background Thread 3 ] DEBUG Engine               - class com.almasb.fxgl.app.services.IOTaskExecutorService
16:44:52.608 [FXGL Background Thread 3 ] DEBUG Engine               - class com.almasb.fxgl.event.EventBusService
16:44:52.608 [FXGL Background Thread 3 ] DEBUG Engine               - class com.almasb.fxgl.io.FileSystemService
16:44:52.609 [FXGL Background Thread 3 ] DEBUG Engine               - class com.almasb.fxgl.localization.LocalizationService
16:44:52.609 [FXGL Background Thread 3 ] DEBUG Engine               - class com.almasb.fxgl.app.services.SystemBundleService
16:44:52.609 [FXGL Background Thread 3 ] DEBUG Engine               - class com.almasb.fxgl.profile.SaveLoadService
16:44:52.609 [FXGL Background Thread 3 ] DEBUG Engine               - class com.almasb.fxgl.ui.FXGLUIFactoryServiceProvider
16:44:52.610 [FXGL Background Thread 3 ] DEBUG Engine               - class com.almasb.fxgl.ui.FXGLDialogFactoryServiceProvider
16:44:52.610 [FXGL Background Thread 3 ] DEBUG Engine               - class com.almasb.fxgl.audio.AudioPlayer
16:44:52.610 [FXGL Background Thread 3 ] DEBUG Engine               - class com.almasb.fxgl.notification.impl.NotificationServiceProvider
16:44:52.610 [FXGL Background Thread 3 ] DEBUG Engine               - class com.almasb.fxgl.achievement.AchievementService
16:44:52.610 [FXGL Background Thread 3 ] DEBUG Engine               - class com.almasb.fxgl.cutscene.CutsceneService
16:44:52.611 [FXGL Background Thread 3 ] DEBUG Engine               - class com.almasb.fxgl.minigames.MiniGameService
16:44:52.611 [FXGL Background Thread 3 ] DEBUG Engine               - class com.almasb.fxgl.net.NetService
16:44:52.612 [FXGL Background Thread 3 ] DEBUG Engine               - class com.almasb.fxgl.app.services.UpdaterService
16:44:52.612 [FXGL Background Thread 3 ] DEBUG Engine               - class com.almasb.fxgl.dev.DevService
16:45:09.382 [JavaFX Application Thread] DEBUG FXGLApplication      - Exiting FXGL
16:45:09.383 [JavaFX Application Thread] DEBUG LoopRunner           - Stopping loop
16:45:09.384 [JavaFX Application Thread] DEBUG SystemBundleService  - Saving FXGL system data
16:45:09.390 [JavaFX Application Thread] DEBUG FileSystemAccess     - Writing to: C:\Users\0705s\OneDrive - Hogeschool Leiden\IOOA\SE-Bomberman\system\fxgl.bundle
16:45:09.393 [JavaFX Application Thread] DEBUG Async                - Shutting down background threads
16:45:09.394 [JavaFX Application Thread] DEBUG PrimaryStageWindow   - Closing main window
16:45:09.415 [JavaFX Application Thread] DEBUG Logger               - Closing Logger
