15:37:07.456 [main                     ] DEBUG Logger               - Configured Logger
15:37:07.472 [main                     ] DEBUG GameApplication      - Logging settings
Title: Bomberman SE
Version: 1.0
Width: 960
Height: 832
Fullscreen: false
Intro: false
Profiling: false
Single step:false
App Mode: DEVELOPER
Menu Key: ESCAPE
Stage Style: DECORATED
Scene Factory: class com.almasb.fxgl.app.scene.SceneFactory

15:37:07.887 [JavaFX Application Thread] DEBUG FXGLApplication      - Initializing FXGL
15:37:07.890 [JavaFX Application Thread] INFO  Engine               - FXGL-11.14 (01.03.2021 16.59) on WINDOWS (J:15.0.2 FX:15)
15:37:07.890 [JavaFX Application Thread] DEBUG Engine               - JRE Vendor Name: Amazon.com Inc.
15:37:07.890 [JavaFX Application Thread] DEBUG Engine               - Running on OS: Windows 10 version 10.0
15:37:07.891 [JavaFX Application Thread] DEBUG Engine               - Architecture: amd64
15:37:07.891 [JavaFX Application Thread] INFO  Engine               - Source code and latest versions at: https://github.com/AlmasB/FXGL
15:37:07.891 [JavaFX Application Thread] INFO  Engine               -              Join the FXGL chat at: https://gitter.im/AlmasB/FXGL
15:37:08.039 [JavaFX Application Thread] DEBUG PrimaryStageWindow   - Creating a JavaFX scene
15:37:08.039 [JavaFX Application Thread] DEBUG PrimaryStageWindow   - Target size > screen size
15:37:08.106 [JavaFX Application Thread] DEBUG PrimaryStageWindow   - Target settings size: 960.0 x 832.0
15:37:08.107 [JavaFX Application Thread] DEBUG PrimaryStageWindow   - Scaled scene size:    925.0 x 823.0
15:37:08.107 [JavaFX Application Thread] DEBUG PrimaryStageWindow   - Scaled ratio: (0.9635416666666666, 0.9891826923076923)
15:37:08.108 [JavaFX Application Thread] DEBUG PrimaryStageWindow   - Set initial scene to FXGLStartupScene
15:37:08.116 [JavaFX Application Thread] DEBUG PrimaryStageWindow   - Opening main window
15:37:08.226 [JavaFX Application Thread] DEBUG PrimaryStageWindow   - Window border size: (15.0, 37.79998779296875)
15:37:08.226 [JavaFX Application Thread] DEBUG PrimaryStageWindow   - Scaled size: 925.0 x 823.0
15:37:08.226 [JavaFX Application Thread] DEBUG PrimaryStageWindow   - Scaled ratio: (0.9635416666666666, 0.9891826923076923)
15:37:08.227 [JavaFX Application Thread] DEBUG PrimaryStageWindow   - Scene size: 925.0 x 823.0
15:37:08.227 [JavaFX Application Thread] DEBUG PrimaryStageWindow   - Stage size: 940.0 x 860.7999877929688
15:37:08.239 [FXGL Background Thread 1 ] DEBUG Engine               - Initializing environment variables
15:37:08.286 [FXGL Background Thread 1 ] DEBUG FXGLAssetLoaderServi - User app class for loading assets: class Game
15:37:08.287 [FXGL Background Thread 1 ] DEBUG GameApplicationServi - Applying CSS: fxgl_dark.css
15:37:08.288 [FXGL Background Thread 1 ] DEBUG FXGLAssetLoaderServi - Loading from file system: jar:file:/C:/Users/diewe/.m2/repository/com/github/almasb/fxgl/11.14/fxgl-11.14.jar!/fxglassets/ui/css/fxgl_dark.css
15:37:08.347 [FXGL Background Thread 1 ] DEBUG GameApplicationServi - Initializing application scenes
15:37:08.391 [FXGL Background Thread 1 ] DEBUG GameWorld            - Game world initialized
15:37:08.451 [FXGL Background Thread 1 ] DEBUG PhysicsWorld         - Physics world initialized: appHeight=832, physics.ppm=50,0
15:37:08.451 [FXGL Background Thread 1 ] DEBUG PhysicsWorld         - Using strategy: BRUTE_FORCE
15:37:08.454 [FXGL Background Thread 1 ] DEBUG GameScene            - Game scene initialized: 960x832
15:37:08.489 [FXGL Background Thread 1 ] DEBUG FXGLAssetLoaderServi - Loading from file system: jar:file:/C:/Users/diewe/.m2/repository/com/github/almasb/fxgl/11.14/fxgl-11.14.jar!/fxglassets/textures/particles/trace_horizontal.png
15:37:08.537 [FXGL Background Thread 1 ] DEBUG FXGL.DefaultMenu     - createMenuBodyGameMenu()
15:37:08.552 [FXGL Background Thread 1 ] DEBUG FXGL.DefaultMenu     - createOptionsMenu()
15:37:08.558 [FXGL Background Thread 1 ] DEBUG FXGLAssetLoaderServi - Loading from file system: jar:file:/C:/Users/diewe/.m2/repository/com/github/almasb/fxgl/11.14/fxgl-11.14.jar!/fxglassets/textures/particles/smoke.png
15:37:08.617 [FXGL Background Thread 1 ] DEBUG GameApplicationServi - Application scenes initialized
15:37:08.627 [FXGL Background Thread 1 ] DEBUG SystemBundleService  - Loading FXGL system data
15:37:08.630 [FXGL Background Thread 1 ] DEBUG FileSystemAccess     - Reading from: C:\Users\diewe\OneDrive\Documenten\GitHub\SE-Challengeweek\system\fxgl.bundle
15:37:08.636 [FXGL Background Thread 1 ] DEBUG SystemBundleService  - Bundle FXGL: {}
15:37:08.636 [FXGL Background Thread 1 ] DEBUG UpdaterService       - Checking for updates
15:37:08.640 [FXGL Background Thread 4 ] DEBUG FXGLApplication      - Loading fonts
15:37:08.641 [FXGL Background Thread 1 ] DEBUG FXGLApplication      - Loading default localization
15:37:08.641 [FXGL Background Thread 4 ] DEBUG FXGLAssetLoaderServi - Loading from file system: jar:file:/C:/Users/diewe/.m2/repository/com/github/almasb/fxgl/11.14/fxgl-11.14.jar!/fxglassets/ui/fonts/VarelaRound-Regular.ttf
15:37:08.642 [FXGL Background Thread 1 ] DEBUG FXGLAssetLoaderServi - Loading from file system: jar:file:/C:/Users/diewe/.m2/repository/com/github/almasb/fxgl/11.14/fxgl-11.14.jar!/fxglassets/languages/english.lang
15:37:08.660 [FXGL Background Thread 1 ] INFO  FXGLApplication      - FXGL initialization took: 0,421 sec
15:37:08.671 [JavaFX Application Thread] DEBUG Input                - Registered new binding: action0 - W
15:37:08.672 [JavaFX Application Thread] DEBUG Input                - Registered new binding: action1 - S
15:37:08.672 [JavaFX Application Thread] DEBUG Input                - Registered new binding: action2 - A
15:37:08.673 [JavaFX Application Thread] DEBUG Input                - Registered new binding: action3 - D
15:37:08.673 [JavaFX Application Thread] DEBUG FXGLAssetLoaderServi - Loading from file system: jar:file:/C:/Users/diewe/.m2/repository/com/github/almasb/fxgl/11.14/fxgl-11.14.jar!/fxglassets/textures/fxgl_icon.png
15:37:08.692 [JavaFX Application Thread] DEBUG FXGLAssetLoaderServi - Loading from file system: jar:file:/C:/Users/diewe/.m2/repository/com/github/almasb/fxgl/11.14/fxgl-11.14.jar!/fxglassets/ui/cursors/fxgl_default.png
15:37:08.695 [JavaFX Application Thread] DEBUG Input                - Registered new binding: Screenshot - P
15:37:08.696 [JavaFX Application Thread] DEBUG Input                - Registered new binding: System info dump - CTRL+9
15:37:08.697 [JavaFX Application Thread] DEBUG Input                - Registered new binding: Restart - CTRL+R
15:37:08.698 [JavaFX Application Thread] DEBUG Input                - Registered new binding: Toggle Debug Camera - CTRL+C
15:37:08.700 [JavaFX Application Thread] DEBUG LoopRunner           - Starting loop
15:37:08.701 [JavaFX Application Thread] DEBUG LoopRunner           - Initializing JavaFX AnimationTimerLoop
15:37:08.703 [JavaFX Application Thread] DEBUG GameApplicationServi - Starting new game
15:37:08.704 [JavaFX Application Thread] DEBUG Input                - Clearing active input actions
15:37:08.718 [JavaFX Application Thread] DEBUG GameApplicationServi - Removing overlay from FXGLStartupScene and adding to FXGLLoadingScene
15:37:08.719 [JavaFX Application Thread] DEBUG PrimaryStageWindow   - FXGLStartupScene -> FXGLLoadingScene
15:37:08.719 [JavaFX Application Thread] DEBUG GameApplicationServi - Clearing previous game
15:37:08.719 [JavaFX Application Thread] DEBUG GameScene            - Clearing game scene
15:37:08.719 [JavaFX Application Thread] DEBUG GameWorld            - Clearing game world
15:37:08.720 [JavaFX Application Thread] DEBUG PhysicsWorld         - Clearing physics world
15:37:08.721 [FXGL Background Thread 1 ] DEBUG FXGLApplication      - Initializing game
15:37:08.724 [FXGL Background Thread 4 ] DEBUG FXGLAssetLoaderServi - Loading from file system: jar:file:/C:/Users/diewe/.m2/repository/com/github/almasb/fxgl/11.14/fxgl-11.14.jar!/fxglassets/ui/fonts/Abel-Regular.ttf
15:37:08.724 [FXGL Background Thread 1 ] DEBUG FXGLAssetLoaderServi - Loading from file system: file:/C:/Users/diewe/OneDrive/Documenten/GitHub/SE-Challengeweek/target/classes/assets/textures/BombermanBlond2.png
15:37:08.738 [FXGL Background Thread 4 ] DEBUG FXGLAssetLoaderServi - Loading from file system: jar:file:/C:/Users/diewe/.m2/repository/com/github/almasb/fxgl/11.14/fxgl-11.14.jar!/fxglassets/ui/fonts/lucida_console.ttf
15:37:08.743 [FXGL Background Thread 1 ] DEBUG FXGLAssetLoaderServi - Loading from file system: file:/C:/Users/diewe/OneDrive/Documenten/GitHub/SE-Challengeweek/target/classes/assets/textures/wall-1.png
15:37:08.753 [FXGL Background Thread 1 ] DEBUG FXGLAssetLoaderServi - Loading from file system: file:/C:/Users/diewe/OneDrive/Documenten/GitHub/SE-Challengeweek/target/classes/assets/textures/wall-2.png
15:37:08.757 [FXGL Background Thread 1 ] DEBUG FXGLAssetLoaderServi - Loading from file system: file:/C:/Users/diewe/OneDrive/Documenten/GitHub/SE-Challengeweek/target/classes/assets/textures/metal-1.png
15:37:08.775 [JavaFX Application Thread] DEBUG FXGLApplication      - Registering font factories with UI factory
15:37:08.786 [FXGL Background Thread 1 ] DEBUG FXGLAssetLoaderServi - Loading from file system: file:/C:/Users/diewe/OneDrive/Documenten/GitHub/SE-Challengeweek/target/classes/assets/textures/box-1.png
15:37:08.826 [FXGL Background Thread 1 ] DEBUG FXGLAssetLoaderServi - Loading from file system: file:/C:/Users/diewe/OneDrive/Documenten/GitHub/SE-Challengeweek/target/classes/assets/textures/box-2.png
15:37:08.866 [FXGL Background Thread 1 ] INFO  FXGLApplication      - Game initialization took: 0,144 sec
15:37:08.867 [JavaFX Application Thread] DEBUG Input                - Clearing active input actions
15:37:08.888 [JavaFX Application Thread] DEBUG GameApplicationServi - Removing overlay from FXGLLoadingScene and adding to GameScene
15:37:08.889 [JavaFX Application Thread] DEBUG PrimaryStageWindow   - FXGLLoadingScene -> GameScene
15:37:09.058 [FXGL Background Thread 2 ] INFO  UpdaterService       - Your current version:  11.14
15:37:09.059 [FXGL Background Thread 2 ] INFO  UpdaterService       - Latest stable version: 17.1
15:37:11.639 [FXGL Background Thread 3 ] DEBUG Engine               - Logging environment variables
15:37:11.640 [FXGL Background Thread 3 ] DEBUG Engine               - achievements: []
15:37:11.640 [FXGL Background Thread 3 ] DEBUG Engine               - actualHeight: 823.0
15:37:11.640 [FXGL Background Thread 3 ] DEBUG Engine               - actualHeightProperty: ReadOnlyDoubleProperty [value: 823.0]
15:37:11.640 [FXGL Background Thread 3 ] DEBUG Engine               - actualWidth: 925.0
15:37:11.640 [FXGL Background Thread 3 ] DEBUG Engine               - actualWidthProperty: ReadOnlyDoubleProperty [value: 925.0]
15:37:11.640 [FXGL Background Thread 3 ] DEBUG Engine               - appIcon: fxgl_icon.png
15:37:11.641 [FXGL Background Thread 3 ] DEBUG Engine               - applicationMode: DEVELOPER
15:37:11.641 [FXGL Background Thread 3 ] DEBUG Engine               - cSSList: [fxgl_dark.css]
15:37:11.641 [FXGL Background Thread 3 ] DEBUG Engine               - collisionDetectionStrategy: BRUTE_FORCE
15:37:11.641 [FXGL Background Thread 3 ] DEBUG Engine               - configClass: Optional.empty
15:37:11.641 [FXGL Background Thread 3 ] DEBUG Engine               - credits: []
15:37:11.641 [FXGL Background Thread 3 ] DEBUG Engine               - devBBoxColorProperty: ObjectProperty [value: 0xff0000ff]
15:37:11.642 [FXGL Background Thread 3 ] DEBUG Engine               - devEnableDebugCameraProperty: BooleanProperty [value: false]
15:37:11.642 [FXGL Background Thread 3 ] DEBUG Engine               - devSensorColorProperty: ObjectProperty [value: 0xffff00ff]
15:37:11.642 [FXGL Background Thread 3 ] DEBUG Engine               - devShowBBoxProperty: BooleanProperty [value: false]
15:37:11.642 [FXGL Background Thread 3 ] DEBUG Engine               - devShowPositionProperty: BooleanProperty [value: false]
15:37:11.642 [FXGL Background Thread 3 ] DEBUG Engine               - enabledMenuItems: []
15:37:11.643 [FXGL Background Thread 3 ] DEBUG Engine               - engineServices: [class com.almasb.fxgl.app.services.FXGLAssetLoaderService, class com.almasb.fxgl.app.FXGLApplication$GameApplicationService, class com.almasb.fxgl.app.services.FXGLDialogService, class com.almasb.fxgl.app.services.IOTaskExecutorService, class com.almasb.fxgl.event.EventBusService, class com.almasb.fxgl.io.FileSystemService, class com.almasb.fxgl.localization.LocalizationService, class com.almasb.fxgl.app.services.SystemBundleService, class com.almasb.fxgl.profile.SaveLoadService, class com.almasb.fxgl.ui.FXGLUIFactoryServiceProvider, class com.almasb.fxgl.ui.FXGLDialogFactoryServiceProvider, class com.almasb.fxgl.audio.AudioPlayer, class com.almasb.fxgl.notification.impl.NotificationServiceProvider, class com.almasb.fxgl.achievement.AchievementService, class com.almasb.fxgl.cutscene.CutsceneService, class com.almasb.fxgl.minigames.MiniGameService, class com.almasb.fxgl.net.NetService, class com.almasb.fxgl.app.services.UpdaterService, class com.almasb.fxgl.dev.DevService]
15:37:11.643 [FXGL Background Thread 3 ] DEBUG Engine               - fontGame: Abel-Regular.ttf
15:37:11.643 [FXGL Background Thread 3 ] DEBUG Engine               - fontMono: lucida_console.ttf
15:37:11.643 [FXGL Background Thread 3 ] DEBUG Engine               - fontText: Courier-Prime.ttf
15:37:11.643 [FXGL Background Thread 3 ] DEBUG Engine               - fontUI: VarelaRound-Regular.ttf
15:37:11.643 [FXGL Background Thread 3 ] DEBUG Engine               - fullScreen: BooleanProperty [value: false]
15:37:11.643 [FXGL Background Thread 3 ] DEBUG Engine               - gameDifficulty: MEDIUM
15:37:11.644 [FXGL Background Thread 3 ] DEBUG Engine               - gameDifficultyProperty: ObjectProperty [value: MEDIUM]
15:37:11.644 [FXGL Background Thread 3 ] DEBUG Engine               - globalMusicVolume: 0.5
15:37:11.644 [FXGL Background Thread 3 ] DEBUG Engine               - globalMusicVolumeProperty: DoubleProperty [value: 0.5]
15:37:11.644 [FXGL Background Thread 3 ] DEBUG Engine               - globalSoundVolume: 0.5
15:37:11.644 [FXGL Background Thread 3 ] DEBUG Engine               - globalSoundVolumeProperty: DoubleProperty [value: 0.5]
15:37:11.645 [FXGL Background Thread 3 ] DEBUG Engine               - height: 832
15:37:11.645 [FXGL Background Thread 3 ] DEBUG Engine               - isAndroid: false
15:37:11.645 [FXGL Background Thread 3 ] DEBUG Engine               - isBrowser: false
15:37:11.645 [FXGL Background Thread 3 ] DEBUG Engine               - isClickFeedbackEnabled: false
15:37:11.645 [FXGL Background Thread 3 ] DEBUG Engine               - isCloseConfirmation: false
15:37:11.645 [FXGL Background Thread 3 ] DEBUG Engine               - isDesktop: true
15:37:11.645 [FXGL Background Thread 3 ] DEBUG Engine               - isDeveloperMenuEnabled: false
15:37:11.645 [FXGL Background Thread 3 ] DEBUG Engine               - isEntityPreloadEnabled: true
15:37:11.646 [FXGL Background Thread 3 ] DEBUG Engine               - isExperimental3D: false
15:37:11.646 [FXGL Background Thread 3 ] DEBUG Engine               - isExperimentalNative: false
15:37:11.646 [FXGL Background Thread 3 ] DEBUG Engine               - isExperimentalTiledLargeMap: false
15:37:11.646 [FXGL Background Thread 3 ] DEBUG Engine               - isFileSystemWriteAllowed: true
15:37:11.646 [FXGL Background Thread 3 ] DEBUG Engine               - isFullScreenAllowed: false
15:37:11.646 [FXGL Background Thread 3 ] DEBUG Engine               - isFullScreenFromStart: false
15:37:11.646 [FXGL Background Thread 3 ] DEBUG Engine               - isGameMenuEnabled: true
15:37:11.647 [FXGL Background Thread 3 ] DEBUG Engine               - isIOS: false
15:37:11.647 [FXGL Background Thread 3 ] DEBUG Engine               - isIntroEnabled: false
15:37:11.647 [FXGL Background Thread 3 ] DEBUG Engine               - isLinux: false
15:37:11.647 [FXGL Background Thread 3 ] DEBUG Engine               - isMac: false
15:37:11.647 [FXGL Background Thread 3 ] DEBUG Engine               - isMainMenuEnabled: false
15:37:11.648 [FXGL Background Thread 3 ] DEBUG Engine               - isManualResizeEnabled: false
15:37:11.648 [FXGL Background Thread 3 ] DEBUG Engine               - isMobile: false
15:37:11.648 [FXGL Background Thread 3 ] DEBUG Engine               - isPreserveResizeRatio: false
15:37:11.648 [FXGL Background Thread 3 ] DEBUG Engine               - isProfilingEnabled: false
15:37:11.648 [FXGL Background Thread 3 ] DEBUG Engine               - isScaleAffectedOnResize: true
15:37:11.648 [FXGL Background Thread 3 ] DEBUG Engine               - isSingleStep: false
15:37:11.648 [FXGL Background Thread 3 ] DEBUG Engine               - isUserProfileEnabled: false
15:37:11.648 [FXGL Background Thread 3 ] DEBUG Engine               - isWindows: true
15:37:11.648 [FXGL Background Thread 3 ] DEBUG Engine               - language: ObjectProperty [value: ENGLISH]
15:37:11.649 [FXGL Background Thread 3 ] DEBUG Engine               - menuKey: ESCAPE
15:37:11.649 [FXGL Background Thread 3 ] DEBUG Engine               - notificationViewClass: class com.almasb.fxgl.notification.view.XboxNotificationView
15:37:11.649 [FXGL Background Thread 3 ] DEBUG Engine               - pixelsPerMeter: 50.0
15:37:11.649 [FXGL Background Thread 3 ] DEBUG Engine               - platform: WINDOWS
15:37:11.649 [FXGL Background Thread 3 ] DEBUG Engine               - prefHeightProperty: ReadOnlyDoubleProperty [value: 832.0]
15:37:11.649 [FXGL Background Thread 3 ] DEBUG Engine               - prefWidthProperty: ReadOnlyDoubleProperty [value: 960.0]
15:37:11.649 [FXGL Background Thread 3 ] DEBUG Engine               - profileDir: profiles/
15:37:11.650 [FXGL Background Thread 3 ] DEBUG Engine               - profileName: StringProperty [value: DEFAULT]
15:37:11.650 [FXGL Background Thread 3 ] DEBUG Engine               - randomSeed: -1
15:37:11.650 [FXGL Background Thread 3 ] DEBUG Engine               - runtimeInfo: RuntimeInfo(platform=WINDOWS, version=11.14, build=01.03.2021 16.59)
15:37:11.650 [FXGL Background Thread 3 ] DEBUG Engine               - saveFileExt: sav
15:37:11.650 [FXGL Background Thread 3 ] DEBUG Engine               - scaledHeightProp$fxgl: DoubleProperty [bound, value: 823.0]
15:37:11.650 [FXGL Background Thread 3 ] DEBUG Engine               - scaledWidthProp$fxgl: DoubleProperty [bound, value: 925.0]
15:37:11.650 [FXGL Background Thread 3 ] DEBUG Engine               - sceneFactory: com.almasb.fxgl.app.scene.SceneFactory@b708429
15:37:11.650 [FXGL Background Thread 3 ] DEBUG Engine               - secondsIn24h: 60
15:37:11.651 [FXGL Background Thread 3 ] DEBUG Engine               - soundMenuBack: menu/back.wav
15:37:11.651 [FXGL Background Thread 3 ] DEBUG Engine               - soundMenuPress: menu/press.wav
15:37:11.651 [FXGL Background Thread 3 ] DEBUG Engine               - soundMenuSelect: menu/select.wav
15:37:11.651 [FXGL Background Thread 3 ] DEBUG Engine               - soundNotification: core/notification.wav
15:37:11.651 [FXGL Background Thread 3 ] DEBUG Engine               - stageStyle: DECORATED
15:37:11.651 [FXGL Background Thread 3 ] DEBUG Engine               - supportedLanguages: [ENGLISH, FRENCH, GERMAN, HUNGARIAN, RUSSIAN]
15:37:11.651 [FXGL Background Thread 3 ] DEBUG Engine               - ticksPerSecond: -1
15:37:11.651 [FXGL Background Thread 3 ] DEBUG Engine               - title: Bomberman SE
15:37:11.651 [FXGL Background Thread 3 ] DEBUG Engine               - urlGithub: https://github.com/AlmasB/FXGL
15:37:11.651 [FXGL Background Thread 3 ] DEBUG Engine               - urlLeaderboard: http://fxgl-top.herokuapp.com/
15:37:11.652 [FXGL Background Thread 3 ] DEBUG Engine               - urlPOM: https://raw.githubusercontent.com/AlmasB/FXGL/release/README.md
15:37:11.652 [FXGL Background Thread 3 ] DEBUG Engine               - userAppClass: class Game
15:37:11.652 [FXGL Background Thread 3 ] DEBUG Engine               - version: 1.0
15:37:11.652 [FXGL Background Thread 3 ] DEBUG Engine               - versionCheckDays: 7
15:37:11.652 [FXGL Background Thread 3 ] DEBUG Engine               - width: 960
15:37:11.652 [FXGL Background Thread 3 ] DEBUG Engine               - Logging services
15:37:11.652 [FXGL Background Thread 3 ] DEBUG Engine               - class com.almasb.fxgl.app.services.FXGLAssetLoaderService
15:37:11.652 [FXGL Background Thread 3 ] DEBUG Engine               - class com.almasb.fxgl.app.FXGLApplication$GameApplicationService
15:37:11.653 [FXGL Background Thread 3 ] DEBUG Engine               - class com.almasb.fxgl.app.services.FXGLDialogService
15:37:11.653 [FXGL Background Thread 3 ] DEBUG Engine               - class com.almasb.fxgl.app.services.IOTaskExecutorService
15:37:11.653 [FXGL Background Thread 3 ] DEBUG Engine               - class com.almasb.fxgl.event.EventBusService
15:37:11.653 [FXGL Background Thread 3 ] DEBUG Engine               - class com.almasb.fxgl.io.FileSystemService
15:37:11.653 [FXGL Background Thread 3 ] DEBUG Engine               - class com.almasb.fxgl.localization.LocalizationService
15:37:11.653 [FXGL Background Thread 3 ] DEBUG Engine               - class com.almasb.fxgl.app.services.SystemBundleService
15:37:11.654 [FXGL Background Thread 3 ] DEBUG Engine               - class com.almasb.fxgl.profile.SaveLoadService
15:37:11.654 [FXGL Background Thread 3 ] DEBUG Engine               - class com.almasb.fxgl.ui.FXGLUIFactoryServiceProvider
15:37:11.654 [FXGL Background Thread 3 ] DEBUG Engine               - class com.almasb.fxgl.ui.FXGLDialogFactoryServiceProvider
15:37:11.654 [FXGL Background Thread 3 ] DEBUG Engine               - class com.almasb.fxgl.audio.AudioPlayer
15:37:11.654 [FXGL Background Thread 3 ] DEBUG Engine               - class com.almasb.fxgl.notification.impl.NotificationServiceProvider
15:37:11.654 [FXGL Background Thread 3 ] DEBUG Engine               - class com.almasb.fxgl.achievement.AchievementService
15:37:11.654 [FXGL Background Thread 3 ] DEBUG Engine               - class com.almasb.fxgl.cutscene.CutsceneService
15:37:11.654 [FXGL Background Thread 3 ] DEBUG Engine               - class com.almasb.fxgl.minigames.MiniGameService
15:37:11.654 [FXGL Background Thread 3 ] DEBUG Engine               - class com.almasb.fxgl.net.NetService
15:37:11.655 [FXGL Background Thread 3 ] DEBUG Engine               - class com.almasb.fxgl.app.services.UpdaterService
15:37:11.655 [FXGL Background Thread 3 ] DEBUG Engine               - class com.almasb.fxgl.dev.DevService
15:37:13.231 [JavaFX Application Thread] DEBUG FXGLApplication      - Exiting FXGL
15:37:13.231 [JavaFX Application Thread] DEBUG LoopRunner           - Stopping loop
15:37:13.231 [JavaFX Application Thread] DEBUG SystemBundleService  - Saving FXGL system data
15:37:13.242 [JavaFX Application Thread] DEBUG FileSystemAccess     - Writing to: C:\Users\diewe\OneDrive\Documenten\GitHub\SE-Challengeweek\system\fxgl.bundle
15:37:13.243 [JavaFX Application Thread] DEBUG Async                - Shutting down background threads
15:37:13.244 [JavaFX Application Thread] DEBUG PrimaryStageWindow   - Closing main window
15:37:13.256 [JavaFX Application Thread] DEBUG Logger               - Closing Logger
