09:04:42.537 [main                     ] DEBUG Logger               - Configured Logger
09:04:42.545 [main                     ] DEBUG GameApplication      - Logging settings
Title: Bomberman SE
Version: 1.0
Width: 960
Height: 832
Fullscreen: false
Intro: false
Profiling: false
Single step:false
App Mode: DEVELOPER
Menu Key: ESCAPE
Stage Style: DECORATED
Scene Factory: class com.almasb.fxgl.app.scene.SceneFactory

09:04:43.337 [JavaFX Application Thread] DEBUG FXGLApplication      - Initializing FXGL
09:04:43.340 [JavaFX Application Thread] INFO  Engine               - FXGL-11.14 (01.03.2021 16.59) on WINDOWS (J:15.0.2 FX:15)
09:04:43.341 [JavaFX Application Thread] DEBUG Engine               - JRE Vendor Name: Amazon.com Inc.
09:04:43.341 [JavaFX Application Thread] DEBUG Engine               - Running on OS: Windows 10 version 10.0
09:04:43.341 [JavaFX Application Thread] DEBUG Engine               - Architecture: amd64
09:04:43.341 [JavaFX Application Thread] INFO  Engine               - Source code and latest versions at: https://github.com/AlmasB/FXGL
09:04:43.341 [JavaFX Application Thread] INFO  Engine               -              Join the FXGL chat at: https://gitter.im/AlmasB/FXGL
09:04:43.532 [JavaFX Application Thread] DEBUG PrimaryStageWindow   - Creating a JavaFX scene
09:04:43.532 [JavaFX Application Thread] DEBUG PrimaryStageWindow   - Target size > screen size
09:04:43.625 [JavaFX Application Thread] DEBUG PrimaryStageWindow   - Target settings size: 960.0 x 832.0
09:04:43.625 [JavaFX Application Thread] DEBUG PrimaryStageWindow   - Scaled scene size:    925.0 x 823.0
09:04:43.626 [JavaFX Application Thread] DEBUG PrimaryStageWindow   - Scaled ratio: (0.9635416666666666, 0.9891826923076923)
09:04:43.627 [JavaFX Application Thread] DEBUG PrimaryStageWindow   - Set initial scene to FXGLStartupScene
09:04:43.636 [JavaFX Application Thread] DEBUG PrimaryStageWindow   - Opening main window
09:04:43.736 [JavaFX Application Thread] DEBUG PrimaryStageWindow   - Window border size: (15.0, 37.79998779296875)
09:04:43.736 [JavaFX Application Thread] DEBUG PrimaryStageWindow   - Scaled size: 925.0 x 823.0
09:04:43.737 [JavaFX Application Thread] DEBUG PrimaryStageWindow   - Scaled ratio: (0.9635416666666666, 0.9891826923076923)
09:04:43.737 [JavaFX Application Thread] DEBUG PrimaryStageWindow   - Scene size: 925.0 x 823.0
09:04:43.737 [JavaFX Application Thread] DEBUG PrimaryStageWindow   - Stage size: 940.0 x 860.7999877929688
09:04:43.748 [FXGL Background Thread 1 ] DEBUG Engine               - Initializing environment variables
09:04:43.794 [FXGL Background Thread 1 ] DEBUG FXGLAssetLoaderServi - User app class for loading assets: class Game
09:04:43.794 [FXGL Background Thread 1 ] DEBUG GameApplicationServi - Applying CSS: fxgl_dark.css
09:04:43.795 [FXGL Background Thread 1 ] DEBUG FXGLAssetLoaderServi - Loading from file system: jar:file:/C:/Users/roan2/.m2/repository/com/github/almasb/fxgl/11.14/fxgl-11.14.jar!/fxglassets/ui/css/fxgl_dark.css
09:04:43.858 [FXGL Background Thread 1 ] DEBUG GameApplicationServi - Initializing application scenes
09:04:43.911 [FXGL Background Thread 1 ] DEBUG GameWorld            - Game world initialized
09:04:44.004 [FXGL Background Thread 1 ] DEBUG PhysicsWorld         - Physics world initialized: appHeight=832, physics.ppm=50.0
09:04:44.005 [FXGL Background Thread 1 ] DEBUG PhysicsWorld         - Using strategy: BRUTE_FORCE
09:04:44.015 [FXGL Background Thread 1 ] DEBUG GameScene            - Game scene initialized: 960x832
09:04:44.062 [FXGL Background Thread 1 ] DEBUG FXGLAssetLoaderServi - Loading from file system: jar:file:/C:/Users/roan2/.m2/repository/com/github/almasb/fxgl/11.14/fxgl-11.14.jar!/fxglassets/textures/particles/trace_horizontal.png
09:04:44.123 [FXGL Background Thread 1 ] DEBUG FXGL.DefaultMenu     - createMenuBodyGameMenu()
09:04:44.142 [FXGL Background Thread 1 ] DEBUG FXGL.DefaultMenu     - createOptionsMenu()
09:04:44.151 [FXGL Background Thread 1 ] DEBUG FXGLAssetLoaderServi - Loading from file system: jar:file:/C:/Users/roan2/.m2/repository/com/github/almasb/fxgl/11.14/fxgl-11.14.jar!/fxglassets/textures/particles/smoke.png
09:04:44.227 [FXGL Background Thread 1 ] DEBUG GameApplicationServi - Application scenes initialized
09:04:44.242 [FXGL Background Thread 1 ] DEBUG SystemBundleService  - Loading FXGL system data
09:04:44.248 [FXGL Background Thread 1 ] DEBUG FileSystemAccess     - Reading from: C:\Users\roan2\Documents\SE-Challengeweek\system\fxgl.bundle
09:04:44.256 [FXGL Background Thread 1 ] DEBUG SystemBundleService  - Bundle FXGL: {}
09:04:44.256 [FXGL Background Thread 1 ] DEBUG UpdaterService       - Checking for updates
09:04:44.263 [FXGL Background Thread 4 ] DEBUG FXGLApplication      - Loading fonts
09:04:44.263 [FXGL Background Thread 1 ] DEBUG FXGLApplication      - Loading default localization
09:04:44.263 [FXGL Background Thread 4 ] DEBUG FXGLAssetLoaderServi - Loading from file system: jar:file:/C:/Users/roan2/.m2/repository/com/github/almasb/fxgl/11.14/fxgl-11.14.jar!/fxglassets/ui/fonts/VarelaRound-Regular.ttf
09:04:44.264 [FXGL Background Thread 1 ] DEBUG FXGLAssetLoaderServi - Loading from file system: jar:file:/C:/Users/roan2/.m2/repository/com/github/almasb/fxgl/11.14/fxgl-11.14.jar!/fxglassets/languages/english.lang
09:04:44.284 [FXGL Background Thread 1 ] INFO  FXGLApplication      - FXGL initialization took: 0.535 sec
09:04:44.300 [JavaFX Application Thread] DEBUG Input                - Registered new binding: action0 - W
09:04:44.301 [JavaFX Application Thread] DEBUG Input                - Registered new binding: action1 - S
09:04:44.302 [JavaFX Application Thread] DEBUG Input                - Registered new binding: action2 - A
09:04:44.302 [JavaFX Application Thread] DEBUG Input                - Registered new binding: action3 - D
09:04:44.303 [JavaFX Application Thread] DEBUG FXGLAssetLoaderServi - Loading from file system: jar:file:/C:/Users/roan2/.m2/repository/com/github/almasb/fxgl/11.14/fxgl-11.14.jar!/fxglassets/textures/fxgl_icon.png
09:04:44.332 [JavaFX Application Thread] DEBUG FXGLAssetLoaderServi - Loading from file system: jar:file:/C:/Users/roan2/.m2/repository/com/github/almasb/fxgl/11.14/fxgl-11.14.jar!/fxglassets/ui/cursors/fxgl_default.png
09:04:44.335 [JavaFX Application Thread] DEBUG Input                - Registered new binding: Screenshot - P
09:04:44.336 [JavaFX Application Thread] DEBUG Input                - Registered new binding: System info dump - CTRL+9
09:04:44.337 [JavaFX Application Thread] DEBUG Input                - Registered new binding: Restart - CTRL+R
09:04:44.338 [JavaFX Application Thread] DEBUG Input                - Registered new binding: Toggle Debug Camera - CTRL+C
09:04:44.341 [JavaFX Application Thread] DEBUG LoopRunner           - Starting loop
09:04:44.342 [JavaFX Application Thread] DEBUG LoopRunner           - Initializing JavaFX AnimationTimerLoop
09:04:44.344 [JavaFX Application Thread] DEBUG GameApplicationServi - Starting new game
09:04:44.345 [JavaFX Application Thread] DEBUG Input                - Clearing active input actions
09:04:44.361 [JavaFX Application Thread] DEBUG GameApplicationServi - Removing overlay from FXGLStartupScene and adding to FXGLLoadingScene
09:04:44.362 [JavaFX Application Thread] DEBUG PrimaryStageWindow   - FXGLStartupScene -> FXGLLoadingScene
09:04:44.362 [JavaFX Application Thread] DEBUG GameApplicationServi - Clearing previous game
09:04:44.363 [JavaFX Application Thread] DEBUG GameScene            - Clearing game scene
09:04:44.363 [JavaFX Application Thread] DEBUG GameWorld            - Clearing game world
09:04:44.363 [JavaFX Application Thread] DEBUG PhysicsWorld         - Clearing physics world
09:04:44.365 [FXGL Background Thread 1 ] DEBUG FXGLApplication      - Initializing game
09:04:44.368 [FXGL Background Thread 1 ] DEBUG FXGLAssetLoaderServi - Loading from file system: file:/C:/Users/roan2/Documents/SE-Challengeweek/target/classes/assets/textures/BombermanBlond2.png
09:04:44.373 [FXGL Background Thread 4 ] DEBUG FXGLAssetLoaderServi - Loading from file system: jar:file:/C:/Users/roan2/.m2/repository/com/github/almasb/fxgl/11.14/fxgl-11.14.jar!/fxglassets/ui/fonts/lucida_console.ttf
09:04:44.379 [FXGL Background Thread 4 ] DEBUG FXGLAssetLoaderServi - Loading from file system: jar:file:/C:/Users/roan2/.m2/repository/com/github/almasb/fxgl/11.14/fxgl-11.14.jar!/fxglassets/ui/fonts/Courier-Prime.ttf
09:04:44.390 [FXGL Background Thread 1 ] DEBUG FXGLAssetLoaderServi - Loading from file system: file:/C:/Users/roan2/Documents/SE-Challengeweek/target/classes/assets/textures/wall-1.png
09:04:44.398 [FXGL Background Thread 1 ] DEBUG FXGLAssetLoaderServi - Loading from file system: file:/C:/Users/roan2/Documents/SE-Challengeweek/target/classes/assets/textures/wall-2.png
09:04:44.402 [FXGL Background Thread 1 ] DEBUG FXGLAssetLoaderServi - Loading from file system: file:/C:/Users/roan2/Documents/SE-Challengeweek/target/classes/assets/textures/metal-1.png
09:04:44.416 [JavaFX Application Thread] DEBUG FXGLApplication      - Registering font factories with UI factory
09:04:44.433 [FXGL Background Thread 1 ] DEBUG FXGLAssetLoaderServi - Loading from file system: file:/C:/Users/roan2/Documents/SE-Challengeweek/target/classes/assets/textures/box-1.png
09:04:44.470 [FXGL Background Thread 1 ] DEBUG FXGLAssetLoaderServi - Loading from file system: file:/C:/Users/roan2/Documents/SE-Challengeweek/target/classes/assets/textures/box-2.png
09:04:44.524 [FXGL Background Thread 1 ] INFO  FXGLApplication      - Game initialization took: 0.159 sec
09:04:44.527 [JavaFX Application Thread] DEBUG Input                - Clearing active input actions
09:04:44.560 [JavaFX Application Thread] DEBUG GameApplicationServi - Removing overlay from FXGLLoadingScene and adding to GameScene
09:04:44.561 [JavaFX Application Thread] DEBUG PrimaryStageWindow   - FXGLLoadingScene -> GameScene
09:04:44.825 [FXGL Background Thread 2 ] INFO  UpdaterService       - Your current version:  11.14
09:04:44.826 [FXGL Background Thread 2 ] INFO  UpdaterService       - Latest stable version: 17.1
09:04:47.260 [FXGL Background Thread 3 ] DEBUG Engine               - Logging environment variables
09:04:47.260 [FXGL Background Thread 3 ] DEBUG Engine               - achievements: []
09:04:47.261 [FXGL Background Thread 3 ] DEBUG Engine               - actualHeight: 823.0
09:04:47.261 [FXGL Background Thread 3 ] DEBUG Engine               - actualHeightProperty: ReadOnlyDoubleProperty [value: 823.0]
09:04:47.261 [FXGL Background Thread 3 ] DEBUG Engine               - actualWidth: 925.0
09:04:47.261 [FXGL Background Thread 3 ] DEBUG Engine               - actualWidthProperty: ReadOnlyDoubleProperty [value: 925.0]
09:04:47.261 [FXGL Background Thread 3 ] DEBUG Engine               - appIcon: fxgl_icon.png
09:04:47.261 [FXGL Background Thread 3 ] DEBUG Engine               - applicationMode: DEVELOPER
09:04:47.262 [FXGL Background Thread 3 ] DEBUG Engine               - cSSList: [fxgl_dark.css]
09:04:47.262 [FXGL Background Thread 3 ] DEBUG Engine               - collisionDetectionStrategy: BRUTE_FORCE
09:04:47.262 [FXGL Background Thread 3 ] DEBUG Engine               - configClass: Optional.empty
09:04:47.262 [FXGL Background Thread 3 ] DEBUG Engine               - credits: []
09:04:47.263 [FXGL Background Thread 3 ] DEBUG Engine               - devBBoxColorProperty: ObjectProperty [value: 0xff0000ff]
09:04:47.263 [FXGL Background Thread 3 ] DEBUG Engine               - devEnableDebugCameraProperty: BooleanProperty [value: false]
09:04:47.263 [FXGL Background Thread 3 ] DEBUG Engine               - devSensorColorProperty: ObjectProperty [value: 0xffff00ff]
09:04:47.263 [FXGL Background Thread 3 ] DEBUG Engine               - devShowBBoxProperty: BooleanProperty [value: false]
09:04:47.263 [FXGL Background Thread 3 ] DEBUG Engine               - devShowPositionProperty: BooleanProperty [value: false]
09:04:47.264 [FXGL Background Thread 3 ] DEBUG Engine               - enabledMenuItems: []
09:04:47.264 [FXGL Background Thread 3 ] DEBUG Engine               - engineServices: [class com.almasb.fxgl.app.services.FXGLAssetLoaderService, class com.almasb.fxgl.app.FXGLApplication$GameApplicationService, class com.almasb.fxgl.app.services.FXGLDialogService, class com.almasb.fxgl.app.services.IOTaskExecutorService, class com.almasb.fxgl.event.EventBusService, class com.almasb.fxgl.io.FileSystemService, class com.almasb.fxgl.localization.LocalizationService, class com.almasb.fxgl.app.services.SystemBundleService, class com.almasb.fxgl.profile.SaveLoadService, class com.almasb.fxgl.ui.FXGLUIFactoryServiceProvider, class com.almasb.fxgl.ui.FXGLDialogFactoryServiceProvider, class com.almasb.fxgl.audio.AudioPlayer, class com.almasb.fxgl.notification.impl.NotificationServiceProvider, class com.almasb.fxgl.achievement.AchievementService, class com.almasb.fxgl.cutscene.CutsceneService, class com.almasb.fxgl.minigames.MiniGameService, class com.almasb.fxgl.net.NetService, class com.almasb.fxgl.app.services.UpdaterService, class com.almasb.fxgl.dev.DevService]
09:04:47.264 [FXGL Background Thread 3 ] DEBUG Engine               - fontGame: Abel-Regular.ttf
09:04:47.264 [FXGL Background Thread 3 ] DEBUG Engine               - fontMono: lucida_console.ttf
09:04:47.265 [FXGL Background Thread 3 ] DEBUG Engine               - fontText: Courier-Prime.ttf
09:04:47.265 [FXGL Background Thread 3 ] DEBUG Engine               - fontUI: VarelaRound-Regular.ttf
09:04:47.265 [FXGL Background Thread 3 ] DEBUG Engine               - fullScreen: BooleanProperty [value: false]
09:04:47.265 [FXGL Background Thread 3 ] DEBUG Engine               - gameDifficulty: MEDIUM
09:04:47.266 [FXGL Background Thread 3 ] DEBUG Engine               - gameDifficultyProperty: ObjectProperty [value: MEDIUM]
09:04:47.266 [FXGL Background Thread 3 ] DEBUG Engine               - globalMusicVolume: 0.5
09:04:47.266 [FXGL Background Thread 3 ] DEBUG Engine               - globalMusicVolumeProperty: DoubleProperty [value: 0.5]
09:04:47.266 [FXGL Background Thread 3 ] DEBUG Engine               - globalSoundVolume: 0.5
09:04:47.267 [FXGL Background Thread 3 ] DEBUG Engine               - globalSoundVolumeProperty: DoubleProperty [value: 0.5]
09:04:47.267 [FXGL Background Thread 3 ] DEBUG Engine               - height: 832
09:04:47.267 [FXGL Background Thread 3 ] DEBUG Engine               - isAndroid: false
09:04:47.267 [FXGL Background Thread 3 ] DEBUG Engine               - isBrowser: false
09:04:47.267 [FXGL Background Thread 3 ] DEBUG Engine               - isClickFeedbackEnabled: false
09:04:47.267 [FXGL Background Thread 3 ] DEBUG Engine               - isCloseConfirmation: false
09:04:47.267 [FXGL Background Thread 3 ] DEBUG Engine               - isDesktop: true
09:04:47.267 [FXGL Background Thread 3 ] DEBUG Engine               - isDeveloperMenuEnabled: false
09:04:47.268 [FXGL Background Thread 3 ] DEBUG Engine               - isEntityPreloadEnabled: true
09:04:47.268 [FXGL Background Thread 3 ] DEBUG Engine               - isExperimental3D: false
09:04:47.268 [FXGL Background Thread 3 ] DEBUG Engine               - isExperimentalNative: false
09:04:47.268 [FXGL Background Thread 3 ] DEBUG Engine               - isExperimentalTiledLargeMap: false
09:04:47.268 [FXGL Background Thread 3 ] DEBUG Engine               - isFileSystemWriteAllowed: true
09:04:47.268 [FXGL Background Thread 3 ] DEBUG Engine               - isFullScreenAllowed: false
09:04:47.268 [FXGL Background Thread 3 ] DEBUG Engine               - isFullScreenFromStart: false
09:04:47.269 [FXGL Background Thread 3 ] DEBUG Engine               - isGameMenuEnabled: true
09:04:47.269 [FXGL Background Thread 3 ] DEBUG Engine               - isIOS: false
09:04:47.269 [FXGL Background Thread 3 ] DEBUG Engine               - isIntroEnabled: false
09:04:47.269 [FXGL Background Thread 3 ] DEBUG Engine               - isLinux: false
09:04:47.269 [FXGL Background Thread 3 ] DEBUG Engine               - isMac: false
09:04:47.270 [FXGL Background Thread 3 ] DEBUG Engine               - isMainMenuEnabled: false
09:04:47.270 [FXGL Background Thread 3 ] DEBUG Engine               - isManualResizeEnabled: false
09:04:47.270 [FXGL Background Thread 3 ] DEBUG Engine               - isMobile: false
09:04:47.270 [FXGL Background Thread 3 ] DEBUG Engine               - isPreserveResizeRatio: false
09:04:47.270 [FXGL Background Thread 3 ] DEBUG Engine               - isProfilingEnabled: false
09:04:47.270 [FXGL Background Thread 3 ] DEBUG Engine               - isScaleAffectedOnResize: true
09:04:47.270 [FXGL Background Thread 3 ] DEBUG Engine               - isSingleStep: false
09:04:47.270 [FXGL Background Thread 3 ] DEBUG Engine               - isUserProfileEnabled: false
09:04:47.271 [FXGL Background Thread 3 ] DEBUG Engine               - isWindows: true
09:04:47.271 [FXGL Background Thread 3 ] DEBUG Engine               - language: ObjectProperty [value: ENGLISH]
09:04:47.271 [FXGL Background Thread 3 ] DEBUG Engine               - menuKey: ESCAPE
09:04:47.271 [FXGL Background Thread 3 ] DEBUG Engine               - notificationViewClass: class com.almasb.fxgl.notification.view.XboxNotificationView
09:04:47.271 [FXGL Background Thread 3 ] DEBUG Engine               - pixelsPerMeter: 50.0
09:04:47.271 [FXGL Background Thread 3 ] DEBUG Engine               - platform: WINDOWS
09:04:47.271 [FXGL Background Thread 3 ] DEBUG Engine               - prefHeightProperty: ReadOnlyDoubleProperty [value: 832.0]
09:04:47.272 [FXGL Background Thread 3 ] DEBUG Engine               - prefWidthProperty: ReadOnlyDoubleProperty [value: 960.0]
09:04:47.272 [FXGL Background Thread 3 ] DEBUG Engine               - profileDir: profiles/
09:04:47.272 [FXGL Background Thread 3 ] DEBUG Engine               - profileName: StringProperty [value: DEFAULT]
09:04:47.272 [FXGL Background Thread 3 ] DEBUG Engine               - randomSeed: -1
09:04:47.272 [FXGL Background Thread 3 ] DEBUG Engine               - runtimeInfo: RuntimeInfo(platform=WINDOWS, version=11.14, build=01.03.2021 16.59)
09:04:47.272 [FXGL Background Thread 3 ] DEBUG Engine               - saveFileExt: sav
09:04:47.273 [FXGL Background Thread 3 ] DEBUG Engine               - scaledHeightProp$fxgl: DoubleProperty [bound, value: 823.0]
09:04:47.273 [FXGL Background Thread 3 ] DEBUG Engine               - scaledWidthProp$fxgl: DoubleProperty [bound, value: 925.0]
09:04:47.273 [FXGL Background Thread 3 ] DEBUG Engine               - sceneFactory: com.almasb.fxgl.app.scene.SceneFactory@3ea97bba
09:04:47.273 [FXGL Background Thread 3 ] DEBUG Engine               - secondsIn24h: 60
09:04:47.274 [FXGL Background Thread 3 ] DEBUG Engine               - soundMenuBack: menu/back.wav
09:04:47.274 [FXGL Background Thread 3 ] DEBUG Engine               - soundMenuPress: menu/press.wav
09:04:47.274 [FXGL Background Thread 3 ] DEBUG Engine               - soundMenuSelect: menu/select.wav
09:04:47.274 [FXGL Background Thread 3 ] DEBUG Engine               - soundNotification: core/notification.wav
09:04:47.274 [FXGL Background Thread 3 ] DEBUG Engine               - stageStyle: DECORATED
09:04:47.274 [FXGL Background Thread 3 ] DEBUG Engine               - supportedLanguages: [ENGLISH, FRENCH, GERMAN, HUNGARIAN, RUSSIAN]
09:04:47.274 [FXGL Background Thread 3 ] DEBUG Engine               - ticksPerSecond: -1
09:04:47.274 [FXGL Background Thread 3 ] DEBUG Engine               - title: Bomberman SE
09:04:47.275 [FXGL Background Thread 3 ] DEBUG Engine               - urlGithub: https://github.com/AlmasB/FXGL
09:04:47.275 [FXGL Background Thread 3 ] DEBUG Engine               - urlLeaderboard: http://fxgl-top.herokuapp.com/
09:04:47.275 [FXGL Background Thread 3 ] DEBUG Engine               - urlPOM: https://raw.githubusercontent.com/AlmasB/FXGL/release/README.md
09:04:47.275 [FXGL Background Thread 3 ] DEBUG Engine               - userAppClass: class Game
09:04:47.275 [FXGL Background Thread 3 ] DEBUG Engine               - version: 1.0
09:04:47.275 [FXGL Background Thread 3 ] DEBUG Engine               - versionCheckDays: 7
09:04:47.275 [FXGL Background Thread 3 ] DEBUG Engine               - width: 960
09:04:47.276 [FXGL Background Thread 3 ] DEBUG Engine               - Logging services
09:04:47.276 [FXGL Background Thread 3 ] DEBUG Engine               - class com.almasb.fxgl.app.services.FXGLAssetLoaderService
09:04:47.276 [FXGL Background Thread 3 ] DEBUG Engine               - class com.almasb.fxgl.app.FXGLApplication$GameApplicationService
09:04:47.276 [FXGL Background Thread 3 ] DEBUG Engine               - class com.almasb.fxgl.app.services.FXGLDialogService
09:04:47.277 [FXGL Background Thread 3 ] DEBUG Engine               - class com.almasb.fxgl.app.services.IOTaskExecutorService
09:04:47.277 [FXGL Background Thread 3 ] DEBUG Engine               - class com.almasb.fxgl.event.EventBusService
09:04:47.277 [FXGL Background Thread 3 ] DEBUG Engine               - class com.almasb.fxgl.io.FileSystemService
09:04:47.277 [FXGL Background Thread 3 ] DEBUG Engine               - class com.almasb.fxgl.localization.LocalizationService
09:04:47.277 [FXGL Background Thread 3 ] DEBUG Engine               - class com.almasb.fxgl.app.services.SystemBundleService
09:04:47.277 [FXGL Background Thread 3 ] DEBUG Engine               - class com.almasb.fxgl.profile.SaveLoadService
09:04:47.277 [FXGL Background Thread 3 ] DEBUG Engine               - class com.almasb.fxgl.ui.FXGLUIFactoryServiceProvider
09:04:47.278 [FXGL Background Thread 3 ] DEBUG Engine               - class com.almasb.fxgl.ui.FXGLDialogFactoryServiceProvider
09:04:47.278 [FXGL Background Thread 3 ] DEBUG Engine               - class com.almasb.fxgl.audio.AudioPlayer
09:04:47.278 [FXGL Background Thread 3 ] DEBUG Engine               - class com.almasb.fxgl.notification.impl.NotificationServiceProvider
09:04:47.278 [FXGL Background Thread 3 ] DEBUG Engine               - class com.almasb.fxgl.achievement.AchievementService
09:04:47.278 [FXGL Background Thread 3 ] DEBUG Engine               - class com.almasb.fxgl.cutscene.CutsceneService
09:04:47.279 [FXGL Background Thread 3 ] DEBUG Engine               - class com.almasb.fxgl.minigames.MiniGameService
09:04:47.279 [FXGL Background Thread 3 ] DEBUG Engine               - class com.almasb.fxgl.net.NetService
09:04:47.279 [FXGL Background Thread 3 ] DEBUG Engine               - class com.almasb.fxgl.app.services.UpdaterService
09:04:47.279 [FXGL Background Thread 3 ] DEBUG Engine               - class com.almasb.fxgl.dev.DevService
09:05:06.250 [JavaFX Application Thread] DEBUG FXGLApplication      - Exiting FXGL
09:05:06.251 [JavaFX Application Thread] DEBUG LoopRunner           - Stopping loop
09:05:06.251 [JavaFX Application Thread] DEBUG SystemBundleService  - Saving FXGL system data
09:05:06.253 [JavaFX Application Thread] DEBUG FileSystemAccess     - Writing to: C:\Users\roan2\Documents\SE-Challengeweek\system\fxgl.bundle
09:05:06.254 [JavaFX Application Thread] DEBUG Async                - Shutting down background threads
09:05:06.254 [JavaFX Application Thread] DEBUG PrimaryStageWindow   - Closing main window
09:05:06.300 [JavaFX Application Thread] DEBUG Logger               - Closing Logger
