13:11:28.556 [main                     ] DEBUG Logger               - Configured Logger
13:11:28.561 [main                     ] DEBUG GameApplication      - Logging settings
Title: Bomberman SE
Version: 1.0
Width: 960
Height: 832
Fullscreen: false
Intro: false
Profiling: false
Single step:false
App Mode: DEVELOPER
Menu Key: ESCAPE
Stage Style: DECORATED
Scene Factory: class com.almasb.fxgl.app.scene.SceneFactory

13:11:28.924 [JavaFX Application Thread] DEBUG FXGLApplication      - Initializing FXGL
13:11:28.926 [JavaFX Application Thread] INFO  Engine               - FXGL-11.14 (01.03.2021 16.59) on WINDOWS (J:15.0.2 FX:15)
13:11:28.926 [JavaFX Application Thread] DEBUG Engine               - JRE Vendor Name: Amazon.com Inc.
13:11:28.927 [JavaFX Application Thread] DEBUG Engine               - Running on OS: Windows 10 version 10.0
13:11:28.927 [JavaFX Application Thread] DEBUG Engine               - Architecture: amd64
13:11:28.927 [JavaFX Application Thread] INFO  Engine               - Source code and latest versions at: https://github.com/AlmasB/FXGL
13:11:28.927 [JavaFX Application Thread] INFO  Engine               -              Join the FXGL chat at: https://gitter.im/AlmasB/FXGL
13:11:29.053 [JavaFX Application Thread] DEBUG PrimaryStageWindow   - Creating a JavaFX scene
13:11:29.054 [JavaFX Application Thread] DEBUG PrimaryStageWindow   - Target size > screen size
13:11:29.108 [JavaFX Application Thread] DEBUG PrimaryStageWindow   - Target settings size: 960.0 x 832.0
13:11:29.109 [JavaFX Application Thread] DEBUG PrimaryStageWindow   - Scaled scene size:    925.0 x 823.0
13:11:29.109 [JavaFX Application Thread] DEBUG PrimaryStageWindow   - Scaled ratio: (0.9635416666666666, 0.9891826923076923)
13:11:29.110 [JavaFX Application Thread] DEBUG PrimaryStageWindow   - Set initial scene to FXGLStartupScene
13:11:29.118 [JavaFX Application Thread] DEBUG PrimaryStageWindow   - Opening main window
13:11:29.213 [JavaFX Application Thread] DEBUG PrimaryStageWindow   - Window border size: (15.0, 37.79998779296875)
13:11:29.214 [JavaFX Application Thread] DEBUG PrimaryStageWindow   - Scaled size: 925.0 x 823.0
13:11:29.214 [JavaFX Application Thread] DEBUG PrimaryStageWindow   - Scaled ratio: (0.9635416666666666, 0.9891826923076923)
13:11:29.214 [JavaFX Application Thread] DEBUG PrimaryStageWindow   - Scene size: 925.0 x 823.0
13:11:29.214 [JavaFX Application Thread] DEBUG PrimaryStageWindow   - Stage size: 940.0 x 860.7999877929688
13:11:29.223 [FXGL Background Thread 1 ] DEBUG Engine               - Initializing environment variables
13:11:29.258 [FXGL Background Thread 1 ] DEBUG FXGLAssetLoaderServi - User app class for loading assets: class Game
13:11:29.258 [FXGL Background Thread 1 ] DEBUG GameApplicationServi - Applying CSS: fxgl_dark.css
13:11:29.259 [FXGL Background Thread 1 ] DEBUG FXGLAssetLoaderServi - Loading from file system: jar:file:/C:/Users/roan2/.m2/repository/com/github/almasb/fxgl/11.14/fxgl-11.14.jar!/fxglassets/ui/css/fxgl_dark.css
13:11:29.310 [FXGL Background Thread 1 ] DEBUG GameApplicationServi - Initializing application scenes
13:11:29.344 [FXGL Background Thread 1 ] DEBUG GameWorld            - Game world initialized
13:11:29.401 [FXGL Background Thread 1 ] DEBUG PhysicsWorld         - Physics world initialized: appHeight=832, physics.ppm=50.0
13:11:29.401 [FXGL Background Thread 1 ] DEBUG PhysicsWorld         - Using strategy: BRUTE_FORCE
13:11:29.403 [FXGL Background Thread 1 ] DEBUG GameScene            - Game scene initialized: 960x832
13:11:29.438 [FXGL Background Thread 1 ] DEBUG FXGLAssetLoaderServi - Loading from file system: jar:file:/C:/Users/roan2/.m2/repository/com/github/almasb/fxgl/11.14/fxgl-11.14.jar!/fxglassets/textures/particles/trace_horizontal.png
13:11:29.494 [FXGL Background Thread 1 ] DEBUG FXGL.DefaultMenu     - createMenuBodyGameMenu()
13:11:29.510 [FXGL Background Thread 1 ] DEBUG FXGL.DefaultMenu     - createOptionsMenu()
13:11:29.515 [FXGL Background Thread 1 ] DEBUG FXGLAssetLoaderServi - Loading from file system: jar:file:/C:/Users/roan2/.m2/repository/com/github/almasb/fxgl/11.14/fxgl-11.14.jar!/fxglassets/textures/particles/smoke.png
13:11:29.562 [FXGL Background Thread 1 ] DEBUG GameApplicationServi - Application scenes initialized
13:11:29.572 [FXGL Background Thread 1 ] DEBUG SystemBundleService  - Loading FXGL system data
13:11:29.575 [FXGL Background Thread 1 ] DEBUG FileSystemAccess     - Reading from: C:\Users\roan2\Documents\SE-Challengeweek\system\fxgl.bundle
13:11:29.581 [FXGL Background Thread 1 ] DEBUG SystemBundleService  - Bundle FXGL: {}
13:11:29.581 [FXGL Background Thread 1 ] DEBUG UpdaterService       - Checking for updates
13:11:29.587 [FXGL Background Thread 4 ] DEBUG FXGLApplication      - Loading fonts
13:11:29.587 [FXGL Background Thread 1 ] DEBUG FXGLApplication      - Loading default localization
13:11:29.588 [FXGL Background Thread 4 ] DEBUG FXGLAssetLoaderServi - Loading from file system: jar:file:/C:/Users/roan2/.m2/repository/com/github/almasb/fxgl/11.14/fxgl-11.14.jar!/fxglassets/ui/fonts/VarelaRound-Regular.ttf
13:11:29.588 [FXGL Background Thread 1 ] DEBUG FXGLAssetLoaderServi - Loading from file system: jar:file:/C:/Users/roan2/.m2/repository/com/github/almasb/fxgl/11.14/fxgl-11.14.jar!/fxglassets/languages/english.lang
13:11:29.607 [FXGL Background Thread 1 ] INFO  FXGLApplication      - FXGL initialization took: 0.384 sec
13:11:29.614 [JavaFX Application Thread] DEBUG FXGLAssetLoaderServi - Loading from file system: file:/C:/Users/roan2/Documents/SE-Challengeweek/target/classes/assets/textures/sprite.png
13:11:29.642 [JavaFX Application Thread] DEBUG Input                - Registered new binding: action0 - W
13:11:29.643 [JavaFX Application Thread] DEBUG Input                - Registered new binding: action1 - S
13:11:29.643 [JavaFX Application Thread] DEBUG Input                - Registered new binding: action2 - A
13:11:29.644 [JavaFX Application Thread] DEBUG Input                - Registered new binding: action3 - D
13:11:29.644 [JavaFX Application Thread] DEBUG FXGLAssetLoaderServi - Loading from file system: jar:file:/C:/Users/roan2/.m2/repository/com/github/almasb/fxgl/11.14/fxgl-11.14.jar!/fxglassets/textures/fxgl_icon.png
13:11:29.662 [JavaFX Application Thread] DEBUG FXGLAssetLoaderServi - Loading from file system: jar:file:/C:/Users/roan2/.m2/repository/com/github/almasb/fxgl/11.14/fxgl-11.14.jar!/fxglassets/ui/cursors/fxgl_default.png
13:11:29.665 [JavaFX Application Thread] DEBUG Input                - Registered new binding: Screenshot - P
13:11:29.665 [JavaFX Application Thread] DEBUG Input                - Registered new binding: System info dump - CTRL+9
13:11:29.666 [JavaFX Application Thread] DEBUG Input                - Registered new binding: Restart - CTRL+R
13:11:29.666 [JavaFX Application Thread] DEBUG Input                - Registered new binding: Toggle Debug Camera - CTRL+C
13:11:29.668 [FXGL Background Thread 4 ] DEBUG FXGLAssetLoaderServi - Loading from file system: jar:file:/C:/Users/roan2/.m2/repository/com/github/almasb/fxgl/11.14/fxgl-11.14.jar!/fxglassets/ui/fonts/Abel-Regular.ttf
13:11:29.668 [JavaFX Application Thread] DEBUG LoopRunner           - Starting loop
13:11:29.669 [JavaFX Application Thread] DEBUG LoopRunner           - Initializing JavaFX AnimationTimerLoop
13:11:29.670 [JavaFX Application Thread] DEBUG GameApplicationServi - Starting new game
13:11:29.671 [JavaFX Application Thread] DEBUG Input                - Clearing active input actions
13:11:29.671 [FXGL Background Thread 4 ] DEBUG FXGLAssetLoaderServi - Loading from file system: jar:file:/C:/Users/roan2/.m2/repository/com/github/almasb/fxgl/11.14/fxgl-11.14.jar!/fxglassets/ui/fonts/lucida_console.ttf
13:11:29.677 [FXGL Background Thread 4 ] DEBUG FXGLAssetLoaderServi - Loading from file system: jar:file:/C:/Users/roan2/.m2/repository/com/github/almasb/fxgl/11.14/fxgl-11.14.jar!/fxglassets/ui/fonts/Courier-Prime.ttf
13:11:29.684 [JavaFX Application Thread] DEBUG GameApplicationServi - Removing overlay from FXGLStartupScene and adding to FXGLLoadingScene
13:11:29.684 [JavaFX Application Thread] DEBUG PrimaryStageWindow   - FXGLStartupScene -> FXGLLoadingScene
13:11:29.685 [JavaFX Application Thread] DEBUG GameApplicationServi - Clearing previous game
13:11:29.685 [JavaFX Application Thread] DEBUG GameScene            - Clearing game scene
13:11:29.685 [JavaFX Application Thread] DEBUG GameWorld            - Clearing game world
13:11:29.688 [JavaFX Application Thread] DEBUG PhysicsWorld         - Clearing physics world
13:11:29.689 [FXGL Background Thread 4 ] DEBUG FXGLApplication      - Initializing game
13:11:29.692 [FXGL Background Thread 4 ] DEBUG FXGLAssetLoaderServi - Loading from file system: file:/C:/Users/roan2/Documents/SE-Challengeweek/target/classes/assets/textures/wall-1.png
13:11:29.698 [FXGL Background Thread 4 ] DEBUG FXGLAssetLoaderServi - Loading from file system: file:/C:/Users/roan2/Documents/SE-Challengeweek/target/classes/assets/textures/wall-2.png
13:11:29.701 [FXGL Background Thread 4 ] DEBUG FXGLAssetLoaderServi - Loading from file system: file:/C:/Users/roan2/Documents/SE-Challengeweek/target/classes/assets/textures/metal-1.png
13:11:29.724 [FXGL Background Thread 4 ] DEBUG FXGLAssetLoaderServi - Loading from file system: file:/C:/Users/roan2/Documents/SE-Challengeweek/target/classes/assets/textures/box-1.png
13:11:29.724 [JavaFX Application Thread] DEBUG FXGLApplication      - Registering font factories with UI factory
13:11:29.747 [FXGL Background Thread 4 ] DEBUG FXGLAssetLoaderServi - Loading from file system: file:/C:/Users/roan2/Documents/SE-Challengeweek/target/classes/assets/textures/box-2.png
13:11:29.786 [FXGL Background Thread 4 ] INFO  FXGLApplication      - Game initialization took: 0.098 sec
13:11:29.809 [JavaFX Application Thread] DEBUG Input                - Clearing active input actions
13:11:29.830 [JavaFX Application Thread] DEBUG GameApplicationServi - Removing overlay from FXGLLoadingScene and adding to GameScene
13:11:29.831 [JavaFX Application Thread] DEBUG PrimaryStageWindow   - FXGLLoadingScene -> GameScene
13:11:29.962 [FXGL Background Thread 2 ] INFO  UpdaterService       - Your current version:  11.14
13:11:29.962 [FXGL Background Thread 2 ] INFO  UpdaterService       - Latest stable version: 17.1
13:11:32.585 [FXGL Background Thread 3 ] DEBUG Engine               - Logging environment variables
13:11:32.586 [FXGL Background Thread 3 ] DEBUG Engine               - achievements: []
13:11:32.586 [FXGL Background Thread 3 ] DEBUG Engine               - actualHeight: 823.0
13:11:32.586 [FXGL Background Thread 3 ] DEBUG Engine               - actualHeightProperty: ReadOnlyDoubleProperty [value: 823.0]
13:11:32.587 [FXGL Background Thread 3 ] DEBUG Engine               - actualWidth: 925.0
13:11:32.587 [FXGL Background Thread 3 ] DEBUG Engine               - actualWidthProperty: ReadOnlyDoubleProperty [value: 925.0]
13:11:32.587 [FXGL Background Thread 3 ] DEBUG Engine               - appIcon: fxgl_icon.png
13:11:32.587 [FXGL Background Thread 3 ] DEBUG Engine               - applicationMode: DEVELOPER
13:11:32.587 [FXGL Background Thread 3 ] DEBUG Engine               - cSSList: [fxgl_dark.css]
13:11:32.588 [FXGL Background Thread 3 ] DEBUG Engine               - collisionDetectionStrategy: BRUTE_FORCE
13:11:32.588 [FXGL Background Thread 3 ] DEBUG Engine               - configClass: Optional.empty
13:11:32.588 [FXGL Background Thread 3 ] DEBUG Engine               - credits: []
13:11:32.588 [FXGL Background Thread 3 ] DEBUG Engine               - devBBoxColorProperty: ObjectProperty [value: 0xff0000ff]
13:11:32.589 [FXGL Background Thread 3 ] DEBUG Engine               - devEnableDebugCameraProperty: BooleanProperty [value: false]
13:11:32.589 [FXGL Background Thread 3 ] DEBUG Engine               - devSensorColorProperty: ObjectProperty [value: 0xffff00ff]
13:11:32.590 [FXGL Background Thread 3 ] DEBUG Engine               - devShowBBoxProperty: BooleanProperty [value: false]
13:11:32.590 [FXGL Background Thread 3 ] DEBUG Engine               - devShowPositionProperty: BooleanProperty [value: false]
13:11:32.590 [FXGL Background Thread 3 ] DEBUG Engine               - enabledMenuItems: []
13:11:32.591 [FXGL Background Thread 3 ] DEBUG Engine               - engineServices: [class com.almasb.fxgl.app.services.FXGLAssetLoaderService, class com.almasb.fxgl.app.FXGLApplication$GameApplicationService, class com.almasb.fxgl.app.services.FXGLDialogService, class com.almasb.fxgl.app.services.IOTaskExecutorService, class com.almasb.fxgl.event.EventBusService, class com.almasb.fxgl.io.FileSystemService, class com.almasb.fxgl.localization.LocalizationService, class com.almasb.fxgl.app.services.SystemBundleService, class com.almasb.fxgl.profile.SaveLoadService, class com.almasb.fxgl.ui.FXGLUIFactoryServiceProvider, class com.almasb.fxgl.ui.FXGLDialogFactoryServiceProvider, class com.almasb.fxgl.audio.AudioPlayer, class com.almasb.fxgl.notification.impl.NotificationServiceProvider, class com.almasb.fxgl.achievement.AchievementService, class com.almasb.fxgl.cutscene.CutsceneService, class com.almasb.fxgl.minigames.MiniGameService, class com.almasb.fxgl.net.NetService, class com.almasb.fxgl.app.services.UpdaterService, class com.almasb.fxgl.dev.DevService]
13:11:32.591 [FXGL Background Thread 3 ] DEBUG Engine               - fontGame: Abel-Regular.ttf
13:11:32.591 [FXGL Background Thread 3 ] DEBUG Engine               - fontMono: lucida_console.ttf
13:11:32.592 [FXGL Background Thread 3 ] DEBUG Engine               - fontText: Courier-Prime.ttf
13:11:32.592 [FXGL Background Thread 3 ] DEBUG Engine               - fontUI: VarelaRound-Regular.ttf
13:11:32.592 [FXGL Background Thread 3 ] DEBUG Engine               - fullScreen: BooleanProperty [value: false]
13:11:32.592 [FXGL Background Thread 3 ] DEBUG Engine               - gameDifficulty: MEDIUM
13:11:32.593 [FXGL Background Thread 3 ] DEBUG Engine               - gameDifficultyProperty: ObjectProperty [value: MEDIUM]
13:11:32.593 [FXGL Background Thread 3 ] DEBUG Engine               - globalMusicVolume: 0.5
13:11:32.593 [FXGL Background Thread 3 ] DEBUG Engine               - globalMusicVolumeProperty: DoubleProperty [value: 0.5]
13:11:32.593 [FXGL Background Thread 3 ] DEBUG Engine               - globalSoundVolume: 0.5
13:11:32.594 [FXGL Background Thread 3 ] DEBUG Engine               - globalSoundVolumeProperty: DoubleProperty [value: 0.5]
13:11:32.594 [FXGL Background Thread 3 ] DEBUG Engine               - height: 832
13:11:32.595 [FXGL Background Thread 3 ] DEBUG Engine               - isAndroid: false
13:11:32.595 [FXGL Background Thread 3 ] DEBUG Engine               - isBrowser: false
13:11:32.595 [FXGL Background Thread 3 ] DEBUG Engine               - isClickFeedbackEnabled: false
13:11:32.595 [FXGL Background Thread 3 ] DEBUG Engine               - isCloseConfirmation: false
13:11:32.596 [FXGL Background Thread 3 ] DEBUG Engine               - isDesktop: true
13:11:32.596 [FXGL Background Thread 3 ] DEBUG Engine               - isDeveloperMenuEnabled: false
13:11:32.596 [FXGL Background Thread 3 ] DEBUG Engine               - isEntityPreloadEnabled: true
13:11:32.596 [FXGL Background Thread 3 ] DEBUG Engine               - isExperimental3D: false
13:11:32.597 [FXGL Background Thread 3 ] DEBUG Engine               - isExperimentalNative: false
13:11:32.597 [FXGL Background Thread 3 ] DEBUG Engine               - isExperimentalTiledLargeMap: false
13:11:32.597 [FXGL Background Thread 3 ] DEBUG Engine               - isFileSystemWriteAllowed: true
13:11:32.597 [FXGL Background Thread 3 ] DEBUG Engine               - isFullScreenAllowed: false
13:11:32.597 [FXGL Background Thread 3 ] DEBUG Engine               - isFullScreenFromStart: false
13:11:32.598 [FXGL Background Thread 3 ] DEBUG Engine               - isGameMenuEnabled: true
13:11:32.598 [FXGL Background Thread 3 ] DEBUG Engine               - isIOS: false
13:11:32.599 [FXGL Background Thread 3 ] DEBUG Engine               - isIntroEnabled: false
13:11:32.599 [FXGL Background Thread 3 ] DEBUG Engine               - isLinux: false
13:11:32.600 [FXGL Background Thread 3 ] DEBUG Engine               - isMac: false
13:11:32.600 [FXGL Background Thread 3 ] DEBUG Engine               - isMainMenuEnabled: false
13:11:32.600 [FXGL Background Thread 3 ] DEBUG Engine               - isManualResizeEnabled: false
13:11:32.600 [FXGL Background Thread 3 ] DEBUG Engine               - isMobile: false
13:11:32.601 [FXGL Background Thread 3 ] DEBUG Engine               - isPreserveResizeRatio: false
13:11:32.601 [FXGL Background Thread 3 ] DEBUG Engine               - isProfilingEnabled: false
13:11:32.601 [FXGL Background Thread 3 ] DEBUG Engine               - isScaleAffectedOnResize: true
13:11:32.602 [FXGL Background Thread 3 ] DEBUG Engine               - isSingleStep: false
13:11:32.602 [FXGL Background Thread 3 ] DEBUG Engine               - isUserProfileEnabled: false
13:11:32.602 [FXGL Background Thread 3 ] DEBUG Engine               - isWindows: true
13:11:32.602 [FXGL Background Thread 3 ] DEBUG Engine               - language: ObjectProperty [value: ENGLISH]
13:11:32.603 [FXGL Background Thread 3 ] DEBUG Engine               - menuKey: ESCAPE
13:11:32.603 [FXGL Background Thread 3 ] DEBUG Engine               - notificationViewClass: class com.almasb.fxgl.notification.view.XboxNotificationView
13:11:32.603 [FXGL Background Thread 3 ] DEBUG Engine               - pixelsPerMeter: 50.0
13:11:32.604 [FXGL Background Thread 3 ] DEBUG Engine               - platform: WINDOWS
13:11:32.604 [FXGL Background Thread 3 ] DEBUG Engine               - prefHeightProperty: ReadOnlyDoubleProperty [value: 832.0]
13:11:32.605 [FXGL Background Thread 3 ] DEBUG Engine               - prefWidthProperty: ReadOnlyDoubleProperty [value: 960.0]
13:11:32.605 [FXGL Background Thread 3 ] DEBUG Engine               - profileDir: profiles/
13:11:32.605 [FXGL Background Thread 3 ] DEBUG Engine               - profileName: StringProperty [value: DEFAULT]
13:11:32.606 [FXGL Background Thread 3 ] DEBUG Engine               - randomSeed: -1
13:11:32.606 [FXGL Background Thread 3 ] DEBUG Engine               - runtimeInfo: RuntimeInfo(platform=WINDOWS, version=11.14, build=01.03.2021 16.59)
13:11:32.606 [FXGL Background Thread 3 ] DEBUG Engine               - saveFileExt: sav
13:11:32.607 [FXGL Background Thread 3 ] DEBUG Engine               - scaledHeightProp$fxgl: DoubleProperty [bound, value: 823.0]
13:11:32.607 [FXGL Background Thread 3 ] DEBUG Engine               - scaledWidthProp$fxgl: DoubleProperty [bound, value: 925.0]
13:11:32.607 [FXGL Background Thread 3 ] DEBUG Engine               - sceneFactory: com.almasb.fxgl.app.scene.SceneFactory@9fd8fca
13:11:32.608 [FXGL Background Thread 3 ] DEBUG Engine               - secondsIn24h: 60
13:11:32.608 [FXGL Background Thread 3 ] DEBUG Engine               - soundMenuBack: menu/back.wav
13:11:32.608 [FXGL Background Thread 3 ] DEBUG Engine               - soundMenuPress: menu/press.wav
13:11:32.609 [FXGL Background Thread 3 ] DEBUG Engine               - soundMenuSelect: menu/select.wav
13:11:32.609 [FXGL Background Thread 3 ] DEBUG Engine               - soundNotification: core/notification.wav
13:11:32.610 [FXGL Background Thread 3 ] DEBUG Engine               - stageStyle: DECORATED
13:11:32.610 [FXGL Background Thread 3 ] DEBUG Engine               - supportedLanguages: [ENGLISH, FRENCH, GERMAN, HUNGARIAN, RUSSIAN]
13:11:32.610 [FXGL Background Thread 3 ] DEBUG Engine               - ticksPerSecond: -1
13:11:32.611 [FXGL Background Thread 3 ] DEBUG Engine               - title: Bomberman SE
13:11:32.611 [FXGL Background Thread 3 ] DEBUG Engine               - urlGithub: https://github.com/AlmasB/FXGL
13:11:32.611 [FXGL Background Thread 3 ] DEBUG Engine               - urlLeaderboard: http://fxgl-top.herokuapp.com/
13:11:32.612 [FXGL Background Thread 3 ] DEBUG Engine               - urlPOM: https://raw.githubusercontent.com/AlmasB/FXGL/release/README.md
13:11:32.612 [FXGL Background Thread 3 ] DEBUG Engine               - userAppClass: class Game
13:11:32.612 [FXGL Background Thread 3 ] DEBUG Engine               - version: 1.0
13:11:32.613 [FXGL Background Thread 3 ] DEBUG Engine               - versionCheckDays: 7
13:11:32.613 [FXGL Background Thread 3 ] DEBUG Engine               - width: 960
13:11:32.613 [FXGL Background Thread 3 ] DEBUG Engine               - Logging services
13:11:32.614 [FXGL Background Thread 3 ] DEBUG Engine               - class com.almasb.fxgl.app.services.FXGLAssetLoaderService
13:11:32.614 [FXGL Background Thread 3 ] DEBUG Engine               - class com.almasb.fxgl.app.FXGLApplication$GameApplicationService
13:11:32.615 [FXGL Background Thread 3 ] DEBUG Engine               - class com.almasb.fxgl.app.services.FXGLDialogService
13:11:32.615 [FXGL Background Thread 3 ] DEBUG Engine               - class com.almasb.fxgl.app.services.IOTaskExecutorService
13:11:32.616 [FXGL Background Thread 3 ] DEBUG Engine               - class com.almasb.fxgl.event.EventBusService
13:11:32.616 [FXGL Background Thread 3 ] DEBUG Engine               - class com.almasb.fxgl.io.FileSystemService
13:11:32.616 [FXGL Background Thread 3 ] DEBUG Engine               - class com.almasb.fxgl.localization.LocalizationService
13:11:32.617 [FXGL Background Thread 3 ] DEBUG Engine               - class com.almasb.fxgl.app.services.SystemBundleService
13:11:32.617 [FXGL Background Thread 3 ] DEBUG Engine               - class com.almasb.fxgl.profile.SaveLoadService
13:11:32.617 [FXGL Background Thread 3 ] DEBUG Engine               - class com.almasb.fxgl.ui.FXGLUIFactoryServiceProvider
13:11:32.618 [FXGL Background Thread 3 ] DEBUG Engine               - class com.almasb.fxgl.ui.FXGLDialogFactoryServiceProvider
13:11:32.618 [FXGL Background Thread 3 ] DEBUG Engine               - class com.almasb.fxgl.audio.AudioPlayer
13:11:32.618 [FXGL Background Thread 3 ] DEBUG Engine               - class com.almasb.fxgl.notification.impl.NotificationServiceProvider
13:11:32.618 [FXGL Background Thread 3 ] DEBUG Engine               - class com.almasb.fxgl.achievement.AchievementService
13:11:32.619 [FXGL Background Thread 3 ] DEBUG Engine               - class com.almasb.fxgl.cutscene.CutsceneService
13:11:32.619 [FXGL Background Thread 3 ] DEBUG Engine               - class com.almasb.fxgl.minigames.MiniGameService
13:11:32.619 [FXGL Background Thread 3 ] DEBUG Engine               - class com.almasb.fxgl.net.NetService
13:11:32.620 [FXGL Background Thread 3 ] DEBUG Engine               - class com.almasb.fxgl.app.services.UpdaterService
13:11:32.620 [FXGL Background Thread 3 ] DEBUG Engine               - class com.almasb.fxgl.dev.DevService
13:11:34.167 [JavaFX Application Thread] DEBUG FXGLApplication      - Exiting FXGL
13:11:34.167 [JavaFX Application Thread] DEBUG LoopRunner           - Stopping loop
13:11:34.167 [JavaFX Application Thread] DEBUG SystemBundleService  - Saving FXGL system data
13:11:34.170 [JavaFX Application Thread] DEBUG FileSystemAccess     - Writing to: C:\Users\roan2\Documents\SE-Challengeweek\system\fxgl.bundle
13:11:34.171 [JavaFX Application Thread] DEBUG Async                - Shutting down background threads
13:11:34.172 [JavaFX Application Thread] DEBUG PrimaryStageWindow   - Closing main window
13:11:34.185 [JavaFX Application Thread] DEBUG Logger               - Closing Logger
