14:09:19.301 [main                     ] DEBUG Logger               - Configured Logger
14:09:19.304 [main                     ] DEBUG GameApplication      - Logging settings
Title: Untitled
Version: 0.0
Width: 1050
Height: 700
Fullscreen: false
Intro: false
Profiling: false
Single step:false
App Mode: DEVELOPER
Menu Key: ESCAPE
Stage Style: DECORATED
Scene Factory: class com.almasb.fxgl.app.scene.SceneFactory

14:09:19.563 [JavaFX Application Thread] DEBUG FXGLApplication      - Initializing FXGL
14:09:19.565 [JavaFX Application Thread] INFO  Engine               - FXGL-11.14 (01.03.2021 16.59) on WINDOWS (J:15.0.2 FX:15)
14:09:19.565 [JavaFX Application Thread] DEBUG Engine               - JRE Vendor Name: Amazon.com Inc.
14:09:19.565 [JavaFX Application Thread] DEBUG Engine               - Running on OS: Windows 10 version 10.0
14:09:19.565 [JavaFX Application Thread] DEBUG Engine               - Architecture: amd64
14:09:19.565 [JavaFX Application Thread] INFO  Engine               - Source code and latest versions at: https://github.com/AlmasB/FXGL
14:09:19.565 [JavaFX Application Thread] INFO  Engine               -              Join the FXGL chat at: https://gitter.im/AlmasB/FXGL
14:09:19.658 [JavaFX Application Thread] DEBUG PrimaryStageWindow   - Creating a JavaFX scene
14:09:19.701 [JavaFX Application Thread] DEBUG PrimaryStageWindow   - Target settings size: 1050.0 x 700.0
14:09:19.701 [JavaFX Application Thread] DEBUG PrimaryStageWindow   - Scaled scene size:    1050.0 x 700.0
14:09:19.701 [JavaFX Application Thread] DEBUG PrimaryStageWindow   - Scaled ratio: (1.0, 1.0)
14:09:19.702 [JavaFX Application Thread] DEBUG PrimaryStageWindow   - Set initial scene to FXGLStartupScene
14:09:19.707 [JavaFX Application Thread] DEBUG PrimaryStageWindow   - Opening main window
14:09:19.774 [JavaFX Application Thread] DEBUG PrimaryStageWindow   - Window border size: (14.800048828125, 37.5999755859375)
14:09:19.774 [JavaFX Application Thread] DEBUG PrimaryStageWindow   - Scaled size: 1050.0 x 700.0
14:09:19.774 [JavaFX Application Thread] DEBUG PrimaryStageWindow   - Scaled ratio: (1.0, 1.0)
14:09:19.774 [JavaFX Application Thread] DEBUG PrimaryStageWindow   - Scene size: 1050.0 x 700.0
14:09:19.775 [JavaFX Application Thread] DEBUG PrimaryStageWindow   - Stage size: 1064.800048828125 x 737.5999755859375
14:09:19.784 [FXGL Background Thread 1 ] DEBUG Engine               - Initializing environment variables
14:09:19.810 [FXGL Background Thread 1 ] DEBUG FXGLAssetLoaderServi - User app class for loading assets: class Game
14:09:19.810 [FXGL Background Thread 1 ] DEBUG GameApplicationServi - Applying CSS: fxgl_dark.css
14:09:19.811 [FXGL Background Thread 1 ] DEBUG FXGLAssetLoaderServi - Loading from file system: jar:file:/C:/Users/roan2/.m2/repository/com/github/almasb/fxgl/11.14/fxgl-11.14.jar!/fxglassets/ui/css/fxgl_dark.css
14:09:19.850 [FXGL Background Thread 1 ] DEBUG GameApplicationServi - Initializing application scenes
14:09:19.877 [FXGL Background Thread 1 ] DEBUG GameWorld            - Game world initialized
14:09:19.916 [FXGL Background Thread 1 ] DEBUG PhysicsWorld         - Physics world initialized: appHeight=700, physics.ppm=50.0
14:09:19.917 [FXGL Background Thread 1 ] DEBUG PhysicsWorld         - Using strategy: BRUTE_FORCE
14:09:19.919 [FXGL Background Thread 1 ] DEBUG GameScene            - Game scene initialized: 1050x700
14:09:19.944 [FXGL Background Thread 1 ] DEBUG FXGLAssetLoaderServi - Loading from file system: jar:file:/C:/Users/roan2/.m2/repository/com/github/almasb/fxgl/11.14/fxgl-11.14.jar!/fxglassets/textures/particles/trace_horizontal.png
14:09:19.979 [FXGL Background Thread 1 ] DEBUG FXGL.DefaultMenu     - createMenuBodyGameMenu()
14:09:19.994 [FXGL Background Thread 1 ] DEBUG FXGL.DefaultMenu     - createOptionsMenu()
14:09:19.998 [FXGL Background Thread 1 ] DEBUG FXGLAssetLoaderServi - Loading from file system: jar:file:/C:/Users/roan2/.m2/repository/com/github/almasb/fxgl/11.14/fxgl-11.14.jar!/fxglassets/textures/particles/smoke.png
14:09:20.031 [FXGL Background Thread 1 ] DEBUG GameApplicationServi - Application scenes initialized
14:09:20.038 [FXGL Background Thread 1 ] DEBUG SystemBundleService  - Loading FXGL system data
14:09:20.042 [FXGL Background Thread 1 ] DEBUG FileSystemAccess     - Reading from: C:\Users\roan2\Documents\SE-Challengeweek\system\fxgl.bundle
14:09:20.047 [FXGL Background Thread 1 ] DEBUG SystemBundleService  - Bundle FXGL: {}
14:09:20.047 [FXGL Background Thread 1 ] DEBUG UpdaterService       - Checking for updates
14:09:20.051 [FXGL Background Thread 4 ] DEBUG FXGLApplication      - Loading fonts
14:09:20.051 [FXGL Background Thread 1 ] DEBUG FXGLApplication      - Loading default localization
14:09:20.051 [FXGL Background Thread 4 ] DEBUG FXGLAssetLoaderServi - Loading from file system: jar:file:/C:/Users/roan2/.m2/repository/com/github/almasb/fxgl/11.14/fxgl-11.14.jar!/fxglassets/ui/fonts/VarelaRound-Regular.ttf
14:09:20.051 [FXGL Background Thread 1 ] DEBUG FXGLAssetLoaderServi - Loading from file system: jar:file:/C:/Users/roan2/.m2/repository/com/github/almasb/fxgl/11.14/fxgl-11.14.jar!/fxglassets/languages/english.lang
14:09:20.063 [FXGL Background Thread 1 ] INFO  FXGLApplication      - FXGL initialization took: 0.280 sec
14:09:20.074 [JavaFX Application Thread] DEBUG Input                - Registered new binding: up - W
14:09:20.074 [JavaFX Application Thread] DEBUG Input                - Registered new binding: down - S
14:09:20.074 [JavaFX Application Thread] DEBUG Input                - Registered new binding: left - A
14:09:20.075 [JavaFX Application Thread] DEBUG Input                - Registered new binding: right - D
14:09:20.075 [JavaFX Application Thread] DEBUG Input                - Registered new binding: Place Bomb - F
14:09:20.076 [JavaFX Application Thread] DEBUG FXGLAssetLoaderServi - Loading from file system: jar:file:/C:/Users/roan2/.m2/repository/com/github/almasb/fxgl/11.14/fxgl-11.14.jar!/fxglassets/textures/fxgl_icon.png
14:09:20.093 [JavaFX Application Thread] DEBUG FXGLAssetLoaderServi - Loading from file system: jar:file:/C:/Users/roan2/.m2/repository/com/github/almasb/fxgl/11.14/fxgl-11.14.jar!/fxglassets/ui/cursors/fxgl_default.png
14:09:20.095 [JavaFX Application Thread] DEBUG Input                - Registered new binding: Screenshot - P
14:09:20.095 [JavaFX Application Thread] DEBUG Input                - Registered new binding: System info dump - CTRL+9
14:09:20.096 [JavaFX Application Thread] DEBUG Input                - Registered new binding: Restart - CTRL+R
14:09:20.096 [JavaFX Application Thread] DEBUG Input                - Registered new binding: Toggle Debug Camera - CTRL+C
14:09:20.098 [JavaFX Application Thread] DEBUG LoopRunner           - Starting loop
14:09:20.098 [JavaFX Application Thread] DEBUG LoopRunner           - Initializing JavaFX AnimationTimerLoop
14:09:20.099 [JavaFX Application Thread] DEBUG GameApplicationServi - Starting new game
14:09:20.100 [JavaFX Application Thread] DEBUG Input                - Clearing active input actions
14:09:20.108 [JavaFX Application Thread] DEBUG GameApplicationServi - Removing overlay from FXGLStartupScene and adding to FXGLLoadingScene
14:09:20.109 [JavaFX Application Thread] DEBUG PrimaryStageWindow   - FXGLStartupScene -> FXGLLoadingScene
14:09:20.109 [JavaFX Application Thread] DEBUG GameApplicationServi - Clearing previous game
14:09:20.109 [JavaFX Application Thread] DEBUG GameScene            - Clearing game scene
14:09:20.109 [JavaFX Application Thread] DEBUG GameWorld            - Clearing game world
14:09:20.109 [JavaFX Application Thread] DEBUG PhysicsWorld         - Clearing physics world
14:09:20.110 [FXGL Background Thread 1 ] DEBUG FXGLApplication      - Initializing game
14:09:20.123 [FXGL Background Thread 4 ] DEBUG FXGLAssetLoaderServi - Loading from file system: jar:file:/C:/Users/roan2/.m2/repository/com/github/almasb/fxgl/11.14/fxgl-11.14.jar!/fxglassets/ui/fonts/Abel-Regular.ttf
14:09:20.126 [FXGL Background Thread 4 ] DEBUG FXGLAssetLoaderServi - Loading from file system: jar:file:/C:/Users/roan2/.m2/repository/com/github/almasb/fxgl/11.14/fxgl-11.14.jar!/fxglassets/ui/fonts/lucida_console.ttf
14:09:20.130 [FXGL Background Thread 4 ] DEBUG FXGLAssetLoaderServi - Loading from file system: jar:file:/C:/Users/roan2/.m2/repository/com/github/almasb/fxgl/11.14/fxgl-11.14.jar!/fxglassets/ui/fonts/Courier-Prime.ttf
14:09:20.131 [FXGL Background Thread 1 ] WARN  TMXLevelLoader       - TiledMap generated from 1.0.1. Supported version: 1.2.3. Some features may not be parsed fully.
14:09:20.136 [FXGL Background Thread 1 ] DEBUG TMXLevelLoader       - Parsed raw map: TiledMap(width=15, height=10, tilewidth=70, tileheight=70, orientation=orthogonal, layers=[Layer(width=15, height=10, name=Tile Layer 1, type=tilelayer, visible=false, x=0, y=0, data=[73, 73, 73, 73, 73, 73, 73, 73, 73, 73, 73, 73, 73, 73, 73, 73, 0, 0, 133, 0, 133, 0, 133, 0, 133, 0, 133, 0, 0, 73, 73, 0, 128, 0, 128, 0, 128, 0, 128, 0, 128, 0, 128, 0, 73, 73, 133, 0, 133, 0, 133, 0, 133, 0, 133, 0, 133, 0, 133, 73, 73, 0, 128, 0, 128, 0, 128, 0, 128, 0, 128, 0, 128, 0, 73, 73, 0, 128, 0, 128, 0, 128, 0, 128, 0, 128, 0, 128, 0, 73, 73, 133, 0, 133, 0, 133, 0, 133, 0, 133, 0, 133, 0, 133, 73, 73, 0, 128, 0, 128, 0, 128, 0, 128, 0, 128, 0, 128, 0, 73, 73, 0, 0, 133, 0, 133, 0, 133, 0, 133, 0, 133, 0, 0, 73, 73, 73, 73, 73, 73, 73, 73, 73, 73, 73, 73, 73, 73, 73, 73], objects=[], opacity=0.0, draworder=), Layer(width=0, height=0, name=Object Layer 1, type=objectgroup, visible=false, x=0, y=0, data=[], objects=[com.almasb.fxgl.entity.level.tiled.TiledObject@6d4b423a, com.almasb.fxgl.entity.level.tiled.TiledObject@4a955ca4, com.almasb.fxgl.entity.level.tiled.TiledObject@6b5416e2, com.almasb.fxgl.entity.level.tiled.TiledObject@3f002d68], opacity=0.0, draworder=)], tilesets=[Tileset(firstgid=1, image=../Pictures/tiles_spritesheet.png, name=tiles_spritesheet, tilewidth=70, tileheight=70, imagewidth=914, imageheight=936, margin=0, spacing=2, columns=12, tilecount=156, transparentcolor=, tiles=[])], backgroundcolor=, renderorder=right-down, nextobjectid=7, version=1, tiledversion=1.0.1, type=map, infinite=false, hexsidelength=0, staggeraxis=, staggerindex=, properties={}, propertytypes={})
14:09:20.137 [FXGL Background Thread 1 ] DEBUG TMXLevelLoader       - Creating tile layer entities
14:09:20.138 [FXGL Background Thread 1 ] DEBUG TilesetLoader        - Loading view for layer Tile Layer 1
14:09:20.139 [FXGL Background Thread 1 ] DEBUG TilesetLoader        - Created buffer with size 1050.0x700.0
14:09:20.143 [JavaFX Application Thread] DEBUG FXGLApplication      - Registering font factories with UI factory
14:09:20.182 [FXGL Background Thread 1 ] DEBUG TilesetLoader        - Writing to buffer: dst=0,0, w=70,h=70, src=0,432
14:09:20.182 [FXGL Background Thread 1 ] DEBUG TilesetLoader        - Writing to buffer: dst=70,0, w=70,h=70, src=0,432
14:09:20.183 [FXGL Background Thread 1 ] DEBUG TilesetLoader        - Writing to buffer: dst=140,0, w=70,h=70, src=0,432
14:09:20.183 [FXGL Background Thread 1 ] DEBUG TilesetLoader        - Writing to buffer: dst=210,0, w=70,h=70, src=0,432
14:09:20.183 [FXGL Background Thread 1 ] DEBUG TilesetLoader        - Writing to buffer: dst=280,0, w=70,h=70, src=0,432
14:09:20.183 [FXGL Background Thread 1 ] DEBUG TilesetLoader        - Writing to buffer: dst=350,0, w=70,h=70, src=0,432
14:09:20.183 [FXGL Background Thread 1 ] DEBUG TilesetLoader        - Writing to buffer: dst=420,0, w=70,h=70, src=0,432
14:09:20.183 [FXGL Background Thread 1 ] DEBUG TilesetLoader        - Writing to buffer: dst=490,0, w=70,h=70, src=0,432
14:09:20.183 [FXGL Background Thread 1 ] DEBUG TilesetLoader        - Writing to buffer: dst=560,0, w=70,h=70, src=0,432
14:09:20.183 [FXGL Background Thread 1 ] DEBUG TilesetLoader        - Writing to buffer: dst=630,0, w=70,h=70, src=0,432
14:09:20.183 [FXGL Background Thread 1 ] DEBUG TilesetLoader        - Writing to buffer: dst=700,0, w=70,h=70, src=0,432
14:09:20.184 [FXGL Background Thread 1 ] DEBUG TilesetLoader        - Writing to buffer: dst=770,0, w=70,h=70, src=0,432
14:09:20.184 [FXGL Background Thread 1 ] DEBUG TilesetLoader        - Writing to buffer: dst=840,0, w=70,h=70, src=0,432
14:09:20.184 [FXGL Background Thread 1 ] DEBUG TilesetLoader        - Writing to buffer: dst=910,0, w=70,h=70, src=0,432
14:09:20.184 [FXGL Background Thread 1 ] DEBUG TilesetLoader        - Writing to buffer: dst=980,0, w=70,h=70, src=0,432
14:09:20.184 [FXGL Background Thread 1 ] DEBUG TilesetLoader        - Writing to buffer: dst=0,70, w=70,h=70, src=0,432
14:09:20.185 [FXGL Background Thread 1 ] DEBUG TilesetLoader        - Writing to buffer: dst=210,70, w=70,h=70, src=0,792
14:09:20.185 [FXGL Background Thread 1 ] DEBUG TilesetLoader        - Writing to buffer: dst=350,70, w=70,h=70, src=0,792
14:09:20.185 [FXGL Background Thread 1 ] DEBUG TilesetLoader        - Writing to buffer: dst=490,70, w=70,h=70, src=0,792
14:09:20.185 [FXGL Background Thread 1 ] DEBUG TilesetLoader        - Writing to buffer: dst=630,70, w=70,h=70, src=0,792
14:09:20.185 [FXGL Background Thread 1 ] DEBUG TilesetLoader        - Writing to buffer: dst=770,70, w=70,h=70, src=0,792
14:09:20.185 [FXGL Background Thread 1 ] DEBUG TilesetLoader        - Writing to buffer: dst=980,70, w=70,h=70, src=0,432
14:09:20.185 [FXGL Background Thread 1 ] DEBUG TilesetLoader        - Writing to buffer: dst=0,140, w=70,h=70, src=0,432
14:09:20.186 [FXGL Background Thread 1 ] DEBUG TilesetLoader        - Writing to buffer: dst=140,140, w=70,h=70, src=504,720
14:09:20.186 [FXGL Background Thread 1 ] DEBUG TilesetLoader        - Writing to buffer: dst=280,140, w=70,h=70, src=504,720
14:09:20.186 [FXGL Background Thread 1 ] DEBUG TilesetLoader        - Writing to buffer: dst=420,140, w=70,h=70, src=504,720
14:09:20.186 [FXGL Background Thread 1 ] DEBUG TilesetLoader        - Writing to buffer: dst=560,140, w=70,h=70, src=504,720
14:09:20.186 [FXGL Background Thread 1 ] DEBUG TilesetLoader        - Writing to buffer: dst=700,140, w=70,h=70, src=504,720
14:09:20.186 [FXGL Background Thread 1 ] DEBUG TilesetLoader        - Writing to buffer: dst=840,140, w=70,h=70, src=504,720
14:09:20.186 [FXGL Background Thread 1 ] DEBUG TilesetLoader        - Writing to buffer: dst=980,140, w=70,h=70, src=0,432
14:09:20.186 [FXGL Background Thread 1 ] DEBUG TilesetLoader        - Writing to buffer: dst=0,210, w=70,h=70, src=0,432
14:09:20.186 [FXGL Background Thread 1 ] DEBUG TilesetLoader        - Writing to buffer: dst=70,210, w=70,h=70, src=0,792
14:09:20.187 [FXGL Background Thread 1 ] DEBUG TilesetLoader        - Writing to buffer: dst=210,210, w=70,h=70, src=0,792
14:09:20.187 [FXGL Background Thread 1 ] DEBUG TilesetLoader        - Writing to buffer: dst=350,210, w=70,h=70, src=0,792
14:09:20.187 [FXGL Background Thread 1 ] DEBUG TilesetLoader        - Writing to buffer: dst=490,210, w=70,h=70, src=0,792
14:09:20.187 [FXGL Background Thread 1 ] DEBUG TilesetLoader        - Writing to buffer: dst=630,210, w=70,h=70, src=0,792
14:09:20.188 [FXGL Background Thread 1 ] DEBUG TilesetLoader        - Writing to buffer: dst=770,210, w=70,h=70, src=0,792
14:09:20.188 [FXGL Background Thread 1 ] DEBUG TilesetLoader        - Writing to buffer: dst=910,210, w=70,h=70, src=0,792
14:09:20.188 [FXGL Background Thread 1 ] DEBUG TilesetLoader        - Writing to buffer: dst=980,210, w=70,h=70, src=0,432
14:09:20.188 [FXGL Background Thread 1 ] DEBUG TilesetLoader        - Writing to buffer: dst=0,280, w=70,h=70, src=0,432
14:09:20.188 [FXGL Background Thread 1 ] DEBUG TilesetLoader        - Writing to buffer: dst=140,280, w=70,h=70, src=504,720
14:09:20.188 [FXGL Background Thread 1 ] DEBUG TilesetLoader        - Writing to buffer: dst=280,280, w=70,h=70, src=504,720
14:09:20.188 [FXGL Background Thread 1 ] DEBUG TilesetLoader        - Writing to buffer: dst=420,280, w=70,h=70, src=504,720
14:09:20.189 [FXGL Background Thread 1 ] DEBUG TilesetLoader        - Writing to buffer: dst=560,280, w=70,h=70, src=504,720
14:09:20.189 [FXGL Background Thread 1 ] DEBUG TilesetLoader        - Writing to buffer: dst=700,280, w=70,h=70, src=504,720
14:09:20.189 [FXGL Background Thread 1 ] DEBUG TilesetLoader        - Writing to buffer: dst=840,280, w=70,h=70, src=504,720
14:09:20.189 [FXGL Background Thread 1 ] DEBUG TilesetLoader        - Writing to buffer: dst=980,280, w=70,h=70, src=0,432
14:09:20.189 [FXGL Background Thread 1 ] DEBUG TilesetLoader        - Writing to buffer: dst=0,350, w=70,h=70, src=0,432
14:09:20.190 [FXGL Background Thread 1 ] DEBUG TilesetLoader        - Writing to buffer: dst=140,350, w=70,h=70, src=504,720
14:09:20.190 [FXGL Background Thread 1 ] DEBUG TilesetLoader        - Writing to buffer: dst=280,350, w=70,h=70, src=504,720
14:09:20.190 [FXGL Background Thread 1 ] DEBUG TilesetLoader        - Writing to buffer: dst=420,350, w=70,h=70, src=504,720
14:09:20.190 [FXGL Background Thread 1 ] DEBUG TilesetLoader        - Writing to buffer: dst=560,350, w=70,h=70, src=504,720
14:09:20.190 [FXGL Background Thread 1 ] DEBUG TilesetLoader        - Writing to buffer: dst=700,350, w=70,h=70, src=504,720
14:09:20.190 [FXGL Background Thread 1 ] DEBUG TilesetLoader        - Writing to buffer: dst=840,350, w=70,h=70, src=504,720
14:09:20.191 [FXGL Background Thread 1 ] DEBUG TilesetLoader        - Writing to buffer: dst=980,350, w=70,h=70, src=0,432
14:09:20.191 [FXGL Background Thread 1 ] DEBUG TilesetLoader        - Writing to buffer: dst=0,420, w=70,h=70, src=0,432
14:09:20.191 [FXGL Background Thread 1 ] DEBUG TilesetLoader        - Writing to buffer: dst=70,420, w=70,h=70, src=0,792
14:09:20.191 [FXGL Background Thread 1 ] DEBUG TilesetLoader        - Writing to buffer: dst=210,420, w=70,h=70, src=0,792
14:09:20.191 [FXGL Background Thread 1 ] DEBUG TilesetLoader        - Writing to buffer: dst=350,420, w=70,h=70, src=0,792
14:09:20.191 [FXGL Background Thread 1 ] DEBUG TilesetLoader        - Writing to buffer: dst=490,420, w=70,h=70, src=0,792
14:09:20.191 [FXGL Background Thread 1 ] DEBUG TilesetLoader        - Writing to buffer: dst=630,420, w=70,h=70, src=0,792
14:09:20.191 [FXGL Background Thread 1 ] DEBUG TilesetLoader        - Writing to buffer: dst=770,420, w=70,h=70, src=0,792
14:09:20.191 [FXGL Background Thread 1 ] DEBUG TilesetLoader        - Writing to buffer: dst=910,420, w=70,h=70, src=0,792
14:09:20.192 [FXGL Background Thread 1 ] DEBUG TilesetLoader        - Writing to buffer: dst=980,420, w=70,h=70, src=0,432
14:09:20.192 [FXGL Background Thread 1 ] DEBUG TilesetLoader        - Writing to buffer: dst=0,490, w=70,h=70, src=0,432
14:09:20.192 [FXGL Background Thread 1 ] DEBUG TilesetLoader        - Writing to buffer: dst=140,490, w=70,h=70, src=504,720
14:09:20.192 [FXGL Background Thread 1 ] DEBUG TilesetLoader        - Writing to buffer: dst=280,490, w=70,h=70, src=504,720
14:09:20.192 [FXGL Background Thread 1 ] DEBUG TilesetLoader        - Writing to buffer: dst=420,490, w=70,h=70, src=504,720
14:09:20.192 [FXGL Background Thread 1 ] DEBUG TilesetLoader        - Writing to buffer: dst=560,490, w=70,h=70, src=504,720
14:09:20.192 [FXGL Background Thread 1 ] DEBUG TilesetLoader        - Writing to buffer: dst=700,490, w=70,h=70, src=504,720
14:09:20.192 [FXGL Background Thread 1 ] DEBUG TilesetLoader        - Writing to buffer: dst=840,490, w=70,h=70, src=504,720
14:09:20.192 [FXGL Background Thread 1 ] DEBUG TilesetLoader        - Writing to buffer: dst=980,490, w=70,h=70, src=0,432
14:09:20.192 [FXGL Background Thread 1 ] DEBUG TilesetLoader        - Writing to buffer: dst=0,560, w=70,h=70, src=0,432
14:09:20.193 [FXGL Background Thread 1 ] DEBUG TilesetLoader        - Writing to buffer: dst=210,560, w=70,h=70, src=0,792
14:09:20.193 [FXGL Background Thread 1 ] DEBUG TilesetLoader        - Writing to buffer: dst=350,560, w=70,h=70, src=0,792
14:09:20.193 [FXGL Background Thread 1 ] DEBUG TilesetLoader        - Writing to buffer: dst=490,560, w=70,h=70, src=0,792
14:09:20.193 [FXGL Background Thread 1 ] DEBUG TilesetLoader        - Writing to buffer: dst=630,560, w=70,h=70, src=0,792
14:09:20.193 [FXGL Background Thread 1 ] DEBUG TilesetLoader        - Writing to buffer: dst=770,560, w=70,h=70, src=0,792
14:09:20.193 [FXGL Background Thread 1 ] DEBUG TilesetLoader        - Writing to buffer: dst=980,560, w=70,h=70, src=0,432
14:09:20.193 [FXGL Background Thread 1 ] DEBUG TilesetLoader        - Writing to buffer: dst=0,630, w=70,h=70, src=0,432
14:09:20.193 [FXGL Background Thread 1 ] DEBUG TilesetLoader        - Writing to buffer: dst=70,630, w=70,h=70, src=0,432
14:09:20.193 [FXGL Background Thread 1 ] DEBUG TilesetLoader        - Writing to buffer: dst=140,630, w=70,h=70, src=0,432
14:09:20.193 [FXGL Background Thread 1 ] DEBUG TilesetLoader        - Writing to buffer: dst=210,630, w=70,h=70, src=0,432
14:09:20.194 [FXGL Background Thread 1 ] DEBUG TilesetLoader        - Writing to buffer: dst=280,630, w=70,h=70, src=0,432
14:09:20.194 [FXGL Background Thread 1 ] DEBUG TilesetLoader        - Writing to buffer: dst=350,630, w=70,h=70, src=0,432
14:09:20.194 [FXGL Background Thread 1 ] DEBUG TilesetLoader        - Writing to buffer: dst=420,630, w=70,h=70, src=0,432
14:09:20.194 [FXGL Background Thread 1 ] DEBUG TilesetLoader        - Writing to buffer: dst=490,630, w=70,h=70, src=0,432
14:09:20.194 [FXGL Background Thread 1 ] DEBUG TilesetLoader        - Writing to buffer: dst=560,630, w=70,h=70, src=0,432
14:09:20.194 [FXGL Background Thread 1 ] DEBUG TilesetLoader        - Writing to buffer: dst=630,630, w=70,h=70, src=0,432
14:09:20.194 [FXGL Background Thread 1 ] DEBUG TilesetLoader        - Writing to buffer: dst=700,630, w=70,h=70, src=0,432
14:09:20.194 [FXGL Background Thread 1 ] DEBUG TilesetLoader        - Writing to buffer: dst=770,630, w=70,h=70, src=0,432
14:09:20.194 [FXGL Background Thread 1 ] DEBUG TilesetLoader        - Writing to buffer: dst=840,630, w=70,h=70, src=0,432
14:09:20.194 [FXGL Background Thread 1 ] DEBUG TilesetLoader        - Writing to buffer: dst=910,630, w=70,h=70, src=0,432
14:09:20.194 [FXGL Background Thread 1 ] DEBUG TilesetLoader        - Writing to buffer: dst=980,630, w=70,h=70, src=0,432
14:09:20.195 [FXGL Background Thread 1 ] DEBUG TMXLevelLoader       - Creating object layer entities
14:09:20.206 [FXGL Background Thread 1 ] DEBUG GameWorld            - Clearing removable entities
14:09:20.206 [FXGL Background Thread 1 ] DEBUG GameWorld            - Setting level: com.almasb.fxgl.entity.level.Level@5967ccd4
14:09:20.213 [FXGL Background Thread 1 ] DEBUG FXGLAssetLoaderServi - Loading from file system: file:/C:/Users/roan2/Documents/SE-Challengeweek/target/classes/assets/textures/player_1_move_down.png
14:09:20.219 [FXGL Background Thread 1 ] INFO  FXGLApplication      - Game initialization took: 0.109 sec
14:09:20.228 [JavaFX Application Thread] DEBUG Input                - Clearing active input actions
14:09:20.236 [JavaFX Application Thread] DEBUG GameApplicationServi - Removing overlay from FXGLLoadingScene and adding to GameScene
14:09:20.236 [JavaFX Application Thread] DEBUG PrimaryStageWindow   - FXGLLoadingScene -> GameScene
14:09:20.240 [JavaFX Application Thread] DEBUG FXGLAssetLoaderServi - Loading from file system: file:/C:/Users/roan2/Documents/SE-Challengeweek/target/classes/assets/textures/player_1_idle_down.png
14:09:20.346 [FXGL Background Thread 2 ] INFO  UpdaterService       - Your current version:  11.14
14:09:20.346 [FXGL Background Thread 2 ] INFO  UpdaterService       - Latest stable version: 17.1
14:09:22.079 [JavaFX Application Thread] DEBUG FXGLAssetLoaderServi - Loading from file system: file:/C:/Users/roan2/Documents/SE-Challengeweek/target/classes/assets/textures/player_1_move_right.png
14:09:22.224 [JavaFX Application Thread] DEBUG FXGLAssetLoaderServi - Loading from file system: file:/C:/Users/roan2/Documents/SE-Challengeweek/target/classes/assets/textures/player_1_idle_right.png
14:09:22.351 [JavaFX Application Thread] DEBUG FXGLAssetLoaderServi - Loading from file system: file:/C:/Users/roan2/Documents/SE-Challengeweek/target/classes/assets/textures/player_1_move_Up.png
14:09:23.051 [FXGL Background Thread 3 ] DEBUG Engine               - Logging environment variables
14:09:23.051 [FXGL Background Thread 3 ] DEBUG Engine               - achievements: []
14:09:23.051 [FXGL Background Thread 3 ] DEBUG Engine               - actualHeight: 700.0
14:09:23.051 [FXGL Background Thread 3 ] DEBUG Engine               - actualHeightProperty: ReadOnlyDoubleProperty [value: 700.0]
14:09:23.051 [FXGL Background Thread 3 ] DEBUG Engine               - actualWidth: 1050.0
14:09:23.051 [FXGL Background Thread 3 ] DEBUG Engine               - actualWidthProperty: ReadOnlyDoubleProperty [value: 1050.0]
14:09:23.051 [FXGL Background Thread 3 ] DEBUG Engine               - appIcon: fxgl_icon.png
14:09:23.051 [FXGL Background Thread 3 ] DEBUG Engine               - applicationMode: DEVELOPER
14:09:23.051 [FXGL Background Thread 3 ] DEBUG Engine               - cSSList: [fxgl_dark.css]
14:09:23.051 [FXGL Background Thread 3 ] DEBUG Engine               - collisionDetectionStrategy: BRUTE_FORCE
14:09:23.052 [FXGL Background Thread 3 ] DEBUG Engine               - configClass: Optional.empty
14:09:23.052 [FXGL Background Thread 3 ] DEBUG Engine               - credits: []
14:09:23.052 [FXGL Background Thread 3 ] DEBUG Engine               - devBBoxColorProperty: ObjectProperty [value: 0xff0000ff]
14:09:23.052 [FXGL Background Thread 3 ] DEBUG Engine               - devEnableDebugCameraProperty: BooleanProperty [value: false]
14:09:23.052 [FXGL Background Thread 3 ] DEBUG Engine               - devSensorColorProperty: ObjectProperty [value: 0xffff00ff]
14:09:23.052 [FXGL Background Thread 3 ] DEBUG Engine               - devShowBBoxProperty: BooleanProperty [value: false]
14:09:23.052 [FXGL Background Thread 3 ] DEBUG Engine               - devShowPositionProperty: BooleanProperty [value: false]
14:09:23.052 [FXGL Background Thread 3 ] DEBUG Engine               - enabledMenuItems: []
14:09:23.052 [FXGL Background Thread 3 ] DEBUG Engine               - engineServices: [class com.almasb.fxgl.app.services.FXGLAssetLoaderService, class com.almasb.fxgl.app.FXGLApplication$GameApplicationService, class com.almasb.fxgl.app.services.FXGLDialogService, class com.almasb.fxgl.app.services.IOTaskExecutorService, class com.almasb.fxgl.event.EventBusService, class com.almasb.fxgl.io.FileSystemService, class com.almasb.fxgl.localization.LocalizationService, class com.almasb.fxgl.app.services.SystemBundleService, class com.almasb.fxgl.profile.SaveLoadService, class com.almasb.fxgl.ui.FXGLUIFactoryServiceProvider, class com.almasb.fxgl.ui.FXGLDialogFactoryServiceProvider, class com.almasb.fxgl.audio.AudioPlayer, class com.almasb.fxgl.notification.impl.NotificationServiceProvider, class com.almasb.fxgl.achievement.AchievementService, class com.almasb.fxgl.cutscene.CutsceneService, class com.almasb.fxgl.minigames.MiniGameService, class com.almasb.fxgl.net.NetService, class com.almasb.fxgl.app.services.UpdaterService, class com.almasb.fxgl.dev.DevService]
14:09:23.053 [FXGL Background Thread 3 ] DEBUG Engine               - fontGame: Abel-Regular.ttf
14:09:23.053 [FXGL Background Thread 3 ] DEBUG Engine               - fontMono: lucida_console.ttf
14:09:23.053 [FXGL Background Thread 3 ] DEBUG Engine               - fontText: Courier-Prime.ttf
14:09:23.053 [FXGL Background Thread 3 ] DEBUG Engine               - fontUI: VarelaRound-Regular.ttf
14:09:23.053 [FXGL Background Thread 3 ] DEBUG Engine               - fullScreen: BooleanProperty [value: false]
14:09:23.053 [FXGL Background Thread 3 ] DEBUG Engine               - gameDifficulty: MEDIUM
14:09:23.053 [FXGL Background Thread 3 ] DEBUG Engine               - gameDifficultyProperty: ObjectProperty [value: MEDIUM]
14:09:23.053 [FXGL Background Thread 3 ] DEBUG Engine               - globalMusicVolume: 0.5
14:09:23.053 [FXGL Background Thread 3 ] DEBUG Engine               - globalMusicVolumeProperty: DoubleProperty [value: 0.5]
14:09:23.053 [FXGL Background Thread 3 ] DEBUG Engine               - globalSoundVolume: 0.5
14:09:23.053 [FXGL Background Thread 3 ] DEBUG Engine               - globalSoundVolumeProperty: DoubleProperty [value: 0.5]
14:09:23.053 [FXGL Background Thread 3 ] DEBUG Engine               - height: 700
14:09:23.054 [FXGL Background Thread 3 ] DEBUG Engine               - isAndroid: false
14:09:23.054 [FXGL Background Thread 3 ] DEBUG Engine               - isBrowser: false
14:09:23.054 [FXGL Background Thread 3 ] DEBUG Engine               - isClickFeedbackEnabled: false
14:09:23.054 [FXGL Background Thread 3 ] DEBUG Engine               - isCloseConfirmation: false
14:09:23.054 [FXGL Background Thread 3 ] DEBUG Engine               - isDesktop: true
14:09:23.054 [FXGL Background Thread 3 ] DEBUG Engine               - isDeveloperMenuEnabled: false
14:09:23.054 [FXGL Background Thread 3 ] DEBUG Engine               - isEntityPreloadEnabled: true
14:09:23.054 [FXGL Background Thread 3 ] DEBUG Engine               - isExperimental3D: false
14:09:23.054 [FXGL Background Thread 3 ] DEBUG Engine               - isExperimentalNative: false
14:09:23.054 [FXGL Background Thread 3 ] DEBUG Engine               - isExperimentalTiledLargeMap: false
14:09:23.054 [FXGL Background Thread 3 ] DEBUG Engine               - isFileSystemWriteAllowed: true
14:09:23.054 [FXGL Background Thread 3 ] DEBUG Engine               - isFullScreenAllowed: false
14:09:23.054 [FXGL Background Thread 3 ] DEBUG Engine               - isFullScreenFromStart: false
14:09:23.055 [FXGL Background Thread 3 ] DEBUG Engine               - isGameMenuEnabled: true
14:09:23.055 [FXGL Background Thread 3 ] DEBUG Engine               - isIOS: false
14:09:23.055 [FXGL Background Thread 3 ] DEBUG Engine               - isIntroEnabled: false
14:09:23.055 [FXGL Background Thread 3 ] DEBUG Engine               - isLinux: false
14:09:23.055 [FXGL Background Thread 3 ] DEBUG Engine               - isMac: false
14:09:23.055 [FXGL Background Thread 3 ] DEBUG Engine               - isMainMenuEnabled: false
14:09:23.055 [FXGL Background Thread 3 ] DEBUG Engine               - isManualResizeEnabled: false
14:09:23.055 [FXGL Background Thread 3 ] DEBUG Engine               - isMobile: false
14:09:23.055 [FXGL Background Thread 3 ] DEBUG Engine               - isPreserveResizeRatio: false
14:09:23.055 [FXGL Background Thread 3 ] DEBUG Engine               - isProfilingEnabled: false
14:09:23.055 [FXGL Background Thread 3 ] DEBUG Engine               - isScaleAffectedOnResize: true
14:09:23.055 [FXGL Background Thread 3 ] DEBUG Engine               - isSingleStep: false
14:09:23.055 [FXGL Background Thread 3 ] DEBUG Engine               - isUserProfileEnabled: false
14:09:23.055 [FXGL Background Thread 3 ] DEBUG Engine               - isWindows: true
14:09:23.055 [FXGL Background Thread 3 ] DEBUG Engine               - language: ObjectProperty [value: ENGLISH]
14:09:23.056 [FXGL Background Thread 3 ] DEBUG Engine               - menuKey: ESCAPE
14:09:23.056 [FXGL Background Thread 3 ] DEBUG Engine               - notificationViewClass: class com.almasb.fxgl.notification.view.XboxNotificationView
14:09:23.056 [FXGL Background Thread 3 ] DEBUG Engine               - pixelsPerMeter: 50.0
14:09:23.056 [FXGL Background Thread 3 ] DEBUG Engine               - platform: WINDOWS
14:09:23.056 [FXGL Background Thread 3 ] DEBUG Engine               - prefHeightProperty: ReadOnlyDoubleProperty [value: 700.0]
14:09:23.056 [FXGL Background Thread 3 ] DEBUG Engine               - prefWidthProperty: ReadOnlyDoubleProperty [value: 1050.0]
14:09:23.056 [FXGL Background Thread 3 ] DEBUG Engine               - profileDir: profiles/
14:09:23.056 [FXGL Background Thread 3 ] DEBUG Engine               - profileName: StringProperty [value: DEFAULT]
14:09:23.056 [FXGL Background Thread 3 ] DEBUG Engine               - randomSeed: -1
14:09:23.056 [FXGL Background Thread 3 ] DEBUG Engine               - runtimeInfo: RuntimeInfo(platform=WINDOWS, version=11.14, build=01.03.2021 16.59)
14:09:23.056 [FXGL Background Thread 3 ] DEBUG Engine               - saveFileExt: sav
14:09:23.056 [FXGL Background Thread 3 ] DEBUG Engine               - scaledHeightProp$fxgl: DoubleProperty [bound, value: 700.0]
14:09:23.056 [FXGL Background Thread 3 ] DEBUG Engine               - scaledWidthProp$fxgl: DoubleProperty [bound, value: 1050.0]
14:09:23.057 [FXGL Background Thread 3 ] DEBUG Engine               - sceneFactory: com.almasb.fxgl.app.scene.SceneFactory@12972b05
14:09:23.057 [FXGL Background Thread 3 ] DEBUG Engine               - secondsIn24h: 60
14:09:23.057 [FXGL Background Thread 3 ] DEBUG Engine               - soundMenuBack: menu/back.wav
14:09:23.057 [FXGL Background Thread 3 ] DEBUG Engine               - soundMenuPress: menu/press.wav
14:09:23.057 [FXGL Background Thread 3 ] DEBUG Engine               - soundMenuSelect: menu/select.wav
14:09:23.057 [FXGL Background Thread 3 ] DEBUG Engine               - soundNotification: core/notification.wav
14:09:23.057 [FXGL Background Thread 3 ] DEBUG Engine               - stageStyle: DECORATED
14:09:23.057 [FXGL Background Thread 3 ] DEBUG Engine               - supportedLanguages: [ENGLISH, FRENCH, GERMAN, HUNGARIAN, RUSSIAN]
14:09:23.057 [FXGL Background Thread 3 ] DEBUG Engine               - ticksPerSecond: -1
14:09:23.057 [FXGL Background Thread 3 ] DEBUG Engine               - title: Untitled
14:09:23.057 [FXGL Background Thread 3 ] DEBUG Engine               - urlGithub: https://github.com/AlmasB/FXGL
14:09:23.058 [FXGL Background Thread 3 ] DEBUG Engine               - urlLeaderboard: http://fxgl-top.herokuapp.com/
14:09:23.058 [FXGL Background Thread 3 ] DEBUG Engine               - urlPOM: https://raw.githubusercontent.com/AlmasB/FXGL/release/README.md
14:09:23.058 [FXGL Background Thread 3 ] DEBUG Engine               - userAppClass: class Game
14:09:23.058 [FXGL Background Thread 3 ] DEBUG Engine               - version: 0.0
14:09:23.058 [FXGL Background Thread 3 ] DEBUG Engine               - versionCheckDays: 7
14:09:23.058 [FXGL Background Thread 3 ] DEBUG Engine               - width: 1050
14:09:23.058 [FXGL Background Thread 3 ] DEBUG Engine               - Logging services
14:09:23.058 [FXGL Background Thread 3 ] DEBUG Engine               - class com.almasb.fxgl.app.services.FXGLAssetLoaderService
14:09:23.058 [FXGL Background Thread 3 ] DEBUG Engine               - class com.almasb.fxgl.app.FXGLApplication$GameApplicationService
14:09:23.058 [FXGL Background Thread 3 ] DEBUG Engine               - class com.almasb.fxgl.app.services.FXGLDialogService
14:09:23.059 [FXGL Background Thread 3 ] DEBUG Engine               - class com.almasb.fxgl.app.services.IOTaskExecutorService
14:09:23.059 [FXGL Background Thread 3 ] DEBUG Engine               - class com.almasb.fxgl.event.EventBusService
14:09:23.059 [FXGL Background Thread 3 ] DEBUG Engine               - class com.almasb.fxgl.io.FileSystemService
14:09:23.059 [FXGL Background Thread 3 ] DEBUG Engine               - class com.almasb.fxgl.localization.LocalizationService
14:09:23.059 [FXGL Background Thread 3 ] DEBUG Engine               - class com.almasb.fxgl.app.services.SystemBundleService
14:09:23.059 [FXGL Background Thread 3 ] DEBUG Engine               - class com.almasb.fxgl.profile.SaveLoadService
14:09:23.059 [FXGL Background Thread 3 ] DEBUG Engine               - class com.almasb.fxgl.ui.FXGLUIFactoryServiceProvider
14:09:23.059 [FXGL Background Thread 3 ] DEBUG Engine               - class com.almasb.fxgl.ui.FXGLDialogFactoryServiceProvider
14:09:23.059 [FXGL Background Thread 3 ] DEBUG Engine               - class com.almasb.fxgl.audio.AudioPlayer
14:09:23.059 [FXGL Background Thread 3 ] DEBUG Engine               - class com.almasb.fxgl.notification.impl.NotificationServiceProvider
14:09:23.059 [FXGL Background Thread 3 ] DEBUG Engine               - class com.almasb.fxgl.achievement.AchievementService
14:09:23.059 [FXGL Background Thread 3 ] DEBUG Engine               - class com.almasb.fxgl.cutscene.CutsceneService
14:09:23.059 [FXGL Background Thread 3 ] DEBUG Engine               - class com.almasb.fxgl.minigames.MiniGameService
14:09:23.059 [FXGL Background Thread 3 ] DEBUG Engine               - class com.almasb.fxgl.net.NetService
14:09:23.060 [FXGL Background Thread 3 ] DEBUG Engine               - class com.almasb.fxgl.app.services.UpdaterService
14:09:23.060 [FXGL Background Thread 3 ] DEBUG Engine               - class com.almasb.fxgl.dev.DevService
14:09:23.279 [JavaFX Application Thread] DEBUG FXGLAssetLoaderServi - Loading from file system: file:/C:/Users/roan2/Documents/SE-Challengeweek/target/classes/assets/textures/player_1_idle_Up.png
14:09:24.223 [JavaFX Application Thread] DEBUG FXGLAssetLoaderServi - Loading from file system: file:/C:/Users/roan2/Documents/SE-Challengeweek/target/classes/assets/textures/player_1_move_left.png
14:09:24.608 [JavaFX Application Thread] DEBUG FXGLAssetLoaderServi - Loading from file system: file:/C:/Users/roan2/Documents/SE-Challengeweek/target/classes/assets/textures/player_1_idle_left.png
14:09:25.325 [JavaFX Application Thread] DEBUG FXGLApplication      - Exiting FXGL
14:09:25.325 [JavaFX Application Thread] DEBUG LoopRunner           - Stopping loop
14:09:25.325 [JavaFX Application Thread] DEBUG SystemBundleService  - Saving FXGL system data
14:09:25.326 [JavaFX Application Thread] DEBUG FileSystemAccess     - Writing to: C:\Users\roan2\Documents\SE-Challengeweek\system\fxgl.bundle
14:09:25.327 [JavaFX Application Thread] DEBUG Async                - Shutting down background threads
14:09:25.327 [JavaFX Application Thread] DEBUG PrimaryStageWindow   - Closing main window
14:09:25.334 [JavaFX Application Thread] DEBUG Logger               - Closing Logger
