14:41:57.880 [main                     ] DEBUG Logger               - Configured Logger
14:41:57.893 [main                     ] DEBUG GameApplication      - Logging settings
Title: Untitled
Version: 0.0
Width: 1050
Height: 700
Fullscreen: false
Intro: false
Profiling: false
Single step:false
App Mode: DEVELOPER
Menu Key: ESCAPE
Stage Style: DECORATED
Scene Factory: class com.almasb.fxgl.app.scene.SceneFactory

14:41:58.200 [JavaFX Application Thread] DEBUG FXGLApplication      - Initializing FXGL
14:41:58.201 [JavaFX Application Thread] INFO  Engine               - FXGL-11.14 (01.03.2021 16.59) on WINDOWS (J:15.0.2 FX:15)
14:41:58.202 [JavaFX Application Thread] DEBUG Engine               - JRE Vendor Name: Amazon.com Inc.
14:41:58.202 [JavaFX Application Thread] DEBUG Engine               - Running on OS: Windows 10 version 10.0
14:41:58.202 [JavaFX Application Thread] DEBUG Engine               - Architecture: amd64
14:41:58.202 [JavaFX Application Thread] INFO  Engine               - Source code and latest versions at: https://github.com/AlmasB/FXGL
14:41:58.202 [JavaFX Application Thread] INFO  Engine               -              Join the FXGL chat at: https://gitter.im/AlmasB/FXGL
14:41:58.294 [JavaFX Application Thread] DEBUG PrimaryStageWindow   - Creating a JavaFX scene
14:41:58.335 [JavaFX Application Thread] DEBUG PrimaryStageWindow   - Target settings size: 1050.0 x 700.0
14:41:58.336 [JavaFX Application Thread] DEBUG PrimaryStageWindow   - Scaled scene size:    1050.0 x 700.0
14:41:58.336 [JavaFX Application Thread] DEBUG PrimaryStageWindow   - Scaled ratio: (1.0, 1.0)
14:41:58.337 [JavaFX Application Thread] DEBUG PrimaryStageWindow   - Set initial scene to FXGLStartupScene
14:41:58.343 [JavaFX Application Thread] DEBUG PrimaryStageWindow   - Opening main window
14:41:58.409 [JavaFX Application Thread] DEBUG PrimaryStageWindow   - Window border size: (14.800048828125, 37.5999755859375)
14:41:58.409 [JavaFX Application Thread] DEBUG PrimaryStageWindow   - Scaled size: 1050.0 x 700.0
14:41:58.410 [JavaFX Application Thread] DEBUG PrimaryStageWindow   - Scaled ratio: (1.0, 1.0)
14:41:58.410 [JavaFX Application Thread] DEBUG PrimaryStageWindow   - Scene size: 1050.0 x 700.0
14:41:58.410 [JavaFX Application Thread] DEBUG PrimaryStageWindow   - Stage size: 1064.800048828125 x 737.5999755859375
14:41:58.417 [FXGL Background Thread 1 ] DEBUG Engine               - Initializing environment variables
14:41:58.452 [FXGL Background Thread 1 ] DEBUG FXGLAssetLoaderServi - User app class for loading assets: class Game
14:41:58.453 [FXGL Background Thread 1 ] DEBUG GameApplicationServi - Applying CSS: fxgl_dark.css
14:41:58.455 [FXGL Background Thread 1 ] DEBUG FXGLAssetLoaderServi - Loading from file system: jar:file:/C:/Users/stanm/.m2/repository/com/github/almasb/fxgl/11.14/fxgl-11.14.jar!/fxglassets/ui/css/fxgl_dark.css
14:41:58.504 [FXGL Background Thread 1 ] DEBUG GameApplicationServi - Initializing application scenes
14:41:58.538 [FXGL Background Thread 1 ] DEBUG GameWorld            - Game world initialized
14:41:58.592 [FXGL Background Thread 1 ] DEBUG PhysicsWorld         - Physics world initialized: appHeight=700, physics.ppm=50,0
14:41:58.592 [FXGL Background Thread 1 ] DEBUG PhysicsWorld         - Using strategy: BRUTE_FORCE
14:41:58.595 [FXGL Background Thread 1 ] DEBUG GameScene            - Game scene initialized: 1050x700
14:41:58.629 [FXGL Background Thread 1 ] DEBUG FXGLAssetLoaderServi - Loading from file system: jar:file:/C:/Users/stanm/.m2/repository/com/github/almasb/fxgl/11.14/fxgl-11.14.jar!/fxglassets/textures/particles/trace_horizontal.png
14:41:58.673 [FXGL Background Thread 1 ] DEBUG FXGL.DefaultMenu     - createMenuBodyGameMenu()
14:41:58.686 [FXGL Background Thread 1 ] DEBUG FXGL.DefaultMenu     - createOptionsMenu()
14:41:58.689 [FXGL Background Thread 1 ] DEBUG FXGLAssetLoaderServi - Loading from file system: jar:file:/C:/Users/stanm/.m2/repository/com/github/almasb/fxgl/11.14/fxgl-11.14.jar!/fxglassets/textures/particles/smoke.png
14:41:58.730 [FXGL Background Thread 1 ] DEBUG GameApplicationServi - Application scenes initialized
14:41:58.738 [FXGL Background Thread 1 ] DEBUG SystemBundleService  - Loading FXGL system data
14:41:58.742 [FXGL Background Thread 1 ] DEBUG FileSystemAccess     - Reading from: C:\Users\stanm\Documents\SE-Challengeweek\system\fxgl.bundle
14:41:58.748 [FXGL Background Thread 1 ] DEBUG SystemBundleService  - Bundle FXGL: {}
14:41:58.749 [FXGL Background Thread 1 ] DEBUG UpdaterService       - Checking for updates
14:41:58.769 [FXGL Background Thread 4 ] DEBUG FXGLApplication      - Loading fonts
14:41:58.769 [FXGL Background Thread 1 ] DEBUG FXGLApplication      - Loading default localization
14:41:58.769 [FXGL Background Thread 4 ] DEBUG FXGLAssetLoaderServi - Loading from file system: jar:file:/C:/Users/stanm/.m2/repository/com/github/almasb/fxgl/11.14/fxgl-11.14.jar!/fxglassets/ui/fonts/VarelaRound-Regular.ttf
14:41:58.769 [FXGL Background Thread 1 ] DEBUG FXGLAssetLoaderServi - Loading from file system: jar:file:/C:/Users/stanm/.m2/repository/com/github/almasb/fxgl/11.14/fxgl-11.14.jar!/fxglassets/languages/english.lang
14:41:58.781 [FXGL Background Thread 1 ] INFO  FXGLApplication      - FXGL initialization took: 0,364 sec
14:41:58.788 [JavaFX Application Thread] DEBUG Input                - Registered new binding: up - W
14:41:58.788 [JavaFX Application Thread] DEBUG Input                - Registered new binding: down - S
14:41:58.789 [JavaFX Application Thread] DEBUG Input                - Registered new binding: left - A
14:41:58.789 [JavaFX Application Thread] DEBUG Input                - Registered new binding: right - D
14:41:58.789 [JavaFX Application Thread] DEBUG Input                - Registered new binding: Place Bomb - F
14:41:58.790 [JavaFX Application Thread] DEBUG FXGLAssetLoaderServi - Loading from file system: jar:file:/C:/Users/stanm/.m2/repository/com/github/almasb/fxgl/11.14/fxgl-11.14.jar!/fxglassets/textures/fxgl_icon.png
14:41:58.803 [JavaFX Application Thread] DEBUG FXGLAssetLoaderServi - Loading from file system: jar:file:/C:/Users/stanm/.m2/repository/com/github/almasb/fxgl/11.14/fxgl-11.14.jar!/fxglassets/ui/cursors/fxgl_default.png
14:41:58.805 [JavaFX Application Thread] DEBUG Input                - Registered new binding: Screenshot - P
14:41:58.806 [JavaFX Application Thread] DEBUG Input                - Registered new binding: Dev Options - 1
14:41:58.806 [JavaFX Application Thread] DEBUG Input                - Registered new binding: Dev Console - 2
14:41:58.807 [JavaFX Application Thread] DEBUG Input                - Registered new binding: System info dump - CTRL+9
14:41:58.808 [JavaFX Application Thread] DEBUG Input                - Registered new binding: Restart - CTRL+R
14:41:58.809 [JavaFX Application Thread] DEBUG Input                - Registered new binding: Toggle Debug Camera - CTRL+C
14:41:58.811 [JavaFX Application Thread] DEBUG LoopRunner           - Starting loop
14:41:58.826 [FXGL Background Thread 4 ] DEBUG FXGLAssetLoaderServi - Loading from file system: jar:file:/C:/Users/stanm/.m2/repository/com/github/almasb/fxgl/11.14/fxgl-11.14.jar!/fxglassets/ui/fonts/Abel-Regular.ttf
14:41:58.829 [JavaFX Application Thread] DEBUG LoopRunner           - Initializing JavaFX AnimationTimerLoop
14:41:58.831 [JavaFX Application Thread] DEBUG GameApplicationServi - Starting new game
14:41:58.831 [JavaFX Application Thread] DEBUG Input                - Clearing active input actions
14:41:58.838 [FXGL Background Thread 4 ] DEBUG FXGLAssetLoaderServi - Loading from file system: jar:file:/C:/Users/stanm/.m2/repository/com/github/almasb/fxgl/11.14/fxgl-11.14.jar!/fxglassets/ui/fonts/lucida_console.ttf
14:41:58.842 [JavaFX Application Thread] DEBUG GameApplicationServi - Removing overlay from FXGLStartupScene and adding to FXGLLoadingScene
14:41:58.845 [JavaFX Application Thread] DEBUG PrimaryStageWindow   - FXGLStartupScene -> FXGLLoadingScene
14:41:58.845 [JavaFX Application Thread] DEBUG GameApplicationServi - Clearing previous game
14:41:58.845 [JavaFX Application Thread] DEBUG GameScene            - Clearing game scene
14:41:58.845 [JavaFX Application Thread] DEBUG GameWorld            - Clearing game world
14:41:58.845 [JavaFX Application Thread] DEBUG PhysicsWorld         - Clearing physics world
14:41:58.846 [FXGL Background Thread 1 ] DEBUG FXGLApplication      - Initializing game
14:41:58.849 [FXGL Background Thread 4 ] DEBUG FXGLAssetLoaderServi - Loading from file system: jar:file:/C:/Users/stanm/.m2/repository/com/github/almasb/fxgl/11.14/fxgl-11.14.jar!/fxglassets/ui/fonts/Courier-Prime.ttf
14:41:58.878 [FXGL Background Thread 1 ] WARN  TMXLevelLoader       - TiledMap generated from 1.0.1. Supported version: 1.2.3. Some features may not be parsed fully.
14:41:58.892 [FXGL Background Thread 1 ] DEBUG TMXLevelLoader       - Parsed raw map: TiledMap(width=15, height=13, tilewidth=64, tileheight=64, orientation=orthogonal, layers=[Layer(width=15, height=13, name=Tile Layer 1, type=tilelayer, visible=false, x=0, y=0, data=[1, 1, 1, 1, 1, 1, 1, 1, 1, 1, 1, 1, 1, 1, 1, 1, 7, 7, 7, 7, 7, 7, 7, 7, 7, 7, 7, 7, 7, 1, 1, 7, 4, 7, 4, 7, 4, 7, 4, 7, 4, 7, 4, 7, 1, 1, 7, 7, 7, 7, 7, 7, 7, 7, 7, 7, 7, 7, 7, 1, 1, 7, 4, 7, 4, 7, 4, 7, 4, 7, 4, 7, 4, 7, 1, 1, 7, 7, 7, 7, 7, 7, 7, 7, 7, 7, 7, 7, 7, 1, 1, 7, 4, 7, 4, 7, 4, 7, 4, 7, 4, 7, 4, 7, 1, 1, 7, 7, 7, 7, 7, 7, 7, 7, 7, 7, 7, 7, 7, 1, 1, 7, 4, 7, 4, 7, 4, 7, 4, 7, 4, 7, 4, 7, 1, 1, 7, 7, 7, 7, 7, 7, 7, 7, 7, 7, 7, 7, 7, 1, 1, 7, 4, 7, 4, 7, 4, 7, 4, 7, 4, 7, 4, 7, 1, 1, 7, 7, 7, 7, 7, 7, 7, 7, 7, 7, 7, 7, 7, 1, 1, 1, 1, 1, 1, 1, 1, 1, 1, 1, 1, 1, 1, 1, 1], objects=[], opacity=0.0, draworder=), Layer(width=0, height=0, name=Object Layer 1, type=objectgroup, visible=false, x=0, y=0, data=[], objects=[com.almasb.fxgl.entity.level.tiled.TiledObject@2336a9c7, com.almasb.fxgl.entity.level.tiled.TiledObject@c89143a, com.almasb.fxgl.entity.level.tiled.TiledObject@419085b3, com.almasb.fxgl.entity.level.tiled.TiledObject@3cf52f6e, com.almasb.fxgl.entity.level.tiled.TiledObject@2a9bc1a6, com.almasb.fxgl.entity.level.tiled.TiledObject@6ef7280b, com.almasb.fxgl.entity.level.tiled.TiledObject@2b0f857b, com.almasb.fxgl.entity.level.tiled.TiledObject@3e14512b, com.almasb.fxgl.entity.level.tiled.TiledObject@4a7621be, com.almasb.fxgl.entity.level.tiled.TiledObject@1d16ef8b, com.almasb.fxgl.entity.level.tiled.TiledObject@4a65850f, com.almasb.fxgl.entity.level.tiled.TiledObject@56e40861, com.almasb.fxgl.entity.level.tiled.TiledObject@2d64b8d2, com.almasb.fxgl.entity.level.tiled.TiledObject@7246042, com.almasb.fxgl.entity.level.tiled.TiledObject@618fd054, com.almasb.fxgl.entity.level.tiled.TiledObject@17de6b04, com.almasb.fxgl.entity.level.tiled.TiledObject@1f74e305, com.almasb.fxgl.entity.level.tiled.TiledObject@3b76b6d9, com.almasb.fxgl.entity.level.tiled.TiledObject@24e4cc93, com.almasb.fxgl.entity.level.tiled.TiledObject@40861540, com.almasb.fxgl.entity.level.tiled.TiledObject@7852ba9e, com.almasb.fxgl.entity.level.tiled.TiledObject@761c1b33, com.almasb.fxgl.entity.level.tiled.TiledObject@741ec137, com.almasb.fxgl.entity.level.tiled.TiledObject@442e6e1, com.almasb.fxgl.entity.level.tiled.TiledObject@69a93abd, com.almasb.fxgl.entity.level.tiled.TiledObject@7ffa6138, com.almasb.fxgl.entity.level.tiled.TiledObject@7def0089, com.almasb.fxgl.entity.level.tiled.TiledObject@6e09943b, com.almasb.fxgl.entity.level.tiled.TiledObject@4ed52795, com.almasb.fxgl.entity.level.tiled.TiledObject@628a7cd6, com.almasb.fxgl.entity.level.tiled.TiledObject@6764c346, com.almasb.fxgl.entity.level.tiled.TiledObject@456e3bdd, com.almasb.fxgl.entity.level.tiled.TiledObject@2260556a, com.almasb.fxgl.entity.level.tiled.TiledObject@13bde13c], opacity=0.0, draworder=)], tilesets=[Tileset(firstgid=1, image=spritesheet.png, name=spritesheet, tilewidth=64, tileheight=64, imagewidth=832, imageheight=64, margin=0, spacing=0, columns=13, tilecount=13, transparentcolor=, tiles=[])], backgroundcolor=, renderorder=right-down, nextobjectid=98, version=1, tiledversion=1.0.1, type=map, infinite=false, hexsidelength=0, staggeraxis=, staggerindex=, properties={}, propertytypes={})
14:41:58.893 [FXGL Background Thread 1 ] DEBUG TMXLevelLoader       - Creating tile layer entities
14:41:58.894 [FXGL Background Thread 1 ] DEBUG TilesetLoader        - Loading view for layer Tile Layer 1
14:41:58.895 [FXGL Background Thread 1 ] DEBUG TilesetLoader        - Created buffer with size 960.0x832.0
14:41:58.898 [FXGL Background Thread 1 ] DEBUG TilesetLoader        - Writing to buffer: dst=0,0, w=64,h=64, src=0,0
14:41:58.899 [FXGL Background Thread 1 ] DEBUG TilesetLoader        - Writing to buffer: dst=64,0, w=64,h=64, src=0,0
14:41:58.899 [FXGL Background Thread 1 ] DEBUG TilesetLoader        - Writing to buffer: dst=128,0, w=64,h=64, src=0,0
14:41:58.899 [FXGL Background Thread 1 ] DEBUG TilesetLoader        - Writing to buffer: dst=192,0, w=64,h=64, src=0,0
14:41:58.899 [FXGL Background Thread 1 ] DEBUG TilesetLoader        - Writing to buffer: dst=256,0, w=64,h=64, src=0,0
14:41:58.900 [FXGL Background Thread 1 ] DEBUG TilesetLoader        - Writing to buffer: dst=320,0, w=64,h=64, src=0,0
14:41:58.900 [FXGL Background Thread 1 ] DEBUG TilesetLoader        - Writing to buffer: dst=384,0, w=64,h=64, src=0,0
14:41:58.900 [FXGL Background Thread 1 ] DEBUG TilesetLoader        - Writing to buffer: dst=448,0, w=64,h=64, src=0,0
14:41:58.900 [FXGL Background Thread 1 ] DEBUG TilesetLoader        - Writing to buffer: dst=512,0, w=64,h=64, src=0,0
14:41:58.900 [FXGL Background Thread 1 ] DEBUG TilesetLoader        - Writing to buffer: dst=576,0, w=64,h=64, src=0,0
14:41:58.901 [FXGL Background Thread 1 ] DEBUG TilesetLoader        - Writing to buffer: dst=640,0, w=64,h=64, src=0,0
14:41:58.901 [FXGL Background Thread 1 ] DEBUG TilesetLoader        - Writing to buffer: dst=704,0, w=64,h=64, src=0,0
14:41:58.901 [FXGL Background Thread 1 ] DEBUG TilesetLoader        - Writing to buffer: dst=768,0, w=64,h=64, src=0,0
14:41:58.901 [FXGL Background Thread 1 ] DEBUG TilesetLoader        - Writing to buffer: dst=832,0, w=64,h=64, src=0,0
14:41:58.902 [FXGL Background Thread 1 ] DEBUG TilesetLoader        - Writing to buffer: dst=896,0, w=64,h=64, src=0,0
14:41:58.902 [FXGL Background Thread 1 ] DEBUG TilesetLoader        - Writing to buffer: dst=0,64, w=64,h=64, src=0,0
14:41:58.902 [FXGL Background Thread 1 ] DEBUG TilesetLoader        - Writing to buffer: dst=64,64, w=64,h=64, src=384,0
14:41:58.902 [FXGL Background Thread 1 ] DEBUG TilesetLoader        - Writing to buffer: dst=128,64, w=64,h=64, src=384,0
14:41:58.903 [FXGL Background Thread 1 ] DEBUG TilesetLoader        - Writing to buffer: dst=192,64, w=64,h=64, src=384,0
14:41:58.903 [FXGL Background Thread 1 ] DEBUG TilesetLoader        - Writing to buffer: dst=256,64, w=64,h=64, src=384,0
14:41:58.903 [FXGL Background Thread 1 ] DEBUG TilesetLoader        - Writing to buffer: dst=320,64, w=64,h=64, src=384,0
14:41:58.903 [FXGL Background Thread 1 ] DEBUG TilesetLoader        - Writing to buffer: dst=384,64, w=64,h=64, src=384,0
14:41:58.903 [FXGL Background Thread 1 ] DEBUG TilesetLoader        - Writing to buffer: dst=448,64, w=64,h=64, src=384,0
14:41:58.903 [FXGL Background Thread 1 ] DEBUG TilesetLoader        - Writing to buffer: dst=512,64, w=64,h=64, src=384,0
14:41:58.904 [FXGL Background Thread 1 ] DEBUG TilesetLoader        - Writing to buffer: dst=576,64, w=64,h=64, src=384,0
14:41:58.904 [FXGL Background Thread 1 ] DEBUG TilesetLoader        - Writing to buffer: dst=640,64, w=64,h=64, src=384,0
14:41:58.904 [FXGL Background Thread 1 ] DEBUG TilesetLoader        - Writing to buffer: dst=704,64, w=64,h=64, src=384,0
14:41:58.905 [FXGL Background Thread 1 ] DEBUG TilesetLoader        - Writing to buffer: dst=768,64, w=64,h=64, src=384,0
14:41:58.905 [FXGL Background Thread 1 ] DEBUG TilesetLoader        - Writing to buffer: dst=832,64, w=64,h=64, src=384,0
14:41:58.905 [FXGL Background Thread 1 ] DEBUG TilesetLoader        - Writing to buffer: dst=896,64, w=64,h=64, src=0,0
14:41:58.906 [FXGL Background Thread 1 ] DEBUG TilesetLoader        - Writing to buffer: dst=0,128, w=64,h=64, src=0,0
14:41:58.906 [FXGL Background Thread 1 ] DEBUG TilesetLoader        - Writing to buffer: dst=64,128, w=64,h=64, src=384,0
14:41:58.906 [FXGL Background Thread 1 ] DEBUG TilesetLoader        - Writing to buffer: dst=128,128, w=64,h=64, src=192,0
14:41:58.906 [FXGL Background Thread 1 ] DEBUG TilesetLoader        - Writing to buffer: dst=192,128, w=64,h=64, src=384,0
14:41:58.907 [FXGL Background Thread 1 ] DEBUG TilesetLoader        - Writing to buffer: dst=256,128, w=64,h=64, src=192,0
14:41:58.907 [FXGL Background Thread 1 ] DEBUG TilesetLoader        - Writing to buffer: dst=320,128, w=64,h=64, src=384,0
14:41:58.907 [FXGL Background Thread 1 ] DEBUG TilesetLoader        - Writing to buffer: dst=384,128, w=64,h=64, src=192,0
14:41:58.907 [FXGL Background Thread 1 ] DEBUG TilesetLoader        - Writing to buffer: dst=448,128, w=64,h=64, src=384,0
14:41:58.908 [FXGL Background Thread 1 ] DEBUG TilesetLoader        - Writing to buffer: dst=512,128, w=64,h=64, src=192,0
14:41:58.908 [FXGL Background Thread 1 ] DEBUG TilesetLoader        - Writing to buffer: dst=576,128, w=64,h=64, src=384,0
14:41:58.908 [FXGL Background Thread 1 ] DEBUG TilesetLoader        - Writing to buffer: dst=640,128, w=64,h=64, src=192,0
14:41:58.908 [FXGL Background Thread 1 ] DEBUG TilesetLoader        - Writing to buffer: dst=704,128, w=64,h=64, src=384,0
14:41:58.908 [FXGL Background Thread 1 ] DEBUG TilesetLoader        - Writing to buffer: dst=768,128, w=64,h=64, src=192,0
14:41:58.909 [FXGL Background Thread 1 ] DEBUG TilesetLoader        - Writing to buffer: dst=832,128, w=64,h=64, src=384,0
14:41:58.909 [FXGL Background Thread 1 ] DEBUG TilesetLoader        - Writing to buffer: dst=896,128, w=64,h=64, src=0,0
14:41:58.909 [FXGL Background Thread 1 ] DEBUG TilesetLoader        - Writing to buffer: dst=0,192, w=64,h=64, src=0,0
14:41:58.910 [FXGL Background Thread 1 ] DEBUG TilesetLoader        - Writing to buffer: dst=64,192, w=64,h=64, src=384,0
14:41:58.910 [FXGL Background Thread 1 ] DEBUG TilesetLoader        - Writing to buffer: dst=128,192, w=64,h=64, src=384,0
14:41:58.910 [FXGL Background Thread 1 ] DEBUG TilesetLoader        - Writing to buffer: dst=192,192, w=64,h=64, src=384,0
14:41:58.910 [FXGL Background Thread 1 ] DEBUG TilesetLoader        - Writing to buffer: dst=256,192, w=64,h=64, src=384,0
14:41:58.910 [FXGL Background Thread 1 ] DEBUG TilesetLoader        - Writing to buffer: dst=320,192, w=64,h=64, src=384,0
14:41:58.911 [FXGL Background Thread 1 ] DEBUG TilesetLoader        - Writing to buffer: dst=384,192, w=64,h=64, src=384,0
14:41:58.911 [FXGL Background Thread 1 ] DEBUG TilesetLoader        - Writing to buffer: dst=448,192, w=64,h=64, src=384,0
14:41:58.911 [FXGL Background Thread 1 ] DEBUG TilesetLoader        - Writing to buffer: dst=512,192, w=64,h=64, src=384,0
14:41:58.911 [FXGL Background Thread 1 ] DEBUG TilesetLoader        - Writing to buffer: dst=576,192, w=64,h=64, src=384,0
14:41:58.911 [FXGL Background Thread 1 ] DEBUG TilesetLoader        - Writing to buffer: dst=640,192, w=64,h=64, src=384,0
14:41:58.912 [FXGL Background Thread 1 ] DEBUG TilesetLoader        - Writing to buffer: dst=704,192, w=64,h=64, src=384,0
14:41:58.912 [FXGL Background Thread 1 ] DEBUG TilesetLoader        - Writing to buffer: dst=768,192, w=64,h=64, src=384,0
14:41:58.912 [FXGL Background Thread 1 ] DEBUG TilesetLoader        - Writing to buffer: dst=832,192, w=64,h=64, src=384,0
14:41:58.912 [FXGL Background Thread 1 ] DEBUG TilesetLoader        - Writing to buffer: dst=896,192, w=64,h=64, src=0,0
14:41:58.913 [FXGL Background Thread 1 ] DEBUG TilesetLoader        - Writing to buffer: dst=0,256, w=64,h=64, src=0,0
14:41:58.913 [FXGL Background Thread 1 ] DEBUG TilesetLoader        - Writing to buffer: dst=64,256, w=64,h=64, src=384,0
14:41:58.913 [FXGL Background Thread 1 ] DEBUG TilesetLoader        - Writing to buffer: dst=128,256, w=64,h=64, src=192,0
14:41:58.913 [FXGL Background Thread 1 ] DEBUG TilesetLoader        - Writing to buffer: dst=192,256, w=64,h=64, src=384,0
14:41:58.913 [FXGL Background Thread 1 ] DEBUG TilesetLoader        - Writing to buffer: dst=256,256, w=64,h=64, src=192,0
14:41:58.913 [FXGL Background Thread 1 ] DEBUG TilesetLoader        - Writing to buffer: dst=320,256, w=64,h=64, src=384,0
14:41:58.914 [FXGL Background Thread 1 ] DEBUG TilesetLoader        - Writing to buffer: dst=384,256, w=64,h=64, src=192,0
14:41:58.914 [FXGL Background Thread 1 ] DEBUG TilesetLoader        - Writing to buffer: dst=448,256, w=64,h=64, src=384,0
14:41:58.914 [FXGL Background Thread 1 ] DEBUG TilesetLoader        - Writing to buffer: dst=512,256, w=64,h=64, src=192,0
14:41:58.914 [FXGL Background Thread 1 ] DEBUG TilesetLoader        - Writing to buffer: dst=576,256, w=64,h=64, src=384,0
14:41:58.915 [FXGL Background Thread 1 ] DEBUG TilesetLoader        - Writing to buffer: dst=640,256, w=64,h=64, src=192,0
14:41:58.915 [FXGL Background Thread 1 ] DEBUG TilesetLoader        - Writing to buffer: dst=704,256, w=64,h=64, src=384,0
14:41:58.915 [FXGL Background Thread 1 ] DEBUG TilesetLoader        - Writing to buffer: dst=768,256, w=64,h=64, src=192,0
14:41:58.915 [FXGL Background Thread 1 ] DEBUG TilesetLoader        - Writing to buffer: dst=832,256, w=64,h=64, src=384,0
14:41:58.916 [FXGL Background Thread 1 ] DEBUG TilesetLoader        - Writing to buffer: dst=896,256, w=64,h=64, src=0,0
14:41:58.916 [FXGL Background Thread 1 ] DEBUG TilesetLoader        - Writing to buffer: dst=0,320, w=64,h=64, src=0,0
14:41:58.916 [FXGL Background Thread 1 ] DEBUG TilesetLoader        - Writing to buffer: dst=64,320, w=64,h=64, src=384,0
14:41:58.916 [FXGL Background Thread 1 ] DEBUG TilesetLoader        - Writing to buffer: dst=128,320, w=64,h=64, src=384,0
14:41:58.916 [FXGL Background Thread 1 ] DEBUG TilesetLoader        - Writing to buffer: dst=192,320, w=64,h=64, src=384,0
14:41:58.917 [FXGL Background Thread 1 ] DEBUG TilesetLoader        - Writing to buffer: dst=256,320, w=64,h=64, src=384,0
14:41:58.917 [FXGL Background Thread 1 ] DEBUG TilesetLoader        - Writing to buffer: dst=320,320, w=64,h=64, src=384,0
14:41:58.917 [FXGL Background Thread 1 ] DEBUG TilesetLoader        - Writing to buffer: dst=384,320, w=64,h=64, src=384,0
14:41:58.917 [FXGL Background Thread 1 ] DEBUG TilesetLoader        - Writing to buffer: dst=448,320, w=64,h=64, src=384,0
14:41:58.917 [FXGL Background Thread 1 ] DEBUG TilesetLoader        - Writing to buffer: dst=512,320, w=64,h=64, src=384,0
14:41:58.917 [FXGL Background Thread 1 ] DEBUG TilesetLoader        - Writing to buffer: dst=576,320, w=64,h=64, src=384,0
14:41:58.918 [FXGL Background Thread 1 ] DEBUG TilesetLoader        - Writing to buffer: dst=640,320, w=64,h=64, src=384,0
14:41:58.918 [FXGL Background Thread 1 ] DEBUG TilesetLoader        - Writing to buffer: dst=704,320, w=64,h=64, src=384,0
14:41:58.918 [FXGL Background Thread 1 ] DEBUG TilesetLoader        - Writing to buffer: dst=768,320, w=64,h=64, src=384,0
14:41:58.919 [FXGL Background Thread 1 ] DEBUG TilesetLoader        - Writing to buffer: dst=832,320, w=64,h=64, src=384,0
14:41:58.919 [FXGL Background Thread 1 ] DEBUG TilesetLoader        - Writing to buffer: dst=896,320, w=64,h=64, src=0,0
14:41:58.919 [FXGL Background Thread 1 ] DEBUG TilesetLoader        - Writing to buffer: dst=0,384, w=64,h=64, src=0,0
14:41:58.919 [FXGL Background Thread 1 ] DEBUG TilesetLoader        - Writing to buffer: dst=64,384, w=64,h=64, src=384,0
14:41:58.920 [FXGL Background Thread 1 ] DEBUG TilesetLoader        - Writing to buffer: dst=128,384, w=64,h=64, src=192,0
14:41:58.920 [FXGL Background Thread 1 ] DEBUG TilesetLoader        - Writing to buffer: dst=192,384, w=64,h=64, src=384,0
14:41:58.920 [FXGL Background Thread 1 ] DEBUG TilesetLoader        - Writing to buffer: dst=256,384, w=64,h=64, src=192,0
14:41:58.920 [FXGL Background Thread 1 ] DEBUG TilesetLoader        - Writing to buffer: dst=320,384, w=64,h=64, src=384,0
14:41:58.921 [FXGL Background Thread 1 ] DEBUG TilesetLoader        - Writing to buffer: dst=384,384, w=64,h=64, src=192,0
14:41:58.921 [FXGL Background Thread 1 ] DEBUG TilesetLoader        - Writing to buffer: dst=448,384, w=64,h=64, src=384,0
14:41:58.921 [FXGL Background Thread 1 ] DEBUG TilesetLoader        - Writing to buffer: dst=512,384, w=64,h=64, src=192,0
14:41:58.921 [FXGL Background Thread 1 ] DEBUG TilesetLoader        - Writing to buffer: dst=576,384, w=64,h=64, src=384,0
14:41:58.922 [FXGL Background Thread 1 ] DEBUG TilesetLoader        - Writing to buffer: dst=640,384, w=64,h=64, src=192,0
14:41:58.922 [FXGL Background Thread 1 ] DEBUG TilesetLoader        - Writing to buffer: dst=704,384, w=64,h=64, src=384,0
14:41:58.922 [FXGL Background Thread 1 ] DEBUG TilesetLoader        - Writing to buffer: dst=768,384, w=64,h=64, src=192,0
14:41:58.923 [FXGL Background Thread 1 ] DEBUG TilesetLoader        - Writing to buffer: dst=832,384, w=64,h=64, src=384,0
14:41:58.923 [FXGL Background Thread 1 ] DEBUG TilesetLoader        - Writing to buffer: dst=896,384, w=64,h=64, src=0,0
14:41:58.923 [FXGL Background Thread 1 ] DEBUG TilesetLoader        - Writing to buffer: dst=0,448, w=64,h=64, src=0,0
14:41:58.923 [FXGL Background Thread 1 ] DEBUG TilesetLoader        - Writing to buffer: dst=64,448, w=64,h=64, src=384,0
14:41:58.923 [FXGL Background Thread 1 ] DEBUG TilesetLoader        - Writing to buffer: dst=128,448, w=64,h=64, src=384,0
14:41:58.923 [FXGL Background Thread 1 ] DEBUG TilesetLoader        - Writing to buffer: dst=192,448, w=64,h=64, src=384,0
14:41:58.924 [FXGL Background Thread 1 ] DEBUG TilesetLoader        - Writing to buffer: dst=256,448, w=64,h=64, src=384,0
14:41:58.924 [FXGL Background Thread 1 ] DEBUG TilesetLoader        - Writing to buffer: dst=320,448, w=64,h=64, src=384,0
14:41:58.924 [FXGL Background Thread 1 ] DEBUG TilesetLoader        - Writing to buffer: dst=384,448, w=64,h=64, src=384,0
14:41:58.924 [FXGL Background Thread 1 ] DEBUG TilesetLoader        - Writing to buffer: dst=448,448, w=64,h=64, src=384,0
14:41:58.924 [FXGL Background Thread 1 ] DEBUG TilesetLoader        - Writing to buffer: dst=512,448, w=64,h=64, src=384,0
14:41:58.924 [FXGL Background Thread 1 ] DEBUG TilesetLoader        - Writing to buffer: dst=576,448, w=64,h=64, src=384,0
14:41:58.924 [FXGL Background Thread 1 ] DEBUG TilesetLoader        - Writing to buffer: dst=640,448, w=64,h=64, src=384,0
14:41:58.925 [FXGL Background Thread 1 ] DEBUG TilesetLoader        - Writing to buffer: dst=704,448, w=64,h=64, src=384,0
14:41:58.925 [FXGL Background Thread 1 ] DEBUG TilesetLoader        - Writing to buffer: dst=768,448, w=64,h=64, src=384,0
14:41:58.925 [FXGL Background Thread 1 ] DEBUG TilesetLoader        - Writing to buffer: dst=832,448, w=64,h=64, src=384,0
14:41:58.925 [FXGL Background Thread 1 ] DEBUG TilesetLoader        - Writing to buffer: dst=896,448, w=64,h=64, src=0,0
14:41:58.926 [FXGL Background Thread 1 ] DEBUG TilesetLoader        - Writing to buffer: dst=0,512, w=64,h=64, src=0,0
14:41:58.926 [FXGL Background Thread 1 ] DEBUG TilesetLoader        - Writing to buffer: dst=64,512, w=64,h=64, src=384,0
14:41:58.926 [FXGL Background Thread 1 ] DEBUG TilesetLoader        - Writing to buffer: dst=128,512, w=64,h=64, src=192,0
14:41:58.926 [FXGL Background Thread 1 ] DEBUG TilesetLoader        - Writing to buffer: dst=192,512, w=64,h=64, src=384,0
14:41:58.927 [FXGL Background Thread 1 ] DEBUG TilesetLoader        - Writing to buffer: dst=256,512, w=64,h=64, src=192,0
14:41:58.927 [FXGL Background Thread 1 ] DEBUG TilesetLoader        - Writing to buffer: dst=320,512, w=64,h=64, src=384,0
14:41:58.927 [FXGL Background Thread 1 ] DEBUG TilesetLoader        - Writing to buffer: dst=384,512, w=64,h=64, src=192,0
14:41:58.927 [FXGL Background Thread 1 ] DEBUG TilesetLoader        - Writing to buffer: dst=448,512, w=64,h=64, src=384,0
14:41:58.927 [FXGL Background Thread 1 ] DEBUG TilesetLoader        - Writing to buffer: dst=512,512, w=64,h=64, src=192,0
14:41:58.928 [FXGL Background Thread 1 ] DEBUG TilesetLoader        - Writing to buffer: dst=576,512, w=64,h=64, src=384,0
14:41:58.928 [FXGL Background Thread 1 ] DEBUG TilesetLoader        - Writing to buffer: dst=640,512, w=64,h=64, src=192,0
14:41:58.928 [FXGL Background Thread 1 ] DEBUG TilesetLoader        - Writing to buffer: dst=704,512, w=64,h=64, src=384,0
14:41:58.928 [FXGL Background Thread 1 ] DEBUG TilesetLoader        - Writing to buffer: dst=768,512, w=64,h=64, src=192,0
14:41:58.929 [FXGL Background Thread 1 ] DEBUG TilesetLoader        - Writing to buffer: dst=832,512, w=64,h=64, src=384,0
14:41:58.929 [FXGL Background Thread 1 ] DEBUG TilesetLoader        - Writing to buffer: dst=896,512, w=64,h=64, src=0,0
14:41:58.929 [FXGL Background Thread 1 ] DEBUG TilesetLoader        - Writing to buffer: dst=0,576, w=64,h=64, src=0,0
14:41:58.929 [FXGL Background Thread 1 ] DEBUG TilesetLoader        - Writing to buffer: dst=64,576, w=64,h=64, src=384,0
14:41:58.930 [FXGL Background Thread 1 ] DEBUG TilesetLoader        - Writing to buffer: dst=128,576, w=64,h=64, src=384,0
14:41:58.930 [FXGL Background Thread 1 ] DEBUG TilesetLoader        - Writing to buffer: dst=192,576, w=64,h=64, src=384,0
14:41:58.930 [FXGL Background Thread 1 ] DEBUG TilesetLoader        - Writing to buffer: dst=256,576, w=64,h=64, src=384,0
14:41:58.930 [FXGL Background Thread 1 ] DEBUG TilesetLoader        - Writing to buffer: dst=320,576, w=64,h=64, src=384,0
14:41:58.930 [FXGL Background Thread 1 ] DEBUG TilesetLoader        - Writing to buffer: dst=384,576, w=64,h=64, src=384,0
14:41:58.931 [FXGL Background Thread 1 ] DEBUG TilesetLoader        - Writing to buffer: dst=448,576, w=64,h=64, src=384,0
14:41:58.931 [FXGL Background Thread 1 ] DEBUG TilesetLoader        - Writing to buffer: dst=512,576, w=64,h=64, src=384,0
14:41:58.931 [FXGL Background Thread 1 ] DEBUG TilesetLoader        - Writing to buffer: dst=576,576, w=64,h=64, src=384,0
14:41:58.931 [FXGL Background Thread 1 ] DEBUG TilesetLoader        - Writing to buffer: dst=640,576, w=64,h=64, src=384,0
14:41:58.931 [FXGL Background Thread 1 ] DEBUG TilesetLoader        - Writing to buffer: dst=704,576, w=64,h=64, src=384,0
14:41:58.932 [FXGL Background Thread 1 ] DEBUG TilesetLoader        - Writing to buffer: dst=768,576, w=64,h=64, src=384,0
14:41:58.932 [FXGL Background Thread 1 ] DEBUG TilesetLoader        - Writing to buffer: dst=832,576, w=64,h=64, src=384,0
14:41:58.932 [FXGL Background Thread 1 ] DEBUG TilesetLoader        - Writing to buffer: dst=896,576, w=64,h=64, src=0,0
14:41:58.932 [FXGL Background Thread 1 ] DEBUG TilesetLoader        - Writing to buffer: dst=0,640, w=64,h=64, src=0,0
14:41:58.933 [FXGL Background Thread 1 ] DEBUG TilesetLoader        - Writing to buffer: dst=64,640, w=64,h=64, src=384,0
14:41:58.933 [FXGL Background Thread 1 ] DEBUG TilesetLoader        - Writing to buffer: dst=128,640, w=64,h=64, src=192,0
14:41:58.933 [FXGL Background Thread 1 ] DEBUG TilesetLoader        - Writing to buffer: dst=192,640, w=64,h=64, src=384,0
14:41:58.933 [FXGL Background Thread 1 ] DEBUG TilesetLoader        - Writing to buffer: dst=256,640, w=64,h=64, src=192,0
14:41:58.933 [FXGL Background Thread 1 ] DEBUG TilesetLoader        - Writing to buffer: dst=320,640, w=64,h=64, src=384,0
14:41:58.933 [FXGL Background Thread 1 ] DEBUG TilesetLoader        - Writing to buffer: dst=384,640, w=64,h=64, src=192,0
14:41:58.933 [FXGL Background Thread 1 ] DEBUG TilesetLoader        - Writing to buffer: dst=448,640, w=64,h=64, src=384,0
14:41:58.934 [FXGL Background Thread 1 ] DEBUG TilesetLoader        - Writing to buffer: dst=512,640, w=64,h=64, src=192,0
14:41:58.934 [FXGL Background Thread 1 ] DEBUG TilesetLoader        - Writing to buffer: dst=576,640, w=64,h=64, src=384,0
14:41:58.934 [FXGL Background Thread 1 ] DEBUG TilesetLoader        - Writing to buffer: dst=640,640, w=64,h=64, src=192,0
14:41:58.934 [FXGL Background Thread 1 ] DEBUG TilesetLoader        - Writing to buffer: dst=704,640, w=64,h=64, src=384,0
14:41:58.934 [FXGL Background Thread 1 ] DEBUG TilesetLoader        - Writing to buffer: dst=768,640, w=64,h=64, src=192,0
14:41:58.934 [FXGL Background Thread 1 ] DEBUG TilesetLoader        - Writing to buffer: dst=832,640, w=64,h=64, src=384,0
14:41:58.935 [FXGL Background Thread 1 ] DEBUG TilesetLoader        - Writing to buffer: dst=896,640, w=64,h=64, src=0,0
14:41:58.935 [FXGL Background Thread 1 ] DEBUG TilesetLoader        - Writing to buffer: dst=0,704, w=64,h=64, src=0,0
14:41:58.935 [FXGL Background Thread 1 ] DEBUG TilesetLoader        - Writing to buffer: dst=64,704, w=64,h=64, src=384,0
14:41:58.935 [FXGL Background Thread 1 ] DEBUG TilesetLoader        - Writing to buffer: dst=128,704, w=64,h=64, src=384,0
14:41:58.935 [FXGL Background Thread 1 ] DEBUG TilesetLoader        - Writing to buffer: dst=192,704, w=64,h=64, src=384,0
14:41:58.935 [FXGL Background Thread 1 ] DEBUG TilesetLoader        - Writing to buffer: dst=256,704, w=64,h=64, src=384,0
14:41:58.935 [FXGL Background Thread 1 ] DEBUG TilesetLoader        - Writing to buffer: dst=320,704, w=64,h=64, src=384,0
14:41:58.936 [FXGL Background Thread 1 ] DEBUG TilesetLoader        - Writing to buffer: dst=384,704, w=64,h=64, src=384,0
14:41:58.936 [FXGL Background Thread 1 ] DEBUG TilesetLoader        - Writing to buffer: dst=448,704, w=64,h=64, src=384,0
14:41:58.936 [FXGL Background Thread 1 ] DEBUG TilesetLoader        - Writing to buffer: dst=512,704, w=64,h=64, src=384,0
14:41:58.936 [FXGL Background Thread 1 ] DEBUG TilesetLoader        - Writing to buffer: dst=576,704, w=64,h=64, src=384,0
14:41:58.936 [FXGL Background Thread 1 ] DEBUG TilesetLoader        - Writing to buffer: dst=640,704, w=64,h=64, src=384,0
14:41:58.936 [FXGL Background Thread 1 ] DEBUG TilesetLoader        - Writing to buffer: dst=704,704, w=64,h=64, src=384,0
14:41:58.936 [FXGL Background Thread 1 ] DEBUG TilesetLoader        - Writing to buffer: dst=768,704, w=64,h=64, src=384,0
14:41:58.937 [FXGL Background Thread 1 ] DEBUG TilesetLoader        - Writing to buffer: dst=832,704, w=64,h=64, src=384,0
14:41:58.937 [FXGL Background Thread 1 ] DEBUG TilesetLoader        - Writing to buffer: dst=896,704, w=64,h=64, src=0,0
14:41:58.937 [FXGL Background Thread 1 ] DEBUG TilesetLoader        - Writing to buffer: dst=0,768, w=64,h=64, src=0,0
14:41:58.937 [FXGL Background Thread 1 ] DEBUG TilesetLoader        - Writing to buffer: dst=64,768, w=64,h=64, src=0,0
14:41:58.938 [FXGL Background Thread 1 ] DEBUG TilesetLoader        - Writing to buffer: dst=128,768, w=64,h=64, src=0,0
14:41:58.938 [FXGL Background Thread 1 ] DEBUG TilesetLoader        - Writing to buffer: dst=192,768, w=64,h=64, src=0,0
14:41:58.938 [FXGL Background Thread 1 ] DEBUG TilesetLoader        - Writing to buffer: dst=256,768, w=64,h=64, src=0,0
14:41:58.938 [FXGL Background Thread 1 ] DEBUG TilesetLoader        - Writing to buffer: dst=320,768, w=64,h=64, src=0,0
14:41:58.938 [FXGL Background Thread 1 ] DEBUG TilesetLoader        - Writing to buffer: dst=384,768, w=64,h=64, src=0,0
14:41:58.938 [FXGL Background Thread 1 ] DEBUG TilesetLoader        - Writing to buffer: dst=448,768, w=64,h=64, src=0,0
14:41:58.938 [FXGL Background Thread 1 ] DEBUG TilesetLoader        - Writing to buffer: dst=512,768, w=64,h=64, src=0,0
14:41:58.938 [FXGL Background Thread 1 ] DEBUG TilesetLoader        - Writing to buffer: dst=576,768, w=64,h=64, src=0,0
14:41:58.939 [FXGL Background Thread 1 ] DEBUG TilesetLoader        - Writing to buffer: dst=640,768, w=64,h=64, src=0,0
14:41:58.939 [FXGL Background Thread 1 ] DEBUG TilesetLoader        - Writing to buffer: dst=704,768, w=64,h=64, src=0,0
14:41:58.939 [FXGL Background Thread 1 ] DEBUG TilesetLoader        - Writing to buffer: dst=768,768, w=64,h=64, src=0,0
14:41:58.939 [FXGL Background Thread 1 ] DEBUG TilesetLoader        - Writing to buffer: dst=832,768, w=64,h=64, src=0,0
14:41:58.939 [FXGL Background Thread 1 ] DEBUG TilesetLoader        - Writing to buffer: dst=896,768, w=64,h=64, src=0,0
14:41:58.939 [FXGL Background Thread 1 ] DEBUG TMXLevelLoader       - Creating object layer entities
14:41:58.964 [FXGL Background Thread 1 ] DEBUG GameWorld            - Clearing removable entities
14:41:58.965 [FXGL Background Thread 1 ] DEBUG GameWorld            - Setting level: com.almasb.fxgl.entity.level.Level@7d49d1bd
14:41:58.976 [FXGL Background Thread 1 ] DEBUG FXGLAssetLoaderServi - Loading from file system: file:/C:/Users/stanm/Documents/SE-Challengeweek/target/classes/assets/textures/player_1_move_down.png
14:41:58.982 [FXGL Background Thread 1 ] INFO  FXGLApplication      - Game initialization took: 0,135 sec
14:41:59.021 [JavaFX Application Thread] DEBUG FXGLApplication      - Registering font factories with UI factory
14:41:59.078 [FXGL Background Thread 2 ] INFO  UpdaterService       - Your current version:  11.14
14:41:59.078 [FXGL Background Thread 2 ] INFO  UpdaterService       - Latest stable version: 17.1
14:41:59.160 [JavaFX Application Thread] DEBUG Input                - Clearing active input actions
14:41:59.167 [JavaFX Application Thread] DEBUG GameApplicationServi - Removing overlay from FXGLLoadingScene and adding to GameScene
14:41:59.170 [JavaFX Application Thread] DEBUG PrimaryStageWindow   - FXGLLoadingScene -> GameScene
14:41:59.174 [JavaFX Application Thread] DEBUG FXGLAssetLoaderServi - Loading from file system: file:/C:/Users/stanm/Documents/SE-Challengeweek/target/classes/assets/textures/player_1_idle_down.png
14:41:59.714 [JavaFX Application Thread] DEBUG FXGLAssetLoaderServi - Loading from file system: file:/C:/Users/stanm/Documents/SE-Challengeweek/target/classes/assets/textures/player_1_move_right.png
14:42:00.455 [JavaFX Application Thread] DEBUG FXGLAssetLoaderServi - Loading from file system: file:/C:/Users/stanm/Documents/SE-Challengeweek/target/classes/assets/textures/player_1_idle_right.png
14:42:01.768 [FXGL Background Thread 3 ] DEBUG Engine               - Logging environment variables
14:42:01.768 [FXGL Background Thread 3 ] DEBUG Engine               - achievements: []
14:42:01.768 [FXGL Background Thread 3 ] DEBUG Engine               - actualHeight: 700.0
14:42:01.769 [FXGL Background Thread 3 ] DEBUG Engine               - actualHeightProperty: ReadOnlyDoubleProperty [value: 700.0]
14:42:01.769 [FXGL Background Thread 3 ] DEBUG Engine               - actualWidth: 1050.0
14:42:01.769 [FXGL Background Thread 3 ] DEBUG Engine               - actualWidthProperty: ReadOnlyDoubleProperty [value: 1050.0]
14:42:01.769 [FXGL Background Thread 3 ] DEBUG Engine               - appIcon: fxgl_icon.png
14:42:01.769 [FXGL Background Thread 3 ] DEBUG Engine               - applicationMode: DEVELOPER
14:42:01.769 [FXGL Background Thread 3 ] DEBUG Engine               - cSSList: [fxgl_dark.css]
14:42:01.769 [FXGL Background Thread 3 ] DEBUG Engine               - collisionDetectionStrategy: BRUTE_FORCE
14:42:01.769 [FXGL Background Thread 3 ] DEBUG Engine               - configClass: Optional.empty
14:42:01.769 [FXGL Background Thread 3 ] DEBUG Engine               - credits: []
14:42:01.770 [FXGL Background Thread 3 ] DEBUG Engine               - devBBoxColorProperty: ObjectProperty [value: 0xff0000ff]
14:42:01.770 [FXGL Background Thread 3 ] DEBUG Engine               - devEnableDebugCameraProperty: BooleanProperty [value: false]
14:42:01.771 [FXGL Background Thread 3 ] DEBUG Engine               - devSensorColorProperty: ObjectProperty [value: 0xffff00ff]
14:42:01.771 [FXGL Background Thread 3 ] DEBUG Engine               - devShowBBoxProperty: BooleanProperty [value: false]
14:42:01.771 [FXGL Background Thread 3 ] DEBUG Engine               - devShowPositionProperty: BooleanProperty [value: false]
14:42:01.771 [FXGL Background Thread 3 ] DEBUG Engine               - enabledMenuItems: []
14:42:01.771 [FXGL Background Thread 3 ] DEBUG Engine               - engineServices: [class com.almasb.fxgl.app.services.FXGLAssetLoaderService, class com.almasb.fxgl.app.FXGLApplication$GameApplicationService, class com.almasb.fxgl.app.services.FXGLDialogService, class com.almasb.fxgl.app.services.IOTaskExecutorService, class com.almasb.fxgl.event.EventBusService, class com.almasb.fxgl.io.FileSystemService, class com.almasb.fxgl.localization.LocalizationService, class com.almasb.fxgl.app.services.SystemBundleService, class com.almasb.fxgl.profile.SaveLoadService, class com.almasb.fxgl.ui.FXGLUIFactoryServiceProvider, class com.almasb.fxgl.ui.FXGLDialogFactoryServiceProvider, class com.almasb.fxgl.audio.AudioPlayer, class com.almasb.fxgl.notification.impl.NotificationServiceProvider, class com.almasb.fxgl.achievement.AchievementService, class com.almasb.fxgl.cutscene.CutsceneService, class com.almasb.fxgl.minigames.MiniGameService, class com.almasb.fxgl.net.NetService, class com.almasb.fxgl.app.services.UpdaterService, class com.almasb.fxgl.dev.DevService]
14:42:01.771 [FXGL Background Thread 3 ] DEBUG Engine               - fontGame: Abel-Regular.ttf
14:42:01.771 [FXGL Background Thread 3 ] DEBUG Engine               - fontMono: lucida_console.ttf
14:42:01.772 [FXGL Background Thread 3 ] DEBUG Engine               - fontText: Courier-Prime.ttf
14:42:01.772 [FXGL Background Thread 3 ] DEBUG Engine               - fontUI: VarelaRound-Regular.ttf
14:42:01.772 [FXGL Background Thread 3 ] DEBUG Engine               - fullScreen: BooleanProperty [value: false]
14:42:01.772 [FXGL Background Thread 3 ] DEBUG Engine               - gameDifficulty: MEDIUM
14:42:01.773 [FXGL Background Thread 3 ] DEBUG Engine               - gameDifficultyProperty: ObjectProperty [value: MEDIUM]
14:42:01.773 [FXGL Background Thread 3 ] DEBUG Engine               - globalMusicVolume: 0.5
14:42:01.773 [FXGL Background Thread 3 ] DEBUG Engine               - globalMusicVolumeProperty: DoubleProperty [value: 0.5]
14:42:01.773 [FXGL Background Thread 3 ] DEBUG Engine               - globalSoundVolume: 0.5
14:42:01.773 [FXGL Background Thread 3 ] DEBUG Engine               - globalSoundVolumeProperty: DoubleProperty [value: 0.5]
14:42:01.774 [FXGL Background Thread 3 ] DEBUG Engine               - height: 700
14:42:01.774 [FXGL Background Thread 3 ] DEBUG Engine               - isAndroid: false
14:42:01.774 [FXGL Background Thread 3 ] DEBUG Engine               - isBrowser: false
14:42:01.774 [FXGL Background Thread 3 ] DEBUG Engine               - isClickFeedbackEnabled: false
14:42:01.774 [FXGL Background Thread 3 ] DEBUG Engine               - isCloseConfirmation: false
14:42:01.774 [FXGL Background Thread 3 ] DEBUG Engine               - isDesktop: true
14:42:01.775 [FXGL Background Thread 3 ] DEBUG Engine               - isDeveloperMenuEnabled: true
14:42:01.775 [FXGL Background Thread 3 ] DEBUG Engine               - isEntityPreloadEnabled: true
14:42:01.775 [FXGL Background Thread 3 ] DEBUG Engine               - isExperimental3D: false
14:42:01.775 [FXGL Background Thread 3 ] DEBUG Engine               - isExperimentalNative: false
14:42:01.775 [FXGL Background Thread 3 ] DEBUG Engine               - isExperimentalTiledLargeMap: false
14:42:01.776 [FXGL Background Thread 3 ] DEBUG Engine               - isFileSystemWriteAllowed: true
14:42:01.776 [FXGL Background Thread 3 ] DEBUG Engine               - isFullScreenAllowed: false
14:42:01.776 [FXGL Background Thread 3 ] DEBUG Engine               - isFullScreenFromStart: false
14:42:01.776 [FXGL Background Thread 3 ] DEBUG Engine               - isGameMenuEnabled: true
14:42:01.776 [FXGL Background Thread 3 ] DEBUG Engine               - isIOS: false
14:42:01.776 [FXGL Background Thread 3 ] DEBUG Engine               - isIntroEnabled: false
14:42:01.776 [FXGL Background Thread 3 ] DEBUG Engine               - isLinux: false
14:42:01.776 [FXGL Background Thread 3 ] DEBUG Engine               - isMac: false
14:42:01.777 [FXGL Background Thread 3 ] DEBUG Engine               - isMainMenuEnabled: false
14:42:01.777 [FXGL Background Thread 3 ] DEBUG Engine               - isManualResizeEnabled: false
14:42:01.777 [FXGL Background Thread 3 ] DEBUG Engine               - isMobile: false
14:42:01.777 [FXGL Background Thread 3 ] DEBUG Engine               - isPreserveResizeRatio: false
14:42:01.777 [FXGL Background Thread 3 ] DEBUG Engine               - isProfilingEnabled: false
14:42:01.777 [FXGL Background Thread 3 ] DEBUG Engine               - isScaleAffectedOnResize: true
14:42:01.777 [FXGL Background Thread 3 ] DEBUG Engine               - isSingleStep: false
14:42:01.777 [FXGL Background Thread 3 ] DEBUG Engine               - isUserProfileEnabled: false
14:42:01.778 [FXGL Background Thread 3 ] DEBUG Engine               - isWindows: true
14:42:01.778 [FXGL Background Thread 3 ] DEBUG Engine               - language: ObjectProperty [value: ENGLISH]
14:42:01.778 [FXGL Background Thread 3 ] DEBUG Engine               - menuKey: ESCAPE
14:42:01.778 [FXGL Background Thread 3 ] DEBUG Engine               - notificationViewClass: class com.almasb.fxgl.notification.view.XboxNotificationView
14:42:01.778 [FXGL Background Thread 3 ] DEBUG Engine               - pixelsPerMeter: 50.0
14:42:01.778 [FXGL Background Thread 3 ] DEBUG Engine               - platform: WINDOWS
14:42:01.778 [FXGL Background Thread 3 ] DEBUG Engine               - prefHeightProperty: ReadOnlyDoubleProperty [value: 700.0]
14:42:01.779 [FXGL Background Thread 3 ] DEBUG Engine               - prefWidthProperty: ReadOnlyDoubleProperty [value: 1050.0]
14:42:01.779 [FXGL Background Thread 3 ] DEBUG Engine               - profileDir: profiles/
14:42:01.779 [FXGL Background Thread 3 ] DEBUG Engine               - profileName: StringProperty [value: DEFAULT]
14:42:01.779 [FXGL Background Thread 3 ] DEBUG Engine               - randomSeed: -1
14:42:01.779 [FXGL Background Thread 3 ] DEBUG Engine               - runtimeInfo: RuntimeInfo(platform=WINDOWS, version=11.14, build=01.03.2021 16.59)
14:42:01.779 [FXGL Background Thread 3 ] DEBUG Engine               - saveFileExt: sav
14:42:01.779 [FXGL Background Thread 3 ] DEBUG Engine               - scaledHeightProp$fxgl: DoubleProperty [bound, value: 700.0]
14:42:01.779 [FXGL Background Thread 3 ] DEBUG Engine               - scaledWidthProp$fxgl: DoubleProperty [bound, value: 1050.0]
14:42:01.780 [FXGL Background Thread 3 ] DEBUG Engine               - sceneFactory: com.almasb.fxgl.app.scene.SceneFactory@609f6d3
14:42:01.780 [FXGL Background Thread 3 ] DEBUG Engine               - secondsIn24h: 60
14:42:01.780 [FXGL Background Thread 3 ] DEBUG Engine               - soundMenuBack: menu/back.wav
14:42:01.780 [FXGL Background Thread 3 ] DEBUG Engine               - soundMenuPress: menu/press.wav
14:42:01.780 [FXGL Background Thread 3 ] DEBUG Engine               - soundMenuSelect: menu/select.wav
14:42:01.780 [FXGL Background Thread 3 ] DEBUG Engine               - soundNotification: core/notification.wav
14:42:01.780 [FXGL Background Thread 3 ] DEBUG Engine               - stageStyle: DECORATED
14:42:01.781 [FXGL Background Thread 3 ] DEBUG Engine               - supportedLanguages: [ENGLISH, FRENCH, GERMAN, HUNGARIAN, RUSSIAN]
14:42:01.781 [FXGL Background Thread 3 ] DEBUG Engine               - ticksPerSecond: -1
14:42:01.781 [FXGL Background Thread 3 ] DEBUG Engine               - title: Untitled
14:42:01.781 [FXGL Background Thread 3 ] DEBUG Engine               - urlGithub: https://github.com/AlmasB/FXGL
14:42:01.781 [FXGL Background Thread 3 ] DEBUG Engine               - urlLeaderboard: http://fxgl-top.herokuapp.com/
14:42:01.781 [FXGL Background Thread 3 ] DEBUG Engine               - urlPOM: https://raw.githubusercontent.com/AlmasB/FXGL/release/README.md
14:42:01.781 [FXGL Background Thread 3 ] DEBUG Engine               - userAppClass: class Game
14:42:01.781 [FXGL Background Thread 3 ] DEBUG Engine               - version: 0.0
14:42:01.782 [FXGL Background Thread 3 ] DEBUG Engine               - versionCheckDays: 7
14:42:01.782 [FXGL Background Thread 3 ] DEBUG Engine               - width: 1050
14:42:01.782 [FXGL Background Thread 3 ] DEBUG Engine               - Logging services
14:42:01.782 [FXGL Background Thread 3 ] DEBUG Engine               - class com.almasb.fxgl.app.services.FXGLAssetLoaderService
14:42:01.782 [FXGL Background Thread 3 ] DEBUG Engine               - class com.almasb.fxgl.app.FXGLApplication$GameApplicationService
14:42:01.782 [FXGL Background Thread 3 ] DEBUG Engine               - class com.almasb.fxgl.app.services.FXGLDialogService
14:42:01.783 [FXGL Background Thread 3 ] DEBUG Engine               - class com.almasb.fxgl.app.services.IOTaskExecutorService
14:42:01.783 [FXGL Background Thread 3 ] DEBUG Engine               - class com.almasb.fxgl.event.EventBusService
14:42:01.783 [FXGL Background Thread 3 ] DEBUG Engine               - class com.almasb.fxgl.io.FileSystemService
14:42:01.783 [FXGL Background Thread 3 ] DEBUG Engine               - class com.almasb.fxgl.localization.LocalizationService
14:42:01.783 [FXGL Background Thread 3 ] DEBUG Engine               - class com.almasb.fxgl.app.services.SystemBundleService
14:42:01.783 [FXGL Background Thread 3 ] DEBUG Engine               - class com.almasb.fxgl.profile.SaveLoadService
14:42:01.783 [FXGL Background Thread 3 ] DEBUG Engine               - class com.almasb.fxgl.ui.FXGLUIFactoryServiceProvider
14:42:01.783 [FXGL Background Thread 3 ] DEBUG Engine               - class com.almasb.fxgl.ui.FXGLDialogFactoryServiceProvider
14:42:01.783 [FXGL Background Thread 3 ] DEBUG Engine               - class com.almasb.fxgl.audio.AudioPlayer
14:42:01.783 [FXGL Background Thread 3 ] DEBUG Engine               - class com.almasb.fxgl.notification.impl.NotificationServiceProvider
14:42:01.784 [FXGL Background Thread 3 ] DEBUG Engine               - class com.almasb.fxgl.achievement.AchievementService
14:42:01.784 [FXGL Background Thread 3 ] DEBUG Engine               - class com.almasb.fxgl.cutscene.CutsceneService
14:42:01.784 [FXGL Background Thread 3 ] DEBUG Engine               - class com.almasb.fxgl.minigames.MiniGameService
14:42:01.784 [FXGL Background Thread 3 ] DEBUG Engine               - class com.almasb.fxgl.net.NetService
14:42:01.784 [FXGL Background Thread 3 ] DEBUG Engine               - class com.almasb.fxgl.app.services.UpdaterService
14:42:01.785 [FXGL Background Thread 3 ] DEBUG Engine               - class com.almasb.fxgl.dev.DevService
14:42:04.408 [JavaFX Application Thread] DEBUG FXGLAssetLoaderServi - Loading from file system: file:/C:/Users/stanm/Documents/SE-Challengeweek/target/classes/assets/textures/player_1_move_left.png
14:42:04.644 [JavaFX Application Thread] DEBUG FXGLAssetLoaderServi - Loading from file system: file:/C:/Users/stanm/Documents/SE-Challengeweek/target/classes/assets/textures/player_1_move_Up.png
14:42:05.063 [JavaFX Application Thread] DEBUG FXGLAssetLoaderServi - Loading from file system: file:/C:/Users/stanm/Documents/SE-Challengeweek/target/classes/assets/textures/player_1_idle_Up.png
14:42:06.590 [JavaFX Application Thread] DEBUG FXGLAssetLoaderServi - Loading from file system: file:/C:/Users/stanm/Documents/SE-Challengeweek/target/classes/assets/textures/player_1_idle_left.png
14:42:08.181 [JavaFX Application Thread] DEBUG FXGLAssetLoaderServi - Loading from file system: file:/C:/Users/stanm/Documents/SE-Challengeweek/target/classes/assets/textures/bomb-1.png
14:42:12.779 [JavaFX Application Thread] DEBUG FXGLApplication      - Exiting FXGL
14:42:12.780 [JavaFX Application Thread] DEBUG LoopRunner           - Stopping loop
14:42:12.780 [JavaFX Application Thread] DEBUG SystemBundleService  - Saving FXGL system data
14:42:12.783 [JavaFX Application Thread] DEBUG FileSystemAccess     - Writing to: C:\Users\stanm\Documents\SE-Challengeweek\system\fxgl.bundle
14:42:12.787 [JavaFX Application Thread] DEBUG Async                - Shutting down background threads
14:42:12.788 [JavaFX Application Thread] DEBUG PrimaryStageWindow   - Closing main window
14:42:12.804 [JavaFX Application Thread] DEBUG Logger               - Closing Logger
