14:24:59.181 [main                     ] DEBUG Logger               - Configured Logger
14:24:59.195 [main                     ] DEBUG GameApplication      - Logging settings
Title: Untitled
Version: 0.0
Width: 1050
Height: 700
Fullscreen: false
Intro: false
Profiling: false
Single step:false
App Mode: DEVELOPER
Menu Key: ESCAPE
Stage Style: DECORATED
Scene Factory: class com.almasb.fxgl.app.scene.SceneFactory

14:24:59.506 [JavaFX Application Thread] DEBUG FXGLApplication      - Initializing FXGL
14:24:59.508 [JavaFX Application Thread] INFO  Engine               - FXGL-11.14 (01.03.2021 16.59) on WINDOWS (J:15.0.2 FX:15)
14:24:59.508 [JavaFX Application Thread] DEBUG Engine               - JRE Vendor Name: Amazon.com Inc.
14:24:59.509 [JavaFX Application Thread] DEBUG Engine               - Running on OS: Windows 10 version 10.0
14:24:59.509 [JavaFX Application Thread] DEBUG Engine               - Architecture: amd64
14:24:59.509 [JavaFX Application Thread] INFO  Engine               - Source code and latest versions at: https://github.com/AlmasB/FXGL
14:24:59.509 [JavaFX Application Thread] INFO  Engine               -              Join the FXGL chat at: https://gitter.im/AlmasB/FXGL
14:24:59.601 [JavaFX Application Thread] DEBUG PrimaryStageWindow   - Creating a JavaFX scene
14:24:59.642 [JavaFX Application Thread] DEBUG PrimaryStageWindow   - Target settings size: 1050.0 x 700.0
14:24:59.642 [JavaFX Application Thread] DEBUG PrimaryStageWindow   - Scaled scene size:    1050.0 x 700.0
14:24:59.642 [JavaFX Application Thread] DEBUG PrimaryStageWindow   - Scaled ratio: (1.0, 1.0)
14:24:59.643 [JavaFX Application Thread] DEBUG PrimaryStageWindow   - Set initial scene to FXGLStartupScene
14:24:59.649 [JavaFX Application Thread] DEBUG PrimaryStageWindow   - Opening main window
14:24:59.714 [JavaFX Application Thread] DEBUG PrimaryStageWindow   - Window border size: (14.800048828125, 37.5999755859375)
14:24:59.714 [JavaFX Application Thread] DEBUG PrimaryStageWindow   - Scaled size: 1050.0 x 700.0
14:24:59.714 [JavaFX Application Thread] DEBUG PrimaryStageWindow   - Scaled ratio: (1.0, 1.0)
14:24:59.715 [JavaFX Application Thread] DEBUG PrimaryStageWindow   - Scene size: 1050.0 x 700.0
14:24:59.715 [JavaFX Application Thread] DEBUG PrimaryStageWindow   - Stage size: 1064.800048828125 x 737.5999755859375
14:24:59.722 [FXGL Background Thread 1 ] DEBUG Engine               - Initializing environment variables
14:24:59.760 [FXGL Background Thread 1 ] DEBUG FXGLAssetLoaderServi - User app class for loading assets: class Game
14:24:59.760 [FXGL Background Thread 1 ] DEBUG GameApplicationServi - Applying CSS: fxgl_dark.css
14:24:59.761 [FXGL Background Thread 1 ] DEBUG FXGLAssetLoaderServi - Loading from file system: jar:file:/C:/Users/stanm/.m2/repository/com/github/almasb/fxgl/11.14/fxgl-11.14.jar!/fxglassets/ui/css/fxgl_dark.css
14:24:59.808 [FXGL Background Thread 1 ] DEBUG GameApplicationServi - Initializing application scenes
14:24:59.839 [FXGL Background Thread 1 ] DEBUG GameWorld            - Game world initialized
14:24:59.891 [FXGL Background Thread 1 ] DEBUG PhysicsWorld         - Physics world initialized: appHeight=700, physics.ppm=50,0
14:24:59.891 [FXGL Background Thread 1 ] DEBUG PhysicsWorld         - Using strategy: BRUTE_FORCE
14:24:59.893 [FXGL Background Thread 1 ] DEBUG GameScene            - Game scene initialized: 1050x700
14:24:59.930 [FXGL Background Thread 1 ] DEBUG FXGLAssetLoaderServi - Loading from file system: jar:file:/C:/Users/stanm/.m2/repository/com/github/almasb/fxgl/11.14/fxgl-11.14.jar!/fxglassets/textures/particles/trace_horizontal.png
14:24:59.973 [FXGL Background Thread 1 ] DEBUG FXGL.DefaultMenu     - createMenuBodyGameMenu()
14:24:59.985 [FXGL Background Thread 1 ] DEBUG FXGL.DefaultMenu     - createOptionsMenu()
14:24:59.989 [FXGL Background Thread 1 ] DEBUG FXGLAssetLoaderServi - Loading from file system: jar:file:/C:/Users/stanm/.m2/repository/com/github/almasb/fxgl/11.14/fxgl-11.14.jar!/fxglassets/textures/particles/smoke.png
14:25:00.033 [FXGL Background Thread 1 ] DEBUG GameApplicationServi - Application scenes initialized
14:25:00.042 [FXGL Background Thread 1 ] DEBUG SystemBundleService  - Loading FXGL system data
14:25:00.045 [FXGL Background Thread 1 ] DEBUG FileSystemAccess     - Reading from: C:\Users\stanm\Documents\SE-Challengeweek\system\fxgl.bundle
14:25:00.050 [FXGL Background Thread 1 ] DEBUG SystemBundleService  - Bundle FXGL: {}
14:25:00.051 [FXGL Background Thread 1 ] DEBUG UpdaterService       - Checking for updates
14:25:00.055 [FXGL Background Thread 4 ] DEBUG FXGLApplication      - Loading fonts
14:25:00.055 [FXGL Background Thread 1 ] DEBUG FXGLApplication      - Loading default localization
14:25:00.056 [FXGL Background Thread 4 ] DEBUG FXGLAssetLoaderServi - Loading from file system: jar:file:/C:/Users/stanm/.m2/repository/com/github/almasb/fxgl/11.14/fxgl-11.14.jar!/fxglassets/ui/fonts/VarelaRound-Regular.ttf
14:25:00.056 [FXGL Background Thread 1 ] DEBUG FXGLAssetLoaderServi - Loading from file system: jar:file:/C:/Users/stanm/.m2/repository/com/github/almasb/fxgl/11.14/fxgl-11.14.jar!/fxglassets/languages/english.lang
14:25:00.069 [FXGL Background Thread 1 ] INFO  FXGLApplication      - FXGL initialization took: 0,346 sec
14:25:00.077 [JavaFX Application Thread] DEBUG Input                - Registered new binding: Right - D
14:25:00.078 [JavaFX Application Thread] DEBUG Input                - Registered new binding: Left - A
14:25:00.078 [JavaFX Application Thread] DEBUG Input                - Registered new binding: Up - W
14:25:00.078 [JavaFX Application Thread] DEBUG Input                - Registered new binding: Down - S
14:25:00.078 [JavaFX Application Thread] DEBUG FXGLAssetLoaderServi - Loading from file system: jar:file:/C:/Users/stanm/.m2/repository/com/github/almasb/fxgl/11.14/fxgl-11.14.jar!/fxglassets/textures/fxgl_icon.png
14:25:00.098 [JavaFX Application Thread] DEBUG FXGLAssetLoaderServi - Loading from file system: jar:file:/C:/Users/stanm/.m2/repository/com/github/almasb/fxgl/11.14/fxgl-11.14.jar!/fxglassets/ui/cursors/fxgl_default.png
14:25:00.100 [JavaFX Application Thread] DEBUG Input                - Registered new binding: Screenshot - P
14:25:00.100 [JavaFX Application Thread] DEBUG Input                - Registered new binding: System info dump - CTRL+9
14:25:00.101 [JavaFX Application Thread] DEBUG Input                - Registered new binding: Restart - CTRL+R
14:25:00.102 [JavaFX Application Thread] DEBUG Input                - Registered new binding: Toggle Debug Camera - CTRL+C
14:25:00.104 [JavaFX Application Thread] DEBUG LoopRunner           - Starting loop
14:25:00.104 [JavaFX Application Thread] DEBUG LoopRunner           - Initializing JavaFX AnimationTimerLoop
14:25:00.106 [JavaFX Application Thread] DEBUG GameApplicationServi - Starting new game
14:25:00.107 [JavaFX Application Thread] DEBUG Input                - Clearing active input actions
14:25:00.111 [FXGL Background Thread 4 ] DEBUG FXGLAssetLoaderServi - Loading from file system: jar:file:/C:/Users/stanm/.m2/repository/com/github/almasb/fxgl/11.14/fxgl-11.14.jar!/fxglassets/ui/fonts/Abel-Regular.ttf
14:25:00.118 [JavaFX Application Thread] DEBUG GameApplicationServi - Removing overlay from FXGLStartupScene and adding to FXGLLoadingScene
14:25:00.119 [JavaFX Application Thread] DEBUG PrimaryStageWindow   - FXGLStartupScene -> FXGLLoadingScene
14:25:00.119 [JavaFX Application Thread] DEBUG GameApplicationServi - Clearing previous game
14:25:00.119 [JavaFX Application Thread] DEBUG GameScene            - Clearing game scene
14:25:00.120 [JavaFX Application Thread] DEBUG GameWorld            - Clearing game world
14:25:00.120 [JavaFX Application Thread] DEBUG PhysicsWorld         - Clearing physics world
14:25:00.121 [FXGL Background Thread 1 ] DEBUG FXGLApplication      - Initializing game
14:25:00.123 [FXGL Background Thread 4 ] DEBUG FXGLAssetLoaderServi - Loading from file system: jar:file:/C:/Users/stanm/.m2/repository/com/github/almasb/fxgl/11.14/fxgl-11.14.jar!/fxglassets/ui/fonts/lucida_console.ttf
14:25:00.133 [FXGL Background Thread 4 ] DEBUG FXGLAssetLoaderServi - Loading from file system: jar:file:/C:/Users/stanm/.m2/repository/com/github/almasb/fxgl/11.14/fxgl-11.14.jar!/fxglassets/ui/fonts/Courier-Prime.ttf
14:25:00.157 [FXGL Background Thread 1 ] WARN  TMXLevelLoader       - TiledMap generated from 1.8.4. Supported version: 1.2.3. Some features may not be parsed fully.
14:25:00.158 [JavaFX Application Thread] DEBUG FXGLApplication      - Registering font factories with UI factory
14:25:00.182 [FXGL Background Thread 1 ] DEBUG TMXLevelLoader       - Parsed raw map: TiledMap(width=15, height=13, tilewidth=64, tileheight=64, orientation=orthogonal, layers=[Layer(width=0, height=0, name=, type=objectgroup, visible=false, x=0, y=0, data=[], objects=[com.almasb.fxgl.entity.level.tiled.TiledObject@75bd3a68], opacity=0.0, draworder=), Layer(width=0, height=0, name=, type=objectgroup, visible=false, x=0, y=0, data=[], objects=[com.almasb.fxgl.entity.level.tiled.TiledObject@1c6a705], opacity=0.0, draworder=), Layer(width=0, height=0, name=, type=objectgroup, visible=false, x=0, y=0, data=[], objects=[com.almasb.fxgl.entity.level.tiled.TiledObject@c0eb2e1, com.almasb.fxgl.entity.level.tiled.TiledObject@32cd0aa9, com.almasb.fxgl.entity.level.tiled.TiledObject@2ebf18e2], opacity=0.0, draworder=), Layer(width=0, height=0, name=, type=objectgroup, visible=false, x=0, y=0, data=[], objects=[com.almasb.fxgl.entity.level.tiled.TiledObject@1af56cbf], opacity=0.0, draworder=), Layer(width=15, height=13, name=Tile Layer 1, type=tilelayer, visible=false, x=0, y=0, data=[5, 5, 5, 5, 5, 5, 5, 5, 5, 5, 5, 5, 5, 5, 5, 5, 5, 5, 5, 5, 5, 5, 5, 5, 5, 5, 5, 5, 5, 5, 5, 5, 4, 5, 4, 5, 4, 5, 4, 5, 4, 5, 4, 5, 5, 5, 5, 5, 5, 5, 5, 5, 5, 5, 5, 5, 5, 5, 5, 5, 5, 5, 4, 5, 4, 5, 4, 5, 4, 5, 4, 5, 4, 5, 5, 5, 5, 5, 5, 5, 5, 5, 5, 5, 5, 5, 5, 5, 5, 5, 5, 5, 4, 5, 4, 5, 4, 5, 4, 5, 4, 5, 4, 5, 5, 5, 5, 5, 5, 5, 5, 5, 5, 5, 5, 5, 5, 5, 5, 5, 5, 5, 4, 5, 4, 5, 4, 5, 4, 5, 4, 5, 4, 5, 5, 5, 5, 5, 5, 5, 5, 5, 5, 5, 5, 5, 5, 5, 5, 5, 5, 5, 4, 5, 4, 5, 4, 5, 4, 5, 4, 5, 4, 5, 5, 5, 5, 5, 5, 5, 5, 5, 5, 5, 5, 5, 5, 5, 5, 5, 5, 5, 5, 5, 5, 5, 5, 5, 5, 5, 5, 5, 5, 5, 5], objects=[], opacity=0.0, draworder=), Layer(width=0, height=0, name=walls, type=objectgroup, visible=false, x=0, y=0, data=[], objects=[com.almasb.fxgl.entity.level.tiled.TiledObject@63955cba, com.almasb.fxgl.entity.level.tiled.TiledObject@39578a23, com.almasb.fxgl.entity.level.tiled.TiledObject@6ff9fde3, com.almasb.fxgl.entity.level.tiled.TiledObject@5e58e437, com.almasb.fxgl.entity.level.tiled.TiledObject@17e103ca, com.almasb.fxgl.entity.level.tiled.TiledObject@12629587, com.almasb.fxgl.entity.level.tiled.TiledObject@325474cd, com.almasb.fxgl.entity.level.tiled.TiledObject@2b3447ec, com.almasb.fxgl.entity.level.tiled.TiledObject@34d4fe13, com.almasb.fxgl.entity.level.tiled.TiledObject@329c8ba3, com.almasb.fxgl.entity.level.tiled.TiledObject@237f6321, com.almasb.fxgl.entity.level.tiled.TiledObject@2a7d4b85, com.almasb.fxgl.entity.level.tiled.TiledObject@394a0cbf, com.almasb.fxgl.entity.level.tiled.TiledObject@6f5d59a6, com.almasb.fxgl.entity.level.tiled.TiledObject@37e34907, com.almasb.fxgl.entity.level.tiled.TiledObject@77020d1d, com.almasb.fxgl.entity.level.tiled.TiledObject@1e44c8b6, com.almasb.fxgl.entity.level.tiled.TiledObject@1bd122b1, com.almasb.fxgl.entity.level.tiled.TiledObject@3657ebbd, com.almasb.fxgl.entity.level.tiled.TiledObject@51da728f, com.almasb.fxgl.entity.level.tiled.TiledObject@6963017a, com.almasb.fxgl.entity.level.tiled.TiledObject@7bb5724d, com.almasb.fxgl.entity.level.tiled.TiledObject@72b66485, com.almasb.fxgl.entity.level.tiled.TiledObject@707a3e56, com.almasb.fxgl.entity.level.tiled.TiledObject@1e389f2, com.almasb.fxgl.entity.level.tiled.TiledObject@5194a499, com.almasb.fxgl.entity.level.tiled.TiledObject@10476062, com.almasb.fxgl.entity.level.tiled.TiledObject@316e74b2, com.almasb.fxgl.entity.level.tiled.TiledObject@2c5fc774, com.almasb.fxgl.entity.level.tiled.TiledObject@589b0e0a, com.almasb.fxgl.entity.level.tiled.TiledObject@7374210b, com.almasb.fxgl.entity.level.tiled.TiledObject@31fd0033, com.almasb.fxgl.entity.level.tiled.TiledObject@63cb051f, com.almasb.fxgl.entity.level.tiled.TiledObject@6320bc32, com.almasb.fxgl.entity.level.tiled.TiledObject@318eb524, com.almasb.fxgl.entity.level.tiled.TiledObject@68abc7be, com.almasb.fxgl.entity.level.tiled.TiledObject@5373d449, com.almasb.fxgl.entity.level.tiled.TiledObject@35d43339, com.almasb.fxgl.entity.level.tiled.TiledObject@71378732, com.almasb.fxgl.entity.level.tiled.TiledObject@4797389d, com.almasb.fxgl.entity.level.tiled.TiledObject@a8b6dba, com.almasb.fxgl.entity.level.tiled.TiledObject@1e52da29, com.almasb.fxgl.entity.level.tiled.TiledObject@5311d0c6, com.almasb.fxgl.entity.level.tiled.TiledObject@2d3c49e9, com.almasb.fxgl.entity.level.tiled.TiledObject@7c8b0749, com.almasb.fxgl.entity.level.tiled.TiledObject@74000963, com.almasb.fxgl.entity.level.tiled.TiledObject@29ca60c5, com.almasb.fxgl.entity.level.tiled.TiledObject@66f60714, com.almasb.fxgl.entity.level.tiled.TiledObject@42e3e5cc, com.almasb.fxgl.entity.level.tiled.TiledObject@365cb7e2, com.almasb.fxgl.entity.level.tiled.TiledObject@4c6a25a4, com.almasb.fxgl.entity.level.tiled.TiledObject@1af2459a, com.almasb.fxgl.entity.level.tiled.TiledObject@47620e8d], opacity=0.0, draworder=), Layer(width=0, height=0, name=boxes, type=objectgroup, visible=false, x=0, y=0, data=[], objects=[com.almasb.fxgl.entity.level.tiled.TiledObject@14d24224, com.almasb.fxgl.entity.level.tiled.TiledObject@988021f, com.almasb.fxgl.entity.level.tiled.TiledObject@1de4821, com.almasb.fxgl.entity.level.tiled.TiledObject@569f28f1, com.almasb.fxgl.entity.level.tiled.TiledObject@50da9364, com.almasb.fxgl.entity.level.tiled.TiledObject@190bfb9a, com.almasb.fxgl.entity.level.tiled.TiledObject@6ae727da, com.almasb.fxgl.entity.level.tiled.TiledObject@451052d7, com.almasb.fxgl.entity.level.tiled.TiledObject@41d5a8a2, com.almasb.fxgl.entity.level.tiled.TiledObject@7444c29, com.almasb.fxgl.entity.level.tiled.TiledObject@54ce72ec, com.almasb.fxgl.entity.level.tiled.TiledObject@138f0448, com.almasb.fxgl.entity.level.tiled.TiledObject@7f732e23, com.almasb.fxgl.entity.level.tiled.TiledObject@5af300e0, com.almasb.fxgl.entity.level.tiled.TiledObject@7d0d5040, com.almasb.fxgl.entity.level.tiled.TiledObject@16cbb6ed, com.almasb.fxgl.entity.level.tiled.TiledObject@702f8021, com.almasb.fxgl.entity.level.tiled.TiledObject@32996ac4, com.almasb.fxgl.entity.level.tiled.TiledObject@2501a387, com.almasb.fxgl.entity.level.tiled.TiledObject@6e361514, com.almasb.fxgl.entity.level.tiled.TiledObject@6294ae7b, com.almasb.fxgl.entity.level.tiled.TiledObject@1b2227a7, com.almasb.fxgl.entity.level.tiled.TiledObject@3397a2df, com.almasb.fxgl.entity.level.tiled.TiledObject@6d579f0c, com.almasb.fxgl.entity.level.tiled.TiledObject@2a7713ab, com.almasb.fxgl.entity.level.tiled.TiledObject@2062165d, com.almasb.fxgl.entity.level.tiled.TiledObject@2eedc9d4, com.almasb.fxgl.entity.level.tiled.TiledObject@7f139cfa, com.almasb.fxgl.entity.level.tiled.TiledObject@6d6b32f8, com.almasb.fxgl.entity.level.tiled.TiledObject@5d8b01f6, com.almasb.fxgl.entity.level.tiled.TiledObject@1d68d0fa, com.almasb.fxgl.entity.level.tiled.TiledObject@7e7f7be1, com.almasb.fxgl.entity.level.tiled.TiledObject@4a377a24, com.almasb.fxgl.entity.level.tiled.TiledObject@4f365625, com.almasb.fxgl.entity.level.tiled.TiledObject@1402b039, com.almasb.fxgl.entity.level.tiled.TiledObject@1127712b, com.almasb.fxgl.entity.level.tiled.TiledObject@60b0cf71, com.almasb.fxgl.entity.level.tiled.TiledObject@1dca3a3c, com.almasb.fxgl.entity.level.tiled.TiledObject@1cc8d2c4, com.almasb.fxgl.entity.level.tiled.TiledObject@364c565f, com.almasb.fxgl.entity.level.tiled.TiledObject@5061dca0, com.almasb.fxgl.entity.level.tiled.TiledObject@1cb6074a, com.almasb.fxgl.entity.level.tiled.TiledObject@46b2a8ea, com.almasb.fxgl.entity.level.tiled.TiledObject@1218f0cd, com.almasb.fxgl.entity.level.tiled.TiledObject@4c42aaf2, com.almasb.fxgl.entity.level.tiled.TiledObject@60626867, com.almasb.fxgl.entity.level.tiled.TiledObject@33446979, com.almasb.fxgl.entity.level.tiled.TiledObject@660f7944, com.almasb.fxgl.entity.level.tiled.TiledObject@3fc35a4d, com.almasb.fxgl.entity.level.tiled.TiledObject@4c913c82, com.almasb.fxgl.entity.level.tiled.TiledObject@5c0e8bc8, com.almasb.fxgl.entity.level.tiled.TiledObject@41d61c54, com.almasb.fxgl.entity.level.tiled.TiledObject@64623711, com.almasb.fxgl.entity.level.tiled.TiledObject@21527233, com.almasb.fxgl.entity.level.tiled.TiledObject@92afd1a, com.almasb.fxgl.entity.level.tiled.TiledObject@78ef64d7, com.almasb.fxgl.entity.level.tiled.TiledObject@dc00e64, com.almasb.fxgl.entity.level.tiled.TiledObject@3f313605, com.almasb.fxgl.entity.level.tiled.TiledObject@612dced4, com.almasb.fxgl.entity.level.tiled.TiledObject@62e7d7fa, com.almasb.fxgl.entity.level.tiled.TiledObject@6fd946ec, com.almasb.fxgl.entity.level.tiled.TiledObject@596ec40c, com.almasb.fxgl.entity.level.tiled.TiledObject@563aea9b, com.almasb.fxgl.entity.level.tiled.TiledObject@a3eafa1, com.almasb.fxgl.entity.level.tiled.TiledObject@2ff5762c, com.almasb.fxgl.entity.level.tiled.TiledObject@14897a, com.almasb.fxgl.entity.level.tiled.TiledObject@17bd5d1, com.almasb.fxgl.entity.level.tiled.TiledObject@7e4731f8, com.almasb.fxgl.entity.level.tiled.TiledObject@7a076c0a, com.almasb.fxgl.entity.level.tiled.TiledObject@5efc6569], opacity=0.0, draworder=)], tilesets=[Tileset(firstgid=1, image=../../../Downloads/New Piskel-1.png.png, name=tileset level 1, tilewidth=64, tileheight=64, imagewidth=320, imageheight=64, margin=0, spacing=0, columns=5, tilecount=5, transparentcolor=, tiles=[Tile(id=0, image=, imagewidth=0, imageheight=0, transparentcolor=), Tile(id=1, image=, imagewidth=0, imageheight=0, transparentcolor=), Tile(id=2, image=, imagewidth=0, imageheight=0, transparentcolor=), Tile(id=3, image=, imagewidth=0, imageheight=0, transparentcolor=)])], backgroundcolor=, renderorder=right-down, nextobjectid=198, version=1, tiledversion=1.8.4, type=map, infinite=false, hexsidelength=0, staggeraxis=, staggerindex=, properties={}, propertytypes={})
14:25:00.182 [FXGL Background Thread 1 ] DEBUG TMXLevelLoader       - Creating tile layer entities
14:25:00.183 [FXGL Background Thread 1 ] DEBUG TilesetLoader        - Loading view for layer Tile Layer 1
14:25:00.184 [FXGL Background Thread 1 ] DEBUG TilesetLoader        - Created buffer with size 960.0x832.0
14:25:00.185 [FXGL Background Thread 1 ] WARN  TMXLevelLoader       - Parse error Error: java.lang.IllegalArgumentException: Tile with id=4 not found
14:25:00.223 [JavaFX Application Thread] DEBUG LoopRunner           - Stopping loop
14:25:00.225 [JavaFX Application Thread] FATAL FXGLApplication      - Uncaught Exception:
java.lang.RuntimeException: Initialization failed
	at com.almasb.fxgl.app.FXGLApplication$InitAppTask.failed(FXGLApplication.kt:376)
	at javafx.concurrent.Task.setState(Task.java:710)
	at javafx.concurrent.Task$TaskCallable.lambda$call$2(Task.java:1455)
	at com.sun.javafx.application.PlatformImpl.lambda$runLater$10(PlatformImpl.java:428)
	at java.base/java.security.AccessController.doPrivileged(AccessController.java:391)
	at com.sun.javafx.application.PlatformImpl.lambda$runLater$11(PlatformImpl.java:427)
	at com.sun.glass.ui.InvokeLaterDispatcher$Future.run(InvokeLaterDispatcher.java:96)
	at com.sun.glass.ui.win.WinApplication._runLoop(Native Method)
	at com.sun.glass.ui.win.WinApplication.lambda$runLoop$3(WinApplication.java:174)
	at java.base/java.lang.Thread.run(Thread.java:832)
Caused by: com.almasb.fxgl.entity.level.LevelLoadingException: Tile with id=4 not found
	at com.almasb.fxgl.entity.level.tiled.TMXLevelLoader.load(TMXLevelLoader.kt:71)
	at com.almasb.fxgl.app.services.FXGLAssetLoaderService.loadLevel(FXGLAssetLoaderService.kt:442)
	at com.almasb.fxgl.dsl.FXGL$Companion.setLevelFromMap(FXGL.kt:532)
	at com.almasb.fxgl.dsl.FXGL.setLevelFromMap(FXGL.kt)
	at Game.initGame(Game.java:25)
	at com.almasb.fxgl.app.FXGLApplication$InitAppTask.initGame(FXGLApplication.kt:372)
	at com.almasb.fxgl.app.FXGLApplication$InitAppTask.call(FXGLApplication.kt:352)
	at com.almasb.fxgl.app.FXGLApplication$InitAppTask.call(FXGLApplication.kt:344)
	at javafx.concurrent.Task$TaskCallable.call(Task.java:1425)
	at java.base/java.util.concurrent.FutureTask.run(FutureTask.java:264)
	at java.base/java.util.concurrent.Executors$RunnableAdapter.call(Executors.java:515)
	at java.base/java.util.concurrent.FutureTask.run(FutureTask.java:264)
	at java.base/java.util.concurrent.ThreadPoolExecutor.runWorker(ThreadPoolExecutor.java:1130)
	at java.base/java.util.concurrent.ThreadPoolExecutor$Worker.run(ThreadPoolExecutor.java:630)
	... 1 more
Caused by: java.lang.IllegalArgumentException: Tile with id=4 not found
	at com.almasb.fxgl.entity.level.tiled.TilesetLoader.loadView(TilesetLoader.kt:127)
	at com.almasb.fxgl.entity.level.tiled.TMXLevelLoader.createTileLayerEntities(TMXLevelLoader.kt:86)
	at com.almasb.fxgl.entity.level.tiled.TMXLevelLoader.load(TMXLevelLoader.kt:51)
	... 14 more

14:25:00.225 [JavaFX Application Thread] FATAL FXGLApplication      - Application will now exit
14:25:00.238 [JavaFX Application Thread] DEBUG PrimaryStageWindow   - Push state: ErrorSubScene
14:25:00.239 [JavaFX Application Thread] DEBUG Input                - Clearing active input actions
14:25:00.243 [JavaFX Application Thread] DEBUG GameApplicationServi - Removing overlay from FXGLLoadingScene and adding to ErrorSubScene
14:25:00.244 [JavaFX Application Thread] DEBUG PrimaryStageWindow   - FXGLLoadingScene -> ErrorSubScene
14:25:00.414 [FXGL Background Thread 2 ] INFO  UpdaterService       - Your current version:  11.14
14:25:00.414 [FXGL Background Thread 2 ] INFO  UpdaterService       - Latest stable version: 17.1
14:25:03.055 [FXGL Background Thread 3 ] DEBUG Engine               - Logging environment variables
14:25:03.055 [FXGL Background Thread 3 ] DEBUG Engine               - achievements: []
14:25:03.056 [FXGL Background Thread 3 ] DEBUG Engine               - actualHeight: 700.0
14:25:03.056 [FXGL Background Thread 3 ] DEBUG Engine               - actualHeightProperty: ReadOnlyDoubleProperty [value: 700.0]
14:25:03.056 [FXGL Background Thread 3 ] DEBUG Engine               - actualWidth: 1050.0
14:25:03.056 [FXGL Background Thread 3 ] DEBUG Engine               - actualWidthProperty: ReadOnlyDoubleProperty [value: 1050.0]
14:25:03.057 [FXGL Background Thread 3 ] DEBUG Engine               - appIcon: fxgl_icon.png
14:25:03.057 [FXGL Background Thread 3 ] DEBUG Engine               - applicationMode: DEVELOPER
14:25:03.057 [FXGL Background Thread 3 ] DEBUG Engine               - cSSList: [fxgl_dark.css]
14:25:03.057 [FXGL Background Thread 3 ] DEBUG Engine               - collisionDetectionStrategy: BRUTE_FORCE
14:25:03.057 [FXGL Background Thread 3 ] DEBUG Engine               - configClass: Optional.empty
14:25:03.057 [FXGL Background Thread 3 ] DEBUG Engine               - credits: []
14:25:03.058 [FXGL Background Thread 3 ] DEBUG Engine               - devBBoxColorProperty: ObjectProperty [value: 0xff0000ff]
14:25:03.058 [FXGL Background Thread 3 ] DEBUG Engine               - devEnableDebugCameraProperty: BooleanProperty [value: false]
14:25:03.059 [FXGL Background Thread 3 ] DEBUG Engine               - devSensorColorProperty: ObjectProperty [value: 0xffff00ff]
14:25:03.059 [FXGL Background Thread 3 ] DEBUG Engine               - devShowBBoxProperty: BooleanProperty [value: false]
14:25:03.059 [FXGL Background Thread 3 ] DEBUG Engine               - devShowPositionProperty: BooleanProperty [value: false]
14:25:03.059 [FXGL Background Thread 3 ] DEBUG Engine               - enabledMenuItems: []
14:25:03.059 [FXGL Background Thread 3 ] DEBUG Engine               - engineServices: [class com.almasb.fxgl.app.services.FXGLAssetLoaderService, class com.almasb.fxgl.app.FXGLApplication$GameApplicationService, class com.almasb.fxgl.app.services.FXGLDialogService, class com.almasb.fxgl.app.services.IOTaskExecutorService, class com.almasb.fxgl.event.EventBusService, class com.almasb.fxgl.io.FileSystemService, class com.almasb.fxgl.localization.LocalizationService, class com.almasb.fxgl.app.services.SystemBundleService, class com.almasb.fxgl.profile.SaveLoadService, class com.almasb.fxgl.ui.FXGLUIFactoryServiceProvider, class com.almasb.fxgl.ui.FXGLDialogFactoryServiceProvider, class com.almasb.fxgl.audio.AudioPlayer, class com.almasb.fxgl.notification.impl.NotificationServiceProvider, class com.almasb.fxgl.achievement.AchievementService, class com.almasb.fxgl.cutscene.CutsceneService, class com.almasb.fxgl.minigames.MiniGameService, class com.almasb.fxgl.net.NetService, class com.almasb.fxgl.app.services.UpdaterService, class com.almasb.fxgl.dev.DevService]
14:25:03.060 [FXGL Background Thread 3 ] DEBUG Engine               - fontGame: Abel-Regular.ttf
14:25:03.060 [FXGL Background Thread 3 ] DEBUG Engine               - fontMono: lucida_console.ttf
14:25:03.060 [FXGL Background Thread 3 ] DEBUG Engine               - fontText: Courier-Prime.ttf
14:25:03.060 [FXGL Background Thread 3 ] DEBUG Engine               - fontUI: VarelaRound-Regular.ttf
14:25:03.060 [FXGL Background Thread 3 ] DEBUG Engine               - fullScreen: BooleanProperty [value: false]
14:25:03.060 [FXGL Background Thread 3 ] DEBUG Engine               - gameDifficulty: MEDIUM
14:25:03.061 [FXGL Background Thread 3 ] DEBUG Engine               - gameDifficultyProperty: ObjectProperty [value: MEDIUM]
14:25:03.061 [FXGL Background Thread 3 ] DEBUG Engine               - globalMusicVolume: 0.5
14:25:03.061 [FXGL Background Thread 3 ] DEBUG Engine               - globalMusicVolumeProperty: DoubleProperty [value: 0.5]
14:25:03.061 [FXGL Background Thread 3 ] DEBUG Engine               - globalSoundVolume: 0.5
14:25:03.061 [FXGL Background Thread 3 ] DEBUG Engine               - globalSoundVolumeProperty: DoubleProperty [value: 0.5]
14:25:03.062 [FXGL Background Thread 3 ] DEBUG Engine               - height: 700
14:25:03.062 [FXGL Background Thread 3 ] DEBUG Engine               - isAndroid: false
14:25:03.062 [FXGL Background Thread 3 ] DEBUG Engine               - isBrowser: false
14:25:03.062 [FXGL Background Thread 3 ] DEBUG Engine               - isClickFeedbackEnabled: false
14:25:03.062 [FXGL Background Thread 3 ] DEBUG Engine               - isCloseConfirmation: false
14:25:03.062 [FXGL Background Thread 3 ] DEBUG Engine               - isDesktop: true
14:25:03.062 [FXGL Background Thread 3 ] DEBUG Engine               - isDeveloperMenuEnabled: false
14:25:03.063 [FXGL Background Thread 3 ] DEBUG Engine               - isEntityPreloadEnabled: true
14:25:03.063 [FXGL Background Thread 3 ] DEBUG Engine               - isExperimental3D: false
14:25:03.063 [FXGL Background Thread 3 ] DEBUG Engine               - isExperimentalNative: false
14:25:03.063 [FXGL Background Thread 3 ] DEBUG Engine               - isExperimentalTiledLargeMap: false
14:25:03.063 [FXGL Background Thread 3 ] DEBUG Engine               - isFileSystemWriteAllowed: true
14:25:03.063 [FXGL Background Thread 3 ] DEBUG Engine               - isFullScreenAllowed: false
14:25:03.064 [FXGL Background Thread 3 ] DEBUG Engine               - isFullScreenFromStart: false
14:25:03.064 [FXGL Background Thread 3 ] DEBUG Engine               - isGameMenuEnabled: true
14:25:03.064 [FXGL Background Thread 3 ] DEBUG Engine               - isIOS: false
14:25:03.064 [FXGL Background Thread 3 ] DEBUG Engine               - isIntroEnabled: false
14:25:03.064 [FXGL Background Thread 3 ] DEBUG Engine               - isLinux: false
14:25:03.064 [FXGL Background Thread 3 ] DEBUG Engine               - isMac: false
14:25:03.065 [FXGL Background Thread 3 ] DEBUG Engine               - isMainMenuEnabled: false
14:25:03.065 [FXGL Background Thread 3 ] DEBUG Engine               - isManualResizeEnabled: false
14:25:03.065 [FXGL Background Thread 3 ] DEBUG Engine               - isMobile: false
14:25:03.065 [FXGL Background Thread 3 ] DEBUG Engine               - isPreserveResizeRatio: false
14:25:03.065 [FXGL Background Thread 3 ] DEBUG Engine               - isProfilingEnabled: false
14:25:03.065 [FXGL Background Thread 3 ] DEBUG Engine               - isScaleAffectedOnResize: true
14:25:03.065 [FXGL Background Thread 3 ] DEBUG Engine               - isSingleStep: false
14:25:03.066 [FXGL Background Thread 3 ] DEBUG Engine               - isUserProfileEnabled: false
14:25:03.066 [FXGL Background Thread 3 ] DEBUG Engine               - isWindows: true
14:25:03.066 [FXGL Background Thread 3 ] DEBUG Engine               - language: ObjectProperty [value: ENGLISH]
14:25:03.066 [FXGL Background Thread 3 ] DEBUG Engine               - menuKey: ESCAPE
14:25:03.066 [FXGL Background Thread 3 ] DEBUG Engine               - notificationViewClass: class com.almasb.fxgl.notification.view.XboxNotificationView
14:25:03.066 [FXGL Background Thread 3 ] DEBUG Engine               - pixelsPerMeter: 50.0
14:25:03.067 [FXGL Background Thread 3 ] DEBUG Engine               - platform: WINDOWS
14:25:03.067 [FXGL Background Thread 3 ] DEBUG Engine               - prefHeightProperty: ReadOnlyDoubleProperty [value: 700.0]
14:25:03.067 [FXGL Background Thread 3 ] DEBUG Engine               - prefWidthProperty: ReadOnlyDoubleProperty [value: 1050.0]
14:25:03.067 [FXGL Background Thread 3 ] DEBUG Engine               - profileDir: profiles/
14:25:03.067 [FXGL Background Thread 3 ] DEBUG Engine               - profileName: StringProperty [value: DEFAULT]
14:25:03.067 [FXGL Background Thread 3 ] DEBUG Engine               - randomSeed: -1
14:25:03.067 [FXGL Background Thread 3 ] DEBUG Engine               - runtimeInfo: RuntimeInfo(platform=WINDOWS, version=11.14, build=01.03.2021 16.59)
14:25:03.068 [FXGL Background Thread 3 ] DEBUG Engine               - saveFileExt: sav
14:25:03.068 [FXGL Background Thread 3 ] DEBUG Engine               - scaledHeightProp$fxgl: DoubleProperty [bound, value: 700.0]
14:25:03.068 [FXGL Background Thread 3 ] DEBUG Engine               - scaledWidthProp$fxgl: DoubleProperty [bound, value: 1050.0]
14:25:03.068 [FXGL Background Thread 3 ] DEBUG Engine               - sceneFactory: com.almasb.fxgl.app.scene.SceneFactory@48aea5d5
14:25:03.068 [FXGL Background Thread 3 ] DEBUG Engine               - secondsIn24h: 60
14:25:03.068 [FXGL Background Thread 3 ] DEBUG Engine               - soundMenuBack: menu/back.wav
14:25:03.069 [FXGL Background Thread 3 ] DEBUG Engine               - soundMenuPress: menu/press.wav
14:25:03.069 [FXGL Background Thread 3 ] DEBUG Engine               - soundMenuSelect: menu/select.wav
14:25:03.069 [FXGL Background Thread 3 ] DEBUG Engine               - soundNotification: core/notification.wav
14:25:03.069 [FXGL Background Thread 3 ] DEBUG Engine               - stageStyle: DECORATED
14:25:03.069 [FXGL Background Thread 3 ] DEBUG Engine               - supportedLanguages: [ENGLISH, FRENCH, GERMAN, HUNGARIAN, RUSSIAN]
14:25:03.069 [FXGL Background Thread 3 ] DEBUG Engine               - ticksPerSecond: -1
14:25:03.069 [FXGL Background Thread 3 ] DEBUG Engine               - title: Untitled
14:25:03.070 [FXGL Background Thread 3 ] DEBUG Engine               - urlGithub: https://github.com/AlmasB/FXGL
14:25:03.070 [FXGL Background Thread 3 ] DEBUG Engine               - urlLeaderboard: http://fxgl-top.herokuapp.com/
14:25:03.070 [FXGL Background Thread 3 ] DEBUG Engine               - urlPOM: https://raw.githubusercontent.com/AlmasB/FXGL/release/README.md
14:25:03.070 [FXGL Background Thread 3 ] DEBUG Engine               - userAppClass: class Game
14:25:03.070 [FXGL Background Thread 3 ] DEBUG Engine               - version: 0.0
14:25:03.070 [FXGL Background Thread 3 ] DEBUG Engine               - versionCheckDays: 7
14:25:03.070 [FXGL Background Thread 3 ] DEBUG Engine               - width: 1050
14:25:03.070 [FXGL Background Thread 3 ] DEBUG Engine               - Logging services
14:25:03.071 [FXGL Background Thread 3 ] DEBUG Engine               - class com.almasb.fxgl.app.services.FXGLAssetLoaderService
14:25:03.071 [FXGL Background Thread 3 ] DEBUG Engine               - class com.almasb.fxgl.app.FXGLApplication$GameApplicationService
14:25:03.071 [FXGL Background Thread 3 ] DEBUG Engine               - class com.almasb.fxgl.app.services.FXGLDialogService
14:25:03.071 [FXGL Background Thread 3 ] DEBUG Engine               - class com.almasb.fxgl.app.services.IOTaskExecutorService
14:25:03.072 [FXGL Background Thread 3 ] DEBUG Engine               - class com.almasb.fxgl.event.EventBusService
14:25:03.072 [FXGL Background Thread 3 ] DEBUG Engine               - class com.almasb.fxgl.io.FileSystemService
14:25:03.072 [FXGL Background Thread 3 ] DEBUG Engine               - class com.almasb.fxgl.localization.LocalizationService
14:25:03.072 [FXGL Background Thread 3 ] DEBUG Engine               - class com.almasb.fxgl.app.services.SystemBundleService
14:25:03.072 [FXGL Background Thread 3 ] DEBUG Engine               - class com.almasb.fxgl.profile.SaveLoadService
14:25:03.072 [FXGL Background Thread 3 ] DEBUG Engine               - class com.almasb.fxgl.ui.FXGLUIFactoryServiceProvider
14:25:03.072 [FXGL Background Thread 3 ] DEBUG Engine               - class com.almasb.fxgl.ui.FXGLDialogFactoryServiceProvider
14:25:03.072 [FXGL Background Thread 3 ] DEBUG Engine               - class com.almasb.fxgl.audio.AudioPlayer
14:25:03.073 [FXGL Background Thread 3 ] DEBUG Engine               - class com.almasb.fxgl.notification.impl.NotificationServiceProvider
14:25:03.073 [FXGL Background Thread 3 ] DEBUG Engine               - class com.almasb.fxgl.achievement.AchievementService
14:25:03.073 [FXGL Background Thread 3 ] DEBUG Engine               - class com.almasb.fxgl.cutscene.CutsceneService
14:25:03.073 [FXGL Background Thread 3 ] DEBUG Engine               - class com.almasb.fxgl.minigames.MiniGameService
14:25:03.073 [FXGL Background Thread 3 ] DEBUG Engine               - class com.almasb.fxgl.net.NetService
14:25:03.073 [FXGL Background Thread 3 ] DEBUG Engine               - class com.almasb.fxgl.app.services.UpdaterService
14:25:03.073 [FXGL Background Thread 3 ] DEBUG Engine               - class com.almasb.fxgl.dev.DevService
14:25:06.057 [JavaFX Application Thread] DEBUG FXGLApplication      - Exiting FXGL
14:25:06.058 [JavaFX Application Thread] DEBUG Async                - Shutting down background threads
14:25:06.058 [JavaFX Application Thread] DEBUG PrimaryStageWindow   - Closing main window
14:25:06.066 [JavaFX Application Thread] DEBUG Logger               - Closing Logger
