13:26:16.723 [main                     ] DEBUG Logger               - Configured Logger
13:26:16.736 [main                     ] DEBUG GameApplication      - Logging settings
Title: Untitled
Version: 0.0
Width: 1050
Height: 700
Fullscreen: false
Intro: false
Profiling: false
Single step:false
App Mode: DEVELOPER
Menu Key: ESCAPE
Stage Style: DECORATED
Scene Factory: class com.almasb.fxgl.app.scene.SceneFactory

13:26:17.045 [JavaFX Application Thread] DEBUG FXGLApplication      - Initializing FXGL
13:26:17.047 [JavaFX Application Thread] INFO  Engine               - FXGL-11.14 (01.03.2021 16.59) on WINDOWS (J:15.0.2 FX:15)
13:26:17.047 [JavaFX Application Thread] DEBUG Engine               - JRE Vendor Name: Amazon.com Inc.
13:26:17.048 [JavaFX Application Thread] DEBUG Engine               - Running on OS: Windows 10 version 10.0
13:26:17.048 [JavaFX Application Thread] DEBUG Engine               - Architecture: amd64
13:26:17.048 [JavaFX Application Thread] INFO  Engine               - Source code and latest versions at: https://github.com/AlmasB/FXGL
13:26:17.048 [JavaFX Application Thread] INFO  Engine               -              Join the FXGL chat at: https://gitter.im/AlmasB/FXGL
13:26:17.141 [JavaFX Application Thread] DEBUG PrimaryStageWindow   - Creating a JavaFX scene
13:26:17.181 [JavaFX Application Thread] DEBUG PrimaryStageWindow   - Target settings size: 1050.0 x 700.0
13:26:17.181 [JavaFX Application Thread] DEBUG PrimaryStageWindow   - Scaled scene size:    1050.0 x 700.0
13:26:17.181 [JavaFX Application Thread] DEBUG PrimaryStageWindow   - Scaled ratio: (1.0, 1.0)
13:26:17.182 [JavaFX Application Thread] DEBUG PrimaryStageWindow   - Set initial scene to FXGLStartupScene
13:26:17.188 [JavaFX Application Thread] DEBUG PrimaryStageWindow   - Opening main window
13:26:17.254 [JavaFX Application Thread] DEBUG PrimaryStageWindow   - Window border size: (14.800048828125, 37.5999755859375)
13:26:17.254 [JavaFX Application Thread] DEBUG PrimaryStageWindow   - Scaled size: 1050.0 x 700.0
13:26:17.254 [JavaFX Application Thread] DEBUG PrimaryStageWindow   - Scaled ratio: (1.0, 1.0)
13:26:17.255 [JavaFX Application Thread] DEBUG PrimaryStageWindow   - Scene size: 1050.0 x 700.0
13:26:17.255 [JavaFX Application Thread] DEBUG PrimaryStageWindow   - Stage size: 1064.800048828125 x 737.5999755859375
13:26:17.261 [FXGL Background Thread 1 ] DEBUG Engine               - Initializing environment variables
13:26:17.295 [FXGL Background Thread 1 ] DEBUG FXGLAssetLoaderServi - User app class for loading assets: class Game
13:26:17.296 [FXGL Background Thread 1 ] DEBUG GameApplicationServi - Applying CSS: fxgl_dark.css
13:26:17.298 [FXGL Background Thread 1 ] DEBUG FXGLAssetLoaderServi - Loading from file system: jar:file:/C:/Users/stanm/.m2/repository/com/github/almasb/fxgl/11.14/fxgl-11.14.jar!/fxglassets/ui/css/fxgl_dark.css
13:26:17.346 [FXGL Background Thread 1 ] DEBUG GameApplicationServi - Initializing application scenes
13:26:17.378 [FXGL Background Thread 1 ] DEBUG GameWorld            - Game world initialized
13:26:17.428 [FXGL Background Thread 1 ] DEBUG PhysicsWorld         - Physics world initialized: appHeight=700, physics.ppm=50,0
13:26:17.428 [FXGL Background Thread 1 ] DEBUG PhysicsWorld         - Using strategy: BRUTE_FORCE
13:26:17.430 [FXGL Background Thread 1 ] DEBUG GameScene            - Game scene initialized: 1050x700
13:26:17.467 [FXGL Background Thread 1 ] DEBUG FXGLAssetLoaderServi - Loading from file system: jar:file:/C:/Users/stanm/.m2/repository/com/github/almasb/fxgl/11.14/fxgl-11.14.jar!/fxglassets/textures/particles/trace_horizontal.png
13:26:17.509 [FXGL Background Thread 1 ] DEBUG FXGL.DefaultMenu     - createMenuBodyGameMenu()
13:26:17.522 [FXGL Background Thread 1 ] DEBUG FXGL.DefaultMenu     - createOptionsMenu()
13:26:17.526 [FXGL Background Thread 1 ] DEBUG FXGLAssetLoaderServi - Loading from file system: jar:file:/C:/Users/stanm/.m2/repository/com/github/almasb/fxgl/11.14/fxgl-11.14.jar!/fxglassets/textures/particles/smoke.png
13:26:17.567 [FXGL Background Thread 1 ] DEBUG GameApplicationServi - Application scenes initialized
13:26:17.576 [FXGL Background Thread 1 ] DEBUG SystemBundleService  - Loading FXGL system data
13:26:17.579 [FXGL Background Thread 1 ] DEBUG FileSystemAccess     - Reading from: C:\Users\stanm\Documents\SE-Challengeweek\system\fxgl.bundle
13:26:17.584 [FXGL Background Thread 1 ] DEBUG SystemBundleService  - Bundle FXGL: {}
13:26:17.584 [FXGL Background Thread 1 ] DEBUG UpdaterService       - Checking for updates
13:26:17.587 [FXGL Background Thread 4 ] DEBUG FXGLApplication      - Loading fonts
13:26:17.588 [FXGL Background Thread 1 ] DEBUG FXGLApplication      - Loading default localization
13:26:17.588 [FXGL Background Thread 4 ] DEBUG FXGLAssetLoaderServi - Loading from file system: jar:file:/C:/Users/stanm/.m2/repository/com/github/almasb/fxgl/11.14/fxgl-11.14.jar!/fxglassets/ui/fonts/VarelaRound-Regular.ttf
13:26:17.588 [FXGL Background Thread 1 ] DEBUG FXGLAssetLoaderServi - Loading from file system: jar:file:/C:/Users/stanm/.m2/repository/com/github/almasb/fxgl/11.14/fxgl-11.14.jar!/fxglassets/languages/english.lang
13:26:17.603 [FXGL Background Thread 1 ] INFO  FXGLApplication      - FXGL initialization took: 0,342 sec
13:26:17.613 [JavaFX Application Thread] DEBUG Input                - Registered new binding: Right - D
13:26:17.613 [JavaFX Application Thread] DEBUG Input                - Registered new binding: Left - A
13:26:17.614 [JavaFX Application Thread] DEBUG Input                - Registered new binding: Up - W
13:26:17.614 [JavaFX Application Thread] DEBUG Input                - Registered new binding: Down - S
13:26:17.614 [JavaFX Application Thread] DEBUG FXGLAssetLoaderServi - Loading from file system: jar:file:/C:/Users/stanm/.m2/repository/com/github/almasb/fxgl/11.14/fxgl-11.14.jar!/fxglassets/textures/fxgl_icon.png
13:26:17.629 [JavaFX Application Thread] DEBUG FXGLAssetLoaderServi - Loading from file system: jar:file:/C:/Users/stanm/.m2/repository/com/github/almasb/fxgl/11.14/fxgl-11.14.jar!/fxglassets/ui/cursors/fxgl_default.png
13:26:17.631 [JavaFX Application Thread] DEBUG Input                - Registered new binding: Screenshot - P
13:26:17.631 [JavaFX Application Thread] DEBUG Input                - Registered new binding: System info dump - CTRL+9
13:26:17.632 [JavaFX Application Thread] DEBUG Input                - Registered new binding: Restart - CTRL+R
13:26:17.632 [JavaFX Application Thread] DEBUG Input                - Registered new binding: Toggle Debug Camera - CTRL+C
13:26:17.634 [JavaFX Application Thread] DEBUG LoopRunner           - Starting loop
13:26:17.635 [JavaFX Application Thread] DEBUG LoopRunner           - Initializing JavaFX AnimationTimerLoop
13:26:17.636 [JavaFX Application Thread] DEBUG GameApplicationServi - Starting new game
13:26:17.636 [JavaFX Application Thread] DEBUG Input                - Clearing active input actions
13:26:17.648 [JavaFX Application Thread] DEBUG GameApplicationServi - Removing overlay from FXGLStartupScene and adding to FXGLLoadingScene
13:26:17.648 [FXGL Background Thread 4 ] DEBUG FXGLAssetLoaderServi - Loading from file system: jar:file:/C:/Users/stanm/.m2/repository/com/github/almasb/fxgl/11.14/fxgl-11.14.jar!/fxglassets/ui/fonts/Abel-Regular.ttf
13:26:17.648 [JavaFX Application Thread] DEBUG PrimaryStageWindow   - FXGLStartupScene -> FXGLLoadingScene
13:26:17.649 [JavaFX Application Thread] DEBUG GameApplicationServi - Clearing previous game
13:26:17.649 [JavaFX Application Thread] DEBUG GameScene            - Clearing game scene
13:26:17.649 [JavaFX Application Thread] DEBUG GameWorld            - Clearing game world
13:26:17.649 [JavaFX Application Thread] DEBUG PhysicsWorld         - Clearing physics world
13:26:17.651 [FXGL Background Thread 1 ] DEBUG FXGLApplication      - Initializing game
13:26:17.658 [FXGL Background Thread 4 ] DEBUG FXGLAssetLoaderServi - Loading from file system: jar:file:/C:/Users/stanm/.m2/repository/com/github/almasb/fxgl/11.14/fxgl-11.14.jar!/fxglassets/ui/fonts/lucida_console.ttf
13:26:17.675 [FXGL Background Thread 4 ] DEBUG FXGLAssetLoaderServi - Loading from file system: jar:file:/C:/Users/stanm/.m2/repository/com/github/almasb/fxgl/11.14/fxgl-11.14.jar!/fxglassets/ui/fonts/Courier-Prime.ttf
13:26:17.680 [FXGL Background Thread 1 ] WARN  TMXLevelLoader       - TiledMap generated from 1.0.1. Supported version: 1.2.3. Some features may not be parsed fully.
13:26:17.685 [FXGL Background Thread 1 ] DEBUG TMXLevelLoader       - Parsed raw map: TiledMap(width=15, height=10, tilewidth=70, tileheight=70, orientation=orthogonal, layers=[Layer(width=15, height=10, name=Tile Layer 1, type=tilelayer, visible=false, x=0, y=0, data=[0, 0, 0, 0, 0, 0, 0, 0, 0, 0, 0, 0, 0, 0, 0, 0, 0, 0, 0, 0, 0, 0, 0, 0, 0, 0, 0, 0, 0, 0, 0, 0, 0, 0, 0, 0, 0, 0, 0, 0, 0, 0, 0, 0, 0, 0, 0, 0, 0, 0, 0, 0, 0, 0, 0, 0, 0, 0, 0, 0, 0, 0, 0, 0, 0, 0, 0, 0, 0, 0, 0, 0, 0, 0, 0, 0, 0, 0, 0, 0, 0, 0, 0, 0, 0, 126, 101, 101, 102, 0, 0, 0, 0, 0, 0, 0, 126, 101, 101, 102, 0, 0, 0, 0, 0, 0, 0, 126, 101, 101, 102, 0, 0, 0, 0, 0, 0, 0, 0, 0, 0, 0, 0, 0, 0, 0, 0, 0, 0, 0, 0, 0, 0, 0, 0, 10, 10, 10, 10, 10, 10, 10, 10, 10, 10, 10, 10, 10, 10, 10], objects=[], opacity=0.0, draworder=), Layer(width=0, height=0, name=Object Layer 1, type=objectgroup, visible=false, x=0, y=0, data=[], objects=[com.almasb.fxgl.entity.level.tiled.TiledObject@1ded3c56, com.almasb.fxgl.entity.level.tiled.TiledObject@24c5201c, com.almasb.fxgl.entity.level.tiled.TiledObject@579d3c1d, com.almasb.fxgl.entity.level.tiled.TiledObject@75bd3a68, com.almasb.fxgl.entity.level.tiled.TiledObject@1c6a705, com.almasb.fxgl.entity.level.tiled.TiledObject@c0eb2e1, com.almasb.fxgl.entity.level.tiled.TiledObject@32cd0aa9, com.almasb.fxgl.entity.level.tiled.TiledObject@2ebf18e2], opacity=0.0, draworder=)], tilesets=[Tileset(firstgid=1, image=../../../../../../../../Pictures/tiles_spritesheet.png, name=tiles_spritesheet, tilewidth=70, tileheight=70, imagewidth=914, imageheight=936, margin=0, spacing=2, columns=12, tilecount=156, transparentcolor=, tiles=[])], backgroundcolor=, renderorder=right-down, nextobjectid=10, version=1, tiledversion=1.0.1, type=map, infinite=false, hexsidelength=0, staggeraxis=, staggerindex=, properties={}, propertytypes={})
13:26:17.686 [JavaFX Application Thread] DEBUG FXGLApplication      - Registering font factories with UI factory
13:26:17.686 [FXGL Background Thread 1 ] DEBUG TMXLevelLoader       - Creating tile layer entities
13:26:17.687 [FXGL Background Thread 1 ] DEBUG TilesetLoader        - Loading view for layer Tile Layer 1
13:26:17.689 [FXGL Background Thread 1 ] DEBUG TilesetLoader        - Created buffer with size 1050.0x700.0
13:26:17.730 [FXGL Background Thread 1 ] DEBUG TilesetLoader        - Writing to buffer: dst=700,350, w=70,h=70, src=360,720
13:26:17.730 [FXGL Background Thread 1 ] DEBUG TilesetLoader        - Writing to buffer: dst=770,350, w=70,h=70, src=288,576
13:26:17.730 [FXGL Background Thread 1 ] DEBUG TilesetLoader        - Writing to buffer: dst=840,350, w=70,h=70, src=288,576
13:26:17.731 [FXGL Background Thread 1 ] DEBUG TilesetLoader        - Writing to buffer: dst=910,350, w=70,h=70, src=360,576
13:26:17.731 [FXGL Background Thread 1 ] DEBUG TilesetLoader        - Writing to buffer: dst=420,420, w=70,h=70, src=360,720
13:26:17.731 [FXGL Background Thread 1 ] DEBUG TilesetLoader        - Writing to buffer: dst=490,420, w=70,h=70, src=288,576
13:26:17.731 [FXGL Background Thread 1 ] DEBUG TilesetLoader        - Writing to buffer: dst=560,420, w=70,h=70, src=288,576
13:26:17.731 [FXGL Background Thread 1 ] DEBUG TilesetLoader        - Writing to buffer: dst=630,420, w=70,h=70, src=360,576
13:26:17.731 [FXGL Background Thread 1 ] DEBUG TilesetLoader        - Writing to buffer: dst=140,490, w=70,h=70, src=360,720
13:26:17.732 [FXGL Background Thread 1 ] DEBUG TilesetLoader        - Writing to buffer: dst=210,490, w=70,h=70, src=288,576
13:26:17.732 [FXGL Background Thread 1 ] DEBUG TilesetLoader        - Writing to buffer: dst=280,490, w=70,h=70, src=288,576
13:26:17.732 [FXGL Background Thread 1 ] DEBUG TilesetLoader        - Writing to buffer: dst=350,490, w=70,h=70, src=360,576
13:26:17.732 [FXGL Background Thread 1 ] DEBUG TilesetLoader        - Writing to buffer: dst=0,630, w=70,h=70, src=648,0
13:26:17.732 [FXGL Background Thread 1 ] DEBUG TilesetLoader        - Writing to buffer: dst=70,630, w=70,h=70, src=648,0
13:26:17.732 [FXGL Background Thread 1 ] DEBUG TilesetLoader        - Writing to buffer: dst=140,630, w=70,h=70, src=648,0
13:26:17.732 [FXGL Background Thread 1 ] DEBUG TilesetLoader        - Writing to buffer: dst=210,630, w=70,h=70, src=648,0
13:26:17.733 [FXGL Background Thread 1 ] DEBUG TilesetLoader        - Writing to buffer: dst=280,630, w=70,h=70, src=648,0
13:26:17.733 [FXGL Background Thread 1 ] DEBUG TilesetLoader        - Writing to buffer: dst=350,630, w=70,h=70, src=648,0
13:26:17.733 [FXGL Background Thread 1 ] DEBUG TilesetLoader        - Writing to buffer: dst=420,630, w=70,h=70, src=648,0
13:26:17.733 [FXGL Background Thread 1 ] DEBUG TilesetLoader        - Writing to buffer: dst=490,630, w=70,h=70, src=648,0
13:26:17.734 [FXGL Background Thread 1 ] DEBUG TilesetLoader        - Writing to buffer: dst=560,630, w=70,h=70, src=648,0
13:26:17.734 [FXGL Background Thread 1 ] DEBUG TilesetLoader        - Writing to buffer: dst=630,630, w=70,h=70, src=648,0
13:26:17.734 [FXGL Background Thread 1 ] DEBUG TilesetLoader        - Writing to buffer: dst=700,630, w=70,h=70, src=648,0
13:26:17.734 [FXGL Background Thread 1 ] DEBUG TilesetLoader        - Writing to buffer: dst=770,630, w=70,h=70, src=648,0
13:26:17.734 [FXGL Background Thread 1 ] DEBUG TilesetLoader        - Writing to buffer: dst=840,630, w=70,h=70, src=648,0
13:26:17.734 [FXGL Background Thread 1 ] DEBUG TilesetLoader        - Writing to buffer: dst=910,630, w=70,h=70, src=648,0
13:26:17.735 [FXGL Background Thread 1 ] DEBUG TilesetLoader        - Writing to buffer: dst=980,630, w=70,h=70, src=648,0
13:26:17.735 [FXGL Background Thread 1 ] DEBUG TMXLevelLoader       - Creating object layer entities
13:26:17.751 [FXGL Background Thread 1 ] DEBUG GameWorld            - Clearing removable entities
13:26:17.752 [FXGL Background Thread 1 ] DEBUG GameWorld            - Setting level: com.almasb.fxgl.entity.level.Level@41d61c54
13:26:17.764 [FXGL Background Thread 1 ] WARN  FXGLAssetLoaderServi - Asset "/assets/textures/player_idle_ .png" was not found!
13:26:17.764 [FXGL Background Thread 1 ] WARN  FXGLAssetLoaderServi - Failed to load IMAGE
13:26:17.796 [FXGL Background Thread 1 ] INFO  FXGLApplication      - Game initialization took: 0,146 sec
13:26:17.797 [JavaFX Application Thread] DEBUG Input                - Clearing active input actions
13:26:17.804 [JavaFX Application Thread] DEBUG GameApplicationServi - Removing overlay from FXGLLoadingScene and adding to GameScene
13:26:17.805 [JavaFX Application Thread] DEBUG PrimaryStageWindow   - FXGLLoadingScene -> GameScene
13:26:17.935 [FXGL Background Thread 2 ] INFO  UpdaterService       - Your current version:  11.14
13:26:17.935 [FXGL Background Thread 2 ] INFO  UpdaterService       - Latest stable version: 17.1
13:26:20.588 [FXGL Background Thread 3 ] DEBUG Engine               - Logging environment variables
13:26:20.589 [FXGL Background Thread 3 ] DEBUG Engine               - achievements: []
13:26:20.590 [FXGL Background Thread 3 ] DEBUG Engine               - actualHeight: 700.0
13:26:20.591 [FXGL Background Thread 3 ] DEBUG Engine               - actualHeightProperty: ReadOnlyDoubleProperty [value: 700.0]
13:26:20.591 [FXGL Background Thread 3 ] DEBUG Engine               - actualWidth: 1050.0
13:26:20.592 [FXGL Background Thread 3 ] DEBUG Engine               - actualWidthProperty: ReadOnlyDoubleProperty [value: 1050.0]
13:26:20.592 [FXGL Background Thread 3 ] DEBUG Engine               - appIcon: fxgl_icon.png
13:26:20.593 [FXGL Background Thread 3 ] DEBUG Engine               - applicationMode: DEVELOPER
13:26:20.593 [FXGL Background Thread 3 ] DEBUG Engine               - cSSList: [fxgl_dark.css]
13:26:20.594 [FXGL Background Thread 3 ] DEBUG Engine               - collisionDetectionStrategy: BRUTE_FORCE
13:26:20.595 [FXGL Background Thread 3 ] DEBUG Engine               - configClass: Optional.empty
13:26:20.595 [FXGL Background Thread 3 ] DEBUG Engine               - credits: []
13:26:20.597 [FXGL Background Thread 3 ] DEBUG Engine               - devBBoxColorProperty: ObjectProperty [value: 0xff0000ff]
13:26:20.598 [FXGL Background Thread 3 ] DEBUG Engine               - devEnableDebugCameraProperty: BooleanProperty [value: false]
13:26:20.599 [FXGL Background Thread 3 ] DEBUG Engine               - devSensorColorProperty: ObjectProperty [value: 0xffff00ff]
13:26:20.599 [FXGL Background Thread 3 ] DEBUG Engine               - devShowBBoxProperty: BooleanProperty [value: false]
13:26:20.600 [FXGL Background Thread 3 ] DEBUG Engine               - devShowPositionProperty: BooleanProperty [value: false]
13:26:20.600 [FXGL Background Thread 3 ] DEBUG Engine               - enabledMenuItems: []
13:26:20.601 [FXGL Background Thread 3 ] DEBUG Engine               - engineServices: [class com.almasb.fxgl.app.services.FXGLAssetLoaderService, class com.almasb.fxgl.app.FXGLApplication$GameApplicationService, class com.almasb.fxgl.app.services.FXGLDialogService, class com.almasb.fxgl.app.services.IOTaskExecutorService, class com.almasb.fxgl.event.EventBusService, class com.almasb.fxgl.io.FileSystemService, class com.almasb.fxgl.localization.LocalizationService, class com.almasb.fxgl.app.services.SystemBundleService, class com.almasb.fxgl.profile.SaveLoadService, class com.almasb.fxgl.ui.FXGLUIFactoryServiceProvider, class com.almasb.fxgl.ui.FXGLDialogFactoryServiceProvider, class com.almasb.fxgl.audio.AudioPlayer, class com.almasb.fxgl.notification.impl.NotificationServiceProvider, class com.almasb.fxgl.achievement.AchievementService, class com.almasb.fxgl.cutscene.CutsceneService, class com.almasb.fxgl.minigames.MiniGameService, class com.almasb.fxgl.net.NetService, class com.almasb.fxgl.app.services.UpdaterService, class com.almasb.fxgl.dev.DevService]
13:26:20.601 [FXGL Background Thread 3 ] DEBUG Engine               - fontGame: Abel-Regular.ttf
13:26:20.602 [FXGL Background Thread 3 ] DEBUG Engine               - fontMono: lucida_console.ttf
13:26:20.603 [FXGL Background Thread 3 ] DEBUG Engine               - fontText: Courier-Prime.ttf
13:26:20.603 [FXGL Background Thread 3 ] DEBUG Engine               - fontUI: VarelaRound-Regular.ttf
13:26:20.604 [FXGL Background Thread 3 ] DEBUG Engine               - fullScreen: BooleanProperty [value: false]
13:26:20.605 [FXGL Background Thread 3 ] DEBUG Engine               - gameDifficulty: MEDIUM
13:26:20.605 [FXGL Background Thread 3 ] DEBUG Engine               - gameDifficultyProperty: ObjectProperty [value: MEDIUM]
13:26:20.606 [FXGL Background Thread 3 ] DEBUG Engine               - globalMusicVolume: 0.5
13:26:20.607 [FXGL Background Thread 3 ] DEBUG Engine               - globalMusicVolumeProperty: DoubleProperty [value: 0.5]
13:26:20.607 [FXGL Background Thread 3 ] DEBUG Engine               - globalSoundVolume: 0.5
13:26:20.608 [FXGL Background Thread 3 ] DEBUG Engine               - globalSoundVolumeProperty: DoubleProperty [value: 0.5]
13:26:20.608 [FXGL Background Thread 3 ] DEBUG Engine               - height: 700
13:26:20.609 [FXGL Background Thread 3 ] DEBUG Engine               - isAndroid: false
13:26:20.609 [FXGL Background Thread 3 ] DEBUG Engine               - isBrowser: false
13:26:20.611 [FXGL Background Thread 3 ] DEBUG Engine               - isClickFeedbackEnabled: false
13:26:20.611 [FXGL Background Thread 3 ] DEBUG Engine               - isCloseConfirmation: false
13:26:20.612 [FXGL Background Thread 3 ] DEBUG Engine               - isDesktop: true
13:26:20.612 [FXGL Background Thread 3 ] DEBUG Engine               - isDeveloperMenuEnabled: false
13:26:20.613 [FXGL Background Thread 3 ] DEBUG Engine               - isEntityPreloadEnabled: true
13:26:20.613 [FXGL Background Thread 3 ] DEBUG Engine               - isExperimental3D: false
13:26:20.613 [FXGL Background Thread 3 ] DEBUG Engine               - isExperimentalNative: false
13:26:20.614 [FXGL Background Thread 3 ] DEBUG Engine               - isExperimentalTiledLargeMap: false
13:26:20.615 [FXGL Background Thread 3 ] DEBUG Engine               - isFileSystemWriteAllowed: true
13:26:20.616 [FXGL Background Thread 3 ] DEBUG Engine               - isFullScreenAllowed: false
13:26:20.616 [FXGL Background Thread 3 ] DEBUG Engine               - isFullScreenFromStart: false
13:26:20.617 [FXGL Background Thread 3 ] DEBUG Engine               - isGameMenuEnabled: true
13:26:20.617 [FXGL Background Thread 3 ] DEBUG Engine               - isIOS: false
13:26:20.618 [FXGL Background Thread 3 ] DEBUG Engine               - isIntroEnabled: false
13:26:20.618 [FXGL Background Thread 3 ] DEBUG Engine               - isLinux: false
13:26:20.619 [FXGL Background Thread 3 ] DEBUG Engine               - isMac: false
13:26:20.619 [FXGL Background Thread 3 ] DEBUG Engine               - isMainMenuEnabled: false
13:26:20.620 [FXGL Background Thread 3 ] DEBUG Engine               - isManualResizeEnabled: false
13:26:20.620 [FXGL Background Thread 3 ] DEBUG Engine               - isMobile: false
13:26:20.621 [FXGL Background Thread 3 ] DEBUG Engine               - isPreserveResizeRatio: false
13:26:20.621 [FXGL Background Thread 3 ] DEBUG Engine               - isProfilingEnabled: false
13:26:20.621 [FXGL Background Thread 3 ] DEBUG Engine               - isScaleAffectedOnResize: true
13:26:20.622 [FXGL Background Thread 3 ] DEBUG Engine               - isSingleStep: false
13:26:20.622 [FXGL Background Thread 3 ] DEBUG Engine               - isUserProfileEnabled: false
13:26:20.623 [FXGL Background Thread 3 ] DEBUG Engine               - isWindows: true
13:26:20.624 [FXGL Background Thread 3 ] DEBUG Engine               - language: ObjectProperty [value: ENGLISH]
13:26:20.625 [FXGL Background Thread 3 ] DEBUG Engine               - menuKey: ESCAPE
13:26:20.626 [FXGL Background Thread 3 ] DEBUG Engine               - notificationViewClass: class com.almasb.fxgl.notification.view.XboxNotificationView
13:26:20.627 [FXGL Background Thread 3 ] DEBUG Engine               - pixelsPerMeter: 50.0
13:26:20.627 [FXGL Background Thread 3 ] DEBUG Engine               - platform: WINDOWS
13:26:20.628 [FXGL Background Thread 3 ] DEBUG Engine               - prefHeightProperty: ReadOnlyDoubleProperty [value: 700.0]
13:26:20.629 [FXGL Background Thread 3 ] DEBUG Engine               - prefWidthProperty: ReadOnlyDoubleProperty [value: 1050.0]
13:26:20.630 [FXGL Background Thread 3 ] DEBUG Engine               - profileDir: profiles/
13:26:20.630 [FXGL Background Thread 3 ] DEBUG Engine               - profileName: StringProperty [value: DEFAULT]
13:26:20.631 [FXGL Background Thread 3 ] DEBUG Engine               - randomSeed: -1
13:26:20.632 [FXGL Background Thread 3 ] DEBUG Engine               - runtimeInfo: RuntimeInfo(platform=WINDOWS, version=11.14, build=01.03.2021 16.59)
13:26:20.633 [FXGL Background Thread 3 ] DEBUG Engine               - saveFileExt: sav
13:26:20.633 [FXGL Background Thread 3 ] DEBUG Engine               - scaledHeightProp$fxgl: DoubleProperty [bound, value: 700.0]
13:26:20.634 [FXGL Background Thread 3 ] DEBUG Engine               - scaledWidthProp$fxgl: DoubleProperty [bound, value: 1050.0]
13:26:20.635 [FXGL Background Thread 3 ] DEBUG Engine               - sceneFactory: com.almasb.fxgl.app.scene.SceneFactory@58379afd
13:26:20.635 [FXGL Background Thread 3 ] DEBUG Engine               - secondsIn24h: 60
13:26:20.636 [FXGL Background Thread 3 ] DEBUG Engine               - soundMenuBack: menu/back.wav
13:26:20.636 [FXGL Background Thread 3 ] DEBUG Engine               - soundMenuPress: menu/press.wav
13:26:20.637 [FXGL Background Thread 3 ] DEBUG Engine               - soundMenuSelect: menu/select.wav
13:26:20.637 [FXGL Background Thread 3 ] DEBUG Engine               - soundNotification: core/notification.wav
13:26:20.637 [FXGL Background Thread 3 ] DEBUG Engine               - stageStyle: DECORATED
13:26:20.638 [FXGL Background Thread 3 ] DEBUG Engine               - supportedLanguages: [ENGLISH, FRENCH, GERMAN, HUNGARIAN, RUSSIAN]
13:26:20.638 [FXGL Background Thread 3 ] DEBUG Engine               - ticksPerSecond: -1
13:26:20.639 [FXGL Background Thread 3 ] DEBUG Engine               - title: Untitled
13:26:20.639 [FXGL Background Thread 3 ] DEBUG Engine               - urlGithub: https://github.com/AlmasB/FXGL
13:26:20.639 [FXGL Background Thread 3 ] DEBUG Engine               - urlLeaderboard: http://fxgl-top.herokuapp.com/
13:26:20.640 [FXGL Background Thread 3 ] DEBUG Engine               - urlPOM: https://raw.githubusercontent.com/AlmasB/FXGL/release/README.md
13:26:20.640 [FXGL Background Thread 3 ] DEBUG Engine               - userAppClass: class Game
13:26:20.641 [FXGL Background Thread 3 ] DEBUG Engine               - version: 0.0
13:26:20.641 [FXGL Background Thread 3 ] DEBUG Engine               - versionCheckDays: 7
13:26:20.642 [FXGL Background Thread 3 ] DEBUG Engine               - width: 1050
13:26:20.642 [FXGL Background Thread 3 ] DEBUG Engine               - Logging services
13:26:20.643 [FXGL Background Thread 3 ] DEBUG Engine               - class com.almasb.fxgl.app.services.FXGLAssetLoaderService
13:26:20.643 [FXGL Background Thread 3 ] DEBUG Engine               - class com.almasb.fxgl.app.FXGLApplication$GameApplicationService
13:26:20.644 [FXGL Background Thread 3 ] DEBUG Engine               - class com.almasb.fxgl.app.services.FXGLDialogService
13:26:20.644 [FXGL Background Thread 3 ] DEBUG Engine               - class com.almasb.fxgl.app.services.IOTaskExecutorService
13:26:20.644 [FXGL Background Thread 3 ] DEBUG Engine               - class com.almasb.fxgl.event.EventBusService
13:26:20.645 [FXGL Background Thread 3 ] DEBUG Engine               - class com.almasb.fxgl.io.FileSystemService
13:26:20.645 [FXGL Background Thread 3 ] DEBUG Engine               - class com.almasb.fxgl.localization.LocalizationService
13:26:20.646 [FXGL Background Thread 3 ] DEBUG Engine               - class com.almasb.fxgl.app.services.SystemBundleService
13:26:20.646 [FXGL Background Thread 3 ] DEBUG Engine               - class com.almasb.fxgl.profile.SaveLoadService
13:26:20.647 [FXGL Background Thread 3 ] DEBUG Engine               - class com.almasb.fxgl.ui.FXGLUIFactoryServiceProvider
13:26:20.647 [FXGL Background Thread 3 ] DEBUG Engine               - class com.almasb.fxgl.ui.FXGLDialogFactoryServiceProvider
13:26:20.647 [FXGL Background Thread 3 ] DEBUG Engine               - class com.almasb.fxgl.audio.AudioPlayer
13:26:20.648 [FXGL Background Thread 3 ] DEBUG Engine               - class com.almasb.fxgl.notification.impl.NotificationServiceProvider
13:26:20.649 [FXGL Background Thread 3 ] DEBUG Engine               - class com.almasb.fxgl.achievement.AchievementService
13:26:20.649 [FXGL Background Thread 3 ] DEBUG Engine               - class com.almasb.fxgl.cutscene.CutsceneService
13:26:20.650 [FXGL Background Thread 3 ] DEBUG Engine               - class com.almasb.fxgl.minigames.MiniGameService
13:26:20.650 [FXGL Background Thread 3 ] DEBUG Engine               - class com.almasb.fxgl.net.NetService
13:26:20.650 [FXGL Background Thread 3 ] DEBUG Engine               - class com.almasb.fxgl.app.services.UpdaterService
13:26:20.651 [FXGL Background Thread 3 ] DEBUG Engine               - class com.almasb.fxgl.dev.DevService
13:26:21.502 [JavaFX Application Thread] DEBUG FXGLApplication      - Exiting FXGL
13:26:21.503 [JavaFX Application Thread] DEBUG LoopRunner           - Stopping loop
13:26:21.504 [JavaFX Application Thread] DEBUG SystemBundleService  - Saving FXGL system data
13:26:21.509 [JavaFX Application Thread] DEBUG FileSystemAccess     - Writing to: C:\Users\stanm\Documents\SE-Challengeweek\system\fxgl.bundle
13:26:21.514 [JavaFX Application Thread] DEBUG Async                - Shutting down background threads
13:26:21.514 [JavaFX Application Thread] DEBUG PrimaryStageWindow   - Closing main window
13:26:21.535 [JavaFX Application Thread] DEBUG Logger               - Closing Logger
