11:23:42.730 [main                     ] DEBUG Logger               - Configured Logger
11:23:42.757 [main                     ] DEBUG GameApplication      - Logging settings
Title: Bomberman
Version: 0.0
Width: 950
Height: 820
Fullscreen: false
Intro: false
Profiling: false
Single step:false
App Mode: DEVELOPER
Menu Key: ESCAPE
Stage Style: DECORATED
Scene Factory: class MenuFactory

11:23:43.646 [JavaFX Application Thread] DEBUG FXGLApplication      - Initializing FXGL
11:23:43.650 [JavaFX Application Thread] INFO  Engine               - FXGL-11.14 (01.03.2021 16.59) on WINDOWS (J:15.0.2 FX:15)
11:23:43.651 [JavaFX Application Thread] DEBUG Engine               - JRE Vendor Name: Amazon.com Inc.
11:23:43.652 [JavaFX Application Thread] DEBUG Engine               - Running on OS: Windows 10 version 10.0
11:23:43.652 [JavaFX Application Thread] DEBUG Engine               - Architecture: amd64
11:23:43.652 [JavaFX Application Thread] INFO  Engine               - Source code and latest versions at: https://github.com/AlmasB/FXGL
11:23:43.653 [JavaFX Application Thread] INFO  Engine               -              Join the FXGL chat at: https://gitter.im/AlmasB/FXGL
11:23:43.945 [JavaFX Application Thread] DEBUG PrimaryStageWindow   - Creating a JavaFX scene
11:23:44.070 [JavaFX Application Thread] DEBUG PrimaryStageWindow   - Target settings size: 950.0 x 820.0
11:23:44.071 [JavaFX Application Thread] DEBUG PrimaryStageWindow   - Scaled scene size:    950.0 x 820.0
11:23:44.071 [JavaFX Application Thread] DEBUG PrimaryStageWindow   - Scaled ratio: (1.0, 1.0)
11:23:44.074 [JavaFX Application Thread] DEBUG PrimaryStageWindow   - Set initial scene to FXGLStartupScene
11:23:44.091 [JavaFX Application Thread] DEBUG PrimaryStageWindow   - Opening main window
11:23:44.286 [JavaFX Application Thread] DEBUG PrimaryStageWindow   - Window border size: (16.0, 39.0)
11:23:44.286 [JavaFX Application Thread] DEBUG PrimaryStageWindow   - Scaled size: 950.0 x 820.0
11:23:44.286 [JavaFX Application Thread] DEBUG PrimaryStageWindow   - Scaled ratio: (1.0, 1.0)
11:23:44.287 [JavaFX Application Thread] DEBUG PrimaryStageWindow   - Scene size: 950.0 x 820.0
11:23:44.287 [JavaFX Application Thread] DEBUG PrimaryStageWindow   - Stage size: 966.0 x 859.0
11:23:44.309 [FXGL Background Thread 1 ] DEBUG Engine               - Initializing environment variables
11:23:44.409 [FXGL Background Thread 1 ] DEBUG FXGLAssetLoaderServi - User app class for loading assets: class Game
11:23:44.410 [FXGL Background Thread 1 ] DEBUG GameApplicationServi - Applying CSS: fxgl_dark.css
11:23:44.412 [FXGL Background Thread 1 ] DEBUG FXGLAssetLoaderServi - Loading from file system: jar:file:/C:/Users/0705s/.m2/repository/com/github/almasb/fxgl/11.14/fxgl-11.14.jar!/fxglassets/ui/css/fxgl_dark.css
11:23:44.514 [FXGL Background Thread 1 ] DEBUG GameApplicationServi - Initializing application scenes
11:23:44.590 [FXGL Background Thread 1 ] DEBUG GameWorld            - Game world initialized
11:23:44.746 [FXGL Background Thread 1 ] DEBUG PhysicsWorld         - Physics world initialized: appHeight=820, physics.ppm=50,0
11:23:44.747 [FXGL Background Thread 1 ] DEBUG PhysicsWorld         - Using strategy: BRUTE_FORCE
11:23:44.753 [FXGL Background Thread 1 ] DEBUG GameScene            - Game scene initialized: 950x820
11:23:44.823 [FXGL Background Thread 1 ] DEBUG FXGLAssetLoaderServi - Loading from file system: jar:file:/C:/Users/0705s/.m2/repository/com/github/almasb/fxgl/11.14/fxgl-11.14.jar!/fxglassets/textures/particles/trace_horizontal.png
11:23:44.935 [FXGL Background Thread 1 ] DEBUG FXGL.DefaultMenu     - createMenuBodyGameMenu()
11:23:44.966 [FXGL Background Thread 1 ] DEBUG FXGL.DefaultMenu     - createOptionsMenu()
11:23:44.975 [FXGL Background Thread 1 ] DEBUG FXGLAssetLoaderServi - Loading from file system: jar:file:/C:/Users/0705s/.m2/repository/com/github/almasb/fxgl/11.14/fxgl-11.14.jar!/fxglassets/textures/particles/smoke.png
11:23:45.100 [FXGL Background Thread 1 ] DEBUG GameApplicationServi - Application scenes initialized
11:23:45.120 [FXGL Background Thread 1 ] DEBUG SystemBundleService  - Loading FXGL system data
11:23:45.127 [FXGL Background Thread 1 ] DEBUG FileSystemAccess     - Reading from: C:\Users\0705s\OneDrive\Desktop\SE-Challengeweek\system\fxgl.bundle
11:23:45.138 [FXGL Background Thread 1 ] DEBUG SystemBundleService  - Bundle FXGL: {}
11:23:45.139 [FXGL Background Thread 1 ] DEBUG UpdaterService       - Checking for updates
11:23:45.202 [FXGL Background Thread 4 ] DEBUG FXGLApplication      - Loading fonts
11:23:45.203 [FXGL Background Thread 1 ] DEBUG FXGLApplication      - Loading default localization
11:23:45.204 [FXGL Background Thread 4 ] DEBUG FXGLAssetLoaderServi - Loading from file system: jar:file:/C:/Users/0705s/.m2/repository/com/github/almasb/fxgl/11.14/fxgl-11.14.jar!/fxglassets/ui/fonts/VarelaRound-Regular.ttf
11:23:45.205 [FXGL Background Thread 1 ] DEBUG FXGLAssetLoaderServi - Loading from file system: jar:file:/C:/Users/0705s/.m2/repository/com/github/almasb/fxgl/11.14/fxgl-11.14.jar!/fxglassets/languages/english.lang
11:23:45.239 [FXGL Background Thread 1 ] INFO  FXGLApplication      - FXGL initialization took: 0,930 sec
11:23:45.265 [JavaFX Application Thread] DEBUG Input                - Registered new binding: up - W
11:23:45.265 [JavaFX Application Thread] DEBUG Input                - Registered new binding: up2 - Up
11:23:45.266 [JavaFX Application Thread] DEBUG Input                - Registered new binding: down - S
11:23:45.267 [JavaFX Application Thread] DEBUG Input                - Registered new binding: down2 - Down
11:23:45.267 [JavaFX Application Thread] DEBUG Input                - Registered new binding: left - A
11:23:45.268 [JavaFX Application Thread] DEBUG Input                - Registered new binding: left2 - Left
11:23:45.268 [JavaFX Application Thread] DEBUG Input                - Registered new binding: right - D
11:23:45.269 [JavaFX Application Thread] DEBUG Input                - Registered new binding: right2 - Right
11:23:45.270 [JavaFX Application Thread] DEBUG Input                - Registered new binding: Place Bomb - Space
11:23:45.270 [JavaFX Application Thread] DEBUG Input                - Registered new binding: Place Bomb2 - Enter
11:23:45.272 [JavaFX Application Thread] DEBUG FXGLAssetLoaderServi - Loading from file system: jar:file:/C:/Users/0705s/.m2/repository/com/github/almasb/fxgl/11.14/fxgl-11.14.jar!/fxglassets/textures/fxgl_icon.png
11:23:45.323 [JavaFX Application Thread] DEBUG FXGLAssetLoaderServi - Loading from file system: jar:file:/C:/Users/0705s/.m2/repository/com/github/almasb/fxgl/11.14/fxgl-11.14.jar!/fxglassets/ui/cursors/fxgl_default.png
11:23:45.328 [JavaFX Application Thread] DEBUG Input                - Registered new binding: Screenshot - P
11:23:45.329 [JavaFX Application Thread] DEBUG Input                - Registered new binding: Dev Options - 1
11:23:45.331 [JavaFX Application Thread] DEBUG Input                - Registered new binding: Dev Console - 2
11:23:45.333 [JavaFX Application Thread] DEBUG Input                - Registered new binding: System info dump - CTRL+9
11:23:45.335 [JavaFX Application Thread] DEBUG Input                - Registered new binding: Restart - CTRL+R
11:23:45.337 [JavaFX Application Thread] DEBUG Input                - Registered new binding: Toggle Debug Camera - CTRL+C
11:23:45.339 [FXGL Background Thread 4 ] DEBUG FXGLAssetLoaderServi - Loading from file system: jar:file:/C:/Users/0705s/.m2/repository/com/github/almasb/fxgl/11.14/fxgl-11.14.jar!/fxglassets/ui/fonts/Abel-Regular.ttf
11:23:45.346 [JavaFX Application Thread] DEBUG LoopRunner           - Starting loop
11:23:45.348 [FXGL Background Thread 4 ] DEBUG FXGLAssetLoaderServi - Loading from file system: jar:file:/C:/Users/0705s/.m2/repository/com/github/almasb/fxgl/11.14/fxgl-11.14.jar!/fxglassets/ui/fonts/lucida_console.ttf
11:23:45.385 [JavaFX Application Thread] DEBUG LoopRunner           - Initializing JavaFX AnimationTimerLoop
11:23:45.391 [JavaFX Application Thread] DEBUG GameApplicationServi - Starting new game
11:23:45.393 [JavaFX Application Thread] DEBUG Input                - Clearing active input actions
11:23:45.402 [FXGL Background Thread 4 ] DEBUG FXGLAssetLoaderServi - Loading from file system: jar:file:/C:/Users/0705s/.m2/repository/com/github/almasb/fxgl/11.14/fxgl-11.14.jar!/fxglassets/ui/fonts/Courier-Prime.ttf
11:23:45.423 [JavaFX Application Thread] DEBUG GameApplicationServi - Removing overlay from FXGLStartupScene and adding to FXGLLoadingScene
11:23:45.431 [JavaFX Application Thread] DEBUG PrimaryStageWindow   - FXGLStartupScene -> FXGLLoadingScene
11:23:45.432 [JavaFX Application Thread] DEBUG GameApplicationServi - Clearing previous game
11:23:45.433 [JavaFX Application Thread] DEBUG GameScene            - Clearing game scene
11:23:45.434 [JavaFX Application Thread] DEBUG GameWorld            - Clearing game world
11:23:45.435 [JavaFX Application Thread] DEBUG PhysicsWorld         - Clearing physics world
11:23:45.438 [FXGL Background Thread 4 ] DEBUG FXGLApplication      - Initializing game
11:23:45.525 [FXGL Background Thread 4 ] WARN  TMXLevelLoader       - TiledMap generated from 1.8.4. Supported version: 1.2.3. Some features may not be parsed fully.
11:23:45.570 [FXGL Background Thread 4 ] DEBUG TMXLevelLoader       - Parsed raw map: TiledMap(width=15, height=13, tilewidth=64, tileheight=64, orientation=orthogonal, layers=[Layer(width=15, height=13, name=Tile Layer 1, type=tilelayer, visible=false, x=0, y=0, data=[1, 1, 1, 1, 1, 1, 1, 1, 1, 1, 1, 1, 1, 1, 1, 1, 5, 5, 5, 5, 5, 5, 5, 5, 5, 5, 5, 5, 5, 1, 1, 5, 4, 5, 4, 5, 4, 5, 4, 5, 4, 5, 4, 5, 1, 1, 5, 5, 5, 5, 5, 5, 5, 5, 5, 5, 5, 5, 5, 1, 1, 5, 4, 5, 4, 5, 4, 5, 4, 5, 4, 5, 4, 5, 1, 1, 5, 5, 5, 5, 5, 5, 5, 5, 5, 5, 5, 5, 5, 1, 1, 5, 4, 5, 4, 5, 4, 5, 4, 5, 4, 5, 4, 5, 1, 1, 5, 5, 5, 5, 5, 5, 5, 5, 5, 5, 5, 5, 5, 1, 1, 5, 4, 5, 4, 5, 4, 5, 4, 5, 4, 5, 4, 5, 1, 1, 5, 5, 5, 5, 5, 5, 5, 5, 5, 5, 5, 5, 5, 1, 1, 5, 4, 5, 4, 5, 4, 5, 4, 5, 4, 5, 4, 5, 1, 1, 5, 5, 5, 5, 5, 5, 5, 5, 5, 5, 5, 5, 5, 1, 1, 1, 1, 1, 1, 1, 1, 1, 1, 1, 1, 1, 1, 1, 1], objects=[], opacity=0.0, draworder=), Layer(width=0, height=0, name=Object Layer 1, type=objectgroup, visible=false, x=0, y=0, data=[], objects=[com.almasb.fxgl.entity.level.tiled.TiledObject@65b6db4a, com.almasb.fxgl.entity.level.tiled.TiledObject@437c139c, com.almasb.fxgl.entity.level.tiled.TiledObject@58379e3b, com.almasb.fxgl.entity.level.tiled.TiledObject@16c254b9, com.almasb.fxgl.entity.level.tiled.TiledObject@457da1a0, com.almasb.fxgl.entity.level.tiled.TiledObject@66beba60, com.almasb.fxgl.entity.level.tiled.TiledObject@29c36ca, com.almasb.fxgl.entity.level.tiled.TiledObject@67fddbc, com.almasb.fxgl.entity.level.tiled.TiledObject@2ea70c72, com.almasb.fxgl.entity.level.tiled.TiledObject@3d59ce7c, com.almasb.fxgl.entity.level.tiled.TiledObject@5e10857b, com.almasb.fxgl.entity.level.tiled.TiledObject@267a2138, com.almasb.fxgl.entity.level.tiled.TiledObject@30286d19, com.almasb.fxgl.entity.level.tiled.TiledObject@43f16f4e, com.almasb.fxgl.entity.level.tiled.TiledObject@19101116, com.almasb.fxgl.entity.level.tiled.TiledObject@6e1480ed, com.almasb.fxgl.entity.level.tiled.TiledObject@1d276893, com.almasb.fxgl.entity.level.tiled.TiledObject@55e4ff66, com.almasb.fxgl.entity.level.tiled.TiledObject@4ce5cc6d, com.almasb.fxgl.entity.level.tiled.TiledObject@63c2ef4, com.almasb.fxgl.entity.level.tiled.TiledObject@2079bd50, com.almasb.fxgl.entity.level.tiled.TiledObject@521469f6, com.almasb.fxgl.entity.level.tiled.TiledObject@3070417d, com.almasb.fxgl.entity.level.tiled.TiledObject@57dc9209, com.almasb.fxgl.entity.level.tiled.TiledObject@3aa2369f, com.almasb.fxgl.entity.level.tiled.TiledObject@4b08a3e4, com.almasb.fxgl.entity.level.tiled.TiledObject@79417851, com.almasb.fxgl.entity.level.tiled.TiledObject@4abee1aa, com.almasb.fxgl.entity.level.tiled.TiledObject@610320ac, com.almasb.fxgl.entity.level.tiled.TiledObject@6f1ab8eb, com.almasb.fxgl.entity.level.tiled.TiledObject@1debc6a9, com.almasb.fxgl.entity.level.tiled.TiledObject@2065c70f, com.almasb.fxgl.entity.level.tiled.TiledObject@581b85ef, com.almasb.fxgl.entity.level.tiled.TiledObject@627cb3e7], opacity=0.0, draworder=)], tilesets=[Tileset(firstgid=1, image=spritesheet(1).png, name=spritesheet(1), tilewidth=64, tileheight=64, imagewidth=1472, imageheight=64, margin=0, spacing=0, columns=23, tilecount=23, transparentcolor=, tiles=[])], backgroundcolor=, renderorder=right-down, nextobjectid=139, version=1, tiledversion=1.8.4, type=map, infinite=false, hexsidelength=0, staggeraxis=, staggerindex=, properties={}, propertytypes={})
11:23:45.572 [FXGL Background Thread 4 ] DEBUG TMXLevelLoader       - Creating tile layer entities
11:23:45.575 [FXGL Background Thread 4 ] DEBUG TilesetLoader        - Loading view for layer Tile Layer 1
11:23:45.577 [FXGL Background Thread 4 ] DEBUG TilesetLoader        - Created buffer with size 960.0x832.0
11:23:45.591 [FXGL Background Thread 4 ] DEBUG TilesetLoader        - Writing to buffer: dst=0,0, w=64,h=64, src=0,0
11:23:45.593 [FXGL Background Thread 4 ] DEBUG TilesetLoader        - Writing to buffer: dst=64,0, w=64,h=64, src=0,0
11:23:45.594 [FXGL Background Thread 4 ] DEBUG TilesetLoader        - Writing to buffer: dst=128,0, w=64,h=64, src=0,0
11:23:45.595 [FXGL Background Thread 4 ] DEBUG TilesetLoader        - Writing to buffer: dst=192,0, w=64,h=64, src=0,0
11:23:45.597 [FXGL Background Thread 4 ] DEBUG TilesetLoader        - Writing to buffer: dst=256,0, w=64,h=64, src=0,0
11:23:45.597 [FXGL Background Thread 4 ] DEBUG TilesetLoader        - Writing to buffer: dst=320,0, w=64,h=64, src=0,0
11:23:45.597 [FXGL Background Thread 4 ] DEBUG TilesetLoader        - Writing to buffer: dst=384,0, w=64,h=64, src=0,0
11:23:45.597 [FXGL Background Thread 4 ] DEBUG TilesetLoader        - Writing to buffer: dst=448,0, w=64,h=64, src=0,0
11:23:45.598 [FXGL Background Thread 4 ] DEBUG TilesetLoader        - Writing to buffer: dst=512,0, w=64,h=64, src=0,0
11:23:45.598 [FXGL Background Thread 4 ] DEBUG TilesetLoader        - Writing to buffer: dst=576,0, w=64,h=64, src=0,0
11:23:45.599 [FXGL Background Thread 4 ] DEBUG TilesetLoader        - Writing to buffer: dst=640,0, w=64,h=64, src=0,0
11:23:45.604 [FXGL Background Thread 4 ] DEBUG TilesetLoader        - Writing to buffer: dst=704,0, w=64,h=64, src=0,0
11:23:45.605 [FXGL Background Thread 4 ] DEBUG TilesetLoader        - Writing to buffer: dst=768,0, w=64,h=64, src=0,0
11:23:45.605 [FXGL Background Thread 4 ] DEBUG TilesetLoader        - Writing to buffer: dst=832,0, w=64,h=64, src=0,0
11:23:45.606 [FXGL Background Thread 4 ] DEBUG TilesetLoader        - Writing to buffer: dst=896,0, w=64,h=64, src=0,0
11:23:45.607 [FXGL Background Thread 4 ] DEBUG TilesetLoader        - Writing to buffer: dst=0,64, w=64,h=64, src=0,0
11:23:45.608 [FXGL Background Thread 4 ] DEBUG TilesetLoader        - Writing to buffer: dst=64,64, w=64,h=64, src=256,0
11:23:45.608 [FXGL Background Thread 4 ] DEBUG TilesetLoader        - Writing to buffer: dst=128,64, w=64,h=64, src=256,0
11:23:45.609 [FXGL Background Thread 4 ] DEBUG TilesetLoader        - Writing to buffer: dst=192,64, w=64,h=64, src=256,0
11:23:45.610 [FXGL Background Thread 4 ] DEBUG TilesetLoader        - Writing to buffer: dst=256,64, w=64,h=64, src=256,0
11:23:45.610 [FXGL Background Thread 4 ] DEBUG TilesetLoader        - Writing to buffer: dst=320,64, w=64,h=64, src=256,0
11:23:45.611 [FXGL Background Thread 4 ] DEBUG TilesetLoader        - Writing to buffer: dst=384,64, w=64,h=64, src=256,0
11:23:45.612 [FXGL Background Thread 4 ] DEBUG TilesetLoader        - Writing to buffer: dst=448,64, w=64,h=64, src=256,0
11:23:45.613 [FXGL Background Thread 4 ] DEBUG TilesetLoader        - Writing to buffer: dst=512,64, w=64,h=64, src=256,0
11:23:45.614 [FXGL Background Thread 4 ] DEBUG TilesetLoader        - Writing to buffer: dst=576,64, w=64,h=64, src=256,0
11:23:45.614 [FXGL Background Thread 4 ] DEBUG TilesetLoader        - Writing to buffer: dst=640,64, w=64,h=64, src=256,0
11:23:45.616 [FXGL Background Thread 4 ] DEBUG TilesetLoader        - Writing to buffer: dst=704,64, w=64,h=64, src=256,0
11:23:45.616 [FXGL Background Thread 4 ] DEBUG TilesetLoader        - Writing to buffer: dst=768,64, w=64,h=64, src=256,0
11:23:45.617 [FXGL Background Thread 4 ] DEBUG TilesetLoader        - Writing to buffer: dst=832,64, w=64,h=64, src=256,0
11:23:45.618 [FXGL Background Thread 4 ] DEBUG TilesetLoader        - Writing to buffer: dst=896,64, w=64,h=64, src=0,0
11:23:45.618 [FXGL Background Thread 4 ] DEBUG TilesetLoader        - Writing to buffer: dst=0,128, w=64,h=64, src=0,0
11:23:45.619 [FXGL Background Thread 4 ] DEBUG TilesetLoader        - Writing to buffer: dst=64,128, w=64,h=64, src=256,0
11:23:45.620 [FXGL Background Thread 4 ] DEBUG TilesetLoader        - Writing to buffer: dst=128,128, w=64,h=64, src=192,0
11:23:45.621 [FXGL Background Thread 4 ] DEBUG TilesetLoader        - Writing to buffer: dst=192,128, w=64,h=64, src=256,0
11:23:45.622 [FXGL Background Thread 4 ] DEBUG TilesetLoader        - Writing to buffer: dst=256,128, w=64,h=64, src=192,0
11:23:45.622 [FXGL Background Thread 4 ] DEBUG TilesetLoader        - Writing to buffer: dst=320,128, w=64,h=64, src=256,0
11:23:45.623 [FXGL Background Thread 4 ] DEBUG TilesetLoader        - Writing to buffer: dst=384,128, w=64,h=64, src=192,0
11:23:45.624 [FXGL Background Thread 4 ] DEBUG TilesetLoader        - Writing to buffer: dst=448,128, w=64,h=64, src=256,0
11:23:45.624 [FXGL Background Thread 4 ] DEBUG TilesetLoader        - Writing to buffer: dst=512,128, w=64,h=64, src=192,0
11:23:45.625 [FXGL Background Thread 4 ] DEBUG TilesetLoader        - Writing to buffer: dst=576,128, w=64,h=64, src=256,0
11:23:45.626 [FXGL Background Thread 4 ] DEBUG TilesetLoader        - Writing to buffer: dst=640,128, w=64,h=64, src=192,0
11:23:45.626 [FXGL Background Thread 4 ] DEBUG TilesetLoader        - Writing to buffer: dst=704,128, w=64,h=64, src=256,0
11:23:45.627 [FXGL Background Thread 4 ] DEBUG TilesetLoader        - Writing to buffer: dst=768,128, w=64,h=64, src=192,0
11:23:45.628 [FXGL Background Thread 4 ] DEBUG TilesetLoader        - Writing to buffer: dst=832,128, w=64,h=64, src=256,0
11:23:45.629 [FXGL Background Thread 4 ] DEBUG TilesetLoader        - Writing to buffer: dst=896,128, w=64,h=64, src=0,0
11:23:45.630 [FXGL Background Thread 4 ] DEBUG TilesetLoader        - Writing to buffer: dst=0,192, w=64,h=64, src=0,0
11:23:45.631 [FXGL Background Thread 4 ] DEBUG TilesetLoader        - Writing to buffer: dst=64,192, w=64,h=64, src=256,0
11:23:45.632 [FXGL Background Thread 4 ] DEBUG TilesetLoader        - Writing to buffer: dst=128,192, w=64,h=64, src=256,0
11:23:45.633 [FXGL Background Thread 4 ] DEBUG TilesetLoader        - Writing to buffer: dst=192,192, w=64,h=64, src=256,0
11:23:45.633 [FXGL Background Thread 4 ] DEBUG TilesetLoader        - Writing to buffer: dst=256,192, w=64,h=64, src=256,0
11:23:45.634 [FXGL Background Thread 4 ] DEBUG TilesetLoader        - Writing to buffer: dst=320,192, w=64,h=64, src=256,0
11:23:45.634 [FXGL Background Thread 4 ] DEBUG TilesetLoader        - Writing to buffer: dst=384,192, w=64,h=64, src=256,0
11:23:45.635 [FXGL Background Thread 4 ] DEBUG TilesetLoader        - Writing to buffer: dst=448,192, w=64,h=64, src=256,0
11:23:45.636 [FXGL Background Thread 4 ] DEBUG TilesetLoader        - Writing to buffer: dst=512,192, w=64,h=64, src=256,0
11:23:45.637 [FXGL Background Thread 4 ] DEBUG TilesetLoader        - Writing to buffer: dst=576,192, w=64,h=64, src=256,0
11:23:45.637 [FXGL Background Thread 4 ] DEBUG TilesetLoader        - Writing to buffer: dst=640,192, w=64,h=64, src=256,0
11:23:45.638 [FXGL Background Thread 4 ] DEBUG TilesetLoader        - Writing to buffer: dst=704,192, w=64,h=64, src=256,0
11:23:45.639 [FXGL Background Thread 4 ] DEBUG TilesetLoader        - Writing to buffer: dst=768,192, w=64,h=64, src=256,0
11:23:45.639 [FXGL Background Thread 4 ] DEBUG TilesetLoader        - Writing to buffer: dst=832,192, w=64,h=64, src=256,0
11:23:45.640 [FXGL Background Thread 4 ] DEBUG TilesetLoader        - Writing to buffer: dst=896,192, w=64,h=64, src=0,0
11:23:45.641 [FXGL Background Thread 4 ] DEBUG TilesetLoader        - Writing to buffer: dst=0,256, w=64,h=64, src=0,0
11:23:45.642 [FXGL Background Thread 4 ] DEBUG TilesetLoader        - Writing to buffer: dst=64,256, w=64,h=64, src=256,0
11:23:45.642 [FXGL Background Thread 4 ] DEBUG TilesetLoader        - Writing to buffer: dst=128,256, w=64,h=64, src=192,0
11:23:45.643 [FXGL Background Thread 4 ] DEBUG TilesetLoader        - Writing to buffer: dst=192,256, w=64,h=64, src=256,0
11:23:45.644 [FXGL Background Thread 4 ] DEBUG TilesetLoader        - Writing to buffer: dst=256,256, w=64,h=64, src=192,0
11:23:45.644 [FXGL Background Thread 4 ] DEBUG TilesetLoader        - Writing to buffer: dst=320,256, w=64,h=64, src=256,0
11:23:45.645 [FXGL Background Thread 4 ] DEBUG TilesetLoader        - Writing to buffer: dst=384,256, w=64,h=64, src=192,0
11:23:45.646 [FXGL Background Thread 4 ] DEBUG TilesetLoader        - Writing to buffer: dst=448,256, w=64,h=64, src=256,0
11:23:45.646 [FXGL Background Thread 4 ] DEBUG TilesetLoader        - Writing to buffer: dst=512,256, w=64,h=64, src=192,0
11:23:45.647 [FXGL Background Thread 4 ] DEBUG TilesetLoader        - Writing to buffer: dst=576,256, w=64,h=64, src=256,0
11:23:45.648 [FXGL Background Thread 4 ] DEBUG TilesetLoader        - Writing to buffer: dst=640,256, w=64,h=64, src=192,0
11:23:45.648 [FXGL Background Thread 4 ] DEBUG TilesetLoader        - Writing to buffer: dst=704,256, w=64,h=64, src=256,0
11:23:45.649 [FXGL Background Thread 4 ] DEBUG TilesetLoader        - Writing to buffer: dst=768,256, w=64,h=64, src=192,0
11:23:45.650 [FXGL Background Thread 4 ] DEBUG TilesetLoader        - Writing to buffer: dst=832,256, w=64,h=64, src=256,0
11:23:45.651 [FXGL Background Thread 4 ] DEBUG TilesetLoader        - Writing to buffer: dst=896,256, w=64,h=64, src=0,0
11:23:45.651 [FXGL Background Thread 4 ] DEBUG TilesetLoader        - Writing to buffer: dst=0,320, w=64,h=64, src=0,0
11:23:45.652 [FXGL Background Thread 4 ] DEBUG TilesetLoader        - Writing to buffer: dst=64,320, w=64,h=64, src=256,0
11:23:45.653 [FXGL Background Thread 4 ] DEBUG TilesetLoader        - Writing to buffer: dst=128,320, w=64,h=64, src=256,0
11:23:45.653 [FXGL Background Thread 4 ] DEBUG TilesetLoader        - Writing to buffer: dst=192,320, w=64,h=64, src=256,0
11:23:45.654 [FXGL Background Thread 4 ] DEBUG TilesetLoader        - Writing to buffer: dst=256,320, w=64,h=64, src=256,0
11:23:45.654 [FXGL Background Thread 4 ] DEBUG TilesetLoader        - Writing to buffer: dst=320,320, w=64,h=64, src=256,0
11:23:45.655 [FXGL Background Thread 4 ] DEBUG TilesetLoader        - Writing to buffer: dst=384,320, w=64,h=64, src=256,0
11:23:45.655 [FXGL Background Thread 4 ] DEBUG TilesetLoader        - Writing to buffer: dst=448,320, w=64,h=64, src=256,0
11:23:45.656 [FXGL Background Thread 4 ] DEBUG TilesetLoader        - Writing to buffer: dst=512,320, w=64,h=64, src=256,0
11:23:45.656 [FXGL Background Thread 4 ] DEBUG TilesetLoader        - Writing to buffer: dst=576,320, w=64,h=64, src=256,0
11:23:45.657 [FXGL Background Thread 4 ] DEBUG TilesetLoader        - Writing to buffer: dst=640,320, w=64,h=64, src=256,0
11:23:45.658 [FXGL Background Thread 4 ] DEBUG TilesetLoader        - Writing to buffer: dst=704,320, w=64,h=64, src=256,0
11:23:45.658 [FXGL Background Thread 4 ] DEBUG TilesetLoader        - Writing to buffer: dst=768,320, w=64,h=64, src=256,0
11:23:45.659 [FXGL Background Thread 4 ] DEBUG TilesetLoader        - Writing to buffer: dst=832,320, w=64,h=64, src=256,0
11:23:45.660 [FXGL Background Thread 4 ] DEBUG TilesetLoader        - Writing to buffer: dst=896,320, w=64,h=64, src=0,0
11:23:45.661 [FXGL Background Thread 4 ] DEBUG TilesetLoader        - Writing to buffer: dst=0,384, w=64,h=64, src=0,0
11:23:45.661 [FXGL Background Thread 4 ] DEBUG TilesetLoader        - Writing to buffer: dst=64,384, w=64,h=64, src=256,0
11:23:45.662 [FXGL Background Thread 4 ] DEBUG TilesetLoader        - Writing to buffer: dst=128,384, w=64,h=64, src=192,0
11:23:45.662 [FXGL Background Thread 4 ] DEBUG TilesetLoader        - Writing to buffer: dst=192,384, w=64,h=64, src=256,0
11:23:45.663 [FXGL Background Thread 4 ] DEBUG TilesetLoader        - Writing to buffer: dst=256,384, w=64,h=64, src=192,0
11:23:45.663 [FXGL Background Thread 4 ] DEBUG TilesetLoader        - Writing to buffer: dst=320,384, w=64,h=64, src=256,0
11:23:45.664 [FXGL Background Thread 4 ] DEBUG TilesetLoader        - Writing to buffer: dst=384,384, w=64,h=64, src=192,0
11:23:45.664 [FXGL Background Thread 4 ] DEBUG TilesetLoader        - Writing to buffer: dst=448,384, w=64,h=64, src=256,0
11:23:45.665 [FXGL Background Thread 4 ] DEBUG TilesetLoader        - Writing to buffer: dst=512,384, w=64,h=64, src=192,0
11:23:45.665 [FXGL Background Thread 4 ] DEBUG TilesetLoader        - Writing to buffer: dst=576,384, w=64,h=64, src=256,0
11:23:45.666 [FXGL Background Thread 4 ] DEBUG TilesetLoader        - Writing to buffer: dst=640,384, w=64,h=64, src=192,0
11:23:45.666 [FXGL Background Thread 4 ] DEBUG TilesetLoader        - Writing to buffer: dst=704,384, w=64,h=64, src=256,0
11:23:45.667 [FXGL Background Thread 4 ] DEBUG TilesetLoader        - Writing to buffer: dst=768,384, w=64,h=64, src=192,0
11:23:45.667 [FXGL Background Thread 4 ] DEBUG TilesetLoader        - Writing to buffer: dst=832,384, w=64,h=64, src=256,0
11:23:45.668 [FXGL Background Thread 4 ] DEBUG TilesetLoader        - Writing to buffer: dst=896,384, w=64,h=64, src=0,0
11:23:45.669 [FXGL Background Thread 4 ] DEBUG TilesetLoader        - Writing to buffer: dst=0,448, w=64,h=64, src=0,0
11:23:45.669 [FXGL Background Thread 4 ] DEBUG TilesetLoader        - Writing to buffer: dst=64,448, w=64,h=64, src=256,0
11:23:45.670 [FXGL Background Thread 4 ] DEBUG TilesetLoader        - Writing to buffer: dst=128,448, w=64,h=64, src=256,0
11:23:45.670 [FXGL Background Thread 4 ] DEBUG TilesetLoader        - Writing to buffer: dst=192,448, w=64,h=64, src=256,0
11:23:45.671 [FXGL Background Thread 4 ] DEBUG TilesetLoader        - Writing to buffer: dst=256,448, w=64,h=64, src=256,0
11:23:45.671 [FXGL Background Thread 4 ] DEBUG TilesetLoader        - Writing to buffer: dst=320,448, w=64,h=64, src=256,0
11:23:45.672 [FXGL Background Thread 4 ] DEBUG TilesetLoader        - Writing to buffer: dst=384,448, w=64,h=64, src=256,0
11:23:45.672 [FXGL Background Thread 4 ] DEBUG TilesetLoader        - Writing to buffer: dst=448,448, w=64,h=64, src=256,0
11:23:45.673 [FXGL Background Thread 4 ] DEBUG TilesetLoader        - Writing to buffer: dst=512,448, w=64,h=64, src=256,0
11:23:45.673 [FXGL Background Thread 4 ] DEBUG TilesetLoader        - Writing to buffer: dst=576,448, w=64,h=64, src=256,0
11:23:45.673 [FXGL Background Thread 4 ] DEBUG TilesetLoader        - Writing to buffer: dst=640,448, w=64,h=64, src=256,0
11:23:45.674 [FXGL Background Thread 4 ] DEBUG TilesetLoader        - Writing to buffer: dst=704,448, w=64,h=64, src=256,0
11:23:45.674 [FXGL Background Thread 4 ] DEBUG TilesetLoader        - Writing to buffer: dst=768,448, w=64,h=64, src=256,0
11:23:45.675 [FXGL Background Thread 4 ] DEBUG TilesetLoader        - Writing to buffer: dst=832,448, w=64,h=64, src=256,0
11:23:45.675 [FXGL Background Thread 4 ] DEBUG TilesetLoader        - Writing to buffer: dst=896,448, w=64,h=64, src=0,0
11:23:45.677 [FXGL Background Thread 4 ] DEBUG TilesetLoader        - Writing to buffer: dst=0,512, w=64,h=64, src=0,0
11:23:45.678 [FXGL Background Thread 4 ] DEBUG TilesetLoader        - Writing to buffer: dst=64,512, w=64,h=64, src=256,0
11:23:45.678 [FXGL Background Thread 4 ] DEBUG TilesetLoader        - Writing to buffer: dst=128,512, w=64,h=64, src=192,0
11:23:45.678 [FXGL Background Thread 4 ] DEBUG TilesetLoader        - Writing to buffer: dst=192,512, w=64,h=64, src=256,0
11:23:45.679 [FXGL Background Thread 4 ] DEBUG TilesetLoader        - Writing to buffer: dst=256,512, w=64,h=64, src=192,0
11:23:45.679 [FXGL Background Thread 4 ] DEBUG TilesetLoader        - Writing to buffer: dst=320,512, w=64,h=64, src=256,0
11:23:45.680 [FXGL Background Thread 4 ] DEBUG TilesetLoader        - Writing to buffer: dst=384,512, w=64,h=64, src=192,0
11:23:45.681 [FXGL Background Thread 4 ] DEBUG TilesetLoader        - Writing to buffer: dst=448,512, w=64,h=64, src=256,0
11:23:45.681 [FXGL Background Thread 4 ] DEBUG TilesetLoader        - Writing to buffer: dst=512,512, w=64,h=64, src=192,0
11:23:45.682 [FXGL Background Thread 4 ] DEBUG TilesetLoader        - Writing to buffer: dst=576,512, w=64,h=64, src=256,0
11:23:45.683 [FXGL Background Thread 4 ] DEBUG TilesetLoader        - Writing to buffer: dst=640,512, w=64,h=64, src=192,0
11:23:45.683 [FXGL Background Thread 4 ] DEBUG TilesetLoader        - Writing to buffer: dst=704,512, w=64,h=64, src=256,0
11:23:45.684 [FXGL Background Thread 4 ] DEBUG TilesetLoader        - Writing to buffer: dst=768,512, w=64,h=64, src=192,0
11:23:45.685 [FXGL Background Thread 4 ] DEBUG TilesetLoader        - Writing to buffer: dst=832,512, w=64,h=64, src=256,0
11:23:45.685 [FXGL Background Thread 4 ] DEBUG TilesetLoader        - Writing to buffer: dst=896,512, w=64,h=64, src=0,0
11:23:45.686 [FXGL Background Thread 4 ] DEBUG TilesetLoader        - Writing to buffer: dst=0,576, w=64,h=64, src=0,0
11:23:45.687 [FXGL Background Thread 4 ] DEBUG TilesetLoader        - Writing to buffer: dst=64,576, w=64,h=64, src=256,0
11:23:45.688 [FXGL Background Thread 4 ] DEBUG TilesetLoader        - Writing to buffer: dst=128,576, w=64,h=64, src=256,0
11:23:45.688 [FXGL Background Thread 4 ] DEBUG TilesetLoader        - Writing to buffer: dst=192,576, w=64,h=64, src=256,0
11:23:45.689 [FXGL Background Thread 4 ] DEBUG TilesetLoader        - Writing to buffer: dst=256,576, w=64,h=64, src=256,0
11:23:45.689 [FXGL Background Thread 4 ] DEBUG TilesetLoader        - Writing to buffer: dst=320,576, w=64,h=64, src=256,0
11:23:45.689 [FXGL Background Thread 4 ] DEBUG TilesetLoader        - Writing to buffer: dst=384,576, w=64,h=64, src=256,0
11:23:45.690 [FXGL Background Thread 4 ] DEBUG TilesetLoader        - Writing to buffer: dst=448,576, w=64,h=64, src=256,0
11:23:45.690 [FXGL Background Thread 4 ] DEBUG TilesetLoader        - Writing to buffer: dst=512,576, w=64,h=64, src=256,0
11:23:45.690 [FXGL Background Thread 4 ] DEBUG TilesetLoader        - Writing to buffer: dst=576,576, w=64,h=64, src=256,0
11:23:45.691 [FXGL Background Thread 4 ] DEBUG TilesetLoader        - Writing to buffer: dst=640,576, w=64,h=64, src=256,0
11:23:45.691 [FXGL Background Thread 4 ] DEBUG TilesetLoader        - Writing to buffer: dst=704,576, w=64,h=64, src=256,0
11:23:45.692 [FXGL Background Thread 4 ] DEBUG TilesetLoader        - Writing to buffer: dst=768,576, w=64,h=64, src=256,0
11:23:45.692 [FXGL Background Thread 4 ] DEBUG TilesetLoader        - Writing to buffer: dst=832,576, w=64,h=64, src=256,0
11:23:45.692 [FXGL Background Thread 4 ] DEBUG TilesetLoader        - Writing to buffer: dst=896,576, w=64,h=64, src=0,0
11:23:45.693 [FXGL Background Thread 4 ] DEBUG TilesetLoader        - Writing to buffer: dst=0,640, w=64,h=64, src=0,0
11:23:45.694 [FXGL Background Thread 4 ] DEBUG TilesetLoader        - Writing to buffer: dst=64,640, w=64,h=64, src=256,0
11:23:45.694 [FXGL Background Thread 4 ] DEBUG TilesetLoader        - Writing to buffer: dst=128,640, w=64,h=64, src=192,0
11:23:45.695 [FXGL Background Thread 4 ] DEBUG TilesetLoader        - Writing to buffer: dst=192,640, w=64,h=64, src=256,0
11:23:45.696 [FXGL Background Thread 4 ] DEBUG TilesetLoader        - Writing to buffer: dst=256,640, w=64,h=64, src=192,0
11:23:45.696 [FXGL Background Thread 4 ] DEBUG TilesetLoader        - Writing to buffer: dst=320,640, w=64,h=64, src=256,0
11:23:45.697 [FXGL Background Thread 4 ] DEBUG TilesetLoader        - Writing to buffer: dst=384,640, w=64,h=64, src=192,0
11:23:45.697 [FXGL Background Thread 4 ] DEBUG TilesetLoader        - Writing to buffer: dst=448,640, w=64,h=64, src=256,0
11:23:45.698 [FXGL Background Thread 4 ] DEBUG TilesetLoader        - Writing to buffer: dst=512,640, w=64,h=64, src=192,0
11:23:45.698 [FXGL Background Thread 4 ] DEBUG TilesetLoader        - Writing to buffer: dst=576,640, w=64,h=64, src=256,0
11:23:45.699 [FXGL Background Thread 4 ] DEBUG TilesetLoader        - Writing to buffer: dst=640,640, w=64,h=64, src=192,0
11:23:45.700 [FXGL Background Thread 4 ] DEBUG TilesetLoader        - Writing to buffer: dst=704,640, w=64,h=64, src=256,0
11:23:45.700 [FXGL Background Thread 4 ] DEBUG TilesetLoader        - Writing to buffer: dst=768,640, w=64,h=64, src=192,0
11:23:45.701 [FXGL Background Thread 4 ] DEBUG TilesetLoader        - Writing to buffer: dst=832,640, w=64,h=64, src=256,0
11:23:45.701 [FXGL Background Thread 4 ] DEBUG TilesetLoader        - Writing to buffer: dst=896,640, w=64,h=64, src=0,0
11:23:45.702 [FXGL Background Thread 4 ] DEBUG TilesetLoader        - Writing to buffer: dst=0,704, w=64,h=64, src=0,0
11:23:45.702 [FXGL Background Thread 4 ] DEBUG TilesetLoader        - Writing to buffer: dst=64,704, w=64,h=64, src=256,0
11:23:45.703 [FXGL Background Thread 4 ] DEBUG TilesetLoader        - Writing to buffer: dst=128,704, w=64,h=64, src=256,0
11:23:45.703 [FXGL Background Thread 4 ] DEBUG TilesetLoader        - Writing to buffer: dst=192,704, w=64,h=64, src=256,0
11:23:45.704 [FXGL Background Thread 4 ] DEBUG TilesetLoader        - Writing to buffer: dst=256,704, w=64,h=64, src=256,0
11:23:45.705 [FXGL Background Thread 4 ] DEBUG TilesetLoader        - Writing to buffer: dst=320,704, w=64,h=64, src=256,0
11:23:45.705 [FXGL Background Thread 4 ] DEBUG TilesetLoader        - Writing to buffer: dst=384,704, w=64,h=64, src=256,0
11:23:45.706 [FXGL Background Thread 4 ] DEBUG TilesetLoader        - Writing to buffer: dst=448,704, w=64,h=64, src=256,0
11:23:45.707 [FXGL Background Thread 4 ] DEBUG TilesetLoader        - Writing to buffer: dst=512,704, w=64,h=64, src=256,0
11:23:45.707 [FXGL Background Thread 4 ] DEBUG TilesetLoader        - Writing to buffer: dst=576,704, w=64,h=64, src=256,0
11:23:45.708 [FXGL Background Thread 4 ] DEBUG TilesetLoader        - Writing to buffer: dst=640,704, w=64,h=64, src=256,0
11:23:45.709 [FXGL Background Thread 4 ] DEBUG TilesetLoader        - Writing to buffer: dst=704,704, w=64,h=64, src=256,0
11:23:45.709 [FXGL Background Thread 4 ] DEBUG TilesetLoader        - Writing to buffer: dst=768,704, w=64,h=64, src=256,0
11:23:45.710 [FXGL Background Thread 4 ] DEBUG TilesetLoader        - Writing to buffer: dst=832,704, w=64,h=64, src=256,0
11:23:45.710 [FXGL Background Thread 4 ] DEBUG TilesetLoader        - Writing to buffer: dst=896,704, w=64,h=64, src=0,0
11:23:45.711 [FXGL Background Thread 4 ] DEBUG TilesetLoader        - Writing to buffer: dst=0,768, w=64,h=64, src=0,0
11:23:45.712 [FXGL Background Thread 4 ] DEBUG TilesetLoader        - Writing to buffer: dst=64,768, w=64,h=64, src=0,0
11:23:45.713 [FXGL Background Thread 4 ] DEBUG TilesetLoader        - Writing to buffer: dst=128,768, w=64,h=64, src=0,0
11:23:45.713 [FXGL Background Thread 4 ] DEBUG TilesetLoader        - Writing to buffer: dst=192,768, w=64,h=64, src=0,0
11:23:45.714 [FXGL Background Thread 4 ] DEBUG TilesetLoader        - Writing to buffer: dst=256,768, w=64,h=64, src=0,0
11:23:45.715 [FXGL Background Thread 4 ] DEBUG TilesetLoader        - Writing to buffer: dst=320,768, w=64,h=64, src=0,0
11:23:45.715 [FXGL Background Thread 4 ] DEBUG TilesetLoader        - Writing to buffer: dst=384,768, w=64,h=64, src=0,0
11:23:45.716 [FXGL Background Thread 4 ] DEBUG TilesetLoader        - Writing to buffer: dst=448,768, w=64,h=64, src=0,0
11:23:45.717 [FXGL Background Thread 4 ] DEBUG TilesetLoader        - Writing to buffer: dst=512,768, w=64,h=64, src=0,0
11:23:45.717 [FXGL Background Thread 4 ] DEBUG TilesetLoader        - Writing to buffer: dst=576,768, w=64,h=64, src=0,0
11:23:45.718 [FXGL Background Thread 4 ] DEBUG TilesetLoader        - Writing to buffer: dst=640,768, w=64,h=64, src=0,0
11:23:45.718 [FXGL Background Thread 4 ] DEBUG TilesetLoader        - Writing to buffer: dst=704,768, w=64,h=64, src=0,0
11:23:45.719 [FXGL Background Thread 4 ] DEBUG TilesetLoader        - Writing to buffer: dst=768,768, w=64,h=64, src=0,0
11:23:45.720 [FXGL Background Thread 4 ] DEBUG TilesetLoader        - Writing to buffer: dst=832,768, w=64,h=64, src=0,0
11:23:45.720 [FXGL Background Thread 4 ] DEBUG TilesetLoader        - Writing to buffer: dst=896,768, w=64,h=64, src=0,0
11:23:45.722 [FXGL Background Thread 4 ] DEBUG TMXLevelLoader       - Creating object layer entities
11:23:45.809 [FXGL Background Thread 4 ] DEBUG GameWorld            - Clearing removable entities
11:23:45.810 [FXGL Background Thread 4 ] DEBUG GameWorld            - Setting level: com.almasb.fxgl.entity.level.Level@38961526
11:23:45.840 [FXGL Background Thread 4 ] DEBUG FXGLAssetLoaderServi - Loading from file system: file:/C:/Users/0705s/OneDrive/Desktop/SE-Challengeweek/target/classes/assets/textures/player_1_move_down.png
11:23:45.860 [FXGL Background Thread 4 ] DEBUG FXGLAssetLoaderServi - Loading from file system: file:/C:/Users/0705s/OneDrive/Desktop/SE-Challengeweek/target/classes/assets/textures/box-1.png
11:23:46.000 [JavaFX Application Thread] DEBUG FXGLApplication      - Registering font factories with UI factory
11:23:46.042 [FXGL Background Thread 4 ] DEBUG FXGLAssetLoaderServi - Loading from file system: file:/C:/Users/0705s/OneDrive/Desktop/SE-Challengeweek/target/classes/assets/music/BGM.wav
11:23:46.199 [FXGL Background Thread 2 ] INFO  UpdaterService       - Your current version:  11.14
11:23:46.200 [FXGL Background Thread 2 ] INFO  UpdaterService       - Latest stable version: 17.1
11:23:47.308 [FXGL Background Thread 4 ] DEBUG AudioPlayer          - Playing music com.almasb.fxgl.audio.Music@7e7ccefc
11:23:47.323 [FXGL Background Thread 4 ] INFO  FXGLApplication      - Game initialization took: 1,885 sec
11:23:47.327 [JavaFX Application Thread] DEBUG Input                - Clearing active input actions
11:23:47.363 [JavaFX Application Thread] DEBUG GameApplicationServi - Removing overlay from FXGLLoadingScene and adding to GameScene
11:23:47.373 [JavaFX Application Thread] DEBUG PrimaryStageWindow   - FXGLLoadingScene -> GameScene
11:23:47.377 [JavaFX Application Thread] DEBUG FXGLAssetLoaderServi - Loading from file system: file:/C:/Users/0705s/OneDrive/Desktop/SE-Challengeweek/target/classes/assets/textures/player_1_idle_down.png
11:23:47.379 [JavaFX Application Thread] DEBUG FXGLAssetLoaderServi - Loading from file system: file:/C:/Users/0705s/OneDrive/Desktop/SE-Challengeweek/target/classes/assets/textures/player_2_idle_down.png
11:23:48.199 [FXGL Background Thread 3 ] DEBUG Engine               - Logging environment variables
11:23:48.199 [FXGL Background Thread 3 ] DEBUG Engine               - achievements: []
11:23:48.199 [FXGL Background Thread 3 ] DEBUG Engine               - actualHeight: 820.0
11:23:48.199 [FXGL Background Thread 3 ] DEBUG Engine               - actualHeightProperty: ReadOnlyDoubleProperty [value: 820.0]
11:23:48.199 [FXGL Background Thread 3 ] DEBUG Engine               - actualWidth: 950.0
11:23:48.199 [FXGL Background Thread 3 ] DEBUG Engine               - actualWidthProperty: ReadOnlyDoubleProperty [value: 950.0]
11:23:48.199 [FXGL Background Thread 3 ] DEBUG Engine               - appIcon: fxgl_icon.png
11:23:48.199 [FXGL Background Thread 3 ] DEBUG Engine               - applicationMode: DEVELOPER
11:23:48.200 [FXGL Background Thread 3 ] DEBUG Engine               - cSSList: [fxgl_dark.css]
11:23:48.200 [FXGL Background Thread 3 ] DEBUG Engine               - collisionDetectionStrategy: BRUTE_FORCE
11:23:48.200 [FXGL Background Thread 3 ] DEBUG Engine               - configClass: Optional.empty
11:23:48.200 [FXGL Background Thread 3 ] DEBUG Engine               - credits: []
11:23:48.200 [FXGL Background Thread 3 ] DEBUG Engine               - devBBoxColorProperty: ObjectProperty [value: 0xff0000ff]
11:23:48.200 [FXGL Background Thread 3 ] DEBUG Engine               - devEnableDebugCameraProperty: BooleanProperty [value: false]
11:23:48.201 [FXGL Background Thread 3 ] DEBUG Engine               - devSensorColorProperty: ObjectProperty [value: 0xffff00ff]
11:23:48.201 [FXGL Background Thread 3 ] DEBUG Engine               - devShowBBoxProperty: BooleanProperty [value: false]
11:23:48.201 [FXGL Background Thread 3 ] DEBUG Engine               - devShowPositionProperty: BooleanProperty [value: false]
11:23:48.201 [FXGL Background Thread 3 ] DEBUG Engine               - enabledMenuItems: []
11:23:48.201 [FXGL Background Thread 3 ] DEBUG Engine               - engineServices: [class com.almasb.fxgl.app.services.FXGLAssetLoaderService, class com.almasb.fxgl.app.FXGLApplication$GameApplicationService, class com.almasb.fxgl.app.services.FXGLDialogService, class com.almasb.fxgl.app.services.IOTaskExecutorService, class com.almasb.fxgl.event.EventBusService, class com.almasb.fxgl.io.FileSystemService, class com.almasb.fxgl.localization.LocalizationService, class com.almasb.fxgl.app.services.SystemBundleService, class com.almasb.fxgl.profile.SaveLoadService, class com.almasb.fxgl.ui.FXGLUIFactoryServiceProvider, class com.almasb.fxgl.ui.FXGLDialogFactoryServiceProvider, class com.almasb.fxgl.audio.AudioPlayer, class com.almasb.fxgl.notification.impl.NotificationServiceProvider, class com.almasb.fxgl.achievement.AchievementService, class com.almasb.fxgl.cutscene.CutsceneService, class com.almasb.fxgl.minigames.MiniGameService, class com.almasb.fxgl.net.NetService, class com.almasb.fxgl.app.services.UpdaterService, class com.almasb.fxgl.dev.DevService]
11:23:48.202 [FXGL Background Thread 3 ] DEBUG Engine               - fontGame: Abel-Regular.ttf
11:23:48.202 [FXGL Background Thread 3 ] DEBUG Engine               - fontMono: lucida_console.ttf
11:23:48.202 [FXGL Background Thread 3 ] DEBUG Engine               - fontText: Courier-Prime.ttf
11:23:48.203 [FXGL Background Thread 3 ] DEBUG Engine               - fontUI: VarelaRound-Regular.ttf
11:23:48.203 [FXGL Background Thread 3 ] DEBUG Engine               - fullScreen: BooleanProperty [value: false]
11:23:48.203 [FXGL Background Thread 3 ] DEBUG Engine               - gameDifficulty: MEDIUM
11:23:48.203 [FXGL Background Thread 3 ] DEBUG Engine               - gameDifficultyProperty: ObjectProperty [value: MEDIUM]
11:23:48.203 [FXGL Background Thread 3 ] DEBUG Engine               - globalMusicVolume: 0.5
11:23:48.203 [FXGL Background Thread 3 ] DEBUG Engine               - globalMusicVolumeProperty: DoubleProperty [value: 0.5]
11:23:48.204 [FXGL Background Thread 3 ] DEBUG Engine               - globalSoundVolume: 0.5
11:23:48.204 [FXGL Background Thread 3 ] DEBUG Engine               - globalSoundVolumeProperty: DoubleProperty [value: 0.5]
11:23:48.204 [FXGL Background Thread 3 ] DEBUG Engine               - height: 820
11:23:48.204 [FXGL Background Thread 3 ] DEBUG Engine               - isAndroid: false
11:23:48.204 [FXGL Background Thread 3 ] DEBUG Engine               - isBrowser: false
11:23:48.205 [FXGL Background Thread 3 ] DEBUG Engine               - isClickFeedbackEnabled: false
11:23:48.205 [FXGL Background Thread 3 ] DEBUG Engine               - isCloseConfirmation: false
11:23:48.206 [FXGL Background Thread 3 ] DEBUG Engine               - isDesktop: true
11:23:48.206 [FXGL Background Thread 3 ] DEBUG Engine               - isDeveloperMenuEnabled: true
11:23:48.206 [FXGL Background Thread 3 ] DEBUG Engine               - isEntityPreloadEnabled: true
11:23:48.206 [FXGL Background Thread 3 ] DEBUG Engine               - isExperimental3D: false
11:23:48.207 [FXGL Background Thread 3 ] DEBUG Engine               - isExperimentalNative: false
11:23:48.207 [FXGL Background Thread 3 ] DEBUG Engine               - isExperimentalTiledLargeMap: false
11:23:48.207 [FXGL Background Thread 3 ] DEBUG Engine               - isFileSystemWriteAllowed: true
11:23:48.207 [FXGL Background Thread 3 ] DEBUG Engine               - isFullScreenAllowed: false
11:23:48.208 [FXGL Background Thread 3 ] DEBUG Engine               - isFullScreenFromStart: false
11:23:48.208 [FXGL Background Thread 3 ] DEBUG Engine               - isGameMenuEnabled: true
11:23:48.208 [FXGL Background Thread 3 ] DEBUG Engine               - isIOS: false
11:23:48.208 [FXGL Background Thread 3 ] DEBUG Engine               - isIntroEnabled: false
11:23:48.208 [FXGL Background Thread 3 ] DEBUG Engine               - isLinux: false
11:23:48.209 [FXGL Background Thread 3 ] DEBUG Engine               - isMac: false
11:23:48.209 [FXGL Background Thread 3 ] DEBUG Engine               - isMainMenuEnabled: false
11:23:48.210 [FXGL Background Thread 3 ] DEBUG Engine               - isManualResizeEnabled: false
11:23:48.210 [FXGL Background Thread 3 ] DEBUG Engine               - isMobile: false
11:23:48.210 [FXGL Background Thread 3 ] DEBUG Engine               - isPreserveResizeRatio: false
11:23:48.210 [FXGL Background Thread 3 ] DEBUG Engine               - isProfilingEnabled: false
11:23:48.211 [FXGL Background Thread 3 ] DEBUG Engine               - isScaleAffectedOnResize: true
11:23:48.211 [FXGL Background Thread 3 ] DEBUG Engine               - isSingleStep: false
11:23:48.211 [FXGL Background Thread 3 ] DEBUG Engine               - isUserProfileEnabled: false
11:23:48.211 [FXGL Background Thread 3 ] DEBUG Engine               - isWindows: true
11:23:48.211 [FXGL Background Thread 3 ] DEBUG Engine               - language: ObjectProperty [value: ENGLISH]
11:23:48.212 [FXGL Background Thread 3 ] DEBUG Engine               - menuKey: ESCAPE
11:23:48.212 [FXGL Background Thread 3 ] DEBUG Engine               - notificationViewClass: class com.almasb.fxgl.notification.view.XboxNotificationView
11:23:48.212 [FXGL Background Thread 3 ] DEBUG Engine               - pixelsPerMeter: 50.0
11:23:48.212 [FXGL Background Thread 3 ] DEBUG Engine               - platform: WINDOWS
11:23:48.212 [FXGL Background Thread 3 ] DEBUG Engine               - prefHeightProperty: ReadOnlyDoubleProperty [value: 820.0]
11:23:48.213 [FXGL Background Thread 3 ] DEBUG Engine               - prefWidthProperty: ReadOnlyDoubleProperty [value: 950.0]
11:23:48.213 [FXGL Background Thread 3 ] DEBUG Engine               - profileDir: profiles/
11:23:48.213 [FXGL Background Thread 3 ] DEBUG Engine               - profileName: StringProperty [value: DEFAULT]
11:23:48.214 [FXGL Background Thread 3 ] DEBUG Engine               - randomSeed: -1
11:23:48.214 [FXGL Background Thread 3 ] DEBUG Engine               - runtimeInfo: RuntimeInfo(platform=WINDOWS, version=11.14, build=01.03.2021 16.59)
11:23:48.214 [FXGL Background Thread 3 ] DEBUG Engine               - saveFileExt: sav
11:23:48.214 [FXGL Background Thread 3 ] DEBUG Engine               - scaledHeightProp$fxgl: DoubleProperty [bound, value: 820.0]
11:23:48.214 [FXGL Background Thread 3 ] DEBUG Engine               - scaledWidthProp$fxgl: DoubleProperty [bound, value: 950.0]
11:23:48.215 [FXGL Background Thread 3 ] DEBUG Engine               - sceneFactory: MenuFactory@db1cd03
11:23:48.215 [FXGL Background Thread 3 ] DEBUG Engine               - secondsIn24h: 60
11:23:48.215 [FXGL Background Thread 3 ] DEBUG Engine               - soundMenuBack: menu/back.wav
11:23:48.215 [FXGL Background Thread 3 ] DEBUG Engine               - soundMenuPress: menu/press.wav
11:23:48.216 [FXGL Background Thread 3 ] DEBUG Engine               - soundMenuSelect: menu/select.wav
11:23:48.216 [FXGL Background Thread 3 ] DEBUG Engine               - soundNotification: core/notification.wav
11:23:48.216 [FXGL Background Thread 3 ] DEBUG Engine               - stageStyle: DECORATED
11:23:48.216 [FXGL Background Thread 3 ] DEBUG Engine               - supportedLanguages: [ENGLISH, FRENCH, GERMAN, HUNGARIAN, RUSSIAN]
11:23:48.216 [FXGL Background Thread 3 ] DEBUG Engine               - ticksPerSecond: -1
11:23:48.216 [FXGL Background Thread 3 ] DEBUG Engine               - title: Bomberman
11:23:48.217 [FXGL Background Thread 3 ] DEBUG Engine               - urlGithub: https://github.com/AlmasB/FXGL
11:23:48.217 [FXGL Background Thread 3 ] DEBUG Engine               - urlLeaderboard: http://fxgl-top.herokuapp.com/
11:23:48.218 [FXGL Background Thread 3 ] DEBUG Engine               - urlPOM: https://raw.githubusercontent.com/AlmasB/FXGL/release/README.md
11:23:48.218 [FXGL Background Thread 3 ] DEBUG Engine               - userAppClass: class Game
11:23:48.218 [FXGL Background Thread 3 ] DEBUG Engine               - version: 0.0
11:23:48.218 [FXGL Background Thread 3 ] DEBUG Engine               - versionCheckDays: 7
11:23:48.218 [FXGL Background Thread 3 ] DEBUG Engine               - width: 950
11:23:48.219 [FXGL Background Thread 3 ] DEBUG Engine               - Logging services
11:23:48.219 [FXGL Background Thread 3 ] DEBUG Engine               - class com.almasb.fxgl.app.services.FXGLAssetLoaderService
11:23:48.219 [FXGL Background Thread 3 ] DEBUG Engine               - class com.almasb.fxgl.app.FXGLApplication$GameApplicationService
11:23:48.219 [FXGL Background Thread 3 ] DEBUG Engine               - class com.almasb.fxgl.app.services.FXGLDialogService
11:23:48.219 [FXGL Background Thread 3 ] DEBUG Engine               - class com.almasb.fxgl.app.services.IOTaskExecutorService
11:23:48.220 [FXGL Background Thread 3 ] DEBUG Engine               - class com.almasb.fxgl.event.EventBusService
11:23:48.220 [FXGL Background Thread 3 ] DEBUG Engine               - class com.almasb.fxgl.io.FileSystemService
11:23:48.220 [FXGL Background Thread 3 ] DEBUG Engine               - class com.almasb.fxgl.localization.LocalizationService
11:23:48.220 [FXGL Background Thread 3 ] DEBUG Engine               - class com.almasb.fxgl.app.services.SystemBundleService
11:23:48.221 [FXGL Background Thread 3 ] DEBUG Engine               - class com.almasb.fxgl.profile.SaveLoadService
11:23:48.221 [FXGL Background Thread 3 ] DEBUG Engine               - class com.almasb.fxgl.ui.FXGLUIFactoryServiceProvider
11:23:48.221 [FXGL Background Thread 3 ] DEBUG Engine               - class com.almasb.fxgl.ui.FXGLDialogFactoryServiceProvider
11:23:48.221 [FXGL Background Thread 3 ] DEBUG Engine               - class com.almasb.fxgl.audio.AudioPlayer
11:23:48.222 [FXGL Background Thread 3 ] DEBUG Engine               - class com.almasb.fxgl.notification.impl.NotificationServiceProvider
11:23:48.222 [FXGL Background Thread 3 ] DEBUG Engine               - class com.almasb.fxgl.achievement.AchievementService
11:23:48.222 [FXGL Background Thread 3 ] DEBUG Engine               - class com.almasb.fxgl.cutscene.CutsceneService
11:23:48.222 [FXGL Background Thread 3 ] DEBUG Engine               - class com.almasb.fxgl.minigames.MiniGameService
11:23:48.223 [FXGL Background Thread 3 ] DEBUG Engine               - class com.almasb.fxgl.net.NetService
11:23:48.223 [FXGL Background Thread 3 ] DEBUG Engine               - class com.almasb.fxgl.app.services.UpdaterService
11:23:48.223 [FXGL Background Thread 3 ] DEBUG Engine               - class com.almasb.fxgl.dev.DevService
11:23:49.878 [JavaFX Application Thread] DEBUG FXGLAssetLoaderServi - Loading from file system: file:/C:/Users/0705s/OneDrive/Desktop/SE-Challengeweek/target/classes/assets/textures/bomb-1.png
11:23:50.014 [JavaFX Application Thread] DEBUG FXGLAssetLoaderServi - Loading from file system: file:/C:/Users/0705s/OneDrive/Desktop/SE-Challengeweek/target/classes/assets/textures/player_1_move_Up.png
11:23:50.334 [JavaFX Application Thread] DEBUG FXGLAssetLoaderServi - Loading from file system: file:/C:/Users/0705s/OneDrive/Desktop/SE-Challengeweek/target/classes/assets/textures/player_1_move_right.png
11:23:50.536 [JavaFX Application Thread] DEBUG FXGLAssetLoaderServi - Loading from file system: file:/C:/Users/0705s/OneDrive/Desktop/SE-Challengeweek/target/classes/assets/textures/player_1_move_left.png
11:23:51.390 [JavaFX Application Thread] DEBUG FXGLAssetLoaderServi - Loading from file system: file:/C:/Users/0705s/OneDrive/Desktop/SE-Challengeweek/target/classes/assets/textures/bomb_explosion.png
11:23:51.395 [JavaFX Application Thread] DEBUG FXGLAssetLoaderServi - Loading from file system: file:/C:/Users/0705s/OneDrive/Desktop/SE-Challengeweek/target/classes/assets/sounds/explode.wav
11:23:51.408 [JavaFX Application Thread] DEBUG FXGLAssetLoaderServi - Loading from file system: file:/C:/Users/0705s/OneDrive/Desktop/SE-Challengeweek/target/classes/assets/sounds/player_hit.wav
11:23:51.474 [JavaFX Application Thread] DEBUG FXGLAssetLoaderServi - Loading from file system: file:/C:/Users/0705s/OneDrive/Desktop/SE-Challengeweek/target/classes/assets/textures/player_1_idle_right.png
11:23:52.701 [JavaFX Application Thread] DEBUG FXGLAssetLoaderServi - Loading from file system: file:/C:/Users/0705s/OneDrive/Desktop/SE-Challengeweek/target/classes/assets/textures/player_1_idle_Up.png
11:23:57.606 [JavaFX Application Thread] DEBUG FXGLAssetLoaderServi - Loading from file system: file:/C:/Users/0705s/OneDrive/Desktop/SE-Challengeweek/target/classes/assets/textures/speedup-1.png
11:23:59.502 [JavaFX Application Thread] DEBUG FXGLAssetLoaderServi - Loading from file system: file:/C:/Users/0705s/OneDrive/Desktop/SE-Challengeweek/target/classes/assets/textures/player_1_idle_left.png
11:24:02.434 [JavaFX Application Thread] DEBUG FXGLAssetLoaderServi - Loading from file system: file:/C:/Users/0705s/OneDrive/Desktop/SE-Challengeweek/target/classes/assets/sounds/player_dead.wav
11:24:02.454 [JavaFX Application Thread] DEBUG PrimaryStageWindow   - Push state: DialogSubScene
11:24:02.455 [JavaFX Application Thread] DEBUG Input                - Clearing active input actions
11:24:02.456 [JavaFX Application Thread] DEBUG GameApplicationServi - Removing overlay from GameScene and adding to DialogSubScene
11:24:02.460 [JavaFX Application Thread] DEBUG PrimaryStageWindow   - GameScene -> DialogSubScene
11:24:03.501 [JavaFX Application Thread] DEBUG PrimaryStageWindow   - Pop state: DialogSubScene
11:24:03.501 [JavaFX Application Thread] DEBUG Input                - Clearing active input actions
11:24:03.502 [JavaFX Application Thread] DEBUG GameApplicationServi - Removing overlay from DialogSubScene and adding to GameScene
11:24:03.503 [JavaFX Application Thread] DEBUG PrimaryStageWindow   - GameScene <- DialogSubScene
11:24:03.507 [JavaFX Application Thread] DEBUG FXGLAssetLoaderServi - Loading from file system: file:/C:/Users/0705s/OneDrive/Desktop/SE-Challengeweek/target/classes/assets/textures/player_1_dead.png
11:24:06.316 [JavaFX Application Thread] DEBUG AudioPlayer          - Stopping music com.almasb.fxgl.audio.Music@7e7ccefc
11:24:06.814 [JavaFX Application Thread] WARN  GameApplicationServi - Ignoring gotoMainMenu() because main menu is not enabled
11:24:14.612 [JavaFX Application Thread] DEBUG FXGLApplication      - Exiting FXGL
11:24:14.612 [JavaFX Application Thread] DEBUG LoopRunner           - Stopping loop
11:24:14.612 [JavaFX Application Thread] DEBUG SystemBundleService  - Saving FXGL system data
11:24:14.614 [JavaFX Application Thread] DEBUG FileSystemAccess     - Writing to: C:\Users\0705s\OneDrive\Desktop\SE-Challengeweek\system\fxgl.bundle
11:24:14.616 [JavaFX Application Thread] DEBUG Async                - Shutting down background threads
11:24:14.616 [JavaFX Application Thread] DEBUG PrimaryStageWindow   - Closing main window
11:24:14.637 [JavaFX Application Thread] DEBUG Logger               - Closing Logger
