15:39:03.376 [main                     ] DEBUG Logger               - Configured Logger
15:39:03.398 [main                     ] DEBUG GameApplication      - Logging settings
Title: Bomberman SE
Version: 1.0
Width: 960
Height: 832
Fullscreen: false
Intro: false
Profiling: false
Single step:false
App Mode: DEVELOPER
Menu Key: ESCAPE
Stage Style: DECORATED
Scene Factory: class com.almasb.fxgl.app.scene.SceneFactory

15:39:03.828 [JavaFX Application Thread] DEBUG FXGLApplication      - Initializing FXGL
15:39:03.831 [JavaFX Application Thread] INFO  Engine               - FXGL-11.14 (01.03.2021 16.59) on WINDOWS (J:15.0.2 FX:15)
15:39:03.831 [JavaFX Application Thread] DEBUG Engine               - JRE Vendor Name: Amazon.com Inc.
15:39:03.832 [JavaFX Application Thread] DEBUG Engine               - Running on OS: Windows 10 version 10.0
15:39:03.832 [JavaFX Application Thread] DEBUG Engine               - Architecture: amd64
15:39:03.832 [JavaFX Application Thread] INFO  Engine               - Source code and latest versions at: https://github.com/AlmasB/FXGL
15:39:03.833 [JavaFX Application Thread] INFO  Engine               -              Join the FXGL chat at: https://gitter.im/AlmasB/FXGL
15:39:03.971 [JavaFX Application Thread] DEBUG PrimaryStageWindow   - Creating a JavaFX scene
15:39:03.971 [JavaFX Application Thread] DEBUG PrimaryStageWindow   - Target size > screen size
15:39:04.033 [JavaFX Application Thread] DEBUG PrimaryStageWindow   - Target settings size: 960.0 x 832.0
15:39:04.034 [JavaFX Application Thread] DEBUG PrimaryStageWindow   - Scaled scene size:    925.0 x 823.0
15:39:04.034 [JavaFX Application Thread] DEBUG PrimaryStageWindow   - Scaled ratio: (0.9635416666666666, 0.9891826923076923)
15:39:04.035 [JavaFX Application Thread] DEBUG PrimaryStageWindow   - Set initial scene to FXGLStartupScene
15:39:04.042 [JavaFX Application Thread] DEBUG PrimaryStageWindow   - Opening main window
15:39:04.148 [JavaFX Application Thread] DEBUG PrimaryStageWindow   - Window border size: (15.0, 37.79998779296875)
15:39:04.149 [JavaFX Application Thread] DEBUG PrimaryStageWindow   - Scaled size: 925.0 x 823.0
15:39:04.149 [JavaFX Application Thread] DEBUG PrimaryStageWindow   - Scaled ratio: (0.9635416666666666, 0.9891826923076923)
15:39:04.149 [JavaFX Application Thread] DEBUG PrimaryStageWindow   - Scene size: 925.0 x 823.0
15:39:04.149 [JavaFX Application Thread] DEBUG PrimaryStageWindow   - Stage size: 940.0 x 860.7999877929688
15:39:04.161 [FXGL Background Thread 1 ] DEBUG Engine               - Initializing environment variables
15:39:04.210 [FXGL Background Thread 1 ] DEBUG FXGLAssetLoaderServi - User app class for loading assets: class Game
15:39:04.211 [FXGL Background Thread 1 ] DEBUG GameApplicationServi - Applying CSS: fxgl_dark.css
15:39:04.212 [FXGL Background Thread 1 ] DEBUG FXGLAssetLoaderServi - Loading from file system: jar:file:/C:/Users/diewe/.m2/repository/com/github/almasb/fxgl/11.14/fxgl-11.14.jar!/fxglassets/ui/css/fxgl_dark.css
15:39:04.265 [FXGL Background Thread 1 ] DEBUG GameApplicationServi - Initializing application scenes
15:39:04.314 [FXGL Background Thread 1 ] DEBUG GameWorld            - Game world initialized
15:39:04.378 [FXGL Background Thread 1 ] DEBUG PhysicsWorld         - Physics world initialized: appHeight=832, physics.ppm=50,0
15:39:04.378 [FXGL Background Thread 1 ] DEBUG PhysicsWorld         - Using strategy: BRUTE_FORCE
15:39:04.380 [FXGL Background Thread 1 ] DEBUG GameScene            - Game scene initialized: 960x832
15:39:04.416 [FXGL Background Thread 1 ] DEBUG FXGLAssetLoaderServi - Loading from file system: jar:file:/C:/Users/diewe/.m2/repository/com/github/almasb/fxgl/11.14/fxgl-11.14.jar!/fxglassets/textures/particles/trace_horizontal.png
15:39:04.468 [FXGL Background Thread 1 ] DEBUG FXGL.DefaultMenu     - createMenuBodyGameMenu()
15:39:04.488 [FXGL Background Thread 1 ] DEBUG FXGL.DefaultMenu     - createOptionsMenu()
15:39:04.492 [FXGL Background Thread 1 ] DEBUG FXGLAssetLoaderServi - Loading from file system: jar:file:/C:/Users/diewe/.m2/repository/com/github/almasb/fxgl/11.14/fxgl-11.14.jar!/fxglassets/textures/particles/smoke.png
15:39:04.548 [FXGL Background Thread 1 ] DEBUG GameApplicationServi - Application scenes initialized
15:39:04.559 [FXGL Background Thread 1 ] DEBUG SystemBundleService  - Loading FXGL system data
15:39:04.562 [FXGL Background Thread 1 ] DEBUG FileSystemAccess     - Reading from: C:\Users\diewe\OneDrive\Documenten\GitHub\SE-Challengeweek\system\fxgl.bundle
15:39:04.567 [FXGL Background Thread 1 ] DEBUG SystemBundleService  - Bundle FXGL: {}
15:39:04.568 [FXGL Background Thread 1 ] DEBUG UpdaterService       - Checking for updates
15:39:04.573 [FXGL Background Thread 4 ] DEBUG FXGLApplication      - Loading fonts
15:39:04.573 [FXGL Background Thread 1 ] DEBUG FXGLApplication      - Loading default localization
15:39:04.574 [FXGL Background Thread 4 ] DEBUG FXGLAssetLoaderServi - Loading from file system: jar:file:/C:/Users/diewe/.m2/repository/com/github/almasb/fxgl/11.14/fxgl-11.14.jar!/fxglassets/ui/fonts/VarelaRound-Regular.ttf
15:39:04.574 [FXGL Background Thread 1 ] DEBUG FXGLAssetLoaderServi - Loading from file system: jar:file:/C:/Users/diewe/.m2/repository/com/github/almasb/fxgl/11.14/fxgl-11.14.jar!/fxglassets/languages/english.lang
15:39:04.592 [FXGL Background Thread 1 ] INFO  FXGLApplication      - FXGL initialization took: 0,431 sec
15:39:04.604 [JavaFX Application Thread] DEBUG Input                - Registered new binding: action0 - W
15:39:04.605 [JavaFX Application Thread] DEBUG Input                - Registered new binding: action1 - S
15:39:04.605 [JavaFX Application Thread] DEBUG Input                - Registered new binding: action2 - A
15:39:04.606 [JavaFX Application Thread] DEBUG Input                - Registered new binding: action3 - D
15:39:04.606 [JavaFX Application Thread] DEBUG FXGLAssetLoaderServi - Loading from file system: jar:file:/C:/Users/diewe/.m2/repository/com/github/almasb/fxgl/11.14/fxgl-11.14.jar!/fxglassets/textures/fxgl_icon.png
15:39:04.642 [JavaFX Application Thread] DEBUG FXGLAssetLoaderServi - Loading from file system: jar:file:/C:/Users/diewe/.m2/repository/com/github/almasb/fxgl/11.14/fxgl-11.14.jar!/fxglassets/ui/cursors/fxgl_default.png
15:39:04.644 [JavaFX Application Thread] DEBUG Input                - Registered new binding: Screenshot - P
15:39:04.645 [JavaFX Application Thread] DEBUG Input                - Registered new binding: System info dump - CTRL+9
15:39:04.645 [JavaFX Application Thread] DEBUG Input                - Registered new binding: Restart - CTRL+R
15:39:04.646 [JavaFX Application Thread] DEBUG Input                - Registered new binding: Toggle Debug Camera - CTRL+C
15:39:04.649 [JavaFX Application Thread] DEBUG LoopRunner           - Starting loop
15:39:04.650 [JavaFX Application Thread] DEBUG LoopRunner           - Initializing JavaFX AnimationTimerLoop
15:39:04.652 [JavaFX Application Thread] DEBUG GameApplicationServi - Starting new game
15:39:04.653 [JavaFX Application Thread] DEBUG Input                - Clearing active input actions
15:39:04.662 [FXGL Background Thread 4 ] DEBUG FXGLAssetLoaderServi - Loading from file system: jar:file:/C:/Users/diewe/.m2/repository/com/github/almasb/fxgl/11.14/fxgl-11.14.jar!/fxglassets/ui/fonts/Abel-Regular.ttf
15:39:04.666 [JavaFX Application Thread] DEBUG GameApplicationServi - Removing overlay from FXGLStartupScene and adding to FXGLLoadingScene
15:39:04.667 [JavaFX Application Thread] DEBUG PrimaryStageWindow   - FXGLStartupScene -> FXGLLoadingScene
15:39:04.667 [JavaFX Application Thread] DEBUG GameApplicationServi - Clearing previous game
15:39:04.667 [JavaFX Application Thread] DEBUG GameScene            - Clearing game scene
15:39:04.667 [JavaFX Application Thread] DEBUG GameWorld            - Clearing game world
15:39:04.668 [JavaFX Application Thread] DEBUG PhysicsWorld         - Clearing physics world
15:39:04.669 [FXGL Background Thread 1 ] DEBUG FXGLApplication      - Initializing game
15:39:04.672 [FXGL Background Thread 1 ] DEBUG FXGLAssetLoaderServi - Loading from file system: file:/C:/Users/diewe/OneDrive/Documenten/GitHub/SE-Challengeweek/target/classes/assets/textures/BombermanBlond2.png
15:39:04.689 [FXGL Background Thread 4 ] DEBUG FXGLAssetLoaderServi - Loading from file system: jar:file:/C:/Users/diewe/.m2/repository/com/github/almasb/fxgl/11.14/fxgl-11.14.jar!/fxglassets/ui/fonts/lucida_console.ttf
15:39:04.690 [FXGL Background Thread 1 ] DEBUG FXGLAssetLoaderServi - Loading from file system: file:/C:/Users/diewe/OneDrive/Documenten/GitHub/SE-Challengeweek/target/classes/assets/textures/wall-1.png
15:39:04.698 [FXGL Background Thread 1 ] DEBUG FXGLAssetLoaderServi - Loading from file system: file:/C:/Users/diewe/OneDrive/Documenten/GitHub/SE-Challengeweek/target/classes/assets/textures/wall-2.png
15:39:04.701 [FXGL Background Thread 1 ] DEBUG FXGLAssetLoaderServi - Loading from file system: file:/C:/Users/diewe/OneDrive/Documenten/GitHub/SE-Challengeweek/target/classes/assets/textures/metal-1.png
15:39:04.706 [FXGL Background Thread 4 ] DEBUG FXGLAssetLoaderServi - Loading from file system: jar:file:/C:/Users/diewe/.m2/repository/com/github/almasb/fxgl/11.14/fxgl-11.14.jar!/fxglassets/ui/fonts/Courier-Prime.ttf
15:39:04.724 [JavaFX Application Thread] DEBUG FXGLApplication      - Registering font factories with UI factory
15:39:04.732 [FXGL Background Thread 1 ] DEBUG FXGLAssetLoaderServi - Loading from file system: file:/C:/Users/diewe/OneDrive/Documenten/GitHub/SE-Challengeweek/target/classes/assets/textures/box-1.png
15:39:04.785 [FXGL Background Thread 1 ] DEBUG FXGLAssetLoaderServi - Loading from file system: file:/C:/Users/diewe/OneDrive/Documenten/GitHub/SE-Challengeweek/target/classes/assets/textures/box-2.png
15:39:04.826 [FXGL Background Thread 1 ] INFO  FXGLApplication      - Game initialization took: 0,156 sec
15:39:04.830 [JavaFX Application Thread] DEBUG Input                - Clearing active input actions
15:39:04.847 [JavaFX Application Thread] DEBUG GameApplicationServi - Removing overlay from FXGLLoadingScene and adding to GameScene
15:39:04.848 [JavaFX Application Thread] DEBUG PrimaryStageWindow   - FXGLLoadingScene -> GameScene
15:39:05.040 [FXGL Background Thread 2 ] INFO  UpdaterService       - Your current version:  11.14
15:39:05.040 [FXGL Background Thread 2 ] INFO  UpdaterService       - Latest stable version: 17.1
15:39:07.572 [FXGL Background Thread 3 ] DEBUG Engine               - Logging environment variables
15:39:07.573 [FXGL Background Thread 3 ] DEBUG Engine               - achievements: []
15:39:07.573 [FXGL Background Thread 3 ] DEBUG Engine               - actualHeight: 823.0
15:39:07.574 [FXGL Background Thread 3 ] DEBUG Engine               - actualHeightProperty: ReadOnlyDoubleProperty [value: 823.0]
15:39:07.574 [FXGL Background Thread 3 ] DEBUG Engine               - actualWidth: 925.0
15:39:07.574 [FXGL Background Thread 3 ] DEBUG Engine               - actualWidthProperty: ReadOnlyDoubleProperty [value: 925.0]
15:39:07.574 [FXGL Background Thread 3 ] DEBUG Engine               - appIcon: fxgl_icon.png
15:39:07.574 [FXGL Background Thread 3 ] DEBUG Engine               - applicationMode: DEVELOPER
15:39:07.574 [FXGL Background Thread 3 ] DEBUG Engine               - cSSList: [fxgl_dark.css]
15:39:07.574 [FXGL Background Thread 3 ] DEBUG Engine               - collisionDetectionStrategy: BRUTE_FORCE
15:39:07.575 [FXGL Background Thread 3 ] DEBUG Engine               - configClass: Optional.empty
15:39:07.575 [FXGL Background Thread 3 ] DEBUG Engine               - credits: []
15:39:07.575 [FXGL Background Thread 3 ] DEBUG Engine               - devBBoxColorProperty: ObjectProperty [value: 0xff0000ff]
15:39:07.575 [FXGL Background Thread 3 ] DEBUG Engine               - devEnableDebugCameraProperty: BooleanProperty [value: false]
15:39:07.576 [FXGL Background Thread 3 ] DEBUG Engine               - devSensorColorProperty: ObjectProperty [value: 0xffff00ff]
15:39:07.576 [FXGL Background Thread 3 ] DEBUG Engine               - devShowBBoxProperty: BooleanProperty [value: false]
15:39:07.576 [FXGL Background Thread 3 ] DEBUG Engine               - devShowPositionProperty: BooleanProperty [value: false]
15:39:07.576 [FXGL Background Thread 3 ] DEBUG Engine               - enabledMenuItems: []
15:39:07.576 [FXGL Background Thread 3 ] DEBUG Engine               - engineServices: [class com.almasb.fxgl.app.services.FXGLAssetLoaderService, class com.almasb.fxgl.app.FXGLApplication$GameApplicationService, class com.almasb.fxgl.app.services.FXGLDialogService, class com.almasb.fxgl.app.services.IOTaskExecutorService, class com.almasb.fxgl.event.EventBusService, class com.almasb.fxgl.io.FileSystemService, class com.almasb.fxgl.localization.LocalizationService, class com.almasb.fxgl.app.services.SystemBundleService, class com.almasb.fxgl.profile.SaveLoadService, class com.almasb.fxgl.ui.FXGLUIFactoryServiceProvider, class com.almasb.fxgl.ui.FXGLDialogFactoryServiceProvider, class com.almasb.fxgl.audio.AudioPlayer, class com.almasb.fxgl.notification.impl.NotificationServiceProvider, class com.almasb.fxgl.achievement.AchievementService, class com.almasb.fxgl.cutscene.CutsceneService, class com.almasb.fxgl.minigames.MiniGameService, class com.almasb.fxgl.net.NetService, class com.almasb.fxgl.app.services.UpdaterService, class com.almasb.fxgl.dev.DevService]
15:39:07.576 [FXGL Background Thread 3 ] DEBUG Engine               - fontGame: Abel-Regular.ttf
15:39:07.576 [FXGL Background Thread 3 ] DEBUG Engine               - fontMono: lucida_console.ttf
15:39:07.577 [FXGL Background Thread 3 ] DEBUG Engine               - fontText: Courier-Prime.ttf
15:39:07.577 [FXGL Background Thread 3 ] DEBUG Engine               - fontUI: VarelaRound-Regular.ttf
15:39:07.577 [FXGL Background Thread 3 ] DEBUG Engine               - fullScreen: BooleanProperty [value: false]
15:39:07.577 [FXGL Background Thread 3 ] DEBUG Engine               - gameDifficulty: MEDIUM
15:39:07.577 [FXGL Background Thread 3 ] DEBUG Engine               - gameDifficultyProperty: ObjectProperty [value: MEDIUM]
15:39:07.577 [FXGL Background Thread 3 ] DEBUG Engine               - globalMusicVolume: 0.5
15:39:07.577 [FXGL Background Thread 3 ] DEBUG Engine               - globalMusicVolumeProperty: DoubleProperty [value: 0.5]
15:39:07.577 [FXGL Background Thread 3 ] DEBUG Engine               - globalSoundVolume: 0.5
15:39:07.577 [FXGL Background Thread 3 ] DEBUG Engine               - globalSoundVolumeProperty: DoubleProperty [value: 0.5]
15:39:07.577 [FXGL Background Thread 3 ] DEBUG Engine               - height: 832
15:39:07.578 [FXGL Background Thread 3 ] DEBUG Engine               - isAndroid: false
15:39:07.578 [FXGL Background Thread 3 ] DEBUG Engine               - isBrowser: false
15:39:07.578 [FXGL Background Thread 3 ] DEBUG Engine               - isClickFeedbackEnabled: false
15:39:07.578 [FXGL Background Thread 3 ] DEBUG Engine               - isCloseConfirmation: false
15:39:07.578 [FXGL Background Thread 3 ] DEBUG Engine               - isDesktop: true
15:39:07.578 [FXGL Background Thread 3 ] DEBUG Engine               - isDeveloperMenuEnabled: false
15:39:07.578 [FXGL Background Thread 3 ] DEBUG Engine               - isEntityPreloadEnabled: true
15:39:07.578 [FXGL Background Thread 3 ] DEBUG Engine               - isExperimental3D: false
15:39:07.578 [FXGL Background Thread 3 ] DEBUG Engine               - isExperimentalNative: false
15:39:07.579 [FXGL Background Thread 3 ] DEBUG Engine               - isExperimentalTiledLargeMap: false
15:39:07.579 [FXGL Background Thread 3 ] DEBUG Engine               - isFileSystemWriteAllowed: true
15:39:07.579 [FXGL Background Thread 3 ] DEBUG Engine               - isFullScreenAllowed: false
15:39:07.579 [FXGL Background Thread 3 ] DEBUG Engine               - isFullScreenFromStart: false
15:39:07.579 [FXGL Background Thread 3 ] DEBUG Engine               - isGameMenuEnabled: true
15:39:07.579 [FXGL Background Thread 3 ] DEBUG Engine               - isIOS: false
15:39:07.580 [FXGL Background Thread 3 ] DEBUG Engine               - isIntroEnabled: false
15:39:07.580 [FXGL Background Thread 3 ] DEBUG Engine               - isLinux: false
15:39:07.580 [FXGL Background Thread 3 ] DEBUG Engine               - isMac: false
15:39:07.580 [FXGL Background Thread 3 ] DEBUG Engine               - isMainMenuEnabled: false
15:39:07.580 [FXGL Background Thread 3 ] DEBUG Engine               - isManualResizeEnabled: false
15:39:07.580 [FXGL Background Thread 3 ] DEBUG Engine               - isMobile: false
15:39:07.580 [FXGL Background Thread 3 ] DEBUG Engine               - isPreserveResizeRatio: false
15:39:07.580 [FXGL Background Thread 3 ] DEBUG Engine               - isProfilingEnabled: false
15:39:07.580 [FXGL Background Thread 3 ] DEBUG Engine               - isScaleAffectedOnResize: true
15:39:07.581 [FXGL Background Thread 3 ] DEBUG Engine               - isSingleStep: false
15:39:07.581 [FXGL Background Thread 3 ] DEBUG Engine               - isUserProfileEnabled: false
15:39:07.581 [FXGL Background Thread 3 ] DEBUG Engine               - isWindows: true
15:39:07.581 [FXGL Background Thread 3 ] DEBUG Engine               - language: ObjectProperty [value: ENGLISH]
15:39:07.581 [FXGL Background Thread 3 ] DEBUG Engine               - menuKey: ESCAPE
15:39:07.581 [FXGL Background Thread 3 ] DEBUG Engine               - notificationViewClass: class com.almasb.fxgl.notification.view.XboxNotificationView
15:39:07.581 [FXGL Background Thread 3 ] DEBUG Engine               - pixelsPerMeter: 50.0
15:39:07.582 [FXGL Background Thread 3 ] DEBUG Engine               - platform: WINDOWS
15:39:07.582 [FXGL Background Thread 3 ] DEBUG Engine               - prefHeightProperty: ReadOnlyDoubleProperty [value: 832.0]
15:39:07.582 [FXGL Background Thread 3 ] DEBUG Engine               - prefWidthProperty: ReadOnlyDoubleProperty [value: 960.0]
15:39:07.582 [FXGL Background Thread 3 ] DEBUG Engine               - profileDir: profiles/
15:39:07.582 [FXGL Background Thread 3 ] DEBUG Engine               - profileName: StringProperty [value: DEFAULT]
15:39:07.582 [FXGL Background Thread 3 ] DEBUG Engine               - randomSeed: -1
15:39:07.582 [FXGL Background Thread 3 ] DEBUG Engine               - runtimeInfo: RuntimeInfo(platform=WINDOWS, version=11.14, build=01.03.2021 16.59)
15:39:07.582 [FXGL Background Thread 3 ] DEBUG Engine               - saveFileExt: sav
15:39:07.583 [FXGL Background Thread 3 ] DEBUG Engine               - scaledHeightProp$fxgl: DoubleProperty [bound, value: 823.0]
15:39:07.583 [FXGL Background Thread 3 ] DEBUG Engine               - scaledWidthProp$fxgl: DoubleProperty [bound, value: 925.0]
15:39:07.583 [FXGL Background Thread 3 ] DEBUG Engine               - sceneFactory: com.almasb.fxgl.app.scene.SceneFactory@7a40527a
15:39:07.583 [FXGL Background Thread 3 ] DEBUG Engine               - secondsIn24h: 60
15:39:07.583 [FXGL Background Thread 3 ] DEBUG Engine               - soundMenuBack: menu/back.wav
15:39:07.584 [FXGL Background Thread 3 ] DEBUG Engine               - soundMenuPress: menu/press.wav
15:39:07.584 [FXGL Background Thread 3 ] DEBUG Engine               - soundMenuSelect: menu/select.wav
15:39:07.584 [FXGL Background Thread 3 ] DEBUG Engine               - soundNotification: core/notification.wav
15:39:07.584 [FXGL Background Thread 3 ] DEBUG Engine               - stageStyle: DECORATED
15:39:07.585 [FXGL Background Thread 3 ] DEBUG Engine               - supportedLanguages: [ENGLISH, FRENCH, GERMAN, HUNGARIAN, RUSSIAN]
15:39:07.585 [FXGL Background Thread 3 ] DEBUG Engine               - ticksPerSecond: -1
15:39:07.585 [FXGL Background Thread 3 ] DEBUG Engine               - title: Bomberman SE
15:39:07.585 [FXGL Background Thread 3 ] DEBUG Engine               - urlGithub: https://github.com/AlmasB/FXGL
15:39:07.585 [FXGL Background Thread 3 ] DEBUG Engine               - urlLeaderboard: http://fxgl-top.herokuapp.com/
15:39:07.586 [FXGL Background Thread 3 ] DEBUG Engine               - urlPOM: https://raw.githubusercontent.com/AlmasB/FXGL/release/README.md
15:39:07.586 [FXGL Background Thread 3 ] DEBUG Engine               - userAppClass: class Game
15:39:07.586 [FXGL Background Thread 3 ] DEBUG Engine               - version: 1.0
15:39:07.587 [FXGL Background Thread 3 ] DEBUG Engine               - versionCheckDays: 7
15:39:07.587 [FXGL Background Thread 3 ] DEBUG Engine               - width: 960
15:39:07.588 [FXGL Background Thread 3 ] DEBUG Engine               - Logging services
15:39:07.588 [FXGL Background Thread 3 ] DEBUG Engine               - class com.almasb.fxgl.app.services.FXGLAssetLoaderService
15:39:07.588 [FXGL Background Thread 3 ] DEBUG Engine               - class com.almasb.fxgl.app.FXGLApplication$GameApplicationService
15:39:07.588 [FXGL Background Thread 3 ] DEBUG Engine               - class com.almasb.fxgl.app.services.FXGLDialogService
15:39:07.588 [FXGL Background Thread 3 ] DEBUG Engine               - class com.almasb.fxgl.app.services.IOTaskExecutorService
15:39:07.588 [FXGL Background Thread 3 ] DEBUG Engine               - class com.almasb.fxgl.event.EventBusService
15:39:07.588 [FXGL Background Thread 3 ] DEBUG Engine               - class com.almasb.fxgl.io.FileSystemService
15:39:07.588 [FXGL Background Thread 3 ] DEBUG Engine               - class com.almasb.fxgl.localization.LocalizationService
15:39:07.589 [FXGL Background Thread 3 ] DEBUG Engine               - class com.almasb.fxgl.app.services.SystemBundleService
15:39:07.589 [FXGL Background Thread 3 ] DEBUG Engine               - class com.almasb.fxgl.profile.SaveLoadService
15:39:07.589 [FXGL Background Thread 3 ] DEBUG Engine               - class com.almasb.fxgl.ui.FXGLUIFactoryServiceProvider
15:39:07.589 [FXGL Background Thread 3 ] DEBUG Engine               - class com.almasb.fxgl.ui.FXGLDialogFactoryServiceProvider
15:39:07.589 [FXGL Background Thread 3 ] DEBUG Engine               - class com.almasb.fxgl.audio.AudioPlayer
15:39:07.589 [FXGL Background Thread 3 ] DEBUG Engine               - class com.almasb.fxgl.notification.impl.NotificationServiceProvider
15:39:07.589 [FXGL Background Thread 3 ] DEBUG Engine               - class com.almasb.fxgl.achievement.AchievementService
15:39:07.589 [FXGL Background Thread 3 ] DEBUG Engine               - class com.almasb.fxgl.cutscene.CutsceneService
15:39:07.590 [FXGL Background Thread 3 ] DEBUG Engine               - class com.almasb.fxgl.minigames.MiniGameService
15:39:07.590 [FXGL Background Thread 3 ] DEBUG Engine               - class com.almasb.fxgl.net.NetService
15:39:07.590 [FXGL Background Thread 3 ] DEBUG Engine               - class com.almasb.fxgl.app.services.UpdaterService
15:39:07.590 [FXGL Background Thread 3 ] DEBUG Engine               - class com.almasb.fxgl.dev.DevService
15:49:46.513 [JavaFX Application Thread] DEBUG FXGLApplication      - Exiting FXGL
15:49:46.513 [JavaFX Application Thread] DEBUG LoopRunner           - Stopping loop
15:49:46.513 [JavaFX Application Thread] DEBUG SystemBundleService  - Saving FXGL system data
15:49:46.515 [JavaFX Application Thread] DEBUG FileSystemAccess     - Writing to: C:\Users\diewe\OneDrive\Documenten\GitHub\SE-Challengeweek\system\fxgl.bundle
15:49:46.517 [JavaFX Application Thread] DEBUG Async                - Shutting down background threads
15:49:46.517 [JavaFX Application Thread] DEBUG PrimaryStageWindow   - Closing main window
15:49:46.529 [JavaFX Application Thread] DEBUG Logger               - Closing Logger
