11:25:45.876 [main                     ] DEBUG Logger               - Configured Logger
11:25:45.884 [main                     ] DEBUG GameApplication      - Logging settings
Title: Bomberman SE
Version: 1.0
Width: 960
Height: 832
Fullscreen: false
Intro: false
Profiling: false
Single step:false
App Mode: DEVELOPER
Menu Key: ESCAPE
Stage Style: DECORATED
Scene Factory: class UI.MySceneFactory

11:25:46.265 [JavaFX Application Thread] DEBUG FXGLApplication      - Initializing FXGL
11:25:46.267 [JavaFX Application Thread] INFO  Engine               - FXGL-11.14 (01.03.2021 16.59) on WINDOWS (J:15.0.2 FX:15)
11:25:46.268 [JavaFX Application Thread] DEBUG Engine               - JRE Vendor Name: Amazon.com Inc.
11:25:46.268 [JavaFX Application Thread] DEBUG Engine               - Running on OS: Windows 10 version 10.0
11:25:46.268 [JavaFX Application Thread] DEBUG Engine               - Architecture: amd64
11:25:46.268 [JavaFX Application Thread] INFO  Engine               - Source code and latest versions at: https://github.com/AlmasB/FXGL
11:25:46.269 [JavaFX Application Thread] INFO  Engine               -              Join the FXGL chat at: https://gitter.im/AlmasB/FXGL
11:25:46.402 [JavaFX Application Thread] DEBUG PrimaryStageWindow   - Creating a JavaFX scene
11:25:46.403 [JavaFX Application Thread] DEBUG PrimaryStageWindow   - Target size > screen size
11:25:46.457 [JavaFX Application Thread] DEBUG PrimaryStageWindow   - Target settings size: 960.0 x 832.0
11:25:46.458 [JavaFX Application Thread] DEBUG PrimaryStageWindow   - Scaled scene size:    925.0 x 823.0
11:25:46.458 [JavaFX Application Thread] DEBUG PrimaryStageWindow   - Scaled ratio: (0.9635416666666666, 0.9891826923076923)
11:25:46.459 [JavaFX Application Thread] DEBUG PrimaryStageWindow   - Set initial scene to FXGLStartupScene
11:25:46.467 [JavaFX Application Thread] DEBUG PrimaryStageWindow   - Opening main window
11:25:46.566 [JavaFX Application Thread] DEBUG PrimaryStageWindow   - Window border size: (15.0, 37.79998779296875)
11:25:46.566 [JavaFX Application Thread] DEBUG PrimaryStageWindow   - Scaled size: 925.0 x 823.0
11:25:46.566 [JavaFX Application Thread] DEBUG PrimaryStageWindow   - Scaled ratio: (0.9635416666666666, 0.9891826923076923)
11:25:46.567 [JavaFX Application Thread] DEBUG PrimaryStageWindow   - Scene size: 925.0 x 823.0
11:25:46.567 [JavaFX Application Thread] DEBUG PrimaryStageWindow   - Stage size: 940.0 x 860.7999877929688
11:25:46.574 [FXGL Background Thread 1 ] DEBUG Engine               - Initializing environment variables
11:25:46.606 [FXGL Background Thread 1 ] DEBUG FXGLAssetLoaderServi - User app class for loading assets: class Game
11:25:46.607 [FXGL Background Thread 1 ] DEBUG GameApplicationServi - Applying CSS: fxgl_dark.css
11:25:46.608 [FXGL Background Thread 1 ] DEBUG FXGLAssetLoaderServi - Loading from file system: jar:file:/C:/Users/roan2/.m2/repository/com/github/almasb/fxgl/11.14/fxgl-11.14.jar!/fxglassets/ui/css/fxgl_dark.css
11:25:46.662 [FXGL Background Thread 1 ] DEBUG GameApplicationServi - Initializing application scenes
11:25:46.697 [FXGL Background Thread 1 ] DEBUG GameWorld            - Game world initialized
11:25:46.757 [FXGL Background Thread 1 ] DEBUG PhysicsWorld         - Physics world initialized: appHeight=832, physics.ppm=50.0
11:25:46.757 [FXGL Background Thread 1 ] DEBUG PhysicsWorld         - Using strategy: BRUTE_FORCE
11:25:46.760 [FXGL Background Thread 1 ] DEBUG GameScene            - Game scene initialized: 960x832
11:25:46.806 [FXGL Background Thread 1 ] DEBUG FXGLAssetLoaderServi - Loading from file system: jar:file:/C:/Users/roan2/.m2/repository/com/github/almasb/fxgl/11.14/fxgl-11.14.jar!/fxglassets/textures/particles/trace_horizontal.png
11:25:46.866 [FXGL Background Thread 1 ] DEBUG FXGL.DefaultMenu     - createMenuBodyGameMenu()
11:25:46.879 [FXGL Background Thread 1 ] DEBUG FXGL.DefaultMenu     - createOptionsMenu()
11:25:46.884 [FXGL Background Thread 1 ] DEBUG FXGLAssetLoaderServi - Loading from file system: jar:file:/C:/Users/roan2/.m2/repository/com/github/almasb/fxgl/11.14/fxgl-11.14.jar!/fxglassets/textures/particles/smoke.png
11:25:46.935 [FXGL Background Thread 1 ] DEBUG GameApplicationServi - Application scenes initialized
11:25:46.945 [FXGL Background Thread 1 ] DEBUG SystemBundleService  - Loading FXGL system data
11:25:46.948 [FXGL Background Thread 1 ] DEBUG FileSystemAccess     - Reading from: C:\Users\roan2\Documents\SE-Challengeweek\system\fxgl.bundle
11:25:46.953 [FXGL Background Thread 1 ] DEBUG SystemBundleService  - Bundle FXGL: {}
11:25:46.954 [FXGL Background Thread 1 ] DEBUG UpdaterService       - Checking for updates
11:25:46.960 [FXGL Background Thread 4 ] DEBUG FXGLApplication      - Loading fonts
11:25:46.961 [FXGL Background Thread 1 ] DEBUG FXGLApplication      - Loading default localization
11:25:46.961 [FXGL Background Thread 4 ] DEBUG FXGLAssetLoaderServi - Loading from file system: jar:file:/C:/Users/roan2/.m2/repository/com/github/almasb/fxgl/11.14/fxgl-11.14.jar!/fxglassets/ui/fonts/VarelaRound-Regular.ttf
11:25:46.961 [FXGL Background Thread 1 ] DEBUG FXGLAssetLoaderServi - Loading from file system: jar:file:/C:/Users/roan2/.m2/repository/com/github/almasb/fxgl/11.14/fxgl-11.14.jar!/fxglassets/languages/english.lang
11:25:46.977 [FXGL Background Thread 1 ] INFO  FXGLApplication      - FXGL initialization took: 0.403 sec
11:25:46.984 [JavaFX Application Thread] DEBUG FXGLAssetLoaderServi - Loading from file system: file:/C:/Users/roan2/Documents/SE-Challengeweek/target/classes/assets/textures/sprite.png
11:25:47.016 [JavaFX Application Thread] DEBUG Input                - Registered new binding: action0 - W
11:25:47.016 [JavaFX Application Thread] DEBUG Input                - Registered new binding: action1 - S
11:25:47.017 [JavaFX Application Thread] DEBUG Input                - Registered new binding: action2 - A
11:25:47.017 [JavaFX Application Thread] DEBUG Input                - Registered new binding: action3 - D
11:25:47.018 [JavaFX Application Thread] DEBUG FXGLAssetLoaderServi - Loading from file system: jar:file:/C:/Users/roan2/.m2/repository/com/github/almasb/fxgl/11.14/fxgl-11.14.jar!/fxglassets/textures/fxgl_icon.png
11:25:47.036 [FXGL Background Thread 4 ] DEBUG FXGLAssetLoaderServi - Loading from file system: jar:file:/C:/Users/roan2/.m2/repository/com/github/almasb/fxgl/11.14/fxgl-11.14.jar!/fxglassets/ui/fonts/Abel-Regular.ttf
11:25:47.039 [FXGL Background Thread 4 ] DEBUG FXGLAssetLoaderServi - Loading from file system: jar:file:/C:/Users/roan2/.m2/repository/com/github/almasb/fxgl/11.14/fxgl-11.14.jar!/fxglassets/ui/fonts/lucida_console.ttf
11:25:47.043 [FXGL Background Thread 4 ] DEBUG FXGLAssetLoaderServi - Loading from file system: jar:file:/C:/Users/roan2/.m2/repository/com/github/almasb/fxgl/11.14/fxgl-11.14.jar!/fxglassets/ui/fonts/Courier-Prime.ttf
11:25:47.046 [JavaFX Application Thread] DEBUG FXGLAssetLoaderServi - Loading from file system: jar:file:/C:/Users/roan2/.m2/repository/com/github/almasb/fxgl/11.14/fxgl-11.14.jar!/fxglassets/ui/cursors/fxgl_default.png
11:25:47.048 [JavaFX Application Thread] DEBUG Input                - Registered new binding: Screenshot - P
11:25:47.048 [JavaFX Application Thread] DEBUG Input                - Registered new binding: System info dump - CTRL+9
11:25:47.049 [JavaFX Application Thread] DEBUG Input                - Registered new binding: Restart - CTRL+R
11:25:47.049 [JavaFX Application Thread] DEBUG Input                - Registered new binding: Toggle Debug Camera - CTRL+C
11:25:47.051 [JavaFX Application Thread] DEBUG LoopRunner           - Starting loop
11:25:47.051 [JavaFX Application Thread] DEBUG LoopRunner           - Initializing JavaFX AnimationTimerLoop
11:25:47.054 [JavaFX Application Thread] DEBUG Input                - Clearing active input actions
11:25:47.061 [JavaFX Application Thread] DEBUG GameApplicationServi - Removing overlay from FXGLStartupScene and adding to FXGLMainMenuDummyScene
11:25:47.061 [JavaFX Application Thread] DEBUG PrimaryStageWindow   - FXGLStartupScene -> FXGLMainMenuDummyScene
11:25:47.061 [JavaFX Application Thread] DEBUG PrimaryStageWindow   - Push state: MyMenu
11:25:47.062 [JavaFX Application Thread] DEBUG Input                - Clearing active input actions
11:25:47.067 [JavaFX Application Thread] DEBUG GameApplicationServi - Removing overlay from FXGLMainMenuDummyScene and adding to MyMenu
11:25:47.068 [JavaFX Application Thread] DEBUG PrimaryStageWindow   - FXGLMainMenuDummyScene -> MyMenu
11:25:47.068 [JavaFX Application Thread] DEBUG FXGLApplication      - Registering font factories with UI factory
11:25:47.307 [FXGL Background Thread 2 ] INFO  UpdaterService       - Your current version:  11.14
11:25:47.307 [FXGL Background Thread 2 ] INFO  UpdaterService       - Latest stable version: 17.1
11:25:49.958 [FXGL Background Thread 3 ] DEBUG Engine               - Logging environment variables
11:25:49.959 [FXGL Background Thread 3 ] DEBUG Engine               - achievements: []
11:25:49.959 [FXGL Background Thread 3 ] DEBUG Engine               - actualHeight: 823.0
11:25:49.960 [FXGL Background Thread 3 ] DEBUG Engine               - actualHeightProperty: ReadOnlyDoubleProperty [value: 823.0]
11:25:49.960 [FXGL Background Thread 3 ] DEBUG Engine               - actualWidth: 925.0
11:25:49.961 [FXGL Background Thread 3 ] DEBUG Engine               - actualWidthProperty: ReadOnlyDoubleProperty [value: 925.0]
11:25:49.961 [FXGL Background Thread 3 ] DEBUG Engine               - appIcon: fxgl_icon.png
11:25:49.961 [FXGL Background Thread 3 ] DEBUG Engine               - applicationMode: DEVELOPER
11:25:49.962 [FXGL Background Thread 3 ] DEBUG Engine               - cSSList: [fxgl_dark.css]
11:25:49.962 [FXGL Background Thread 3 ] DEBUG Engine               - collisionDetectionStrategy: BRUTE_FORCE
11:25:49.962 [FXGL Background Thread 3 ] DEBUG Engine               - configClass: Optional.empty
11:25:49.963 [FXGL Background Thread 3 ] DEBUG Engine               - credits: []
11:25:49.964 [FXGL Background Thread 3 ] DEBUG Engine               - devBBoxColorProperty: ObjectProperty [value: 0xff0000ff]
11:25:49.965 [FXGL Background Thread 3 ] DEBUG Engine               - devEnableDebugCameraProperty: BooleanProperty [value: false]
11:25:49.965 [FXGL Background Thread 3 ] DEBUG Engine               - devSensorColorProperty: ObjectProperty [value: 0xffff00ff]
11:25:49.966 [FXGL Background Thread 3 ] DEBUG Engine               - devShowBBoxProperty: BooleanProperty [value: false]
11:25:49.966 [FXGL Background Thread 3 ] DEBUG Engine               - devShowPositionProperty: BooleanProperty [value: false]
11:25:49.966 [FXGL Background Thread 3 ] DEBUG Engine               - enabledMenuItems: []
11:25:49.967 [FXGL Background Thread 3 ] DEBUG Engine               - engineServices: [class com.almasb.fxgl.app.services.FXGLAssetLoaderService, class com.almasb.fxgl.app.FXGLApplication$GameApplicationService, class com.almasb.fxgl.app.services.FXGLDialogService, class com.almasb.fxgl.app.services.IOTaskExecutorService, class com.almasb.fxgl.event.EventBusService, class com.almasb.fxgl.io.FileSystemService, class com.almasb.fxgl.localization.LocalizationService, class com.almasb.fxgl.app.services.SystemBundleService, class com.almasb.fxgl.profile.SaveLoadService, class com.almasb.fxgl.ui.FXGLUIFactoryServiceProvider, class com.almasb.fxgl.ui.FXGLDialogFactoryServiceProvider, class com.almasb.fxgl.audio.AudioPlayer, class com.almasb.fxgl.notification.impl.NotificationServiceProvider, class com.almasb.fxgl.achievement.AchievementService, class com.almasb.fxgl.cutscene.CutsceneService, class com.almasb.fxgl.minigames.MiniGameService, class com.almasb.fxgl.net.NetService, class com.almasb.fxgl.app.services.UpdaterService, class com.almasb.fxgl.dev.DevService]
11:25:49.967 [FXGL Background Thread 3 ] DEBUG Engine               - fontGame: Abel-Regular.ttf
11:25:49.968 [FXGL Background Thread 3 ] DEBUG Engine               - fontMono: lucida_console.ttf
11:25:49.968 [FXGL Background Thread 3 ] DEBUG Engine               - fontText: Courier-Prime.ttf
11:25:49.968 [FXGL Background Thread 3 ] DEBUG Engine               - fontUI: VarelaRound-Regular.ttf
11:25:49.969 [FXGL Background Thread 3 ] DEBUG Engine               - fullScreen: BooleanProperty [value: false]
11:25:49.969 [FXGL Background Thread 3 ] DEBUG Engine               - gameDifficulty: MEDIUM
11:25:49.970 [FXGL Background Thread 3 ] DEBUG Engine               - gameDifficultyProperty: ObjectProperty [value: MEDIUM]
11:25:49.970 [FXGL Background Thread 3 ] DEBUG Engine               - globalMusicVolume: 0.5
11:25:49.971 [FXGL Background Thread 3 ] DEBUG Engine               - globalMusicVolumeProperty: DoubleProperty [value: 0.5]
11:25:49.971 [FXGL Background Thread 3 ] DEBUG Engine               - globalSoundVolume: 0.5
11:25:49.972 [FXGL Background Thread 3 ] DEBUG Engine               - globalSoundVolumeProperty: DoubleProperty [value: 0.5]
11:25:49.972 [FXGL Background Thread 3 ] DEBUG Engine               - height: 832
11:25:49.973 [FXGL Background Thread 3 ] DEBUG Engine               - isAndroid: false
11:25:49.973 [FXGL Background Thread 3 ] DEBUG Engine               - isBrowser: false
11:25:49.974 [FXGL Background Thread 3 ] DEBUG Engine               - isClickFeedbackEnabled: false
11:25:49.974 [FXGL Background Thread 3 ] DEBUG Engine               - isCloseConfirmation: false
11:25:49.974 [FXGL Background Thread 3 ] DEBUG Engine               - isDesktop: true
11:25:49.975 [FXGL Background Thread 3 ] DEBUG Engine               - isDeveloperMenuEnabled: false
11:25:49.975 [FXGL Background Thread 3 ] DEBUG Engine               - isEntityPreloadEnabled: true
11:25:49.975 [FXGL Background Thread 3 ] DEBUG Engine               - isExperimental3D: false
11:25:49.976 [FXGL Background Thread 3 ] DEBUG Engine               - isExperimentalNative: false
11:25:49.976 [FXGL Background Thread 3 ] DEBUG Engine               - isExperimentalTiledLargeMap: false
11:25:49.977 [FXGL Background Thread 3 ] DEBUG Engine               - isFileSystemWriteAllowed: true
11:25:49.977 [FXGL Background Thread 3 ] DEBUG Engine               - isFullScreenAllowed: false
11:25:49.978 [FXGL Background Thread 3 ] DEBUG Engine               - isFullScreenFromStart: false
11:25:49.978 [FXGL Background Thread 3 ] DEBUG Engine               - isGameMenuEnabled: true
11:25:49.979 [FXGL Background Thread 3 ] DEBUG Engine               - isIOS: false
11:25:49.979 [FXGL Background Thread 3 ] DEBUG Engine               - isIntroEnabled: false
11:25:49.979 [FXGL Background Thread 3 ] DEBUG Engine               - isLinux: false
11:25:49.979 [FXGL Background Thread 3 ] DEBUG Engine               - isMac: false
11:25:49.980 [FXGL Background Thread 3 ] DEBUG Engine               - isMainMenuEnabled: true
11:25:49.980 [FXGL Background Thread 3 ] DEBUG Engine               - isManualResizeEnabled: false
11:25:49.980 [FXGL Background Thread 3 ] DEBUG Engine               - isMobile: false
11:25:49.981 [FXGL Background Thread 3 ] DEBUG Engine               - isPreserveResizeRatio: false
11:25:49.981 [FXGL Background Thread 3 ] DEBUG Engine               - isProfilingEnabled: false
11:25:49.982 [FXGL Background Thread 3 ] DEBUG Engine               - isScaleAffectedOnResize: true
11:25:49.982 [FXGL Background Thread 3 ] DEBUG Engine               - isSingleStep: false
11:25:49.982 [FXGL Background Thread 3 ] DEBUG Engine               - isUserProfileEnabled: false
11:25:49.983 [FXGL Background Thread 3 ] DEBUG Engine               - isWindows: true
11:25:49.983 [FXGL Background Thread 3 ] DEBUG Engine               - language: ObjectProperty [value: ENGLISH]
11:25:49.984 [FXGL Background Thread 3 ] DEBUG Engine               - menuKey: ESCAPE
11:25:49.984 [FXGL Background Thread 3 ] DEBUG Engine               - notificationViewClass: class com.almasb.fxgl.notification.view.XboxNotificationView
11:25:49.984 [FXGL Background Thread 3 ] DEBUG Engine               - pixelsPerMeter: 50.0
11:25:49.985 [FXGL Background Thread 3 ] DEBUG Engine               - platform: WINDOWS
11:25:49.985 [FXGL Background Thread 3 ] DEBUG Engine               - prefHeightProperty: ReadOnlyDoubleProperty [value: 832.0]
11:25:49.986 [FXGL Background Thread 3 ] DEBUG Engine               - prefWidthProperty: ReadOnlyDoubleProperty [value: 960.0]
11:25:49.986 [FXGL Background Thread 3 ] DEBUG Engine               - profileDir: profiles/
11:25:49.986 [FXGL Background Thread 3 ] DEBUG Engine               - profileName: StringProperty [value: DEFAULT]
11:25:49.987 [FXGL Background Thread 3 ] DEBUG Engine               - randomSeed: -1
11:25:49.987 [FXGL Background Thread 3 ] DEBUG Engine               - runtimeInfo: RuntimeInfo(platform=WINDOWS, version=11.14, build=01.03.2021 16.59)
11:25:49.987 [FXGL Background Thread 3 ] DEBUG Engine               - saveFileExt: sav
11:25:49.988 [FXGL Background Thread 3 ] DEBUG Engine               - scaledHeightProp$fxgl: DoubleProperty [bound, value: 823.0]
11:25:49.988 [FXGL Background Thread 3 ] DEBUG Engine               - scaledWidthProp$fxgl: DoubleProperty [bound, value: 925.0]
11:25:49.988 [FXGL Background Thread 3 ] DEBUG Engine               - sceneFactory: UI.MySceneFactory@6ae45c79
11:25:49.989 [FXGL Background Thread 3 ] DEBUG Engine               - secondsIn24h: 60
11:25:49.989 [FXGL Background Thread 3 ] DEBUG Engine               - soundMenuBack: menu/back.wav
11:25:49.990 [FXGL Background Thread 3 ] DEBUG Engine               - soundMenuPress: menu/press.wav
11:25:49.990 [FXGL Background Thread 3 ] DEBUG Engine               - soundMenuSelect: menu/select.wav
11:25:49.990 [FXGL Background Thread 3 ] DEBUG Engine               - soundNotification: core/notification.wav
11:25:49.991 [FXGL Background Thread 3 ] DEBUG Engine               - stageStyle: DECORATED
11:25:49.991 [FXGL Background Thread 3 ] DEBUG Engine               - supportedLanguages: [ENGLISH, FRENCH, GERMAN, HUNGARIAN, RUSSIAN]
11:25:49.991 [FXGL Background Thread 3 ] DEBUG Engine               - ticksPerSecond: -1
11:25:49.992 [FXGL Background Thread 3 ] DEBUG Engine               - title: Bomberman SE
11:25:49.992 [FXGL Background Thread 3 ] DEBUG Engine               - urlGithub: https://github.com/AlmasB/FXGL
11:25:49.992 [FXGL Background Thread 3 ] DEBUG Engine               - urlLeaderboard: http://fxgl-top.herokuapp.com/
11:25:49.993 [FXGL Background Thread 3 ] DEBUG Engine               - urlPOM: https://raw.githubusercontent.com/AlmasB/FXGL/release/README.md
11:25:49.993 [FXGL Background Thread 3 ] DEBUG Engine               - userAppClass: class Game
11:25:49.993 [FXGL Background Thread 3 ] DEBUG Engine               - version: 1.0
11:25:49.994 [FXGL Background Thread 3 ] DEBUG Engine               - versionCheckDays: 7
11:25:49.994 [FXGL Background Thread 3 ] DEBUG Engine               - width: 960
11:25:49.995 [FXGL Background Thread 3 ] DEBUG Engine               - Logging services
11:25:49.995 [FXGL Background Thread 3 ] DEBUG Engine               - class com.almasb.fxgl.app.services.FXGLAssetLoaderService
11:25:49.995 [FXGL Background Thread 3 ] DEBUG Engine               - class com.almasb.fxgl.app.FXGLApplication$GameApplicationService
11:25:49.996 [FXGL Background Thread 3 ] DEBUG Engine               - class com.almasb.fxgl.app.services.FXGLDialogService
11:25:49.996 [FXGL Background Thread 3 ] DEBUG Engine               - class com.almasb.fxgl.app.services.IOTaskExecutorService
11:25:49.996 [FXGL Background Thread 3 ] DEBUG Engine               - class com.almasb.fxgl.event.EventBusService
11:25:49.997 [FXGL Background Thread 3 ] DEBUG Engine               - class com.almasb.fxgl.io.FileSystemService
11:25:49.997 [FXGL Background Thread 3 ] DEBUG Engine               - class com.almasb.fxgl.localization.LocalizationService
11:25:49.997 [FXGL Background Thread 3 ] DEBUG Engine               - class com.almasb.fxgl.app.services.SystemBundleService
11:25:49.997 [FXGL Background Thread 3 ] DEBUG Engine               - class com.almasb.fxgl.profile.SaveLoadService
11:25:49.998 [FXGL Background Thread 3 ] DEBUG Engine               - class com.almasb.fxgl.ui.FXGLUIFactoryServiceProvider
11:25:49.998 [FXGL Background Thread 3 ] DEBUG Engine               - class com.almasb.fxgl.ui.FXGLDialogFactoryServiceProvider
11:25:49.998 [FXGL Background Thread 3 ] DEBUG Engine               - class com.almasb.fxgl.audio.AudioPlayer
11:25:49.999 [FXGL Background Thread 3 ] DEBUG Engine               - class com.almasb.fxgl.notification.impl.NotificationServiceProvider
11:25:49.999 [FXGL Background Thread 3 ] DEBUG Engine               - class com.almasb.fxgl.achievement.AchievementService
11:25:50.000 [FXGL Background Thread 3 ] DEBUG Engine               - class com.almasb.fxgl.cutscene.CutsceneService
11:25:50.000 [FXGL Background Thread 3 ] DEBUG Engine               - class com.almasb.fxgl.minigames.MiniGameService
11:25:50.000 [FXGL Background Thread 3 ] DEBUG Engine               - class com.almasb.fxgl.net.NetService
11:25:50.000 [FXGL Background Thread 3 ] DEBUG Engine               - class com.almasb.fxgl.app.services.UpdaterService
11:25:50.001 [FXGL Background Thread 3 ] DEBUG Engine               - class com.almasb.fxgl.dev.DevService
11:25:52.165 [JavaFX Application Thread] DEBUG Menu                 - fireNewGame()
11:25:52.166 [JavaFX Application Thread] DEBUG GameApplicationServi - Starting new game
11:25:52.166 [JavaFX Application Thread] DEBUG PrimaryStageWindow   - Pop state: MyMenu
11:25:52.166 [JavaFX Application Thread] DEBUG Input                - Clearing active input actions
11:25:52.167 [JavaFX Application Thread] DEBUG GameApplicationServi - Removing overlay from MyMenu and adding to FXGLMainMenuDummyScene
11:25:52.167 [JavaFX Application Thread] DEBUG PrimaryStageWindow   - FXGLMainMenuDummyScene <- MyMenu
11:25:52.167 [JavaFX Application Thread] DEBUG Input                - Clearing active input actions
11:25:52.177 [JavaFX Application Thread] DEBUG GameApplicationServi - Removing overlay from FXGLMainMenuDummyScene and adding to FXGLLoadingScene
11:25:52.177 [JavaFX Application Thread] DEBUG PrimaryStageWindow   - FXGLMainMenuDummyScene -> FXGLLoadingScene
11:25:52.178 [JavaFX Application Thread] DEBUG GameApplicationServi - Clearing previous game
11:25:52.178 [JavaFX Application Thread] DEBUG GameScene            - Clearing game scene
11:25:52.178 [JavaFX Application Thread] DEBUG GameWorld            - Clearing game world
11:25:52.180 [JavaFX Application Thread] DEBUG PhysicsWorld         - Clearing physics world
11:25:52.181 [FXGL Background Thread 2 ] DEBUG FXGLApplication      - Initializing game
11:25:52.184 [FXGL Background Thread 2 ] DEBUG FXGLAssetLoaderServi - Loading from file system: file:/C:/Users/roan2/Documents/SE-Challengeweek/target/classes/assets/textures/wall-1.png
11:25:52.189 [FXGL Background Thread 2 ] DEBUG FXGLAssetLoaderServi - Loading from file system: file:/C:/Users/roan2/Documents/SE-Challengeweek/target/classes/assets/textures/wall-2.png
11:25:52.192 [FXGL Background Thread 2 ] DEBUG FXGLAssetLoaderServi - Loading from file system: file:/C:/Users/roan2/Documents/SE-Challengeweek/target/classes/assets/textures/metal-1.png
11:25:52.209 [FXGL Background Thread 2 ] DEBUG FXGLAssetLoaderServi - Loading from file system: file:/C:/Users/roan2/Documents/SE-Challengeweek/target/classes/assets/textures/box-1.png
11:25:52.236 [FXGL Background Thread 2 ] DEBUG FXGLAssetLoaderServi - Loading from file system: file:/C:/Users/roan2/Documents/SE-Challengeweek/target/classes/assets/textures/box-2.png
11:25:52.257 [FXGL Background Thread 2 ] INFO  FXGLApplication      - Game initialization took: 0.076 sec
11:25:52.264 [JavaFX Application Thread] DEBUG Input                - Clearing active input actions
11:25:52.276 [JavaFX Application Thread] DEBUG GameApplicationServi - Removing overlay from FXGLLoadingScene and adding to GameScene
11:25:52.277 [JavaFX Application Thread] DEBUG PrimaryStageWindow   - FXGLLoadingScene -> GameScene
11:25:56.480 [JavaFX Application Thread] DEBUG FXGLApplication      - Exiting FXGL
11:25:56.480 [JavaFX Application Thread] DEBUG LoopRunner           - Stopping loop
11:25:56.480 [JavaFX Application Thread] DEBUG SystemBundleService  - Saving FXGL system data
11:25:56.482 [JavaFX Application Thread] DEBUG FileSystemAccess     - Writing to: C:\Users\roan2\Documents\SE-Challengeweek\system\fxgl.bundle
11:25:56.484 [JavaFX Application Thread] DEBUG Async                - Shutting down background threads
11:25:56.484 [JavaFX Application Thread] DEBUG PrimaryStageWindow   - Closing main window
11:25:56.495 [JavaFX Application Thread] DEBUG Logger               - Closing Logger
