15:44:22.652 [main                     ] DEBUG Logger               - Configured Logger
15:44:22.699 [main                     ] DEBUG GameApplication      - Logging settings
Title: Untitled
Version: 0.0
Width: 1050
Height: 700
Fullscreen: false
Intro: false
Profiling: false
Single step:false
App Mode: DEVELOPER
Menu Key: ESCAPE
Stage Style: DECORATED
Scene Factory: class com.almasb.fxgl.app.scene.SceneFactory

15:44:23.600 [JavaFX Application Thread] DEBUG FXGLApplication      - Initializing FXGL
15:44:23.608 [JavaFX Application Thread] INFO  Engine               - FXGL-11.14 (01.03.2021 16.59) on WINDOWS (J:15.0.2 FX:15)
15:44:23.609 [JavaFX Application Thread] DEBUG Engine               - JRE Vendor Name: Amazon.com Inc.
15:44:23.611 [JavaFX Application Thread] DEBUG Engine               - Running on OS: Windows 10 version 10.0
15:44:23.611 [JavaFX Application Thread] DEBUG Engine               - Architecture: amd64
15:44:23.611 [JavaFX Application Thread] INFO  Engine               - Source code and latest versions at: https://github.com/AlmasB/FXGL
15:44:23.612 [JavaFX Application Thread] INFO  Engine               -              Join the FXGL chat at: https://gitter.im/AlmasB/FXGL
15:44:23.909 [JavaFX Application Thread] DEBUG PrimaryStageWindow   - Creating a JavaFX scene
15:44:24.021 [JavaFX Application Thread] DEBUG PrimaryStageWindow   - Target settings size: 1050.0 x 700.0
15:44:24.022 [JavaFX Application Thread] DEBUG PrimaryStageWindow   - Scaled scene size:    1050.0 x 700.0
15:44:24.022 [JavaFX Application Thread] DEBUG PrimaryStageWindow   - Scaled ratio: (1.0, 1.0)
15:44:24.024 [JavaFX Application Thread] DEBUG PrimaryStageWindow   - Set initial scene to FXGLStartupScene
15:44:24.036 [JavaFX Application Thread] DEBUG PrimaryStageWindow   - Opening main window
15:44:24.203 [JavaFX Application Thread] DEBUG PrimaryStageWindow   - Window border size: (14.800048828125, 37.5999755859375)
15:44:24.204 [JavaFX Application Thread] DEBUG PrimaryStageWindow   - Scaled size: 1050.0 x 700.0
15:44:24.204 [JavaFX Application Thread] DEBUG PrimaryStageWindow   - Scaled ratio: (1.0, 1.0)
15:44:24.204 [JavaFX Application Thread] DEBUG PrimaryStageWindow   - Scene size: 1050.0 x 700.0
15:44:24.205 [JavaFX Application Thread] DEBUG PrimaryStageWindow   - Stage size: 1064.800048828125 x 737.5999755859375
15:44:24.220 [FXGL Background Thread 1 ] DEBUG Engine               - Initializing environment variables
15:44:24.289 [FXGL Background Thread 1 ] DEBUG FXGLAssetLoaderServi - User app class for loading assets: class Game
15:44:24.290 [FXGL Background Thread 1 ] DEBUG GameApplicationServi - Applying CSS: fxgl_dark.css
15:44:24.292 [FXGL Background Thread 1 ] DEBUG FXGLAssetLoaderServi - Loading from file system: jar:file:/C:/Users/diewe/.m2/repository/com/github/almasb/fxgl/11.14/fxgl-11.14.jar!/fxglassets/ui/css/fxgl_dark.css
15:44:24.383 [FXGL Background Thread 1 ] DEBUG GameApplicationServi - Initializing application scenes
15:44:24.461 [FXGL Background Thread 1 ] DEBUG GameWorld            - Game world initialized
15:44:24.592 [FXGL Background Thread 1 ] DEBUG PhysicsWorld         - Physics world initialized: appHeight=700, physics.ppm=50,0
15:44:24.593 [FXGL Background Thread 1 ] DEBUG PhysicsWorld         - Using strategy: BRUTE_FORCE
15:44:24.598 [FXGL Background Thread 1 ] DEBUG GameScene            - Game scene initialized: 1050x700
15:44:24.672 [FXGL Background Thread 1 ] DEBUG FXGLAssetLoaderServi - Loading from file system: jar:file:/C:/Users/diewe/.m2/repository/com/github/almasb/fxgl/11.14/fxgl-11.14.jar!/fxglassets/textures/particles/trace_horizontal.png
15:44:24.766 [FXGL Background Thread 1 ] DEBUG FXGL.DefaultMenu     - createMenuBodyGameMenu()
15:44:24.795 [FXGL Background Thread 1 ] DEBUG FXGL.DefaultMenu     - createOptionsMenu()
15:44:24.806 [FXGL Background Thread 1 ] DEBUG FXGLAssetLoaderServi - Loading from file system: jar:file:/C:/Users/diewe/.m2/repository/com/github/almasb/fxgl/11.14/fxgl-11.14.jar!/fxglassets/textures/particles/smoke.png
15:44:24.913 [FXGL Background Thread 1 ] DEBUG GameApplicationServi - Application scenes initialized
15:44:24.932 [FXGL Background Thread 1 ] DEBUG SystemBundleService  - Loading FXGL system data
15:44:24.938 [FXGL Background Thread 1 ] DEBUG FileSystemAccess     - Reading from: C:\Users\diewe\OneDrive\Documenten\GitHub\SE-Challengeweek\system\fxgl.bundle
15:44:24.949 [FXGL Background Thread 1 ] DEBUG SystemBundleService  - Bundle FXGL: {}
15:44:24.949 [FXGL Background Thread 1 ] DEBUG UpdaterService       - Checking for updates
15:44:25.002 [FXGL Background Thread 4 ] DEBUG FXGLApplication      - Loading fonts
15:44:25.003 [FXGL Background Thread 1 ] DEBUG FXGLApplication      - Loading default localization
15:44:25.003 [FXGL Background Thread 4 ] DEBUG FXGLAssetLoaderServi - Loading from file system: jar:file:/C:/Users/diewe/.m2/repository/com/github/almasb/fxgl/11.14/fxgl-11.14.jar!/fxglassets/ui/fonts/VarelaRound-Regular.ttf
15:44:25.005 [FXGL Background Thread 1 ] DEBUG FXGLAssetLoaderServi - Loading from file system: jar:file:/C:/Users/diewe/.m2/repository/com/github/almasb/fxgl/11.14/fxgl-11.14.jar!/fxglassets/languages/english.lang
15:44:25.039 [FXGL Background Thread 1 ] INFO  FXGLApplication      - FXGL initialization took: 0,818 sec
15:44:25.061 [JavaFX Application Thread] DEBUG Input                - Registered new binding: Right - D
15:44:25.061 [JavaFX Application Thread] DEBUG Input                - Registered new binding: Left - A
15:44:25.062 [JavaFX Application Thread] DEBUG Input                - Registered new binding: Up - W
15:44:25.062 [JavaFX Application Thread] DEBUG Input                - Registered new binding: Down - S
15:44:25.064 [JavaFX Application Thread] DEBUG FXGLAssetLoaderServi - Loading from file system: jar:file:/C:/Users/diewe/.m2/repository/com/github/almasb/fxgl/11.14/fxgl-11.14.jar!/fxglassets/textures/fxgl_icon.png
15:44:25.134 [JavaFX Application Thread] DEBUG FXGLAssetLoaderServi - Loading from file system: jar:file:/C:/Users/diewe/.m2/repository/com/github/almasb/fxgl/11.14/fxgl-11.14.jar!/fxglassets/ui/cursors/fxgl_default.png
15:44:25.142 [JavaFX Application Thread] DEBUG Input                - Registered new binding: Screenshot - P
15:44:25.143 [JavaFX Application Thread] DEBUG Input                - Registered new binding: Dev Options - 1
15:44:25.144 [JavaFX Application Thread] DEBUG Input                - Registered new binding: Dev Console - 2
15:44:25.146 [JavaFX Application Thread] DEBUG Input                - Registered new binding: System info dump - CTRL+9
15:44:25.147 [JavaFX Application Thread] DEBUG Input                - Registered new binding: Restart - CTRL+R
15:44:25.149 [JavaFX Application Thread] DEBUG Input                - Registered new binding: Toggle Debug Camera - CTRL+C
15:44:25.154 [JavaFX Application Thread] DEBUG LoopRunner           - Starting loop
15:44:25.162 [FXGL Background Thread 4 ] DEBUG FXGLAssetLoaderServi - Loading from file system: jar:file:/C:/Users/diewe/.m2/repository/com/github/almasb/fxgl/11.14/fxgl-11.14.jar!/fxglassets/ui/fonts/Abel-Regular.ttf
15:44:25.187 [JavaFX Application Thread] DEBUG LoopRunner           - Initializing JavaFX AnimationTimerLoop
15:44:25.191 [JavaFX Application Thread] DEBUG GameApplicationServi - Starting new game
15:44:25.193 [JavaFX Application Thread] DEBUG Input                - Clearing active input actions
15:44:25.212 [FXGL Background Thread 4 ] DEBUG FXGLAssetLoaderServi - Loading from file system: jar:file:/C:/Users/diewe/.m2/repository/com/github/almasb/fxgl/11.14/fxgl-11.14.jar!/fxglassets/ui/fonts/lucida_console.ttf
15:44:25.219 [JavaFX Application Thread] DEBUG GameApplicationServi - Removing overlay from FXGLStartupScene and adding to FXGLLoadingScene
15:44:25.228 [JavaFX Application Thread] DEBUG PrimaryStageWindow   - FXGLStartupScene -> FXGLLoadingScene
15:44:25.229 [JavaFX Application Thread] DEBUG GameApplicationServi - Clearing previous game
15:44:25.229 [JavaFX Application Thread] DEBUG GameScene            - Clearing game scene
15:44:25.230 [JavaFX Application Thread] DEBUG GameWorld            - Clearing game world
15:44:25.231 [JavaFX Application Thread] DEBUG PhysicsWorld         - Clearing physics world
15:44:25.236 [FXGL Background Thread 1 ] DEBUG FXGLApplication      - Initializing game
15:44:25.249 [FXGL Background Thread 4 ] DEBUG FXGLAssetLoaderServi - Loading from file system: jar:file:/C:/Users/diewe/.m2/repository/com/github/almasb/fxgl/11.14/fxgl-11.14.jar!/fxglassets/ui/fonts/Courier-Prime.ttf
15:44:25.383 [FXGL Background Thread 1 ] WARN  TMXLevelLoader       - TiledMap generated from 1.0.1. Supported version: 1.2.3. Some features may not be parsed fully.
15:44:25.399 [FXGL Background Thread 1 ] DEBUG TMXLevelLoader       - Parsed raw map: TiledMap(width=15, height=10, tilewidth=70, tileheight=70, orientation=orthogonal, layers=[Layer(width=15, height=10, name=Tile Layer 1, type=tilelayer, visible=false, x=0, y=0, data=[0, 0, 0, 0, 0, 0, 0, 0, 0, 0, 0, 0, 0, 0, 0, 0, 0, 0, 0, 0, 0, 0, 0, 0, 0, 0, 0, 0, 0, 0, 0, 0, 0, 0, 0, 0, 0, 0, 0, 0, 0, 0, 0, 0, 0, 0, 0, 0, 0, 0, 0, 0, 0, 0, 0, 0, 0, 0, 0, 0, 0, 0, 0, 0, 0, 0, 0, 0, 0, 0, 0, 0, 0, 0, 0, 0, 0, 0, 0, 0, 0, 0, 0, 0, 0, 126, 101, 101, 102, 0, 0, 0, 0, 0, 0, 0, 126, 101, 101, 102, 0, 0, 0, 0, 0, 0, 0, 126, 101, 101, 102, 0, 0, 0, 0, 0, 0, 0, 0, 0, 0, 0, 0, 0, 0, 0, 0, 0, 0, 0, 0, 0, 0, 0, 0, 10, 10, 10, 10, 10, 10, 10, 10, 10, 10, 10, 10, 10, 10, 10], objects=[], opacity=0.0, draworder=), Layer(width=0, height=0, name=Object Layer 1, type=objectgroup, visible=false, x=0, y=0, data=[], objects=[com.almasb.fxgl.entity.level.tiled.TiledObject@7c5b4bb4, com.almasb.fxgl.entity.level.tiled.TiledObject@62e6c2b1, com.almasb.fxgl.entity.level.tiled.TiledObject@816b797, com.almasb.fxgl.entity.level.tiled.TiledObject@5423c1a2, com.almasb.fxgl.entity.level.tiled.TiledObject@72032679, com.almasb.fxgl.entity.level.tiled.TiledObject@262491c2, com.almasb.fxgl.entity.level.tiled.TiledObject@1b33209e, com.almasb.fxgl.entity.level.tiled.TiledObject@5157dc8b], opacity=0.0, draworder=)], tilesets=[Tileset(firstgid=1, image=../../../../../../../../Pictures/tiles_spritesheet.png, name=tiles_spritesheet, tilewidth=70, tileheight=70, imagewidth=914, imageheight=936, margin=0, spacing=2, columns=12, tilecount=156, transparentcolor=, tiles=[])], backgroundcolor=, renderorder=right-down, nextobjectid=10, version=1, tiledversion=1.0.1, type=map, infinite=false, hexsidelength=0, staggeraxis=, staggerindex=, properties={}, propertytypes={})
15:44:25.401 [FXGL Background Thread 1 ] DEBUG TMXLevelLoader       - Creating tile layer entities
15:44:25.403 [FXGL Background Thread 1 ] DEBUG TilesetLoader        - Loading view for layer Tile Layer 1
15:44:25.407 [FXGL Background Thread 1 ] DEBUG TilesetLoader        - Created buffer with size 1050.0x700.0
15:44:25.499 [FXGL Background Thread 1 ] DEBUG TilesetLoader        - Writing to buffer: dst=700,350, w=70,h=70, src=360,720
15:44:25.501 [FXGL Background Thread 1 ] DEBUG TilesetLoader        - Writing to buffer: dst=770,350, w=70,h=70, src=288,576
15:44:25.501 [FXGL Background Thread 1 ] DEBUG TilesetLoader        - Writing to buffer: dst=840,350, w=70,h=70, src=288,576
15:44:25.502 [FXGL Background Thread 1 ] DEBUG TilesetLoader        - Writing to buffer: dst=910,350, w=70,h=70, src=360,576
15:44:25.503 [FXGL Background Thread 1 ] DEBUG TilesetLoader        - Writing to buffer: dst=420,420, w=70,h=70, src=360,720
15:44:25.504 [FXGL Background Thread 1 ] DEBUG TilesetLoader        - Writing to buffer: dst=490,420, w=70,h=70, src=288,576
15:44:25.505 [FXGL Background Thread 1 ] DEBUG TilesetLoader        - Writing to buffer: dst=560,420, w=70,h=70, src=288,576
15:44:25.506 [FXGL Background Thread 1 ] DEBUG TilesetLoader        - Writing to buffer: dst=630,420, w=70,h=70, src=360,576
15:44:25.507 [FXGL Background Thread 1 ] DEBUG TilesetLoader        - Writing to buffer: dst=140,490, w=70,h=70, src=360,720
15:44:25.507 [FXGL Background Thread 1 ] DEBUG TilesetLoader        - Writing to buffer: dst=210,490, w=70,h=70, src=288,576
15:44:25.508 [FXGL Background Thread 1 ] DEBUG TilesetLoader        - Writing to buffer: dst=280,490, w=70,h=70, src=288,576
15:44:25.508 [FXGL Background Thread 1 ] DEBUG TilesetLoader        - Writing to buffer: dst=350,490, w=70,h=70, src=360,576
15:44:25.509 [FXGL Background Thread 1 ] DEBUG TilesetLoader        - Writing to buffer: dst=0,630, w=70,h=70, src=648,0
15:44:25.509 [FXGL Background Thread 1 ] DEBUG TilesetLoader        - Writing to buffer: dst=70,630, w=70,h=70, src=648,0
15:44:25.510 [FXGL Background Thread 1 ] DEBUG TilesetLoader        - Writing to buffer: dst=140,630, w=70,h=70, src=648,0
15:44:25.512 [FXGL Background Thread 1 ] DEBUG TilesetLoader        - Writing to buffer: dst=210,630, w=70,h=70, src=648,0
15:44:25.512 [FXGL Background Thread 1 ] DEBUG TilesetLoader        - Writing to buffer: dst=280,630, w=70,h=70, src=648,0
15:44:25.513 [FXGL Background Thread 1 ] DEBUG TilesetLoader        - Writing to buffer: dst=350,630, w=70,h=70, src=648,0
15:44:25.513 [FXGL Background Thread 1 ] DEBUG TilesetLoader        - Writing to buffer: dst=420,630, w=70,h=70, src=648,0
15:44:25.514 [FXGL Background Thread 1 ] DEBUG TilesetLoader        - Writing to buffer: dst=490,630, w=70,h=70, src=648,0
15:44:25.514 [FXGL Background Thread 1 ] DEBUG TilesetLoader        - Writing to buffer: dst=560,630, w=70,h=70, src=648,0
15:44:25.515 [FXGL Background Thread 1 ] DEBUG TilesetLoader        - Writing to buffer: dst=630,630, w=70,h=70, src=648,0
15:44:25.516 [FXGL Background Thread 1 ] DEBUG TilesetLoader        - Writing to buffer: dst=700,630, w=70,h=70, src=648,0
15:44:25.516 [FXGL Background Thread 1 ] DEBUG TilesetLoader        - Writing to buffer: dst=770,630, w=70,h=70, src=648,0
15:44:25.516 [FXGL Background Thread 1 ] DEBUG TilesetLoader        - Writing to buffer: dst=840,630, w=70,h=70, src=648,0
15:44:25.517 [FXGL Background Thread 1 ] DEBUG TilesetLoader        - Writing to buffer: dst=910,630, w=70,h=70, src=648,0
15:44:25.518 [FXGL Background Thread 1 ] DEBUG TilesetLoader        - Writing to buffer: dst=980,630, w=70,h=70, src=648,0
15:44:25.518 [FXGL Background Thread 1 ] DEBUG TMXLevelLoader       - Creating object layer entities
15:44:25.563 [FXGL Background Thread 1 ] DEBUG GameWorld            - Clearing removable entities
15:44:25.564 [FXGL Background Thread 1 ] DEBUG GameWorld            - Setting level: com.almasb.fxgl.entity.level.Level@1d43cd9b
15:44:25.585 [FXGL Background Thread 1 ] DEBUG FXGLAssetLoaderServi - Loading from file system: file:/C:/Users/diewe/OneDrive/Documenten/GitHub/SE-Challengeweek/target/classes/assets/textures/player_1_move_down.png
15:44:25.596 [FXGL Background Thread 1 ] INFO  FXGLApplication      - Game initialization took: 0,361 sec
15:44:25.699 [JavaFX Application Thread] DEBUG FXGLApplication      - Registering font factories with UI factory
15:44:25.758 [JavaFX Application Thread] DEBUG Input                - Clearing active input actions
15:44:25.782 [JavaFX Application Thread] DEBUG GameApplicationServi - Removing overlay from FXGLLoadingScene and adding to GameScene
15:44:25.792 [JavaFX Application Thread] DEBUG PrimaryStageWindow   - FXGLLoadingScene -> GameScene
15:44:25.792 [FXGL Background Thread 2 ] INFO  UpdaterService       - Your current version:  11.14
15:44:25.793 [FXGL Background Thread 2 ] INFO  UpdaterService       - Latest stable version: 17.1
15:44:25.901 [JavaFX Application Thread] WARN  FXGLAssetLoaderServi - Asset "/assets/textures/player_1_move_ .png" was not found!
15:44:25.903 [JavaFX Application Thread] WARN  FXGLAssetLoaderServi - Failed to load IMAGE
15:44:25.972 [JavaFX Application Thread] WARN  FXGLAssetLoaderServi - Asset "/assets/textures/player_1_move_ .png" was not found!
15:44:25.973 [JavaFX Application Thread] WARN  FXGLAssetLoaderServi - Failed to load IMAGE
15:44:25.977 [JavaFX Application Thread] WARN  FXGLAssetLoaderServi - Asset "/assets/textures/player_1_move_ .png" was not found!
15:44:25.978 [JavaFX Application Thread] WARN  FXGLAssetLoaderServi - Failed to load IMAGE
15:44:25.994 [JavaFX Application Thread] WARN  FXGLAssetLoaderServi - Asset "/assets/textures/player_1_move_ .png" was not found!
15:44:25.995 [JavaFX Application Thread] WARN  FXGLAssetLoaderServi - Failed to load IMAGE
15:44:26.010 [JavaFX Application Thread] WARN  FXGLAssetLoaderServi - Asset "/assets/textures/player_1_move_ .png" was not found!
15:44:26.010 [JavaFX Application Thread] WARN  FXGLAssetLoaderServi - Failed to load IMAGE
15:44:26.040 [JavaFX Application Thread] WARN  FXGLAssetLoaderServi - Asset "/assets/textures/player_1_move_ .png" was not found!
15:44:26.041 [JavaFX Application Thread] WARN  FXGLAssetLoaderServi - Failed to load IMAGE
15:44:26.056 [JavaFX Application Thread] WARN  FXGLAssetLoaderServi - Asset "/assets/textures/player_1_move_ .png" was not found!
15:44:26.058 [JavaFX Application Thread] WARN  FXGLAssetLoaderServi - Failed to load IMAGE
15:44:26.073 [JavaFX Application Thread] WARN  FXGLAssetLoaderServi - Asset "/assets/textures/player_1_move_ .png" was not found!
15:44:26.073 [JavaFX Application Thread] WARN  FXGLAssetLoaderServi - Failed to load IMAGE
15:44:26.089 [JavaFX Application Thread] WARN  FXGLAssetLoaderServi - Asset "/assets/textures/player_1_move_ .png" was not found!
15:44:26.092 [JavaFX Application Thread] WARN  FXGLAssetLoaderServi - Failed to load IMAGE
15:44:26.104 [JavaFX Application Thread] WARN  FXGLAssetLoaderServi - Asset "/assets/textures/player_1_move_ .png" was not found!
15:44:26.105 [JavaFX Application Thread] WARN  FXGLAssetLoaderServi - Failed to load IMAGE
15:44:26.120 [JavaFX Application Thread] WARN  FXGLAssetLoaderServi - Asset "/assets/textures/player_1_move_ .png" was not found!
15:44:26.121 [JavaFX Application Thread] WARN  FXGLAssetLoaderServi - Failed to load IMAGE
15:44:26.136 [JavaFX Application Thread] WARN  FXGLAssetLoaderServi - Asset "/assets/textures/player_1_move_ .png" was not found!
15:44:26.137 [JavaFX Application Thread] WARN  FXGLAssetLoaderServi - Failed to load IMAGE
15:44:26.153 [JavaFX Application Thread] WARN  FXGLAssetLoaderServi - Asset "/assets/textures/player_1_move_ .png" was not found!
15:44:26.154 [JavaFX Application Thread] WARN  FXGLAssetLoaderServi - Failed to load IMAGE
15:44:26.168 [JavaFX Application Thread] WARN  FXGLAssetLoaderServi - Asset "/assets/textures/player_1_move_ .png" was not found!
15:44:26.169 [JavaFX Application Thread] WARN  FXGLAssetLoaderServi - Failed to load IMAGE
15:44:26.184 [JavaFX Application Thread] WARN  FXGLAssetLoaderServi - Asset "/assets/textures/player_1_move_ .png" was not found!
15:44:26.185 [JavaFX Application Thread] WARN  FXGLAssetLoaderServi - Failed to load IMAGE
15:44:26.201 [JavaFX Application Thread] WARN  FXGLAssetLoaderServi - Asset "/assets/textures/player_1_move_ .png" was not found!
15:44:26.201 [JavaFX Application Thread] WARN  FXGLAssetLoaderServi - Failed to load IMAGE
15:44:26.217 [JavaFX Application Thread] WARN  FXGLAssetLoaderServi - Asset "/assets/textures/player_1_move_ .png" was not found!
15:44:26.217 [JavaFX Application Thread] WARN  FXGLAssetLoaderServi - Failed to load IMAGE
15:44:26.232 [JavaFX Application Thread] WARN  FXGLAssetLoaderServi - Asset "/assets/textures/player_1_move_ .png" was not found!
15:44:26.234 [JavaFX Application Thread] WARN  FXGLAssetLoaderServi - Failed to load IMAGE
15:44:26.248 [JavaFX Application Thread] WARN  FXGLAssetLoaderServi - Asset "/assets/textures/player_1_move_ .png" was not found!
15:44:26.249 [JavaFX Application Thread] WARN  FXGLAssetLoaderServi - Failed to load IMAGE
15:44:26.264 [JavaFX Application Thread] WARN  FXGLAssetLoaderServi - Asset "/assets/textures/player_1_move_ .png" was not found!
15:44:26.265 [JavaFX Application Thread] WARN  FXGLAssetLoaderServi - Failed to load IMAGE
15:44:26.282 [JavaFX Application Thread] WARN  FXGLAssetLoaderServi - Asset "/assets/textures/player_1_move_ .png" was not found!
15:44:26.284 [JavaFX Application Thread] WARN  FXGLAssetLoaderServi - Failed to load IMAGE
15:44:26.299 [JavaFX Application Thread] WARN  FXGLAssetLoaderServi - Asset "/assets/textures/player_1_move_ .png" was not found!
15:44:26.300 [JavaFX Application Thread] WARN  FXGLAssetLoaderServi - Failed to load IMAGE
15:44:26.316 [JavaFX Application Thread] WARN  FXGLAssetLoaderServi - Asset "/assets/textures/player_1_move_ .png" was not found!
15:44:26.317 [JavaFX Application Thread] WARN  FXGLAssetLoaderServi - Failed to load IMAGE
15:44:26.333 [JavaFX Application Thread] WARN  FXGLAssetLoaderServi - Asset "/assets/textures/player_1_move_ .png" was not found!
15:44:26.334 [JavaFX Application Thread] WARN  FXGLAssetLoaderServi - Failed to load IMAGE
15:44:26.362 [JavaFX Application Thread] WARN  FXGLAssetLoaderServi - Asset "/assets/textures/player_1_move_ .png" was not found!
15:44:26.363 [JavaFX Application Thread] WARN  FXGLAssetLoaderServi - Failed to load IMAGE
15:44:26.387 [JavaFX Application Thread] WARN  FXGLAssetLoaderServi - Asset "/assets/textures/player_1_move_ .png" was not found!
15:44:26.388 [JavaFX Application Thread] WARN  FXGLAssetLoaderServi - Failed to load IMAGE
15:44:26.399 [JavaFX Application Thread] WARN  FXGLAssetLoaderServi - Asset "/assets/textures/player_1_move_ .png" was not found!
15:44:26.402 [JavaFX Application Thread] WARN  FXGLAssetLoaderServi - Failed to load IMAGE
15:44:26.417 [JavaFX Application Thread] WARN  FXGLAssetLoaderServi - Asset "/assets/textures/player_1_move_ .png" was not found!
15:44:26.418 [JavaFX Application Thread] WARN  FXGLAssetLoaderServi - Failed to load IMAGE
15:44:26.430 [JavaFX Application Thread] WARN  FXGLAssetLoaderServi - Asset "/assets/textures/player_1_move_ .png" was not found!
15:44:26.431 [JavaFX Application Thread] WARN  FXGLAssetLoaderServi - Failed to load IMAGE
15:44:26.442 [JavaFX Application Thread] WARN  FXGLAssetLoaderServi - Asset "/assets/textures/player_1_move_ .png" was not found!
15:44:26.443 [JavaFX Application Thread] WARN  FXGLAssetLoaderServi - Failed to load IMAGE
15:44:26.458 [JavaFX Application Thread] WARN  FXGLAssetLoaderServi - Asset "/assets/textures/player_1_move_ .png" was not found!
15:44:26.459 [JavaFX Application Thread] WARN  FXGLAssetLoaderServi - Failed to load IMAGE
15:44:26.473 [JavaFX Application Thread] WARN  FXGLAssetLoaderServi - Asset "/assets/textures/player_1_move_ .png" was not found!
15:44:26.476 [JavaFX Application Thread] WARN  FXGLAssetLoaderServi - Failed to load IMAGE
15:44:26.489 [JavaFX Application Thread] WARN  FXGLAssetLoaderServi - Asset "/assets/textures/player_1_move_ .png" was not found!
15:44:26.490 [JavaFX Application Thread] WARN  FXGLAssetLoaderServi - Failed to load IMAGE
15:44:26.504 [JavaFX Application Thread] WARN  FXGLAssetLoaderServi - Asset "/assets/textures/player_1_move_ .png" was not found!
15:44:26.505 [JavaFX Application Thread] WARN  FXGLAssetLoaderServi - Failed to load IMAGE
15:44:26.520 [JavaFX Application Thread] WARN  FXGLAssetLoaderServi - Asset "/assets/textures/player_1_move_ .png" was not found!
15:44:26.521 [JavaFX Application Thread] WARN  FXGLAssetLoaderServi - Failed to load IMAGE
15:44:26.537 [JavaFX Application Thread] WARN  FXGLAssetLoaderServi - Asset "/assets/textures/player_1_move_ .png" was not found!
15:44:26.537 [JavaFX Application Thread] WARN  FXGLAssetLoaderServi - Failed to load IMAGE
15:44:26.553 [JavaFX Application Thread] WARN  FXGLAssetLoaderServi - Asset "/assets/textures/player_1_move_ .png" was not found!
15:44:26.554 [JavaFX Application Thread] WARN  FXGLAssetLoaderServi - Failed to load IMAGE
15:44:26.591 [JavaFX Application Thread] WARN  FXGLAssetLoaderServi - Asset "/assets/textures/player_1_move_ .png" was not found!
15:44:26.593 [JavaFX Application Thread] WARN  FXGLAssetLoaderServi - Failed to load IMAGE
15:44:26.608 [JavaFX Application Thread] WARN  FXGLAssetLoaderServi - Asset "/assets/textures/player_1_move_ .png" was not found!
15:44:26.610 [JavaFX Application Thread] WARN  FXGLAssetLoaderServi - Failed to load IMAGE
15:44:26.626 [JavaFX Application Thread] WARN  FXGLAssetLoaderServi - Asset "/assets/textures/player_1_move_ .png" was not found!
15:44:26.628 [JavaFX Application Thread] WARN  FXGLAssetLoaderServi - Failed to load IMAGE
15:44:26.645 [JavaFX Application Thread] WARN  FXGLAssetLoaderServi - Asset "/assets/textures/player_1_move_ .png" was not found!
15:44:26.646 [JavaFX Application Thread] WARN  FXGLAssetLoaderServi - Failed to load IMAGE
15:44:26.659 [JavaFX Application Thread] WARN  FXGLAssetLoaderServi - Asset "/assets/textures/player_1_move_ .png" was not found!
15:44:26.661 [JavaFX Application Thread] WARN  FXGLAssetLoaderServi - Failed to load IMAGE
15:44:26.672 [JavaFX Application Thread] WARN  FXGLAssetLoaderServi - Asset "/assets/textures/player_1_move_ .png" was not found!
15:44:26.673 [JavaFX Application Thread] WARN  FXGLAssetLoaderServi - Failed to load IMAGE
15:44:26.684 [JavaFX Application Thread] WARN  FXGLAssetLoaderServi - Asset "/assets/textures/player_1_move_ .png" was not found!
15:44:26.685 [JavaFX Application Thread] WARN  FXGLAssetLoaderServi - Failed to load IMAGE
15:44:26.693 [JavaFX Application Thread] WARN  FXGLAssetLoaderServi - Asset "/assets/textures/player_1_move_ .png" was not found!
15:44:26.694 [JavaFX Application Thread] WARN  FXGLAssetLoaderServi - Failed to load IMAGE
15:44:26.709 [JavaFX Application Thread] WARN  FXGLAssetLoaderServi - Asset "/assets/textures/player_1_move_ .png" was not found!
15:44:26.710 [JavaFX Application Thread] WARN  FXGLAssetLoaderServi - Failed to load IMAGE
15:44:26.725 [JavaFX Application Thread] WARN  FXGLAssetLoaderServi - Asset "/assets/textures/player_1_move_ .png" was not found!
15:44:26.726 [JavaFX Application Thread] WARN  FXGLAssetLoaderServi - Failed to load IMAGE
15:44:26.742 [JavaFX Application Thread] WARN  FXGLAssetLoaderServi - Asset "/assets/textures/player_1_move_ .png" was not found!
15:44:26.743 [JavaFX Application Thread] WARN  FXGLAssetLoaderServi - Failed to load IMAGE
15:44:26.760 [JavaFX Application Thread] WARN  FXGLAssetLoaderServi - Asset "/assets/textures/player_1_move_ .png" was not found!
15:44:26.761 [JavaFX Application Thread] WARN  FXGLAssetLoaderServi - Failed to load IMAGE
15:44:26.776 [JavaFX Application Thread] WARN  FXGLAssetLoaderServi - Asset "/assets/textures/player_1_move_ .png" was not found!
15:44:26.777 [JavaFX Application Thread] WARN  FXGLAssetLoaderServi - Failed to load IMAGE
15:44:26.794 [JavaFX Application Thread] WARN  FXGLAssetLoaderServi - Asset "/assets/textures/player_1_move_ .png" was not found!
15:44:26.795 [JavaFX Application Thread] WARN  FXGLAssetLoaderServi - Failed to load IMAGE
15:44:26.808 [JavaFX Application Thread] WARN  FXGLAssetLoaderServi - Asset "/assets/textures/player_1_move_ .png" was not found!
15:44:26.810 [JavaFX Application Thread] WARN  FXGLAssetLoaderServi - Failed to load IMAGE
15:44:26.824 [JavaFX Application Thread] WARN  FXGLAssetLoaderServi - Asset "/assets/textures/player_1_move_ .png" was not found!
15:44:26.825 [JavaFX Application Thread] WARN  FXGLAssetLoaderServi - Failed to load IMAGE
15:44:26.841 [JavaFX Application Thread] WARN  FXGLAssetLoaderServi - Asset "/assets/textures/player_1_move_ .png" was not found!
15:44:26.843 [JavaFX Application Thread] WARN  FXGLAssetLoaderServi - Failed to load IMAGE
15:44:26.856 [JavaFX Application Thread] WARN  FXGLAssetLoaderServi - Asset "/assets/textures/player_1_move_ .png" was not found!
15:44:26.857 [JavaFX Application Thread] WARN  FXGLAssetLoaderServi - Failed to load IMAGE
15:44:26.872 [JavaFX Application Thread] WARN  FXGLAssetLoaderServi - Asset "/assets/textures/player_1_move_ .png" was not found!
15:44:26.873 [JavaFX Application Thread] WARN  FXGLAssetLoaderServi - Failed to load IMAGE
15:44:26.889 [JavaFX Application Thread] WARN  FXGLAssetLoaderServi - Asset "/assets/textures/player_1_move_ .png" was not found!
15:44:26.889 [JavaFX Application Thread] WARN  FXGLAssetLoaderServi - Failed to load IMAGE
15:44:26.905 [JavaFX Application Thread] WARN  FXGLAssetLoaderServi - Asset "/assets/textures/player_1_move_ .png" was not found!
15:44:26.906 [JavaFX Application Thread] WARN  FXGLAssetLoaderServi - Failed to load IMAGE
15:44:26.921 [JavaFX Application Thread] WARN  FXGLAssetLoaderServi - Asset "/assets/textures/player_1_move_ .png" was not found!
15:44:26.921 [JavaFX Application Thread] WARN  FXGLAssetLoaderServi - Failed to load IMAGE
15:44:26.936 [JavaFX Application Thread] WARN  FXGLAssetLoaderServi - Asset "/assets/textures/player_1_move_ .png" was not found!
15:44:26.937 [JavaFX Application Thread] WARN  FXGLAssetLoaderServi - Failed to load IMAGE
15:44:26.953 [JavaFX Application Thread] WARN  FXGLAssetLoaderServi - Asset "/assets/textures/player_1_move_ .png" was not found!
15:44:26.953 [JavaFX Application Thread] WARN  FXGLAssetLoaderServi - Failed to load IMAGE
15:44:26.968 [JavaFX Application Thread] WARN  FXGLAssetLoaderServi - Asset "/assets/textures/player_1_move_ .png" was not found!
15:44:26.968 [JavaFX Application Thread] WARN  FXGLAssetLoaderServi - Failed to load IMAGE
15:44:26.984 [JavaFX Application Thread] WARN  FXGLAssetLoaderServi - Asset "/assets/textures/player_1_move_ .png" was not found!
15:44:26.985 [JavaFX Application Thread] WARN  FXGLAssetLoaderServi - Failed to load IMAGE
15:44:27.000 [JavaFX Application Thread] WARN  FXGLAssetLoaderServi - Asset "/assets/textures/player_1_move_ .png" was not found!
15:44:27.000 [JavaFX Application Thread] WARN  FXGLAssetLoaderServi - Failed to load IMAGE
15:44:27.015 [JavaFX Application Thread] WARN  FXGLAssetLoaderServi - Asset "/assets/textures/player_1_move_ .png" was not found!
15:44:27.016 [JavaFX Application Thread] WARN  FXGLAssetLoaderServi - Failed to load IMAGE
15:44:27.032 [JavaFX Application Thread] WARN  FXGLAssetLoaderServi - Asset "/assets/textures/player_1_move_ .png" was not found!
15:44:27.032 [JavaFX Application Thread] WARN  FXGLAssetLoaderServi - Failed to load IMAGE
15:44:27.048 [JavaFX Application Thread] WARN  FXGLAssetLoaderServi - Asset "/assets/textures/player_1_move_ .png" was not found!
15:44:27.049 [JavaFX Application Thread] WARN  FXGLAssetLoaderServi - Failed to load IMAGE
15:44:27.063 [JavaFX Application Thread] WARN  FXGLAssetLoaderServi - Asset "/assets/textures/player_1_move_ .png" was not found!
15:44:27.064 [JavaFX Application Thread] WARN  FXGLAssetLoaderServi - Failed to load IMAGE
15:44:27.080 [JavaFX Application Thread] WARN  FXGLAssetLoaderServi - Asset "/assets/textures/player_1_move_ .png" was not found!
15:44:27.080 [JavaFX Application Thread] WARN  FXGLAssetLoaderServi - Failed to load IMAGE
15:44:27.096 [JavaFX Application Thread] WARN  FXGLAssetLoaderServi - Asset "/assets/textures/player_1_move_ .png" was not found!
15:44:27.096 [JavaFX Application Thread] WARN  FXGLAssetLoaderServi - Failed to load IMAGE
15:44:27.113 [JavaFX Application Thread] WARN  FXGLAssetLoaderServi - Asset "/assets/textures/player_1_move_ .png" was not found!
15:44:27.114 [JavaFX Application Thread] WARN  FXGLAssetLoaderServi - Failed to load IMAGE
15:44:27.159 [JavaFX Application Thread] WARN  FXGLAssetLoaderServi - Asset "/assets/textures/player_1_move_ .png" was not found!
15:44:27.161 [JavaFX Application Thread] WARN  FXGLAssetLoaderServi - Failed to load IMAGE
15:44:27.175 [JavaFX Application Thread] WARN  FXGLAssetLoaderServi - Asset "/assets/textures/player_1_move_ .png" was not found!
15:44:27.176 [JavaFX Application Thread] WARN  FXGLAssetLoaderServi - Failed to load IMAGE
15:44:27.191 [JavaFX Application Thread] WARN  FXGLAssetLoaderServi - Asset "/assets/textures/player_1_move_ .png" was not found!
15:44:27.192 [JavaFX Application Thread] WARN  FXGLAssetLoaderServi - Failed to load IMAGE
15:44:27.209 [JavaFX Application Thread] WARN  FXGLAssetLoaderServi - Asset "/assets/textures/player_1_move_ .png" was not found!
15:44:27.209 [JavaFX Application Thread] WARN  FXGLAssetLoaderServi - Failed to load IMAGE
15:44:27.224 [JavaFX Application Thread] WARN  FXGLAssetLoaderServi - Asset "/assets/textures/player_1_move_ .png" was not found!
15:44:27.224 [JavaFX Application Thread] WARN  FXGLAssetLoaderServi - Failed to load IMAGE
15:44:27.239 [JavaFX Application Thread] WARN  FXGLAssetLoaderServi - Asset "/assets/textures/player_1_move_ .png" was not found!
15:44:27.240 [JavaFX Application Thread] WARN  FXGLAssetLoaderServi - Failed to load IMAGE
15:44:27.256 [JavaFX Application Thread] WARN  FXGLAssetLoaderServi - Asset "/assets/textures/player_1_move_ .png" was not found!
15:44:27.256 [JavaFX Application Thread] WARN  FXGLAssetLoaderServi - Failed to load IMAGE
15:44:27.271 [JavaFX Application Thread] WARN  FXGLAssetLoaderServi - Asset "/assets/textures/player_1_move_ .png" was not found!
15:44:27.272 [JavaFX Application Thread] WARN  FXGLAssetLoaderServi - Failed to load IMAGE
15:44:27.288 [JavaFX Application Thread] WARN  FXGLAssetLoaderServi - Asset "/assets/textures/player_1_move_ .png" was not found!
15:44:27.291 [JavaFX Application Thread] WARN  FXGLAssetLoaderServi - Failed to load IMAGE
15:44:27.304 [JavaFX Application Thread] WARN  FXGLAssetLoaderServi - Asset "/assets/textures/player_1_move_ .png" was not found!
15:44:27.305 [JavaFX Application Thread] WARN  FXGLAssetLoaderServi - Failed to load IMAGE
15:44:27.319 [JavaFX Application Thread] WARN  FXGLAssetLoaderServi - Asset "/assets/textures/player_1_move_ .png" was not found!
15:44:27.320 [JavaFX Application Thread] WARN  FXGLAssetLoaderServi - Failed to load IMAGE
15:44:27.336 [JavaFX Application Thread] WARN  FXGLAssetLoaderServi - Asset "/assets/textures/player_1_move_ .png" was not found!
15:44:27.337 [JavaFX Application Thread] WARN  FXGLAssetLoaderServi - Failed to load IMAGE
15:44:27.369 [JavaFX Application Thread] WARN  FXGLAssetLoaderServi - Asset "/assets/textures/player_1_move_ .png" was not found!
15:44:27.370 [JavaFX Application Thread] WARN  FXGLAssetLoaderServi - Failed to load IMAGE
15:44:27.379 [JavaFX Application Thread] WARN  FXGLAssetLoaderServi - Asset "/assets/textures/player_1_move_ .png" was not found!
15:44:27.380 [JavaFX Application Thread] WARN  FXGLAssetLoaderServi - Failed to load IMAGE
15:44:27.405 [JavaFX Application Thread] DEBUG FXGLAssetLoaderServi - Loading from file system: file:/C:/Users/diewe/OneDrive/Documenten/GitHub/SE-Challengeweek/target/classes/assets/textures/player_1_move_up.png
15:44:28.000 [FXGL Background Thread 3 ] DEBUG Engine               - Logging environment variables
15:44:28.002 [FXGL Background Thread 3 ] DEBUG Engine               - achievements: []
15:44:28.002 [FXGL Background Thread 3 ] DEBUG Engine               - actualHeight: 700.0
15:44:28.003 [FXGL Background Thread 3 ] DEBUG Engine               - actualHeightProperty: ReadOnlyDoubleProperty [value: 700.0]
15:44:28.004 [FXGL Background Thread 3 ] DEBUG Engine               - actualWidth: 1050.0
15:44:28.004 [FXGL Background Thread 3 ] DEBUG Engine               - actualWidthProperty: ReadOnlyDoubleProperty [value: 1050.0]
15:44:28.005 [FXGL Background Thread 3 ] DEBUG Engine               - appIcon: fxgl_icon.png
15:44:28.005 [FXGL Background Thread 3 ] DEBUG Engine               - applicationMode: DEVELOPER
15:44:28.005 [FXGL Background Thread 3 ] DEBUG Engine               - cSSList: [fxgl_dark.css]
15:44:28.006 [FXGL Background Thread 3 ] DEBUG Engine               - collisionDetectionStrategy: BRUTE_FORCE
15:44:28.007 [FXGL Background Thread 3 ] DEBUG Engine               - configClass: Optional.empty
15:44:28.008 [FXGL Background Thread 3 ] DEBUG Engine               - credits: []
15:44:28.009 [FXGL Background Thread 3 ] DEBUG Engine               - devBBoxColorProperty: ObjectProperty [value: 0xff0000ff]
15:44:28.010 [FXGL Background Thread 3 ] DEBUG Engine               - devEnableDebugCameraProperty: BooleanProperty [value: false]
15:44:28.011 [FXGL Background Thread 3 ] DEBUG Engine               - devSensorColorProperty: ObjectProperty [value: 0xffff00ff]
15:44:28.011 [FXGL Background Thread 3 ] DEBUG Engine               - devShowBBoxProperty: BooleanProperty [value: false]
15:44:28.011 [FXGL Background Thread 3 ] DEBUG Engine               - devShowPositionProperty: BooleanProperty [value: false]
15:44:28.012 [FXGL Background Thread 3 ] DEBUG Engine               - enabledMenuItems: []
15:44:28.013 [FXGL Background Thread 3 ] DEBUG Engine               - engineServices: [class com.almasb.fxgl.app.services.FXGLAssetLoaderService, class com.almasb.fxgl.app.FXGLApplication$GameApplicationService, class com.almasb.fxgl.app.services.FXGLDialogService, class com.almasb.fxgl.app.services.IOTaskExecutorService, class com.almasb.fxgl.event.EventBusService, class com.almasb.fxgl.io.FileSystemService, class com.almasb.fxgl.localization.LocalizationService, class com.almasb.fxgl.app.services.SystemBundleService, class com.almasb.fxgl.profile.SaveLoadService, class com.almasb.fxgl.ui.FXGLUIFactoryServiceProvider, class com.almasb.fxgl.ui.FXGLDialogFactoryServiceProvider, class com.almasb.fxgl.audio.AudioPlayer, class com.almasb.fxgl.notification.impl.NotificationServiceProvider, class com.almasb.fxgl.achievement.AchievementService, class com.almasb.fxgl.cutscene.CutsceneService, class com.almasb.fxgl.minigames.MiniGameService, class com.almasb.fxgl.net.NetService, class com.almasb.fxgl.app.services.UpdaterService, class com.almasb.fxgl.dev.DevService]
15:44:28.013 [FXGL Background Thread 3 ] DEBUG Engine               - fontGame: Abel-Regular.ttf
15:44:28.014 [FXGL Background Thread 3 ] DEBUG Engine               - fontMono: lucida_console.ttf
15:44:28.014 [FXGL Background Thread 3 ] DEBUG Engine               - fontText: Courier-Prime.ttf
15:44:28.015 [FXGL Background Thread 3 ] DEBUG Engine               - fontUI: VarelaRound-Regular.ttf
15:44:28.015 [FXGL Background Thread 3 ] DEBUG Engine               - fullScreen: BooleanProperty [value: false]
15:44:28.016 [FXGL Background Thread 3 ] DEBUG Engine               - gameDifficulty: MEDIUM
15:44:28.016 [FXGL Background Thread 3 ] DEBUG Engine               - gameDifficultyProperty: ObjectProperty [value: MEDIUM]
15:44:28.016 [FXGL Background Thread 3 ] DEBUG Engine               - globalMusicVolume: 0.5
15:44:28.017 [FXGL Background Thread 3 ] DEBUG Engine               - globalMusicVolumeProperty: DoubleProperty [value: 0.5]
15:44:28.018 [FXGL Background Thread 3 ] DEBUG Engine               - globalSoundVolume: 0.5
15:44:28.018 [FXGL Background Thread 3 ] DEBUG Engine               - globalSoundVolumeProperty: DoubleProperty [value: 0.5]
15:44:28.018 [FXGL Background Thread 3 ] DEBUG Engine               - height: 700
15:44:28.019 [FXGL Background Thread 3 ] DEBUG Engine               - isAndroid: false
15:44:28.020 [FXGL Background Thread 3 ] DEBUG Engine               - isBrowser: false
15:44:28.020 [FXGL Background Thread 3 ] DEBUG Engine               - isClickFeedbackEnabled: false
15:44:28.021 [FXGL Background Thread 3 ] DEBUG Engine               - isCloseConfirmation: false
15:44:28.021 [FXGL Background Thread 3 ] DEBUG Engine               - isDesktop: true
15:44:28.022 [FXGL Background Thread 3 ] DEBUG Engine               - isDeveloperMenuEnabled: true
15:44:28.023 [FXGL Background Thread 3 ] DEBUG Engine               - isEntityPreloadEnabled: true
15:44:28.023 [FXGL Background Thread 3 ] DEBUG Engine               - isExperimental3D: false
15:44:28.024 [FXGL Background Thread 3 ] DEBUG Engine               - isExperimentalNative: false
15:44:28.025 [FXGL Background Thread 3 ] DEBUG Engine               - isExperimentalTiledLargeMap: false
15:44:28.025 [FXGL Background Thread 3 ] DEBUG Engine               - isFileSystemWriteAllowed: true
15:44:28.026 [FXGL Background Thread 3 ] DEBUG Engine               - isFullScreenAllowed: false
15:44:28.027 [FXGL Background Thread 3 ] DEBUG Engine               - isFullScreenFromStart: false
15:44:28.027 [FXGL Background Thread 3 ] DEBUG Engine               - isGameMenuEnabled: true
15:44:28.028 [FXGL Background Thread 3 ] DEBUG Engine               - isIOS: false
15:44:28.028 [FXGL Background Thread 3 ] DEBUG Engine               - isIntroEnabled: false
15:44:28.029 [FXGL Background Thread 3 ] DEBUG Engine               - isLinux: false
15:44:28.030 [FXGL Background Thread 3 ] DEBUG Engine               - isMac: false
15:44:28.031 [FXGL Background Thread 3 ] DEBUG Engine               - isMainMenuEnabled: false
15:44:28.032 [FXGL Background Thread 3 ] DEBUG Engine               - isManualResizeEnabled: false
15:44:28.032 [FXGL Background Thread 3 ] DEBUG Engine               - isMobile: false
15:44:28.032 [FXGL Background Thread 3 ] DEBUG Engine               - isPreserveResizeRatio: false
15:44:28.033 [FXGL Background Thread 3 ] DEBUG Engine               - isProfilingEnabled: false
15:44:28.033 [FXGL Background Thread 3 ] DEBUG Engine               - isScaleAffectedOnResize: true
15:44:28.034 [FXGL Background Thread 3 ] DEBUG Engine               - isSingleStep: false
15:44:28.034 [FXGL Background Thread 3 ] DEBUG Engine               - isUserProfileEnabled: false
15:44:28.034 [FXGL Background Thread 3 ] DEBUG Engine               - isWindows: true
15:44:28.034 [FXGL Background Thread 3 ] DEBUG Engine               - language: ObjectProperty [value: ENGLISH]
15:44:28.035 [FXGL Background Thread 3 ] DEBUG Engine               - menuKey: ESCAPE
15:44:28.035 [FXGL Background Thread 3 ] DEBUG Engine               - notificationViewClass: class com.almasb.fxgl.notification.view.XboxNotificationView
15:44:28.036 [FXGL Background Thread 3 ] DEBUG Engine               - pixelsPerMeter: 50.0
15:44:28.036 [FXGL Background Thread 3 ] DEBUG Engine               - platform: WINDOWS
15:44:28.036 [FXGL Background Thread 3 ] DEBUG Engine               - prefHeightProperty: ReadOnlyDoubleProperty [value: 700.0]
15:44:28.036 [FXGL Background Thread 3 ] DEBUG Engine               - prefWidthProperty: ReadOnlyDoubleProperty [value: 1050.0]
15:44:28.037 [FXGL Background Thread 3 ] DEBUG Engine               - profileDir: profiles/
15:44:28.038 [FXGL Background Thread 3 ] DEBUG Engine               - profileName: StringProperty [value: DEFAULT]
15:44:28.038 [FXGL Background Thread 3 ] DEBUG Engine               - randomSeed: -1
15:44:28.038 [FXGL Background Thread 3 ] DEBUG Engine               - runtimeInfo: RuntimeInfo(platform=WINDOWS, version=11.14, build=01.03.2021 16.59)
15:44:28.039 [FXGL Background Thread 3 ] DEBUG Engine               - saveFileExt: sav
15:44:28.039 [FXGL Background Thread 3 ] DEBUG Engine               - scaledHeightProp$fxgl: DoubleProperty [bound, value: 700.0]
15:44:28.040 [FXGL Background Thread 3 ] DEBUG Engine               - scaledWidthProp$fxgl: DoubleProperty [bound, value: 1050.0]
15:44:28.040 [FXGL Background Thread 3 ] DEBUG Engine               - sceneFactory: com.almasb.fxgl.app.scene.SceneFactory@6d651d9
15:44:28.041 [FXGL Background Thread 3 ] DEBUG Engine               - secondsIn24h: 60
15:44:28.041 [FXGL Background Thread 3 ] DEBUG Engine               - soundMenuBack: menu/back.wav
15:44:28.041 [FXGL Background Thread 3 ] DEBUG Engine               - soundMenuPress: menu/press.wav
15:44:28.041 [FXGL Background Thread 3 ] DEBUG Engine               - soundMenuSelect: menu/select.wav
15:44:28.042 [FXGL Background Thread 3 ] DEBUG Engine               - soundNotification: core/notification.wav
15:44:28.042 [FXGL Background Thread 3 ] DEBUG Engine               - stageStyle: DECORATED
15:44:28.043 [FXGL Background Thread 3 ] DEBUG Engine               - supportedLanguages: [ENGLISH, FRENCH, GERMAN, HUNGARIAN, RUSSIAN]
15:44:28.043 [FXGL Background Thread 3 ] DEBUG Engine               - ticksPerSecond: -1
15:44:28.044 [FXGL Background Thread 3 ] DEBUG Engine               - title: Untitled
15:44:28.045 [FXGL Background Thread 3 ] DEBUG Engine               - urlGithub: https://github.com/AlmasB/FXGL
15:44:28.045 [FXGL Background Thread 3 ] DEBUG Engine               - urlLeaderboard: http://fxgl-top.herokuapp.com/
15:44:28.046 [FXGL Background Thread 3 ] DEBUG Engine               - urlPOM: https://raw.githubusercontent.com/AlmasB/FXGL/release/README.md
15:44:28.046 [FXGL Background Thread 3 ] DEBUG Engine               - userAppClass: class Game
15:44:28.047 [FXGL Background Thread 3 ] DEBUG Engine               - version: 0.0
15:44:28.047 [FXGL Background Thread 3 ] DEBUG Engine               - versionCheckDays: 7
15:44:28.048 [FXGL Background Thread 3 ] DEBUG Engine               - width: 1050
15:44:28.048 [FXGL Background Thread 3 ] DEBUG Engine               - Logging services
15:44:28.049 [FXGL Background Thread 3 ] DEBUG Engine               - class com.almasb.fxgl.app.services.FXGLAssetLoaderService
15:44:28.049 [FXGL Background Thread 3 ] DEBUG Engine               - class com.almasb.fxgl.app.FXGLApplication$GameApplicationService
15:44:28.050 [FXGL Background Thread 3 ] DEBUG Engine               - class com.almasb.fxgl.app.services.FXGLDialogService
15:44:28.050 [FXGL Background Thread 3 ] DEBUG Engine               - class com.almasb.fxgl.app.services.IOTaskExecutorService
15:44:28.051 [FXGL Background Thread 3 ] DEBUG Engine               - class com.almasb.fxgl.event.EventBusService
15:44:28.051 [FXGL Background Thread 3 ] DEBUG Engine               - class com.almasb.fxgl.io.FileSystemService
15:44:28.052 [FXGL Background Thread 3 ] DEBUG Engine               - class com.almasb.fxgl.localization.LocalizationService
15:44:28.053 [FXGL Background Thread 3 ] DEBUG Engine               - class com.almasb.fxgl.app.services.SystemBundleService
15:44:28.054 [FXGL Background Thread 3 ] DEBUG Engine               - class com.almasb.fxgl.profile.SaveLoadService
15:44:28.054 [FXGL Background Thread 3 ] DEBUG Engine               - class com.almasb.fxgl.ui.FXGLUIFactoryServiceProvider
15:44:28.054 [FXGL Background Thread 3 ] DEBUG Engine               - class com.almasb.fxgl.ui.FXGLDialogFactoryServiceProvider
15:44:28.055 [FXGL Background Thread 3 ] DEBUG Engine               - class com.almasb.fxgl.audio.AudioPlayer
15:44:28.055 [FXGL Background Thread 3 ] DEBUG Engine               - class com.almasb.fxgl.notification.impl.NotificationServiceProvider
15:44:28.055 [FXGL Background Thread 3 ] DEBUG Engine               - class com.almasb.fxgl.achievement.AchievementService
15:44:28.056 [FXGL Background Thread 3 ] DEBUG Engine               - class com.almasb.fxgl.cutscene.CutsceneService
15:44:28.056 [FXGL Background Thread 3 ] DEBUG Engine               - class com.almasb.fxgl.minigames.MiniGameService
15:44:28.056 [FXGL Background Thread 3 ] DEBUG Engine               - class com.almasb.fxgl.net.NetService
15:44:28.057 [FXGL Background Thread 3 ] DEBUG Engine               - class com.almasb.fxgl.app.services.UpdaterService
15:44:28.057 [FXGL Background Thread 3 ] DEBUG Engine               - class com.almasb.fxgl.dev.DevService
15:44:28.426 [JavaFX Application Thread] WARN  FXGLAssetLoaderServi - Asset "/assets/textures/player_1_move_right.png" was not found!
15:44:28.427 [JavaFX Application Thread] WARN  FXGLAssetLoaderServi - Failed to load IMAGE
15:44:28.441 [JavaFX Application Thread] WARN  FXGLAssetLoaderServi - Asset "/assets/textures/player_1_move_right.png" was not found!
15:44:28.442 [JavaFX Application Thread] WARN  FXGLAssetLoaderServi - Failed to load IMAGE
15:44:28.457 [JavaFX Application Thread] WARN  FXGLAssetLoaderServi - Asset "/assets/textures/player_1_move_right.png" was not found!
15:44:28.458 [JavaFX Application Thread] WARN  FXGLAssetLoaderServi - Failed to load IMAGE
15:44:28.472 [JavaFX Application Thread] WARN  FXGLAssetLoaderServi - Asset "/assets/textures/player_1_move_right.png" was not found!
15:44:28.474 [JavaFX Application Thread] WARN  FXGLAssetLoaderServi - Failed to load IMAGE
15:44:28.488 [JavaFX Application Thread] WARN  FXGLAssetLoaderServi - Asset "/assets/textures/player_1_move_right.png" was not found!
15:44:28.489 [JavaFX Application Thread] WARN  FXGLAssetLoaderServi - Failed to load IMAGE
15:44:28.504 [JavaFX Application Thread] WARN  FXGLAssetLoaderServi - Asset "/assets/textures/player_1_move_right.png" was not found!
15:44:28.505 [JavaFX Application Thread] WARN  FXGLAssetLoaderServi - Failed to load IMAGE
15:44:28.521 [JavaFX Application Thread] WARN  FXGLAssetLoaderServi - Asset "/assets/textures/player_1_move_right.png" was not found!
15:44:28.521 [JavaFX Application Thread] WARN  FXGLAssetLoaderServi - Failed to load IMAGE
15:44:28.536 [JavaFX Application Thread] WARN  FXGLAssetLoaderServi - Asset "/assets/textures/player_1_move_right.png" was not found!
15:44:28.537 [JavaFX Application Thread] WARN  FXGLAssetLoaderServi - Failed to load IMAGE
15:44:28.552 [JavaFX Application Thread] WARN  FXGLAssetLoaderServi - Asset "/assets/textures/player_1_move_right.png" was not found!
15:44:28.553 [JavaFX Application Thread] WARN  FXGLAssetLoaderServi - Failed to load IMAGE
15:44:28.568 [JavaFX Application Thread] WARN  FXGLAssetLoaderServi - Asset "/assets/textures/player_1_move_right.png" was not found!
15:44:28.569 [JavaFX Application Thread] WARN  FXGLAssetLoaderServi - Failed to load IMAGE
15:44:28.583 [JavaFX Application Thread] WARN  FXGLAssetLoaderServi - Asset "/assets/textures/player_1_move_right.png" was not found!
15:44:28.584 [JavaFX Application Thread] WARN  FXGLAssetLoaderServi - Failed to load IMAGE
15:44:28.600 [JavaFX Application Thread] WARN  FXGLAssetLoaderServi - Asset "/assets/textures/player_1_move_right.png" was not found!
15:44:28.601 [JavaFX Application Thread] WARN  FXGLAssetLoaderServi - Failed to load IMAGE
15:44:28.617 [JavaFX Application Thread] WARN  FXGLAssetLoaderServi - Asset "/assets/textures/player_1_move_right.png" was not found!
15:44:28.617 [JavaFX Application Thread] WARN  FXGLAssetLoaderServi - Failed to load IMAGE
15:44:28.632 [JavaFX Application Thread] WARN  FXGLAssetLoaderServi - Asset "/assets/textures/player_1_move_right.png" was not found!
15:44:28.633 [JavaFX Application Thread] WARN  FXGLAssetLoaderServi - Failed to load IMAGE
15:44:28.651 [JavaFX Application Thread] WARN  FXGLAssetLoaderServi - Asset "/assets/textures/player_1_move_right.png" was not found!
15:44:28.652 [JavaFX Application Thread] WARN  FXGLAssetLoaderServi - Failed to load IMAGE
15:44:28.666 [JavaFX Application Thread] WARN  FXGLAssetLoaderServi - Asset "/assets/textures/player_1_move_right.png" was not found!
15:44:28.667 [JavaFX Application Thread] WARN  FXGLAssetLoaderServi - Failed to load IMAGE
15:44:28.682 [JavaFX Application Thread] WARN  FXGLAssetLoaderServi - Asset "/assets/textures/player_1_move_right.png" was not found!
15:44:28.683 [JavaFX Application Thread] WARN  FXGLAssetLoaderServi - Failed to load IMAGE
15:44:28.699 [JavaFX Application Thread] WARN  FXGLAssetLoaderServi - Asset "/assets/textures/player_1_move_right.png" was not found!
15:44:28.700 [JavaFX Application Thread] WARN  FXGLAssetLoaderServi - Failed to load IMAGE
15:44:28.716 [JavaFX Application Thread] WARN  FXGLAssetLoaderServi - Asset "/assets/textures/player_1_move_right.png" was not found!
15:44:28.716 [JavaFX Application Thread] WARN  FXGLAssetLoaderServi - Failed to load IMAGE
15:44:28.732 [JavaFX Application Thread] WARN  FXGLAssetLoaderServi - Asset "/assets/textures/player_1_move_right.png" was not found!
15:44:28.732 [JavaFX Application Thread] WARN  FXGLAssetLoaderServi - Failed to load IMAGE
15:44:29.736 [JavaFX Application Thread] WARN  FXGLAssetLoaderServi - Asset "/assets/textures/player_1_move_right.png" was not found!
15:44:29.737 [JavaFX Application Thread] WARN  FXGLAssetLoaderServi - Failed to load IMAGE
15:44:29.753 [JavaFX Application Thread] WARN  FXGLAssetLoaderServi - Asset "/assets/textures/player_1_move_right.png" was not found!
15:44:29.754 [JavaFX Application Thread] WARN  FXGLAssetLoaderServi - Failed to load IMAGE
15:44:29.769 [JavaFX Application Thread] WARN  FXGLAssetLoaderServi - Asset "/assets/textures/player_1_move_right.png" was not found!
15:44:29.770 [JavaFX Application Thread] WARN  FXGLAssetLoaderServi - Failed to load IMAGE
15:44:30.504 [JavaFX Application Thread] WARN  FXGLAssetLoaderServi - Asset "/assets/textures/player_1_move_right.png" was not found!
15:44:30.505 [JavaFX Application Thread] WARN  FXGLAssetLoaderServi - Failed to load IMAGE
15:44:30.520 [JavaFX Application Thread] WARN  FXGLAssetLoaderServi - Asset "/assets/textures/player_1_move_right.png" was not found!
15:44:30.521 [JavaFX Application Thread] WARN  FXGLAssetLoaderServi - Failed to load IMAGE
15:44:30.536 [JavaFX Application Thread] WARN  FXGLAssetLoaderServi - Asset "/assets/textures/player_1_move_right.png" was not found!
15:44:30.537 [JavaFX Application Thread] WARN  FXGLAssetLoaderServi - Failed to load IMAGE
15:44:30.552 [JavaFX Application Thread] WARN  FXGLAssetLoaderServi - Asset "/assets/textures/player_1_move_right.png" was not found!
15:44:30.553 [JavaFX Application Thread] WARN  FXGLAssetLoaderServi - Failed to load IMAGE
15:44:30.568 [JavaFX Application Thread] WARN  FXGLAssetLoaderServi - Asset "/assets/textures/player_1_move_right.png" was not found!
15:44:30.569 [JavaFX Application Thread] WARN  FXGLAssetLoaderServi - Failed to load IMAGE
15:44:30.584 [JavaFX Application Thread] WARN  FXGLAssetLoaderServi - Asset "/assets/textures/player_1_move_right.png" was not found!
15:44:30.585 [JavaFX Application Thread] WARN  FXGLAssetLoaderServi - Failed to load IMAGE
15:44:30.600 [JavaFX Application Thread] WARN  FXGLAssetLoaderServi - Asset "/assets/textures/player_1_move_right.png" was not found!
15:44:30.601 [JavaFX Application Thread] WARN  FXGLAssetLoaderServi - Failed to load IMAGE
15:44:30.616 [JavaFX Application Thread] WARN  FXGLAssetLoaderServi - Asset "/assets/textures/player_1_move_right.png" was not found!
15:44:30.617 [JavaFX Application Thread] WARN  FXGLAssetLoaderServi - Failed to load IMAGE
15:44:30.633 [JavaFX Application Thread] WARN  FXGLAssetLoaderServi - Asset "/assets/textures/player_1_move_right.png" was not found!
15:44:30.634 [JavaFX Application Thread] WARN  FXGLAssetLoaderServi - Failed to load IMAGE
15:44:30.648 [JavaFX Application Thread] WARN  FXGLAssetLoaderServi - Asset "/assets/textures/player_1_move_right.png" was not found!
15:44:30.649 [JavaFX Application Thread] WARN  FXGLAssetLoaderServi - Failed to load IMAGE
15:44:30.667 [JavaFX Application Thread] WARN  FXGLAssetLoaderServi - Asset "/assets/textures/player_1_move_right.png" was not found!
15:44:30.668 [JavaFX Application Thread] WARN  FXGLAssetLoaderServi - Failed to load IMAGE
15:44:30.684 [JavaFX Application Thread] WARN  FXGLAssetLoaderServi - Asset "/assets/textures/player_1_move_right.png" was not found!
15:44:30.685 [JavaFX Application Thread] WARN  FXGLAssetLoaderServi - Failed to load IMAGE
15:44:30.699 [JavaFX Application Thread] WARN  FXGLAssetLoaderServi - Asset "/assets/textures/player_1_move_right.png" was not found!
15:44:30.699 [JavaFX Application Thread] WARN  FXGLAssetLoaderServi - Failed to load IMAGE
15:44:30.715 [JavaFX Application Thread] WARN  FXGLAssetLoaderServi - Asset "/assets/textures/player_1_move_right.png" was not found!
15:44:30.716 [JavaFX Application Thread] WARN  FXGLAssetLoaderServi - Failed to load IMAGE
15:44:30.733 [JavaFX Application Thread] WARN  FXGLAssetLoaderServi - Asset "/assets/textures/player_1_move_right.png" was not found!
15:44:30.733 [JavaFX Application Thread] WARN  FXGLAssetLoaderServi - Failed to load IMAGE
15:44:30.749 [JavaFX Application Thread] WARN  FXGLAssetLoaderServi - Asset "/assets/textures/player_1_move_right.png" was not found!
15:44:30.750 [JavaFX Application Thread] WARN  FXGLAssetLoaderServi - Failed to load IMAGE
15:44:30.769 [JavaFX Application Thread] WARN  FXGLAssetLoaderServi - Asset "/assets/textures/player_1_move_right.png" was not found!
15:44:30.769 [JavaFX Application Thread] WARN  FXGLAssetLoaderServi - Failed to load IMAGE
15:44:30.783 [JavaFX Application Thread] WARN  FXGLAssetLoaderServi - Asset "/assets/textures/player_1_move_right.png" was not found!
15:44:30.784 [JavaFX Application Thread] WARN  FXGLAssetLoaderServi - Failed to load IMAGE
15:44:30.800 [JavaFX Application Thread] WARN  FXGLAssetLoaderServi - Asset "/assets/textures/player_1_move_right.png" was not found!
15:44:30.801 [JavaFX Application Thread] WARN  FXGLAssetLoaderServi - Failed to load IMAGE
15:44:30.824 [JavaFX Application Thread] WARN  FXGLAssetLoaderServi - Asset "/assets/textures/player_1_move_right.png" was not found!
15:44:30.825 [JavaFX Application Thread] WARN  FXGLAssetLoaderServi - Failed to load IMAGE
15:44:30.841 [JavaFX Application Thread] WARN  FXGLAssetLoaderServi - Asset "/assets/textures/player_1_move_right.png" was not found!
15:44:30.842 [JavaFX Application Thread] WARN  FXGLAssetLoaderServi - Failed to load IMAGE
15:44:30.857 [JavaFX Application Thread] WARN  FXGLAssetLoaderServi - Asset "/assets/textures/player_1_move_right.png" was not found!
15:44:30.858 [JavaFX Application Thread] WARN  FXGLAssetLoaderServi - Failed to load IMAGE
15:44:30.873 [JavaFX Application Thread] WARN  FXGLAssetLoaderServi - Asset "/assets/textures/player_1_move_right.png" was not found!
15:44:30.874 [JavaFX Application Thread] WARN  FXGLAssetLoaderServi - Failed to load IMAGE
15:44:30.889 [JavaFX Application Thread] WARN  FXGLAssetLoaderServi - Asset "/assets/textures/player_1_move_right.png" was not found!
15:44:30.889 [JavaFX Application Thread] WARN  FXGLAssetLoaderServi - Failed to load IMAGE
15:44:30.904 [JavaFX Application Thread] WARN  FXGLAssetLoaderServi - Asset "/assets/textures/player_1_move_right.png" was not found!
15:44:30.905 [JavaFX Application Thread] WARN  FXGLAssetLoaderServi - Failed to load IMAGE
15:44:30.919 [JavaFX Application Thread] WARN  FXGLAssetLoaderServi - Asset "/assets/textures/player_1_move_right.png" was not found!
15:44:30.921 [JavaFX Application Thread] WARN  FXGLAssetLoaderServi - Failed to load IMAGE
15:44:31.529 [JavaFX Application Thread] WARN  FXGLAssetLoaderServi - Asset "/assets/textures/player_1_move_right.png" was not found!
15:44:31.530 [JavaFX Application Thread] WARN  FXGLAssetLoaderServi - Failed to load IMAGE
15:44:31.549 [JavaFX Application Thread] WARN  FXGLAssetLoaderServi - Asset "/assets/textures/player_1_move_right.png" was not found!
15:44:31.550 [JavaFX Application Thread] WARN  FXGLAssetLoaderServi - Failed to load IMAGE
15:44:31.566 [JavaFX Application Thread] WARN  FXGLAssetLoaderServi - Asset "/assets/textures/player_1_move_right.png" was not found!
15:44:31.567 [JavaFX Application Thread] WARN  FXGLAssetLoaderServi - Failed to load IMAGE
15:44:31.582 [JavaFX Application Thread] WARN  FXGLAssetLoaderServi - Asset "/assets/textures/player_1_move_right.png" was not found!
15:44:31.583 [JavaFX Application Thread] WARN  FXGLAssetLoaderServi - Failed to load IMAGE
15:44:31.600 [JavaFX Application Thread] WARN  FXGLAssetLoaderServi - Asset "/assets/textures/player_1_move_right.png" was not found!
15:44:31.600 [JavaFX Application Thread] WARN  FXGLAssetLoaderServi - Failed to load IMAGE
15:44:31.614 [JavaFX Application Thread] WARN  FXGLAssetLoaderServi - Asset "/assets/textures/player_1_move_right.png" was not found!
15:44:31.615 [JavaFX Application Thread] WARN  FXGLAssetLoaderServi - Failed to load IMAGE
15:44:31.632 [JavaFX Application Thread] WARN  FXGLAssetLoaderServi - Asset "/assets/textures/player_1_move_right.png" was not found!
15:44:31.632 [JavaFX Application Thread] WARN  FXGLAssetLoaderServi - Failed to load IMAGE
15:44:31.648 [JavaFX Application Thread] WARN  FXGLAssetLoaderServi - Asset "/assets/textures/player_1_move_right.png" was not found!
15:44:31.649 [JavaFX Application Thread] WARN  FXGLAssetLoaderServi - Failed to load IMAGE
15:44:31.673 [JavaFX Application Thread] WARN  FXGLAssetLoaderServi - Asset "/assets/textures/player_1_move_right.png" was not found!
15:44:31.673 [JavaFX Application Thread] WARN  FXGLAssetLoaderServi - Failed to load IMAGE
15:44:31.688 [JavaFX Application Thread] WARN  FXGLAssetLoaderServi - Asset "/assets/textures/player_1_move_right.png" was not found!
15:44:31.690 [JavaFX Application Thread] WARN  FXGLAssetLoaderServi - Failed to load IMAGE
15:44:31.704 [JavaFX Application Thread] WARN  FXGLAssetLoaderServi - Asset "/assets/textures/player_1_move_right.png" was not found!
15:44:31.711 [JavaFX Application Thread] WARN  FXGLAssetLoaderServi - Failed to load IMAGE
15:44:31.724 [JavaFX Application Thread] WARN  FXGLAssetLoaderServi - Asset "/assets/textures/player_1_move_right.png" was not found!
15:44:31.725 [JavaFX Application Thread] WARN  FXGLAssetLoaderServi - Failed to load IMAGE
15:44:31.736 [JavaFX Application Thread] WARN  FXGLAssetLoaderServi - Asset "/assets/textures/player_1_move_right.png" was not found!
15:44:31.737 [JavaFX Application Thread] WARN  FXGLAssetLoaderServi - Failed to load IMAGE
15:44:31.752 [JavaFX Application Thread] WARN  FXGLAssetLoaderServi - Asset "/assets/textures/player_1_move_right.png" was not found!
15:44:31.753 [JavaFX Application Thread] WARN  FXGLAssetLoaderServi - Failed to load IMAGE
15:44:31.770 [JavaFX Application Thread] WARN  FXGLAssetLoaderServi - Asset "/assets/textures/player_1_move_right.png" was not found!
15:44:31.771 [JavaFX Application Thread] WARN  FXGLAssetLoaderServi - Failed to load IMAGE
15:44:31.784 [JavaFX Application Thread] WARN  FXGLAssetLoaderServi - Asset "/assets/textures/player_1_move_right.png" was not found!
15:44:31.785 [JavaFX Application Thread] WARN  FXGLAssetLoaderServi - Failed to load IMAGE
15:44:31.800 [JavaFX Application Thread] WARN  FXGLAssetLoaderServi - Asset "/assets/textures/player_1_move_right.png" was not found!
15:44:31.801 [JavaFX Application Thread] WARN  FXGLAssetLoaderServi - Failed to load IMAGE
15:44:31.816 [JavaFX Application Thread] WARN  FXGLAssetLoaderServi - Asset "/assets/textures/player_1_move_right.png" was not found!
15:44:31.817 [JavaFX Application Thread] WARN  FXGLAssetLoaderServi - Failed to load IMAGE
15:44:31.832 [JavaFX Application Thread] WARN  FXGLAssetLoaderServi - Asset "/assets/textures/player_1_move_right.png" was not found!
15:44:31.833 [JavaFX Application Thread] WARN  FXGLAssetLoaderServi - Failed to load IMAGE
15:44:31.848 [JavaFX Application Thread] WARN  FXGLAssetLoaderServi - Asset "/assets/textures/player_1_move_right.png" was not found!
15:44:31.850 [JavaFX Application Thread] WARN  FXGLAssetLoaderServi - Failed to load IMAGE
15:44:31.866 [JavaFX Application Thread] WARN  FXGLAssetLoaderServi - Asset "/assets/textures/player_1_move_right.png" was not found!
15:44:31.867 [JavaFX Application Thread] WARN  FXGLAssetLoaderServi - Failed to load IMAGE
15:44:32.025 [JavaFX Application Thread] WARN  FXGLAssetLoaderServi - Asset "/assets/textures/player_1_move_right.png" was not found!
15:44:32.026 [JavaFX Application Thread] WARN  FXGLAssetLoaderServi - Failed to load IMAGE
15:44:32.057 [JavaFX Application Thread] WARN  FXGLAssetLoaderServi - Asset "/assets/textures/player_1_move_right.png" was not found!
15:44:32.058 [JavaFX Application Thread] WARN  FXGLAssetLoaderServi - Failed to load IMAGE
15:44:32.073 [JavaFX Application Thread] WARN  FXGLAssetLoaderServi - Asset "/assets/textures/player_1_move_right.png" was not found!
15:44:32.073 [JavaFX Application Thread] WARN  FXGLAssetLoaderServi - Failed to load IMAGE
15:44:32.264 [JavaFX Application Thread] WARN  FXGLAssetLoaderServi - Asset "/assets/textures/player_1_move_right.png" was not found!
15:44:32.264 [JavaFX Application Thread] WARN  FXGLAssetLoaderServi - Failed to load IMAGE
15:44:32.282 [JavaFX Application Thread] WARN  FXGLAssetLoaderServi - Asset "/assets/textures/player_1_move_right.png" was not found!
15:44:32.283 [JavaFX Application Thread] WARN  FXGLAssetLoaderServi - Failed to load IMAGE
15:44:32.299 [JavaFX Application Thread] WARN  FXGLAssetLoaderServi - Asset "/assets/textures/player_1_move_right.png" was not found!
15:44:32.299 [JavaFX Application Thread] WARN  FXGLAssetLoaderServi - Failed to load IMAGE
15:44:32.316 [JavaFX Application Thread] WARN  FXGLAssetLoaderServi - Asset "/assets/textures/player_1_move_right.png" was not found!
15:44:32.317 [JavaFX Application Thread] WARN  FXGLAssetLoaderServi - Failed to load IMAGE
15:44:32.333 [JavaFX Application Thread] WARN  FXGLAssetLoaderServi - Asset "/assets/textures/player_1_move_right.png" was not found!
15:44:32.334 [JavaFX Application Thread] WARN  FXGLAssetLoaderServi - Failed to load IMAGE
15:44:32.350 [JavaFX Application Thread] WARN  FXGLAssetLoaderServi - Asset "/assets/textures/player_1_move_right.png" was not found!
15:44:32.351 [JavaFX Application Thread] WARN  FXGLAssetLoaderServi - Failed to load IMAGE
15:44:32.366 [JavaFX Application Thread] WARN  FXGLAssetLoaderServi - Asset "/assets/textures/player_1_move_right.png" was not found!
15:44:32.367 [JavaFX Application Thread] WARN  FXGLAssetLoaderServi - Failed to load IMAGE
15:44:32.382 [JavaFX Application Thread] WARN  FXGLAssetLoaderServi - Asset "/assets/textures/player_1_move_right.png" was not found!
15:44:32.383 [JavaFX Application Thread] WARN  FXGLAssetLoaderServi - Failed to load IMAGE
15:44:32.553 [JavaFX Application Thread] WARN  FXGLAssetLoaderServi - Asset "/assets/textures/player_1_move_right.png" was not found!
15:44:32.553 [JavaFX Application Thread] WARN  FXGLAssetLoaderServi - Failed to load IMAGE
15:44:32.568 [JavaFX Application Thread] WARN  FXGLAssetLoaderServi - Asset "/assets/textures/player_1_move_right.png" was not found!
15:44:32.569 [JavaFX Application Thread] WARN  FXGLAssetLoaderServi - Failed to load IMAGE
15:44:32.583 [JavaFX Application Thread] WARN  FXGLAssetLoaderServi - Asset "/assets/textures/player_1_move_right.png" was not found!
15:44:32.584 [JavaFX Application Thread] WARN  FXGLAssetLoaderServi - Failed to load IMAGE
15:44:32.599 [JavaFX Application Thread] WARN  FXGLAssetLoaderServi - Asset "/assets/textures/player_1_move_right.png" was not found!
15:44:32.600 [JavaFX Application Thread] WARN  FXGLAssetLoaderServi - Failed to load IMAGE
15:44:32.615 [JavaFX Application Thread] WARN  FXGLAssetLoaderServi - Asset "/assets/textures/player_1_move_right.png" was not found!
15:44:32.616 [JavaFX Application Thread] WARN  FXGLAssetLoaderServi - Failed to load IMAGE
15:44:32.631 [JavaFX Application Thread] WARN  FXGLAssetLoaderServi - Asset "/assets/textures/player_1_move_right.png" was not found!
15:44:32.631 [JavaFX Application Thread] WARN  FXGLAssetLoaderServi - Failed to load IMAGE
15:44:32.647 [JavaFX Application Thread] WARN  FXGLAssetLoaderServi - Asset "/assets/textures/player_1_move_right.png" was not found!
15:44:32.648 [JavaFX Application Thread] WARN  FXGLAssetLoaderServi - Failed to load IMAGE
15:44:32.663 [JavaFX Application Thread] WARN  FXGLAssetLoaderServi - Asset "/assets/textures/player_1_move_right.png" was not found!
15:44:32.664 [JavaFX Application Thread] WARN  FXGLAssetLoaderServi - Failed to load IMAGE
15:44:32.680 [JavaFX Application Thread] WARN  FXGLAssetLoaderServi - Asset "/assets/textures/player_1_move_right.png" was not found!
15:44:32.680 [JavaFX Application Thread] WARN  FXGLAssetLoaderServi - Failed to load IMAGE
15:44:32.695 [JavaFX Application Thread] WARN  FXGLAssetLoaderServi - Asset "/assets/textures/player_1_move_right.png" was not found!
15:44:32.696 [JavaFX Application Thread] WARN  FXGLAssetLoaderServi - Failed to load IMAGE
15:44:32.711 [JavaFX Application Thread] WARN  FXGLAssetLoaderServi - Asset "/assets/textures/player_1_move_right.png" was not found!
15:44:32.712 [JavaFX Application Thread] WARN  FXGLAssetLoaderServi - Failed to load IMAGE
15:44:32.728 [JavaFX Application Thread] WARN  FXGLAssetLoaderServi - Asset "/assets/textures/player_1_move_right.png" was not found!
15:44:32.728 [JavaFX Application Thread] WARN  FXGLAssetLoaderServi - Failed to load IMAGE
15:44:32.745 [JavaFX Application Thread] WARN  FXGLAssetLoaderServi - Asset "/assets/textures/player_1_move_right.png" was not found!
15:44:32.746 [JavaFX Application Thread] WARN  FXGLAssetLoaderServi - Failed to load IMAGE
15:44:32.766 [JavaFX Application Thread] WARN  FXGLAssetLoaderServi - Asset "/assets/textures/player_1_move_right.png" was not found!
15:44:32.766 [JavaFX Application Thread] WARN  FXGLAssetLoaderServi - Failed to load IMAGE
15:44:32.783 [JavaFX Application Thread] WARN  FXGLAssetLoaderServi - Asset "/assets/textures/player_1_move_right.png" was not found!
15:44:32.784 [JavaFX Application Thread] WARN  FXGLAssetLoaderServi - Failed to load IMAGE
15:44:32.804 [JavaFX Application Thread] WARN  FXGLAssetLoaderServi - Asset "/assets/textures/player_1_move_right.png" was not found!
15:44:32.805 [JavaFX Application Thread] WARN  FXGLAssetLoaderServi - Failed to load IMAGE
15:44:32.816 [JavaFX Application Thread] WARN  FXGLAssetLoaderServi - Asset "/assets/textures/player_1_move_right.png" was not found!
15:44:32.817 [JavaFX Application Thread] WARN  FXGLAssetLoaderServi - Failed to load IMAGE
15:44:32.833 [JavaFX Application Thread] WARN  FXGLAssetLoaderServi - Asset "/assets/textures/player_1_move_right.png" was not found!
15:44:32.833 [JavaFX Application Thread] WARN  FXGLAssetLoaderServi - Failed to load IMAGE
15:44:32.849 [JavaFX Application Thread] WARN  FXGLAssetLoaderServi - Asset "/assets/textures/player_1_move_right.png" was not found!
15:44:32.850 [JavaFX Application Thread] WARN  FXGLAssetLoaderServi - Failed to load IMAGE
15:44:32.872 [JavaFX Application Thread] WARN  FXGLAssetLoaderServi - Asset "/assets/textures/player_1_move_right.png" was not found!
15:44:32.873 [JavaFX Application Thread] WARN  FXGLAssetLoaderServi - Failed to load IMAGE
15:44:32.888 [JavaFX Application Thread] WARN  FXGLAssetLoaderServi - Asset "/assets/textures/player_1_move_right.png" was not found!
15:44:32.888 [JavaFX Application Thread] WARN  FXGLAssetLoaderServi - Failed to load IMAGE
15:44:32.904 [JavaFX Application Thread] WARN  FXGLAssetLoaderServi - Asset "/assets/textures/player_1_move_right.png" was not found!
15:44:32.904 [JavaFX Application Thread] WARN  FXGLAssetLoaderServi - Failed to load IMAGE
15:44:32.921 [JavaFX Application Thread] WARN  FXGLAssetLoaderServi - Asset "/assets/textures/player_1_move_right.png" was not found!
15:44:32.921 [JavaFX Application Thread] WARN  FXGLAssetLoaderServi - Failed to load IMAGE
15:44:32.936 [JavaFX Application Thread] WARN  FXGLAssetLoaderServi - Asset "/assets/textures/player_1_move_right.png" was not found!
15:44:32.937 [JavaFX Application Thread] WARN  FXGLAssetLoaderServi - Failed to load IMAGE
15:44:32.953 [JavaFX Application Thread] WARN  FXGLAssetLoaderServi - Asset "/assets/textures/player_1_move_right.png" was not found!
15:44:32.954 [JavaFX Application Thread] WARN  FXGLAssetLoaderServi - Failed to load IMAGE
15:44:32.969 [JavaFX Application Thread] WARN  FXGLAssetLoaderServi - Asset "/assets/textures/player_1_move_right.png" was not found!
15:44:32.970 [JavaFX Application Thread] WARN  FXGLAssetLoaderServi - Failed to load IMAGE
15:44:32.984 [JavaFX Application Thread] WARN  FXGLAssetLoaderServi - Asset "/assets/textures/player_1_move_right.png" was not found!
15:44:32.984 [JavaFX Application Thread] WARN  FXGLAssetLoaderServi - Failed to load IMAGE
15:44:33.001 [JavaFX Application Thread] WARN  FXGLAssetLoaderServi - Asset "/assets/textures/player_1_move_right.png" was not found!
15:44:33.001 [JavaFX Application Thread] WARN  FXGLAssetLoaderServi - Failed to load IMAGE
15:44:33.017 [JavaFX Application Thread] WARN  FXGLAssetLoaderServi - Asset "/assets/textures/player_1_move_right.png" was not found!
15:44:33.017 [JavaFX Application Thread] WARN  FXGLAssetLoaderServi - Failed to load IMAGE
15:44:33.033 [JavaFX Application Thread] WARN  FXGLAssetLoaderServi - Asset "/assets/textures/player_1_move_right.png" was not found!
15:44:33.033 [JavaFX Application Thread] WARN  FXGLAssetLoaderServi - Failed to load IMAGE
15:44:33.051 [JavaFX Application Thread] WARN  FXGLAssetLoaderServi - Asset "/assets/textures/player_1_move_right.png" was not found!
15:44:33.052 [JavaFX Application Thread] WARN  FXGLAssetLoaderServi - Failed to load IMAGE
15:44:33.067 [JavaFX Application Thread] WARN  FXGLAssetLoaderServi - Asset "/assets/textures/player_1_move_right.png" was not found!
15:44:33.067 [JavaFX Application Thread] WARN  FXGLAssetLoaderServi - Failed to load IMAGE
15:44:33.085 [JavaFX Application Thread] WARN  FXGLAssetLoaderServi - Asset "/assets/textures/player_1_move_right.png" was not found!
15:44:33.085 [JavaFX Application Thread] WARN  FXGLAssetLoaderServi - Failed to load IMAGE
15:44:33.100 [JavaFX Application Thread] WARN  FXGLAssetLoaderServi - Asset "/assets/textures/player_1_move_right.png" was not found!
15:44:33.101 [JavaFX Application Thread] WARN  FXGLAssetLoaderServi - Failed to load IMAGE
15:44:33.116 [JavaFX Application Thread] WARN  FXGLAssetLoaderServi - Asset "/assets/textures/player_1_move_right.png" was not found!
15:44:33.116 [JavaFX Application Thread] WARN  FXGLAssetLoaderServi - Failed to load IMAGE
15:44:33.133 [JavaFX Application Thread] WARN  FXGLAssetLoaderServi - Asset "/assets/textures/player_1_move_right.png" was not found!
15:44:33.134 [JavaFX Application Thread] WARN  FXGLAssetLoaderServi - Failed to load IMAGE
15:44:33.152 [JavaFX Application Thread] WARN  FXGLAssetLoaderServi - Asset "/assets/textures/player_1_move_right.png" was not found!
15:44:33.152 [JavaFX Application Thread] WARN  FXGLAssetLoaderServi - Failed to load IMAGE
15:44:33.166 [JavaFX Application Thread] WARN  FXGLAssetLoaderServi - Asset "/assets/textures/player_1_move_right.png" was not found!
15:44:33.166 [JavaFX Application Thread] WARN  FXGLAssetLoaderServi - Failed to load IMAGE
15:44:33.183 [JavaFX Application Thread] WARN  FXGLAssetLoaderServi - Asset "/assets/textures/player_1_move_right.png" was not found!
15:44:33.184 [JavaFX Application Thread] WARN  FXGLAssetLoaderServi - Failed to load IMAGE
15:44:33.196 [JavaFX Application Thread] WARN  FXGLAssetLoaderServi - Asset "/assets/textures/player_1_move_right.png" was not found!
15:44:33.196 [JavaFX Application Thread] WARN  FXGLAssetLoaderServi - Failed to load IMAGE
15:44:33.209 [JavaFX Application Thread] WARN  FXGLAssetLoaderServi - Asset "/assets/textures/player_1_move_right.png" was not found!
15:44:33.210 [JavaFX Application Thread] WARN  FXGLAssetLoaderServi - Failed to load IMAGE
15:44:33.226 [JavaFX Application Thread] WARN  FXGLAssetLoaderServi - Asset "/assets/textures/player_1_move_right.png" was not found!
15:44:33.226 [JavaFX Application Thread] WARN  FXGLAssetLoaderServi - Failed to load IMAGE
15:44:33.243 [JavaFX Application Thread] WARN  FXGLAssetLoaderServi - Asset "/assets/textures/player_1_move_right.png" was not found!
15:44:33.243 [JavaFX Application Thread] WARN  FXGLAssetLoaderServi - Failed to load IMAGE
15:44:33.260 [JavaFX Application Thread] WARN  FXGLAssetLoaderServi - Asset "/assets/textures/player_1_move_right.png" was not found!
15:44:33.260 [JavaFX Application Thread] WARN  FXGLAssetLoaderServi - Failed to load IMAGE
15:44:33.276 [JavaFX Application Thread] WARN  FXGLAssetLoaderServi - Asset "/assets/textures/player_1_move_right.png" was not found!
15:44:33.276 [JavaFX Application Thread] WARN  FXGLAssetLoaderServi - Failed to load IMAGE
15:44:33.292 [JavaFX Application Thread] WARN  FXGLAssetLoaderServi - Asset "/assets/textures/player_1_move_right.png" was not found!
15:44:33.292 [JavaFX Application Thread] WARN  FXGLAssetLoaderServi - Failed to load IMAGE
15:44:33.512 [JavaFX Application Thread] WARN  FXGLAssetLoaderServi - Asset "/assets/textures/player_1_move_right.png" was not found!
15:44:33.512 [JavaFX Application Thread] WARN  FXGLAssetLoaderServi - Failed to load IMAGE
15:44:33.533 [JavaFX Application Thread] WARN  FXGLAssetLoaderServi - Asset "/assets/textures/player_1_move_right.png" was not found!
15:44:33.533 [JavaFX Application Thread] WARN  FXGLAssetLoaderServi - Failed to load IMAGE
15:44:33.550 [JavaFX Application Thread] WARN  FXGLAssetLoaderServi - Asset "/assets/textures/player_1_move_right.png" was not found!
15:44:33.550 [JavaFX Application Thread] WARN  FXGLAssetLoaderServi - Failed to load IMAGE
15:44:33.567 [JavaFX Application Thread] WARN  FXGLAssetLoaderServi - Asset "/assets/textures/player_1_move_right.png" was not found!
15:44:33.567 [JavaFX Application Thread] WARN  FXGLAssetLoaderServi - Failed to load IMAGE
15:44:33.583 [JavaFX Application Thread] WARN  FXGLAssetLoaderServi - Asset "/assets/textures/player_1_move_right.png" was not found!
15:44:33.584 [JavaFX Application Thread] WARN  FXGLAssetLoaderServi - Failed to load IMAGE
15:44:33.600 [JavaFX Application Thread] WARN  FXGLAssetLoaderServi - Asset "/assets/textures/player_1_move_right.png" was not found!
15:44:33.600 [JavaFX Application Thread] WARN  FXGLAssetLoaderServi - Failed to load IMAGE
15:44:33.768 [JavaFX Application Thread] WARN  FXGLAssetLoaderServi - Asset "/assets/textures/player_1_move_right.png" was not found!
15:44:33.768 [JavaFX Application Thread] WARN  FXGLAssetLoaderServi - Failed to load IMAGE
15:44:33.784 [JavaFX Application Thread] WARN  FXGLAssetLoaderServi - Asset "/assets/textures/player_1_move_right.png" was not found!
15:44:33.784 [JavaFX Application Thread] WARN  FXGLAssetLoaderServi - Failed to load IMAGE
15:44:33.801 [JavaFX Application Thread] WARN  FXGLAssetLoaderServi - Asset "/assets/textures/player_1_move_right.png" was not found!
15:44:33.801 [JavaFX Application Thread] WARN  FXGLAssetLoaderServi - Failed to load IMAGE
15:44:33.817 [JavaFX Application Thread] WARN  FXGLAssetLoaderServi - Asset "/assets/textures/player_1_move_right.png" was not found!
15:44:33.817 [JavaFX Application Thread] WARN  FXGLAssetLoaderServi - Failed to load IMAGE
15:44:33.834 [JavaFX Application Thread] WARN  FXGLAssetLoaderServi - Asset "/assets/textures/player_1_move_right.png" was not found!
15:44:33.834 [JavaFX Application Thread] WARN  FXGLAssetLoaderServi - Failed to load IMAGE
15:44:33.850 [JavaFX Application Thread] WARN  FXGLAssetLoaderServi - Asset "/assets/textures/player_1_move_right.png" was not found!
15:44:33.850 [JavaFX Application Thread] WARN  FXGLAssetLoaderServi - Failed to load IMAGE
15:44:34.040 [JavaFX Application Thread] WARN  FXGLAssetLoaderServi - Asset "/assets/textures/player_1_move_right.png" was not found!
15:44:34.041 [JavaFX Application Thread] WARN  FXGLAssetLoaderServi - Failed to load IMAGE
15:44:34.073 [JavaFX Application Thread] WARN  FXGLAssetLoaderServi - Asset "/assets/textures/player_1_move_right.png" was not found!
15:44:34.074 [JavaFX Application Thread] WARN  FXGLAssetLoaderServi - Failed to load IMAGE
15:44:34.089 [JavaFX Application Thread] WARN  FXGLAssetLoaderServi - Asset "/assets/textures/player_1_move_right.png" was not found!
15:44:34.090 [JavaFX Application Thread] WARN  FXGLAssetLoaderServi - Failed to load IMAGE
15:44:34.105 [JavaFX Application Thread] WARN  FXGLAssetLoaderServi - Asset "/assets/textures/player_1_move_right.png" was not found!
15:44:34.105 [JavaFX Application Thread] WARN  FXGLAssetLoaderServi - Failed to load IMAGE
15:44:34.121 [JavaFX Application Thread] WARN  FXGLAssetLoaderServi - Asset "/assets/textures/player_1_move_right.png" was not found!
15:44:34.122 [JavaFX Application Thread] WARN  FXGLAssetLoaderServi - Failed to load IMAGE
15:44:34.137 [JavaFX Application Thread] WARN  FXGLAssetLoaderServi - Asset "/assets/textures/player_1_move_right.png" was not found!
15:44:34.137 [JavaFX Application Thread] WARN  FXGLAssetLoaderServi - Failed to load IMAGE
15:44:34.152 [JavaFX Application Thread] WARN  FXGLAssetLoaderServi - Asset "/assets/textures/player_1_move_right.png" was not found!
15:44:34.153 [JavaFX Application Thread] WARN  FXGLAssetLoaderServi - Failed to load IMAGE
15:44:34.168 [JavaFX Application Thread] WARN  FXGLAssetLoaderServi - Asset "/assets/textures/player_1_move_right.png" was not found!
15:44:34.168 [JavaFX Application Thread] WARN  FXGLAssetLoaderServi - Failed to load IMAGE
15:44:34.349 [JavaFX Application Thread] WARN  FXGLAssetLoaderServi - Asset "/assets/textures/player_1_move_right.png" was not found!
15:44:34.349 [JavaFX Application Thread] WARN  FXGLAssetLoaderServi - Failed to load IMAGE
15:44:34.366 [JavaFX Application Thread] WARN  FXGLAssetLoaderServi - Asset "/assets/textures/player_1_move_right.png" was not found!
15:44:34.367 [JavaFX Application Thread] WARN  FXGLAssetLoaderServi - Failed to load IMAGE
15:44:34.383 [JavaFX Application Thread] WARN  FXGLAssetLoaderServi - Asset "/assets/textures/player_1_move_right.png" was not found!
15:44:34.383 [JavaFX Application Thread] WARN  FXGLAssetLoaderServi - Failed to load IMAGE
15:44:34.400 [JavaFX Application Thread] WARN  FXGLAssetLoaderServi - Asset "/assets/textures/player_1_move_right.png" was not found!
15:44:34.400 [JavaFX Application Thread] WARN  FXGLAssetLoaderServi - Failed to load IMAGE
15:44:34.417 [JavaFX Application Thread] WARN  FXGLAssetLoaderServi - Asset "/assets/textures/player_1_move_right.png" was not found!
15:44:34.417 [JavaFX Application Thread] WARN  FXGLAssetLoaderServi - Failed to load IMAGE
15:44:34.432 [JavaFX Application Thread] WARN  FXGLAssetLoaderServi - Asset "/assets/textures/player_1_move_right.png" was not found!
15:44:34.433 [JavaFX Application Thread] WARN  FXGLAssetLoaderServi - Failed to load IMAGE
15:44:34.449 [JavaFX Application Thread] WARN  FXGLAssetLoaderServi - Asset "/assets/textures/player_1_move_right.png" was not found!
15:44:34.450 [JavaFX Application Thread] WARN  FXGLAssetLoaderServi - Failed to load IMAGE
15:44:34.985 [JavaFX Application Thread] WARN  FXGLAssetLoaderServi - Asset "/assets/textures/player_1_move_right.png" was not found!
15:44:34.985 [JavaFX Application Thread] WARN  FXGLAssetLoaderServi - Failed to load IMAGE
15:44:35.001 [JavaFX Application Thread] WARN  FXGLAssetLoaderServi - Asset "/assets/textures/player_1_move_right.png" was not found!
15:44:35.001 [JavaFX Application Thread] WARN  FXGLAssetLoaderServi - Failed to load IMAGE
15:44:35.022 [JavaFX Application Thread] WARN  FXGLAssetLoaderServi - Asset "/assets/textures/player_1_move_right.png" was not found!
15:44:35.023 [JavaFX Application Thread] WARN  FXGLAssetLoaderServi - Failed to load IMAGE
15:44:35.035 [JavaFX Application Thread] WARN  FXGLAssetLoaderServi - Asset "/assets/textures/player_1_move_right.png" was not found!
15:44:35.036 [JavaFX Application Thread] WARN  FXGLAssetLoaderServi - Failed to load IMAGE
15:44:35.049 [JavaFX Application Thread] WARN  FXGLAssetLoaderServi - Asset "/assets/textures/player_1_move_right.png" was not found!
15:44:35.049 [JavaFX Application Thread] WARN  FXGLAssetLoaderServi - Failed to load IMAGE
15:44:35.085 [JavaFX Application Thread] WARN  FXGLAssetLoaderServi - Asset "/assets/textures/player_1_move_right.png" was not found!
15:44:35.086 [JavaFX Application Thread] WARN  FXGLAssetLoaderServi - Failed to load IMAGE
15:44:40.642 [JavaFX Application Thread] DEBUG FXGLApplication      - Exiting FXGL
15:44:40.643 [JavaFX Application Thread] DEBUG LoopRunner           - Stopping loop
15:44:40.643 [JavaFX Application Thread] DEBUG SystemBundleService  - Saving FXGL system data
15:44:40.659 [JavaFX Application Thread] DEBUG FileSystemAccess     - Writing to: C:\Users\diewe\OneDrive\Documenten\GitHub\SE-Challengeweek\system\fxgl.bundle
15:44:40.666 [JavaFX Application Thread] DEBUG Async                - Shutting down background threads
15:44:40.668 [JavaFX Application Thread] DEBUG PrimaryStageWindow   - Closing main window
15:44:40.727 [JavaFX Application Thread] DEBUG Logger               - Closing Logger
