17:51:16.009 [main                     ] DEBUG Logger               - Configured Logger
17:51:16.025 [main                     ] DEBUG GameApplication      - Logging settings
Title: Bomberman
Version: 0.0
Width: 950
Height: 820
Fullscreen: false
Intro: false
Profiling: false
Single step:false
App Mode: DEVELOPER
Menu Key: ESCAPE
Stage Style: DECORATED
Scene Factory: class com.almasb.fxgl.app.scene.SceneFactory

17:51:16.357 [JavaFX Application Thread] DEBUG FXGLApplication      - Initializing FXGL
17:51:16.359 [JavaFX Application Thread] INFO  Engine               - FXGL-11.14 (01.03.2021 16.59) on WINDOWS (J:15.0.2 FX:15)
17:51:16.359 [JavaFX Application Thread] DEBUG Engine               - JRE Vendor Name: Amazon.com Inc.
17:51:16.360 [JavaFX Application Thread] DEBUG Engine               - Running on OS: Windows 10 version 10.0
17:51:16.360 [JavaFX Application Thread] DEBUG Engine               - Architecture: amd64
17:51:16.360 [JavaFX Application Thread] INFO  Engine               - Source code and latest versions at: https://github.com/AlmasB/FXGL
17:51:16.360 [JavaFX Application Thread] INFO  Engine               -              Join the FXGL chat at: https://gitter.im/AlmasB/FXGL
17:51:16.459 [JavaFX Application Thread] DEBUG PrimaryStageWindow   - Creating a JavaFX scene
17:51:16.505 [JavaFX Application Thread] DEBUG PrimaryStageWindow   - Target settings size: 950.0 x 820.0
17:51:16.506 [JavaFX Application Thread] DEBUG PrimaryStageWindow   - Scaled scene size:    950.0 x 820.0
17:51:16.506 [JavaFX Application Thread] DEBUG PrimaryStageWindow   - Scaled ratio: (1.0, 1.0)
17:51:16.507 [JavaFX Application Thread] DEBUG PrimaryStageWindow   - Set initial scene to FXGLStartupScene
17:51:16.513 [JavaFX Application Thread] DEBUG PrimaryStageWindow   - Opening main window
17:51:16.591 [JavaFX Application Thread] DEBUG PrimaryStageWindow   - Window border size: (14.79998779296875, 37.5999755859375)
17:51:16.591 [JavaFX Application Thread] DEBUG PrimaryStageWindow   - Scaled size: 950.0 x 820.0
17:51:16.591 [JavaFX Application Thread] DEBUG PrimaryStageWindow   - Scaled ratio: (1.0, 1.0)
17:51:16.592 [JavaFX Application Thread] DEBUG PrimaryStageWindow   - Scene size: 950.0 x 820.0
17:51:16.592 [JavaFX Application Thread] DEBUG PrimaryStageWindow   - Stage size: 964.7999877929688 x 857.5999755859375
17:51:16.600 [FXGL Background Thread 1 ] DEBUG Engine               - Initializing environment variables
17:51:16.638 [FXGL Background Thread 1 ] DEBUG FXGLAssetLoaderServi - User app class for loading assets: class Game
17:51:16.639 [FXGL Background Thread 1 ] DEBUG GameApplicationServi - Applying CSS: fxgl_dark.css
17:51:16.640 [FXGL Background Thread 1 ] DEBUG FXGLAssetLoaderServi - Loading from file system: jar:file:/C:/Users/stanm/.m2/repository/com/github/almasb/fxgl/11.14/fxgl-11.14.jar!/fxglassets/ui/css/fxgl_dark.css
17:51:16.686 [FXGL Background Thread 1 ] DEBUG GameApplicationServi - Initializing application scenes
17:51:16.718 [FXGL Background Thread 1 ] DEBUG GameWorld            - Game world initialized
17:51:16.774 [FXGL Background Thread 1 ] DEBUG PhysicsWorld         - Physics world initialized: appHeight=820, physics.ppm=50,0
17:51:16.775 [FXGL Background Thread 1 ] DEBUG PhysicsWorld         - Using strategy: BRUTE_FORCE
17:51:16.778 [FXGL Background Thread 1 ] DEBUG GameScene            - Game scene initialized: 950x820
17:51:16.824 [FXGL Background Thread 1 ] DEBUG FXGLAssetLoaderServi - Loading from file system: jar:file:/C:/Users/stanm/.m2/repository/com/github/almasb/fxgl/11.14/fxgl-11.14.jar!/fxglassets/textures/particles/trace_horizontal.png
17:51:16.871 [FXGL Background Thread 1 ] DEBUG FXGL.DefaultMenu     - createMenuBodyMainMenu()
17:51:16.885 [FXGL Background Thread 1 ] DEBUG FXGL.DefaultMenu     - createOptionsMenu()
17:51:16.889 [FXGL Background Thread 1 ] DEBUG FXGLAssetLoaderServi - Loading from file system: jar:file:/C:/Users/stanm/.m2/repository/com/github/almasb/fxgl/11.14/fxgl-11.14.jar!/fxglassets/textures/particles/smoke.png
17:51:16.945 [FXGL Background Thread 1 ] DEBUG FXGL.DefaultMenu     - createMenuBodyGameMenu()
17:51:16.946 [FXGL Background Thread 1 ] DEBUG FXGL.DefaultMenu     - createOptionsMenu()
17:51:16.960 [FXGL Background Thread 1 ] DEBUG GameApplicationServi - Application scenes initialized
17:51:16.972 [FXGL Background Thread 1 ] DEBUG SystemBundleService  - Loading FXGL system data
17:51:16.976 [FXGL Background Thread 1 ] DEBUG FileSystemAccess     - Reading from: C:\Users\stanm\Documents\SE-Challengeweek\system\fxgl.bundle
17:51:16.982 [FXGL Background Thread 1 ] DEBUG SystemBundleService  - Bundle FXGL: {}
17:51:16.982 [FXGL Background Thread 1 ] DEBUG UpdaterService       - Checking for updates
17:51:17.010 [FXGL Background Thread 4 ] DEBUG FXGLApplication      - Loading fonts
17:51:17.010 [FXGL Background Thread 1 ] DEBUG FXGLApplication      - Loading default localization
17:51:17.011 [FXGL Background Thread 4 ] DEBUG FXGLAssetLoaderServi - Loading from file system: jar:file:/C:/Users/stanm/.m2/repository/com/github/almasb/fxgl/11.14/fxgl-11.14.jar!/fxglassets/ui/fonts/VarelaRound-Regular.ttf
17:51:17.011 [FXGL Background Thread 1 ] DEBUG FXGLAssetLoaderServi - Loading from file system: jar:file:/C:/Users/stanm/.m2/repository/com/github/almasb/fxgl/11.14/fxgl-11.14.jar!/fxglassets/languages/english.lang
17:51:17.026 [FXGL Background Thread 1 ] INFO  FXGLApplication      - FXGL initialization took: 0,425 sec
17:51:17.038 [JavaFX Application Thread] DEBUG Input                - Registered new binding: up - W
17:51:17.038 [JavaFX Application Thread] DEBUG Input                - Registered new binding: up2 - Up
17:51:17.038 [JavaFX Application Thread] DEBUG Input                - Registered new binding: down - S
17:51:17.039 [JavaFX Application Thread] DEBUG Input                - Registered new binding: down2 - Down
17:51:17.039 [JavaFX Application Thread] DEBUG Input                - Registered new binding: left - A
17:51:17.039 [JavaFX Application Thread] DEBUG Input                - Registered new binding: left2 - Left
17:51:17.039 [JavaFX Application Thread] DEBUG Input                - Registered new binding: right - D
17:51:17.040 [JavaFX Application Thread] DEBUG Input                - Registered new binding: right2 - Right
17:51:17.040 [JavaFX Application Thread] DEBUG Input                - Registered new binding: Place Bomb - Space
17:51:17.040 [JavaFX Application Thread] DEBUG Input                - Registered new binding: Place Bomb2 - Enter
17:51:17.041 [JavaFX Application Thread] DEBUG FXGLAssetLoaderServi - Loading from file system: jar:file:/C:/Users/stanm/.m2/repository/com/github/almasb/fxgl/11.14/fxgl-11.14.jar!/fxglassets/textures/fxgl_icon.png
17:51:17.062 [JavaFX Application Thread] DEBUG FXGLAssetLoaderServi - Loading from file system: jar:file:/C:/Users/stanm/.m2/repository/com/github/almasb/fxgl/11.14/fxgl-11.14.jar!/fxglassets/ui/cursors/fxgl_default.png
17:51:17.064 [JavaFX Application Thread] DEBUG Input                - Registered new binding: Screenshot - P
17:51:17.065 [JavaFX Application Thread] DEBUG Input                - Registered new binding: Dev Options - 1
17:51:17.066 [JavaFX Application Thread] DEBUG Input                - Registered new binding: Dev Console - 2
17:51:17.066 [JavaFX Application Thread] DEBUG Input                - Registered new binding: System info dump - CTRL+9
17:51:17.067 [JavaFX Application Thread] DEBUG Input                - Registered new binding: Restart - CTRL+R
17:51:17.068 [JavaFX Application Thread] DEBUG Input                - Registered new binding: Toggle Debug Camera - CTRL+C
17:51:17.070 [JavaFX Application Thread] DEBUG LoopRunner           - Starting loop
17:51:17.076 [FXGL Background Thread 4 ] DEBUG FXGLAssetLoaderServi - Loading from file system: jar:file:/C:/Users/stanm/.m2/repository/com/github/almasb/fxgl/11.14/fxgl-11.14.jar!/fxglassets/ui/fonts/Abel-Regular.ttf
17:51:17.086 [JavaFX Application Thread] DEBUG LoopRunner           - Initializing JavaFX AnimationTimerLoop
17:51:17.089 [JavaFX Application Thread] DEBUG Input                - Clearing active input actions
17:51:17.094 [FXGL Background Thread 4 ] DEBUG FXGLAssetLoaderServi - Loading from file system: jar:file:/C:/Users/stanm/.m2/repository/com/github/almasb/fxgl/11.14/fxgl-11.14.jar!/fxglassets/ui/fonts/lucida_console.ttf
17:51:17.099 [JavaFX Application Thread] DEBUG GameApplicationServi - Removing overlay from FXGLStartupScene and adding to FXGLMainMenuDummyScene
17:51:17.104 [JavaFX Application Thread] DEBUG PrimaryStageWindow   - FXGLStartupScene -> FXGLMainMenuDummyScene
17:51:17.104 [JavaFX Application Thread] DEBUG PrimaryStageWindow   - Push state: FXGLDefaultMenu
17:51:17.106 [FXGL Background Thread 4 ] DEBUG FXGLAssetLoaderServi - Loading from file system: jar:file:/C:/Users/stanm/.m2/repository/com/github/almasb/fxgl/11.14/fxgl-11.14.jar!/fxglassets/ui/fonts/Courier-Prime.ttf
17:51:17.110 [JavaFX Application Thread] DEBUG Input                - Clearing active input actions
17:51:17.118 [JavaFX Application Thread] DEBUG GameApplicationServi - Removing overlay from FXGLMainMenuDummyScene and adding to FXGLDefaultMenu
17:51:17.119 [JavaFX Application Thread] DEBUG PrimaryStageWindow   - FXGLMainMenuDummyScene -> FXGLDefaultMenu
17:51:17.324 [JavaFX Application Thread] DEBUG FXGLApplication      - Registering font factories with UI factory
17:51:17.341 [FXGL Background Thread 2 ] INFO  UpdaterService       - Your current version:  11.14
17:51:17.341 [FXGL Background Thread 2 ] INFO  UpdaterService       - Latest stable version: 17.1
17:51:18.688 [JavaFX Application Thread] DEBUG Menu                 - fireNewGame()
17:51:18.688 [JavaFX Application Thread] DEBUG GameApplicationServi - Starting new game
17:51:18.690 [JavaFX Application Thread] DEBUG PrimaryStageWindow   - Pop state: FXGLDefaultMenu
17:51:18.690 [JavaFX Application Thread] DEBUG Input                - Clearing active input actions
17:51:18.693 [JavaFX Application Thread] DEBUG GameApplicationServi - Removing overlay from FXGLDefaultMenu and adding to FXGLMainMenuDummyScene
17:51:18.695 [JavaFX Application Thread] DEBUG PrimaryStageWindow   - FXGLMainMenuDummyScene <- FXGLDefaultMenu
17:51:18.695 [JavaFX Application Thread] DEBUG Input                - Clearing active input actions
17:51:18.702 [JavaFX Application Thread] DEBUG GameApplicationServi - Removing overlay from FXGLMainMenuDummyScene and adding to FXGLLoadingScene
17:51:18.702 [JavaFX Application Thread] DEBUG PrimaryStageWindow   - FXGLMainMenuDummyScene -> FXGLLoadingScene
17:51:18.703 [JavaFX Application Thread] DEBUG GameApplicationServi - Clearing previous game
17:51:18.703 [JavaFX Application Thread] DEBUG GameScene            - Clearing game scene
17:51:18.703 [JavaFX Application Thread] DEBUG GameWorld            - Clearing game world
17:51:18.703 [JavaFX Application Thread] DEBUG PhysicsWorld         - Clearing physics world
17:51:18.704 [FXGL Background Thread 2 ] DEBUG FXGLApplication      - Initializing game
17:51:18.739 [FXGL Background Thread 2 ] WARN  TMXLevelLoader       - TiledMap generated from 1.8.4. Supported version: 1.2.3. Some features may not be parsed fully.
17:51:18.747 [FXGL Background Thread 2 ] DEBUG TMXLevelLoader       - Parsed raw map: TiledMap(width=15, height=13, tilewidth=64, tileheight=64, orientation=orthogonal, layers=[Layer(width=15, height=13, name=Tile Layer 1, type=tilelayer, visible=false, x=0, y=0, data=[8, 8, 8, 8, 8, 8, 8, 8, 8, 8, 8, 8, 8, 8, 8, 8, 7, 7, 7, 7, 7, 7, 7, 7, 7, 7, 7, 7, 7, 8, 8, 7, 4, 7, 4, 7, 4, 7, 4, 7, 4, 7, 4, 7, 8, 8, 7, 7, 7, 7, 7, 7, 7, 7, 7, 7, 7, 7, 7, 8, 8, 7, 4, 7, 4, 7, 4, 7, 4, 7, 4, 7, 4, 7, 8, 8, 7, 7, 7, 7, 7, 7, 7, 7, 7, 7, 7, 7, 7, 8, 8, 7, 4, 7, 4, 7, 4, 7, 4, 7, 4, 7, 4, 7, 8, 8, 7, 7, 7, 7, 7, 7, 7, 7, 7, 7, 7, 7, 7, 8, 8, 7, 4, 7, 4, 7, 4, 7, 4, 7, 4, 7, 4, 7, 8, 8, 7, 7, 7, 7, 7, 7, 7, 7, 7, 7, 7, 7, 7, 8, 8, 7, 4, 7, 4, 7, 4, 7, 4, 7, 4, 7, 4, 7, 8, 8, 7, 7, 7, 7, 7, 7, 7, 7, 7, 7, 7, 7, 7, 8, 8, 8, 8, 8, 8, 8, 8, 8, 8, 8, 8, 8, 8, 8, 8], objects=[], opacity=0.0, draworder=), Layer(width=0, height=0, name=Object Layer 1, type=objectgroup, visible=false, x=0, y=0, data=[], objects=[com.almasb.fxgl.entity.level.tiled.TiledObject@76914463, com.almasb.fxgl.entity.level.tiled.TiledObject@3836b872, com.almasb.fxgl.entity.level.tiled.TiledObject@e0ea917, com.almasb.fxgl.entity.level.tiled.TiledObject@270a247c, com.almasb.fxgl.entity.level.tiled.TiledObject@5b44cea2, com.almasb.fxgl.entity.level.tiled.TiledObject@563c0890, com.almasb.fxgl.entity.level.tiled.TiledObject@2d015551, com.almasb.fxgl.entity.level.tiled.TiledObject@5b5ebd49, com.almasb.fxgl.entity.level.tiled.TiledObject@2692595e, com.almasb.fxgl.entity.level.tiled.TiledObject@105cbd94, com.almasb.fxgl.entity.level.tiled.TiledObject@37d0c913, com.almasb.fxgl.entity.level.tiled.TiledObject@19ca8e55, com.almasb.fxgl.entity.level.tiled.TiledObject@2da66c9b, com.almasb.fxgl.entity.level.tiled.TiledObject@58e3d4a6, com.almasb.fxgl.entity.level.tiled.TiledObject@69ca16f8, com.almasb.fxgl.entity.level.tiled.TiledObject@24bf95b2, com.almasb.fxgl.entity.level.tiled.TiledObject@3ae3e70a, com.almasb.fxgl.entity.level.tiled.TiledObject@7ce35214, com.almasb.fxgl.entity.level.tiled.TiledObject@4527e6a6, com.almasb.fxgl.entity.level.tiled.TiledObject@1dedf9b5, com.almasb.fxgl.entity.level.tiled.TiledObject@389386b5, com.almasb.fxgl.entity.level.tiled.TiledObject@5e060041, com.almasb.fxgl.entity.level.tiled.TiledObject@246edff1, com.almasb.fxgl.entity.level.tiled.TiledObject@56bcba98, com.almasb.fxgl.entity.level.tiled.TiledObject@72be38d4, com.almasb.fxgl.entity.level.tiled.TiledObject@1c542aca, com.almasb.fxgl.entity.level.tiled.TiledObject@4e17efe6, com.almasb.fxgl.entity.level.tiled.TiledObject@7dcce4c6, com.almasb.fxgl.entity.level.tiled.TiledObject@7eb70b33, com.almasb.fxgl.entity.level.tiled.TiledObject@43087c55, com.almasb.fxgl.entity.level.tiled.TiledObject@3211d30d, com.almasb.fxgl.entity.level.tiled.TiledObject@28e1fb5d, com.almasb.fxgl.entity.level.tiled.TiledObject@6ec993e1, com.almasb.fxgl.entity.level.tiled.TiledObject@6ea3a0b9], opacity=0.0, draworder=)], tilesets=[Tileset(firstgid=1, image=spritesheet(1).png, name=spritesheet(1), tilewidth=64, tileheight=64, imagewidth=1472, imageheight=64, margin=0, spacing=0, columns=23, tilecount=23, transparentcolor=, tiles=[])], backgroundcolor=, renderorder=right-down, nextobjectid=139, version=1, tiledversion=1.8.4, type=map, infinite=false, hexsidelength=0, staggeraxis=, staggerindex=, properties={}, propertytypes={})
17:51:18.748 [FXGL Background Thread 2 ] DEBUG TMXLevelLoader       - Creating tile layer entities
17:51:18.749 [FXGL Background Thread 2 ] DEBUG TilesetLoader        - Loading view for layer Tile Layer 1
17:51:18.750 [FXGL Background Thread 2 ] DEBUG TilesetLoader        - Created buffer with size 960.0x832.0
17:51:18.756 [FXGL Background Thread 2 ] DEBUG TilesetLoader        - Writing to buffer: dst=0,0, w=64,h=64, src=448,0
17:51:18.756 [FXGL Background Thread 2 ] DEBUG TilesetLoader        - Writing to buffer: dst=64,0, w=64,h=64, src=448,0
17:51:18.757 [FXGL Background Thread 2 ] DEBUG TilesetLoader        - Writing to buffer: dst=128,0, w=64,h=64, src=448,0
17:51:18.757 [FXGL Background Thread 2 ] DEBUG TilesetLoader        - Writing to buffer: dst=192,0, w=64,h=64, src=448,0
17:51:18.757 [FXGL Background Thread 2 ] DEBUG TilesetLoader        - Writing to buffer: dst=256,0, w=64,h=64, src=448,0
17:51:18.758 [FXGL Background Thread 2 ] DEBUG TilesetLoader        - Writing to buffer: dst=320,0, w=64,h=64, src=448,0
17:51:18.758 [FXGL Background Thread 2 ] DEBUG TilesetLoader        - Writing to buffer: dst=384,0, w=64,h=64, src=448,0
17:51:18.759 [FXGL Background Thread 2 ] DEBUG TilesetLoader        - Writing to buffer: dst=448,0, w=64,h=64, src=448,0
17:51:18.759 [FXGL Background Thread 2 ] DEBUG TilesetLoader        - Writing to buffer: dst=512,0, w=64,h=64, src=448,0
17:51:18.759 [FXGL Background Thread 2 ] DEBUG TilesetLoader        - Writing to buffer: dst=576,0, w=64,h=64, src=448,0
17:51:18.759 [FXGL Background Thread 2 ] DEBUG TilesetLoader        - Writing to buffer: dst=640,0, w=64,h=64, src=448,0
17:51:18.760 [FXGL Background Thread 2 ] DEBUG TilesetLoader        - Writing to buffer: dst=704,0, w=64,h=64, src=448,0
17:51:18.760 [FXGL Background Thread 2 ] DEBUG TilesetLoader        - Writing to buffer: dst=768,0, w=64,h=64, src=448,0
17:51:18.760 [FXGL Background Thread 2 ] DEBUG TilesetLoader        - Writing to buffer: dst=832,0, w=64,h=64, src=448,0
17:51:18.760 [FXGL Background Thread 2 ] DEBUG TilesetLoader        - Writing to buffer: dst=896,0, w=64,h=64, src=448,0
17:51:18.761 [FXGL Background Thread 2 ] DEBUG TilesetLoader        - Writing to buffer: dst=0,64, w=64,h=64, src=448,0
17:51:18.761 [FXGL Background Thread 2 ] DEBUG TilesetLoader        - Writing to buffer: dst=64,64, w=64,h=64, src=384,0
17:51:18.761 [FXGL Background Thread 2 ] DEBUG TilesetLoader        - Writing to buffer: dst=128,64, w=64,h=64, src=384,0
17:51:18.762 [FXGL Background Thread 2 ] DEBUG TilesetLoader        - Writing to buffer: dst=192,64, w=64,h=64, src=384,0
17:51:18.762 [FXGL Background Thread 2 ] DEBUG TilesetLoader        - Writing to buffer: dst=256,64, w=64,h=64, src=384,0
17:51:18.762 [FXGL Background Thread 2 ] DEBUG TilesetLoader        - Writing to buffer: dst=320,64, w=64,h=64, src=384,0
17:51:18.763 [FXGL Background Thread 2 ] DEBUG TilesetLoader        - Writing to buffer: dst=384,64, w=64,h=64, src=384,0
17:51:18.763 [FXGL Background Thread 2 ] DEBUG TilesetLoader        - Writing to buffer: dst=448,64, w=64,h=64, src=384,0
17:51:18.763 [FXGL Background Thread 2 ] DEBUG TilesetLoader        - Writing to buffer: dst=512,64, w=64,h=64, src=384,0
17:51:18.763 [FXGL Background Thread 2 ] DEBUG TilesetLoader        - Writing to buffer: dst=576,64, w=64,h=64, src=384,0
17:51:18.763 [FXGL Background Thread 2 ] DEBUG TilesetLoader        - Writing to buffer: dst=640,64, w=64,h=64, src=384,0
17:51:18.764 [FXGL Background Thread 2 ] DEBUG TilesetLoader        - Writing to buffer: dst=704,64, w=64,h=64, src=384,0
17:51:18.764 [FXGL Background Thread 2 ] DEBUG TilesetLoader        - Writing to buffer: dst=768,64, w=64,h=64, src=384,0
17:51:18.764 [FXGL Background Thread 2 ] DEBUG TilesetLoader        - Writing to buffer: dst=832,64, w=64,h=64, src=384,0
17:51:18.764 [FXGL Background Thread 2 ] DEBUG TilesetLoader        - Writing to buffer: dst=896,64, w=64,h=64, src=448,0
17:51:18.765 [FXGL Background Thread 2 ] DEBUG TilesetLoader        - Writing to buffer: dst=0,128, w=64,h=64, src=448,0
17:51:18.765 [FXGL Background Thread 2 ] DEBUG TilesetLoader        - Writing to buffer: dst=64,128, w=64,h=64, src=384,0
17:51:18.765 [FXGL Background Thread 2 ] DEBUG TilesetLoader        - Writing to buffer: dst=128,128, w=64,h=64, src=192,0
17:51:18.765 [FXGL Background Thread 2 ] DEBUG TilesetLoader        - Writing to buffer: dst=192,128, w=64,h=64, src=384,0
17:51:18.765 [FXGL Background Thread 2 ] DEBUG TilesetLoader        - Writing to buffer: dst=256,128, w=64,h=64, src=192,0
17:51:18.766 [FXGL Background Thread 2 ] DEBUG TilesetLoader        - Writing to buffer: dst=320,128, w=64,h=64, src=384,0
17:51:18.766 [FXGL Background Thread 2 ] DEBUG TilesetLoader        - Writing to buffer: dst=384,128, w=64,h=64, src=192,0
17:51:18.766 [FXGL Background Thread 2 ] DEBUG TilesetLoader        - Writing to buffer: dst=448,128, w=64,h=64, src=384,0
17:51:18.766 [FXGL Background Thread 2 ] DEBUG TilesetLoader        - Writing to buffer: dst=512,128, w=64,h=64, src=192,0
17:51:18.767 [FXGL Background Thread 2 ] DEBUG TilesetLoader        - Writing to buffer: dst=576,128, w=64,h=64, src=384,0
17:51:18.767 [FXGL Background Thread 2 ] DEBUG TilesetLoader        - Writing to buffer: dst=640,128, w=64,h=64, src=192,0
17:51:18.767 [FXGL Background Thread 2 ] DEBUG TilesetLoader        - Writing to buffer: dst=704,128, w=64,h=64, src=384,0
17:51:18.767 [FXGL Background Thread 2 ] DEBUG TilesetLoader        - Writing to buffer: dst=768,128, w=64,h=64, src=192,0
17:51:18.767 [FXGL Background Thread 2 ] DEBUG TilesetLoader        - Writing to buffer: dst=832,128, w=64,h=64, src=384,0
17:51:18.767 [FXGL Background Thread 2 ] DEBUG TilesetLoader        - Writing to buffer: dst=896,128, w=64,h=64, src=448,0
17:51:18.768 [FXGL Background Thread 2 ] DEBUG TilesetLoader        - Writing to buffer: dst=0,192, w=64,h=64, src=448,0
17:51:18.768 [FXGL Background Thread 2 ] DEBUG TilesetLoader        - Writing to buffer: dst=64,192, w=64,h=64, src=384,0
17:51:18.768 [FXGL Background Thread 2 ] DEBUG TilesetLoader        - Writing to buffer: dst=128,192, w=64,h=64, src=384,0
17:51:18.768 [FXGL Background Thread 2 ] DEBUG TilesetLoader        - Writing to buffer: dst=192,192, w=64,h=64, src=384,0
17:51:18.768 [FXGL Background Thread 2 ] DEBUG TilesetLoader        - Writing to buffer: dst=256,192, w=64,h=64, src=384,0
17:51:18.769 [FXGL Background Thread 2 ] DEBUG TilesetLoader        - Writing to buffer: dst=320,192, w=64,h=64, src=384,0
17:51:18.769 [FXGL Background Thread 2 ] DEBUG TilesetLoader        - Writing to buffer: dst=384,192, w=64,h=64, src=384,0
17:51:18.769 [FXGL Background Thread 2 ] DEBUG TilesetLoader        - Writing to buffer: dst=448,192, w=64,h=64, src=384,0
17:51:18.770 [FXGL Background Thread 2 ] DEBUG TilesetLoader        - Writing to buffer: dst=512,192, w=64,h=64, src=384,0
17:51:18.770 [FXGL Background Thread 2 ] DEBUG TilesetLoader        - Writing to buffer: dst=576,192, w=64,h=64, src=384,0
17:51:18.770 [FXGL Background Thread 2 ] DEBUG TilesetLoader        - Writing to buffer: dst=640,192, w=64,h=64, src=384,0
17:51:18.770 [FXGL Background Thread 2 ] DEBUG TilesetLoader        - Writing to buffer: dst=704,192, w=64,h=64, src=384,0
17:51:18.770 [FXGL Background Thread 2 ] DEBUG TilesetLoader        - Writing to buffer: dst=768,192, w=64,h=64, src=384,0
17:51:18.771 [FXGL Background Thread 2 ] DEBUG TilesetLoader        - Writing to buffer: dst=832,192, w=64,h=64, src=384,0
17:51:18.771 [FXGL Background Thread 2 ] DEBUG TilesetLoader        - Writing to buffer: dst=896,192, w=64,h=64, src=448,0
17:51:18.771 [FXGL Background Thread 2 ] DEBUG TilesetLoader        - Writing to buffer: dst=0,256, w=64,h=64, src=448,0
17:51:18.771 [FXGL Background Thread 2 ] DEBUG TilesetLoader        - Writing to buffer: dst=64,256, w=64,h=64, src=384,0
17:51:18.771 [FXGL Background Thread 2 ] DEBUG TilesetLoader        - Writing to buffer: dst=128,256, w=64,h=64, src=192,0
17:51:18.771 [FXGL Background Thread 2 ] DEBUG TilesetLoader        - Writing to buffer: dst=192,256, w=64,h=64, src=384,0
17:51:18.771 [FXGL Background Thread 2 ] DEBUG TilesetLoader        - Writing to buffer: dst=256,256, w=64,h=64, src=192,0
17:51:18.772 [FXGL Background Thread 2 ] DEBUG TilesetLoader        - Writing to buffer: dst=320,256, w=64,h=64, src=384,0
17:51:18.772 [FXGL Background Thread 2 ] DEBUG TilesetLoader        - Writing to buffer: dst=384,256, w=64,h=64, src=192,0
17:51:18.772 [FXGL Background Thread 2 ] DEBUG TilesetLoader        - Writing to buffer: dst=448,256, w=64,h=64, src=384,0
17:51:18.772 [FXGL Background Thread 2 ] DEBUG TilesetLoader        - Writing to buffer: dst=512,256, w=64,h=64, src=192,0
17:51:18.773 [FXGL Background Thread 2 ] DEBUG TilesetLoader        - Writing to buffer: dst=576,256, w=64,h=64, src=384,0
17:51:18.773 [FXGL Background Thread 2 ] DEBUG TilesetLoader        - Writing to buffer: dst=640,256, w=64,h=64, src=192,0
17:51:18.773 [FXGL Background Thread 2 ] DEBUG TilesetLoader        - Writing to buffer: dst=704,256, w=64,h=64, src=384,0
17:51:18.773 [FXGL Background Thread 2 ] DEBUG TilesetLoader        - Writing to buffer: dst=768,256, w=64,h=64, src=192,0
17:51:18.773 [FXGL Background Thread 2 ] DEBUG TilesetLoader        - Writing to buffer: dst=832,256, w=64,h=64, src=384,0
17:51:18.773 [FXGL Background Thread 2 ] DEBUG TilesetLoader        - Writing to buffer: dst=896,256, w=64,h=64, src=448,0
17:51:18.774 [FXGL Background Thread 2 ] DEBUG TilesetLoader        - Writing to buffer: dst=0,320, w=64,h=64, src=448,0
17:51:18.774 [FXGL Background Thread 2 ] DEBUG TilesetLoader        - Writing to buffer: dst=64,320, w=64,h=64, src=384,0
17:51:18.774 [FXGL Background Thread 2 ] DEBUG TilesetLoader        - Writing to buffer: dst=128,320, w=64,h=64, src=384,0
17:51:18.774 [FXGL Background Thread 2 ] DEBUG TilesetLoader        - Writing to buffer: dst=192,320, w=64,h=64, src=384,0
17:51:18.774 [FXGL Background Thread 2 ] DEBUG TilesetLoader        - Writing to buffer: dst=256,320, w=64,h=64, src=384,0
17:51:18.774 [FXGL Background Thread 2 ] DEBUG TilesetLoader        - Writing to buffer: dst=320,320, w=64,h=64, src=384,0
17:51:18.774 [FXGL Background Thread 2 ] DEBUG TilesetLoader        - Writing to buffer: dst=384,320, w=64,h=64, src=384,0
17:51:18.775 [FXGL Background Thread 2 ] DEBUG TilesetLoader        - Writing to buffer: dst=448,320, w=64,h=64, src=384,0
17:51:18.775 [FXGL Background Thread 2 ] DEBUG TilesetLoader        - Writing to buffer: dst=512,320, w=64,h=64, src=384,0
17:51:18.775 [FXGL Background Thread 2 ] DEBUG TilesetLoader        - Writing to buffer: dst=576,320, w=64,h=64, src=384,0
17:51:18.775 [FXGL Background Thread 2 ] DEBUG TilesetLoader        - Writing to buffer: dst=640,320, w=64,h=64, src=384,0
17:51:18.776 [FXGL Background Thread 2 ] DEBUG TilesetLoader        - Writing to buffer: dst=704,320, w=64,h=64, src=384,0
17:51:18.776 [FXGL Background Thread 2 ] DEBUG TilesetLoader        - Writing to buffer: dst=768,320, w=64,h=64, src=384,0
17:51:18.776 [FXGL Background Thread 2 ] DEBUG TilesetLoader        - Writing to buffer: dst=832,320, w=64,h=64, src=384,0
17:51:18.776 [FXGL Background Thread 2 ] DEBUG TilesetLoader        - Writing to buffer: dst=896,320, w=64,h=64, src=448,0
17:51:18.776 [FXGL Background Thread 2 ] DEBUG TilesetLoader        - Writing to buffer: dst=0,384, w=64,h=64, src=448,0
17:51:18.777 [FXGL Background Thread 2 ] DEBUG TilesetLoader        - Writing to buffer: dst=64,384, w=64,h=64, src=384,0
17:51:18.777 [FXGL Background Thread 2 ] DEBUG TilesetLoader        - Writing to buffer: dst=128,384, w=64,h=64, src=192,0
17:51:18.777 [FXGL Background Thread 2 ] DEBUG TilesetLoader        - Writing to buffer: dst=192,384, w=64,h=64, src=384,0
17:51:18.777 [FXGL Background Thread 2 ] DEBUG TilesetLoader        - Writing to buffer: dst=256,384, w=64,h=64, src=192,0
17:51:18.777 [FXGL Background Thread 2 ] DEBUG TilesetLoader        - Writing to buffer: dst=320,384, w=64,h=64, src=384,0
17:51:18.777 [FXGL Background Thread 2 ] DEBUG TilesetLoader        - Writing to buffer: dst=384,384, w=64,h=64, src=192,0
17:51:18.777 [FXGL Background Thread 2 ] DEBUG TilesetLoader        - Writing to buffer: dst=448,384, w=64,h=64, src=384,0
17:51:18.778 [FXGL Background Thread 2 ] DEBUG TilesetLoader        - Writing to buffer: dst=512,384, w=64,h=64, src=192,0
17:51:18.778 [FXGL Background Thread 2 ] DEBUG TilesetLoader        - Writing to buffer: dst=576,384, w=64,h=64, src=384,0
17:51:18.778 [FXGL Background Thread 2 ] DEBUG TilesetLoader        - Writing to buffer: dst=640,384, w=64,h=64, src=192,0
17:51:18.778 [FXGL Background Thread 2 ] DEBUG TilesetLoader        - Writing to buffer: dst=704,384, w=64,h=64, src=384,0
17:51:18.779 [FXGL Background Thread 2 ] DEBUG TilesetLoader        - Writing to buffer: dst=768,384, w=64,h=64, src=192,0
17:51:18.779 [FXGL Background Thread 2 ] DEBUG TilesetLoader        - Writing to buffer: dst=832,384, w=64,h=64, src=384,0
17:51:18.779 [FXGL Background Thread 2 ] DEBUG TilesetLoader        - Writing to buffer: dst=896,384, w=64,h=64, src=448,0
17:51:18.779 [FXGL Background Thread 2 ] DEBUG TilesetLoader        - Writing to buffer: dst=0,448, w=64,h=64, src=448,0
17:51:18.779 [FXGL Background Thread 2 ] DEBUG TilesetLoader        - Writing to buffer: dst=64,448, w=64,h=64, src=384,0
17:51:18.780 [FXGL Background Thread 2 ] DEBUG TilesetLoader        - Writing to buffer: dst=128,448, w=64,h=64, src=384,0
17:51:18.780 [FXGL Background Thread 2 ] DEBUG TilesetLoader        - Writing to buffer: dst=192,448, w=64,h=64, src=384,0
17:51:18.780 [FXGL Background Thread 2 ] DEBUG TilesetLoader        - Writing to buffer: dst=256,448, w=64,h=64, src=384,0
17:51:18.780 [FXGL Background Thread 2 ] DEBUG TilesetLoader        - Writing to buffer: dst=320,448, w=64,h=64, src=384,0
17:51:18.780 [FXGL Background Thread 2 ] DEBUG TilesetLoader        - Writing to buffer: dst=384,448, w=64,h=64, src=384,0
17:51:18.781 [FXGL Background Thread 2 ] DEBUG TilesetLoader        - Writing to buffer: dst=448,448, w=64,h=64, src=384,0
17:51:18.781 [FXGL Background Thread 2 ] DEBUG TilesetLoader        - Writing to buffer: dst=512,448, w=64,h=64, src=384,0
17:51:18.781 [FXGL Background Thread 2 ] DEBUG TilesetLoader        - Writing to buffer: dst=576,448, w=64,h=64, src=384,0
17:51:18.781 [FXGL Background Thread 2 ] DEBUG TilesetLoader        - Writing to buffer: dst=640,448, w=64,h=64, src=384,0
17:51:18.782 [FXGL Background Thread 2 ] DEBUG TilesetLoader        - Writing to buffer: dst=704,448, w=64,h=64, src=384,0
17:51:18.782 [FXGL Background Thread 2 ] DEBUG TilesetLoader        - Writing to buffer: dst=768,448, w=64,h=64, src=384,0
17:51:18.782 [FXGL Background Thread 2 ] DEBUG TilesetLoader        - Writing to buffer: dst=832,448, w=64,h=64, src=384,0
17:51:18.782 [FXGL Background Thread 2 ] DEBUG TilesetLoader        - Writing to buffer: dst=896,448, w=64,h=64, src=448,0
17:51:18.783 [FXGL Background Thread 2 ] DEBUG TilesetLoader        - Writing to buffer: dst=0,512, w=64,h=64, src=448,0
17:51:18.783 [FXGL Background Thread 2 ] DEBUG TilesetLoader        - Writing to buffer: dst=64,512, w=64,h=64, src=384,0
17:51:18.783 [FXGL Background Thread 2 ] DEBUG TilesetLoader        - Writing to buffer: dst=128,512, w=64,h=64, src=192,0
17:51:18.783 [FXGL Background Thread 2 ] DEBUG TilesetLoader        - Writing to buffer: dst=192,512, w=64,h=64, src=384,0
17:51:18.783 [FXGL Background Thread 2 ] DEBUG TilesetLoader        - Writing to buffer: dst=256,512, w=64,h=64, src=192,0
17:51:18.783 [FXGL Background Thread 2 ] DEBUG TilesetLoader        - Writing to buffer: dst=320,512, w=64,h=64, src=384,0
17:51:18.783 [FXGL Background Thread 2 ] DEBUG TilesetLoader        - Writing to buffer: dst=384,512, w=64,h=64, src=192,0
17:51:18.783 [FXGL Background Thread 2 ] DEBUG TilesetLoader        - Writing to buffer: dst=448,512, w=64,h=64, src=384,0
17:51:18.784 [FXGL Background Thread 2 ] DEBUG TilesetLoader        - Writing to buffer: dst=512,512, w=64,h=64, src=192,0
17:51:18.784 [FXGL Background Thread 2 ] DEBUG TilesetLoader        - Writing to buffer: dst=576,512, w=64,h=64, src=384,0
17:51:18.784 [FXGL Background Thread 2 ] DEBUG TilesetLoader        - Writing to buffer: dst=640,512, w=64,h=64, src=192,0
17:51:18.784 [FXGL Background Thread 2 ] DEBUG TilesetLoader        - Writing to buffer: dst=704,512, w=64,h=64, src=384,0
17:51:18.785 [FXGL Background Thread 2 ] DEBUG TilesetLoader        - Writing to buffer: dst=768,512, w=64,h=64, src=192,0
17:51:18.785 [FXGL Background Thread 2 ] DEBUG TilesetLoader        - Writing to buffer: dst=832,512, w=64,h=64, src=384,0
17:51:18.785 [FXGL Background Thread 2 ] DEBUG TilesetLoader        - Writing to buffer: dst=896,512, w=64,h=64, src=448,0
17:51:18.785 [FXGL Background Thread 2 ] DEBUG TilesetLoader        - Writing to buffer: dst=0,576, w=64,h=64, src=448,0
17:51:18.785 [FXGL Background Thread 2 ] DEBUG TilesetLoader        - Writing to buffer: dst=64,576, w=64,h=64, src=384,0
17:51:18.785 [FXGL Background Thread 2 ] DEBUG TilesetLoader        - Writing to buffer: dst=128,576, w=64,h=64, src=384,0
17:51:18.785 [FXGL Background Thread 2 ] DEBUG TilesetLoader        - Writing to buffer: dst=192,576, w=64,h=64, src=384,0
17:51:18.786 [FXGL Background Thread 2 ] DEBUG TilesetLoader        - Writing to buffer: dst=256,576, w=64,h=64, src=384,0
17:51:18.786 [FXGL Background Thread 2 ] DEBUG TilesetLoader        - Writing to buffer: dst=320,576, w=64,h=64, src=384,0
17:51:18.786 [FXGL Background Thread 2 ] DEBUG TilesetLoader        - Writing to buffer: dst=384,576, w=64,h=64, src=384,0
17:51:18.786 [FXGL Background Thread 2 ] DEBUG TilesetLoader        - Writing to buffer: dst=448,576, w=64,h=64, src=384,0
17:51:18.786 [FXGL Background Thread 2 ] DEBUG TilesetLoader        - Writing to buffer: dst=512,576, w=64,h=64, src=384,0
17:51:18.786 [FXGL Background Thread 2 ] DEBUG TilesetLoader        - Writing to buffer: dst=576,576, w=64,h=64, src=384,0
17:51:18.786 [FXGL Background Thread 2 ] DEBUG TilesetLoader        - Writing to buffer: dst=640,576, w=64,h=64, src=384,0
17:51:18.786 [FXGL Background Thread 2 ] DEBUG TilesetLoader        - Writing to buffer: dst=704,576, w=64,h=64, src=384,0
17:51:18.787 [FXGL Background Thread 2 ] DEBUG TilesetLoader        - Writing to buffer: dst=768,576, w=64,h=64, src=384,0
17:51:18.787 [FXGL Background Thread 2 ] DEBUG TilesetLoader        - Writing to buffer: dst=832,576, w=64,h=64, src=384,0
17:51:18.787 [FXGL Background Thread 2 ] DEBUG TilesetLoader        - Writing to buffer: dst=896,576, w=64,h=64, src=448,0
17:51:18.787 [FXGL Background Thread 2 ] DEBUG TilesetLoader        - Writing to buffer: dst=0,640, w=64,h=64, src=448,0
17:51:18.788 [FXGL Background Thread 2 ] DEBUG TilesetLoader        - Writing to buffer: dst=64,640, w=64,h=64, src=384,0
17:51:18.788 [FXGL Background Thread 2 ] DEBUG TilesetLoader        - Writing to buffer: dst=128,640, w=64,h=64, src=192,0
17:51:18.788 [FXGL Background Thread 2 ] DEBUG TilesetLoader        - Writing to buffer: dst=192,640, w=64,h=64, src=384,0
17:51:18.788 [FXGL Background Thread 2 ] DEBUG TilesetLoader        - Writing to buffer: dst=256,640, w=64,h=64, src=192,0
17:51:18.788 [FXGL Background Thread 2 ] DEBUG TilesetLoader        - Writing to buffer: dst=320,640, w=64,h=64, src=384,0
17:51:18.789 [FXGL Background Thread 2 ] DEBUG TilesetLoader        - Writing to buffer: dst=384,640, w=64,h=64, src=192,0
17:51:18.789 [FXGL Background Thread 2 ] DEBUG TilesetLoader        - Writing to buffer: dst=448,640, w=64,h=64, src=384,0
17:51:18.789 [FXGL Background Thread 2 ] DEBUG TilesetLoader        - Writing to buffer: dst=512,640, w=64,h=64, src=192,0
17:51:18.789 [FXGL Background Thread 2 ] DEBUG TilesetLoader        - Writing to buffer: dst=576,640, w=64,h=64, src=384,0
17:51:18.789 [FXGL Background Thread 2 ] DEBUG TilesetLoader        - Writing to buffer: dst=640,640, w=64,h=64, src=192,0
17:51:18.790 [FXGL Background Thread 2 ] DEBUG TilesetLoader        - Writing to buffer: dst=704,640, w=64,h=64, src=384,0
17:51:18.790 [FXGL Background Thread 2 ] DEBUG TilesetLoader        - Writing to buffer: dst=768,640, w=64,h=64, src=192,0
17:51:18.790 [FXGL Background Thread 2 ] DEBUG TilesetLoader        - Writing to buffer: dst=832,640, w=64,h=64, src=384,0
17:51:18.790 [FXGL Background Thread 2 ] DEBUG TilesetLoader        - Writing to buffer: dst=896,640, w=64,h=64, src=448,0
17:51:18.790 [FXGL Background Thread 2 ] DEBUG TilesetLoader        - Writing to buffer: dst=0,704, w=64,h=64, src=448,0
17:51:18.791 [FXGL Background Thread 2 ] DEBUG TilesetLoader        - Writing to buffer: dst=64,704, w=64,h=64, src=384,0
17:51:18.791 [FXGL Background Thread 2 ] DEBUG TilesetLoader        - Writing to buffer: dst=128,704, w=64,h=64, src=384,0
17:51:18.791 [FXGL Background Thread 2 ] DEBUG TilesetLoader        - Writing to buffer: dst=192,704, w=64,h=64, src=384,0
17:51:18.791 [FXGL Background Thread 2 ] DEBUG TilesetLoader        - Writing to buffer: dst=256,704, w=64,h=64, src=384,0
17:51:18.791 [FXGL Background Thread 2 ] DEBUG TilesetLoader        - Writing to buffer: dst=320,704, w=64,h=64, src=384,0
17:51:18.792 [FXGL Background Thread 2 ] DEBUG TilesetLoader        - Writing to buffer: dst=384,704, w=64,h=64, src=384,0
17:51:18.792 [FXGL Background Thread 2 ] DEBUG TilesetLoader        - Writing to buffer: dst=448,704, w=64,h=64, src=384,0
17:51:18.792 [FXGL Background Thread 2 ] DEBUG TilesetLoader        - Writing to buffer: dst=512,704, w=64,h=64, src=384,0
17:51:18.792 [FXGL Background Thread 2 ] DEBUG TilesetLoader        - Writing to buffer: dst=576,704, w=64,h=64, src=384,0
17:51:18.792 [FXGL Background Thread 2 ] DEBUG TilesetLoader        - Writing to buffer: dst=640,704, w=64,h=64, src=384,0
17:51:18.792 [FXGL Background Thread 2 ] DEBUG TilesetLoader        - Writing to buffer: dst=704,704, w=64,h=64, src=384,0
17:51:18.793 [FXGL Background Thread 2 ] DEBUG TilesetLoader        - Writing to buffer: dst=768,704, w=64,h=64, src=384,0
17:51:18.793 [FXGL Background Thread 2 ] DEBUG TilesetLoader        - Writing to buffer: dst=832,704, w=64,h=64, src=384,0
17:51:18.793 [FXGL Background Thread 2 ] DEBUG TilesetLoader        - Writing to buffer: dst=896,704, w=64,h=64, src=448,0
17:51:18.793 [FXGL Background Thread 2 ] DEBUG TilesetLoader        - Writing to buffer: dst=0,768, w=64,h=64, src=448,0
17:51:18.793 [FXGL Background Thread 2 ] DEBUG TilesetLoader        - Writing to buffer: dst=64,768, w=64,h=64, src=448,0
17:51:18.794 [FXGL Background Thread 2 ] DEBUG TilesetLoader        - Writing to buffer: dst=128,768, w=64,h=64, src=448,0
17:51:18.794 [FXGL Background Thread 2 ] DEBUG TilesetLoader        - Writing to buffer: dst=192,768, w=64,h=64, src=448,0
17:51:18.794 [FXGL Background Thread 2 ] DEBUG TilesetLoader        - Writing to buffer: dst=256,768, w=64,h=64, src=448,0
17:51:18.794 [FXGL Background Thread 2 ] DEBUG TilesetLoader        - Writing to buffer: dst=320,768, w=64,h=64, src=448,0
17:51:18.794 [FXGL Background Thread 2 ] DEBUG TilesetLoader        - Writing to buffer: dst=384,768, w=64,h=64, src=448,0
17:51:18.794 [FXGL Background Thread 2 ] DEBUG TilesetLoader        - Writing to buffer: dst=448,768, w=64,h=64, src=448,0
17:51:18.795 [FXGL Background Thread 2 ] DEBUG TilesetLoader        - Writing to buffer: dst=512,768, w=64,h=64, src=448,0
17:51:18.795 [FXGL Background Thread 2 ] DEBUG TilesetLoader        - Writing to buffer: dst=576,768, w=64,h=64, src=448,0
17:51:18.795 [FXGL Background Thread 2 ] DEBUG TilesetLoader        - Writing to buffer: dst=640,768, w=64,h=64, src=448,0
17:51:18.795 [FXGL Background Thread 2 ] DEBUG TilesetLoader        - Writing to buffer: dst=704,768, w=64,h=64, src=448,0
17:51:18.795 [FXGL Background Thread 2 ] DEBUG TilesetLoader        - Writing to buffer: dst=768,768, w=64,h=64, src=448,0
17:51:18.795 [FXGL Background Thread 2 ] DEBUG TilesetLoader        - Writing to buffer: dst=832,768, w=64,h=64, src=448,0
17:51:18.796 [FXGL Background Thread 2 ] DEBUG TilesetLoader        - Writing to buffer: dst=896,768, w=64,h=64, src=448,0
17:51:18.796 [FXGL Background Thread 2 ] DEBUG TMXLevelLoader       - Creating object layer entities
17:51:18.821 [FXGL Background Thread 2 ] DEBUG GameWorld            - Clearing removable entities
17:51:18.821 [FXGL Background Thread 2 ] DEBUG GameWorld            - Setting level: com.almasb.fxgl.entity.level.Level@ac269be
17:51:18.829 [FXGL Background Thread 2 ] DEBUG FXGLAssetLoaderServi - Loading from file system: file:/C:/Users/stanm/Documents/SE-Challengeweek/target/classes/assets/textures/player_1_move_down.png
17:51:18.835 [FXGL Background Thread 2 ] DEBUG FXGLAssetLoaderServi - Loading from file system: file:/C:/Users/stanm/Documents/SE-Challengeweek/target/classes/assets/textures/box-1.png
17:51:18.837 [FXGL Background Thread 2 ] DEBUG FXGLAssetLoaderServi - Loading from file system: file:/C:/Users/stanm/Documents/SE-Challengeweek/target/classes/assets/music/BGM.wav
17:51:19.390 [FXGL Background Thread 2 ] DEBUG AudioPlayer          - Playing music com.almasb.fxgl.audio.Music@20b253d1
17:51:19.393 [FXGL Background Thread 2 ] INFO  FXGLApplication      - Game initialization took: 0,688 sec
17:51:19.395 [JavaFX Application Thread] DEBUG Input                - Clearing active input actions
17:51:19.402 [JavaFX Application Thread] DEBUG GameApplicationServi - Removing overlay from FXGLLoadingScene and adding to GameScene
17:51:19.405 [JavaFX Application Thread] DEBUG PrimaryStageWindow   - FXGLLoadingScene -> GameScene
17:51:19.408 [JavaFX Application Thread] DEBUG FXGLAssetLoaderServi - Loading from file system: file:/C:/Users/stanm/Documents/SE-Challengeweek/target/classes/assets/textures/player_1_idle_down.png
17:51:19.410 [JavaFX Application Thread] DEBUG FXGLAssetLoaderServi - Loading from file system: file:/C:/Users/stanm/Documents/SE-Challengeweek/target/classes/assets/textures/player_2_idle_down.png
17:51:20.009 [FXGL Background Thread 3 ] DEBUG Engine               - Logging environment variables
17:51:20.010 [FXGL Background Thread 3 ] DEBUG Engine               - achievements: []
17:51:20.011 [FXGL Background Thread 3 ] DEBUG Engine               - actualHeight: 820.0
17:51:20.011 [FXGL Background Thread 3 ] DEBUG Engine               - actualHeightProperty: ReadOnlyDoubleProperty [value: 820.0]
17:51:20.011 [FXGL Background Thread 3 ] DEBUG Engine               - actualWidth: 950.0
17:51:20.012 [FXGL Background Thread 3 ] DEBUG Engine               - actualWidthProperty: ReadOnlyDoubleProperty [value: 950.0]
17:51:20.012 [FXGL Background Thread 3 ] DEBUG Engine               - appIcon: fxgl_icon.png
17:51:20.012 [FXGL Background Thread 3 ] DEBUG Engine               - applicationMode: DEVELOPER
17:51:20.013 [FXGL Background Thread 3 ] DEBUG Engine               - cSSList: [fxgl_dark.css]
17:51:20.013 [FXGL Background Thread 3 ] DEBUG Engine               - collisionDetectionStrategy: BRUTE_FORCE
17:51:20.013 [FXGL Background Thread 3 ] DEBUG Engine               - configClass: Optional.empty
17:51:20.014 [FXGL Background Thread 3 ] DEBUG Engine               - credits: []
17:51:20.015 [FXGL Background Thread 3 ] DEBUG Engine               - devBBoxColorProperty: ObjectProperty [value: 0xff0000ff]
17:51:20.016 [FXGL Background Thread 3 ] DEBUG Engine               - devEnableDebugCameraProperty: BooleanProperty [value: false]
17:51:20.017 [FXGL Background Thread 3 ] DEBUG Engine               - devSensorColorProperty: ObjectProperty [value: 0xffff00ff]
17:51:20.018 [FXGL Background Thread 3 ] DEBUG Engine               - devShowBBoxProperty: BooleanProperty [value: false]
17:51:20.018 [FXGL Background Thread 3 ] DEBUG Engine               - devShowPositionProperty: BooleanProperty [value: false]
17:51:20.018 [FXGL Background Thread 3 ] DEBUG Engine               - enabledMenuItems: []
17:51:20.019 [FXGL Background Thread 3 ] DEBUG Engine               - engineServices: [class com.almasb.fxgl.app.services.FXGLAssetLoaderService, class com.almasb.fxgl.app.FXGLApplication$GameApplicationService, class com.almasb.fxgl.app.services.FXGLDialogService, class com.almasb.fxgl.app.services.IOTaskExecutorService, class com.almasb.fxgl.event.EventBusService, class com.almasb.fxgl.io.FileSystemService, class com.almasb.fxgl.localization.LocalizationService, class com.almasb.fxgl.app.services.SystemBundleService, class com.almasb.fxgl.profile.SaveLoadService, class com.almasb.fxgl.ui.FXGLUIFactoryServiceProvider, class com.almasb.fxgl.ui.FXGLDialogFactoryServiceProvider, class com.almasb.fxgl.audio.AudioPlayer, class com.almasb.fxgl.notification.impl.NotificationServiceProvider, class com.almasb.fxgl.achievement.AchievementService, class com.almasb.fxgl.cutscene.CutsceneService, class com.almasb.fxgl.minigames.MiniGameService, class com.almasb.fxgl.net.NetService, class com.almasb.fxgl.app.services.UpdaterService, class com.almasb.fxgl.dev.DevService]
17:51:20.019 [FXGL Background Thread 3 ] DEBUG Engine               - fontGame: Abel-Regular.ttf
17:51:20.020 [FXGL Background Thread 3 ] DEBUG Engine               - fontMono: lucida_console.ttf
17:51:20.020 [FXGL Background Thread 3 ] DEBUG Engine               - fontText: Courier-Prime.ttf
17:51:20.021 [FXGL Background Thread 3 ] DEBUG Engine               - fontUI: VarelaRound-Regular.ttf
17:51:20.021 [FXGL Background Thread 3 ] DEBUG Engine               - fullScreen: BooleanProperty [value: false]
17:51:20.022 [FXGL Background Thread 3 ] DEBUG Engine               - gameDifficulty: MEDIUM
17:51:20.022 [FXGL Background Thread 3 ] DEBUG Engine               - gameDifficultyProperty: ObjectProperty [value: MEDIUM]
17:51:20.022 [FXGL Background Thread 3 ] DEBUG Engine               - globalMusicVolume: 0.5
17:51:20.023 [FXGL Background Thread 3 ] DEBUG Engine               - globalMusicVolumeProperty: DoubleProperty [value: 0.5]
17:51:20.023 [FXGL Background Thread 3 ] DEBUG Engine               - globalSoundVolume: 0.5
17:51:20.023 [FXGL Background Thread 3 ] DEBUG Engine               - globalSoundVolumeProperty: DoubleProperty [value: 0.5]
17:51:20.025 [FXGL Background Thread 3 ] DEBUG Engine               - height: 820
17:51:20.025 [FXGL Background Thread 3 ] DEBUG Engine               - isAndroid: false
17:51:20.025 [FXGL Background Thread 3 ] DEBUG Engine               - isBrowser: false
17:51:20.026 [FXGL Background Thread 3 ] DEBUG Engine               - isClickFeedbackEnabled: false
17:51:20.026 [FXGL Background Thread 3 ] DEBUG Engine               - isCloseConfirmation: false
17:51:20.026 [FXGL Background Thread 3 ] DEBUG Engine               - isDesktop: true
17:51:20.027 [FXGL Background Thread 3 ] DEBUG Engine               - isDeveloperMenuEnabled: true
17:51:20.027 [FXGL Background Thread 3 ] DEBUG Engine               - isEntityPreloadEnabled: true
17:51:20.028 [FXGL Background Thread 3 ] DEBUG Engine               - isExperimental3D: false
17:51:20.028 [FXGL Background Thread 3 ] DEBUG Engine               - isExperimentalNative: false
17:51:20.029 [FXGL Background Thread 3 ] DEBUG Engine               - isExperimentalTiledLargeMap: false
17:51:20.029 [FXGL Background Thread 3 ] DEBUG Engine               - isFileSystemWriteAllowed: true
17:51:20.030 [FXGL Background Thread 3 ] DEBUG Engine               - isFullScreenAllowed: false
17:51:20.030 [FXGL Background Thread 3 ] DEBUG Engine               - isFullScreenFromStart: false
17:51:20.031 [FXGL Background Thread 3 ] DEBUG Engine               - isGameMenuEnabled: true
17:51:20.031 [FXGL Background Thread 3 ] DEBUG Engine               - isIOS: false
17:51:20.032 [FXGL Background Thread 3 ] DEBUG Engine               - isIntroEnabled: false
17:51:20.032 [FXGL Background Thread 3 ] DEBUG Engine               - isLinux: false
17:51:20.032 [FXGL Background Thread 3 ] DEBUG Engine               - isMac: false
17:51:20.032 [FXGL Background Thread 3 ] DEBUG Engine               - isMainMenuEnabled: true
17:51:20.033 [FXGL Background Thread 3 ] DEBUG Engine               - isManualResizeEnabled: false
17:51:20.033 [FXGL Background Thread 3 ] DEBUG Engine               - isMobile: false
17:51:20.033 [FXGL Background Thread 3 ] DEBUG Engine               - isPreserveResizeRatio: false
17:51:20.034 [FXGL Background Thread 3 ] DEBUG Engine               - isProfilingEnabled: false
17:51:20.034 [FXGL Background Thread 3 ] DEBUG Engine               - isScaleAffectedOnResize: true
17:51:20.034 [FXGL Background Thread 3 ] DEBUG Engine               - isSingleStep: false
17:51:20.035 [FXGL Background Thread 3 ] DEBUG Engine               - isUserProfileEnabled: false
17:51:20.035 [FXGL Background Thread 3 ] DEBUG Engine               - isWindows: true
17:51:20.035 [FXGL Background Thread 3 ] DEBUG Engine               - language: ObjectProperty [value: ENGLISH]
17:51:20.036 [FXGL Background Thread 3 ] DEBUG Engine               - menuKey: ESCAPE
17:51:20.036 [FXGL Background Thread 3 ] DEBUG Engine               - notificationViewClass: class com.almasb.fxgl.notification.view.XboxNotificationView
17:51:20.037 [FXGL Background Thread 3 ] DEBUG Engine               - pixelsPerMeter: 50.0
17:51:20.037 [FXGL Background Thread 3 ] DEBUG Engine               - platform: WINDOWS
17:51:20.037 [FXGL Background Thread 3 ] DEBUG Engine               - prefHeightProperty: ReadOnlyDoubleProperty [value: 820.0]
17:51:20.038 [FXGL Background Thread 3 ] DEBUG Engine               - prefWidthProperty: ReadOnlyDoubleProperty [value: 950.0]
17:51:20.038 [FXGL Background Thread 3 ] DEBUG Engine               - profileDir: profiles/
17:51:20.039 [FXGL Background Thread 3 ] DEBUG Engine               - profileName: StringProperty [value: DEFAULT]
17:51:20.039 [FXGL Background Thread 3 ] DEBUG Engine               - randomSeed: -1
17:51:20.040 [FXGL Background Thread 3 ] DEBUG Engine               - runtimeInfo: RuntimeInfo(platform=WINDOWS, version=11.14, build=01.03.2021 16.59)
17:51:20.040 [FXGL Background Thread 3 ] DEBUG Engine               - saveFileExt: sav
17:51:20.041 [FXGL Background Thread 3 ] DEBUG Engine               - scaledHeightProp$fxgl: DoubleProperty [bound, value: 820.0]
17:51:20.041 [FXGL Background Thread 3 ] DEBUG Engine               - scaledWidthProp$fxgl: DoubleProperty [bound, value: 950.0]
17:51:20.042 [FXGL Background Thread 3 ] DEBUG Engine               - sceneFactory: com.almasb.fxgl.app.scene.SceneFactory@3e645b7a
17:51:20.042 [FXGL Background Thread 3 ] DEBUG Engine               - secondsIn24h: 60
17:51:20.042 [FXGL Background Thread 3 ] DEBUG Engine               - soundMenuBack: menu/back.wav
17:51:20.043 [FXGL Background Thread 3 ] DEBUG Engine               - soundMenuPress: menu/press.wav
17:51:20.043 [FXGL Background Thread 3 ] DEBUG Engine               - soundMenuSelect: menu/select.wav
17:51:20.044 [FXGL Background Thread 3 ] DEBUG Engine               - soundNotification: core/notification.wav
17:51:20.045 [FXGL Background Thread 3 ] DEBUG Engine               - stageStyle: DECORATED
17:51:20.045 [FXGL Background Thread 3 ] DEBUG Engine               - supportedLanguages: [ENGLISH, FRENCH, GERMAN, HUNGARIAN, RUSSIAN]
17:51:20.045 [FXGL Background Thread 3 ] DEBUG Engine               - ticksPerSecond: -1
17:51:20.046 [FXGL Background Thread 3 ] DEBUG Engine               - title: Bomberman
17:51:20.046 [FXGL Background Thread 3 ] DEBUG Engine               - urlGithub: https://github.com/AlmasB/FXGL
17:51:20.046 [FXGL Background Thread 3 ] DEBUG Engine               - urlLeaderboard: http://fxgl-top.herokuapp.com/
17:51:20.046 [FXGL Background Thread 3 ] DEBUG Engine               - urlPOM: https://raw.githubusercontent.com/AlmasB/FXGL/release/README.md
17:51:20.047 [FXGL Background Thread 3 ] DEBUG Engine               - userAppClass: class Game
17:51:20.047 [FXGL Background Thread 3 ] DEBUG Engine               - version: 0.0
17:51:20.047 [FXGL Background Thread 3 ] DEBUG Engine               - versionCheckDays: 7
17:51:20.047 [FXGL Background Thread 3 ] DEBUG Engine               - width: 950
17:51:20.048 [FXGL Background Thread 3 ] DEBUG Engine               - Logging services
17:51:20.048 [FXGL Background Thread 3 ] DEBUG Engine               - class com.almasb.fxgl.app.services.FXGLAssetLoaderService
17:51:20.048 [FXGL Background Thread 3 ] DEBUG Engine               - class com.almasb.fxgl.app.FXGLApplication$GameApplicationService
17:51:20.049 [FXGL Background Thread 3 ] DEBUG Engine               - class com.almasb.fxgl.app.services.FXGLDialogService
17:51:20.049 [FXGL Background Thread 3 ] DEBUG Engine               - class com.almasb.fxgl.app.services.IOTaskExecutorService
17:51:20.050 [FXGL Background Thread 3 ] DEBUG Engine               - class com.almasb.fxgl.event.EventBusService
17:51:20.050 [FXGL Background Thread 3 ] DEBUG Engine               - class com.almasb.fxgl.io.FileSystemService
17:51:20.051 [FXGL Background Thread 3 ] DEBUG Engine               - class com.almasb.fxgl.localization.LocalizationService
17:51:20.051 [FXGL Background Thread 3 ] DEBUG Engine               - class com.almasb.fxgl.app.services.SystemBundleService
17:51:20.052 [FXGL Background Thread 3 ] DEBUG Engine               - class com.almasb.fxgl.profile.SaveLoadService
17:51:20.052 [FXGL Background Thread 3 ] DEBUG Engine               - class com.almasb.fxgl.ui.FXGLUIFactoryServiceProvider
17:51:20.052 [FXGL Background Thread 3 ] DEBUG Engine               - class com.almasb.fxgl.ui.FXGLDialogFactoryServiceProvider
17:51:20.053 [FXGL Background Thread 3 ] DEBUG Engine               - class com.almasb.fxgl.audio.AudioPlayer
17:51:20.053 [FXGL Background Thread 3 ] DEBUG Engine               - class com.almasb.fxgl.notification.impl.NotificationServiceProvider
17:51:20.054 [FXGL Background Thread 3 ] DEBUG Engine               - class com.almasb.fxgl.achievement.AchievementService
17:51:20.054 [FXGL Background Thread 3 ] DEBUG Engine               - class com.almasb.fxgl.cutscene.CutsceneService
17:51:20.055 [FXGL Background Thread 3 ] DEBUG Engine               - class com.almasb.fxgl.minigames.MiniGameService
17:51:20.055 [FXGL Background Thread 3 ] DEBUG Engine               - class com.almasb.fxgl.net.NetService
17:51:20.055 [FXGL Background Thread 3 ] DEBUG Engine               - class com.almasb.fxgl.app.services.UpdaterService
17:51:20.056 [FXGL Background Thread 3 ] DEBUG Engine               - class com.almasb.fxgl.dev.DevService
17:51:20.293 [JavaFX Application Thread] DEBUG FXGLAssetLoaderServi - Loading from file system: file:/C:/Users/stanm/Documents/SE-Challengeweek/target/classes/assets/textures/player_1_move_right.png
17:51:20.412 [JavaFX Application Thread] DEBUG FXGLAssetLoaderServi - Loading from file system: file:/C:/Users/stanm/Documents/SE-Challengeweek/target/classes/assets/textures/player_1_idle_right.png
17:51:22.424 [JavaFX Application Thread] DEBUG FXGLAssetLoaderServi - Loading from file system: file:/C:/Users/stanm/Documents/SE-Challengeweek/target/classes/assets/textures/bomb-1.png
17:51:22.820 [JavaFX Application Thread] DEBUG FXGLAssetLoaderServi - Loading from file system: file:/C:/Users/stanm/Documents/SE-Challengeweek/target/classes/assets/textures/player_1_move_left.png
17:51:23.269 [JavaFX Application Thread] DEBUG FXGLAssetLoaderServi - Loading from file system: file:/C:/Users/stanm/Documents/SE-Challengeweek/target/classes/assets/textures/player_1_move_Up.png
17:51:23.474 [JavaFX Application Thread] DEBUG FXGLAssetLoaderServi - Loading from file system: file:/C:/Users/stanm/Documents/SE-Challengeweek/target/classes/assets/textures/player_1_idle_Up.png
17:51:27.925 [JavaFX Application Thread] DEBUG FXGLAssetLoaderServi - Loading from file system: file:/C:/Users/stanm/Documents/SE-Challengeweek/target/classes/assets/textures/bomb_explosion.png
17:51:27.934 [JavaFX Application Thread] DEBUG FXGLAssetLoaderServi - Loading from file system: file:/C:/Users/stanm/Documents/SE-Challengeweek/target/classes/assets/sounds/explode.wav
17:51:35.429 [JavaFX Application Thread] DEBUG PrimaryStageWindow   - Push state: DialogSubScene
17:51:35.429 [JavaFX Application Thread] DEBUG Input                - Clearing active input actions
17:51:35.430 [JavaFX Application Thread] DEBUG GameApplicationServi - Removing overlay from GameScene and adding to DialogSubScene
17:51:35.431 [JavaFX Application Thread] DEBUG PrimaryStageWindow   - GameScene -> DialogSubScene
17:51:43.969 [JavaFX Application Thread] DEBUG PrimaryStageWindow   - Pop state: DialogSubScene
17:51:43.969 [JavaFX Application Thread] DEBUG Input                - Clearing active input actions
17:51:43.970 [JavaFX Application Thread] DEBUG GameApplicationServi - Removing overlay from DialogSubScene and adding to GameScene
17:51:43.972 [JavaFX Application Thread] DEBUG PrimaryStageWindow   - GameScene <- DialogSubScene
17:51:48.868 [JavaFX Application Thread] DEBUG Input                - Clearing active input actions
17:51:48.880 [JavaFX Application Thread] DEBUG GameApplicationServi - Removing overlay from GameScene and adding to FXGLMainMenuDummyScene
17:51:48.886 [JavaFX Application Thread] DEBUG PrimaryStageWindow   - GameScene -> FXGLMainMenuDummyScene
17:51:48.886 [JavaFX Application Thread] DEBUG PrimaryStageWindow   - Push state: FXGLDefaultMenu
17:51:48.887 [JavaFX Application Thread] DEBUG Input                - Clearing active input actions
17:51:48.890 [JavaFX Application Thread] DEBUG GameApplicationServi - Removing overlay from FXGLMainMenuDummyScene and adding to FXGLDefaultMenu
17:51:48.891 [JavaFX Application Thread] DEBUG PrimaryStageWindow   - FXGLMainMenuDummyScene -> FXGLDefaultMenu
17:51:57.038 [JavaFX Application Thread] DEBUG Menu                 - fireNewGame()
17:51:57.039 [JavaFX Application Thread] DEBUG GameApplicationServi - Starting new game
17:51:57.040 [JavaFX Application Thread] DEBUG PrimaryStageWindow   - Pop state: FXGLDefaultMenu
17:51:57.040 [JavaFX Application Thread] DEBUG Input                - Clearing active input actions
17:51:57.042 [JavaFX Application Thread] DEBUG GameApplicationServi - Removing overlay from FXGLDefaultMenu and adding to FXGLMainMenuDummyScene
17:51:57.045 [JavaFX Application Thread] DEBUG PrimaryStageWindow   - FXGLMainMenuDummyScene <- FXGLDefaultMenu
17:51:57.046 [JavaFX Application Thread] DEBUG Input                - Clearing active input actions
17:51:57.049 [JavaFX Application Thread] DEBUG GameApplicationServi - Removing overlay from FXGLMainMenuDummyScene and adding to FXGLLoadingScene
17:51:57.050 [JavaFX Application Thread] DEBUG PrimaryStageWindow   - FXGLMainMenuDummyScene -> FXGLLoadingScene
17:51:57.050 [JavaFX Application Thread] DEBUG GameApplicationServi - Clearing previous game
17:51:57.050 [JavaFX Application Thread] DEBUG GameScene            - Clearing game scene
17:51:57.050 [JavaFX Application Thread] DEBUG GameWorld            - Clearing game world
17:51:57.052 [JavaFX Application Thread] DEBUG PhysicsWorld         - Clearing physics world
17:51:57.052 [FXGL Background Thread 2 ] DEBUG FXGLApplication      - Initializing game
17:51:57.054 [FXGL Background Thread 2 ] WARN  TMXLevelLoader       - TiledMap generated from 1.8.4. Supported version: 1.2.3. Some features may not be parsed fully.
17:51:57.061 [FXGL Background Thread 2 ] DEBUG TMXLevelLoader       - Parsed raw map: TiledMap(width=15, height=13, tilewidth=64, tileheight=64, orientation=orthogonal, layers=[Layer(width=15, height=13, name=Tile Layer 1, type=tilelayer, visible=false, x=0, y=0, data=[8, 8, 8, 8, 8, 8, 8, 8, 8, 8, 8, 8, 8, 8, 8, 8, 7, 7, 7, 7, 7, 7, 7, 7, 7, 7, 7, 7, 7, 8, 8, 7, 4, 7, 4, 7, 4, 7, 4, 7, 4, 7, 4, 7, 8, 8, 7, 7, 7, 7, 7, 7, 7, 7, 7, 7, 7, 7, 7, 8, 8, 7, 4, 7, 4, 7, 4, 7, 4, 7, 4, 7, 4, 7, 8, 8, 7, 7, 7, 7, 7, 7, 7, 7, 7, 7, 7, 7, 7, 8, 8, 7, 4, 7, 4, 7, 4, 7, 4, 7, 4, 7, 4, 7, 8, 8, 7, 7, 7, 7, 7, 7, 7, 7, 7, 7, 7, 7, 7, 8, 8, 7, 4, 7, 4, 7, 4, 7, 4, 7, 4, 7, 4, 7, 8, 8, 7, 7, 7, 7, 7, 7, 7, 7, 7, 7, 7, 7, 7, 8, 8, 7, 4, 7, 4, 7, 4, 7, 4, 7, 4, 7, 4, 7, 8, 8, 7, 7, 7, 7, 7, 7, 7, 7, 7, 7, 7, 7, 7, 8, 8, 8, 8, 8, 8, 8, 8, 8, 8, 8, 8, 8, 8, 8, 8], objects=[], opacity=0.0, draworder=), Layer(width=0, height=0, name=Object Layer 1, type=objectgroup, visible=false, x=0, y=0, data=[], objects=[com.almasb.fxgl.entity.level.tiled.TiledObject@7222b96c, com.almasb.fxgl.entity.level.tiled.TiledObject@a714168, com.almasb.fxgl.entity.level.tiled.TiledObject@1f3abd93, com.almasb.fxgl.entity.level.tiled.TiledObject@64bb744e, com.almasb.fxgl.entity.level.tiled.TiledObject@3b5586c, com.almasb.fxgl.entity.level.tiled.TiledObject@34f2373, com.almasb.fxgl.entity.level.tiled.TiledObject@49d3c0ac, com.almasb.fxgl.entity.level.tiled.TiledObject@76f5c4dc, com.almasb.fxgl.entity.level.tiled.TiledObject@5f2a9456, com.almasb.fxgl.entity.level.tiled.TiledObject@2584707b, com.almasb.fxgl.entity.level.tiled.TiledObject@720512c7, com.almasb.fxgl.entity.level.tiled.TiledObject@2a8efb7f, com.almasb.fxgl.entity.level.tiled.TiledObject@210d425c, com.almasb.fxgl.entity.level.tiled.TiledObject@278cf9ae, com.almasb.fxgl.entity.level.tiled.TiledObject@7dc544b2, com.almasb.fxgl.entity.level.tiled.TiledObject@204d0d76, com.almasb.fxgl.entity.level.tiled.TiledObject@6b99b481, com.almasb.fxgl.entity.level.tiled.TiledObject@2b9861d5, com.almasb.fxgl.entity.level.tiled.TiledObject@7caf40c0, com.almasb.fxgl.entity.level.tiled.TiledObject@34c1d49e, com.almasb.fxgl.entity.level.tiled.TiledObject@12da533b, com.almasb.fxgl.entity.level.tiled.TiledObject@7a240e7c, com.almasb.fxgl.entity.level.tiled.TiledObject@7c8be8b8, com.almasb.fxgl.entity.level.tiled.TiledObject@46d4a693, com.almasb.fxgl.entity.level.tiled.TiledObject@65766f9, com.almasb.fxgl.entity.level.tiled.TiledObject@5c5acfa1, com.almasb.fxgl.entity.level.tiled.TiledObject@7fb732ba, com.almasb.fxgl.entity.level.tiled.TiledObject@1cb4f3e1, com.almasb.fxgl.entity.level.tiled.TiledObject@21e93e20, com.almasb.fxgl.entity.level.tiled.TiledObject@2bc4da7b, com.almasb.fxgl.entity.level.tiled.TiledObject@6da01f5b, com.almasb.fxgl.entity.level.tiled.TiledObject@5630c2f5, com.almasb.fxgl.entity.level.tiled.TiledObject@3e40fe2d, com.almasb.fxgl.entity.level.tiled.TiledObject@335afc9c], opacity=0.0, draworder=)], tilesets=[Tileset(firstgid=1, image=spritesheet(1).png, name=spritesheet(1), tilewidth=64, tileheight=64, imagewidth=1472, imageheight=64, margin=0, spacing=0, columns=23, tilecount=23, transparentcolor=, tiles=[])], backgroundcolor=, renderorder=right-down, nextobjectid=139, version=1, tiledversion=1.8.4, type=map, infinite=false, hexsidelength=0, staggeraxis=, staggerindex=, properties={}, propertytypes={})
17:51:57.062 [FXGL Background Thread 2 ] DEBUG TMXLevelLoader       - Creating tile layer entities
17:51:57.062 [FXGL Background Thread 2 ] DEBUG TilesetLoader        - Loading view for layer Tile Layer 1
17:51:57.064 [FXGL Background Thread 2 ] DEBUG TilesetLoader        - Created buffer with size 960.0x832.0
17:51:57.067 [FXGL Background Thread 2 ] DEBUG TilesetLoader        - Writing to buffer: dst=0,0, w=64,h=64, src=448,0
17:51:57.067 [FXGL Background Thread 2 ] DEBUG TilesetLoader        - Writing to buffer: dst=64,0, w=64,h=64, src=448,0
17:51:57.067 [FXGL Background Thread 2 ] DEBUG TilesetLoader        - Writing to buffer: dst=128,0, w=64,h=64, src=448,0
17:51:57.067 [FXGL Background Thread 2 ] DEBUG TilesetLoader        - Writing to buffer: dst=192,0, w=64,h=64, src=448,0
17:51:57.067 [FXGL Background Thread 2 ] DEBUG TilesetLoader        - Writing to buffer: dst=256,0, w=64,h=64, src=448,0
17:51:57.067 [FXGL Background Thread 2 ] DEBUG TilesetLoader        - Writing to buffer: dst=320,0, w=64,h=64, src=448,0
17:51:57.068 [FXGL Background Thread 2 ] DEBUG TilesetLoader        - Writing to buffer: dst=384,0, w=64,h=64, src=448,0
17:51:57.068 [FXGL Background Thread 2 ] DEBUG TilesetLoader        - Writing to buffer: dst=448,0, w=64,h=64, src=448,0
17:51:57.068 [FXGL Background Thread 2 ] DEBUG TilesetLoader        - Writing to buffer: dst=512,0, w=64,h=64, src=448,0
17:51:57.068 [FXGL Background Thread 2 ] DEBUG TilesetLoader        - Writing to buffer: dst=576,0, w=64,h=64, src=448,0
17:51:57.068 [FXGL Background Thread 2 ] DEBUG TilesetLoader        - Writing to buffer: dst=640,0, w=64,h=64, src=448,0
17:51:57.068 [FXGL Background Thread 2 ] DEBUG TilesetLoader        - Writing to buffer: dst=704,0, w=64,h=64, src=448,0
17:51:57.068 [FXGL Background Thread 2 ] DEBUG TilesetLoader        - Writing to buffer: dst=768,0, w=64,h=64, src=448,0
17:51:57.070 [FXGL Background Thread 2 ] DEBUG TilesetLoader        - Writing to buffer: dst=832,0, w=64,h=64, src=448,0
17:51:57.072 [FXGL Background Thread 2 ] DEBUG TilesetLoader        - Writing to buffer: dst=896,0, w=64,h=64, src=448,0
17:51:57.073 [FXGL Background Thread 2 ] DEBUG TilesetLoader        - Writing to buffer: dst=0,64, w=64,h=64, src=448,0
17:51:57.073 [FXGL Background Thread 2 ] DEBUG TilesetLoader        - Writing to buffer: dst=64,64, w=64,h=64, src=384,0
17:51:57.073 [FXGL Background Thread 2 ] DEBUG TilesetLoader        - Writing to buffer: dst=128,64, w=64,h=64, src=384,0
17:51:57.073 [FXGL Background Thread 2 ] DEBUG TilesetLoader        - Writing to buffer: dst=192,64, w=64,h=64, src=384,0
17:51:57.073 [FXGL Background Thread 2 ] DEBUG TilesetLoader        - Writing to buffer: dst=256,64, w=64,h=64, src=384,0
17:51:57.073 [FXGL Background Thread 2 ] DEBUG TilesetLoader        - Writing to buffer: dst=320,64, w=64,h=64, src=384,0
17:51:57.074 [FXGL Background Thread 2 ] DEBUG TilesetLoader        - Writing to buffer: dst=384,64, w=64,h=64, src=384,0
17:51:57.074 [FXGL Background Thread 2 ] DEBUG TilesetLoader        - Writing to buffer: dst=448,64, w=64,h=64, src=384,0
17:51:57.074 [FXGL Background Thread 2 ] DEBUG TilesetLoader        - Writing to buffer: dst=512,64, w=64,h=64, src=384,0
17:51:57.074 [FXGL Background Thread 2 ] DEBUG TilesetLoader        - Writing to buffer: dst=576,64, w=64,h=64, src=384,0
17:51:57.074 [FXGL Background Thread 2 ] DEBUG TilesetLoader        - Writing to buffer: dst=640,64, w=64,h=64, src=384,0
17:51:57.074 [FXGL Background Thread 2 ] DEBUG TilesetLoader        - Writing to buffer: dst=704,64, w=64,h=64, src=384,0
17:51:57.075 [FXGL Background Thread 2 ] DEBUG TilesetLoader        - Writing to buffer: dst=768,64, w=64,h=64, src=384,0
17:51:57.075 [FXGL Background Thread 2 ] DEBUG TilesetLoader        - Writing to buffer: dst=832,64, w=64,h=64, src=384,0
17:51:57.075 [FXGL Background Thread 2 ] DEBUG TilesetLoader        - Writing to buffer: dst=896,64, w=64,h=64, src=448,0
17:51:57.076 [FXGL Background Thread 2 ] DEBUG TilesetLoader        - Writing to buffer: dst=0,128, w=64,h=64, src=448,0
17:51:57.076 [FXGL Background Thread 2 ] DEBUG TilesetLoader        - Writing to buffer: dst=64,128, w=64,h=64, src=384,0
17:51:57.076 [FXGL Background Thread 2 ] DEBUG TilesetLoader        - Writing to buffer: dst=128,128, w=64,h=64, src=192,0
17:51:57.077 [FXGL Background Thread 2 ] DEBUG TilesetLoader        - Writing to buffer: dst=192,128, w=64,h=64, src=384,0
17:51:57.077 [FXGL Background Thread 2 ] DEBUG TilesetLoader        - Writing to buffer: dst=256,128, w=64,h=64, src=192,0
17:51:57.077 [FXGL Background Thread 2 ] DEBUG TilesetLoader        - Writing to buffer: dst=320,128, w=64,h=64, src=384,0
17:51:57.077 [FXGL Background Thread 2 ] DEBUG TilesetLoader        - Writing to buffer: dst=384,128, w=64,h=64, src=192,0
17:51:57.077 [FXGL Background Thread 2 ] DEBUG TilesetLoader        - Writing to buffer: dst=448,128, w=64,h=64, src=384,0
17:51:57.078 [FXGL Background Thread 2 ] DEBUG TilesetLoader        - Writing to buffer: dst=512,128, w=64,h=64, src=192,0
17:51:57.078 [FXGL Background Thread 2 ] DEBUG TilesetLoader        - Writing to buffer: dst=576,128, w=64,h=64, src=384,0
17:51:57.078 [FXGL Background Thread 2 ] DEBUG TilesetLoader        - Writing to buffer: dst=640,128, w=64,h=64, src=192,0
17:51:57.078 [FXGL Background Thread 2 ] DEBUG TilesetLoader        - Writing to buffer: dst=704,128, w=64,h=64, src=384,0
17:51:57.078 [FXGL Background Thread 2 ] DEBUG TilesetLoader        - Writing to buffer: dst=768,128, w=64,h=64, src=192,0
17:51:57.078 [FXGL Background Thread 2 ] DEBUG TilesetLoader        - Writing to buffer: dst=832,128, w=64,h=64, src=384,0
17:51:57.078 [FXGL Background Thread 2 ] DEBUG TilesetLoader        - Writing to buffer: dst=896,128, w=64,h=64, src=448,0
17:51:57.079 [FXGL Background Thread 2 ] DEBUG TilesetLoader        - Writing to buffer: dst=0,192, w=64,h=64, src=448,0
17:51:57.079 [FXGL Background Thread 2 ] DEBUG TilesetLoader        - Writing to buffer: dst=64,192, w=64,h=64, src=384,0
17:51:57.079 [FXGL Background Thread 2 ] DEBUG TilesetLoader        - Writing to buffer: dst=128,192, w=64,h=64, src=384,0
17:51:57.079 [FXGL Background Thread 2 ] DEBUG TilesetLoader        - Writing to buffer: dst=192,192, w=64,h=64, src=384,0
17:51:57.080 [FXGL Background Thread 2 ] DEBUG TilesetLoader        - Writing to buffer: dst=256,192, w=64,h=64, src=384,0
17:51:57.080 [FXGL Background Thread 2 ] DEBUG TilesetLoader        - Writing to buffer: dst=320,192, w=64,h=64, src=384,0
17:51:57.080 [FXGL Background Thread 2 ] DEBUG TilesetLoader        - Writing to buffer: dst=384,192, w=64,h=64, src=384,0
17:51:57.080 [FXGL Background Thread 2 ] DEBUG TilesetLoader        - Writing to buffer: dst=448,192, w=64,h=64, src=384,0
17:51:57.080 [FXGL Background Thread 2 ] DEBUG TilesetLoader        - Writing to buffer: dst=512,192, w=64,h=64, src=384,0
17:51:57.080 [FXGL Background Thread 2 ] DEBUG TilesetLoader        - Writing to buffer: dst=576,192, w=64,h=64, src=384,0
17:51:57.080 [FXGL Background Thread 2 ] DEBUG TilesetLoader        - Writing to buffer: dst=640,192, w=64,h=64, src=384,0
17:51:57.081 [FXGL Background Thread 2 ] DEBUG TilesetLoader        - Writing to buffer: dst=704,192, w=64,h=64, src=384,0
17:51:57.081 [FXGL Background Thread 2 ] DEBUG TilesetLoader        - Writing to buffer: dst=768,192, w=64,h=64, src=384,0
17:51:57.081 [FXGL Background Thread 2 ] DEBUG TilesetLoader        - Writing to buffer: dst=832,192, w=64,h=64, src=384,0
17:51:57.081 [FXGL Background Thread 2 ] DEBUG TilesetLoader        - Writing to buffer: dst=896,192, w=64,h=64, src=448,0
17:51:57.081 [FXGL Background Thread 2 ] DEBUG TilesetLoader        - Writing to buffer: dst=0,256, w=64,h=64, src=448,0
17:51:57.081 [FXGL Background Thread 2 ] DEBUG TilesetLoader        - Writing to buffer: dst=64,256, w=64,h=64, src=384,0
17:51:57.081 [FXGL Background Thread 2 ] DEBUG TilesetLoader        - Writing to buffer: dst=128,256, w=64,h=64, src=192,0
17:51:57.082 [FXGL Background Thread 2 ] DEBUG TilesetLoader        - Writing to buffer: dst=192,256, w=64,h=64, src=384,0
17:51:57.082 [FXGL Background Thread 2 ] DEBUG TilesetLoader        - Writing to buffer: dst=256,256, w=64,h=64, src=192,0
17:51:57.082 [FXGL Background Thread 2 ] DEBUG TilesetLoader        - Writing to buffer: dst=320,256, w=64,h=64, src=384,0
17:51:57.082 [FXGL Background Thread 2 ] DEBUG TilesetLoader        - Writing to buffer: dst=384,256, w=64,h=64, src=192,0
17:51:57.082 [FXGL Background Thread 2 ] DEBUG TilesetLoader        - Writing to buffer: dst=448,256, w=64,h=64, src=384,0
17:51:57.082 [FXGL Background Thread 2 ] DEBUG TilesetLoader        - Writing to buffer: dst=512,256, w=64,h=64, src=192,0
17:51:57.082 [FXGL Background Thread 2 ] DEBUG TilesetLoader        - Writing to buffer: dst=576,256, w=64,h=64, src=384,0
17:51:57.082 [FXGL Background Thread 2 ] DEBUG TilesetLoader        - Writing to buffer: dst=640,256, w=64,h=64, src=192,0
17:51:57.082 [FXGL Background Thread 2 ] DEBUG TilesetLoader        - Writing to buffer: dst=704,256, w=64,h=64, src=384,0
17:51:57.083 [FXGL Background Thread 2 ] DEBUG TilesetLoader        - Writing to buffer: dst=768,256, w=64,h=64, src=192,0
17:51:57.083 [FXGL Background Thread 2 ] DEBUG TilesetLoader        - Writing to buffer: dst=832,256, w=64,h=64, src=384,0
17:51:57.083 [FXGL Background Thread 2 ] DEBUG TilesetLoader        - Writing to buffer: dst=896,256, w=64,h=64, src=448,0
17:51:57.083 [FXGL Background Thread 2 ] DEBUG TilesetLoader        - Writing to buffer: dst=0,320, w=64,h=64, src=448,0
17:51:57.083 [FXGL Background Thread 2 ] DEBUG TilesetLoader        - Writing to buffer: dst=64,320, w=64,h=64, src=384,0
17:51:57.083 [FXGL Background Thread 2 ] DEBUG TilesetLoader        - Writing to buffer: dst=128,320, w=64,h=64, src=384,0
17:51:57.084 [FXGL Background Thread 2 ] DEBUG TilesetLoader        - Writing to buffer: dst=192,320, w=64,h=64, src=384,0
17:51:57.084 [FXGL Background Thread 2 ] DEBUG TilesetLoader        - Writing to buffer: dst=256,320, w=64,h=64, src=384,0
17:51:57.084 [FXGL Background Thread 2 ] DEBUG TilesetLoader        - Writing to buffer: dst=320,320, w=64,h=64, src=384,0
17:51:57.084 [FXGL Background Thread 2 ] DEBUG TilesetLoader        - Writing to buffer: dst=384,320, w=64,h=64, src=384,0
17:51:57.084 [FXGL Background Thread 2 ] DEBUG TilesetLoader        - Writing to buffer: dst=448,320, w=64,h=64, src=384,0
17:51:57.085 [FXGL Background Thread 2 ] DEBUG TilesetLoader        - Writing to buffer: dst=512,320, w=64,h=64, src=384,0
17:51:57.085 [FXGL Background Thread 2 ] DEBUG TilesetLoader        - Writing to buffer: dst=576,320, w=64,h=64, src=384,0
17:51:57.085 [FXGL Background Thread 2 ] DEBUG TilesetLoader        - Writing to buffer: dst=640,320, w=64,h=64, src=384,0
17:51:57.085 [FXGL Background Thread 2 ] DEBUG TilesetLoader        - Writing to buffer: dst=704,320, w=64,h=64, src=384,0
17:51:57.085 [FXGL Background Thread 2 ] DEBUG TilesetLoader        - Writing to buffer: dst=768,320, w=64,h=64, src=384,0
17:51:57.085 [FXGL Background Thread 2 ] DEBUG TilesetLoader        - Writing to buffer: dst=832,320, w=64,h=64, src=384,0
17:51:57.085 [FXGL Background Thread 2 ] DEBUG TilesetLoader        - Writing to buffer: dst=896,320, w=64,h=64, src=448,0
17:51:57.085 [FXGL Background Thread 2 ] DEBUG TilesetLoader        - Writing to buffer: dst=0,384, w=64,h=64, src=448,0
17:51:57.085 [FXGL Background Thread 2 ] DEBUG TilesetLoader        - Writing to buffer: dst=64,384, w=64,h=64, src=384,0
17:51:57.086 [FXGL Background Thread 2 ] DEBUG TilesetLoader        - Writing to buffer: dst=128,384, w=64,h=64, src=192,0
17:51:57.086 [FXGL Background Thread 2 ] DEBUG TilesetLoader        - Writing to buffer: dst=192,384, w=64,h=64, src=384,0
17:51:57.086 [FXGL Background Thread 2 ] DEBUG TilesetLoader        - Writing to buffer: dst=256,384, w=64,h=64, src=192,0
17:51:57.087 [FXGL Background Thread 2 ] DEBUG TilesetLoader        - Writing to buffer: dst=320,384, w=64,h=64, src=384,0
17:51:57.087 [FXGL Background Thread 2 ] DEBUG TilesetLoader        - Writing to buffer: dst=384,384, w=64,h=64, src=192,0
17:51:57.087 [FXGL Background Thread 2 ] DEBUG TilesetLoader        - Writing to buffer: dst=448,384, w=64,h=64, src=384,0
17:51:57.087 [FXGL Background Thread 2 ] DEBUG TilesetLoader        - Writing to buffer: dst=512,384, w=64,h=64, src=192,0
17:51:57.087 [FXGL Background Thread 2 ] DEBUG TilesetLoader        - Writing to buffer: dst=576,384, w=64,h=64, src=384,0
17:51:57.087 [FXGL Background Thread 2 ] DEBUG TilesetLoader        - Writing to buffer: dst=640,384, w=64,h=64, src=192,0
17:51:57.087 [FXGL Background Thread 2 ] DEBUG TilesetLoader        - Writing to buffer: dst=704,384, w=64,h=64, src=384,0
17:51:57.088 [FXGL Background Thread 2 ] DEBUG TilesetLoader        - Writing to buffer: dst=768,384, w=64,h=64, src=192,0
17:51:57.088 [FXGL Background Thread 2 ] DEBUG TilesetLoader        - Writing to buffer: dst=832,384, w=64,h=64, src=384,0
17:51:57.088 [FXGL Background Thread 2 ] DEBUG TilesetLoader        - Writing to buffer: dst=896,384, w=64,h=64, src=448,0
17:51:57.088 [FXGL Background Thread 2 ] DEBUG TilesetLoader        - Writing to buffer: dst=0,448, w=64,h=64, src=448,0
17:51:57.089 [FXGL Background Thread 2 ] DEBUG TilesetLoader        - Writing to buffer: dst=64,448, w=64,h=64, src=384,0
17:51:57.089 [FXGL Background Thread 2 ] DEBUG TilesetLoader        - Writing to buffer: dst=128,448, w=64,h=64, src=384,0
17:51:57.089 [FXGL Background Thread 2 ] DEBUG TilesetLoader        - Writing to buffer: dst=192,448, w=64,h=64, src=384,0
17:51:57.089 [FXGL Background Thread 2 ] DEBUG TilesetLoader        - Writing to buffer: dst=256,448, w=64,h=64, src=384,0
17:51:57.090 [FXGL Background Thread 2 ] DEBUG TilesetLoader        - Writing to buffer: dst=320,448, w=64,h=64, src=384,0
17:51:57.090 [FXGL Background Thread 2 ] DEBUG TilesetLoader        - Writing to buffer: dst=384,448, w=64,h=64, src=384,0
17:51:57.090 [FXGL Background Thread 2 ] DEBUG TilesetLoader        - Writing to buffer: dst=448,448, w=64,h=64, src=384,0
17:51:57.090 [FXGL Background Thread 2 ] DEBUG TilesetLoader        - Writing to buffer: dst=512,448, w=64,h=64, src=384,0
17:51:57.091 [FXGL Background Thread 2 ] DEBUG TilesetLoader        - Writing to buffer: dst=576,448, w=64,h=64, src=384,0
17:51:57.091 [FXGL Background Thread 2 ] DEBUG TilesetLoader        - Writing to buffer: dst=640,448, w=64,h=64, src=384,0
17:51:57.091 [FXGL Background Thread 2 ] DEBUG TilesetLoader        - Writing to buffer: dst=704,448, w=64,h=64, src=384,0
17:51:57.091 [FXGL Background Thread 2 ] DEBUG TilesetLoader        - Writing to buffer: dst=768,448, w=64,h=64, src=384,0
17:51:57.091 [FXGL Background Thread 2 ] DEBUG TilesetLoader        - Writing to buffer: dst=832,448, w=64,h=64, src=384,0
17:51:57.091 [FXGL Background Thread 2 ] DEBUG TilesetLoader        - Writing to buffer: dst=896,448, w=64,h=64, src=448,0
17:51:57.092 [FXGL Background Thread 2 ] DEBUG TilesetLoader        - Writing to buffer: dst=0,512, w=64,h=64, src=448,0
17:51:57.092 [FXGL Background Thread 2 ] DEBUG TilesetLoader        - Writing to buffer: dst=64,512, w=64,h=64, src=384,0
17:51:57.092 [FXGL Background Thread 2 ] DEBUG TilesetLoader        - Writing to buffer: dst=128,512, w=64,h=64, src=192,0
17:51:57.092 [FXGL Background Thread 2 ] DEBUG TilesetLoader        - Writing to buffer: dst=192,512, w=64,h=64, src=384,0
17:51:57.092 [FXGL Background Thread 2 ] DEBUG TilesetLoader        - Writing to buffer: dst=256,512, w=64,h=64, src=192,0
17:51:57.092 [FXGL Background Thread 2 ] DEBUG TilesetLoader        - Writing to buffer: dst=320,512, w=64,h=64, src=384,0
17:51:57.093 [FXGL Background Thread 2 ] DEBUG TilesetLoader        - Writing to buffer: dst=384,512, w=64,h=64, src=192,0
17:51:57.093 [FXGL Background Thread 2 ] DEBUG TilesetLoader        - Writing to buffer: dst=448,512, w=64,h=64, src=384,0
17:51:57.093 [FXGL Background Thread 2 ] DEBUG TilesetLoader        - Writing to buffer: dst=512,512, w=64,h=64, src=192,0
17:51:57.093 [FXGL Background Thread 2 ] DEBUG TilesetLoader        - Writing to buffer: dst=576,512, w=64,h=64, src=384,0
17:51:57.093 [FXGL Background Thread 2 ] DEBUG TilesetLoader        - Writing to buffer: dst=640,512, w=64,h=64, src=192,0
17:51:57.093 [FXGL Background Thread 2 ] DEBUG TilesetLoader        - Writing to buffer: dst=704,512, w=64,h=64, src=384,0
17:51:57.093 [FXGL Background Thread 2 ] DEBUG TilesetLoader        - Writing to buffer: dst=768,512, w=64,h=64, src=192,0
17:51:57.093 [FXGL Background Thread 2 ] DEBUG TilesetLoader        - Writing to buffer: dst=832,512, w=64,h=64, src=384,0
17:51:57.094 [FXGL Background Thread 2 ] DEBUG TilesetLoader        - Writing to buffer: dst=896,512, w=64,h=64, src=448,0
17:51:57.094 [FXGL Background Thread 2 ] DEBUG TilesetLoader        - Writing to buffer: dst=0,576, w=64,h=64, src=448,0
17:51:57.094 [FXGL Background Thread 2 ] DEBUG TilesetLoader        - Writing to buffer: dst=64,576, w=64,h=64, src=384,0
17:51:57.094 [FXGL Background Thread 2 ] DEBUG TilesetLoader        - Writing to buffer: dst=128,576, w=64,h=64, src=384,0
17:51:57.094 [FXGL Background Thread 2 ] DEBUG TilesetLoader        - Writing to buffer: dst=192,576, w=64,h=64, src=384,0
17:51:57.094 [FXGL Background Thread 2 ] DEBUG TilesetLoader        - Writing to buffer: dst=256,576, w=64,h=64, src=384,0
17:51:57.094 [FXGL Background Thread 2 ] DEBUG TilesetLoader        - Writing to buffer: dst=320,576, w=64,h=64, src=384,0
17:51:57.094 [FXGL Background Thread 2 ] DEBUG TilesetLoader        - Writing to buffer: dst=384,576, w=64,h=64, src=384,0
17:51:57.094 [FXGL Background Thread 2 ] DEBUG TilesetLoader        - Writing to buffer: dst=448,576, w=64,h=64, src=384,0
17:51:57.094 [FXGL Background Thread 2 ] DEBUG TilesetLoader        - Writing to buffer: dst=512,576, w=64,h=64, src=384,0
17:51:57.094 [FXGL Background Thread 2 ] DEBUG TilesetLoader        - Writing to buffer: dst=576,576, w=64,h=64, src=384,0
17:51:57.094 [FXGL Background Thread 2 ] DEBUG TilesetLoader        - Writing to buffer: dst=640,576, w=64,h=64, src=384,0
17:51:57.094 [FXGL Background Thread 2 ] DEBUG TilesetLoader        - Writing to buffer: dst=704,576, w=64,h=64, src=384,0
17:51:57.095 [FXGL Background Thread 2 ] DEBUG TilesetLoader        - Writing to buffer: dst=768,576, w=64,h=64, src=384,0
17:51:57.095 [FXGL Background Thread 2 ] DEBUG TilesetLoader        - Writing to buffer: dst=832,576, w=64,h=64, src=384,0
17:51:57.095 [FXGL Background Thread 2 ] DEBUG TilesetLoader        - Writing to buffer: dst=896,576, w=64,h=64, src=448,0
17:51:57.095 [FXGL Background Thread 2 ] DEBUG TilesetLoader        - Writing to buffer: dst=0,640, w=64,h=64, src=448,0
17:51:57.095 [FXGL Background Thread 2 ] DEBUG TilesetLoader        - Writing to buffer: dst=64,640, w=64,h=64, src=384,0
17:51:57.095 [FXGL Background Thread 2 ] DEBUG TilesetLoader        - Writing to buffer: dst=128,640, w=64,h=64, src=192,0
17:51:57.095 [FXGL Background Thread 2 ] DEBUG TilesetLoader        - Writing to buffer: dst=192,640, w=64,h=64, src=384,0
17:51:57.095 [FXGL Background Thread 2 ] DEBUG TilesetLoader        - Writing to buffer: dst=256,640, w=64,h=64, src=192,0
17:51:57.095 [FXGL Background Thread 2 ] DEBUG TilesetLoader        - Writing to buffer: dst=320,640, w=64,h=64, src=384,0
17:51:57.095 [FXGL Background Thread 2 ] DEBUG TilesetLoader        - Writing to buffer: dst=384,640, w=64,h=64, src=192,0
17:51:57.095 [FXGL Background Thread 2 ] DEBUG TilesetLoader        - Writing to buffer: dst=448,640, w=64,h=64, src=384,0
17:51:57.096 [FXGL Background Thread 2 ] DEBUG TilesetLoader        - Writing to buffer: dst=512,640, w=64,h=64, src=192,0
17:51:57.096 [FXGL Background Thread 2 ] DEBUG TilesetLoader        - Writing to buffer: dst=576,640, w=64,h=64, src=384,0
17:51:57.096 [FXGL Background Thread 2 ] DEBUG TilesetLoader        - Writing to buffer: dst=640,640, w=64,h=64, src=192,0
17:51:57.097 [FXGL Background Thread 2 ] DEBUG TilesetLoader        - Writing to buffer: dst=704,640, w=64,h=64, src=384,0
17:51:57.097 [FXGL Background Thread 2 ] DEBUG TilesetLoader        - Writing to buffer: dst=768,640, w=64,h=64, src=192,0
17:51:57.097 [FXGL Background Thread 2 ] DEBUG TilesetLoader        - Writing to buffer: dst=832,640, w=64,h=64, src=384,0
17:51:57.097 [FXGL Background Thread 2 ] DEBUG TilesetLoader        - Writing to buffer: dst=896,640, w=64,h=64, src=448,0
17:51:57.097 [FXGL Background Thread 2 ] DEBUG TilesetLoader        - Writing to buffer: dst=0,704, w=64,h=64, src=448,0
17:51:57.097 [FXGL Background Thread 2 ] DEBUG TilesetLoader        - Writing to buffer: dst=64,704, w=64,h=64, src=384,0
17:51:57.097 [FXGL Background Thread 2 ] DEBUG TilesetLoader        - Writing to buffer: dst=128,704, w=64,h=64, src=384,0
17:51:57.097 [FXGL Background Thread 2 ] DEBUG TilesetLoader        - Writing to buffer: dst=192,704, w=64,h=64, src=384,0
17:51:57.097 [FXGL Background Thread 2 ] DEBUG TilesetLoader        - Writing to buffer: dst=256,704, w=64,h=64, src=384,0
17:51:57.097 [FXGL Background Thread 2 ] DEBUG TilesetLoader        - Writing to buffer: dst=320,704, w=64,h=64, src=384,0
17:51:57.097 [FXGL Background Thread 2 ] DEBUG TilesetLoader        - Writing to buffer: dst=384,704, w=64,h=64, src=384,0
17:51:57.098 [FXGL Background Thread 2 ] DEBUG TilesetLoader        - Writing to buffer: dst=448,704, w=64,h=64, src=384,0
17:51:57.098 [FXGL Background Thread 2 ] DEBUG TilesetLoader        - Writing to buffer: dst=512,704, w=64,h=64, src=384,0
17:51:57.098 [FXGL Background Thread 2 ] DEBUG TilesetLoader        - Writing to buffer: dst=576,704, w=64,h=64, src=384,0
17:51:57.098 [FXGL Background Thread 2 ] DEBUG TilesetLoader        - Writing to buffer: dst=640,704, w=64,h=64, src=384,0
17:51:57.098 [FXGL Background Thread 2 ] DEBUG TilesetLoader        - Writing to buffer: dst=704,704, w=64,h=64, src=384,0
17:51:57.098 [FXGL Background Thread 2 ] DEBUG TilesetLoader        - Writing to buffer: dst=768,704, w=64,h=64, src=384,0
17:51:57.099 [FXGL Background Thread 2 ] DEBUG TilesetLoader        - Writing to buffer: dst=832,704, w=64,h=64, src=384,0
17:51:57.099 [FXGL Background Thread 2 ] DEBUG TilesetLoader        - Writing to buffer: dst=896,704, w=64,h=64, src=448,0
17:51:57.099 [FXGL Background Thread 2 ] DEBUG TilesetLoader        - Writing to buffer: dst=0,768, w=64,h=64, src=448,0
17:51:57.099 [FXGL Background Thread 2 ] DEBUG TilesetLoader        - Writing to buffer: dst=64,768, w=64,h=64, src=448,0
17:51:57.099 [FXGL Background Thread 2 ] DEBUG TilesetLoader        - Writing to buffer: dst=128,768, w=64,h=64, src=448,0
17:51:57.100 [FXGL Background Thread 2 ] DEBUG TilesetLoader        - Writing to buffer: dst=192,768, w=64,h=64, src=448,0
17:51:57.100 [FXGL Background Thread 2 ] DEBUG TilesetLoader        - Writing to buffer: dst=256,768, w=64,h=64, src=448,0
17:51:57.101 [FXGL Background Thread 2 ] DEBUG TilesetLoader        - Writing to buffer: dst=320,768, w=64,h=64, src=448,0
17:51:57.101 [FXGL Background Thread 2 ] DEBUG TilesetLoader        - Writing to buffer: dst=384,768, w=64,h=64, src=448,0
17:51:57.101 [FXGL Background Thread 2 ] DEBUG TilesetLoader        - Writing to buffer: dst=448,768, w=64,h=64, src=448,0
17:51:57.101 [FXGL Background Thread 2 ] DEBUG TilesetLoader        - Writing to buffer: dst=512,768, w=64,h=64, src=448,0
17:51:57.101 [FXGL Background Thread 2 ] DEBUG TilesetLoader        - Writing to buffer: dst=576,768, w=64,h=64, src=448,0
17:51:57.101 [FXGL Background Thread 2 ] DEBUG TilesetLoader        - Writing to buffer: dst=640,768, w=64,h=64, src=448,0
17:51:57.102 [FXGL Background Thread 2 ] DEBUG TilesetLoader        - Writing to buffer: dst=704,768, w=64,h=64, src=448,0
17:51:57.102 [FXGL Background Thread 2 ] DEBUG TilesetLoader        - Writing to buffer: dst=768,768, w=64,h=64, src=448,0
17:51:57.102 [FXGL Background Thread 2 ] DEBUG TilesetLoader        - Writing to buffer: dst=832,768, w=64,h=64, src=448,0
17:51:57.102 [FXGL Background Thread 2 ] DEBUG TilesetLoader        - Writing to buffer: dst=896,768, w=64,h=64, src=448,0
17:51:57.102 [FXGL Background Thread 2 ] DEBUG TMXLevelLoader       - Creating object layer entities
17:51:57.108 [FXGL Background Thread 2 ] DEBUG GameWorld            - Clearing removable entities
17:51:57.108 [FXGL Background Thread 2 ] DEBUG GameWorld            - Setting level: com.almasb.fxgl.entity.level.Level@5b921f91
17:51:57.111 [FXGL Background Thread 2 ] DEBUG AudioPlayer          - Playing music com.almasb.fxgl.audio.Music@20b253d1
17:51:57.112 [FXGL Background Thread 2 ] INFO  FXGLApplication      - Game initialization took: 0,059 sec
17:51:57.351 [JavaFX Application Thread] DEBUG Input                - Clearing active input actions
17:51:57.353 [JavaFX Application Thread] DEBUG GameApplicationServi - Removing overlay from FXGLLoadingScene and adding to GameScene
17:51:57.354 [JavaFX Application Thread] DEBUG PrimaryStageWindow   - FXGLLoadingScene -> GameScene
17:52:00.165 [JavaFX Application Thread] DEBUG FXGLAssetLoaderServi - Loading from file system: file:/C:/Users/stanm/Documents/SE-Challengeweek/target/classes/assets/textures/player_1_idle_left.png
17:52:04.737 [JavaFX Application Thread] DEBUG PrimaryStageWindow   - Push state: DialogSubScene
17:52:04.737 [JavaFX Application Thread] DEBUG Input                - Clearing active input actions
17:52:04.738 [JavaFX Application Thread] DEBUG GameApplicationServi - Removing overlay from GameScene and adding to DialogSubScene
17:52:04.739 [JavaFX Application Thread] DEBUG PrimaryStageWindow   - GameScene -> DialogSubScene
17:52:09.857 [JavaFX Application Thread] DEBUG PrimaryStageWindow   - Pop state: DialogSubScene
17:52:09.857 [JavaFX Application Thread] DEBUG Input                - Clearing active input actions
17:52:09.858 [JavaFX Application Thread] DEBUG GameApplicationServi - Removing overlay from DialogSubScene and adding to GameScene
17:52:09.859 [JavaFX Application Thread] DEBUG PrimaryStageWindow   - GameScene <- DialogSubScene
17:52:14.388 [JavaFX Application Thread] DEBUG Input                - Clearing active input actions
17:52:14.394 [JavaFX Application Thread] DEBUG GameApplicationServi - Removing overlay from GameScene and adding to FXGLMainMenuDummyScene
17:52:14.396 [JavaFX Application Thread] DEBUG PrimaryStageWindow   - GameScene -> FXGLMainMenuDummyScene
17:52:14.396 [JavaFX Application Thread] DEBUG PrimaryStageWindow   - Push state: FXGLDefaultMenu
17:52:14.396 [JavaFX Application Thread] DEBUG Input                - Clearing active input actions
17:52:14.398 [JavaFX Application Thread] DEBUG GameApplicationServi - Removing overlay from FXGLMainMenuDummyScene and adding to FXGLDefaultMenu
17:52:14.398 [JavaFX Application Thread] DEBUG PrimaryStageWindow   - FXGLMainMenuDummyScene -> FXGLDefaultMenu
17:53:05.467 [JavaFX Application Thread] DEBUG FXGLApplication      - Exiting FXGL
17:53:05.467 [JavaFX Application Thread] DEBUG LoopRunner           - Stopping loop
17:53:05.467 [JavaFX Application Thread] DEBUG SystemBundleService  - Saving FXGL system data
17:53:05.472 [JavaFX Application Thread] DEBUG FileSystemAccess     - Writing to: C:\Users\stanm\Documents\SE-Challengeweek\system\fxgl.bundle
17:53:05.477 [JavaFX Application Thread] DEBUG Async                - Shutting down background threads
17:53:05.477 [JavaFX Application Thread] DEBUG PrimaryStageWindow   - Closing main window
17:53:05.499 [JavaFX Application Thread] DEBUG Logger               - Closing Logger
