10:04:44.962 [main                     ] DEBUG Logger               - Configured Logger
10:04:44.970 [main                     ] DEBUG GameApplication      - Logging settings
Title: Bomberman SE
Version: 1.0
Width: 960
Height: 832
Fullscreen: false
Intro: false
Profiling: false
Single step:false
App Mode: DEVELOPER
Menu Key: ESCAPE
Stage Style: DECORATED
Scene Factory: class MySceneFactory

10:04:45.390 [JavaFX Application Thread] DEBUG FXGLApplication      - Initializing FXGL
10:04:45.393 [JavaFX Application Thread] INFO  Engine               - FXGL-11.14 (01.03.2021 16.59) on WINDOWS (J:15.0.2 FX:15)
10:04:45.394 [JavaFX Application Thread] DEBUG Engine               - JRE Vendor Name: Amazon.com Inc.
10:04:45.394 [JavaFX Application Thread] DEBUG Engine               - Running on OS: Windows 10 version 10.0
10:04:45.394 [JavaFX Application Thread] DEBUG Engine               - Architecture: amd64
10:04:45.394 [JavaFX Application Thread] INFO  Engine               - Source code and latest versions at: https://github.com/AlmasB/FXGL
10:04:45.395 [JavaFX Application Thread] INFO  Engine               -              Join the FXGL chat at: https://gitter.im/AlmasB/FXGL
10:04:45.538 [JavaFX Application Thread] DEBUG PrimaryStageWindow   - Creating a JavaFX scene
10:04:45.538 [JavaFX Application Thread] DEBUG PrimaryStageWindow   - Target size > screen size
10:04:45.600 [JavaFX Application Thread] DEBUG PrimaryStageWindow   - Target settings size: 960.0 x 832.0
10:04:45.600 [JavaFX Application Thread] DEBUG PrimaryStageWindow   - Scaled scene size:    925.0 x 823.0
10:04:45.601 [JavaFX Application Thread] DEBUG PrimaryStageWindow   - Scaled ratio: (0.9635416666666666, 0.9891826923076923)
10:04:45.602 [JavaFX Application Thread] DEBUG PrimaryStageWindow   - Set initial scene to FXGLStartupScene
10:04:45.611 [JavaFX Application Thread] DEBUG PrimaryStageWindow   - Opening main window
10:04:45.720 [JavaFX Application Thread] DEBUG PrimaryStageWindow   - Window border size: (15.0, 37.79998779296875)
10:04:45.720 [JavaFX Application Thread] DEBUG PrimaryStageWindow   - Scaled size: 925.0 x 823.0
10:04:45.720 [JavaFX Application Thread] DEBUG PrimaryStageWindow   - Scaled ratio: (0.9635416666666666, 0.9891826923076923)
10:04:45.721 [JavaFX Application Thread] DEBUG PrimaryStageWindow   - Scene size: 925.0 x 823.0
10:04:45.721 [JavaFX Application Thread] DEBUG PrimaryStageWindow   - Stage size: 940.0 x 860.7999877929688
10:04:45.730 [FXGL Background Thread 1 ] DEBUG Engine               - Initializing environment variables
10:04:45.767 [FXGL Background Thread 1 ] DEBUG FXGLAssetLoaderServi - User app class for loading assets: class Game
10:04:45.767 [FXGL Background Thread 1 ] DEBUG GameApplicationServi - Applying CSS: fxgl_dark.css
10:04:45.768 [FXGL Background Thread 1 ] DEBUG FXGLAssetLoaderServi - Loading from file system: jar:file:/C:/Users/roan2/.m2/repository/com/github/almasb/fxgl/11.14/fxgl-11.14.jar!/fxglassets/ui/css/fxgl_dark.css
10:04:45.817 [FXGL Background Thread 1 ] DEBUG GameApplicationServi - Initializing application scenes
10:04:45.852 [FXGL Background Thread 1 ] DEBUG GameWorld            - Game world initialized
10:04:45.910 [FXGL Background Thread 1 ] DEBUG PhysicsWorld         - Physics world initialized: appHeight=832, physics.ppm=50.0
10:04:45.910 [FXGL Background Thread 1 ] DEBUG PhysicsWorld         - Using strategy: BRUTE_FORCE
10:04:45.913 [FXGL Background Thread 1 ] DEBUG GameScene            - Game scene initialized: 960x832
10:04:45.948 [FXGL Background Thread 1 ] DEBUG FXGLAssetLoaderServi - Loading from file system: jar:file:/C:/Users/roan2/.m2/repository/com/github/almasb/fxgl/11.14/fxgl-11.14.jar!/fxglassets/textures/particles/trace_horizontal.png
10:04:46.008 [FXGL Background Thread 1 ] DEBUG FXGL.DefaultMenu     - createMenuBodyGameMenu()
10:04:46.024 [FXGL Background Thread 1 ] DEBUG FXGL.DefaultMenu     - createOptionsMenu()
10:04:46.029 [FXGL Background Thread 1 ] DEBUG FXGLAssetLoaderServi - Loading from file system: jar:file:/C:/Users/roan2/.m2/repository/com/github/almasb/fxgl/11.14/fxgl-11.14.jar!/fxglassets/textures/particles/smoke.png
10:04:46.082 [FXGL Background Thread 1 ] DEBUG GameApplicationServi - Application scenes initialized
10:04:46.092 [FXGL Background Thread 1 ] DEBUG SystemBundleService  - Loading FXGL system data
10:04:46.096 [FXGL Background Thread 1 ] DEBUG FileSystemAccess     - Reading from: C:\Users\roan2\Documents\SE-Challengeweek\system\fxgl.bundle
10:04:46.101 [FXGL Background Thread 1 ] DEBUG SystemBundleService  - Bundle FXGL: {}
10:04:46.101 [FXGL Background Thread 1 ] DEBUG UpdaterService       - Checking for updates
10:04:46.107 [FXGL Background Thread 4 ] DEBUG FXGLApplication      - Loading fonts
10:04:46.107 [FXGL Background Thread 1 ] DEBUG FXGLApplication      - Loading default localization
10:04:46.107 [FXGL Background Thread 4 ] DEBUG FXGLAssetLoaderServi - Loading from file system: jar:file:/C:/Users/roan2/.m2/repository/com/github/almasb/fxgl/11.14/fxgl-11.14.jar!/fxglassets/ui/fonts/VarelaRound-Regular.ttf
10:04:46.108 [FXGL Background Thread 1 ] DEBUG FXGLAssetLoaderServi - Loading from file system: jar:file:/C:/Users/roan2/.m2/repository/com/github/almasb/fxgl/11.14/fxgl-11.14.jar!/fxglassets/languages/english.lang
10:04:46.122 [FXGL Background Thread 1 ] INFO  FXGLApplication      - FXGL initialization took: 0.392 sec
10:04:46.132 [JavaFX Application Thread] DEBUG Input                - Registered new binding: action0 - W
10:04:46.133 [JavaFX Application Thread] DEBUG Input                - Registered new binding: action1 - S
10:04:46.133 [JavaFX Application Thread] DEBUG Input                - Registered new binding: action2 - A
10:04:46.134 [JavaFX Application Thread] DEBUG Input                - Registered new binding: action3 - D
10:04:46.135 [JavaFX Application Thread] DEBUG FXGLAssetLoaderServi - Loading from file system: jar:file:/C:/Users/roan2/.m2/repository/com/github/almasb/fxgl/11.14/fxgl-11.14.jar!/fxglassets/textures/fxgl_icon.png
10:04:46.151 [JavaFX Application Thread] DEBUG FXGLAssetLoaderServi - Loading from file system: jar:file:/C:/Users/roan2/.m2/repository/com/github/almasb/fxgl/11.14/fxgl-11.14.jar!/fxglassets/ui/cursors/fxgl_default.png
10:04:46.153 [JavaFX Application Thread] DEBUG Input                - Registered new binding: Screenshot - P
10:04:46.154 [JavaFX Application Thread] DEBUG Input                - Registered new binding: System info dump - CTRL+9
10:04:46.155 [JavaFX Application Thread] DEBUG Input                - Registered new binding: Restart - CTRL+R
10:04:46.156 [JavaFX Application Thread] DEBUG Input                - Registered new binding: Toggle Debug Camera - CTRL+C
10:04:46.158 [JavaFX Application Thread] DEBUG LoopRunner           - Starting loop
10:04:46.158 [JavaFX Application Thread] DEBUG LoopRunner           - Initializing JavaFX AnimationTimerLoop
10:04:46.159 [JavaFX Application Thread] DEBUG GameApplicationServi - Starting new game
10:04:46.160 [JavaFX Application Thread] DEBUG Input                - Clearing active input actions
10:04:46.173 [JavaFX Application Thread] DEBUG GameApplicationServi - Removing overlay from FXGLStartupScene and adding to FXGLLoadingScene
10:04:46.174 [JavaFX Application Thread] DEBUG PrimaryStageWindow   - FXGLStartupScene -> FXGLLoadingScene
10:04:46.174 [JavaFX Application Thread] DEBUG GameApplicationServi - Clearing previous game
10:04:46.174 [JavaFX Application Thread] DEBUG GameScene            - Clearing game scene
10:04:46.174 [JavaFX Application Thread] DEBUG GameWorld            - Clearing game world
10:04:46.174 [JavaFX Application Thread] DEBUG PhysicsWorld         - Clearing physics world
10:04:46.176 [FXGL Background Thread 1 ] DEBUG FXGLApplication      - Initializing game
10:04:46.178 [FXGL Background Thread 1 ] DEBUG FXGLAssetLoaderServi - Loading from file system: file:/C:/Users/roan2/Documents/SE-Challengeweek/target/classes/assets/textures/BombermanBlond2.png
10:04:46.182 [FXGL Background Thread 4 ] DEBUG FXGLAssetLoaderServi - Loading from file system: jar:file:/C:/Users/roan2/.m2/repository/com/github/almasb/fxgl/11.14/fxgl-11.14.jar!/fxglassets/ui/fonts/Abel-Regular.ttf
10:04:46.186 [FXGL Background Thread 4 ] DEBUG FXGLAssetLoaderServi - Loading from file system: jar:file:/C:/Users/roan2/.m2/repository/com/github/almasb/fxgl/11.14/fxgl-11.14.jar!/fxglassets/ui/fonts/lucida_console.ttf
10:04:46.190 [FXGL Background Thread 4 ] DEBUG FXGLAssetLoaderServi - Loading from file system: jar:file:/C:/Users/roan2/.m2/repository/com/github/almasb/fxgl/11.14/fxgl-11.14.jar!/fxglassets/ui/fonts/Courier-Prime.ttf
10:04:46.193 [FXGL Background Thread 1 ] DEBUG FXGLAssetLoaderServi - Loading from file system: file:/C:/Users/roan2/Documents/SE-Challengeweek/target/classes/assets/textures/wall-1.png
10:04:46.198 [FXGL Background Thread 1 ] DEBUG FXGLAssetLoaderServi - Loading from file system: file:/C:/Users/roan2/Documents/SE-Challengeweek/target/classes/assets/textures/wall-2.png
10:04:46.201 [FXGL Background Thread 1 ] DEBUG FXGLAssetLoaderServi - Loading from file system: file:/C:/Users/roan2/Documents/SE-Challengeweek/target/classes/assets/textures/metal-1.png
10:04:46.217 [JavaFX Application Thread] DEBUG FXGLApplication      - Registering font factories with UI factory
10:04:46.219 [FXGL Background Thread 1 ] DEBUG FXGLAssetLoaderServi - Loading from file system: file:/C:/Users/roan2/Documents/SE-Challengeweek/target/classes/assets/textures/box-1.png
10:04:46.242 [FXGL Background Thread 1 ] DEBUG FXGLAssetLoaderServi - Loading from file system: file:/C:/Users/roan2/Documents/SE-Challengeweek/target/classes/assets/textures/box-2.png
10:04:46.266 [FXGL Background Thread 1 ] INFO  FXGLApplication      - Game initialization took: 0.089 sec
10:04:46.294 [JavaFX Application Thread] DEBUG Input                - Clearing active input actions
10:04:46.314 [JavaFX Application Thread] DEBUG GameApplicationServi - Removing overlay from FXGLLoadingScene and adding to GameScene
10:04:46.315 [JavaFX Application Thread] DEBUG PrimaryStageWindow   - FXGLLoadingScene -> GameScene
10:04:46.489 [FXGL Background Thread 2 ] INFO  UpdaterService       - Your current version:  11.14
10:04:46.490 [FXGL Background Thread 2 ] INFO  UpdaterService       - Latest stable version: 17.1
10:04:48.904 [JavaFX Application Thread] DEBUG FXGLApplication      - Exiting FXGL
10:04:48.905 [JavaFX Application Thread] DEBUG LoopRunner           - Stopping loop
10:04:48.905 [JavaFX Application Thread] DEBUG SystemBundleService  - Saving FXGL system data
10:04:48.907 [JavaFX Application Thread] DEBUG FileSystemAccess     - Writing to: C:\Users\roan2\Documents\SE-Challengeweek\system\fxgl.bundle
10:04:48.909 [JavaFX Application Thread] DEBUG Async                - Shutting down background threads
10:04:48.909 [JavaFX Application Thread] DEBUG PrimaryStageWindow   - Closing main window
10:04:48.924 [JavaFX Application Thread] DEBUG Logger               - Closing Logger
