10:25:08.079 [main                     ] DEBUG Logger               - Configured Logger
10:25:08.097 [main                     ] DEBUG GameApplication      - Logging settings
Title: Bomberman SE
Version: 1.0
Width: 960
Height: 832
Fullscreen: false
Intro: false
Profiling: false
Single step:false
App Mode: DEVELOPER
Menu Key: ESCAPE
Stage Style: DECORATED
Scene Factory: class com.almasb.fxgl.app.scene.SceneFactory

10:25:09.160 [JavaFX Application Thread] DEBUG FXGLApplication      - Initializing FXGL
10:25:09.164 [JavaFX Application Thread] INFO  Engine               - FXGL-11.14 (01.03.2021 16.59) on WINDOWS (J:15.0.2 FX:15)
10:25:09.165 [JavaFX Application Thread] DEBUG Engine               - JRE Vendor Name: Amazon.com Inc.
10:25:09.165 [JavaFX Application Thread] DEBUG Engine               - Running on OS: Windows 10 version 10.0
10:25:09.165 [JavaFX Application Thread] DEBUG Engine               - Architecture: amd64
10:25:09.166 [JavaFX Application Thread] INFO  Engine               - Source code and latest versions at: https://github.com/AlmasB/FXGL
10:25:09.166 [JavaFX Application Thread] INFO  Engine               -              Join the FXGL chat at: https://gitter.im/AlmasB/FXGL
10:25:09.314 [JavaFX Application Thread] DEBUG PrimaryStageWindow   - Creating a JavaFX scene
10:25:09.315 [JavaFX Application Thread] DEBUG PrimaryStageWindow   - Target size > screen size
10:25:09.405 [JavaFX Application Thread] DEBUG PrimaryStageWindow   - Target settings size: 960.0 x 832.0
10:25:09.405 [JavaFX Application Thread] DEBUG PrimaryStageWindow   - Scaled scene size:    925.0 x 823.0
10:25:09.406 [JavaFX Application Thread] DEBUG PrimaryStageWindow   - Scaled ratio: (0.9635416666666666, 0.9891826923076923)
10:25:09.407 [JavaFX Application Thread] DEBUG PrimaryStageWindow   - Set initial scene to FXGLStartupScene
10:25:09.415 [JavaFX Application Thread] DEBUG PrimaryStageWindow   - Opening main window
10:25:09.533 [JavaFX Application Thread] DEBUG PrimaryStageWindow   - Window border size: (15.0, 37.79998779296875)
10:25:09.534 [JavaFX Application Thread] DEBUG PrimaryStageWindow   - Scaled size: 925.0 x 823.0
10:25:09.534 [JavaFX Application Thread] DEBUG PrimaryStageWindow   - Scaled ratio: (0.9635416666666666, 0.9891826923076923)
10:25:09.535 [JavaFX Application Thread] DEBUG PrimaryStageWindow   - Scene size: 925.0 x 823.0
10:25:09.535 [JavaFX Application Thread] DEBUG PrimaryStageWindow   - Stage size: 940.0 x 860.7999877929688
10:25:09.546 [FXGL Background Thread 1 ] DEBUG Engine               - Initializing environment variables
10:25:09.593 [FXGL Background Thread 1 ] DEBUG FXGLAssetLoaderServi - User app class for loading assets: class Game
10:25:09.594 [FXGL Background Thread 1 ] DEBUG GameApplicationServi - Applying CSS: fxgl_dark.css
10:25:09.595 [FXGL Background Thread 1 ] DEBUG FXGLAssetLoaderServi - Loading from file system: jar:file:/C:/Users/diewe/.m2/repository/com/github/almasb/fxgl/11.14/fxgl-11.14.jar!/fxglassets/ui/css/fxgl_dark.css
10:25:09.657 [FXGL Background Thread 1 ] DEBUG GameApplicationServi - Initializing application scenes
10:25:09.713 [FXGL Background Thread 1 ] DEBUG GameWorld            - Game world initialized
10:25:09.803 [FXGL Background Thread 1 ] DEBUG PhysicsWorld         - Physics world initialized: appHeight=832, physics.ppm=50,0
10:25:09.803 [FXGL Background Thread 1 ] DEBUG PhysicsWorld         - Using strategy: BRUTE_FORCE
10:25:09.806 [FXGL Background Thread 1 ] DEBUG GameScene            - Game scene initialized: 960x832
10:25:09.857 [FXGL Background Thread 1 ] DEBUG FXGLAssetLoaderServi - Loading from file system: jar:file:/C:/Users/diewe/.m2/repository/com/github/almasb/fxgl/11.14/fxgl-11.14.jar!/fxglassets/textures/particles/trace_horizontal.png
10:25:09.921 [FXGL Background Thread 1 ] DEBUG FXGL.DefaultMenu     - createMenuBodyGameMenu()
10:25:09.938 [FXGL Background Thread 1 ] DEBUG FXGL.DefaultMenu     - createOptionsMenu()
10:25:09.942 [FXGL Background Thread 1 ] DEBUG FXGLAssetLoaderServi - Loading from file system: jar:file:/C:/Users/diewe/.m2/repository/com/github/almasb/fxgl/11.14/fxgl-11.14.jar!/fxglassets/textures/particles/smoke.png
10:25:10.010 [FXGL Background Thread 1 ] DEBUG GameApplicationServi - Application scenes initialized
10:25:10.025 [FXGL Background Thread 1 ] DEBUG SystemBundleService  - Loading FXGL system data
10:25:10.032 [FXGL Background Thread 1 ] DEBUG FileSystemAccess     - Reading from: C:\Users\diewe\OneDrive\Documenten\GitHub\SE-Challengeweek\system\fxgl.bundle
10:25:10.041 [FXGL Background Thread 1 ] DEBUG SystemBundleService  - Bundle FXGL: {}
10:25:10.041 [FXGL Background Thread 1 ] DEBUG UpdaterService       - Checking for updates
10:25:10.049 [FXGL Background Thread 4 ] DEBUG FXGLApplication      - Loading fonts
10:25:10.050 [FXGL Background Thread 1 ] DEBUG FXGLApplication      - Loading default localization
10:25:10.050 [FXGL Background Thread 1 ] DEBUG FXGLAssetLoaderServi - Loading from file system: jar:file:/C:/Users/diewe/.m2/repository/com/github/almasb/fxgl/11.14/fxgl-11.14.jar!/fxglassets/languages/english.lang
10:25:10.078 [FXGL Background Thread 1 ] INFO  FXGLApplication      - FXGL initialization took: 0,531 sec
10:25:10.086 [JavaFX Application Thread] DEBUG FXGLAssetLoaderServi - Loading from file system: file:/C:/Users/diewe/OneDrive/Documenten/GitHub/SE-Challengeweek/target/classes/assets/textures/sprite.png
10:25:10.124 [JavaFX Application Thread] DEBUG Input                - Registered new binding: action0 - W
10:25:10.125 [JavaFX Application Thread] DEBUG Input                - Registered new binding: action1 - S
10:25:10.126 [JavaFX Application Thread] DEBUG Input                - Registered new binding: action2 - A
10:25:10.127 [JavaFX Application Thread] DEBUG Input                - Registered new binding: action3 - D
10:25:10.128 [JavaFX Application Thread] DEBUG FXGLAssetLoaderServi - Loading from file system: jar:file:/C:/Users/diewe/.m2/repository/com/github/almasb/fxgl/11.14/fxgl-11.14.jar!/fxglassets/textures/fxgl_icon.png
10:25:10.159 [JavaFX Application Thread] DEBUG FXGLAssetLoaderServi - Loading from file system: jar:file:/C:/Users/diewe/.m2/repository/com/github/almasb/fxgl/11.14/fxgl-11.14.jar!/fxglassets/ui/cursors/fxgl_default.png
10:25:10.163 [JavaFX Application Thread] DEBUG Input                - Registered new binding: Screenshot - P
10:25:10.164 [JavaFX Application Thread] DEBUG Input                - Registered new binding: System info dump - CTRL+9
10:25:10.164 [FXGL Background Thread 4 ] DEBUG FXGLAssetLoaderServi - Loading from file system: jar:file:/C:/Users/diewe/.m2/repository/com/github/almasb/fxgl/11.14/fxgl-11.14.jar!/fxglassets/ui/fonts/Abel-Regular.ttf
10:25:10.164 [JavaFX Application Thread] DEBUG Input                - Registered new binding: Restart - CTRL+R
10:25:10.165 [JavaFX Application Thread] DEBUG Input                - Registered new binding: Toggle Debug Camera - CTRL+C
10:25:10.169 [JavaFX Application Thread] DEBUG LoopRunner           - Starting loop
10:25:10.169 [JavaFX Application Thread] DEBUG LoopRunner           - Initializing JavaFX AnimationTimerLoop
10:25:10.172 [JavaFX Application Thread] DEBUG GameApplicationServi - Starting new game
10:25:10.173 [JavaFX Application Thread] DEBUG Input                - Clearing active input actions
10:25:10.179 [FXGL Background Thread 4 ] DEBUG FXGLAssetLoaderServi - Loading from file system: jar:file:/C:/Users/diewe/.m2/repository/com/github/almasb/fxgl/11.14/fxgl-11.14.jar!/fxglassets/ui/fonts/lucida_console.ttf
10:25:10.188 [JavaFX Application Thread] DEBUG GameApplicationServi - Removing overlay from FXGLStartupScene and adding to FXGLLoadingScene
10:25:10.188 [JavaFX Application Thread] DEBUG PrimaryStageWindow   - FXGLStartupScene -> FXGLLoadingScene
10:25:10.189 [JavaFX Application Thread] DEBUG GameApplicationServi - Clearing previous game
10:25:10.189 [JavaFX Application Thread] DEBUG GameScene            - Clearing game scene
10:25:10.189 [JavaFX Application Thread] DEBUG GameWorld            - Clearing game world
10:25:10.192 [JavaFX Application Thread] DEBUG PhysicsWorld         - Clearing physics world
10:25:10.194 [FXGL Background Thread 1 ] DEBUG FXGLApplication      - Initializing game
10:25:10.199 [FXGL Background Thread 1 ] DEBUG FXGLAssetLoaderServi - Loading from file system: file:/C:/Users/diewe/OneDrive/Documenten/GitHub/SE-Challengeweek/target/classes/assets/textures/wall-1.png
10:25:10.202 [FXGL Background Thread 4 ] DEBUG FXGLAssetLoaderServi - Loading from file system: jar:file:/C:/Users/diewe/.m2/repository/com/github/almasb/fxgl/11.14/fxgl-11.14.jar!/fxglassets/ui/fonts/Courier-Prime.ttf
10:25:10.209 [FXGL Background Thread 1 ] DEBUG FXGLAssetLoaderServi - Loading from file system: file:/C:/Users/diewe/OneDrive/Documenten/GitHub/SE-Challengeweek/target/classes/assets/textures/wall-2.png
10:25:10.216 [FXGL Background Thread 1 ] DEBUG FXGLAssetLoaderServi - Loading from file system: file:/C:/Users/diewe/OneDrive/Documenten/GitHub/SE-Challengeweek/target/classes/assets/textures/metal-1.png
10:25:10.244 [FXGL Background Thread 1 ] DEBUG FXGLAssetLoaderServi - Loading from file system: file:/C:/Users/diewe/OneDrive/Documenten/GitHub/SE-Challengeweek/target/classes/assets/textures/box-1.png
10:25:10.245 [JavaFX Application Thread] DEBUG FXGLApplication      - Registering font factories with UI factory
10:25:10.284 [FXGL Background Thread 1 ] DEBUG FXGLAssetLoaderServi - Loading from file system: file:/C:/Users/diewe/OneDrive/Documenten/GitHub/SE-Challengeweek/target/classes/assets/textures/box-2.png
10:25:10.311 [FXGL Background Thread 1 ] INFO  FXGLApplication      - Game initialization took: 0,117 sec
10:25:10.357 [JavaFX Application Thread] DEBUG Input                - Clearing active input actions
10:25:10.381 [JavaFX Application Thread] DEBUG GameApplicationServi - Removing overlay from FXGLLoadingScene and adding to GameScene
10:25:10.383 [JavaFX Application Thread] DEBUG PrimaryStageWindow   - FXGLLoadingScene -> GameScene
10:25:10.938 [FXGL Background Thread 2 ] INFO  UpdaterService       - Your current version:  11.14
10:25:10.938 [FXGL Background Thread 2 ] INFO  UpdaterService       - Latest stable version: 17.1
10:25:13.047 [FXGL Background Thread 3 ] DEBUG Engine               - Logging environment variables
10:25:13.047 [FXGL Background Thread 3 ] DEBUG Engine               - achievements: []
10:25:13.047 [FXGL Background Thread 3 ] DEBUG Engine               - actualHeight: 823.0
10:25:13.048 [FXGL Background Thread 3 ] DEBUG Engine               - actualHeightProperty: ReadOnlyDoubleProperty [value: 823.0]
10:25:13.048 [FXGL Background Thread 3 ] DEBUG Engine               - actualWidth: 925.0
10:25:13.048 [FXGL Background Thread 3 ] DEBUG Engine               - actualWidthProperty: ReadOnlyDoubleProperty [value: 925.0]
10:25:13.048 [FXGL Background Thread 3 ] DEBUG Engine               - appIcon: fxgl_icon.png
10:25:13.048 [FXGL Background Thread 3 ] DEBUG Engine               - applicationMode: DEVELOPER
10:25:13.048 [FXGL Background Thread 3 ] DEBUG Engine               - cSSList: [fxgl_dark.css]
10:25:13.048 [FXGL Background Thread 3 ] DEBUG Engine               - collisionDetectionStrategy: BRUTE_FORCE
10:25:13.049 [FXGL Background Thread 3 ] DEBUG Engine               - configClass: Optional.empty
10:25:13.049 [FXGL Background Thread 3 ] DEBUG Engine               - credits: []
10:25:13.049 [FXGL Background Thread 3 ] DEBUG Engine               - devBBoxColorProperty: ObjectProperty [value: 0xff0000ff]
10:25:13.049 [FXGL Background Thread 3 ] DEBUG Engine               - devEnableDebugCameraProperty: BooleanProperty [value: false]
10:25:13.050 [FXGL Background Thread 3 ] DEBUG Engine               - devSensorColorProperty: ObjectProperty [value: 0xffff00ff]
10:25:13.050 [FXGL Background Thread 3 ] DEBUG Engine               - devShowBBoxProperty: BooleanProperty [value: false]
10:25:13.050 [FXGL Background Thread 3 ] DEBUG Engine               - devShowPositionProperty: BooleanProperty [value: false]
10:25:13.050 [FXGL Background Thread 3 ] DEBUG Engine               - enabledMenuItems: []
10:25:13.050 [FXGL Background Thread 3 ] DEBUG Engine               - engineServices: [class com.almasb.fxgl.app.services.FXGLAssetLoaderService, class com.almasb.fxgl.app.FXGLApplication$GameApplicationService, class com.almasb.fxgl.app.services.FXGLDialogService, class com.almasb.fxgl.app.services.IOTaskExecutorService, class com.almasb.fxgl.event.EventBusService, class com.almasb.fxgl.io.FileSystemService, class com.almasb.fxgl.localization.LocalizationService, class com.almasb.fxgl.app.services.SystemBundleService, class com.almasb.fxgl.profile.SaveLoadService, class com.almasb.fxgl.ui.FXGLUIFactoryServiceProvider, class com.almasb.fxgl.ui.FXGLDialogFactoryServiceProvider, class com.almasb.fxgl.audio.AudioPlayer, class com.almasb.fxgl.notification.impl.NotificationServiceProvider, class com.almasb.fxgl.achievement.AchievementService, class com.almasb.fxgl.cutscene.CutsceneService, class com.almasb.fxgl.minigames.MiniGameService, class com.almasb.fxgl.net.NetService, class com.almasb.fxgl.app.services.UpdaterService, class com.almasb.fxgl.dev.DevService]
10:25:13.050 [FXGL Background Thread 3 ] DEBUG Engine               - fontGame: Abel-Regular.ttf
10:25:13.050 [FXGL Background Thread 3 ] DEBUG Engine               - fontMono: lucida_console.ttf
10:25:13.050 [FXGL Background Thread 3 ] DEBUG Engine               - fontText: Courier-Prime.ttf
10:25:13.051 [FXGL Background Thread 3 ] DEBUG Engine               - fontUI: VarelaRound-Regular.ttf
10:25:13.051 [FXGL Background Thread 3 ] DEBUG Engine               - fullScreen: BooleanProperty [value: false]
10:25:13.051 [FXGL Background Thread 3 ] DEBUG Engine               - gameDifficulty: MEDIUM
10:25:13.051 [FXGL Background Thread 3 ] DEBUG Engine               - gameDifficultyProperty: ObjectProperty [value: MEDIUM]
10:25:13.051 [FXGL Background Thread 3 ] DEBUG Engine               - globalMusicVolume: 0.5
10:25:13.052 [FXGL Background Thread 3 ] DEBUG Engine               - globalMusicVolumeProperty: DoubleProperty [value: 0.5]
10:25:13.052 [FXGL Background Thread 3 ] DEBUG Engine               - globalSoundVolume: 0.5
10:25:13.052 [FXGL Background Thread 3 ] DEBUG Engine               - globalSoundVolumeProperty: DoubleProperty [value: 0.5]
10:25:13.052 [FXGL Background Thread 3 ] DEBUG Engine               - height: 832
10:25:13.052 [FXGL Background Thread 3 ] DEBUG Engine               - isAndroid: false
10:25:13.053 [FXGL Background Thread 3 ] DEBUG Engine               - isBrowser: false
10:25:13.053 [FXGL Background Thread 3 ] DEBUG Engine               - isClickFeedbackEnabled: false
10:25:13.053 [FXGL Background Thread 3 ] DEBUG Engine               - isCloseConfirmation: false
10:25:13.053 [FXGL Background Thread 3 ] DEBUG Engine               - isDesktop: true
10:25:13.053 [FXGL Background Thread 3 ] DEBUG Engine               - isDeveloperMenuEnabled: false
10:25:13.053 [FXGL Background Thread 3 ] DEBUG Engine               - isEntityPreloadEnabled: true
10:25:13.054 [FXGL Background Thread 3 ] DEBUG Engine               - isExperimental3D: false
10:25:13.054 [FXGL Background Thread 3 ] DEBUG Engine               - isExperimentalNative: false
10:25:13.054 [FXGL Background Thread 3 ] DEBUG Engine               - isExperimentalTiledLargeMap: false
10:25:13.054 [FXGL Background Thread 3 ] DEBUG Engine               - isFileSystemWriteAllowed: true
10:25:13.054 [FXGL Background Thread 3 ] DEBUG Engine               - isFullScreenAllowed: false
10:25:13.055 [FXGL Background Thread 3 ] DEBUG Engine               - isFullScreenFromStart: false
10:25:13.055 [FXGL Background Thread 3 ] DEBUG Engine               - isGameMenuEnabled: true
10:25:13.055 [FXGL Background Thread 3 ] DEBUG Engine               - isIOS: false
10:25:13.055 [FXGL Background Thread 3 ] DEBUG Engine               - isIntroEnabled: false
10:25:13.055 [FXGL Background Thread 3 ] DEBUG Engine               - isLinux: false
10:25:13.055 [FXGL Background Thread 3 ] DEBUG Engine               - isMac: false
10:25:13.055 [FXGL Background Thread 3 ] DEBUG Engine               - isMainMenuEnabled: false
10:25:13.055 [FXGL Background Thread 3 ] DEBUG Engine               - isManualResizeEnabled: false
10:25:13.056 [FXGL Background Thread 3 ] DEBUG Engine               - isMobile: false
10:25:13.056 [FXGL Background Thread 3 ] DEBUG Engine               - isPreserveResizeRatio: false
10:25:13.056 [FXGL Background Thread 3 ] DEBUG Engine               - isProfilingEnabled: false
10:25:13.056 [FXGL Background Thread 3 ] DEBUG Engine               - isScaleAffectedOnResize: true
10:25:13.056 [FXGL Background Thread 3 ] DEBUG Engine               - isSingleStep: false
10:25:13.056 [FXGL Background Thread 3 ] DEBUG Engine               - isUserProfileEnabled: false
10:25:13.056 [FXGL Background Thread 3 ] DEBUG Engine               - isWindows: true
10:25:13.056 [FXGL Background Thread 3 ] DEBUG Engine               - language: ObjectProperty [value: ENGLISH]
10:25:13.056 [FXGL Background Thread 3 ] DEBUG Engine               - menuKey: ESCAPE
10:25:13.056 [FXGL Background Thread 3 ] DEBUG Engine               - notificationViewClass: class com.almasb.fxgl.notification.view.XboxNotificationView
10:25:13.056 [FXGL Background Thread 3 ] DEBUG Engine               - pixelsPerMeter: 50.0
10:25:13.056 [FXGL Background Thread 3 ] DEBUG Engine               - platform: WINDOWS
10:25:13.057 [FXGL Background Thread 3 ] DEBUG Engine               - prefHeightProperty: ReadOnlyDoubleProperty [value: 832.0]
10:25:13.057 [FXGL Background Thread 3 ] DEBUG Engine               - prefWidthProperty: ReadOnlyDoubleProperty [value: 960.0]
10:25:13.057 [FXGL Background Thread 3 ] DEBUG Engine               - profileDir: profiles/
10:25:13.057 [FXGL Background Thread 3 ] DEBUG Engine               - profileName: StringProperty [value: DEFAULT]
10:25:13.057 [FXGL Background Thread 3 ] DEBUG Engine               - randomSeed: -1
10:25:13.057 [FXGL Background Thread 3 ] DEBUG Engine               - runtimeInfo: RuntimeInfo(platform=WINDOWS, version=11.14, build=01.03.2021 16.59)
10:25:13.057 [FXGL Background Thread 3 ] DEBUG Engine               - saveFileExt: sav
10:25:13.058 [FXGL Background Thread 3 ] DEBUG Engine               - scaledHeightProp$fxgl: DoubleProperty [bound, value: 823.0]
10:25:13.058 [FXGL Background Thread 3 ] DEBUG Engine               - scaledWidthProp$fxgl: DoubleProperty [bound, value: 925.0]
10:25:13.058 [FXGL Background Thread 3 ] DEBUG Engine               - sceneFactory: com.almasb.fxgl.app.scene.SceneFactory@4f09425d
10:25:13.058 [FXGL Background Thread 3 ] DEBUG Engine               - secondsIn24h: 60
10:25:13.058 [FXGL Background Thread 3 ] DEBUG Engine               - soundMenuBack: menu/back.wav
10:25:13.058 [FXGL Background Thread 3 ] DEBUG Engine               - soundMenuPress: menu/press.wav
10:25:13.058 [FXGL Background Thread 3 ] DEBUG Engine               - soundMenuSelect: menu/select.wav
10:25:13.058 [FXGL Background Thread 3 ] DEBUG Engine               - soundNotification: core/notification.wav
10:25:13.058 [FXGL Background Thread 3 ] DEBUG Engine               - stageStyle: DECORATED
10:25:13.058 [FXGL Background Thread 3 ] DEBUG Engine               - supportedLanguages: [ENGLISH, FRENCH, GERMAN, HUNGARIAN, RUSSIAN]
10:25:13.059 [FXGL Background Thread 3 ] DEBUG Engine               - ticksPerSecond: -1
10:25:13.059 [FXGL Background Thread 3 ] DEBUG Engine               - title: Bomberman SE
10:25:13.059 [FXGL Background Thread 3 ] DEBUG Engine               - urlGithub: https://github.com/AlmasB/FXGL
10:25:13.059 [FXGL Background Thread 3 ] DEBUG Engine               - urlLeaderboard: http://fxgl-top.herokuapp.com/
10:25:13.059 [FXGL Background Thread 3 ] DEBUG Engine               - urlPOM: https://raw.githubusercontent.com/AlmasB/FXGL/release/README.md
10:25:13.060 [FXGL Background Thread 3 ] DEBUG Engine               - userAppClass: class Game
10:25:13.060 [FXGL Background Thread 3 ] DEBUG Engine               - version: 1.0
10:25:13.060 [FXGL Background Thread 3 ] DEBUG Engine               - versionCheckDays: 7
10:25:13.060 [FXGL Background Thread 3 ] DEBUG Engine               - width: 960
10:25:13.061 [FXGL Background Thread 3 ] DEBUG Engine               - Logging services
10:25:13.061 [FXGL Background Thread 3 ] DEBUG Engine               - class com.almasb.fxgl.app.services.FXGLAssetLoaderService
10:25:13.061 [FXGL Background Thread 3 ] DEBUG Engine               - class com.almasb.fxgl.app.FXGLApplication$GameApplicationService
10:25:13.061 [FXGL Background Thread 3 ] DEBUG Engine               - class com.almasb.fxgl.app.services.FXGLDialogService
10:25:13.061 [FXGL Background Thread 3 ] DEBUG Engine               - class com.almasb.fxgl.app.services.IOTaskExecutorService
10:25:13.061 [FXGL Background Thread 3 ] DEBUG Engine               - class com.almasb.fxgl.event.EventBusService
10:25:13.061 [FXGL Background Thread 3 ] DEBUG Engine               - class com.almasb.fxgl.io.FileSystemService
10:25:13.061 [FXGL Background Thread 3 ] DEBUG Engine               - class com.almasb.fxgl.localization.LocalizationService
10:25:13.062 [FXGL Background Thread 3 ] DEBUG Engine               - class com.almasb.fxgl.app.services.SystemBundleService
10:25:13.062 [FXGL Background Thread 3 ] DEBUG Engine               - class com.almasb.fxgl.profile.SaveLoadService
10:25:13.062 [FXGL Background Thread 3 ] DEBUG Engine               - class com.almasb.fxgl.ui.FXGLUIFactoryServiceProvider
10:25:13.062 [FXGL Background Thread 3 ] DEBUG Engine               - class com.almasb.fxgl.ui.FXGLDialogFactoryServiceProvider
10:25:13.062 [FXGL Background Thread 3 ] DEBUG Engine               - class com.almasb.fxgl.audio.AudioPlayer
10:25:13.063 [FXGL Background Thread 3 ] DEBUG Engine               - class com.almasb.fxgl.notification.impl.NotificationServiceProvider
10:25:13.063 [FXGL Background Thread 3 ] DEBUG Engine               - class com.almasb.fxgl.achievement.AchievementService
10:25:13.063 [FXGL Background Thread 3 ] DEBUG Engine               - class com.almasb.fxgl.cutscene.CutsceneService
10:25:13.063 [FXGL Background Thread 3 ] DEBUG Engine               - class com.almasb.fxgl.minigames.MiniGameService
10:25:13.063 [FXGL Background Thread 3 ] DEBUG Engine               - class com.almasb.fxgl.net.NetService
10:25:13.063 [FXGL Background Thread 3 ] DEBUG Engine               - class com.almasb.fxgl.app.services.UpdaterService
10:25:13.063 [FXGL Background Thread 3 ] DEBUG Engine               - class com.almasb.fxgl.dev.DevService
10:25:25.923 [JavaFX Application Thread] DEBUG FXGLApplication      - Exiting FXGL
10:25:25.923 [JavaFX Application Thread] DEBUG LoopRunner           - Stopping loop
10:25:25.923 [JavaFX Application Thread] DEBUG SystemBundleService  - Saving FXGL system data
10:25:25.933 [JavaFX Application Thread] DEBUG FileSystemAccess     - Writing to: C:\Users\diewe\OneDrive\Documenten\GitHub\SE-Challengeweek\system\fxgl.bundle
10:25:25.935 [JavaFX Application Thread] DEBUG Async                - Shutting down background threads
10:25:25.935 [JavaFX Application Thread] DEBUG PrimaryStageWindow   - Closing main window
10:25:25.946 [JavaFX Application Thread] DEBUG Logger               - Closing Logger
