17:58:01.014 [main                     ] DEBUG Logger               - Configured Logger
17:58:01.033 [main                     ] DEBUG GameApplication      - Logging settings
Title: Bomberman
Version: 0.0
Width: 950
Height: 820
Fullscreen: false
Intro: false
Profiling: false
Single step:false
App Mode: DEVELOPER
Menu Key: ESCAPE
Stage Style: DECORATED
Scene Factory: class com.almasb.fxgl.app.scene.SceneFactory

17:58:01.397 [JavaFX Application Thread] DEBUG FXGLApplication      - Initializing FXGL
17:58:01.398 [JavaFX Application Thread] INFO  Engine               - FXGL-11.14 (01.03.2021 16.59) on WINDOWS (J:15.0.2 FX:15)
17:58:01.399 [JavaFX Application Thread] DEBUG Engine               - JRE Vendor Name: Amazon.com Inc.
17:58:01.399 [JavaFX Application Thread] DEBUG Engine               - Running on OS: Windows 10 version 10.0
17:58:01.399 [JavaFX Application Thread] DEBUG Engine               - Architecture: amd64
17:58:01.399 [JavaFX Application Thread] INFO  Engine               - Source code and latest versions at: https://github.com/AlmasB/FXGL
17:58:01.399 [JavaFX Application Thread] INFO  Engine               -              Join the FXGL chat at: https://gitter.im/AlmasB/FXGL
17:58:01.501 [JavaFX Application Thread] DEBUG PrimaryStageWindow   - Creating a JavaFX scene
17:58:01.548 [JavaFX Application Thread] DEBUG PrimaryStageWindow   - Target settings size: 950.0 x 820.0
17:58:01.549 [JavaFX Application Thread] DEBUG PrimaryStageWindow   - Scaled scene size:    950.0 x 820.0
17:58:01.549 [JavaFX Application Thread] DEBUG PrimaryStageWindow   - Scaled ratio: (1.0, 1.0)
17:58:01.550 [JavaFX Application Thread] DEBUG PrimaryStageWindow   - Set initial scene to FXGLStartupScene
17:58:01.557 [JavaFX Application Thread] DEBUG PrimaryStageWindow   - Opening main window
17:58:01.628 [JavaFX Application Thread] DEBUG PrimaryStageWindow   - Window border size: (14.79998779296875, 37.5999755859375)
17:58:01.628 [JavaFX Application Thread] DEBUG PrimaryStageWindow   - Scaled size: 950.0 x 820.0
17:58:01.628 [JavaFX Application Thread] DEBUG PrimaryStageWindow   - Scaled ratio: (1.0, 1.0)
17:58:01.628 [JavaFX Application Thread] DEBUG PrimaryStageWindow   - Scene size: 950.0 x 820.0
17:58:01.629 [JavaFX Application Thread] DEBUG PrimaryStageWindow   - Stage size: 964.7999877929688 x 857.5999755859375
17:58:01.637 [FXGL Background Thread 1 ] DEBUG Engine               - Initializing environment variables
17:58:01.669 [FXGL Background Thread 1 ] DEBUG FXGLAssetLoaderServi - User app class for loading assets: class Game
17:58:01.670 [FXGL Background Thread 1 ] DEBUG GameApplicationServi - Applying CSS: fxgl_dark.css
17:58:01.671 [FXGL Background Thread 1 ] DEBUG FXGLAssetLoaderServi - Loading from file system: jar:file:/C:/Users/stanm/.m2/repository/com/github/almasb/fxgl/11.14/fxgl-11.14.jar!/fxglassets/ui/css/fxgl_dark.css
17:58:01.719 [FXGL Background Thread 1 ] DEBUG GameApplicationServi - Initializing application scenes
17:58:01.756 [FXGL Background Thread 1 ] DEBUG GameWorld            - Game world initialized
17:58:01.809 [FXGL Background Thread 1 ] DEBUG PhysicsWorld         - Physics world initialized: appHeight=820, physics.ppm=50,0
17:58:01.810 [FXGL Background Thread 1 ] DEBUG PhysicsWorld         - Using strategy: BRUTE_FORCE
17:58:01.812 [FXGL Background Thread 1 ] DEBUG GameScene            - Game scene initialized: 950x820
17:58:01.852 [FXGL Background Thread 1 ] DEBUG FXGLAssetLoaderServi - Loading from file system: jar:file:/C:/Users/stanm/.m2/repository/com/github/almasb/fxgl/11.14/fxgl-11.14.jar!/fxglassets/textures/particles/trace_horizontal.png
17:58:01.903 [FXGL Background Thread 1 ] DEBUG FXGL.DefaultMenu     - createMenuBodyMainMenu()
17:58:01.917 [FXGL Background Thread 1 ] DEBUG FXGL.DefaultMenu     - createOptionsMenu()
17:58:01.921 [FXGL Background Thread 1 ] DEBUG FXGLAssetLoaderServi - Loading from file system: jar:file:/C:/Users/stanm/.m2/repository/com/github/almasb/fxgl/11.14/fxgl-11.14.jar!/fxglassets/textures/particles/smoke.png
17:58:01.974 [FXGL Background Thread 1 ] DEBUG FXGL.DefaultMenu     - createMenuBodyGameMenu()
17:58:01.975 [FXGL Background Thread 1 ] DEBUG FXGL.DefaultMenu     - createOptionsMenu()
17:58:01.991 [FXGL Background Thread 1 ] DEBUG GameApplicationServi - Application scenes initialized
17:58:02.000 [FXGL Background Thread 1 ] DEBUG SystemBundleService  - Loading FXGL system data
17:58:02.003 [FXGL Background Thread 1 ] DEBUG FileSystemAccess     - Reading from: C:\Users\stanm\Documents\SE-Challengeweek\system\fxgl.bundle
17:58:02.008 [FXGL Background Thread 1 ] DEBUG SystemBundleService  - Bundle FXGL: {}
17:58:02.008 [FXGL Background Thread 1 ] DEBUG UpdaterService       - Checking for updates
17:58:02.032 [FXGL Background Thread 4 ] DEBUG FXGLApplication      - Loading fonts
17:58:02.033 [FXGL Background Thread 1 ] DEBUG FXGLApplication      - Loading default localization
17:58:02.033 [FXGL Background Thread 4 ] DEBUG FXGLAssetLoaderServi - Loading from file system: jar:file:/C:/Users/stanm/.m2/repository/com/github/almasb/fxgl/11.14/fxgl-11.14.jar!/fxglassets/ui/fonts/VarelaRound-Regular.ttf
17:58:02.034 [FXGL Background Thread 1 ] DEBUG FXGLAssetLoaderServi - Loading from file system: jar:file:/C:/Users/stanm/.m2/repository/com/github/almasb/fxgl/11.14/fxgl-11.14.jar!/fxglassets/languages/english.lang
17:58:02.054 [FXGL Background Thread 1 ] INFO  FXGLApplication      - FXGL initialization took: 0,418 sec
17:58:02.064 [JavaFX Application Thread] DEBUG Input                - Registered new binding: up - W
17:58:02.064 [JavaFX Application Thread] DEBUG Input                - Registered new binding: up2 - Up
17:58:02.065 [JavaFX Application Thread] DEBUG Input                - Registered new binding: down - S
17:58:02.065 [JavaFX Application Thread] DEBUG Input                - Registered new binding: down2 - Down
17:58:02.065 [JavaFX Application Thread] DEBUG Input                - Registered new binding: left - A
17:58:02.065 [JavaFX Application Thread] DEBUG Input                - Registered new binding: left2 - Left
17:58:02.066 [JavaFX Application Thread] DEBUG Input                - Registered new binding: right - D
17:58:02.066 [JavaFX Application Thread] DEBUG Input                - Registered new binding: right2 - Right
17:58:02.066 [JavaFX Application Thread] DEBUG Input                - Registered new binding: Place Bomb - Space
17:58:02.066 [JavaFX Application Thread] DEBUG Input                - Registered new binding: Place Bomb2 - Enter
17:58:02.067 [JavaFX Application Thread] DEBUG FXGLAssetLoaderServi - Loading from file system: jar:file:/C:/Users/stanm/.m2/repository/com/github/almasb/fxgl/11.14/fxgl-11.14.jar!/fxglassets/textures/fxgl_icon.png
17:58:02.084 [JavaFX Application Thread] DEBUG FXGLAssetLoaderServi - Loading from file system: jar:file:/C:/Users/stanm/.m2/repository/com/github/almasb/fxgl/11.14/fxgl-11.14.jar!/fxglassets/ui/cursors/fxgl_default.png
17:58:02.087 [JavaFX Application Thread] DEBUG Input                - Registered new binding: Screenshot - P
17:58:02.088 [JavaFX Application Thread] DEBUG Input                - Registered new binding: Dev Options - 1
17:58:02.089 [JavaFX Application Thread] DEBUG Input                - Registered new binding: Dev Console - 2
17:58:02.089 [JavaFX Application Thread] DEBUG Input                - Registered new binding: System info dump - CTRL+9
17:58:02.090 [JavaFX Application Thread] DEBUG Input                - Registered new binding: Restart - CTRL+R
17:58:02.091 [JavaFX Application Thread] DEBUG Input                - Registered new binding: Toggle Debug Camera - CTRL+C
17:58:02.095 [JavaFX Application Thread] DEBUG LoopRunner           - Starting loop
17:58:02.105 [FXGL Background Thread 4 ] DEBUG FXGLAssetLoaderServi - Loading from file system: jar:file:/C:/Users/stanm/.m2/repository/com/github/almasb/fxgl/11.14/fxgl-11.14.jar!/fxglassets/ui/fonts/Abel-Regular.ttf
17:58:02.110 [JavaFX Application Thread] DEBUG LoopRunner           - Initializing JavaFX AnimationTimerLoop
17:58:02.114 [JavaFX Application Thread] DEBUG Input                - Clearing active input actions
17:58:02.121 [FXGL Background Thread 4 ] DEBUG FXGLAssetLoaderServi - Loading from file system: jar:file:/C:/Users/stanm/.m2/repository/com/github/almasb/fxgl/11.14/fxgl-11.14.jar!/fxglassets/ui/fonts/lucida_console.ttf
17:58:02.124 [JavaFX Application Thread] DEBUG GameApplicationServi - Removing overlay from FXGLStartupScene and adding to FXGLMainMenuDummyScene
17:58:02.129 [JavaFX Application Thread] DEBUG PrimaryStageWindow   - FXGLStartupScene -> FXGLMainMenuDummyScene
17:58:02.129 [JavaFX Application Thread] DEBUG PrimaryStageWindow   - Push state: FXGLDefaultMenu
17:58:02.133 [JavaFX Application Thread] DEBUG Input                - Clearing active input actions
17:58:02.137 [FXGL Background Thread 4 ] DEBUG FXGLAssetLoaderServi - Loading from file system: jar:file:/C:/Users/stanm/.m2/repository/com/github/almasb/fxgl/11.14/fxgl-11.14.jar!/fxglassets/ui/fonts/Courier-Prime.ttf
17:58:02.143 [JavaFX Application Thread] DEBUG GameApplicationServi - Removing overlay from FXGLMainMenuDummyScene and adding to FXGLDefaultMenu
17:58:02.144 [JavaFX Application Thread] DEBUG PrimaryStageWindow   - FXGLMainMenuDummyScene -> FXGLDefaultMenu
17:58:02.349 [JavaFX Application Thread] DEBUG FXGLApplication      - Registering font factories with UI factory
17:58:02.388 [FXGL Background Thread 2 ] INFO  UpdaterService       - Your current version:  11.14
17:58:02.388 [FXGL Background Thread 2 ] INFO  UpdaterService       - Latest stable version: 17.1
17:58:03.742 [JavaFX Application Thread] DEBUG FXGLApplication      - Exiting FXGL
17:58:03.742 [JavaFX Application Thread] DEBUG LoopRunner           - Stopping loop
17:58:03.742 [JavaFX Application Thread] DEBUG SystemBundleService  - Saving FXGL system data
17:58:03.744 [JavaFX Application Thread] DEBUG FileSystemAccess     - Writing to: C:\Users\stanm\Documents\SE-Challengeweek\system\fxgl.bundle
17:58:03.746 [JavaFX Application Thread] DEBUG Async                - Shutting down background threads
17:58:03.746 [JavaFX Application Thread] DEBUG PrimaryStageWindow   - Closing main window
17:58:03.757 [JavaFX Application Thread] DEBUG Logger               - Closing Logger
