13:20:09.093 [main                     ] DEBUG Logger               - Configured Logger
13:20:09.099 [main                     ] DEBUG GameApplication      - Logging settings
Title: Bomberman SE
Version: 1.0
Width: 960
Height: 832
Fullscreen: false
Intro: false
Profiling: false
Single step:false
App Mode: DEVELOPER
Menu Key: ESCAPE
Stage Style: DECORATED
Scene Factory: class com.almasb.fxgl.app.scene.SceneFactory

13:20:09.499 [JavaFX Application Thread] DEBUG FXGLApplication      - Initializing FXGL
13:20:09.501 [JavaFX Application Thread] INFO  Engine               - FXGL-11.14 (01.03.2021 16.59) on WINDOWS (J:15.0.2 FX:15)
13:20:09.501 [JavaFX Application Thread] DEBUG Engine               - JRE Vendor Name: Amazon.com Inc.
13:20:09.501 [JavaFX Application Thread] DEBUG Engine               - Running on OS: Windows 10 version 10.0
13:20:09.501 [JavaFX Application Thread] DEBUG Engine               - Architecture: amd64
13:20:09.502 [JavaFX Application Thread] INFO  Engine               - Source code and latest versions at: https://github.com/AlmasB/FXGL
13:20:09.502 [JavaFX Application Thread] INFO  Engine               -              Join the FXGL chat at: https://gitter.im/AlmasB/FXGL
13:20:09.629 [JavaFX Application Thread] DEBUG PrimaryStageWindow   - Creating a JavaFX scene
13:20:09.629 [JavaFX Application Thread] DEBUG PrimaryStageWindow   - Target size > screen size
13:20:09.687 [JavaFX Application Thread] DEBUG PrimaryStageWindow   - Target settings size: 960.0 x 832.0
13:20:09.687 [JavaFX Application Thread] DEBUG PrimaryStageWindow   - Scaled scene size:    925.0 x 823.0
13:20:09.687 [JavaFX Application Thread] DEBUG PrimaryStageWindow   - Scaled ratio: (0.9635416666666666, 0.9891826923076923)
13:20:09.688 [JavaFX Application Thread] DEBUG PrimaryStageWindow   - Set initial scene to FXGLStartupScene
13:20:09.696 [JavaFX Application Thread] DEBUG PrimaryStageWindow   - Opening main window
13:20:09.791 [JavaFX Application Thread] DEBUG PrimaryStageWindow   - Window border size: (15.0, 37.79998779296875)
13:20:09.791 [JavaFX Application Thread] DEBUG PrimaryStageWindow   - Scaled size: 925.0 x 823.0
13:20:09.791 [JavaFX Application Thread] DEBUG PrimaryStageWindow   - Scaled ratio: (0.9635416666666666, 0.9891826923076923)
13:20:09.792 [JavaFX Application Thread] DEBUG PrimaryStageWindow   - Scene size: 925.0 x 823.0
13:20:09.792 [JavaFX Application Thread] DEBUG PrimaryStageWindow   - Stage size: 940.0 x 860.7999877929688
13:20:09.802 [FXGL Background Thread 1 ] DEBUG Engine               - Initializing environment variables
13:20:09.839 [FXGL Background Thread 1 ] DEBUG FXGLAssetLoaderServi - User app class for loading assets: class Game
13:20:09.840 [FXGL Background Thread 1 ] DEBUG GameApplicationServi - Applying CSS: fxgl_dark.css
13:20:09.841 [FXGL Background Thread 1 ] DEBUG FXGLAssetLoaderServi - Loading from file system: jar:file:/C:/Users/roan2/.m2/repository/com/github/almasb/fxgl/11.14/fxgl-11.14.jar!/fxglassets/ui/css/fxgl_dark.css
13:20:09.894 [FXGL Background Thread 1 ] DEBUG GameApplicationServi - Initializing application scenes
13:20:09.930 [FXGL Background Thread 1 ] DEBUG GameWorld            - Game world initialized
13:20:09.987 [FXGL Background Thread 1 ] DEBUG PhysicsWorld         - Physics world initialized: appHeight=832, physics.ppm=50.0
13:20:09.987 [FXGL Background Thread 1 ] DEBUG PhysicsWorld         - Using strategy: BRUTE_FORCE
13:20:09.989 [FXGL Background Thread 1 ] DEBUG GameScene            - Game scene initialized: 960x832
13:20:10.025 [FXGL Background Thread 1 ] DEBUG FXGLAssetLoaderServi - Loading from file system: jar:file:/C:/Users/roan2/.m2/repository/com/github/almasb/fxgl/11.14/fxgl-11.14.jar!/fxglassets/textures/particles/trace_horizontal.png
13:20:10.106 [FXGL Background Thread 1 ] DEBUG FXGL.DefaultMenu     - createMenuBodyGameMenu()
13:20:10.131 [FXGL Background Thread 1 ] DEBUG FXGL.DefaultMenu     - createOptionsMenu()
13:20:10.139 [FXGL Background Thread 1 ] DEBUG FXGLAssetLoaderServi - Loading from file system: jar:file:/C:/Users/roan2/.m2/repository/com/github/almasb/fxgl/11.14/fxgl-11.14.jar!/fxglassets/textures/particles/smoke.png
13:20:10.219 [FXGL Background Thread 1 ] DEBUG GameApplicationServi - Application scenes initialized
13:20:10.235 [FXGL Background Thread 1 ] DEBUG SystemBundleService  - Loading FXGL system data
13:20:10.240 [FXGL Background Thread 1 ] DEBUG FileSystemAccess     - Reading from: C:\Users\roan2\Documents\SE-Challengeweek\system\fxgl.bundle
13:20:10.248 [FXGL Background Thread 1 ] DEBUG SystemBundleService  - Bundle FXGL: {}
13:20:10.249 [FXGL Background Thread 1 ] DEBUG UpdaterService       - Checking for updates
13:20:10.258 [FXGL Background Thread 4 ] DEBUG FXGLApplication      - Loading fonts
13:20:10.258 [FXGL Background Thread 1 ] DEBUG FXGLApplication      - Loading default localization
13:20:10.259 [FXGL Background Thread 4 ] DEBUG FXGLAssetLoaderServi - Loading from file system: jar:file:/C:/Users/roan2/.m2/repository/com/github/almasb/fxgl/11.14/fxgl-11.14.jar!/fxglassets/ui/fonts/VarelaRound-Regular.ttf
13:20:10.260 [FXGL Background Thread 1 ] DEBUG FXGLAssetLoaderServi - Loading from file system: jar:file:/C:/Users/roan2/.m2/repository/com/github/almasb/fxgl/11.14/fxgl-11.14.jar!/fxglassets/languages/english.lang
13:20:10.285 [FXGL Background Thread 1 ] INFO  FXGLApplication      - FXGL initialization took: 0.483 sec
13:20:10.300 [JavaFX Application Thread] DEBUG Input                - Registered new binding: action0 - W
13:20:10.301 [JavaFX Application Thread] DEBUG Input                - Registered new binding: action1 - S
13:20:10.301 [JavaFX Application Thread] DEBUG Input                - Registered new binding: action2 - A
13:20:10.302 [JavaFX Application Thread] DEBUG Input                - Registered new binding: action3 - D
13:20:10.303 [JavaFX Application Thread] DEBUG FXGLAssetLoaderServi - Loading from file system: jar:file:/C:/Users/roan2/.m2/repository/com/github/almasb/fxgl/11.14/fxgl-11.14.jar!/fxglassets/textures/fxgl_icon.png
13:20:10.327 [JavaFX Application Thread] DEBUG FXGLAssetLoaderServi - Loading from file system: jar:file:/C:/Users/roan2/.m2/repository/com/github/almasb/fxgl/11.14/fxgl-11.14.jar!/fxglassets/ui/cursors/fxgl_default.png
13:20:10.331 [JavaFX Application Thread] DEBUG Input                - Registered new binding: Screenshot - P
13:20:10.332 [JavaFX Application Thread] DEBUG Input                - Registered new binding: System info dump - CTRL+9
13:20:10.333 [JavaFX Application Thread] DEBUG Input                - Registered new binding: Restart - CTRL+R
13:20:10.335 [JavaFX Application Thread] DEBUG Input                - Registered new binding: Toggle Debug Camera - CTRL+C
13:20:10.338 [JavaFX Application Thread] DEBUG LoopRunner           - Starting loop
13:20:10.339 [JavaFX Application Thread] DEBUG LoopRunner           - Initializing JavaFX AnimationTimerLoop
13:20:10.341 [JavaFX Application Thread] DEBUG GameApplicationServi - Starting new game
13:20:10.342 [JavaFX Application Thread] DEBUG Input                - Clearing active input actions
13:20:10.361 [JavaFX Application Thread] DEBUG GameApplicationServi - Removing overlay from FXGLStartupScene and adding to FXGLLoadingScene
13:20:10.362 [JavaFX Application Thread] DEBUG PrimaryStageWindow   - FXGLStartupScene -> FXGLLoadingScene
13:20:10.362 [JavaFX Application Thread] DEBUG GameApplicationServi - Clearing previous game
13:20:10.362 [JavaFX Application Thread] DEBUG GameScene            - Clearing game scene
13:20:10.362 [JavaFX Application Thread] DEBUG GameWorld            - Clearing game world
13:20:10.363 [JavaFX Application Thread] DEBUG PhysicsWorld         - Clearing physics world
13:20:10.364 [FXGL Background Thread 1 ] DEBUG FXGLApplication      - Initializing game
13:20:10.369 [FXGL Background Thread 1 ] DEBUG FXGLAssetLoaderServi - Loading from file system: file:/C:/Users/roan2/Documents/SE-Challengeweek/target/classes/assets/textures/sprite.png
13:20:10.379 [FXGL Background Thread 4 ] DEBUG FXGLAssetLoaderServi - Loading from file system: jar:file:/C:/Users/roan2/.m2/repository/com/github/almasb/fxgl/11.14/fxgl-11.14.jar!/fxglassets/ui/fonts/Abel-Regular.ttf
13:20:10.383 [FXGL Background Thread 4 ] DEBUG FXGLAssetLoaderServi - Loading from file system: jar:file:/C:/Users/roan2/.m2/repository/com/github/almasb/fxgl/11.14/fxgl-11.14.jar!/fxglassets/ui/fonts/lucida_console.ttf
13:20:10.390 [FXGL Background Thread 4 ] DEBUG FXGLAssetLoaderServi - Loading from file system: jar:file:/C:/Users/roan2/.m2/repository/com/github/almasb/fxgl/11.14/fxgl-11.14.jar!/fxglassets/ui/fonts/Courier-Prime.ttf
13:20:10.422 [JavaFX Application Thread] DEBUG FXGLApplication      - Registering font factories with UI factory
13:20:10.433 [FXGL Background Thread 1 ] DEBUG FXGLAssetLoaderServi - Loading from file system: file:/C:/Users/roan2/Documents/SE-Challengeweek/target/classes/assets/textures/tonnetje-1.png
13:20:10.479 [FXGL Background Thread 1 ] INFO  FXGLApplication      - Game initialization took: 0.115 sec
13:20:10.517 [JavaFX Application Thread] DEBUG Input                - Clearing active input actions
13:20:10.532 [JavaFX Application Thread] DEBUG GameApplicationServi - Removing overlay from FXGLLoadingScene and adding to GameScene
13:20:10.533 [JavaFX Application Thread] DEBUG PrimaryStageWindow   - FXGLLoadingScene -> GameScene
13:20:10.691 [FXGL Background Thread 2 ] INFO  UpdaterService       - Your current version:  11.14
13:20:10.692 [FXGL Background Thread 2 ] INFO  UpdaterService       - Latest stable version: 17.1
13:20:13.255 [FXGL Background Thread 3 ] DEBUG Engine               - Logging environment variables
13:20:13.257 [FXGL Background Thread 3 ] DEBUG Engine               - achievements: []
13:20:13.257 [FXGL Background Thread 3 ] DEBUG Engine               - actualHeight: 823.0
13:20:13.258 [FXGL Background Thread 3 ] DEBUG Engine               - actualHeightProperty: ReadOnlyDoubleProperty [value: 823.0]
13:20:13.258 [FXGL Background Thread 3 ] DEBUG Engine               - actualWidth: 925.0
13:20:13.258 [FXGL Background Thread 3 ] DEBUG Engine               - actualWidthProperty: ReadOnlyDoubleProperty [value: 925.0]
13:20:13.259 [FXGL Background Thread 3 ] DEBUG Engine               - appIcon: fxgl_icon.png
13:20:13.259 [FXGL Background Thread 3 ] DEBUG Engine               - applicationMode: DEVELOPER
13:20:13.260 [FXGL Background Thread 3 ] DEBUG Engine               - cSSList: [fxgl_dark.css]
13:20:13.260 [FXGL Background Thread 3 ] DEBUG Engine               - collisionDetectionStrategy: BRUTE_FORCE
13:20:13.260 [FXGL Background Thread 3 ] DEBUG Engine               - configClass: Optional.empty
13:20:13.261 [FXGL Background Thread 3 ] DEBUG Engine               - credits: []
13:20:13.262 [FXGL Background Thread 3 ] DEBUG Engine               - devBBoxColorProperty: ObjectProperty [value: 0xff0000ff]
13:20:13.262 [FXGL Background Thread 3 ] DEBUG Engine               - devEnableDebugCameraProperty: BooleanProperty [value: false]
13:20:13.263 [FXGL Background Thread 3 ] DEBUG Engine               - devSensorColorProperty: ObjectProperty [value: 0xffff00ff]
13:20:13.263 [FXGL Background Thread 3 ] DEBUG Engine               - devShowBBoxProperty: BooleanProperty [value: false]
13:20:13.263 [FXGL Background Thread 3 ] DEBUG Engine               - devShowPositionProperty: BooleanProperty [value: false]
13:20:13.264 [FXGL Background Thread 3 ] DEBUG Engine               - enabledMenuItems: []
13:20:13.264 [FXGL Background Thread 3 ] DEBUG Engine               - engineServices: [class com.almasb.fxgl.app.services.FXGLAssetLoaderService, class com.almasb.fxgl.app.FXGLApplication$GameApplicationService, class com.almasb.fxgl.app.services.FXGLDialogService, class com.almasb.fxgl.app.services.IOTaskExecutorService, class com.almasb.fxgl.event.EventBusService, class com.almasb.fxgl.io.FileSystemService, class com.almasb.fxgl.localization.LocalizationService, class com.almasb.fxgl.app.services.SystemBundleService, class com.almasb.fxgl.profile.SaveLoadService, class com.almasb.fxgl.ui.FXGLUIFactoryServiceProvider, class com.almasb.fxgl.ui.FXGLDialogFactoryServiceProvider, class com.almasb.fxgl.audio.AudioPlayer, class com.almasb.fxgl.notification.impl.NotificationServiceProvider, class com.almasb.fxgl.achievement.AchievementService, class com.almasb.fxgl.cutscene.CutsceneService, class com.almasb.fxgl.minigames.MiniGameService, class com.almasb.fxgl.net.NetService, class com.almasb.fxgl.app.services.UpdaterService, class com.almasb.fxgl.dev.DevService]
13:20:13.265 [FXGL Background Thread 3 ] DEBUG Engine               - fontGame: Abel-Regular.ttf
13:20:13.265 [FXGL Background Thread 3 ] DEBUG Engine               - fontMono: lucida_console.ttf
13:20:13.266 [FXGL Background Thread 3 ] DEBUG Engine               - fontText: Courier-Prime.ttf
13:20:13.266 [FXGL Background Thread 3 ] DEBUG Engine               - fontUI: VarelaRound-Regular.ttf
13:20:13.267 [FXGL Background Thread 3 ] DEBUG Engine               - fullScreen: BooleanProperty [value: false]
13:20:13.267 [FXGL Background Thread 3 ] DEBUG Engine               - gameDifficulty: MEDIUM
13:20:13.267 [FXGL Background Thread 3 ] DEBUG Engine               - gameDifficultyProperty: ObjectProperty [value: MEDIUM]
13:20:13.268 [FXGL Background Thread 3 ] DEBUG Engine               - globalMusicVolume: 0.5
13:20:13.268 [FXGL Background Thread 3 ] DEBUG Engine               - globalMusicVolumeProperty: DoubleProperty [value: 0.5]
13:20:13.269 [FXGL Background Thread 3 ] DEBUG Engine               - globalSoundVolume: 0.5
13:20:13.269 [FXGL Background Thread 3 ] DEBUG Engine               - globalSoundVolumeProperty: DoubleProperty [value: 0.5]
13:20:13.270 [FXGL Background Thread 3 ] DEBUG Engine               - height: 832
13:20:13.270 [FXGL Background Thread 3 ] DEBUG Engine               - isAndroid: false
13:20:13.271 [FXGL Background Thread 3 ] DEBUG Engine               - isBrowser: false
13:20:13.271 [FXGL Background Thread 3 ] DEBUG Engine               - isClickFeedbackEnabled: false
13:20:13.272 [FXGL Background Thread 3 ] DEBUG Engine               - isCloseConfirmation: false
13:20:13.272 [FXGL Background Thread 3 ] DEBUG Engine               - isDesktop: true
13:20:13.272 [FXGL Background Thread 3 ] DEBUG Engine               - isDeveloperMenuEnabled: false
13:20:13.273 [FXGL Background Thread 3 ] DEBUG Engine               - isEntityPreloadEnabled: true
13:20:13.273 [FXGL Background Thread 3 ] DEBUG Engine               - isExperimental3D: false
13:20:13.273 [FXGL Background Thread 3 ] DEBUG Engine               - isExperimentalNative: false
13:20:13.274 [FXGL Background Thread 3 ] DEBUG Engine               - isExperimentalTiledLargeMap: false
13:20:13.274 [FXGL Background Thread 3 ] DEBUG Engine               - isFileSystemWriteAllowed: true
13:20:13.275 [FXGL Background Thread 3 ] DEBUG Engine               - isFullScreenAllowed: false
13:20:13.275 [FXGL Background Thread 3 ] DEBUG Engine               - isFullScreenFromStart: false
13:20:13.275 [FXGL Background Thread 3 ] DEBUG Engine               - isGameMenuEnabled: true
13:20:13.276 [FXGL Background Thread 3 ] DEBUG Engine               - isIOS: false
13:20:13.277 [FXGL Background Thread 3 ] DEBUG Engine               - isIntroEnabled: false
13:20:13.277 [FXGL Background Thread 3 ] DEBUG Engine               - isLinux: false
13:20:13.277 [FXGL Background Thread 3 ] DEBUG Engine               - isMac: false
13:20:13.278 [FXGL Background Thread 3 ] DEBUG Engine               - isMainMenuEnabled: false
13:20:13.278 [FXGL Background Thread 3 ] DEBUG Engine               - isManualResizeEnabled: false
13:20:13.279 [FXGL Background Thread 3 ] DEBUG Engine               - isMobile: false
13:20:13.279 [FXGL Background Thread 3 ] DEBUG Engine               - isPreserveResizeRatio: false
13:20:13.279 [FXGL Background Thread 3 ] DEBUG Engine               - isProfilingEnabled: false
13:20:13.280 [FXGL Background Thread 3 ] DEBUG Engine               - isScaleAffectedOnResize: true
13:20:13.280 [FXGL Background Thread 3 ] DEBUG Engine               - isSingleStep: false
13:20:13.280 [FXGL Background Thread 3 ] DEBUG Engine               - isUserProfileEnabled: false
13:20:13.281 [FXGL Background Thread 3 ] DEBUG Engine               - isWindows: true
13:20:13.281 [FXGL Background Thread 3 ] DEBUG Engine               - language: ObjectProperty [value: ENGLISH]
13:20:13.282 [FXGL Background Thread 3 ] DEBUG Engine               - menuKey: ESCAPE
13:20:13.282 [FXGL Background Thread 3 ] DEBUG Engine               - notificationViewClass: class com.almasb.fxgl.notification.view.XboxNotificationView
13:20:13.282 [FXGL Background Thread 3 ] DEBUG Engine               - pixelsPerMeter: 50.0
13:20:13.283 [FXGL Background Thread 3 ] DEBUG Engine               - platform: WINDOWS
13:20:13.283 [FXGL Background Thread 3 ] DEBUG Engine               - prefHeightProperty: ReadOnlyDoubleProperty [value: 832.0]
13:20:13.284 [FXGL Background Thread 3 ] DEBUG Engine               - prefWidthProperty: ReadOnlyDoubleProperty [value: 960.0]
13:20:13.284 [FXGL Background Thread 3 ] DEBUG Engine               - profileDir: profiles/
13:20:13.284 [FXGL Background Thread 3 ] DEBUG Engine               - profileName: StringProperty [value: DEFAULT]
13:20:13.285 [FXGL Background Thread 3 ] DEBUG Engine               - randomSeed: -1
13:20:13.285 [FXGL Background Thread 3 ] DEBUG Engine               - runtimeInfo: RuntimeInfo(platform=WINDOWS, version=11.14, build=01.03.2021 16.59)
13:20:13.285 [FXGL Background Thread 3 ] DEBUG Engine               - saveFileExt: sav
13:20:13.286 [FXGL Background Thread 3 ] DEBUG Engine               - scaledHeightProp$fxgl: DoubleProperty [bound, value: 823.0]
13:20:13.286 [FXGL Background Thread 3 ] DEBUG Engine               - scaledWidthProp$fxgl: DoubleProperty [bound, value: 925.0]
13:20:13.287 [FXGL Background Thread 3 ] DEBUG Engine               - sceneFactory: com.almasb.fxgl.app.scene.SceneFactory@6896ada8
13:20:13.287 [FXGL Background Thread 3 ] DEBUG Engine               - secondsIn24h: 60
13:20:13.287 [FXGL Background Thread 3 ] DEBUG Engine               - soundMenuBack: menu/back.wav
13:20:13.287 [FXGL Background Thread 3 ] DEBUG Engine               - soundMenuPress: menu/press.wav
13:20:13.288 [FXGL Background Thread 3 ] DEBUG Engine               - soundMenuSelect: menu/select.wav
13:20:13.288 [FXGL Background Thread 3 ] DEBUG Engine               - soundNotification: core/notification.wav
13:20:13.289 [FXGL Background Thread 3 ] DEBUG Engine               - stageStyle: DECORATED
13:20:13.289 [FXGL Background Thread 3 ] DEBUG Engine               - supportedLanguages: [ENGLISH, FRENCH, GERMAN, HUNGARIAN, RUSSIAN]
13:20:13.289 [FXGL Background Thread 3 ] DEBUG Engine               - ticksPerSecond: -1
13:20:13.290 [FXGL Background Thread 3 ] DEBUG Engine               - title: Bomberman SE
13:20:13.290 [FXGL Background Thread 3 ] DEBUG Engine               - urlGithub: https://github.com/AlmasB/FXGL
13:20:13.290 [FXGL Background Thread 3 ] DEBUG Engine               - urlLeaderboard: http://fxgl-top.herokuapp.com/
13:20:13.290 [FXGL Background Thread 3 ] DEBUG Engine               - urlPOM: https://raw.githubusercontent.com/AlmasB/FXGL/release/README.md
13:20:13.291 [FXGL Background Thread 3 ] DEBUG Engine               - userAppClass: class Game
13:20:13.291 [FXGL Background Thread 3 ] DEBUG Engine               - version: 1.0
13:20:13.291 [FXGL Background Thread 3 ] DEBUG Engine               - versionCheckDays: 7
13:20:13.292 [FXGL Background Thread 3 ] DEBUG Engine               - width: 960
13:20:13.292 [FXGL Background Thread 3 ] DEBUG Engine               - Logging services
13:20:13.292 [FXGL Background Thread 3 ] DEBUG Engine               - class com.almasb.fxgl.app.services.FXGLAssetLoaderService
13:20:13.293 [FXGL Background Thread 3 ] DEBUG Engine               - class com.almasb.fxgl.app.FXGLApplication$GameApplicationService
13:20:13.293 [FXGL Background Thread 3 ] DEBUG Engine               - class com.almasb.fxgl.app.services.FXGLDialogService
13:20:13.293 [FXGL Background Thread 3 ] DEBUG Engine               - class com.almasb.fxgl.app.services.IOTaskExecutorService
13:20:13.294 [FXGL Background Thread 3 ] DEBUG Engine               - class com.almasb.fxgl.event.EventBusService
13:20:13.294 [FXGL Background Thread 3 ] DEBUG Engine               - class com.almasb.fxgl.io.FileSystemService
13:20:13.295 [FXGL Background Thread 3 ] DEBUG Engine               - class com.almasb.fxgl.localization.LocalizationService
13:20:13.295 [FXGL Background Thread 3 ] DEBUG Engine               - class com.almasb.fxgl.app.services.SystemBundleService
13:20:13.295 [FXGL Background Thread 3 ] DEBUG Engine               - class com.almasb.fxgl.profile.SaveLoadService
13:20:13.295 [FXGL Background Thread 3 ] DEBUG Engine               - class com.almasb.fxgl.ui.FXGLUIFactoryServiceProvider
13:20:13.296 [FXGL Background Thread 3 ] DEBUG Engine               - class com.almasb.fxgl.ui.FXGLDialogFactoryServiceProvider
13:20:13.296 [FXGL Background Thread 3 ] DEBUG Engine               - class com.almasb.fxgl.audio.AudioPlayer
13:20:13.296 [FXGL Background Thread 3 ] DEBUG Engine               - class com.almasb.fxgl.notification.impl.NotificationServiceProvider
13:20:13.297 [FXGL Background Thread 3 ] DEBUG Engine               - class com.almasb.fxgl.achievement.AchievementService
13:20:13.297 [FXGL Background Thread 3 ] DEBUG Engine               - class com.almasb.fxgl.cutscene.CutsceneService
13:20:13.297 [FXGL Background Thread 3 ] DEBUG Engine               - class com.almasb.fxgl.minigames.MiniGameService
13:20:13.297 [FXGL Background Thread 3 ] DEBUG Engine               - class com.almasb.fxgl.net.NetService
13:20:13.298 [FXGL Background Thread 3 ] DEBUG Engine               - class com.almasb.fxgl.app.services.UpdaterService
13:20:13.298 [FXGL Background Thread 3 ] DEBUG Engine               - class com.almasb.fxgl.dev.DevService
13:20:50.812 [JavaFX Application Thread] DEBUG FXGLApplication      - Exiting FXGL
13:20:50.812 [JavaFX Application Thread] DEBUG LoopRunner           - Stopping loop
13:20:50.813 [JavaFX Application Thread] DEBUG SystemBundleService  - Saving FXGL system data
13:20:50.815 [JavaFX Application Thread] DEBUG FileSystemAccess     - Writing to: C:\Users\roan2\Documents\SE-Challengeweek\system\fxgl.bundle
13:20:50.816 [JavaFX Application Thread] DEBUG Async                - Shutting down background threads
13:20:50.816 [JavaFX Application Thread] DEBUG PrimaryStageWindow   - Closing main window
13:20:50.834 [JavaFX Application Thread] DEBUG Logger               - Closing Logger
