13:28:02.507 [main                     ] DEBUG Logger               - Configured Logger
13:28:02.525 [main                     ] DEBUG GameApplication      - Logging settings
Title: Bomberman SE
Version: 1.0
Width: 960
Height: 832
Fullscreen: false
Intro: false
Profiling: false
Single step:false
App Mode: DEVELOPER
Menu Key: ESCAPE
Stage Style: DECORATED
Scene Factory: class com.almasb.fxgl.app.scene.SceneFactory

13:28:02.936 [JavaFX Application Thread] DEBUG FXGLApplication      - Initializing FXGL
13:28:02.938 [JavaFX Application Thread] INFO  Engine               - FXGL-11.14 (01.03.2021 16.59) on WINDOWS (J:15.0.2 FX:15)
13:28:02.939 [JavaFX Application Thread] DEBUG Engine               - JRE Vendor Name: Amazon.com Inc.
13:28:02.939 [JavaFX Application Thread] DEBUG Engine               - Running on OS: Windows 10 version 10.0
13:28:02.939 [JavaFX Application Thread] DEBUG Engine               - Architecture: amd64
13:28:02.939 [JavaFX Application Thread] INFO  Engine               - Source code and latest versions at: https://github.com/AlmasB/FXGL
13:28:02.940 [JavaFX Application Thread] INFO  Engine               -              Join the FXGL chat at: https://gitter.im/AlmasB/FXGL
13:28:03.069 [JavaFX Application Thread] DEBUG PrimaryStageWindow   - Creating a JavaFX scene
13:28:03.070 [JavaFX Application Thread] DEBUG PrimaryStageWindow   - Target size > screen size
13:28:03.137 [JavaFX Application Thread] DEBUG PrimaryStageWindow   - Target settings size: 960.0 x 832.0
13:28:03.138 [JavaFX Application Thread] DEBUG PrimaryStageWindow   - Scaled scene size:    925.0 x 823.0
13:28:03.138 [JavaFX Application Thread] DEBUG PrimaryStageWindow   - Scaled ratio: (0.9635416666666666, 0.9891826923076923)
13:28:03.140 [JavaFX Application Thread] DEBUG PrimaryStageWindow   - Set initial scene to FXGLStartupScene
13:28:03.149 [JavaFX Application Thread] DEBUG PrimaryStageWindow   - Opening main window
13:28:03.257 [JavaFX Application Thread] DEBUG PrimaryStageWindow   - Window border size: (15.0, 37.79998779296875)
13:28:03.258 [JavaFX Application Thread] DEBUG PrimaryStageWindow   - Scaled size: 925.0 x 823.0
13:28:03.258 [JavaFX Application Thread] DEBUG PrimaryStageWindow   - Scaled ratio: (0.9635416666666666, 0.9891826923076923)
13:28:03.259 [JavaFX Application Thread] DEBUG PrimaryStageWindow   - Scene size: 925.0 x 823.0
13:28:03.259 [JavaFX Application Thread] DEBUG PrimaryStageWindow   - Stage size: 940.0 x 860.7999877929688
13:28:03.272 [FXGL Background Thread 1 ] DEBUG Engine               - Initializing environment variables
13:28:03.325 [FXGL Background Thread 1 ] DEBUG FXGLAssetLoaderServi - User app class for loading assets: class Game
13:28:03.326 [FXGL Background Thread 1 ] DEBUG GameApplicationServi - Applying CSS: fxgl_dark.css
13:28:03.327 [FXGL Background Thread 1 ] DEBUG FXGLAssetLoaderServi - Loading from file system: jar:file:/C:/Users/diewe/.m2/repository/com/github/almasb/fxgl/11.14/fxgl-11.14.jar!/fxglassets/ui/css/fxgl_dark.css
13:28:03.393 [FXGL Background Thread 1 ] DEBUG GameApplicationServi - Initializing application scenes
13:28:03.440 [FXGL Background Thread 1 ] DEBUG GameWorld            - Game world initialized
13:28:03.508 [FXGL Background Thread 1 ] DEBUG PhysicsWorld         - Physics world initialized: appHeight=832, physics.ppm=50,0
13:28:03.509 [FXGL Background Thread 1 ] DEBUG PhysicsWorld         - Using strategy: BRUTE_FORCE
13:28:03.511 [FXGL Background Thread 1 ] DEBUG GameScene            - Game scene initialized: 960x832
13:28:03.548 [FXGL Background Thread 1 ] DEBUG FXGLAssetLoaderServi - Loading from file system: jar:file:/C:/Users/diewe/.m2/repository/com/github/almasb/fxgl/11.14/fxgl-11.14.jar!/fxglassets/textures/particles/trace_horizontal.png
13:28:03.596 [FXGL Background Thread 1 ] DEBUG FXGL.DefaultMenu     - createMenuBodyGameMenu()
13:28:03.610 [FXGL Background Thread 1 ] DEBUG FXGL.DefaultMenu     - createOptionsMenu()
13:28:03.614 [FXGL Background Thread 1 ] DEBUG FXGLAssetLoaderServi - Loading from file system: jar:file:/C:/Users/diewe/.m2/repository/com/github/almasb/fxgl/11.14/fxgl-11.14.jar!/fxglassets/textures/particles/smoke.png
13:28:03.660 [FXGL Background Thread 1 ] DEBUG GameApplicationServi - Application scenes initialized
13:28:03.672 [FXGL Background Thread 1 ] DEBUG SystemBundleService  - Loading FXGL system data
13:28:03.676 [FXGL Background Thread 1 ] DEBUG FileSystemAccess     - Reading from: C:\Users\diewe\OneDrive\Documenten\GitHub\SE-Challengeweek\system\fxgl.bundle
13:28:03.681 [FXGL Background Thread 1 ] DEBUG SystemBundleService  - Bundle FXGL: {}
13:28:03.681 [FXGL Background Thread 1 ] DEBUG UpdaterService       - Checking for updates
13:28:03.686 [FXGL Background Thread 4 ] DEBUG FXGLApplication      - Loading fonts
13:28:03.686 [FXGL Background Thread 1 ] DEBUG FXGLApplication      - Loading default localization
13:28:03.687 [FXGL Background Thread 4 ] DEBUG FXGLAssetLoaderServi - Loading from file system: jar:file:/C:/Users/diewe/.m2/repository/com/github/almasb/fxgl/11.14/fxgl-11.14.jar!/fxglassets/ui/fonts/VarelaRound-Regular.ttf
13:28:03.687 [FXGL Background Thread 1 ] DEBUG FXGLAssetLoaderServi - Loading from file system: jar:file:/C:/Users/diewe/.m2/repository/com/github/almasb/fxgl/11.14/fxgl-11.14.jar!/fxglassets/languages/english.lang
13:28:03.705 [FXGL Background Thread 1 ] INFO  FXGLApplication      - FXGL initialization took: 0,432 sec
13:28:03.714 [JavaFX Application Thread] DEBUG Input                - Registered new binding: action0 - W
13:28:03.715 [JavaFX Application Thread] DEBUG Input                - Registered new binding: action1 - S
13:28:03.715 [JavaFX Application Thread] DEBUG Input                - Registered new binding: action2 - A
13:28:03.716 [JavaFX Application Thread] DEBUG Input                - Registered new binding: action3 - D
13:28:03.717 [JavaFX Application Thread] DEBUG FXGLAssetLoaderServi - Loading from file system: jar:file:/C:/Users/diewe/.m2/repository/com/github/almasb/fxgl/11.14/fxgl-11.14.jar!/fxglassets/textures/fxgl_icon.png
13:28:03.737 [JavaFX Application Thread] DEBUG FXGLAssetLoaderServi - Loading from file system: jar:file:/C:/Users/diewe/.m2/repository/com/github/almasb/fxgl/11.14/fxgl-11.14.jar!/fxglassets/ui/cursors/fxgl_default.png
13:28:03.740 [JavaFX Application Thread] DEBUG Input                - Registered new binding: Screenshot - P
13:28:03.741 [JavaFX Application Thread] DEBUG Input                - Registered new binding: System info dump - CTRL+9
13:28:03.742 [JavaFX Application Thread] DEBUG Input                - Registered new binding: Restart - CTRL+R
13:28:03.743 [JavaFX Application Thread] DEBUG Input                - Registered new binding: Toggle Debug Camera - CTRL+C
13:28:03.746 [JavaFX Application Thread] DEBUG LoopRunner           - Starting loop
13:28:03.746 [JavaFX Application Thread] DEBUG LoopRunner           - Initializing JavaFX AnimationTimerLoop
13:28:03.748 [JavaFX Application Thread] DEBUG GameApplicationServi - Starting new game
13:28:03.749 [JavaFX Application Thread] DEBUG Input                - Clearing active input actions
13:28:03.763 [JavaFX Application Thread] DEBUG GameApplicationServi - Removing overlay from FXGLStartupScene and adding to FXGLLoadingScene
13:28:03.763 [JavaFX Application Thread] DEBUG PrimaryStageWindow   - FXGLStartupScene -> FXGLLoadingScene
13:28:03.764 [JavaFX Application Thread] DEBUG GameApplicationServi - Clearing previous game
13:28:03.764 [JavaFX Application Thread] DEBUG GameScene            - Clearing game scene
13:28:03.764 [JavaFX Application Thread] DEBUG GameWorld            - Clearing game world
13:28:03.764 [JavaFX Application Thread] DEBUG PhysicsWorld         - Clearing physics world
13:28:03.766 [FXGL Background Thread 1 ] DEBUG FXGLApplication      - Initializing game
13:28:03.770 [FXGL Background Thread 1 ] DEBUG FXGLAssetLoaderServi - Loading from file system: file:/C:/Users/diewe/OneDrive/Documenten/GitHub/SE-Challengeweek/target/classes/assets/textures/BombermanBlond.png
13:28:03.775 [FXGL Background Thread 4 ] DEBUG FXGLAssetLoaderServi - Loading from file system: jar:file:/C:/Users/diewe/.m2/repository/com/github/almasb/fxgl/11.14/fxgl-11.14.jar!/fxglassets/ui/fonts/Abel-Regular.ttf
13:28:03.791 [FXGL Background Thread 4 ] DEBUG FXGLAssetLoaderServi - Loading from file system: jar:file:/C:/Users/diewe/.m2/repository/com/github/almasb/fxgl/11.14/fxgl-11.14.jar!/fxglassets/ui/fonts/lucida_console.ttf
13:28:03.807 [FXGL Background Thread 4 ] DEBUG FXGLAssetLoaderServi - Loading from file system: jar:file:/C:/Users/diewe/.m2/repository/com/github/almasb/fxgl/11.14/fxgl-11.14.jar!/fxglassets/ui/fonts/Courier-Prime.ttf
13:28:03.894 [FXGL Background Thread 1 ] INFO  FXGLApplication      - Game initialization took: 0,129 sec
13:28:03.909 [JavaFX Application Thread] DEBUG FXGLApplication      - Registering font factories with UI factory
13:28:03.912 [JavaFX Application Thread] DEBUG Input                - Clearing active input actions
13:28:03.929 [JavaFX Application Thread] DEBUG GameApplicationServi - Removing overlay from FXGLLoadingScene and adding to GameScene
13:28:03.929 [JavaFX Application Thread] DEBUG PrimaryStageWindow   - FXGLLoadingScene -> GameScene
13:28:04.085 [FXGL Background Thread 2 ] INFO  UpdaterService       - Your current version:  11.14
13:28:04.086 [FXGL Background Thread 2 ] INFO  UpdaterService       - Latest stable version: 17.1
13:28:06.685 [FXGL Background Thread 3 ] DEBUG Engine               - Logging environment variables
13:28:06.687 [FXGL Background Thread 3 ] DEBUG Engine               - achievements: []
13:28:06.687 [FXGL Background Thread 3 ] DEBUG Engine               - actualHeight: 823.0
13:28:06.688 [FXGL Background Thread 3 ] DEBUG Engine               - actualHeightProperty: ReadOnlyDoubleProperty [value: 823.0]
13:28:06.688 [FXGL Background Thread 3 ] DEBUG Engine               - actualWidth: 925.0
13:28:06.688 [FXGL Background Thread 3 ] DEBUG Engine               - actualWidthProperty: ReadOnlyDoubleProperty [value: 925.0]
13:28:06.688 [FXGL Background Thread 3 ] DEBUG Engine               - appIcon: fxgl_icon.png
13:28:06.688 [FXGL Background Thread 3 ] DEBUG Engine               - applicationMode: DEVELOPER
13:28:06.688 [FXGL Background Thread 3 ] DEBUG Engine               - cSSList: [fxgl_dark.css]
13:28:06.688 [FXGL Background Thread 3 ] DEBUG Engine               - collisionDetectionStrategy: BRUTE_FORCE
13:28:06.689 [FXGL Background Thread 3 ] DEBUG Engine               - configClass: Optional.empty
13:28:06.689 [FXGL Background Thread 3 ] DEBUG Engine               - credits: []
13:28:06.689 [FXGL Background Thread 3 ] DEBUG Engine               - devBBoxColorProperty: ObjectProperty [value: 0xff0000ff]
13:28:06.689 [FXGL Background Thread 3 ] DEBUG Engine               - devEnableDebugCameraProperty: BooleanProperty [value: false]
13:28:06.689 [FXGL Background Thread 3 ] DEBUG Engine               - devSensorColorProperty: ObjectProperty [value: 0xffff00ff]
13:28:06.689 [FXGL Background Thread 3 ] DEBUG Engine               - devShowBBoxProperty: BooleanProperty [value: false]
13:28:06.690 [FXGL Background Thread 3 ] DEBUG Engine               - devShowPositionProperty: BooleanProperty [value: false]
13:28:06.690 [FXGL Background Thread 3 ] DEBUG Engine               - enabledMenuItems: []
13:28:06.690 [FXGL Background Thread 3 ] DEBUG Engine               - engineServices: [class com.almasb.fxgl.app.services.FXGLAssetLoaderService, class com.almasb.fxgl.app.FXGLApplication$GameApplicationService, class com.almasb.fxgl.app.services.FXGLDialogService, class com.almasb.fxgl.app.services.IOTaskExecutorService, class com.almasb.fxgl.event.EventBusService, class com.almasb.fxgl.io.FileSystemService, class com.almasb.fxgl.localization.LocalizationService, class com.almasb.fxgl.app.services.SystemBundleService, class com.almasb.fxgl.profile.SaveLoadService, class com.almasb.fxgl.ui.FXGLUIFactoryServiceProvider, class com.almasb.fxgl.ui.FXGLDialogFactoryServiceProvider, class com.almasb.fxgl.audio.AudioPlayer, class com.almasb.fxgl.notification.impl.NotificationServiceProvider, class com.almasb.fxgl.achievement.AchievementService, class com.almasb.fxgl.cutscene.CutsceneService, class com.almasb.fxgl.minigames.MiniGameService, class com.almasb.fxgl.net.NetService, class com.almasb.fxgl.app.services.UpdaterService, class com.almasb.fxgl.dev.DevService]
13:28:06.690 [FXGL Background Thread 3 ] DEBUG Engine               - fontGame: Abel-Regular.ttf
13:28:06.690 [FXGL Background Thread 3 ] DEBUG Engine               - fontMono: lucida_console.ttf
13:28:06.690 [FXGL Background Thread 3 ] DEBUG Engine               - fontText: Courier-Prime.ttf
13:28:06.690 [FXGL Background Thread 3 ] DEBUG Engine               - fontUI: VarelaRound-Regular.ttf
13:28:06.690 [FXGL Background Thread 3 ] DEBUG Engine               - fullScreen: BooleanProperty [value: false]
13:28:06.690 [FXGL Background Thread 3 ] DEBUG Engine               - gameDifficulty: MEDIUM
13:28:06.691 [FXGL Background Thread 3 ] DEBUG Engine               - gameDifficultyProperty: ObjectProperty [value: MEDIUM]
13:28:06.691 [FXGL Background Thread 3 ] DEBUG Engine               - globalMusicVolume: 0.5
13:28:06.691 [FXGL Background Thread 3 ] DEBUG Engine               - globalMusicVolumeProperty: DoubleProperty [value: 0.5]
13:28:06.692 [FXGL Background Thread 3 ] DEBUG Engine               - globalSoundVolume: 0.5
13:28:06.692 [FXGL Background Thread 3 ] DEBUG Engine               - globalSoundVolumeProperty: DoubleProperty [value: 0.5]
13:28:06.692 [FXGL Background Thread 3 ] DEBUG Engine               - height: 832
13:28:06.692 [FXGL Background Thread 3 ] DEBUG Engine               - isAndroid: false
13:28:06.692 [FXGL Background Thread 3 ] DEBUG Engine               - isBrowser: false
13:28:06.693 [FXGL Background Thread 3 ] DEBUG Engine               - isClickFeedbackEnabled: false
13:28:06.693 [FXGL Background Thread 3 ] DEBUG Engine               - isCloseConfirmation: false
13:28:06.693 [FXGL Background Thread 3 ] DEBUG Engine               - isDesktop: true
13:28:06.693 [FXGL Background Thread 3 ] DEBUG Engine               - isDeveloperMenuEnabled: false
13:28:06.693 [FXGL Background Thread 3 ] DEBUG Engine               - isEntityPreloadEnabled: true
13:28:06.694 [FXGL Background Thread 3 ] DEBUG Engine               - isExperimental3D: false
13:28:06.694 [FXGL Background Thread 3 ] DEBUG Engine               - isExperimentalNative: false
13:28:06.694 [FXGL Background Thread 3 ] DEBUG Engine               - isExperimentalTiledLargeMap: false
13:28:06.694 [FXGL Background Thread 3 ] DEBUG Engine               - isFileSystemWriteAllowed: true
13:28:06.694 [FXGL Background Thread 3 ] DEBUG Engine               - isFullScreenAllowed: false
13:28:06.695 [FXGL Background Thread 3 ] DEBUG Engine               - isFullScreenFromStart: false
13:28:06.695 [FXGL Background Thread 3 ] DEBUG Engine               - isGameMenuEnabled: true
13:28:06.695 [FXGL Background Thread 3 ] DEBUG Engine               - isIOS: false
13:28:06.695 [FXGL Background Thread 3 ] DEBUG Engine               - isIntroEnabled: false
13:28:06.695 [FXGL Background Thread 3 ] DEBUG Engine               - isLinux: false
13:28:06.695 [FXGL Background Thread 3 ] DEBUG Engine               - isMac: false
13:28:06.696 [FXGL Background Thread 3 ] DEBUG Engine               - isMainMenuEnabled: false
13:28:06.696 [FXGL Background Thread 3 ] DEBUG Engine               - isManualResizeEnabled: false
13:28:06.696 [FXGL Background Thread 3 ] DEBUG Engine               - isMobile: false
13:28:06.696 [FXGL Background Thread 3 ] DEBUG Engine               - isPreserveResizeRatio: false
13:28:06.696 [FXGL Background Thread 3 ] DEBUG Engine               - isProfilingEnabled: false
13:28:06.697 [FXGL Background Thread 3 ] DEBUG Engine               - isScaleAffectedOnResize: true
13:28:06.697 [FXGL Background Thread 3 ] DEBUG Engine               - isSingleStep: false
13:28:06.697 [FXGL Background Thread 3 ] DEBUG Engine               - isUserProfileEnabled: false
13:28:06.697 [FXGL Background Thread 3 ] DEBUG Engine               - isWindows: true
13:28:06.698 [FXGL Background Thread 3 ] DEBUG Engine               - language: ObjectProperty [value: ENGLISH]
13:28:06.698 [FXGL Background Thread 3 ] DEBUG Engine               - menuKey: ESCAPE
13:28:06.698 [FXGL Background Thread 3 ] DEBUG Engine               - notificationViewClass: class com.almasb.fxgl.notification.view.XboxNotificationView
13:28:06.698 [FXGL Background Thread 3 ] DEBUG Engine               - pixelsPerMeter: 50.0
13:28:06.698 [FXGL Background Thread 3 ] DEBUG Engine               - platform: WINDOWS
13:28:06.698 [FXGL Background Thread 3 ] DEBUG Engine               - prefHeightProperty: ReadOnlyDoubleProperty [value: 832.0]
13:28:06.699 [FXGL Background Thread 3 ] DEBUG Engine               - prefWidthProperty: ReadOnlyDoubleProperty [value: 960.0]
13:28:06.699 [FXGL Background Thread 3 ] DEBUG Engine               - profileDir: profiles/
13:28:06.699 [FXGL Background Thread 3 ] DEBUG Engine               - profileName: StringProperty [value: DEFAULT]
13:28:06.699 [FXGL Background Thread 3 ] DEBUG Engine               - randomSeed: -1
13:28:06.700 [FXGL Background Thread 3 ] DEBUG Engine               - runtimeInfo: RuntimeInfo(platform=WINDOWS, version=11.14, build=01.03.2021 16.59)
13:28:06.700 [FXGL Background Thread 3 ] DEBUG Engine               - saveFileExt: sav
13:28:06.700 [FXGL Background Thread 3 ] DEBUG Engine               - scaledHeightProp$fxgl: DoubleProperty [bound, value: 823.0]
13:28:06.700 [FXGL Background Thread 3 ] DEBUG Engine               - scaledWidthProp$fxgl: DoubleProperty [bound, value: 925.0]
13:28:06.701 [FXGL Background Thread 3 ] DEBUG Engine               - sceneFactory: com.almasb.fxgl.app.scene.SceneFactory@61247017
13:28:06.701 [FXGL Background Thread 3 ] DEBUG Engine               - secondsIn24h: 60
13:28:06.701 [FXGL Background Thread 3 ] DEBUG Engine               - soundMenuBack: menu/back.wav
13:28:06.701 [FXGL Background Thread 3 ] DEBUG Engine               - soundMenuPress: menu/press.wav
13:28:06.702 [FXGL Background Thread 3 ] DEBUG Engine               - soundMenuSelect: menu/select.wav
13:28:06.702 [FXGL Background Thread 3 ] DEBUG Engine               - soundNotification: core/notification.wav
13:28:06.702 [FXGL Background Thread 3 ] DEBUG Engine               - stageStyle: DECORATED
13:28:06.702 [FXGL Background Thread 3 ] DEBUG Engine               - supportedLanguages: [ENGLISH, FRENCH, GERMAN, HUNGARIAN, RUSSIAN]
13:28:06.702 [FXGL Background Thread 3 ] DEBUG Engine               - ticksPerSecond: -1
13:28:06.703 [FXGL Background Thread 3 ] DEBUG Engine               - title: Bomberman SE
13:28:06.703 [FXGL Background Thread 3 ] DEBUG Engine               - urlGithub: https://github.com/AlmasB/FXGL
13:28:06.703 [FXGL Background Thread 3 ] DEBUG Engine               - urlLeaderboard: http://fxgl-top.herokuapp.com/
13:28:06.703 [FXGL Background Thread 3 ] DEBUG Engine               - urlPOM: https://raw.githubusercontent.com/AlmasB/FXGL/release/README.md
13:28:06.704 [FXGL Background Thread 3 ] DEBUG Engine               - userAppClass: class Game
13:28:06.704 [FXGL Background Thread 3 ] DEBUG Engine               - version: 1.0
13:28:06.705 [FXGL Background Thread 3 ] DEBUG Engine               - versionCheckDays: 7
13:28:06.705 [FXGL Background Thread 3 ] DEBUG Engine               - width: 960
13:28:06.705 [FXGL Background Thread 3 ] DEBUG Engine               - Logging services
13:28:06.705 [FXGL Background Thread 3 ] DEBUG Engine               - class com.almasb.fxgl.app.services.FXGLAssetLoaderService
13:28:06.705 [FXGL Background Thread 3 ] DEBUG Engine               - class com.almasb.fxgl.app.FXGLApplication$GameApplicationService
13:28:06.705 [FXGL Background Thread 3 ] DEBUG Engine               - class com.almasb.fxgl.app.services.FXGLDialogService
13:28:06.705 [FXGL Background Thread 3 ] DEBUG Engine               - class com.almasb.fxgl.app.services.IOTaskExecutorService
13:28:06.706 [FXGL Background Thread 3 ] DEBUG Engine               - class com.almasb.fxgl.event.EventBusService
13:28:06.706 [FXGL Background Thread 3 ] DEBUG Engine               - class com.almasb.fxgl.io.FileSystemService
13:28:06.706 [FXGL Background Thread 3 ] DEBUG Engine               - class com.almasb.fxgl.localization.LocalizationService
13:28:06.706 [FXGL Background Thread 3 ] DEBUG Engine               - class com.almasb.fxgl.app.services.SystemBundleService
13:28:06.706 [FXGL Background Thread 3 ] DEBUG Engine               - class com.almasb.fxgl.profile.SaveLoadService
13:28:06.706 [FXGL Background Thread 3 ] DEBUG Engine               - class com.almasb.fxgl.ui.FXGLUIFactoryServiceProvider
13:28:06.707 [FXGL Background Thread 3 ] DEBUG Engine               - class com.almasb.fxgl.ui.FXGLDialogFactoryServiceProvider
13:28:06.707 [FXGL Background Thread 3 ] DEBUG Engine               - class com.almasb.fxgl.audio.AudioPlayer
13:28:06.707 [FXGL Background Thread 3 ] DEBUG Engine               - class com.almasb.fxgl.notification.impl.NotificationServiceProvider
13:28:06.707 [FXGL Background Thread 3 ] DEBUG Engine               - class com.almasb.fxgl.achievement.AchievementService
13:28:06.707 [FXGL Background Thread 3 ] DEBUG Engine               - class com.almasb.fxgl.cutscene.CutsceneService
13:28:06.708 [FXGL Background Thread 3 ] DEBUG Engine               - class com.almasb.fxgl.minigames.MiniGameService
13:28:06.708 [FXGL Background Thread 3 ] DEBUG Engine               - class com.almasb.fxgl.net.NetService
13:28:06.708 [FXGL Background Thread 3 ] DEBUG Engine               - class com.almasb.fxgl.app.services.UpdaterService
13:28:06.708 [FXGL Background Thread 3 ] DEBUG Engine               - class com.almasb.fxgl.dev.DevService
13:28:20.110 [JavaFX Application Thread] DEBUG LoopRunner           - Pausing loop
13:28:28.389 [JavaFX Application Thread] DEBUG LoopRunner           - Resuming loop
13:29:53.508 [JavaFX Application Thread] DEBUG FXGLApplication      - Exiting FXGL
13:29:53.508 [JavaFX Application Thread] DEBUG LoopRunner           - Stopping loop
13:29:53.508 [JavaFX Application Thread] DEBUG SystemBundleService  - Saving FXGL system data
13:29:53.510 [JavaFX Application Thread] DEBUG FileSystemAccess     - Writing to: C:\Users\diewe\OneDrive\Documenten\GitHub\SE-Challengeweek\system\fxgl.bundle
13:29:53.512 [JavaFX Application Thread] DEBUG Async                - Shutting down background threads
13:29:53.513 [JavaFX Application Thread] DEBUG PrimaryStageWindow   - Closing main window
13:29:53.524 [JavaFX Application Thread] DEBUG Logger               - Closing Logger
