13:04:33.901 [main                     ] DEBUG Logger               - Configured Logger
13:04:33.916 [main                     ] DEBUG GameApplication      - Logging settings
Title: Untitled
Version: 0.0
Width: 1050
Height: 700
Fullscreen: false
Intro: false
Profiling: false
Single step:false
App Mode: DEVELOPER
Menu Key: ESCAPE
Stage Style: DECORATED
Scene Factory: class com.almasb.fxgl.app.scene.SceneFactory

13:04:34.225 [JavaFX Application Thread] DEBUG FXGLApplication      - Initializing FXGL
13:04:34.227 [JavaFX Application Thread] INFO  Engine               - FXGL-11.14 (01.03.2021 16.59) on WINDOWS (J:15.0.2 FX:15)
13:04:34.227 [JavaFX Application Thread] DEBUG Engine               - JRE Vendor Name: Amazon.com Inc.
13:04:34.228 [JavaFX Application Thread] DEBUG Engine               - Running on OS: Windows 10 version 10.0
13:04:34.228 [JavaFX Application Thread] DEBUG Engine               - Architecture: amd64
13:04:34.228 [JavaFX Application Thread] INFO  Engine               - Source code and latest versions at: https://github.com/AlmasB/FXGL
13:04:34.228 [JavaFX Application Thread] INFO  Engine               -              Join the FXGL chat at: https://gitter.im/AlmasB/FXGL
13:04:34.321 [JavaFX Application Thread] DEBUG PrimaryStageWindow   - Creating a JavaFX scene
13:04:34.362 [JavaFX Application Thread] DEBUG PrimaryStageWindow   - Target settings size: 1050.0 x 700.0
13:04:34.362 [JavaFX Application Thread] DEBUG PrimaryStageWindow   - Scaled scene size:    1050.0 x 700.0
13:04:34.363 [JavaFX Application Thread] DEBUG PrimaryStageWindow   - Scaled ratio: (1.0, 1.0)
13:04:34.363 [JavaFX Application Thread] DEBUG PrimaryStageWindow   - Set initial scene to FXGLStartupScene
13:04:34.369 [JavaFX Application Thread] DEBUG PrimaryStageWindow   - Opening main window
13:04:34.439 [JavaFX Application Thread] DEBUG PrimaryStageWindow   - Window border size: (14.800048828125, 37.5999755859375)
13:04:34.440 [JavaFX Application Thread] DEBUG PrimaryStageWindow   - Scaled size: 1050.0 x 700.0
13:04:34.440 [JavaFX Application Thread] DEBUG PrimaryStageWindow   - Scaled ratio: (1.0, 1.0)
13:04:34.440 [JavaFX Application Thread] DEBUG PrimaryStageWindow   - Scene size: 1050.0 x 700.0
13:04:34.441 [JavaFX Application Thread] DEBUG PrimaryStageWindow   - Stage size: 1064.800048828125 x 737.5999755859375
13:04:34.451 [FXGL Background Thread 1 ] DEBUG Engine               - Initializing environment variables
13:04:34.489 [FXGL Background Thread 1 ] DEBUG FXGLAssetLoaderServi - User app class for loading assets: class Game
13:04:34.489 [FXGL Background Thread 1 ] DEBUG GameApplicationServi - Applying CSS: fxgl_dark.css
13:04:34.491 [FXGL Background Thread 1 ] DEBUG FXGLAssetLoaderServi - Loading from file system: jar:file:/C:/Users/stanm/.m2/repository/com/github/almasb/fxgl/11.14/fxgl-11.14.jar!/fxglassets/ui/css/fxgl_dark.css
13:04:34.550 [FXGL Background Thread 1 ] DEBUG GameApplicationServi - Initializing application scenes
13:04:34.587 [FXGL Background Thread 1 ] DEBUG GameWorld            - Game world initialized
13:04:34.654 [FXGL Background Thread 1 ] DEBUG PhysicsWorld         - Physics world initialized: appHeight=700, physics.ppm=50,0
13:04:34.654 [FXGL Background Thread 1 ] DEBUG PhysicsWorld         - Using strategy: BRUTE_FORCE
13:04:34.656 [FXGL Background Thread 1 ] DEBUG GameScene            - Game scene initialized: 1050x700
13:04:34.704 [FXGL Background Thread 1 ] DEBUG FXGLAssetLoaderServi - Loading from file system: jar:file:/C:/Users/stanm/.m2/repository/com/github/almasb/fxgl/11.14/fxgl-11.14.jar!/fxglassets/textures/particles/trace_horizontal.png
13:04:34.749 [FXGL Background Thread 1 ] DEBUG FXGL.DefaultMenu     - createMenuBodyGameMenu()
13:04:34.762 [FXGL Background Thread 1 ] DEBUG FXGL.DefaultMenu     - createOptionsMenu()
13:04:34.766 [FXGL Background Thread 1 ] DEBUG FXGLAssetLoaderServi - Loading from file system: jar:file:/C:/Users/stanm/.m2/repository/com/github/almasb/fxgl/11.14/fxgl-11.14.jar!/fxglassets/textures/particles/smoke.png
13:04:34.820 [FXGL Background Thread 1 ] DEBUG GameApplicationServi - Application scenes initialized
13:04:34.828 [FXGL Background Thread 1 ] DEBUG SystemBundleService  - Loading FXGL system data
13:04:34.832 [FXGL Background Thread 1 ] DEBUG FileSystemAccess     - Reading from: C:\Users\stanm\Documents\SE-Challengeweek\system\fxgl.bundle
13:04:34.837 [FXGL Background Thread 1 ] DEBUG SystemBundleService  - Bundle FXGL: {}
13:04:34.837 [FXGL Background Thread 1 ] DEBUG UpdaterService       - Checking for updates
13:04:34.840 [FXGL Background Thread 4 ] DEBUG FXGLApplication      - Loading fonts
13:04:34.841 [FXGL Background Thread 1 ] DEBUG FXGLApplication      - Loading default localization
13:04:34.841 [FXGL Background Thread 4 ] DEBUG FXGLAssetLoaderServi - Loading from file system: jar:file:/C:/Users/stanm/.m2/repository/com/github/almasb/fxgl/11.14/fxgl-11.14.jar!/fxglassets/ui/fonts/VarelaRound-Regular.ttf
13:04:34.841 [FXGL Background Thread 1 ] DEBUG FXGLAssetLoaderServi - Loading from file system: jar:file:/C:/Users/stanm/.m2/repository/com/github/almasb/fxgl/11.14/fxgl-11.14.jar!/fxglassets/languages/english.lang
13:04:34.852 [FXGL Background Thread 1 ] INFO  FXGLApplication      - FXGL initialization took: 0,401 sec
13:04:34.859 [JavaFX Application Thread] DEBUG Input                - Registered new binding: Right - D
13:04:34.859 [JavaFX Application Thread] DEBUG Input                - Registered new binding: Left - A
13:04:34.860 [JavaFX Application Thread] DEBUG Input                - Registered new binding: Up - W
13:04:34.860 [JavaFX Application Thread] DEBUG Input                - Registered new binding: Down - S
13:04:34.861 [JavaFX Application Thread] DEBUG FXGLAssetLoaderServi - Loading from file system: jar:file:/C:/Users/stanm/.m2/repository/com/github/almasb/fxgl/11.14/fxgl-11.14.jar!/fxglassets/textures/fxgl_icon.png
13:04:34.881 [JavaFX Application Thread] DEBUG FXGLAssetLoaderServi - Loading from file system: jar:file:/C:/Users/stanm/.m2/repository/com/github/almasb/fxgl/11.14/fxgl-11.14.jar!/fxglassets/ui/cursors/fxgl_default.png
13:04:34.883 [JavaFX Application Thread] DEBUG Input                - Registered new binding: Screenshot - P
13:04:34.884 [JavaFX Application Thread] DEBUG Input                - Registered new binding: System info dump - CTRL+9
13:04:34.884 [JavaFX Application Thread] DEBUG Input                - Registered new binding: Restart - CTRL+R
13:04:34.885 [JavaFX Application Thread] DEBUG Input                - Registered new binding: Toggle Debug Camera - CTRL+C
13:04:34.887 [JavaFX Application Thread] DEBUG LoopRunner           - Starting loop
13:04:34.887 [JavaFX Application Thread] DEBUG LoopRunner           - Initializing JavaFX AnimationTimerLoop
13:04:34.888 [JavaFX Application Thread] DEBUG GameApplicationServi - Starting new game
13:04:34.889 [JavaFX Application Thread] DEBUG Input                - Clearing active input actions
13:04:34.902 [JavaFX Application Thread] DEBUG GameApplicationServi - Removing overlay from FXGLStartupScene and adding to FXGLLoadingScene
13:04:34.903 [JavaFX Application Thread] DEBUG PrimaryStageWindow   - FXGLStartupScene -> FXGLLoadingScene
13:04:34.903 [JavaFX Application Thread] DEBUG GameApplicationServi - Clearing previous game
13:04:34.903 [JavaFX Application Thread] DEBUG GameScene            - Clearing game scene
13:04:34.904 [JavaFX Application Thread] DEBUG GameWorld            - Clearing game world
13:04:34.904 [JavaFX Application Thread] DEBUG PhysicsWorld         - Clearing physics world
13:04:34.905 [FXGL Background Thread 1 ] DEBUG FXGLApplication      - Initializing game
13:04:34.908 [FXGL Background Thread 4 ] DEBUG FXGLAssetLoaderServi - Loading from file system: jar:file:/C:/Users/stanm/.m2/repository/com/github/almasb/fxgl/11.14/fxgl-11.14.jar!/fxglassets/ui/fonts/Abel-Regular.ttf
13:04:34.918 [FXGL Background Thread 4 ] DEBUG FXGLAssetLoaderServi - Loading from file system: jar:file:/C:/Users/stanm/.m2/repository/com/github/almasb/fxgl/11.14/fxgl-11.14.jar!/fxglassets/ui/fonts/lucida_console.ttf
13:04:34.928 [FXGL Background Thread 1 ] WARN  FXGLAssetLoaderServi - Asset "/assets/levels/mario.tmx" was not found!
13:04:34.931 [FXGL Background Thread 4 ] DEBUG FXGLAssetLoaderServi - Loading from file system: jar:file:/C:/Users/stanm/.m2/repository/com/github/almasb/fxgl/11.14/fxgl-11.14.jar!/fxglassets/ui/fonts/Courier-Prime.ttf
13:04:34.945 [JavaFX Application Thread] DEBUG LoopRunner           - Stopping loop
13:04:34.947 [JavaFX Application Thread] FATAL FXGLApplication      - Uncaught Exception:
java.lang.RuntimeException: Initialization failed
	at com.almasb.fxgl.app.FXGLApplication$InitAppTask.failed(FXGLApplication.kt:376)
	at javafx.concurrent.Task.setState(Task.java:710)
	at javafx.concurrent.Task$TaskCallable.lambda$call$2(Task.java:1455)
	at com.sun.javafx.application.PlatformImpl.lambda$runLater$10(PlatformImpl.java:428)
	at java.base/java.security.AccessController.doPrivileged(AccessController.java:391)
	at com.sun.javafx.application.PlatformImpl.lambda$runLater$11(PlatformImpl.java:427)
	at com.sun.glass.ui.InvokeLaterDispatcher$Future.run(InvokeLaterDispatcher.java:96)
	at com.sun.glass.ui.win.WinApplication._runLoop(Native Method)
	at com.sun.glass.ui.win.WinApplication.lambda$runLoop$3(WinApplication.java:174)
	at java.base/java.lang.Thread.run(Thread.java:832)
Caused by: java.lang.IllegalArgumentException: Loading level failed. Asset not found: mario.tmx
	at com.almasb.fxgl.app.services.FXGLAssetLoaderService.loadLevel(FXGLAssetLoaderService.kt:439)
	at com.almasb.fxgl.dsl.FXGL$Companion.setLevelFromMap(FXGL.kt:532)
	at com.almasb.fxgl.dsl.FXGL.setLevelFromMap(FXGL.kt)
	at Game.initGame(Game.java:27)
	at com.almasb.fxgl.app.FXGLApplication$InitAppTask.initGame(FXGLApplication.kt:372)
	at com.almasb.fxgl.app.FXGLApplication$InitAppTask.call(FXGLApplication.kt:352)
	at com.almasb.fxgl.app.FXGLApplication$InitAppTask.call(FXGLApplication.kt:344)
	at javafx.concurrent.Task$TaskCallable.call(Task.java:1425)
	at java.base/java.util.concurrent.FutureTask.run(FutureTask.java:264)
	at java.base/java.util.concurrent.Executors$RunnableAdapter.call(Executors.java:515)
	at java.base/java.util.concurrent.FutureTask.run(FutureTask.java:264)
	at java.base/java.util.concurrent.ThreadPoolExecutor.runWorker(ThreadPoolExecutor.java:1130)
	at java.base/java.util.concurrent.ThreadPoolExecutor$Worker.run(ThreadPoolExecutor.java:630)
	... 1 more

13:04:34.947 [JavaFX Application Thread] FATAL FXGLApplication      - Application will now exit
13:04:34.959 [JavaFX Application Thread] DEBUG PrimaryStageWindow   - Push state: ErrorSubScene
13:04:34.960 [JavaFX Application Thread] DEBUG Input                - Clearing active input actions
13:04:34.964 [JavaFX Application Thread] DEBUG GameApplicationServi - Removing overlay from FXGLLoadingScene and adding to ErrorSubScene
13:04:34.964 [JavaFX Application Thread] DEBUG PrimaryStageWindow   - FXGLLoadingScene -> ErrorSubScene
13:04:34.965 [JavaFX Application Thread] DEBUG FXGLApplication      - Registering font factories with UI factory
13:04:35.190 [FXGL Background Thread 2 ] INFO  UpdaterService       - Your current version:  11.14
13:04:35.190 [FXGL Background Thread 2 ] INFO  UpdaterService       - Latest stable version: 17.1
13:04:37.840 [FXGL Background Thread 3 ] DEBUG Engine               - Logging environment variables
13:04:37.841 [FXGL Background Thread 3 ] DEBUG Engine               - achievements: []
13:04:37.842 [FXGL Background Thread 3 ] DEBUG Engine               - actualHeight: 700.0
13:04:37.843 [FXGL Background Thread 3 ] DEBUG Engine               - actualHeightProperty: ReadOnlyDoubleProperty [value: 700.0]
13:04:37.843 [FXGL Background Thread 3 ] DEBUG Engine               - actualWidth: 1050.0
13:04:37.844 [FXGL Background Thread 3 ] DEBUG Engine               - actualWidthProperty: ReadOnlyDoubleProperty [value: 1050.0]
13:04:37.844 [FXGL Background Thread 3 ] DEBUG Engine               - appIcon: fxgl_icon.png
13:04:37.845 [FXGL Background Thread 3 ] DEBUG Engine               - applicationMode: DEVELOPER
13:04:37.846 [FXGL Background Thread 3 ] DEBUG Engine               - cSSList: [fxgl_dark.css]
13:04:37.846 [FXGL Background Thread 3 ] DEBUG Engine               - collisionDetectionStrategy: BRUTE_FORCE
13:04:37.847 [FXGL Background Thread 3 ] DEBUG Engine               - configClass: Optional.empty
13:04:37.847 [FXGL Background Thread 3 ] DEBUG Engine               - credits: []
13:04:37.849 [FXGL Background Thread 3 ] DEBUG Engine               - devBBoxColorProperty: ObjectProperty [value: 0xff0000ff]
13:04:37.850 [FXGL Background Thread 3 ] DEBUG Engine               - devEnableDebugCameraProperty: BooleanProperty [value: false]
13:04:37.851 [FXGL Background Thread 3 ] DEBUG Engine               - devSensorColorProperty: ObjectProperty [value: 0xffff00ff]
13:04:37.852 [FXGL Background Thread 3 ] DEBUG Engine               - devShowBBoxProperty: BooleanProperty [value: false]
13:04:37.852 [FXGL Background Thread 3 ] DEBUG Engine               - devShowPositionProperty: BooleanProperty [value: false]
13:04:37.853 [FXGL Background Thread 3 ] DEBUG Engine               - enabledMenuItems: []
13:04:37.854 [FXGL Background Thread 3 ] DEBUG Engine               - engineServices: [class com.almasb.fxgl.app.services.FXGLAssetLoaderService, class com.almasb.fxgl.app.FXGLApplication$GameApplicationService, class com.almasb.fxgl.app.services.FXGLDialogService, class com.almasb.fxgl.app.services.IOTaskExecutorService, class com.almasb.fxgl.event.EventBusService, class com.almasb.fxgl.io.FileSystemService, class com.almasb.fxgl.localization.LocalizationService, class com.almasb.fxgl.app.services.SystemBundleService, class com.almasb.fxgl.profile.SaveLoadService, class com.almasb.fxgl.ui.FXGLUIFactoryServiceProvider, class com.almasb.fxgl.ui.FXGLDialogFactoryServiceProvider, class com.almasb.fxgl.audio.AudioPlayer, class com.almasb.fxgl.notification.impl.NotificationServiceProvider, class com.almasb.fxgl.achievement.AchievementService, class com.almasb.fxgl.cutscene.CutsceneService, class com.almasb.fxgl.minigames.MiniGameService, class com.almasb.fxgl.net.NetService, class com.almasb.fxgl.app.services.UpdaterService, class com.almasb.fxgl.dev.DevService]
13:04:37.854 [FXGL Background Thread 3 ] DEBUG Engine               - fontGame: Abel-Regular.ttf
13:04:37.855 [FXGL Background Thread 3 ] DEBUG Engine               - fontMono: lucida_console.ttf
13:04:37.856 [FXGL Background Thread 3 ] DEBUG Engine               - fontText: Courier-Prime.ttf
13:04:37.856 [FXGL Background Thread 3 ] DEBUG Engine               - fontUI: VarelaRound-Regular.ttf
13:04:37.857 [FXGL Background Thread 3 ] DEBUG Engine               - fullScreen: BooleanProperty [value: false]
13:04:37.858 [FXGL Background Thread 3 ] DEBUG Engine               - gameDifficulty: MEDIUM
13:04:37.858 [FXGL Background Thread 3 ] DEBUG Engine               - gameDifficultyProperty: ObjectProperty [value: MEDIUM]
13:04:37.859 [FXGL Background Thread 3 ] DEBUG Engine               - globalMusicVolume: 0.5
13:04:37.860 [FXGL Background Thread 3 ] DEBUG Engine               - globalMusicVolumeProperty: DoubleProperty [value: 0.5]
13:04:37.861 [FXGL Background Thread 3 ] DEBUG Engine               - globalSoundVolume: 0.5
13:04:37.862 [FXGL Background Thread 3 ] DEBUG Engine               - globalSoundVolumeProperty: DoubleProperty [value: 0.5]
13:04:37.862 [FXGL Background Thread 3 ] DEBUG Engine               - height: 700
13:04:37.863 [FXGL Background Thread 3 ] DEBUG Engine               - isAndroid: false
13:04:37.864 [FXGL Background Thread 3 ] DEBUG Engine               - isBrowser: false
13:04:37.864 [FXGL Background Thread 3 ] DEBUG Engine               - isClickFeedbackEnabled: false
13:04:37.865 [FXGL Background Thread 3 ] DEBUG Engine               - isCloseConfirmation: false
13:04:37.865 [FXGL Background Thread 3 ] DEBUG Engine               - isDesktop: true
13:04:37.866 [FXGL Background Thread 3 ] DEBUG Engine               - isDeveloperMenuEnabled: false
13:04:37.867 [FXGL Background Thread 3 ] DEBUG Engine               - isEntityPreloadEnabled: true
13:04:37.867 [FXGL Background Thread 3 ] DEBUG Engine               - isExperimental3D: false
13:04:37.868 [FXGL Background Thread 3 ] DEBUG Engine               - isExperimentalNative: false
13:04:37.868 [FXGL Background Thread 3 ] DEBUG Engine               - isExperimentalTiledLargeMap: false
13:04:37.869 [FXGL Background Thread 3 ] DEBUG Engine               - isFileSystemWriteAllowed: true
13:04:37.870 [FXGL Background Thread 3 ] DEBUG Engine               - isFullScreenAllowed: false
13:04:37.870 [FXGL Background Thread 3 ] DEBUG Engine               - isFullScreenFromStart: false
13:04:37.871 [FXGL Background Thread 3 ] DEBUG Engine               - isGameMenuEnabled: true
13:04:37.872 [FXGL Background Thread 3 ] DEBUG Engine               - isIOS: false
13:04:37.872 [FXGL Background Thread 3 ] DEBUG Engine               - isIntroEnabled: false
13:04:37.872 [FXGL Background Thread 3 ] DEBUG Engine               - isLinux: false
13:04:37.872 [FXGL Background Thread 3 ] DEBUG Engine               - isMac: false
13:04:37.874 [FXGL Background Thread 3 ] DEBUG Engine               - isMainMenuEnabled: false
13:04:37.874 [FXGL Background Thread 3 ] DEBUG Engine               - isManualResizeEnabled: false
13:04:37.874 [FXGL Background Thread 3 ] DEBUG Engine               - isMobile: false
13:04:37.874 [FXGL Background Thread 3 ] DEBUG Engine               - isPreserveResizeRatio: false
13:04:37.875 [FXGL Background Thread 3 ] DEBUG Engine               - isProfilingEnabled: false
13:04:37.876 [FXGL Background Thread 3 ] DEBUG Engine               - isScaleAffectedOnResize: true
13:04:37.876 [FXGL Background Thread 3 ] DEBUG Engine               - isSingleStep: false
13:04:37.876 [JavaFX Application Thread] DEBUG FXGLApplication      - Exiting FXGL
13:04:37.877 [FXGL Background Thread 3 ] DEBUG Engine               - isUserProfileEnabled: false
13:04:37.877 [JavaFX Application Thread] DEBUG Async                - Shutting down background threads
13:04:37.878 [FXGL Background Thread 3 ] DEBUG Engine               - isWindows: true
13:04:37.878 [FXGL Background Thread 3 ] DEBUG Engine               - language: ObjectProperty [value: ENGLISH]
13:04:37.878 [JavaFX Application Thread] DEBUG PrimaryStageWindow   - Closing main window
13:04:37.879 [FXGL Background Thread 3 ] DEBUG Engine               - menuKey: ESCAPE
13:04:37.879 [FXGL Background Thread 3 ] DEBUG Engine               - notificationViewClass: class com.almasb.fxgl.notification.view.XboxNotificationView
13:04:37.880 [FXGL Background Thread 3 ] DEBUG Engine               - pixelsPerMeter: 50.0
13:04:37.880 [FXGL Background Thread 3 ] DEBUG Engine               - platform: WINDOWS
13:04:37.881 [FXGL Background Thread 3 ] DEBUG Engine               - prefHeightProperty: ReadOnlyDoubleProperty [value: 700.0]
13:04:37.881 [FXGL Background Thread 3 ] DEBUG Engine               - prefWidthProperty: ReadOnlyDoubleProperty [value: 1050.0]
13:04:37.882 [FXGL Background Thread 3 ] DEBUG Engine               - profileDir: profiles/
13:04:37.882 [FXGL Background Thread 3 ] DEBUG Engine               - profileName: StringProperty [value: DEFAULT]
13:04:37.883 [FXGL Background Thread 3 ] DEBUG Engine               - randomSeed: -1
13:04:37.883 [FXGL Background Thread 3 ] DEBUG Engine               - runtimeInfo: RuntimeInfo(platform=WINDOWS, version=11.14, build=01.03.2021 16.59)
13:04:37.884 [FXGL Background Thread 3 ] DEBUG Engine               - saveFileExt: sav
13:04:37.885 [FXGL Background Thread 3 ] DEBUG Engine               - scaledHeightProp$fxgl: DoubleProperty [bound, value: 700.0]
13:04:37.885 [FXGL Background Thread 3 ] DEBUG Engine               - scaledWidthProp$fxgl: DoubleProperty [bound, value: 1050.0]
13:04:37.886 [FXGL Background Thread 3 ] DEBUG Engine               - sceneFactory: com.almasb.fxgl.app.scene.SceneFactory@6f6bb399
13:04:37.886 [FXGL Background Thread 3 ] DEBUG Engine               - secondsIn24h: 60
13:04:37.887 [FXGL Background Thread 3 ] DEBUG Engine               - soundMenuBack: menu/back.wav
13:04:37.888 [FXGL Background Thread 3 ] DEBUG Engine               - soundMenuPress: menu/press.wav
13:04:37.888 [FXGL Background Thread 3 ] DEBUG Engine               - soundMenuSelect: menu/select.wav
13:04:37.889 [FXGL Background Thread 3 ] DEBUG Engine               - soundNotification: core/notification.wav
13:04:37.889 [FXGL Background Thread 3 ] DEBUG Engine               - stageStyle: DECORATED
13:04:37.890 [FXGL Background Thread 3 ] DEBUG Engine               - supportedLanguages: [ENGLISH, FRENCH, GERMAN, HUNGARIAN, RUSSIAN]
13:04:37.890 [FXGL Background Thread 3 ] DEBUG Engine               - ticksPerSecond: -1
13:04:37.890 [FXGL Background Thread 3 ] DEBUG Engine               - title: Untitled
13:04:37.891 [FXGL Background Thread 3 ] DEBUG Engine               - urlGithub: https://github.com/AlmasB/FXGL
13:04:37.891 [FXGL Background Thread 3 ] DEBUG Engine               - urlLeaderboard: http://fxgl-top.herokuapp.com/
13:04:37.891 [FXGL Background Thread 3 ] DEBUG Engine               - urlPOM: https://raw.githubusercontent.com/AlmasB/FXGL/release/README.md
13:04:37.892 [FXGL Background Thread 3 ] DEBUG Engine               - userAppClass: class Game
13:04:37.892 [FXGL Background Thread 3 ] DEBUG Engine               - version: 0.0
13:04:37.892 [FXGL Background Thread 3 ] DEBUG Engine               - versionCheckDays: 7
13:04:37.892 [FXGL Background Thread 3 ] DEBUG Engine               - width: 1050
13:04:37.892 [FXGL Background Thread 3 ] DEBUG Engine               - Logging services
13:04:37.893 [FXGL Background Thread 3 ] DEBUG Engine               - class com.almasb.fxgl.app.services.FXGLAssetLoaderService
13:04:37.893 [FXGL Background Thread 3 ] DEBUG Engine               - class com.almasb.fxgl.app.FXGLApplication$GameApplicationService
13:04:37.893 [FXGL Background Thread 3 ] DEBUG Engine               - class com.almasb.fxgl.app.services.FXGLDialogService
13:04:37.893 [FXGL Background Thread 3 ] DEBUG Engine               - class com.almasb.fxgl.app.services.IOTaskExecutorService
13:04:37.893 [FXGL Background Thread 3 ] DEBUG Engine               - class com.almasb.fxgl.event.EventBusService
13:04:37.893 [FXGL Background Thread 3 ] DEBUG Engine               - class com.almasb.fxgl.io.FileSystemService
13:04:37.893 [FXGL Background Thread 3 ] DEBUG Engine               - class com.almasb.fxgl.localization.LocalizationService
13:04:37.893 [FXGL Background Thread 3 ] DEBUG Engine               - class com.almasb.fxgl.app.services.SystemBundleService
13:04:37.894 [FXGL Background Thread 3 ] DEBUG Engine               - class com.almasb.fxgl.profile.SaveLoadService
13:04:37.894 [FXGL Background Thread 3 ] DEBUG Engine               - class com.almasb.fxgl.ui.FXGLUIFactoryServiceProvider
13:04:37.894 [FXGL Background Thread 3 ] DEBUG Engine               - class com.almasb.fxgl.ui.FXGLDialogFactoryServiceProvider
13:04:37.894 [FXGL Background Thread 3 ] DEBUG Engine               - class com.almasb.fxgl.audio.AudioPlayer
13:04:37.894 [FXGL Background Thread 3 ] DEBUG Engine               - class com.almasb.fxgl.notification.impl.NotificationServiceProvider
13:04:37.894 [FXGL Background Thread 3 ] DEBUG Engine               - class com.almasb.fxgl.achievement.AchievementService
13:04:37.895 [FXGL Background Thread 3 ] DEBUG Engine               - class com.almasb.fxgl.cutscene.CutsceneService
13:04:37.895 [FXGL Background Thread 3 ] DEBUG Engine               - class com.almasb.fxgl.minigames.MiniGameService
13:04:37.895 [FXGL Background Thread 3 ] DEBUG Engine               - class com.almasb.fxgl.net.NetService
13:04:37.895 [FXGL Background Thread 3 ] DEBUG Engine               - class com.almasb.fxgl.app.services.UpdaterService
13:04:37.895 [FXGL Background Thread 3 ] DEBUG Engine               - class com.almasb.fxgl.dev.DevService
13:04:37.898 [JavaFX Application Thread] DEBUG Logger               - Closing Logger
