19:33:44.509 [main                     ] DEBUG Logger               - Configured Logger
19:33:44.553 [main                     ] DEBUG GameApplication      - Logging settings
Title: Bomberman SE
Version: 1.0
Width: 960
Height: 832
Fullscreen: false
Intro: false
Profiling: false
Single step:false
App Mode: DEVELOPER
Menu Key: ESCAPE
Stage Style: DECORATED
Scene Factory: class com.almasb.fxgl.app.scene.SceneFactory

19:33:45.961 [JavaFX Application Thread] DEBUG FXGLApplication      - Initializing FXGL
19:33:45.966 [JavaFX Application Thread] INFO  Engine               - FXGL-11.14 (01.03.2021 16.59) on WINDOWS (J:15.0.2 FX:15)
19:33:45.967 [JavaFX Application Thread] DEBUG Engine               - JRE Vendor Name: Amazon.com Inc.
19:33:45.967 [JavaFX Application Thread] DEBUG Engine               - Running on OS: Windows 10 version 10.0
19:33:45.967 [JavaFX Application Thread] DEBUG Engine               - Architecture: amd64
19:33:45.968 [JavaFX Application Thread] INFO  Engine               - Source code and latest versions at: https://github.com/AlmasB/FXGL
19:33:45.968 [JavaFX Application Thread] INFO  Engine               -              Join the FXGL chat at: https://gitter.im/AlmasB/FXGL
19:33:46.484 [JavaFX Application Thread] DEBUG PrimaryStageWindow   - Creating a JavaFX scene
19:33:46.486 [JavaFX Application Thread] DEBUG PrimaryStageWindow   - Target size > screen size
19:33:46.740 [JavaFX Application Thread] DEBUG PrimaryStageWindow   - Target settings size: 960.0 x 832.0
19:33:46.740 [JavaFX Application Thread] DEBUG PrimaryStageWindow   - Scaled scene size:    925.0 x 823.0
19:33:46.741 [JavaFX Application Thread] DEBUG PrimaryStageWindow   - Scaled ratio: (0.9635416666666666, 0.9891826923076923)
19:33:46.743 [JavaFX Application Thread] DEBUG PrimaryStageWindow   - Set initial scene to FXGLStartupScene
19:33:46.762 [JavaFX Application Thread] DEBUG PrimaryStageWindow   - Opening main window
19:33:47.061 [JavaFX Application Thread] DEBUG PrimaryStageWindow   - Window border size: (15.0, 37.79998779296875)
19:33:47.062 [JavaFX Application Thread] DEBUG PrimaryStageWindow   - Scaled size: 925.0 x 823.0
19:33:47.063 [JavaFX Application Thread] DEBUG PrimaryStageWindow   - Scaled ratio: (0.9635416666666666, 0.9891826923076923)
19:33:47.063 [JavaFX Application Thread] DEBUG PrimaryStageWindow   - Scene size: 925.0 x 823.0
19:33:47.064 [JavaFX Application Thread] DEBUG PrimaryStageWindow   - Stage size: 940.0 x 860.7999877929688
19:33:47.093 [FXGL Background Thread 1 ] DEBUG Engine               - Initializing environment variables
19:33:47.167 [FXGL Background Thread 1 ] DEBUG FXGLAssetLoaderServi - User app class for loading assets: class Game
19:33:47.168 [FXGL Background Thread 1 ] DEBUG GameApplicationServi - Applying CSS: fxgl_dark.css
19:33:47.171 [FXGL Background Thread 1 ] DEBUG FXGLAssetLoaderServi - Loading from file system: jar:file:/C:/Users/diewe/.m2/repository/com/github/almasb/fxgl/11.14/fxgl-11.14.jar!/fxglassets/ui/css/fxgl_dark.css
19:33:47.288 [FXGL Background Thread 1 ] DEBUG GameApplicationServi - Initializing application scenes
19:33:47.403 [FXGL Background Thread 1 ] DEBUG GameWorld            - Game world initialized
19:33:47.550 [FXGL Background Thread 1 ] DEBUG PhysicsWorld         - Physics world initialized: appHeight=832, physics.ppm=50,0
19:33:47.560 [FXGL Background Thread 1 ] DEBUG PhysicsWorld         - Using strategy: BRUTE_FORCE
19:33:47.567 [FXGL Background Thread 1 ] DEBUG GameScene            - Game scene initialized: 960x832
19:33:47.653 [FXGL Background Thread 1 ] DEBUG FXGLAssetLoaderServi - Loading from file system: jar:file:/C:/Users/diewe/.m2/repository/com/github/almasb/fxgl/11.14/fxgl-11.14.jar!/fxglassets/textures/particles/trace_horizontal.png
19:33:47.797 [FXGL Background Thread 1 ] DEBUG FXGL.DefaultMenu     - createMenuBodyGameMenu()
19:33:47.840 [FXGL Background Thread 1 ] DEBUG FXGL.DefaultMenu     - createOptionsMenu()
19:33:47.853 [FXGL Background Thread 1 ] DEBUG FXGLAssetLoaderServi - Loading from file system: jar:file:/C:/Users/diewe/.m2/repository/com/github/almasb/fxgl/11.14/fxgl-11.14.jar!/fxglassets/textures/particles/smoke.png
19:33:48.010 [FXGL Background Thread 1 ] DEBUG GameApplicationServi - Application scenes initialized
19:33:48.036 [FXGL Background Thread 1 ] DEBUG SystemBundleService  - Loading FXGL system data
19:33:48.046 [FXGL Background Thread 1 ] DEBUG FileSystemAccess     - Reading from: C:\Users\diewe\OneDrive\Documenten\GitHub\SE-Challengeweek\system\fxgl.bundle
19:33:48.062 [FXGL Background Thread 1 ] DEBUG SystemBundleService  - Bundle FXGL: {}
19:33:48.063 [FXGL Background Thread 1 ] DEBUG UpdaterService       - Checking for updates
19:33:48.073 [FXGL Background Thread 1 ] DEBUG FXGLApplication      - Loading default localization
19:33:48.075 [FXGL Background Thread 1 ] DEBUG FXGLAssetLoaderServi - Loading from file system: jar:file:/C:/Users/diewe/.m2/repository/com/github/almasb/fxgl/11.14/fxgl-11.14.jar!/fxglassets/languages/english.lang
19:33:48.100 [FXGL Background Thread 4 ] DEBUG FXGLApplication      - Loading fonts
19:33:48.101 [FXGL Background Thread 4 ] DEBUG FXGLAssetLoaderServi - Loading from file system: jar:file:/C:/Users/diewe/.m2/repository/com/github/almasb/fxgl/11.14/fxgl-11.14.jar!/fxglassets/ui/fonts/VarelaRound-Regular.ttf
19:33:48.115 [FXGL Background Thread 1 ] INFO  FXGLApplication      - FXGL initialization took: 1,020 sec
19:33:48.137 [JavaFX Application Thread] DEBUG Input                - Registered new binding: action0 - W
19:33:48.138 [JavaFX Application Thread] DEBUG Input                - Registered new binding: action1 - S
19:33:48.139 [JavaFX Application Thread] DEBUG Input                - Registered new binding: action2 - A
19:33:48.140 [JavaFX Application Thread] DEBUG Input                - Registered new binding: action3 - D
19:33:48.141 [JavaFX Application Thread] DEBUG FXGLAssetLoaderServi - Loading from file system: jar:file:/C:/Users/diewe/.m2/repository/com/github/almasb/fxgl/11.14/fxgl-11.14.jar!/fxglassets/textures/fxgl_icon.png
19:33:48.194 [JavaFX Application Thread] DEBUG FXGLAssetLoaderServi - Loading from file system: jar:file:/C:/Users/diewe/.m2/repository/com/github/almasb/fxgl/11.14/fxgl-11.14.jar!/fxglassets/ui/cursors/fxgl_default.png
19:33:48.199 [JavaFX Application Thread] DEBUG Input                - Registered new binding: Screenshot - P
19:33:48.200 [JavaFX Application Thread] DEBUG Input                - Registered new binding: System info dump - CTRL+9
19:33:48.201 [JavaFX Application Thread] DEBUG Input                - Registered new binding: Restart - CTRL+R
19:33:48.203 [JavaFX Application Thread] DEBUG Input                - Registered new binding: Toggle Debug Camera - CTRL+C
19:33:48.208 [JavaFX Application Thread] DEBUG LoopRunner           - Starting loop
19:33:48.209 [JavaFX Application Thread] DEBUG LoopRunner           - Initializing JavaFX AnimationTimerLoop
19:33:48.213 [JavaFX Application Thread] DEBUG GameApplicationServi - Starting new game
19:33:48.214 [JavaFX Application Thread] DEBUG Input                - Clearing active input actions
19:33:48.251 [JavaFX Application Thread] DEBUG GameApplicationServi - Removing overlay from FXGLStartupScene and adding to FXGLLoadingScene
19:33:48.252 [JavaFX Application Thread] DEBUG PrimaryStageWindow   - FXGLStartupScene -> FXGLLoadingScene
19:33:48.252 [JavaFX Application Thread] DEBUG GameApplicationServi - Clearing previous game
19:33:48.252 [JavaFX Application Thread] DEBUG GameScene            - Clearing game scene
19:33:48.253 [JavaFX Application Thread] DEBUG GameWorld            - Clearing game world
19:33:48.253 [JavaFX Application Thread] DEBUG PhysicsWorld         - Clearing physics world
19:33:48.255 [FXGL Background Thread 1 ] DEBUG FXGLApplication      - Initializing game
19:33:48.262 [FXGL Background Thread 1 ] DEBUG FXGLAssetLoaderServi - Loading from file system: file:/C:/Users/diewe/OneDrive/Documenten/GitHub/SE-Challengeweek/target/classes/assets/textures/BombermanBlond2.png
19:33:48.294 [FXGL Background Thread 4 ] DEBUG FXGLAssetLoaderServi - Loading from file system: jar:file:/C:/Users/diewe/.m2/repository/com/github/almasb/fxgl/11.14/fxgl-11.14.jar!/fxglassets/ui/fonts/Abel-Regular.ttf
19:33:48.295 [FXGL Background Thread 1 ] DEBUG FXGLAssetLoaderServi - Loading from file system: file:/C:/Users/diewe/OneDrive/Documenten/GitHub/SE-Challengeweek/target/classes/assets/textures/wall-1.png
19:33:48.308 [FXGL Background Thread 1 ] DEBUG FXGLAssetLoaderServi - Loading from file system: file:/C:/Users/diewe/OneDrive/Documenten/GitHub/SE-Challengeweek/target/classes/assets/textures/wall-2.png
19:33:48.314 [FXGL Background Thread 1 ] DEBUG FXGLAssetLoaderServi - Loading from file system: file:/C:/Users/diewe/OneDrive/Documenten/GitHub/SE-Challengeweek/target/classes/assets/textures/metal-1.png
19:33:48.328 [FXGL Background Thread 4 ] DEBUG FXGLAssetLoaderServi - Loading from file system: jar:file:/C:/Users/diewe/.m2/repository/com/github/almasb/fxgl/11.14/fxgl-11.14.jar!/fxglassets/ui/fonts/lucida_console.ttf
19:33:48.356 [FXGL Background Thread 4 ] DEBUG FXGLAssetLoaderServi - Loading from file system: jar:file:/C:/Users/diewe/.m2/repository/com/github/almasb/fxgl/11.14/fxgl-11.14.jar!/fxglassets/ui/fonts/Courier-Prime.ttf
19:33:48.402 [FXGL Background Thread 1 ] DEBUG FXGLAssetLoaderServi - Loading from file system: file:/C:/Users/diewe/OneDrive/Documenten/GitHub/SE-Challengeweek/target/classes/assets/textures/box-1.png
19:33:48.456 [FXGL Background Thread 1 ] DEBUG FXGLAssetLoaderServi - Loading from file system: file:/C:/Users/diewe/OneDrive/Documenten/GitHub/SE-Challengeweek/target/classes/assets/textures/box-2.png
19:33:48.506 [FXGL Background Thread 1 ] INFO  FXGLApplication      - Game initialization took: 0,250 sec
19:33:48.561 [JavaFX Application Thread] DEBUG FXGLApplication      - Registering font factories with UI factory
19:33:48.565 [JavaFX Application Thread] DEBUG Input                - Clearing active input actions
19:33:48.600 [JavaFX Application Thread] DEBUG GameApplicationServi - Removing overlay from FXGLLoadingScene and adding to GameScene
19:33:48.602 [JavaFX Application Thread] DEBUG PrimaryStageWindow   - FXGLLoadingScene -> GameScene
19:33:49.174 [FXGL Background Thread 2 ] INFO  UpdaterService       - Your current version:  11.14
19:33:49.175 [FXGL Background Thread 2 ] INFO  UpdaterService       - Latest stable version: 17.1
19:33:51.070 [FXGL Background Thread 3 ] DEBUG Engine               - Logging environment variables
19:33:51.071 [FXGL Background Thread 3 ] DEBUG Engine               - achievements: []
19:33:51.071 [FXGL Background Thread 3 ] DEBUG Engine               - actualHeight: 823.0
19:33:51.072 [FXGL Background Thread 3 ] DEBUG Engine               - actualHeightProperty: ReadOnlyDoubleProperty [value: 823.0]
19:33:51.072 [FXGL Background Thread 3 ] DEBUG Engine               - actualWidth: 925.0
19:33:51.072 [FXGL Background Thread 3 ] DEBUG Engine               - actualWidthProperty: ReadOnlyDoubleProperty [value: 925.0]
19:33:51.072 [FXGL Background Thread 3 ] DEBUG Engine               - appIcon: fxgl_icon.png
19:33:51.073 [FXGL Background Thread 3 ] DEBUG Engine               - applicationMode: DEVELOPER
19:33:51.073 [FXGL Background Thread 3 ] DEBUG Engine               - cSSList: [fxgl_dark.css]
19:33:51.073 [FXGL Background Thread 3 ] DEBUG Engine               - collisionDetectionStrategy: BRUTE_FORCE
19:33:51.074 [FXGL Background Thread 3 ] DEBUG Engine               - configClass: Optional.empty
19:33:51.074 [FXGL Background Thread 3 ] DEBUG Engine               - credits: []
19:33:51.075 [FXGL Background Thread 3 ] DEBUG Engine               - devBBoxColorProperty: ObjectProperty [value: 0xff0000ff]
19:33:51.075 [FXGL Background Thread 3 ] DEBUG Engine               - devEnableDebugCameraProperty: BooleanProperty [value: false]
19:33:51.075 [FXGL Background Thread 3 ] DEBUG Engine               - devSensorColorProperty: ObjectProperty [value: 0xffff00ff]
19:33:51.076 [FXGL Background Thread 3 ] DEBUG Engine               - devShowBBoxProperty: BooleanProperty [value: false]
19:33:51.076 [FXGL Background Thread 3 ] DEBUG Engine               - devShowPositionProperty: BooleanProperty [value: false]
19:33:51.076 [FXGL Background Thread 3 ] DEBUG Engine               - enabledMenuItems: []
19:33:51.077 [FXGL Background Thread 3 ] DEBUG Engine               - engineServices: [class com.almasb.fxgl.app.services.FXGLAssetLoaderService, class com.almasb.fxgl.app.FXGLApplication$GameApplicationService, class com.almasb.fxgl.app.services.FXGLDialogService, class com.almasb.fxgl.app.services.IOTaskExecutorService, class com.almasb.fxgl.event.EventBusService, class com.almasb.fxgl.io.FileSystemService, class com.almasb.fxgl.localization.LocalizationService, class com.almasb.fxgl.app.services.SystemBundleService, class com.almasb.fxgl.profile.SaveLoadService, class com.almasb.fxgl.ui.FXGLUIFactoryServiceProvider, class com.almasb.fxgl.ui.FXGLDialogFactoryServiceProvider, class com.almasb.fxgl.audio.AudioPlayer, class com.almasb.fxgl.notification.impl.NotificationServiceProvider, class com.almasb.fxgl.achievement.AchievementService, class com.almasb.fxgl.cutscene.CutsceneService, class com.almasb.fxgl.minigames.MiniGameService, class com.almasb.fxgl.net.NetService, class com.almasb.fxgl.app.services.UpdaterService, class com.almasb.fxgl.dev.DevService]
19:33:51.077 [FXGL Background Thread 3 ] DEBUG Engine               - fontGame: Abel-Regular.ttf
19:33:51.077 [FXGL Background Thread 3 ] DEBUG Engine               - fontMono: lucida_console.ttf
19:33:51.077 [FXGL Background Thread 3 ] DEBUG Engine               - fontText: Courier-Prime.ttf
19:33:51.078 [FXGL Background Thread 3 ] DEBUG Engine               - fontUI: VarelaRound-Regular.ttf
19:33:51.078 [FXGL Background Thread 3 ] DEBUG Engine               - fullScreen: BooleanProperty [value: false]
19:33:51.078 [FXGL Background Thread 3 ] DEBUG Engine               - gameDifficulty: MEDIUM
19:33:51.078 [FXGL Background Thread 3 ] DEBUG Engine               - gameDifficultyProperty: ObjectProperty [value: MEDIUM]
19:33:51.079 [FXGL Background Thread 3 ] DEBUG Engine               - globalMusicVolume: 0.5
19:33:51.079 [FXGL Background Thread 3 ] DEBUG Engine               - globalMusicVolumeProperty: DoubleProperty [value: 0.5]
19:33:51.079 [FXGL Background Thread 3 ] DEBUG Engine               - globalSoundVolume: 0.5
19:33:51.080 [FXGL Background Thread 3 ] DEBUG Engine               - globalSoundVolumeProperty: DoubleProperty [value: 0.5]
19:33:51.080 [FXGL Background Thread 3 ] DEBUG Engine               - height: 832
19:33:51.080 [FXGL Background Thread 3 ] DEBUG Engine               - isAndroid: false
19:33:51.080 [FXGL Background Thread 3 ] DEBUG Engine               - isBrowser: false
19:33:51.082 [FXGL Background Thread 3 ] DEBUG Engine               - isClickFeedbackEnabled: false
19:33:51.082 [FXGL Background Thread 3 ] DEBUG Engine               - isCloseConfirmation: false
19:33:51.082 [FXGL Background Thread 3 ] DEBUG Engine               - isDesktop: true
19:33:51.082 [FXGL Background Thread 3 ] DEBUG Engine               - isDeveloperMenuEnabled: false
19:33:51.082 [FXGL Background Thread 3 ] DEBUG Engine               - isEntityPreloadEnabled: true
19:33:51.082 [FXGL Background Thread 3 ] DEBUG Engine               - isExperimental3D: false
19:33:51.082 [FXGL Background Thread 3 ] DEBUG Engine               - isExperimentalNative: false
19:33:51.082 [FXGL Background Thread 3 ] DEBUG Engine               - isExperimentalTiledLargeMap: false
19:33:51.082 [FXGL Background Thread 3 ] DEBUG Engine               - isFileSystemWriteAllowed: true
19:33:51.082 [FXGL Background Thread 3 ] DEBUG Engine               - isFullScreenAllowed: false
19:33:51.083 [FXGL Background Thread 3 ] DEBUG Engine               - isFullScreenFromStart: false
19:33:51.083 [FXGL Background Thread 3 ] DEBUG Engine               - isGameMenuEnabled: true
19:33:51.083 [FXGL Background Thread 3 ] DEBUG Engine               - isIOS: false
19:33:51.083 [FXGL Background Thread 3 ] DEBUG Engine               - isIntroEnabled: false
19:33:51.084 [FXGL Background Thread 3 ] DEBUG Engine               - isLinux: false
19:33:51.084 [FXGL Background Thread 3 ] DEBUG Engine               - isMac: false
19:33:51.084 [FXGL Background Thread 3 ] DEBUG Engine               - isMainMenuEnabled: false
19:33:51.084 [FXGL Background Thread 3 ] DEBUG Engine               - isManualResizeEnabled: false
19:33:51.085 [FXGL Background Thread 3 ] DEBUG Engine               - isMobile: false
19:33:51.085 [FXGL Background Thread 3 ] DEBUG Engine               - isPreserveResizeRatio: false
19:33:51.085 [FXGL Background Thread 3 ] DEBUG Engine               - isProfilingEnabled: false
19:33:51.085 [FXGL Background Thread 3 ] DEBUG Engine               - isScaleAffectedOnResize: true
19:33:51.086 [FXGL Background Thread 3 ] DEBUG Engine               - isSingleStep: false
19:33:51.086 [FXGL Background Thread 3 ] DEBUG Engine               - isUserProfileEnabled: false
19:33:51.086 [FXGL Background Thread 3 ] DEBUG Engine               - isWindows: true
19:33:51.086 [FXGL Background Thread 3 ] DEBUG Engine               - language: ObjectProperty [value: ENGLISH]
19:33:51.086 [FXGL Background Thread 3 ] DEBUG Engine               - menuKey: ESCAPE
19:33:51.087 [FXGL Background Thread 3 ] DEBUG Engine               - notificationViewClass: class com.almasb.fxgl.notification.view.XboxNotificationView
19:33:51.087 [FXGL Background Thread 3 ] DEBUG Engine               - pixelsPerMeter: 50.0
19:33:51.087 [FXGL Background Thread 3 ] DEBUG Engine               - platform: WINDOWS
19:33:51.087 [FXGL Background Thread 3 ] DEBUG Engine               - prefHeightProperty: ReadOnlyDoubleProperty [value: 832.0]
19:33:51.088 [FXGL Background Thread 3 ] DEBUG Engine               - prefWidthProperty: ReadOnlyDoubleProperty [value: 960.0]
19:33:51.088 [FXGL Background Thread 3 ] DEBUG Engine               - profileDir: profiles/
19:33:51.088 [FXGL Background Thread 3 ] DEBUG Engine               - profileName: StringProperty [value: DEFAULT]
19:33:51.088 [FXGL Background Thread 3 ] DEBUG Engine               - randomSeed: -1
19:33:51.088 [FXGL Background Thread 3 ] DEBUG Engine               - runtimeInfo: RuntimeInfo(platform=WINDOWS, version=11.14, build=01.03.2021 16.59)
19:33:51.089 [FXGL Background Thread 3 ] DEBUG Engine               - saveFileExt: sav
19:33:51.089 [FXGL Background Thread 3 ] DEBUG Engine               - scaledHeightProp$fxgl: DoubleProperty [bound, value: 823.0]
19:33:51.089 [FXGL Background Thread 3 ] DEBUG Engine               - scaledWidthProp$fxgl: DoubleProperty [bound, value: 925.0]
19:33:51.089 [FXGL Background Thread 3 ] DEBUG Engine               - sceneFactory: com.almasb.fxgl.app.scene.SceneFactory@3b161227
19:33:51.089 [FXGL Background Thread 3 ] DEBUG Engine               - secondsIn24h: 60
19:33:51.090 [FXGL Background Thread 3 ] DEBUG Engine               - soundMenuBack: menu/back.wav
19:33:51.090 [FXGL Background Thread 3 ] DEBUG Engine               - soundMenuPress: menu/press.wav
19:33:51.090 [FXGL Background Thread 3 ] DEBUG Engine               - soundMenuSelect: menu/select.wav
19:33:51.090 [FXGL Background Thread 3 ] DEBUG Engine               - soundNotification: core/notification.wav
19:33:51.090 [FXGL Background Thread 3 ] DEBUG Engine               - stageStyle: DECORATED
19:33:51.091 [FXGL Background Thread 3 ] DEBUG Engine               - supportedLanguages: [ENGLISH, FRENCH, GERMAN, HUNGARIAN, RUSSIAN]
19:33:51.091 [FXGL Background Thread 3 ] DEBUG Engine               - ticksPerSecond: -1
19:33:51.091 [FXGL Background Thread 3 ] DEBUG Engine               - title: Bomberman SE
19:33:51.091 [FXGL Background Thread 3 ] DEBUG Engine               - urlGithub: https://github.com/AlmasB/FXGL
19:33:51.092 [FXGL Background Thread 3 ] DEBUG Engine               - urlLeaderboard: http://fxgl-top.herokuapp.com/
19:33:51.092 [FXGL Background Thread 3 ] DEBUG Engine               - urlPOM: https://raw.githubusercontent.com/AlmasB/FXGL/release/README.md
19:33:51.092 [FXGL Background Thread 3 ] DEBUG Engine               - userAppClass: class Game
19:33:51.092 [FXGL Background Thread 3 ] DEBUG Engine               - version: 1.0
19:33:51.092 [FXGL Background Thread 3 ] DEBUG Engine               - versionCheckDays: 7
19:33:51.093 [FXGL Background Thread 3 ] DEBUG Engine               - width: 960
19:33:51.093 [FXGL Background Thread 3 ] DEBUG Engine               - Logging services
19:33:51.093 [FXGL Background Thread 3 ] DEBUG Engine               - class com.almasb.fxgl.app.services.FXGLAssetLoaderService
19:33:51.093 [FXGL Background Thread 3 ] DEBUG Engine               - class com.almasb.fxgl.app.FXGLApplication$GameApplicationService
19:33:51.094 [FXGL Background Thread 3 ] DEBUG Engine               - class com.almasb.fxgl.app.services.FXGLDialogService
19:33:51.094 [FXGL Background Thread 3 ] DEBUG Engine               - class com.almasb.fxgl.app.services.IOTaskExecutorService
19:33:51.094 [FXGL Background Thread 3 ] DEBUG Engine               - class com.almasb.fxgl.event.EventBusService
19:33:51.094 [FXGL Background Thread 3 ] DEBUG Engine               - class com.almasb.fxgl.io.FileSystemService
19:33:51.094 [FXGL Background Thread 3 ] DEBUG Engine               - class com.almasb.fxgl.localization.LocalizationService
19:33:51.095 [FXGL Background Thread 3 ] DEBUG Engine               - class com.almasb.fxgl.app.services.SystemBundleService
19:33:51.095 [FXGL Background Thread 3 ] DEBUG Engine               - class com.almasb.fxgl.profile.SaveLoadService
19:33:51.095 [FXGL Background Thread 3 ] DEBUG Engine               - class com.almasb.fxgl.ui.FXGLUIFactoryServiceProvider
19:33:51.095 [FXGL Background Thread 3 ] DEBUG Engine               - class com.almasb.fxgl.ui.FXGLDialogFactoryServiceProvider
19:33:51.095 [FXGL Background Thread 3 ] DEBUG Engine               - class com.almasb.fxgl.audio.AudioPlayer
19:33:51.096 [FXGL Background Thread 3 ] DEBUG Engine               - class com.almasb.fxgl.notification.impl.NotificationServiceProvider
19:33:51.096 [FXGL Background Thread 3 ] DEBUG Engine               - class com.almasb.fxgl.achievement.AchievementService
19:33:51.096 [FXGL Background Thread 3 ] DEBUG Engine               - class com.almasb.fxgl.cutscene.CutsceneService
19:33:51.096 [FXGL Background Thread 3 ] DEBUG Engine               - class com.almasb.fxgl.minigames.MiniGameService
19:33:51.096 [FXGL Background Thread 3 ] DEBUG Engine               - class com.almasb.fxgl.net.NetService
19:33:51.096 [FXGL Background Thread 3 ] DEBUG Engine               - class com.almasb.fxgl.app.services.UpdaterService
19:33:51.097 [FXGL Background Thread 3 ] DEBUG Engine               - class com.almasb.fxgl.dev.DevService
19:34:24.529 [JavaFX Application Thread] DEBUG FXGLApplication      - Exiting FXGL
19:34:24.529 [JavaFX Application Thread] DEBUG LoopRunner           - Stopping loop
19:34:24.529 [JavaFX Application Thread] DEBUG SystemBundleService  - Saving FXGL system data
19:34:24.542 [JavaFX Application Thread] DEBUG FileSystemAccess     - Writing to: C:\Users\diewe\OneDrive\Documenten\GitHub\SE-Challengeweek\system\fxgl.bundle
19:34:24.544 [JavaFX Application Thread] DEBUG Async                - Shutting down background threads
19:34:24.545 [JavaFX Application Thread] DEBUG PrimaryStageWindow   - Closing main window
19:34:24.562 [JavaFX Application Thread] DEBUG Logger               - Closing Logger
