13:59:31.609 [main                     ] DEBUG Logger               - Configured Logger
13:59:31.626 [main                     ] DEBUG GameApplication      - Logging settings
Title: Bomberman SE
Version: 1.0
Width: 960
Height: 832
Fullscreen: false
Intro: false
Profiling: false
Single step:false
App Mode: DEVELOPER
Menu Key: ESCAPE
Stage Style: DECORATED
Scene Factory: class com.almasb.fxgl.app.scene.SceneFactory

13:59:32.026 [JavaFX Application Thread] DEBUG FXGLApplication      - Initializing FXGL
13:59:32.029 [JavaFX Application Thread] INFO  Engine               - FXGL-11.14 (01.03.2021 16.59) on WINDOWS (J:15.0.2 FX:15)
13:59:32.030 [JavaFX Application Thread] DEBUG Engine               - JRE Vendor Name: Amazon.com Inc.
13:59:32.030 [JavaFX Application Thread] DEBUG Engine               - Running on OS: Windows 10 version 10.0
13:59:32.031 [JavaFX Application Thread] DEBUG Engine               - Architecture: amd64
13:59:32.031 [JavaFX Application Thread] INFO  Engine               - Source code and latest versions at: https://github.com/AlmasB/FXGL
13:59:32.031 [JavaFX Application Thread] INFO  Engine               -              Join the FXGL chat at: https://gitter.im/AlmasB/FXGL
13:59:32.164 [JavaFX Application Thread] DEBUG PrimaryStageWindow   - Creating a JavaFX scene
13:59:32.164 [JavaFX Application Thread] DEBUG PrimaryStageWindow   - Target size > screen size
13:59:32.238 [JavaFX Application Thread] DEBUG PrimaryStageWindow   - Target settings size: 960.0 x 832.0
13:59:32.238 [JavaFX Application Thread] DEBUG PrimaryStageWindow   - Scaled scene size:    925.0 x 823.0
13:59:32.239 [JavaFX Application Thread] DEBUG PrimaryStageWindow   - Scaled ratio: (0.9635416666666666, 0.9891826923076923)
13:59:32.240 [JavaFX Application Thread] DEBUG PrimaryStageWindow   - Set initial scene to FXGLStartupScene
13:59:32.248 [JavaFX Application Thread] DEBUG PrimaryStageWindow   - Opening main window
13:59:32.359 [JavaFX Application Thread] DEBUG PrimaryStageWindow   - Window border size: (15.0, 37.79998779296875)
13:59:32.359 [JavaFX Application Thread] DEBUG PrimaryStageWindow   - Scaled size: 925.0 x 823.0
13:59:32.359 [JavaFX Application Thread] DEBUG PrimaryStageWindow   - Scaled ratio: (0.9635416666666666, 0.9891826923076923)
13:59:32.360 [JavaFX Application Thread] DEBUG PrimaryStageWindow   - Scene size: 925.0 x 823.0
13:59:32.360 [JavaFX Application Thread] DEBUG PrimaryStageWindow   - Stage size: 940.0 x 860.7999877929688
13:59:32.369 [FXGL Background Thread 1 ] DEBUG Engine               - Initializing environment variables
13:59:32.418 [FXGL Background Thread 1 ] DEBUG FXGLAssetLoaderServi - User app class for loading assets: class Game
13:59:32.418 [FXGL Background Thread 1 ] DEBUG GameApplicationServi - Applying CSS: fxgl_dark.css
13:59:32.421 [FXGL Background Thread 1 ] DEBUG FXGLAssetLoaderServi - Loading from file system: jar:file:/C:/Users/diewe/.m2/repository/com/github/almasb/fxgl/11.14/fxgl-11.14.jar!/fxglassets/ui/css/fxgl_dark.css
13:59:32.469 [FXGL Background Thread 1 ] DEBUG GameApplicationServi - Initializing application scenes
13:59:32.514 [FXGL Background Thread 1 ] DEBUG GameWorld            - Game world initialized
13:59:32.587 [FXGL Background Thread 1 ] DEBUG PhysicsWorld         - Physics world initialized: appHeight=832, physics.ppm=50,0
13:59:32.587 [FXGL Background Thread 1 ] DEBUG PhysicsWorld         - Using strategy: BRUTE_FORCE
13:59:32.590 [FXGL Background Thread 1 ] DEBUG GameScene            - Game scene initialized: 960x832
13:59:32.631 [FXGL Background Thread 1 ] DEBUG FXGLAssetLoaderServi - Loading from file system: jar:file:/C:/Users/diewe/.m2/repository/com/github/almasb/fxgl/11.14/fxgl-11.14.jar!/fxglassets/textures/particles/trace_horizontal.png
13:59:32.689 [FXGL Background Thread 1 ] DEBUG FXGL.DefaultMenu     - createMenuBodyGameMenu()
13:59:32.705 [FXGL Background Thread 1 ] DEBUG FXGL.DefaultMenu     - createOptionsMenu()
13:59:32.711 [FXGL Background Thread 1 ] DEBUG FXGLAssetLoaderServi - Loading from file system: jar:file:/C:/Users/diewe/.m2/repository/com/github/almasb/fxgl/11.14/fxgl-11.14.jar!/fxglassets/textures/particles/smoke.png
13:59:32.775 [FXGL Background Thread 1 ] DEBUG GameApplicationServi - Application scenes initialized
13:59:32.785 [FXGL Background Thread 1 ] DEBUG SystemBundleService  - Loading FXGL system data
13:59:32.788 [FXGL Background Thread 1 ] DEBUG FileSystemAccess     - Reading from: C:\Users\diewe\OneDrive\Documenten\GitHub\SE-Challengeweek\system\fxgl.bundle
13:59:32.794 [FXGL Background Thread 1 ] DEBUG SystemBundleService  - Bundle FXGL: {}
13:59:32.795 [FXGL Background Thread 1 ] DEBUG UpdaterService       - Checking for updates
13:59:32.800 [FXGL Background Thread 4 ] DEBUG FXGLApplication      - Loading fonts
13:59:32.801 [FXGL Background Thread 4 ] DEBUG FXGLAssetLoaderServi - Loading from file system: jar:file:/C:/Users/diewe/.m2/repository/com/github/almasb/fxgl/11.14/fxgl-11.14.jar!/fxglassets/ui/fonts/VarelaRound-Regular.ttf
13:59:32.801 [FXGL Background Thread 1 ] DEBUG FXGLApplication      - Loading default localization
13:59:32.802 [FXGL Background Thread 1 ] DEBUG FXGLAssetLoaderServi - Loading from file system: jar:file:/C:/Users/diewe/.m2/repository/com/github/almasb/fxgl/11.14/fxgl-11.14.jar!/fxglassets/languages/english.lang
13:59:32.822 [FXGL Background Thread 1 ] INFO  FXGLApplication      - FXGL initialization took: 0,452 sec
13:59:32.839 [JavaFX Application Thread] DEBUG Input                - Registered new binding: action0 - W
13:59:32.840 [JavaFX Application Thread] DEBUG Input                - Registered new binding: action1 - S
13:59:32.840 [JavaFX Application Thread] DEBUG Input                - Registered new binding: action2 - A
13:59:32.841 [JavaFX Application Thread] DEBUG Input                - Registered new binding: action3 - D
13:59:32.842 [JavaFX Application Thread] DEBUG FXGLAssetLoaderServi - Loading from file system: jar:file:/C:/Users/diewe/.m2/repository/com/github/almasb/fxgl/11.14/fxgl-11.14.jar!/fxglassets/textures/fxgl_icon.png
13:59:32.863 [JavaFX Application Thread] DEBUG FXGLAssetLoaderServi - Loading from file system: jar:file:/C:/Users/diewe/.m2/repository/com/github/almasb/fxgl/11.14/fxgl-11.14.jar!/fxglassets/ui/cursors/fxgl_default.png
13:59:32.865 [JavaFX Application Thread] DEBUG Input                - Registered new binding: Screenshot - P
13:59:32.866 [JavaFX Application Thread] DEBUG Input                - Registered new binding: System info dump - CTRL+9
13:59:32.867 [JavaFX Application Thread] DEBUG Input                - Registered new binding: Restart - CTRL+R
13:59:32.868 [JavaFX Application Thread] DEBUG Input                - Registered new binding: Toggle Debug Camera - CTRL+C
13:59:32.871 [JavaFX Application Thread] DEBUG LoopRunner           - Starting loop
13:59:32.872 [JavaFX Application Thread] DEBUG LoopRunner           - Initializing JavaFX AnimationTimerLoop
13:59:32.873 [JavaFX Application Thread] DEBUG GameApplicationServi - Starting new game
13:59:32.874 [JavaFX Application Thread] DEBUG Input                - Clearing active input actions
13:59:32.888 [JavaFX Application Thread] DEBUG GameApplicationServi - Removing overlay from FXGLStartupScene and adding to FXGLLoadingScene
13:59:32.889 [JavaFX Application Thread] DEBUG PrimaryStageWindow   - FXGLStartupScene -> FXGLLoadingScene
13:59:32.889 [JavaFX Application Thread] DEBUG GameApplicationServi - Clearing previous game
13:59:32.890 [JavaFX Application Thread] DEBUG GameScene            - Clearing game scene
13:59:32.890 [JavaFX Application Thread] DEBUG GameWorld            - Clearing game world
13:59:32.890 [JavaFX Application Thread] DEBUG PhysicsWorld         - Clearing physics world
13:59:32.892 [FXGL Background Thread 1 ] DEBUG FXGLApplication      - Initializing game
13:59:32.895 [FXGL Background Thread 1 ] DEBUG FXGLAssetLoaderServi - Loading from file system: file:/C:/Users/diewe/OneDrive/Documenten/GitHub/SE-Challengeweek/target/classes/assets/textures/BombermanBlond2.png
13:59:32.898 [FXGL Background Thread 4 ] DEBUG FXGLAssetLoaderServi - Loading from file system: jar:file:/C:/Users/diewe/.m2/repository/com/github/almasb/fxgl/11.14/fxgl-11.14.jar!/fxglassets/ui/fonts/Abel-Regular.ttf
13:59:32.916 [FXGL Background Thread 4 ] DEBUG FXGLAssetLoaderServi - Loading from file system: jar:file:/C:/Users/diewe/.m2/repository/com/github/almasb/fxgl/11.14/fxgl-11.14.jar!/fxglassets/ui/fonts/lucida_console.ttf
13:59:32.932 [FXGL Background Thread 4 ] DEBUG FXGLAssetLoaderServi - Loading from file system: jar:file:/C:/Users/diewe/.m2/repository/com/github/almasb/fxgl/11.14/fxgl-11.14.jar!/fxglassets/ui/fonts/Courier-Prime.ttf
13:59:32.991 [FXGL Background Thread 1 ] INFO  FXGLApplication      - Game initialization took: 0,100 sec
13:59:33.041 [JavaFX Application Thread] DEBUG FXGLApplication      - Registering font factories with UI factory
13:59:33.047 [JavaFX Application Thread] DEBUG Input                - Clearing active input actions
13:59:33.065 [JavaFX Application Thread] DEBUG GameApplicationServi - Removing overlay from FXGLLoadingScene and adding to GameScene
13:59:33.065 [JavaFX Application Thread] DEBUG PrimaryStageWindow   - FXGLLoadingScene -> GameScene
13:59:33.249 [FXGL Background Thread 2 ] INFO  UpdaterService       - Your current version:  11.14
13:59:33.249 [FXGL Background Thread 2 ] INFO  UpdaterService       - Latest stable version: 17.1
13:59:35.798 [FXGL Background Thread 3 ] DEBUG Engine               - Logging environment variables
13:59:35.799 [FXGL Background Thread 3 ] DEBUG Engine               - achievements: []
13:59:35.799 [FXGL Background Thread 3 ] DEBUG Engine               - actualHeight: 823.0
13:59:35.800 [FXGL Background Thread 3 ] DEBUG Engine               - actualHeightProperty: ReadOnlyDoubleProperty [value: 823.0]
13:59:35.800 [FXGL Background Thread 3 ] DEBUG Engine               - actualWidth: 925.0
13:59:35.800 [FXGL Background Thread 3 ] DEBUG Engine               - actualWidthProperty: ReadOnlyDoubleProperty [value: 925.0]
13:59:35.801 [FXGL Background Thread 3 ] DEBUG Engine               - appIcon: fxgl_icon.png
13:59:35.801 [FXGL Background Thread 3 ] DEBUG Engine               - applicationMode: DEVELOPER
13:59:35.801 [FXGL Background Thread 3 ] DEBUG Engine               - cSSList: [fxgl_dark.css]
13:59:35.801 [FXGL Background Thread 3 ] DEBUG Engine               - collisionDetectionStrategy: BRUTE_FORCE
13:59:35.801 [FXGL Background Thread 3 ] DEBUG Engine               - configClass: Optional.empty
13:59:35.801 [FXGL Background Thread 3 ] DEBUG Engine               - credits: []
13:59:35.803 [FXGL Background Thread 3 ] DEBUG Engine               - devBBoxColorProperty: ObjectProperty [value: 0xff0000ff]
13:59:35.803 [FXGL Background Thread 3 ] DEBUG Engine               - devEnableDebugCameraProperty: BooleanProperty [value: false]
13:59:35.803 [FXGL Background Thread 3 ] DEBUG Engine               - devSensorColorProperty: ObjectProperty [value: 0xffff00ff]
13:59:35.804 [FXGL Background Thread 3 ] DEBUG Engine               - devShowBBoxProperty: BooleanProperty [value: false]
13:59:35.804 [FXGL Background Thread 3 ] DEBUG Engine               - devShowPositionProperty: BooleanProperty [value: false]
13:59:35.804 [FXGL Background Thread 3 ] DEBUG Engine               - enabledMenuItems: []
13:59:35.804 [FXGL Background Thread 3 ] DEBUG Engine               - engineServices: [class com.almasb.fxgl.app.services.FXGLAssetLoaderService, class com.almasb.fxgl.app.FXGLApplication$GameApplicationService, class com.almasb.fxgl.app.services.FXGLDialogService, class com.almasb.fxgl.app.services.IOTaskExecutorService, class com.almasb.fxgl.event.EventBusService, class com.almasb.fxgl.io.FileSystemService, class com.almasb.fxgl.localization.LocalizationService, class com.almasb.fxgl.app.services.SystemBundleService, class com.almasb.fxgl.profile.SaveLoadService, class com.almasb.fxgl.ui.FXGLUIFactoryServiceProvider, class com.almasb.fxgl.ui.FXGLDialogFactoryServiceProvider, class com.almasb.fxgl.audio.AudioPlayer, class com.almasb.fxgl.notification.impl.NotificationServiceProvider, class com.almasb.fxgl.achievement.AchievementService, class com.almasb.fxgl.cutscene.CutsceneService, class com.almasb.fxgl.minigames.MiniGameService, class com.almasb.fxgl.net.NetService, class com.almasb.fxgl.app.services.UpdaterService, class com.almasb.fxgl.dev.DevService]
13:59:35.804 [FXGL Background Thread 3 ] DEBUG Engine               - fontGame: Abel-Regular.ttf
13:59:35.805 [FXGL Background Thread 3 ] DEBUG Engine               - fontMono: lucida_console.ttf
13:59:35.805 [FXGL Background Thread 3 ] DEBUG Engine               - fontText: Courier-Prime.ttf
13:59:35.805 [FXGL Background Thread 3 ] DEBUG Engine               - fontUI: VarelaRound-Regular.ttf
13:59:35.805 [FXGL Background Thread 3 ] DEBUG Engine               - fullScreen: BooleanProperty [value: false]
13:59:35.805 [FXGL Background Thread 3 ] DEBUG Engine               - gameDifficulty: MEDIUM
13:59:35.806 [FXGL Background Thread 3 ] DEBUG Engine               - gameDifficultyProperty: ObjectProperty [value: MEDIUM]
13:59:35.806 [FXGL Background Thread 3 ] DEBUG Engine               - globalMusicVolume: 0.5
13:59:35.806 [FXGL Background Thread 3 ] DEBUG Engine               - globalMusicVolumeProperty: DoubleProperty [value: 0.5]
13:59:35.806 [FXGL Background Thread 3 ] DEBUG Engine               - globalSoundVolume: 0.5
13:59:35.807 [FXGL Background Thread 3 ] DEBUG Engine               - globalSoundVolumeProperty: DoubleProperty [value: 0.5]
13:59:35.807 [FXGL Background Thread 3 ] DEBUG Engine               - height: 832
13:59:35.807 [FXGL Background Thread 3 ] DEBUG Engine               - isAndroid: false
13:59:35.807 [FXGL Background Thread 3 ] DEBUG Engine               - isBrowser: false
13:59:35.807 [FXGL Background Thread 3 ] DEBUG Engine               - isClickFeedbackEnabled: false
13:59:35.807 [FXGL Background Thread 3 ] DEBUG Engine               - isCloseConfirmation: false
13:59:35.807 [FXGL Background Thread 3 ] DEBUG Engine               - isDesktop: true
13:59:35.807 [FXGL Background Thread 3 ] DEBUG Engine               - isDeveloperMenuEnabled: false
13:59:35.808 [FXGL Background Thread 3 ] DEBUG Engine               - isEntityPreloadEnabled: true
13:59:35.808 [FXGL Background Thread 3 ] DEBUG Engine               - isExperimental3D: false
13:59:35.808 [FXGL Background Thread 3 ] DEBUG Engine               - isExperimentalNative: false
13:59:35.808 [FXGL Background Thread 3 ] DEBUG Engine               - isExperimentalTiledLargeMap: false
13:59:35.808 [FXGL Background Thread 3 ] DEBUG Engine               - isFileSystemWriteAllowed: true
13:59:35.808 [FXGL Background Thread 3 ] DEBUG Engine               - isFullScreenAllowed: false
13:59:35.809 [FXGL Background Thread 3 ] DEBUG Engine               - isFullScreenFromStart: false
13:59:35.809 [FXGL Background Thread 3 ] DEBUG Engine               - isGameMenuEnabled: true
13:59:35.809 [FXGL Background Thread 3 ] DEBUG Engine               - isIOS: false
13:59:35.809 [FXGL Background Thread 3 ] DEBUG Engine               - isIntroEnabled: false
13:59:35.809 [FXGL Background Thread 3 ] DEBUG Engine               - isLinux: false
13:59:35.810 [FXGL Background Thread 3 ] DEBUG Engine               - isMac: false
13:59:35.810 [FXGL Background Thread 3 ] DEBUG Engine               - isMainMenuEnabled: false
13:59:35.810 [FXGL Background Thread 3 ] DEBUG Engine               - isManualResizeEnabled: false
13:59:35.810 [FXGL Background Thread 3 ] DEBUG Engine               - isMobile: false
13:59:35.810 [FXGL Background Thread 3 ] DEBUG Engine               - isPreserveResizeRatio: false
13:59:35.810 [FXGL Background Thread 3 ] DEBUG Engine               - isProfilingEnabled: false
13:59:35.810 [FXGL Background Thread 3 ] DEBUG Engine               - isScaleAffectedOnResize: true
13:59:35.810 [FXGL Background Thread 3 ] DEBUG Engine               - isSingleStep: false
13:59:35.811 [FXGL Background Thread 3 ] DEBUG Engine               - isUserProfileEnabled: false
13:59:35.811 [FXGL Background Thread 3 ] DEBUG Engine               - isWindows: true
13:59:35.811 [FXGL Background Thread 3 ] DEBUG Engine               - language: ObjectProperty [value: ENGLISH]
13:59:35.811 [FXGL Background Thread 3 ] DEBUG Engine               - menuKey: ESCAPE
13:59:35.811 [FXGL Background Thread 3 ] DEBUG Engine               - notificationViewClass: class com.almasb.fxgl.notification.view.XboxNotificationView
13:59:35.812 [FXGL Background Thread 3 ] DEBUG Engine               - pixelsPerMeter: 50.0
13:59:35.812 [FXGL Background Thread 3 ] DEBUG Engine               - platform: WINDOWS
13:59:35.812 [FXGL Background Thread 3 ] DEBUG Engine               - prefHeightProperty: ReadOnlyDoubleProperty [value: 832.0]
13:59:35.812 [FXGL Background Thread 3 ] DEBUG Engine               - prefWidthProperty: ReadOnlyDoubleProperty [value: 960.0]
13:59:35.812 [FXGL Background Thread 3 ] DEBUG Engine               - profileDir: profiles/
13:59:35.812 [FXGL Background Thread 3 ] DEBUG Engine               - profileName: StringProperty [value: DEFAULT]
13:59:35.813 [FXGL Background Thread 3 ] DEBUG Engine               - randomSeed: -1
13:59:35.813 [FXGL Background Thread 3 ] DEBUG Engine               - runtimeInfo: RuntimeInfo(platform=WINDOWS, version=11.14, build=01.03.2021 16.59)
13:59:35.813 [FXGL Background Thread 3 ] DEBUG Engine               - saveFileExt: sav
13:59:35.813 [FXGL Background Thread 3 ] DEBUG Engine               - scaledHeightProp$fxgl: DoubleProperty [bound, value: 823.0]
13:59:35.813 [FXGL Background Thread 3 ] DEBUG Engine               - scaledWidthProp$fxgl: DoubleProperty [bound, value: 925.0]
13:59:35.813 [FXGL Background Thread 3 ] DEBUG Engine               - sceneFactory: com.almasb.fxgl.app.scene.SceneFactory@214d726c
13:59:35.813 [FXGL Background Thread 3 ] DEBUG Engine               - secondsIn24h: 60
13:59:35.814 [FXGL Background Thread 3 ] DEBUG Engine               - soundMenuBack: menu/back.wav
13:59:35.814 [FXGL Background Thread 3 ] DEBUG Engine               - soundMenuPress: menu/press.wav
13:59:35.814 [FXGL Background Thread 3 ] DEBUG Engine               - soundMenuSelect: menu/select.wav
13:59:35.814 [FXGL Background Thread 3 ] DEBUG Engine               - soundNotification: core/notification.wav
13:59:35.814 [FXGL Background Thread 3 ] DEBUG Engine               - stageStyle: DECORATED
13:59:35.814 [FXGL Background Thread 3 ] DEBUG Engine               - supportedLanguages: [ENGLISH, FRENCH, GERMAN, HUNGARIAN, RUSSIAN]
13:59:35.814 [FXGL Background Thread 3 ] DEBUG Engine               - ticksPerSecond: -1
13:59:35.814 [FXGL Background Thread 3 ] DEBUG Engine               - title: Bomberman SE
13:59:35.815 [FXGL Background Thread 3 ] DEBUG Engine               - urlGithub: https://github.com/AlmasB/FXGL
13:59:35.815 [FXGL Background Thread 3 ] DEBUG Engine               - urlLeaderboard: http://fxgl-top.herokuapp.com/
13:59:35.815 [FXGL Background Thread 3 ] DEBUG Engine               - urlPOM: https://raw.githubusercontent.com/AlmasB/FXGL/release/README.md
13:59:35.815 [FXGL Background Thread 3 ] DEBUG Engine               - userAppClass: class Game
13:59:35.815 [FXGL Background Thread 3 ] DEBUG Engine               - version: 1.0
13:59:35.815 [FXGL Background Thread 3 ] DEBUG Engine               - versionCheckDays: 7
13:59:35.815 [FXGL Background Thread 3 ] DEBUG Engine               - width: 960
13:59:35.816 [FXGL Background Thread 3 ] DEBUG Engine               - Logging services
13:59:35.816 [FXGL Background Thread 3 ] DEBUG Engine               - class com.almasb.fxgl.app.services.FXGLAssetLoaderService
13:59:35.816 [FXGL Background Thread 3 ] DEBUG Engine               - class com.almasb.fxgl.app.FXGLApplication$GameApplicationService
13:59:35.817 [FXGL Background Thread 3 ] DEBUG Engine               - class com.almasb.fxgl.app.services.FXGLDialogService
13:59:35.817 [FXGL Background Thread 3 ] DEBUG Engine               - class com.almasb.fxgl.app.services.IOTaskExecutorService
13:59:35.817 [FXGL Background Thread 3 ] DEBUG Engine               - class com.almasb.fxgl.event.EventBusService
13:59:35.817 [FXGL Background Thread 3 ] DEBUG Engine               - class com.almasb.fxgl.io.FileSystemService
13:59:35.817 [FXGL Background Thread 3 ] DEBUG Engine               - class com.almasb.fxgl.localization.LocalizationService
13:59:35.817 [FXGL Background Thread 3 ] DEBUG Engine               - class com.almasb.fxgl.app.services.SystemBundleService
13:59:35.818 [FXGL Background Thread 3 ] DEBUG Engine               - class com.almasb.fxgl.profile.SaveLoadService
13:59:35.818 [FXGL Background Thread 3 ] DEBUG Engine               - class com.almasb.fxgl.ui.FXGLUIFactoryServiceProvider
13:59:35.818 [FXGL Background Thread 3 ] DEBUG Engine               - class com.almasb.fxgl.ui.FXGLDialogFactoryServiceProvider
13:59:35.818 [FXGL Background Thread 3 ] DEBUG Engine               - class com.almasb.fxgl.audio.AudioPlayer
13:59:35.818 [FXGL Background Thread 3 ] DEBUG Engine               - class com.almasb.fxgl.notification.impl.NotificationServiceProvider
13:59:35.818 [FXGL Background Thread 3 ] DEBUG Engine               - class com.almasb.fxgl.achievement.AchievementService
13:59:35.818 [FXGL Background Thread 3 ] DEBUG Engine               - class com.almasb.fxgl.cutscene.CutsceneService
13:59:35.819 [FXGL Background Thread 3 ] DEBUG Engine               - class com.almasb.fxgl.minigames.MiniGameService
13:59:35.819 [FXGL Background Thread 3 ] DEBUG Engine               - class com.almasb.fxgl.net.NetService
13:59:35.819 [FXGL Background Thread 3 ] DEBUG Engine               - class com.almasb.fxgl.app.services.UpdaterService
13:59:35.820 [FXGL Background Thread 3 ] DEBUG Engine               - class com.almasb.fxgl.dev.DevService
14:00:11.552 [JavaFX Application Thread] DEBUG FXGLApplication      - Exiting FXGL
14:00:11.552 [JavaFX Application Thread] DEBUG LoopRunner           - Stopping loop
14:00:11.552 [JavaFX Application Thread] DEBUG SystemBundleService  - Saving FXGL system data
14:00:11.554 [JavaFX Application Thread] DEBUG FileSystemAccess     - Writing to: C:\Users\diewe\OneDrive\Documenten\GitHub\SE-Challengeweek\system\fxgl.bundle
14:00:11.555 [JavaFX Application Thread] DEBUG Async                - Shutting down background threads
14:00:11.556 [JavaFX Application Thread] DEBUG PrimaryStageWindow   - Closing main window
14:00:11.602 [JavaFX Application Thread] DEBUG Logger               - Closing Logger
