14:14:35.440 [main                     ] DEBUG Logger               - Configured Logger
14:14:35.452 [main                     ] DEBUG GameApplication      - Logging settings
Title: Untitled
Version: 0.0
Width: 1050
Height: 700
Fullscreen: false
Intro: false
Profiling: false
Single step:false
App Mode: DEVELOPER
Menu Key: ESCAPE
Stage Style: DECORATED
Scene Factory: class com.almasb.fxgl.app.scene.SceneFactory

14:14:35.758 [JavaFX Application Thread] DEBUG FXGLApplication      - Initializing FXGL
14:14:35.759 [JavaFX Application Thread] INFO  Engine               - FXGL-11.14 (01.03.2021 16.59) on WINDOWS (J:15.0.2 FX:15)
14:14:35.760 [JavaFX Application Thread] DEBUG Engine               - JRE Vendor Name: Amazon.com Inc.
14:14:35.760 [JavaFX Application Thread] DEBUG Engine               - Running on OS: Windows 10 version 10.0
14:14:35.760 [JavaFX Application Thread] DEBUG Engine               - Architecture: amd64
14:14:35.760 [JavaFX Application Thread] INFO  Engine               - Source code and latest versions at: https://github.com/AlmasB/FXGL
14:14:35.761 [JavaFX Application Thread] INFO  Engine               -              Join the FXGL chat at: https://gitter.im/AlmasB/FXGL
14:14:35.854 [JavaFX Application Thread] DEBUG PrimaryStageWindow   - Creating a JavaFX scene
14:14:35.894 [JavaFX Application Thread] DEBUG PrimaryStageWindow   - Target settings size: 1050.0 x 700.0
14:14:35.894 [JavaFX Application Thread] DEBUG PrimaryStageWindow   - Scaled scene size:    1050.0 x 700.0
14:14:35.894 [JavaFX Application Thread] DEBUG PrimaryStageWindow   - Scaled ratio: (1.0, 1.0)
14:14:35.895 [JavaFX Application Thread] DEBUG PrimaryStageWindow   - Set initial scene to FXGLStartupScene
14:14:35.901 [JavaFX Application Thread] DEBUG PrimaryStageWindow   - Opening main window
14:14:35.968 [JavaFX Application Thread] DEBUG PrimaryStageWindow   - Window border size: (14.800048828125, 37.5999755859375)
14:14:35.969 [JavaFX Application Thread] DEBUG PrimaryStageWindow   - Scaled size: 1050.0 x 700.0
14:14:35.969 [JavaFX Application Thread] DEBUG PrimaryStageWindow   - Scaled ratio: (1.0, 1.0)
14:14:35.969 [JavaFX Application Thread] DEBUG PrimaryStageWindow   - Scene size: 1050.0 x 700.0
14:14:35.969 [JavaFX Application Thread] DEBUG PrimaryStageWindow   - Stage size: 1064.800048828125 x 737.5999755859375
14:14:35.977 [FXGL Background Thread 1 ] DEBUG Engine               - Initializing environment variables
14:14:36.010 [FXGL Background Thread 1 ] DEBUG FXGLAssetLoaderServi - User app class for loading assets: class Game
14:14:36.011 [FXGL Background Thread 1 ] DEBUG GameApplicationServi - Applying CSS: fxgl_dark.css
14:14:36.011 [FXGL Background Thread 1 ] DEBUG FXGLAssetLoaderServi - Loading from file system: jar:file:/C:/Users/stanm/.m2/repository/com/github/almasb/fxgl/11.14/fxgl-11.14.jar!/fxglassets/ui/css/fxgl_dark.css
14:14:36.056 [FXGL Background Thread 1 ] DEBUG GameApplicationServi - Initializing application scenes
14:14:36.085 [FXGL Background Thread 1 ] DEBUG GameWorld            - Game world initialized
14:14:36.132 [FXGL Background Thread 1 ] DEBUG PhysicsWorld         - Physics world initialized: appHeight=700, physics.ppm=50,0
14:14:36.132 [FXGL Background Thread 1 ] DEBUG PhysicsWorld         - Using strategy: BRUTE_FORCE
14:14:36.134 [FXGL Background Thread 1 ] DEBUG GameScene            - Game scene initialized: 1050x700
14:14:36.170 [FXGL Background Thread 1 ] DEBUG FXGLAssetLoaderServi - Loading from file system: jar:file:/C:/Users/stanm/.m2/repository/com/github/almasb/fxgl/11.14/fxgl-11.14.jar!/fxglassets/textures/particles/trace_horizontal.png
14:14:36.212 [FXGL Background Thread 1 ] DEBUG FXGL.DefaultMenu     - createMenuBodyGameMenu()
14:14:36.225 [FXGL Background Thread 1 ] DEBUG FXGL.DefaultMenu     - createOptionsMenu()
14:14:36.229 [FXGL Background Thread 1 ] DEBUG FXGLAssetLoaderServi - Loading from file system: jar:file:/C:/Users/stanm/.m2/repository/com/github/almasb/fxgl/11.14/fxgl-11.14.jar!/fxglassets/textures/particles/smoke.png
14:14:36.267 [FXGL Background Thread 1 ] DEBUG GameApplicationServi - Application scenes initialized
14:14:36.276 [FXGL Background Thread 1 ] DEBUG SystemBundleService  - Loading FXGL system data
14:14:36.280 [FXGL Background Thread 1 ] DEBUG FileSystemAccess     - Reading from: C:\Users\stanm\Documents\SE-Challengeweek\system\fxgl.bundle
14:14:36.285 [FXGL Background Thread 1 ] DEBUG SystemBundleService  - Bundle FXGL: {}
14:14:36.285 [FXGL Background Thread 1 ] DEBUG UpdaterService       - Checking for updates
14:14:36.288 [FXGL Background Thread 4 ] DEBUG FXGLApplication      - Loading fonts
14:14:36.289 [FXGL Background Thread 1 ] DEBUG FXGLApplication      - Loading default localization
14:14:36.289 [FXGL Background Thread 4 ] DEBUG FXGLAssetLoaderServi - Loading from file system: jar:file:/C:/Users/stanm/.m2/repository/com/github/almasb/fxgl/11.14/fxgl-11.14.jar!/fxglassets/ui/fonts/VarelaRound-Regular.ttf
14:14:36.290 [FXGL Background Thread 1 ] DEBUG FXGLAssetLoaderServi - Loading from file system: jar:file:/C:/Users/stanm/.m2/repository/com/github/almasb/fxgl/11.14/fxgl-11.14.jar!/fxglassets/languages/english.lang
14:14:36.305 [FXGL Background Thread 1 ] INFO  FXGLApplication      - FXGL initialization took: 0,327 sec
14:14:36.315 [JavaFX Application Thread] DEBUG Input                - Registered new binding: Right - D
14:14:36.315 [JavaFX Application Thread] DEBUG Input                - Registered new binding: Left - A
14:14:36.316 [JavaFX Application Thread] DEBUG Input                - Registered new binding: Up - W
14:14:36.316 [JavaFX Application Thread] DEBUG Input                - Registered new binding: Down - S
14:14:36.317 [JavaFX Application Thread] DEBUG FXGLAssetLoaderServi - Loading from file system: jar:file:/C:/Users/stanm/.m2/repository/com/github/almasb/fxgl/11.14/fxgl-11.14.jar!/fxglassets/textures/fxgl_icon.png
14:14:36.331 [JavaFX Application Thread] DEBUG FXGLAssetLoaderServi - Loading from file system: jar:file:/C:/Users/stanm/.m2/repository/com/github/almasb/fxgl/11.14/fxgl-11.14.jar!/fxglassets/ui/cursors/fxgl_default.png
14:14:36.333 [JavaFX Application Thread] DEBUG Input                - Registered new binding: Screenshot - P
14:14:36.334 [JavaFX Application Thread] DEBUG Input                - Registered new binding: System info dump - CTRL+9
14:14:36.334 [JavaFX Application Thread] DEBUG Input                - Registered new binding: Restart - CTRL+R
14:14:36.335 [JavaFX Application Thread] DEBUG Input                - Registered new binding: Toggle Debug Camera - CTRL+C
14:14:36.337 [JavaFX Application Thread] DEBUG LoopRunner           - Starting loop
14:14:36.337 [JavaFX Application Thread] DEBUG LoopRunner           - Initializing JavaFX AnimationTimerLoop
14:14:36.338 [JavaFX Application Thread] DEBUG GameApplicationServi - Starting new game
14:14:36.339 [JavaFX Application Thread] DEBUG Input                - Clearing active input actions
14:14:36.348 [JavaFX Application Thread] DEBUG GameApplicationServi - Removing overlay from FXGLStartupScene and adding to FXGLLoadingScene
14:14:36.348 [JavaFX Application Thread] DEBUG PrimaryStageWindow   - FXGLStartupScene -> FXGLLoadingScene
14:14:36.349 [JavaFX Application Thread] DEBUG GameApplicationServi - Clearing previous game
14:14:36.349 [JavaFX Application Thread] DEBUG GameScene            - Clearing game scene
14:14:36.349 [JavaFX Application Thread] DEBUG GameWorld            - Clearing game world
14:14:36.349 [FXGL Background Thread 4 ] DEBUG FXGLAssetLoaderServi - Loading from file system: jar:file:/C:/Users/stanm/.m2/repository/com/github/almasb/fxgl/11.14/fxgl-11.14.jar!/fxglassets/ui/fonts/Abel-Regular.ttf
14:14:36.349 [JavaFX Application Thread] DEBUG PhysicsWorld         - Clearing physics world
14:14:36.351 [FXGL Background Thread 1 ] DEBUG FXGLApplication      - Initializing game
14:14:36.362 [FXGL Background Thread 4 ] DEBUG FXGLAssetLoaderServi - Loading from file system: jar:file:/C:/Users/stanm/.m2/repository/com/github/almasb/fxgl/11.14/fxgl-11.14.jar!/fxglassets/ui/fonts/lucida_console.ttf
14:14:36.373 [FXGL Background Thread 4 ] DEBUG FXGLAssetLoaderServi - Loading from file system: jar:file:/C:/Users/stanm/.m2/repository/com/github/almasb/fxgl/11.14/fxgl-11.14.jar!/fxglassets/ui/fonts/Courier-Prime.ttf
14:14:36.379 [FXGL Background Thread 1 ] WARN  TMXLevelLoader       - TiledMap generated from 1.0.1. Supported version: 1.2.3. Some features may not be parsed fully.
14:14:36.385 [FXGL Background Thread 1 ] DEBUG TMXLevelLoader       - Parsed raw map: TiledMap(width=15, height=10, tilewidth=70, tileheight=70, orientation=orthogonal, layers=[Layer(width=15, height=10, name=Tile Layer 1, type=tilelayer, visible=false, x=0, y=0, data=[73, 73, 73, 73, 73, 73, 73, 73, 73, 73, 73, 73, 73, 73, 73, 73, 0, 0, 133, 0, 133, 0, 133, 0, 133, 0, 133, 0, 0, 73, 73, 0, 128, 0, 128, 0, 128, 0, 128, 0, 128, 0, 128, 0, 73, 73, 133, 0, 133, 0, 133, 0, 133, 0, 133, 0, 133, 0, 133, 73, 73, 0, 128, 0, 128, 0, 128, 0, 128, 0, 128, 0, 128, 0, 73, 73, 0, 128, 0, 128, 0, 128, 0, 128, 0, 128, 0, 128, 0, 73, 73, 133, 0, 133, 0, 133, 0, 133, 0, 133, 0, 133, 0, 133, 73, 73, 0, 128, 0, 128, 0, 128, 0, 128, 0, 128, 0, 128, 0, 73, 73, 0, 0, 133, 0, 133, 0, 133, 0, 133, 0, 133, 0, 0, 73, 73, 73, 73, 73, 73, 73, 73, 73, 73, 73, 73, 73, 73, 73, 73], objects=[], opacity=0.0, draworder=), Layer(width=0, height=0, name=Object Layer 1, type=objectgroup, visible=false, x=0, y=0, data=[], objects=[com.almasb.fxgl.entity.level.tiled.TiledObject@1ded3c56, com.almasb.fxgl.entity.level.tiled.TiledObject@24c5201c, com.almasb.fxgl.entity.level.tiled.TiledObject@579d3c1d, com.almasb.fxgl.entity.level.tiled.TiledObject@75bd3a68], opacity=0.0, draworder=)], tilesets=[Tileset(firstgid=1, image=../Pictures/tiles_spritesheet.png, name=tiles_spritesheet, tilewidth=70, tileheight=70, imagewidth=914, imageheight=936, margin=0, spacing=2, columns=12, tilecount=156, transparentcolor=, tiles=[])], backgroundcolor=, renderorder=right-down, nextobjectid=7, version=1, tiledversion=1.0.1, type=map, infinite=false, hexsidelength=0, staggeraxis=, staggerindex=, properties={}, propertytypes={})
14:14:36.386 [FXGL Background Thread 1 ] DEBUG TMXLevelLoader       - Creating tile layer entities
14:14:36.387 [FXGL Background Thread 1 ] DEBUG TilesetLoader        - Loading view for layer Tile Layer 1
14:14:36.389 [JavaFX Application Thread] DEBUG FXGLApplication      - Registering font factories with UI factory
14:14:36.389 [FXGL Background Thread 1 ] DEBUG TilesetLoader        - Created buffer with size 1050.0x700.0
14:14:36.433 [FXGL Background Thread 1 ] DEBUG TilesetLoader        - Writing to buffer: dst=0,0, w=70,h=70, src=0,432
14:14:36.434 [FXGL Background Thread 1 ] DEBUG TilesetLoader        - Writing to buffer: dst=70,0, w=70,h=70, src=0,432
14:14:36.434 [FXGL Background Thread 1 ] DEBUG TilesetLoader        - Writing to buffer: dst=140,0, w=70,h=70, src=0,432
14:14:36.434 [FXGL Background Thread 1 ] DEBUG TilesetLoader        - Writing to buffer: dst=210,0, w=70,h=70, src=0,432
14:14:36.434 [FXGL Background Thread 1 ] DEBUG TilesetLoader        - Writing to buffer: dst=280,0, w=70,h=70, src=0,432
14:14:36.435 [FXGL Background Thread 1 ] DEBUG TilesetLoader        - Writing to buffer: dst=350,0, w=70,h=70, src=0,432
14:14:36.435 [FXGL Background Thread 1 ] DEBUG TilesetLoader        - Writing to buffer: dst=420,0, w=70,h=70, src=0,432
14:14:36.435 [FXGL Background Thread 1 ] DEBUG TilesetLoader        - Writing to buffer: dst=490,0, w=70,h=70, src=0,432
14:14:36.435 [FXGL Background Thread 1 ] DEBUG TilesetLoader        - Writing to buffer: dst=560,0, w=70,h=70, src=0,432
14:14:36.435 [FXGL Background Thread 1 ] DEBUG TilesetLoader        - Writing to buffer: dst=630,0, w=70,h=70, src=0,432
14:14:36.435 [FXGL Background Thread 1 ] DEBUG TilesetLoader        - Writing to buffer: dst=700,0, w=70,h=70, src=0,432
14:14:36.436 [FXGL Background Thread 1 ] DEBUG TilesetLoader        - Writing to buffer: dst=770,0, w=70,h=70, src=0,432
14:14:36.436 [FXGL Background Thread 1 ] DEBUG TilesetLoader        - Writing to buffer: dst=840,0, w=70,h=70, src=0,432
14:14:36.436 [FXGL Background Thread 1 ] DEBUG TilesetLoader        - Writing to buffer: dst=910,0, w=70,h=70, src=0,432
14:14:36.436 [FXGL Background Thread 1 ] DEBUG TilesetLoader        - Writing to buffer: dst=980,0, w=70,h=70, src=0,432
14:14:36.437 [FXGL Background Thread 1 ] DEBUG TilesetLoader        - Writing to buffer: dst=0,70, w=70,h=70, src=0,432
14:14:36.437 [FXGL Background Thread 1 ] DEBUG TilesetLoader        - Writing to buffer: dst=210,70, w=70,h=70, src=0,792
14:14:36.437 [FXGL Background Thread 1 ] DEBUG TilesetLoader        - Writing to buffer: dst=350,70, w=70,h=70, src=0,792
14:14:36.437 [FXGL Background Thread 1 ] DEBUG TilesetLoader        - Writing to buffer: dst=490,70, w=70,h=70, src=0,792
14:14:36.438 [FXGL Background Thread 1 ] DEBUG TilesetLoader        - Writing to buffer: dst=630,70, w=70,h=70, src=0,792
14:14:36.438 [FXGL Background Thread 1 ] DEBUG TilesetLoader        - Writing to buffer: dst=770,70, w=70,h=70, src=0,792
14:14:36.438 [FXGL Background Thread 1 ] DEBUG TilesetLoader        - Writing to buffer: dst=980,70, w=70,h=70, src=0,432
14:14:36.438 [FXGL Background Thread 1 ] DEBUG TilesetLoader        - Writing to buffer: dst=0,140, w=70,h=70, src=0,432
14:14:36.439 [FXGL Background Thread 1 ] DEBUG TilesetLoader        - Writing to buffer: dst=140,140, w=70,h=70, src=504,720
14:14:36.439 [FXGL Background Thread 1 ] DEBUG TilesetLoader        - Writing to buffer: dst=280,140, w=70,h=70, src=504,720
14:14:36.439 [FXGL Background Thread 1 ] DEBUG TilesetLoader        - Writing to buffer: dst=420,140, w=70,h=70, src=504,720
14:14:36.439 [FXGL Background Thread 1 ] DEBUG TilesetLoader        - Writing to buffer: dst=560,140, w=70,h=70, src=504,720
14:14:36.439 [FXGL Background Thread 1 ] DEBUG TilesetLoader        - Writing to buffer: dst=700,140, w=70,h=70, src=504,720
14:14:36.440 [FXGL Background Thread 1 ] DEBUG TilesetLoader        - Writing to buffer: dst=840,140, w=70,h=70, src=504,720
14:14:36.440 [FXGL Background Thread 1 ] DEBUG TilesetLoader        - Writing to buffer: dst=980,140, w=70,h=70, src=0,432
14:14:36.440 [FXGL Background Thread 1 ] DEBUG TilesetLoader        - Writing to buffer: dst=0,210, w=70,h=70, src=0,432
14:14:36.440 [FXGL Background Thread 1 ] DEBUG TilesetLoader        - Writing to buffer: dst=70,210, w=70,h=70, src=0,792
14:14:36.441 [FXGL Background Thread 1 ] DEBUG TilesetLoader        - Writing to buffer: dst=210,210, w=70,h=70, src=0,792
14:14:36.441 [FXGL Background Thread 1 ] DEBUG TilesetLoader        - Writing to buffer: dst=350,210, w=70,h=70, src=0,792
14:14:36.441 [FXGL Background Thread 1 ] DEBUG TilesetLoader        - Writing to buffer: dst=490,210, w=70,h=70, src=0,792
14:14:36.441 [FXGL Background Thread 1 ] DEBUG TilesetLoader        - Writing to buffer: dst=630,210, w=70,h=70, src=0,792
14:14:36.442 [FXGL Background Thread 1 ] DEBUG TilesetLoader        - Writing to buffer: dst=770,210, w=70,h=70, src=0,792
14:14:36.442 [FXGL Background Thread 1 ] DEBUG TilesetLoader        - Writing to buffer: dst=910,210, w=70,h=70, src=0,792
14:14:36.442 [FXGL Background Thread 1 ] DEBUG TilesetLoader        - Writing to buffer: dst=980,210, w=70,h=70, src=0,432
14:14:36.442 [FXGL Background Thread 1 ] DEBUG TilesetLoader        - Writing to buffer: dst=0,280, w=70,h=70, src=0,432
14:14:36.443 [FXGL Background Thread 1 ] DEBUG TilesetLoader        - Writing to buffer: dst=140,280, w=70,h=70, src=504,720
14:14:36.443 [FXGL Background Thread 1 ] DEBUG TilesetLoader        - Writing to buffer: dst=280,280, w=70,h=70, src=504,720
14:14:36.443 [FXGL Background Thread 1 ] DEBUG TilesetLoader        - Writing to buffer: dst=420,280, w=70,h=70, src=504,720
14:14:36.443 [FXGL Background Thread 1 ] DEBUG TilesetLoader        - Writing to buffer: dst=560,280, w=70,h=70, src=504,720
14:14:36.444 [FXGL Background Thread 1 ] DEBUG TilesetLoader        - Writing to buffer: dst=700,280, w=70,h=70, src=504,720
14:14:36.444 [FXGL Background Thread 1 ] DEBUG TilesetLoader        - Writing to buffer: dst=840,280, w=70,h=70, src=504,720
14:14:36.444 [FXGL Background Thread 1 ] DEBUG TilesetLoader        - Writing to buffer: dst=980,280, w=70,h=70, src=0,432
14:14:36.444 [FXGL Background Thread 1 ] DEBUG TilesetLoader        - Writing to buffer: dst=0,350, w=70,h=70, src=0,432
14:14:36.445 [FXGL Background Thread 1 ] DEBUG TilesetLoader        - Writing to buffer: dst=140,350, w=70,h=70, src=504,720
14:14:36.445 [FXGL Background Thread 1 ] DEBUG TilesetLoader        - Writing to buffer: dst=280,350, w=70,h=70, src=504,720
14:14:36.445 [FXGL Background Thread 1 ] DEBUG TilesetLoader        - Writing to buffer: dst=420,350, w=70,h=70, src=504,720
14:14:36.445 [FXGL Background Thread 1 ] DEBUG TilesetLoader        - Writing to buffer: dst=560,350, w=70,h=70, src=504,720
14:14:36.446 [FXGL Background Thread 1 ] DEBUG TilesetLoader        - Writing to buffer: dst=700,350, w=70,h=70, src=504,720
14:14:36.446 [FXGL Background Thread 1 ] DEBUG TilesetLoader        - Writing to buffer: dst=840,350, w=70,h=70, src=504,720
14:14:36.446 [FXGL Background Thread 1 ] DEBUG TilesetLoader        - Writing to buffer: dst=980,350, w=70,h=70, src=0,432
14:14:36.446 [FXGL Background Thread 1 ] DEBUG TilesetLoader        - Writing to buffer: dst=0,420, w=70,h=70, src=0,432
14:14:36.446 [FXGL Background Thread 1 ] DEBUG TilesetLoader        - Writing to buffer: dst=70,420, w=70,h=70, src=0,792
14:14:36.446 [FXGL Background Thread 1 ] DEBUG TilesetLoader        - Writing to buffer: dst=210,420, w=70,h=70, src=0,792
14:14:36.447 [FXGL Background Thread 1 ] DEBUG TilesetLoader        - Writing to buffer: dst=350,420, w=70,h=70, src=0,792
14:14:36.447 [FXGL Background Thread 1 ] DEBUG TilesetLoader        - Writing to buffer: dst=490,420, w=70,h=70, src=0,792
14:14:36.447 [FXGL Background Thread 1 ] DEBUG TilesetLoader        - Writing to buffer: dst=630,420, w=70,h=70, src=0,792
14:14:36.447 [FXGL Background Thread 1 ] DEBUG TilesetLoader        - Writing to buffer: dst=770,420, w=70,h=70, src=0,792
14:14:36.447 [FXGL Background Thread 1 ] DEBUG TilesetLoader        - Writing to buffer: dst=910,420, w=70,h=70, src=0,792
14:14:36.448 [FXGL Background Thread 1 ] DEBUG TilesetLoader        - Writing to buffer: dst=980,420, w=70,h=70, src=0,432
14:14:36.448 [FXGL Background Thread 1 ] DEBUG TilesetLoader        - Writing to buffer: dst=0,490, w=70,h=70, src=0,432
14:14:36.448 [FXGL Background Thread 1 ] DEBUG TilesetLoader        - Writing to buffer: dst=140,490, w=70,h=70, src=504,720
14:14:36.448 [FXGL Background Thread 1 ] DEBUG TilesetLoader        - Writing to buffer: dst=280,490, w=70,h=70, src=504,720
14:14:36.448 [FXGL Background Thread 1 ] DEBUG TilesetLoader        - Writing to buffer: dst=420,490, w=70,h=70, src=504,720
14:14:36.448 [FXGL Background Thread 1 ] DEBUG TilesetLoader        - Writing to buffer: dst=560,490, w=70,h=70, src=504,720
14:14:36.449 [FXGL Background Thread 1 ] DEBUG TilesetLoader        - Writing to buffer: dst=700,490, w=70,h=70, src=504,720
14:14:36.449 [FXGL Background Thread 1 ] DEBUG TilesetLoader        - Writing to buffer: dst=840,490, w=70,h=70, src=504,720
14:14:36.449 [FXGL Background Thread 1 ] DEBUG TilesetLoader        - Writing to buffer: dst=980,490, w=70,h=70, src=0,432
14:14:36.449 [FXGL Background Thread 1 ] DEBUG TilesetLoader        - Writing to buffer: dst=0,560, w=70,h=70, src=0,432
14:14:36.449 [FXGL Background Thread 1 ] DEBUG TilesetLoader        - Writing to buffer: dst=210,560, w=70,h=70, src=0,792
14:14:36.449 [FXGL Background Thread 1 ] DEBUG TilesetLoader        - Writing to buffer: dst=350,560, w=70,h=70, src=0,792
14:14:36.450 [FXGL Background Thread 1 ] DEBUG TilesetLoader        - Writing to buffer: dst=490,560, w=70,h=70, src=0,792
14:14:36.450 [FXGL Background Thread 1 ] DEBUG TilesetLoader        - Writing to buffer: dst=630,560, w=70,h=70, src=0,792
14:14:36.450 [FXGL Background Thread 1 ] DEBUG TilesetLoader        - Writing to buffer: dst=770,560, w=70,h=70, src=0,792
14:14:36.450 [FXGL Background Thread 1 ] DEBUG TilesetLoader        - Writing to buffer: dst=980,560, w=70,h=70, src=0,432
14:14:36.450 [FXGL Background Thread 1 ] DEBUG TilesetLoader        - Writing to buffer: dst=0,630, w=70,h=70, src=0,432
14:14:36.451 [FXGL Background Thread 1 ] DEBUG TilesetLoader        - Writing to buffer: dst=70,630, w=70,h=70, src=0,432
14:14:36.451 [FXGL Background Thread 1 ] DEBUG TilesetLoader        - Writing to buffer: dst=140,630, w=70,h=70, src=0,432
14:14:36.451 [FXGL Background Thread 1 ] DEBUG TilesetLoader        - Writing to buffer: dst=210,630, w=70,h=70, src=0,432
14:14:36.451 [FXGL Background Thread 1 ] DEBUG TilesetLoader        - Writing to buffer: dst=280,630, w=70,h=70, src=0,432
14:14:36.451 [FXGL Background Thread 1 ] DEBUG TilesetLoader        - Writing to buffer: dst=350,630, w=70,h=70, src=0,432
14:14:36.451 [FXGL Background Thread 1 ] DEBUG TilesetLoader        - Writing to buffer: dst=420,630, w=70,h=70, src=0,432
14:14:36.452 [FXGL Background Thread 1 ] DEBUG TilesetLoader        - Writing to buffer: dst=490,630, w=70,h=70, src=0,432
14:14:36.452 [FXGL Background Thread 1 ] DEBUG TilesetLoader        - Writing to buffer: dst=560,630, w=70,h=70, src=0,432
14:14:36.452 [FXGL Background Thread 1 ] DEBUG TilesetLoader        - Writing to buffer: dst=630,630, w=70,h=70, src=0,432
14:14:36.452 [FXGL Background Thread 1 ] DEBUG TilesetLoader        - Writing to buffer: dst=700,630, w=70,h=70, src=0,432
14:14:36.452 [FXGL Background Thread 1 ] DEBUG TilesetLoader        - Writing to buffer: dst=770,630, w=70,h=70, src=0,432
14:14:36.452 [FXGL Background Thread 1 ] DEBUG TilesetLoader        - Writing to buffer: dst=840,630, w=70,h=70, src=0,432
14:14:36.452 [FXGL Background Thread 1 ] DEBUG TilesetLoader        - Writing to buffer: dst=910,630, w=70,h=70, src=0,432
14:14:36.453 [FXGL Background Thread 1 ] DEBUG TilesetLoader        - Writing to buffer: dst=980,630, w=70,h=70, src=0,432
14:14:36.454 [FXGL Background Thread 1 ] DEBUG TMXLevelLoader       - Creating object layer entities
14:14:36.466 [FXGL Background Thread 1 ] DEBUG GameWorld            - Clearing removable entities
14:14:36.466 [FXGL Background Thread 1 ] DEBUG GameWorld            - Setting level: com.almasb.fxgl.entity.level.Level@5061dca0
14:14:36.474 [FXGL Background Thread 1 ] WARN  FXGLAssetLoaderServi - Asset "/assets/textures/player_idle_ .png" was not found!
14:14:36.474 [FXGL Background Thread 1 ] WARN  FXGLAssetLoaderServi - Failed to load IMAGE
14:14:36.507 [FXGL Background Thread 1 ] INFO  FXGLApplication      - Game initialization took: 0,156 sec
14:14:36.508 [JavaFX Application Thread] DEBUG Input                - Clearing active input actions
14:14:36.514 [JavaFX Application Thread] DEBUG GameApplicationServi - Removing overlay from FXGLLoadingScene and adding to GameScene
14:14:36.515 [JavaFX Application Thread] DEBUG PrimaryStageWindow   - FXGLLoadingScene -> GameScene
14:14:36.633 [FXGL Background Thread 2 ] INFO  UpdaterService       - Your current version:  11.14
14:14:36.633 [FXGL Background Thread 2 ] INFO  UpdaterService       - Latest stable version: 17.1
14:14:39.289 [FXGL Background Thread 3 ] DEBUG Engine               - Logging environment variables
14:14:39.290 [FXGL Background Thread 3 ] DEBUG Engine               - achievements: []
14:14:39.291 [FXGL Background Thread 3 ] DEBUG Engine               - actualHeight: 700.0
14:14:39.292 [FXGL Background Thread 3 ] DEBUG Engine               - actualHeightProperty: ReadOnlyDoubleProperty [value: 700.0]
14:14:39.293 [FXGL Background Thread 3 ] DEBUG Engine               - actualWidth: 1050.0
14:14:39.294 [FXGL Background Thread 3 ] DEBUG Engine               - actualWidthProperty: ReadOnlyDoubleProperty [value: 1050.0]
14:14:39.294 [FXGL Background Thread 3 ] DEBUG Engine               - appIcon: fxgl_icon.png
14:14:39.294 [FXGL Background Thread 3 ] DEBUG Engine               - applicationMode: DEVELOPER
14:14:39.295 [FXGL Background Thread 3 ] DEBUG Engine               - cSSList: [fxgl_dark.css]
14:14:39.295 [FXGL Background Thread 3 ] DEBUG Engine               - collisionDetectionStrategy: BRUTE_FORCE
14:14:39.296 [FXGL Background Thread 3 ] DEBUG Engine               - configClass: Optional.empty
14:14:39.296 [FXGL Background Thread 3 ] DEBUG Engine               - credits: []
14:14:39.297 [FXGL Background Thread 3 ] DEBUG Engine               - devBBoxColorProperty: ObjectProperty [value: 0xff0000ff]
14:14:39.298 [FXGL Background Thread 3 ] DEBUG Engine               - devEnableDebugCameraProperty: BooleanProperty [value: false]
14:14:39.299 [FXGL Background Thread 3 ] DEBUG Engine               - devSensorColorProperty: ObjectProperty [value: 0xffff00ff]
14:14:39.299 [FXGL Background Thread 3 ] DEBUG Engine               - devShowBBoxProperty: BooleanProperty [value: false]
14:14:39.300 [FXGL Background Thread 3 ] DEBUG Engine               - devShowPositionProperty: BooleanProperty [value: false]
14:14:39.301 [FXGL Background Thread 3 ] DEBUG Engine               - enabledMenuItems: []
14:14:39.301 [FXGL Background Thread 3 ] DEBUG Engine               - engineServices: [class com.almasb.fxgl.app.services.FXGLAssetLoaderService, class com.almasb.fxgl.app.FXGLApplication$GameApplicationService, class com.almasb.fxgl.app.services.FXGLDialogService, class com.almasb.fxgl.app.services.IOTaskExecutorService, class com.almasb.fxgl.event.EventBusService, class com.almasb.fxgl.io.FileSystemService, class com.almasb.fxgl.localization.LocalizationService, class com.almasb.fxgl.app.services.SystemBundleService, class com.almasb.fxgl.profile.SaveLoadService, class com.almasb.fxgl.ui.FXGLUIFactoryServiceProvider, class com.almasb.fxgl.ui.FXGLDialogFactoryServiceProvider, class com.almasb.fxgl.audio.AudioPlayer, class com.almasb.fxgl.notification.impl.NotificationServiceProvider, class com.almasb.fxgl.achievement.AchievementService, class com.almasb.fxgl.cutscene.CutsceneService, class com.almasb.fxgl.minigames.MiniGameService, class com.almasb.fxgl.net.NetService, class com.almasb.fxgl.app.services.UpdaterService, class com.almasb.fxgl.dev.DevService]
14:14:39.302 [FXGL Background Thread 3 ] DEBUG Engine               - fontGame: Abel-Regular.ttf
14:14:39.302 [FXGL Background Thread 3 ] DEBUG Engine               - fontMono: lucida_console.ttf
14:14:39.303 [FXGL Background Thread 3 ] DEBUG Engine               - fontText: Courier-Prime.ttf
14:14:39.303 [FXGL Background Thread 3 ] DEBUG Engine               - fontUI: VarelaRound-Regular.ttf
14:14:39.304 [FXGL Background Thread 3 ] DEBUG Engine               - fullScreen: BooleanProperty [value: false]
14:14:39.304 [FXGL Background Thread 3 ] DEBUG Engine               - gameDifficulty: MEDIUM
14:14:39.304 [FXGL Background Thread 3 ] DEBUG Engine               - gameDifficultyProperty: ObjectProperty [value: MEDIUM]
14:14:39.305 [FXGL Background Thread 3 ] DEBUG Engine               - globalMusicVolume: 0.5
14:14:39.305 [FXGL Background Thread 3 ] DEBUG Engine               - globalMusicVolumeProperty: DoubleProperty [value: 0.5]
14:14:39.306 [FXGL Background Thread 3 ] DEBUG Engine               - globalSoundVolume: 0.5
14:14:39.307 [FXGL Background Thread 3 ] DEBUG Engine               - globalSoundVolumeProperty: DoubleProperty [value: 0.5]
14:14:39.307 [FXGL Background Thread 3 ] DEBUG Engine               - height: 700
14:14:39.308 [FXGL Background Thread 3 ] DEBUG Engine               - isAndroid: false
14:14:39.309 [FXGL Background Thread 3 ] DEBUG Engine               - isBrowser: false
14:14:39.310 [FXGL Background Thread 3 ] DEBUG Engine               - isClickFeedbackEnabled: false
14:14:39.310 [FXGL Background Thread 3 ] DEBUG Engine               - isCloseConfirmation: false
14:14:39.311 [FXGL Background Thread 3 ] DEBUG Engine               - isDesktop: true
14:14:39.311 [FXGL Background Thread 3 ] DEBUG Engine               - isDeveloperMenuEnabled: false
14:14:39.312 [FXGL Background Thread 3 ] DEBUG Engine               - isEntityPreloadEnabled: true
14:14:39.312 [FXGL Background Thread 3 ] DEBUG Engine               - isExperimental3D: false
14:14:39.312 [FXGL Background Thread 3 ] DEBUG Engine               - isExperimentalNative: false
14:14:39.313 [FXGL Background Thread 3 ] DEBUG Engine               - isExperimentalTiledLargeMap: false
14:14:39.313 [FXGL Background Thread 3 ] DEBUG Engine               - isFileSystemWriteAllowed: true
14:14:39.314 [FXGL Background Thread 3 ] DEBUG Engine               - isFullScreenAllowed: false
14:14:39.314 [FXGL Background Thread 3 ] DEBUG Engine               - isFullScreenFromStart: false
14:14:39.315 [FXGL Background Thread 3 ] DEBUG Engine               - isGameMenuEnabled: true
14:14:39.315 [FXGL Background Thread 3 ] DEBUG Engine               - isIOS: false
14:14:39.315 [FXGL Background Thread 3 ] DEBUG Engine               - isIntroEnabled: false
14:14:39.316 [FXGL Background Thread 3 ] DEBUG Engine               - isLinux: false
14:14:39.317 [FXGL Background Thread 3 ] DEBUG Engine               - isMac: false
14:14:39.317 [FXGL Background Thread 3 ] DEBUG Engine               - isMainMenuEnabled: false
14:14:39.318 [FXGL Background Thread 3 ] DEBUG Engine               - isManualResizeEnabled: false
14:14:39.318 [FXGL Background Thread 3 ] DEBUG Engine               - isMobile: false
14:14:39.319 [FXGL Background Thread 3 ] DEBUG Engine               - isPreserveResizeRatio: false
14:14:39.319 [FXGL Background Thread 3 ] DEBUG Engine               - isProfilingEnabled: false
14:14:39.319 [FXGL Background Thread 3 ] DEBUG Engine               - isScaleAffectedOnResize: true
14:14:39.320 [FXGL Background Thread 3 ] DEBUG Engine               - isSingleStep: false
14:14:39.320 [FXGL Background Thread 3 ] DEBUG Engine               - isUserProfileEnabled: false
14:14:39.321 [FXGL Background Thread 3 ] DEBUG Engine               - isWindows: true
14:14:39.321 [FXGL Background Thread 3 ] DEBUG Engine               - language: ObjectProperty [value: ENGLISH]
14:14:39.322 [FXGL Background Thread 3 ] DEBUG Engine               - menuKey: ESCAPE
14:14:39.322 [FXGL Background Thread 3 ] DEBUG Engine               - notificationViewClass: class com.almasb.fxgl.notification.view.XboxNotificationView
14:14:39.323 [FXGL Background Thread 3 ] DEBUG Engine               - pixelsPerMeter: 50.0
14:14:39.323 [FXGL Background Thread 3 ] DEBUG Engine               - platform: WINDOWS
14:14:39.323 [FXGL Background Thread 3 ] DEBUG Engine               - prefHeightProperty: ReadOnlyDoubleProperty [value: 700.0]
14:14:39.324 [FXGL Background Thread 3 ] DEBUG Engine               - prefWidthProperty: ReadOnlyDoubleProperty [value: 1050.0]
14:14:39.325 [FXGL Background Thread 3 ] DEBUG Engine               - profileDir: profiles/
14:14:39.325 [FXGL Background Thread 3 ] DEBUG Engine               - profileName: StringProperty [value: DEFAULT]
14:14:39.326 [FXGL Background Thread 3 ] DEBUG Engine               - randomSeed: -1
14:14:39.326 [FXGL Background Thread 3 ] DEBUG Engine               - runtimeInfo: RuntimeInfo(platform=WINDOWS, version=11.14, build=01.03.2021 16.59)
14:14:39.327 [FXGL Background Thread 3 ] DEBUG Engine               - saveFileExt: sav
14:14:39.327 [FXGL Background Thread 3 ] DEBUG Engine               - scaledHeightProp$fxgl: DoubleProperty [bound, value: 700.0]
14:14:39.328 [FXGL Background Thread 3 ] DEBUG Engine               - scaledWidthProp$fxgl: DoubleProperty [bound, value: 1050.0]
14:14:39.328 [FXGL Background Thread 3 ] DEBUG Engine               - sceneFactory: com.almasb.fxgl.app.scene.SceneFactory@5883c896
14:14:39.328 [FXGL Background Thread 3 ] DEBUG Engine               - secondsIn24h: 60
14:14:39.329 [FXGL Background Thread 3 ] DEBUG Engine               - soundMenuBack: menu/back.wav
14:14:39.329 [FXGL Background Thread 3 ] DEBUG Engine               - soundMenuPress: menu/press.wav
14:14:39.329 [FXGL Background Thread 3 ] DEBUG Engine               - soundMenuSelect: menu/select.wav
14:14:39.330 [FXGL Background Thread 3 ] DEBUG Engine               - soundNotification: core/notification.wav
14:14:39.330 [FXGL Background Thread 3 ] DEBUG Engine               - stageStyle: DECORATED
14:14:39.331 [FXGL Background Thread 3 ] DEBUG Engine               - supportedLanguages: [ENGLISH, FRENCH, GERMAN, HUNGARIAN, RUSSIAN]
14:14:39.332 [FXGL Background Thread 3 ] DEBUG Engine               - ticksPerSecond: -1
14:14:39.332 [FXGL Background Thread 3 ] DEBUG Engine               - title: Untitled
14:14:39.333 [FXGL Background Thread 3 ] DEBUG Engine               - urlGithub: https://github.com/AlmasB/FXGL
14:14:39.333 [FXGL Background Thread 3 ] DEBUG Engine               - urlLeaderboard: http://fxgl-top.herokuapp.com/
14:14:39.333 [FXGL Background Thread 3 ] DEBUG Engine               - urlPOM: https://raw.githubusercontent.com/AlmasB/FXGL/release/README.md
14:14:39.334 [FXGL Background Thread 3 ] DEBUG Engine               - userAppClass: class Game
14:14:39.334 [FXGL Background Thread 3 ] DEBUG Engine               - version: 0.0
14:14:39.334 [FXGL Background Thread 3 ] DEBUG Engine               - versionCheckDays: 7
14:14:39.334 [FXGL Background Thread 3 ] DEBUG Engine               - width: 1050
14:14:39.334 [FXGL Background Thread 3 ] DEBUG Engine               - Logging services
14:14:39.335 [FXGL Background Thread 3 ] DEBUG Engine               - class com.almasb.fxgl.app.services.FXGLAssetLoaderService
14:14:39.335 [FXGL Background Thread 3 ] DEBUG Engine               - class com.almasb.fxgl.app.FXGLApplication$GameApplicationService
14:14:39.335 [FXGL Background Thread 3 ] DEBUG Engine               - class com.almasb.fxgl.app.services.FXGLDialogService
14:14:39.336 [FXGL Background Thread 3 ] DEBUG Engine               - class com.almasb.fxgl.app.services.IOTaskExecutorService
14:14:39.336 [FXGL Background Thread 3 ] DEBUG Engine               - class com.almasb.fxgl.event.EventBusService
14:14:39.337 [FXGL Background Thread 3 ] DEBUG Engine               - class com.almasb.fxgl.io.FileSystemService
14:14:39.338 [FXGL Background Thread 3 ] DEBUG Engine               - class com.almasb.fxgl.localization.LocalizationService
14:14:39.338 [FXGL Background Thread 3 ] DEBUG Engine               - class com.almasb.fxgl.app.services.SystemBundleService
14:14:39.338 [FXGL Background Thread 3 ] DEBUG Engine               - class com.almasb.fxgl.profile.SaveLoadService
14:14:39.339 [FXGL Background Thread 3 ] DEBUG Engine               - class com.almasb.fxgl.ui.FXGLUIFactoryServiceProvider
14:14:39.339 [FXGL Background Thread 3 ] DEBUG Engine               - class com.almasb.fxgl.ui.FXGLDialogFactoryServiceProvider
14:14:39.339 [FXGL Background Thread 3 ] DEBUG Engine               - class com.almasb.fxgl.audio.AudioPlayer
14:14:39.341 [FXGL Background Thread 3 ] DEBUG Engine               - class com.almasb.fxgl.notification.impl.NotificationServiceProvider
14:14:39.341 [FXGL Background Thread 3 ] DEBUG Engine               - class com.almasb.fxgl.achievement.AchievementService
14:14:39.341 [FXGL Background Thread 3 ] DEBUG Engine               - class com.almasb.fxgl.cutscene.CutsceneService
14:14:39.341 [FXGL Background Thread 3 ] DEBUG Engine               - class com.almasb.fxgl.minigames.MiniGameService
14:14:39.341 [FXGL Background Thread 3 ] DEBUG Engine               - class com.almasb.fxgl.net.NetService
14:14:39.342 [FXGL Background Thread 3 ] DEBUG Engine               - class com.almasb.fxgl.app.services.UpdaterService
14:14:39.342 [FXGL Background Thread 3 ] DEBUG Engine               - class com.almasb.fxgl.dev.DevService
14:14:47.802 [JavaFX Application Thread] DEBUG FXGLApplication      - Exiting FXGL
14:14:47.802 [JavaFX Application Thread] DEBUG LoopRunner           - Stopping loop
14:14:47.803 [JavaFX Application Thread] DEBUG SystemBundleService  - Saving FXGL system data
14:14:47.808 [JavaFX Application Thread] DEBUG FileSystemAccess     - Writing to: C:\Users\stanm\Documents\SE-Challengeweek\system\fxgl.bundle
14:14:47.812 [JavaFX Application Thread] DEBUG Async                - Shutting down background threads
14:14:47.813 [JavaFX Application Thread] DEBUG PrimaryStageWindow   - Closing main window
14:14:47.825 [JavaFX Application Thread] DEBUG Logger               - Closing Logger
