16:56:39.560 [main                     ] DEBUG Logger               - Configured Logger
16:56:39.600 [main                     ] DEBUG GameApplication      - Logging settings
Title: Bomberman SE
Version: 1.0
Width: 1920
Height: 1080
Fullscreen: false
Intro: false
Profiling: false
Single step:false
App Mode: DEVELOPER
Menu Key: ESCAPE
Stage Style: DECORATED
Scene Factory: class com.almasb.fxgl.app.scene.SceneFactory

16:56:40.485 [JavaFX Application Thread] DEBUG FXGLApplication      - Initializing FXGL
16:56:40.498 [JavaFX Application Thread] INFO  Engine               - FXGL-11.14 (01.03.2021 16.59) on WINDOWS (J:15.0.2 FX:15)
16:56:40.499 [JavaFX Application Thread] DEBUG Engine               - JRE Vendor Name: Amazon.com Inc.
16:56:40.500 [JavaFX Application Thread] DEBUG Engine               - Running on OS: Windows 10 version 10.0
16:56:40.501 [JavaFX Application Thread] DEBUG Engine               - Architecture: amd64
16:56:40.502 [JavaFX Application Thread] INFO  Engine               - Source code and latest versions at: https://github.com/AlmasB/FXGL
16:56:40.503 [JavaFX Application Thread] INFO  Engine               -              Join the FXGL chat at: https://gitter.im/AlmasB/FXGL
16:56:40.799 [JavaFX Application Thread] DEBUG PrimaryStageWindow   - Creating a JavaFX scene
16:56:40.800 [JavaFX Application Thread] DEBUG PrimaryStageWindow   - Target size > screen size
16:56:40.923 [JavaFX Application Thread] DEBUG PrimaryStageWindow   - Target settings size: 1920.0 x 1080.0
16:56:40.924 [JavaFX Application Thread] DEBUG PrimaryStageWindow   - Scaled scene size:    1823.0 x 1039.0
16:56:40.925 [JavaFX Application Thread] DEBUG PrimaryStageWindow   - Scaled ratio: (0.9494791666666667, 0.962037037037037)
16:56:40.928 [JavaFX Application Thread] DEBUG PrimaryStageWindow   - Set initial scene to FXGLStartupScene
16:56:40.946 [JavaFX Application Thread] DEBUG PrimaryStageWindow   - Opening main window
16:56:41.131 [JavaFX Application Thread] DEBUG PrimaryStageWindow   - Window border size: (16.0, 39.0)
16:56:41.132 [JavaFX Application Thread] DEBUG PrimaryStageWindow   - Scaled size: 1823.0 x 1039.0
16:56:41.133 [JavaFX Application Thread] DEBUG PrimaryStageWindow   - Scaled ratio: (0.9494791666666667, 0.962037037037037)
16:56:41.133 [JavaFX Application Thread] DEBUG PrimaryStageWindow   - Scene size: 1823.0 x 1039.0
16:56:41.134 [JavaFX Application Thread] DEBUG PrimaryStageWindow   - Stage size: 1839.0 x 1078.0
16:56:41.151 [FXGL Background Thread 1 ] DEBUG Engine               - Initializing environment variables
16:56:41.273 [FXGL Background Thread 1 ] DEBUG FXGLAssetLoaderServi - User app class for loading assets: class Game
16:56:41.273 [FXGL Background Thread 1 ] DEBUG GameApplicationServi - Applying CSS: fxgl_dark.css
16:56:41.276 [FXGL Background Thread 1 ] DEBUG FXGLAssetLoaderServi - Loading from file system: jar:file:/C:/Users/0705s/.m2/repository/com/github/almasb/fxgl/11.14/fxgl-11.14.jar!/fxglassets/ui/css/fxgl_dark.css
16:56:41.415 [FXGL Background Thread 1 ] DEBUG GameApplicationServi - Initializing application scenes
16:56:41.490 [FXGL Background Thread 1 ] DEBUG GameWorld            - Game world initialized
16:56:41.667 [FXGL Background Thread 1 ] DEBUG PhysicsWorld         - Physics world initialized: appHeight=1080, physics.ppm=50,0
16:56:41.668 [FXGL Background Thread 1 ] DEBUG PhysicsWorld         - Using strategy: BRUTE_FORCE
16:56:41.673 [FXGL Background Thread 1 ] DEBUG GameScene            - Game scene initialized: 1920x1080
16:56:41.747 [FXGL Background Thread 1 ] DEBUG FXGLAssetLoaderServi - Loading from file system: jar:file:/C:/Users/0705s/.m2/repository/com/github/almasb/fxgl/11.14/fxgl-11.14.jar!/fxglassets/textures/particles/trace_horizontal.png
16:56:41.859 [FXGL Background Thread 1 ] DEBUG FXGL.DefaultMenu     - createMenuBodyGameMenu()
16:56:41.887 [FXGL Background Thread 1 ] DEBUG FXGL.DefaultMenu     - createOptionsMenu()
16:56:41.896 [FXGL Background Thread 1 ] DEBUG FXGLAssetLoaderServi - Loading from file system: jar:file:/C:/Users/0705s/.m2/repository/com/github/almasb/fxgl/11.14/fxgl-11.14.jar!/fxglassets/textures/particles/smoke.png
16:56:42.017 [FXGL Background Thread 1 ] DEBUG GameApplicationServi - Application scenes initialized
16:56:42.043 [FXGL Background Thread 1 ] DEBUG SystemBundleService  - Loading FXGL system data
16:56:42.052 [FXGL Background Thread 1 ] DEBUG FileSystemAccess     - Reading from: C:\Users\0705s\OneDrive - Hogeschool Leiden\IOOA\SE-Bomberman\system\fxgl.bundle
16:56:42.067 [FXGL Background Thread 1 ] DEBUG SystemBundleService  - Bundle FXGL: {}
16:56:42.068 [FXGL Background Thread 1 ] DEBUG UpdaterService       - Checking for updates
16:56:42.077 [FXGL Background Thread 4 ] DEBUG FXGLApplication      - Loading fonts
16:56:42.078 [FXGL Background Thread 1 ] DEBUG FXGLApplication      - Loading default localization
16:56:42.078 [FXGL Background Thread 4 ] DEBUG FXGLAssetLoaderServi - Loading from file system: jar:file:/C:/Users/0705s/.m2/repository/com/github/almasb/fxgl/11.14/fxgl-11.14.jar!/fxglassets/ui/fonts/VarelaRound-Regular.ttf
16:56:42.080 [FXGL Background Thread 1 ] DEBUG FXGLAssetLoaderServi - Loading from file system: jar:file:/C:/Users/0705s/.m2/repository/com/github/almasb/fxgl/11.14/fxgl-11.14.jar!/fxglassets/languages/english.lang
16:56:42.117 [FXGL Background Thread 1 ] INFO  FXGLApplication      - FXGL initialization took: 0,966 sec
16:56:42.142 [JavaFX Application Thread] DEBUG Input                - Registered new binding: action0 - D
16:56:42.143 [JavaFX Application Thread] DEBUG Input                - Registered new binding: action1 - A
16:56:42.144 [JavaFX Application Thread] DEBUG Input                - Registered new binding: action2 - W
16:56:42.145 [JavaFX Application Thread] DEBUG Input                - Registered new binding: action3 - S
16:56:42.147 [JavaFX Application Thread] DEBUG FXGLAssetLoaderServi - Loading from file system: jar:file:/C:/Users/0705s/.m2/repository/com/github/almasb/fxgl/11.14/fxgl-11.14.jar!/fxglassets/textures/fxgl_icon.png
16:56:42.194 [JavaFX Application Thread] DEBUG FXGLAssetLoaderServi - Loading from file system: jar:file:/C:/Users/0705s/.m2/repository/com/github/almasb/fxgl/11.14/fxgl-11.14.jar!/fxglassets/ui/cursors/fxgl_default.png
16:56:42.200 [JavaFX Application Thread] DEBUG Input                - Registered new binding: Screenshot - P
16:56:42.202 [JavaFX Application Thread] DEBUG Input                - Registered new binding: System info dump - CTRL+9
16:56:42.203 [JavaFX Application Thread] DEBUG Input                - Registered new binding: Restart - CTRL+R
16:56:42.206 [JavaFX Application Thread] DEBUG Input                - Registered new binding: Toggle Debug Camera - CTRL+C
16:56:42.213 [JavaFX Application Thread] DEBUG LoopRunner           - Starting loop
16:56:42.214 [JavaFX Application Thread] DEBUG LoopRunner           - Initializing JavaFX AnimationTimerLoop
16:56:42.218 [JavaFX Application Thread] DEBUG GameApplicationServi - Starting new game
16:56:42.219 [JavaFX Application Thread] DEBUG Input                - Clearing active input actions
16:56:42.224 [FXGL Background Thread 4 ] DEBUG FXGLAssetLoaderServi - Loading from file system: jar:file:/C:/Users/0705s/.m2/repository/com/github/almasb/fxgl/11.14/fxgl-11.14.jar!/fxglassets/ui/fonts/Abel-Regular.ttf
16:56:42.234 [FXGL Background Thread 4 ] DEBUG FXGLAssetLoaderServi - Loading from file system: jar:file:/C:/Users/0705s/.m2/repository/com/github/almasb/fxgl/11.14/fxgl-11.14.jar!/fxglassets/ui/fonts/lucida_console.ttf
16:56:42.246 [FXGL Background Thread 4 ] DEBUG FXGLAssetLoaderServi - Loading from file system: jar:file:/C:/Users/0705s/.m2/repository/com/github/almasb/fxgl/11.14/fxgl-11.14.jar!/fxglassets/ui/fonts/Courier-Prime.ttf
16:56:42.254 [JavaFX Application Thread] DEBUG GameApplicationServi - Removing overlay from FXGLStartupScene and adding to FXGLLoadingScene
16:56:42.256 [JavaFX Application Thread] DEBUG PrimaryStageWindow   - FXGLStartupScene -> FXGLLoadingScene
16:56:42.257 [JavaFX Application Thread] DEBUG GameApplicationServi - Clearing previous game
16:56:42.257 [JavaFX Application Thread] DEBUG GameScene            - Clearing game scene
16:56:42.258 [JavaFX Application Thread] DEBUG GameWorld            - Clearing game world
16:56:42.259 [JavaFX Application Thread] DEBUG PhysicsWorld         - Clearing physics world
16:56:42.263 [FXGL Background Thread 4 ] DEBUG FXGLApplication      - Initializing game
16:56:42.269 [FXGL Background Thread 4 ] DEBUG FXGLAssetLoaderServi - Loading from file system: file:/C:/Users/0705s/OneDrive%20-%20Hogeschool%20Leiden/IOOA/SE-Bomberman/target/classes/assets/textures/sprite.png
16:56:42.359 [JavaFX Application Thread] DEBUG FXGLApplication      - Registering font factories with UI factory
16:56:42.547 [FXGL Background Thread 4 ] INFO  FXGLApplication      - Game initialization took: 0,284 sec
16:56:42.567 [JavaFX Application Thread] DEBUG Input                - Clearing active input actions
16:56:42.596 [JavaFX Application Thread] DEBUG GameApplicationServi - Removing overlay from FXGLLoadingScene and adding to GameScene
16:56:42.597 [JavaFX Application Thread] DEBUG PrimaryStageWindow   - FXGLLoadingScene -> GameScene
16:56:43.202 [FXGL Background Thread 2 ] INFO  UpdaterService       - Your current version:  11.14
16:56:43.204 [FXGL Background Thread 2 ] INFO  UpdaterService       - Latest stable version: 17.1
16:56:45.076 [FXGL Background Thread 3 ] DEBUG Engine               - Logging environment variables
16:56:45.077 [FXGL Background Thread 3 ] DEBUG Engine               - achievements: []
16:56:45.078 [FXGL Background Thread 3 ] DEBUG Engine               - actualHeight: 1039.0
16:56:45.079 [FXGL Background Thread 3 ] DEBUG Engine               - actualHeightProperty: ReadOnlyDoubleProperty [value: 1039.0]
16:56:45.080 [FXGL Background Thread 3 ] DEBUG Engine               - actualWidth: 1823.0
16:56:45.081 [FXGL Background Thread 3 ] DEBUG Engine               - actualWidthProperty: ReadOnlyDoubleProperty [value: 1823.0]
16:56:45.082 [FXGL Background Thread 3 ] DEBUG Engine               - appIcon: fxgl_icon.png
16:56:45.083 [FXGL Background Thread 3 ] DEBUG Engine               - applicationMode: DEVELOPER
16:56:45.085 [FXGL Background Thread 3 ] DEBUG Engine               - cSSList: [fxgl_dark.css]
16:56:45.086 [FXGL Background Thread 3 ] DEBUG Engine               - collisionDetectionStrategy: BRUTE_FORCE
16:56:45.087 [FXGL Background Thread 3 ] DEBUG Engine               - configClass: Optional.empty
16:56:45.088 [FXGL Background Thread 3 ] DEBUG Engine               - credits: []
16:56:45.089 [FXGL Background Thread 3 ] DEBUG Engine               - devBBoxColorProperty: ObjectProperty [value: 0xff0000ff]
16:56:45.090 [FXGL Background Thread 3 ] DEBUG Engine               - devEnableDebugCameraProperty: BooleanProperty [value: false]
16:56:45.092 [FXGL Background Thread 3 ] DEBUG Engine               - devSensorColorProperty: ObjectProperty [value: 0xffff00ff]
16:56:45.092 [FXGL Background Thread 3 ] DEBUG Engine               - devShowBBoxProperty: BooleanProperty [value: false]
16:56:45.093 [FXGL Background Thread 3 ] DEBUG Engine               - devShowPositionProperty: BooleanProperty [value: false]
16:56:45.093 [FXGL Background Thread 3 ] DEBUG Engine               - enabledMenuItems: []
16:56:45.094 [FXGL Background Thread 3 ] DEBUG Engine               - engineServices: [class com.almasb.fxgl.app.services.FXGLAssetLoaderService, class com.almasb.fxgl.app.FXGLApplication$GameApplicationService, class com.almasb.fxgl.app.services.FXGLDialogService, class com.almasb.fxgl.app.services.IOTaskExecutorService, class com.almasb.fxgl.event.EventBusService, class com.almasb.fxgl.io.FileSystemService, class com.almasb.fxgl.localization.LocalizationService, class com.almasb.fxgl.app.services.SystemBundleService, class com.almasb.fxgl.profile.SaveLoadService, class com.almasb.fxgl.ui.FXGLUIFactoryServiceProvider, class com.almasb.fxgl.ui.FXGLDialogFactoryServiceProvider, class com.almasb.fxgl.audio.AudioPlayer, class com.almasb.fxgl.notification.impl.NotificationServiceProvider, class com.almasb.fxgl.achievement.AchievementService, class com.almasb.fxgl.cutscene.CutsceneService, class com.almasb.fxgl.minigames.MiniGameService, class com.almasb.fxgl.net.NetService, class com.almasb.fxgl.app.services.UpdaterService, class com.almasb.fxgl.dev.DevService]
16:56:45.095 [FXGL Background Thread 3 ] DEBUG Engine               - fontGame: Abel-Regular.ttf
16:56:45.095 [FXGL Background Thread 3 ] DEBUG Engine               - fontMono: lucida_console.ttf
16:56:45.096 [FXGL Background Thread 3 ] DEBUG Engine               - fontText: Courier-Prime.ttf
16:56:45.097 [FXGL Background Thread 3 ] DEBUG Engine               - fontUI: VarelaRound-Regular.ttf
16:56:45.097 [FXGL Background Thread 3 ] DEBUG Engine               - fullScreen: BooleanProperty [value: false]
16:56:45.098 [FXGL Background Thread 3 ] DEBUG Engine               - gameDifficulty: MEDIUM
16:56:45.098 [FXGL Background Thread 3 ] DEBUG Engine               - gameDifficultyProperty: ObjectProperty [value: MEDIUM]
16:56:45.099 [FXGL Background Thread 3 ] DEBUG Engine               - globalMusicVolume: 0.5
16:56:45.099 [FXGL Background Thread 3 ] DEBUG Engine               - globalMusicVolumeProperty: DoubleProperty [value: 0.5]
16:56:45.100 [FXGL Background Thread 3 ] DEBUG Engine               - globalSoundVolume: 0.5
16:56:45.100 [FXGL Background Thread 3 ] DEBUG Engine               - globalSoundVolumeProperty: DoubleProperty [value: 0.5]
16:56:45.101 [FXGL Background Thread 3 ] DEBUG Engine               - height: 1080
16:56:45.101 [FXGL Background Thread 3 ] DEBUG Engine               - isAndroid: false
16:56:45.102 [FXGL Background Thread 3 ] DEBUG Engine               - isBrowser: false
16:56:45.103 [FXGL Background Thread 3 ] DEBUG Engine               - isClickFeedbackEnabled: false
16:56:45.103 [FXGL Background Thread 3 ] DEBUG Engine               - isCloseConfirmation: false
16:56:45.104 [FXGL Background Thread 3 ] DEBUG Engine               - isDesktop: true
16:56:45.105 [FXGL Background Thread 3 ] DEBUG Engine               - isDeveloperMenuEnabled: false
16:56:45.105 [FXGL Background Thread 3 ] DEBUG Engine               - isEntityPreloadEnabled: true
16:56:45.105 [FXGL Background Thread 3 ] DEBUG Engine               - isExperimental3D: false
16:56:45.106 [FXGL Background Thread 3 ] DEBUG Engine               - isExperimentalNative: false
16:56:45.106 [FXGL Background Thread 3 ] DEBUG Engine               - isExperimentalTiledLargeMap: false
16:56:45.107 [FXGL Background Thread 3 ] DEBUG Engine               - isFileSystemWriteAllowed: true
16:56:45.107 [FXGL Background Thread 3 ] DEBUG Engine               - isFullScreenAllowed: false
16:56:45.107 [FXGL Background Thread 3 ] DEBUG Engine               - isFullScreenFromStart: false
16:56:45.108 [FXGL Background Thread 3 ] DEBUG Engine               - isGameMenuEnabled: true
16:56:45.109 [FXGL Background Thread 3 ] DEBUG Engine               - isIOS: false
16:56:45.109 [FXGL Background Thread 3 ] DEBUG Engine               - isIntroEnabled: false
16:56:45.110 [FXGL Background Thread 3 ] DEBUG Engine               - isLinux: false
16:56:45.110 [FXGL Background Thread 3 ] DEBUG Engine               - isMac: false
16:56:45.111 [FXGL Background Thread 3 ] DEBUG Engine               - isMainMenuEnabled: false
16:56:45.112 [FXGL Background Thread 3 ] DEBUG Engine               - isManualResizeEnabled: false
16:56:45.112 [FXGL Background Thread 3 ] DEBUG Engine               - isMobile: false
16:56:45.113 [FXGL Background Thread 3 ] DEBUG Engine               - isPreserveResizeRatio: false
16:56:45.113 [FXGL Background Thread 3 ] DEBUG Engine               - isProfilingEnabled: false
16:56:45.113 [FXGL Background Thread 3 ] DEBUG Engine               - isScaleAffectedOnResize: true
16:56:45.114 [FXGL Background Thread 3 ] DEBUG Engine               - isSingleStep: false
16:56:45.114 [FXGL Background Thread 3 ] DEBUG Engine               - isUserProfileEnabled: false
16:56:45.114 [FXGL Background Thread 3 ] DEBUG Engine               - isWindows: true
16:56:45.115 [FXGL Background Thread 3 ] DEBUG Engine               - language: ObjectProperty [value: ENGLISH]
16:56:45.115 [FXGL Background Thread 3 ] DEBUG Engine               - menuKey: ESCAPE
16:56:45.116 [FXGL Background Thread 3 ] DEBUG Engine               - notificationViewClass: class com.almasb.fxgl.notification.view.XboxNotificationView
16:56:45.116 [FXGL Background Thread 3 ] DEBUG Engine               - pixelsPerMeter: 50.0
16:56:45.117 [FXGL Background Thread 3 ] DEBUG Engine               - platform: WINDOWS
16:56:45.117 [FXGL Background Thread 3 ] DEBUG Engine               - prefHeightProperty: ReadOnlyDoubleProperty [value: 1080.0]
16:56:45.118 [FXGL Background Thread 3 ] DEBUG Engine               - prefWidthProperty: ReadOnlyDoubleProperty [value: 1920.0]
16:56:45.118 [FXGL Background Thread 3 ] DEBUG Engine               - profileDir: profiles/
16:56:45.119 [FXGL Background Thread 3 ] DEBUG Engine               - profileName: StringProperty [value: DEFAULT]
16:56:45.120 [FXGL Background Thread 3 ] DEBUG Engine               - randomSeed: -1
16:56:45.120 [FXGL Background Thread 3 ] DEBUG Engine               - runtimeInfo: RuntimeInfo(platform=WINDOWS, version=11.14, build=01.03.2021 16.59)
16:56:45.121 [FXGL Background Thread 3 ] DEBUG Engine               - saveFileExt: sav
16:56:45.121 [FXGL Background Thread 3 ] DEBUG Engine               - scaledHeightProp$fxgl: DoubleProperty [bound, value: 1039.0]
16:56:45.121 [FXGL Background Thread 3 ] DEBUG Engine               - scaledWidthProp$fxgl: DoubleProperty [bound, value: 1823.0]
16:56:45.122 [FXGL Background Thread 3 ] DEBUG Engine               - sceneFactory: com.almasb.fxgl.app.scene.SceneFactory@35339719
16:56:45.122 [FXGL Background Thread 3 ] DEBUG Engine               - secondsIn24h: 60
16:56:45.122 [FXGL Background Thread 3 ] DEBUG Engine               - soundMenuBack: menu/back.wav
16:56:45.122 [FXGL Background Thread 3 ] DEBUG Engine               - soundMenuPress: menu/press.wav
16:56:45.123 [FXGL Background Thread 3 ] DEBUG Engine               - soundMenuSelect: menu/select.wav
16:56:45.123 [FXGL Background Thread 3 ] DEBUG Engine               - soundNotification: core/notification.wav
16:56:45.123 [FXGL Background Thread 3 ] DEBUG Engine               - stageStyle: DECORATED
16:56:45.124 [FXGL Background Thread 3 ] DEBUG Engine               - supportedLanguages: [ENGLISH, FRENCH, GERMAN, HUNGARIAN, RUSSIAN]
16:56:45.124 [FXGL Background Thread 3 ] DEBUG Engine               - ticksPerSecond: -1
16:56:45.125 [FXGL Background Thread 3 ] DEBUG Engine               - title: Bomberman SE
16:56:45.125 [FXGL Background Thread 3 ] DEBUG Engine               - urlGithub: https://github.com/AlmasB/FXGL
16:56:45.125 [FXGL Background Thread 3 ] DEBUG Engine               - urlLeaderboard: http://fxgl-top.herokuapp.com/
16:56:45.126 [FXGL Background Thread 3 ] DEBUG Engine               - urlPOM: https://raw.githubusercontent.com/AlmasB/FXGL/release/README.md
16:56:45.126 [FXGL Background Thread 3 ] DEBUG Engine               - userAppClass: class Game
16:56:45.126 [FXGL Background Thread 3 ] DEBUG Engine               - version: 1.0
16:56:45.127 [FXGL Background Thread 3 ] DEBUG Engine               - versionCheckDays: 7
16:56:45.127 [FXGL Background Thread 3 ] DEBUG Engine               - width: 1920
16:56:45.128 [FXGL Background Thread 3 ] DEBUG Engine               - Logging services
16:56:45.128 [FXGL Background Thread 3 ] DEBUG Engine               - class com.almasb.fxgl.app.services.FXGLAssetLoaderService
16:56:45.129 [FXGL Background Thread 3 ] DEBUG Engine               - class com.almasb.fxgl.app.FXGLApplication$GameApplicationService
16:56:45.129 [FXGL Background Thread 3 ] DEBUG Engine               - class com.almasb.fxgl.app.services.FXGLDialogService
16:56:45.130 [FXGL Background Thread 3 ] DEBUG Engine               - class com.almasb.fxgl.app.services.IOTaskExecutorService
16:56:45.130 [FXGL Background Thread 3 ] DEBUG Engine               - class com.almasb.fxgl.event.EventBusService
16:56:45.131 [FXGL Background Thread 3 ] DEBUG Engine               - class com.almasb.fxgl.io.FileSystemService
16:56:45.131 [FXGL Background Thread 3 ] DEBUG Engine               - class com.almasb.fxgl.localization.LocalizationService
16:56:45.132 [FXGL Background Thread 3 ] DEBUG Engine               - class com.almasb.fxgl.app.services.SystemBundleService
16:56:45.133 [FXGL Background Thread 3 ] DEBUG Engine               - class com.almasb.fxgl.profile.SaveLoadService
16:56:45.134 [FXGL Background Thread 3 ] DEBUG Engine               - class com.almasb.fxgl.ui.FXGLUIFactoryServiceProvider
16:56:45.134 [FXGL Background Thread 3 ] DEBUG Engine               - class com.almasb.fxgl.ui.FXGLDialogFactoryServiceProvider
16:56:45.135 [FXGL Background Thread 3 ] DEBUG Engine               - class com.almasb.fxgl.audio.AudioPlayer
16:56:45.135 [FXGL Background Thread 3 ] DEBUG Engine               - class com.almasb.fxgl.notification.impl.NotificationServiceProvider
16:56:45.135 [FXGL Background Thread 3 ] DEBUG Engine               - class com.almasb.fxgl.achievement.AchievementService
16:56:45.136 [FXGL Background Thread 3 ] DEBUG Engine               - class com.almasb.fxgl.cutscene.CutsceneService
16:56:45.136 [FXGL Background Thread 3 ] DEBUG Engine               - class com.almasb.fxgl.minigames.MiniGameService
16:56:45.136 [FXGL Background Thread 3 ] DEBUG Engine               - class com.almasb.fxgl.net.NetService
16:56:45.137 [FXGL Background Thread 3 ] DEBUG Engine               - class com.almasb.fxgl.app.services.UpdaterService
16:56:45.137 [FXGL Background Thread 3 ] DEBUG Engine               - class com.almasb.fxgl.dev.DevService
16:57:30.447 [JavaFX Application Thread] DEBUG FXGLApplication      - Exiting FXGL
16:57:30.448 [JavaFX Application Thread] DEBUG LoopRunner           - Stopping loop
16:57:30.449 [JavaFX Application Thread] DEBUG SystemBundleService  - Saving FXGL system data
16:57:30.455 [JavaFX Application Thread] DEBUG FileSystemAccess     - Writing to: C:\Users\0705s\OneDrive - Hogeschool Leiden\IOOA\SE-Bomberman\system\fxgl.bundle
16:57:30.461 [JavaFX Application Thread] DEBUG Async                - Shutting down background threads
16:57:30.462 [JavaFX Application Thread] DEBUG PrimaryStageWindow   - Closing main window
16:57:30.496 [JavaFX Application Thread] DEBUG Logger               - Closing Logger
