11:21:33.748 [main                     ] DEBUG Logger               - Configured Logger
11:21:33.761 [main                     ] DEBUG GameApplication      - Logging settings
Title: Untitled
Version: 0.0
Width: 1050
Height: 700
Fullscreen: false
Intro: false
Profiling: false
Single step:false
App Mode: DEVELOPER
Menu Key: ESCAPE
Stage Style: DECORATED
Scene Factory: class com.almasb.fxgl.app.scene.SceneFactory

11:21:34.073 [JavaFX Application Thread] DEBUG FXGLApplication      - Initializing FXGL
11:21:34.075 [JavaFX Application Thread] INFO  Engine               - FXGL-11.14 (01.03.2021 16.59) on WINDOWS (J:15.0.2 FX:15)
11:21:34.075 [JavaFX Application Thread] DEBUG Engine               - JRE Vendor Name: Amazon.com Inc.
11:21:34.075 [JavaFX Application Thread] DEBUG Engine               - Running on OS: Windows 10 version 10.0
11:21:34.075 [JavaFX Application Thread] DEBUG Engine               - Architecture: amd64
11:21:34.076 [JavaFX Application Thread] INFO  Engine               - Source code and latest versions at: https://github.com/AlmasB/FXGL
11:21:34.076 [JavaFX Application Thread] INFO  Engine               -              Join the FXGL chat at: https://gitter.im/AlmasB/FXGL
11:21:34.169 [JavaFX Application Thread] DEBUG PrimaryStageWindow   - Creating a JavaFX scene
11:21:34.210 [JavaFX Application Thread] DEBUG PrimaryStageWindow   - Target settings size: 1050.0 x 700.0
11:21:34.210 [JavaFX Application Thread] DEBUG PrimaryStageWindow   - Scaled scene size:    1050.0 x 700.0
11:21:34.211 [JavaFX Application Thread] DEBUG PrimaryStageWindow   - Scaled ratio: (1.0, 1.0)
11:21:34.211 [JavaFX Application Thread] DEBUG PrimaryStageWindow   - Set initial scene to FXGLStartupScene
11:21:34.217 [JavaFX Application Thread] DEBUG PrimaryStageWindow   - Opening main window
11:21:34.284 [JavaFX Application Thread] DEBUG PrimaryStageWindow   - Window border size: (14.800048828125, 37.5999755859375)
11:21:34.285 [JavaFX Application Thread] DEBUG PrimaryStageWindow   - Scaled size: 1050.0 x 700.0
11:21:34.285 [JavaFX Application Thread] DEBUG PrimaryStageWindow   - Scaled ratio: (1.0, 1.0)
11:21:34.285 [JavaFX Application Thread] DEBUG PrimaryStageWindow   - Scene size: 1050.0 x 700.0
11:21:34.286 [JavaFX Application Thread] DEBUG PrimaryStageWindow   - Stage size: 1064.800048828125 x 737.5999755859375
11:21:34.292 [FXGL Background Thread 1 ] DEBUG Engine               - Initializing environment variables
11:21:34.330 [FXGL Background Thread 1 ] DEBUG FXGLAssetLoaderServi - User app class for loading assets: class Game
11:21:34.330 [FXGL Background Thread 1 ] DEBUG GameApplicationServi - Applying CSS: fxgl_dark.css
11:21:34.332 [FXGL Background Thread 1 ] DEBUG FXGLAssetLoaderServi - Loading from file system: jar:file:/C:/Users/stanm/.m2/repository/com/github/almasb/fxgl/11.14/fxgl-11.14.jar!/fxglassets/ui/css/fxgl_dark.css
11:21:34.376 [FXGL Background Thread 1 ] DEBUG GameApplicationServi - Initializing application scenes
11:21:34.408 [FXGL Background Thread 1 ] DEBUG GameWorld            - Game world initialized
11:21:34.457 [FXGL Background Thread 1 ] DEBUG PhysicsWorld         - Physics world initialized: appHeight=700, physics.ppm=50,0
11:21:34.457 [FXGL Background Thread 1 ] DEBUG PhysicsWorld         - Using strategy: BRUTE_FORCE
11:21:34.459 [FXGL Background Thread 1 ] DEBUG GameScene            - Game scene initialized: 1050x700
11:21:34.497 [FXGL Background Thread 1 ] DEBUG FXGLAssetLoaderServi - Loading from file system: jar:file:/C:/Users/stanm/.m2/repository/com/github/almasb/fxgl/11.14/fxgl-11.14.jar!/fxglassets/textures/particles/trace_horizontal.png
11:21:34.538 [FXGL Background Thread 1 ] DEBUG FXGL.DefaultMenu     - createMenuBodyGameMenu()
11:21:34.551 [FXGL Background Thread 1 ] DEBUG FXGL.DefaultMenu     - createOptionsMenu()
11:21:34.555 [FXGL Background Thread 1 ] DEBUG FXGLAssetLoaderServi - Loading from file system: jar:file:/C:/Users/stanm/.m2/repository/com/github/almasb/fxgl/11.14/fxgl-11.14.jar!/fxglassets/textures/particles/smoke.png
11:21:34.596 [FXGL Background Thread 1 ] DEBUG GameApplicationServi - Application scenes initialized
11:21:34.604 [FXGL Background Thread 1 ] DEBUG SystemBundleService  - Loading FXGL system data
11:21:34.608 [FXGL Background Thread 1 ] DEBUG FileSystemAccess     - Reading from: C:\Users\stanm\Documents\SE-Challengeweek\system\fxgl.bundle
11:21:34.613 [FXGL Background Thread 1 ] DEBUG SystemBundleService  - Bundle FXGL: {}
11:21:34.613 [FXGL Background Thread 1 ] DEBUG UpdaterService       - Checking for updates
11:21:34.637 [FXGL Background Thread 4 ] DEBUG FXGLApplication      - Loading fonts
11:21:34.638 [FXGL Background Thread 1 ] DEBUG FXGLApplication      - Loading default localization
11:21:34.638 [FXGL Background Thread 1 ] DEBUG FXGLAssetLoaderServi - Loading from file system: jar:file:/C:/Users/stanm/.m2/repository/com/github/almasb/fxgl/11.14/fxgl-11.14.jar!/fxglassets/languages/english.lang
11:21:34.638 [FXGL Background Thread 4 ] DEBUG FXGLAssetLoaderServi - Loading from file system: jar:file:/C:/Users/stanm/.m2/repository/com/github/almasb/fxgl/11.14/fxgl-11.14.jar!/fxglassets/ui/fonts/VarelaRound-Regular.ttf
11:21:34.652 [FXGL Background Thread 1 ] INFO  FXGLApplication      - FXGL initialization took: 0,360 sec
11:21:34.661 [JavaFX Application Thread] DEBUG Input                - Registered new binding: Right - D
11:21:34.661 [JavaFX Application Thread] DEBUG Input                - Registered new binding: Left - A
11:21:34.661 [JavaFX Application Thread] DEBUG Input                - Registered new binding: Up - W
11:21:34.662 [JavaFX Application Thread] DEBUG Input                - Registered new binding: Down - S
11:21:34.662 [JavaFX Application Thread] DEBUG FXGLAssetLoaderServi - Loading from file system: jar:file:/C:/Users/stanm/.m2/repository/com/github/almasb/fxgl/11.14/fxgl-11.14.jar!/fxglassets/textures/fxgl_icon.png
11:21:34.680 [JavaFX Application Thread] DEBUG FXGLAssetLoaderServi - Loading from file system: jar:file:/C:/Users/stanm/.m2/repository/com/github/almasb/fxgl/11.14/fxgl-11.14.jar!/fxglassets/ui/cursors/fxgl_default.png
11:21:34.682 [JavaFX Application Thread] DEBUG Input                - Registered new binding: Screenshot - P
11:21:34.683 [JavaFX Application Thread] DEBUG Input                - Registered new binding: Dev Options - 1
11:21:34.683 [JavaFX Application Thread] DEBUG Input                - Registered new binding: Dev Console - 2
11:21:34.684 [JavaFX Application Thread] DEBUG Input                - Registered new binding: System info dump - CTRL+9
11:21:34.684 [JavaFX Application Thread] DEBUG Input                - Registered new binding: Restart - CTRL+R
11:21:34.685 [JavaFX Application Thread] DEBUG Input                - Registered new binding: Toggle Debug Camera - CTRL+C
11:21:34.688 [JavaFX Application Thread] DEBUG LoopRunner           - Starting loop
11:21:34.700 [FXGL Background Thread 4 ] DEBUG FXGLAssetLoaderServi - Loading from file system: jar:file:/C:/Users/stanm/.m2/repository/com/github/almasb/fxgl/11.14/fxgl-11.14.jar!/fxglassets/ui/fonts/Abel-Regular.ttf
11:21:34.704 [JavaFX Application Thread] DEBUG LoopRunner           - Initializing JavaFX AnimationTimerLoop
11:21:34.705 [JavaFX Application Thread] DEBUG GameApplicationServi - Starting new game
11:21:34.706 [JavaFX Application Thread] DEBUG Input                - Clearing active input actions
11:21:34.713 [FXGL Background Thread 4 ] DEBUG FXGLAssetLoaderServi - Loading from file system: jar:file:/C:/Users/stanm/.m2/repository/com/github/almasb/fxgl/11.14/fxgl-11.14.jar!/fxglassets/ui/fonts/lucida_console.ttf
11:21:34.716 [JavaFX Application Thread] DEBUG GameApplicationServi - Removing overlay from FXGLStartupScene and adding to FXGLLoadingScene
11:21:34.719 [JavaFX Application Thread] DEBUG PrimaryStageWindow   - FXGLStartupScene -> FXGLLoadingScene
11:21:34.720 [JavaFX Application Thread] DEBUG GameApplicationServi - Clearing previous game
11:21:34.720 [JavaFX Application Thread] DEBUG GameScene            - Clearing game scene
11:21:34.720 [JavaFX Application Thread] DEBUG GameWorld            - Clearing game world
11:21:34.721 [JavaFX Application Thread] DEBUG PhysicsWorld         - Clearing physics world
11:21:34.722 [FXGL Background Thread 1 ] DEBUG FXGLApplication      - Initializing game
11:21:34.726 [FXGL Background Thread 4 ] DEBUG FXGLAssetLoaderServi - Loading from file system: jar:file:/C:/Users/stanm/.m2/repository/com/github/almasb/fxgl/11.14/fxgl-11.14.jar!/fxglassets/ui/fonts/Courier-Prime.ttf
11:21:34.764 [FXGL Background Thread 1 ] WARN  TMXLevelLoader       - TiledMap generated from 1.0.1. Supported version: 1.2.3. Some features may not be parsed fully.
11:21:34.776 [FXGL Background Thread 1 ] DEBUG TMXLevelLoader       - Parsed raw map: TiledMap(width=15, height=10, tilewidth=70, tileheight=70, orientation=orthogonal, layers=[Layer(width=15, height=10, name=Tile Layer 1, type=tilelayer, visible=false, x=0, y=0, data=[73, 73, 73, 73, 73, 73, 73, 73, 73, 73, 73, 73, 73, 73, 73, 73, 0, 0, 56, 0, 0, 0, 0, 0, 0, 0, 0, 0, 0, 73, 73, 0, 0, 0, 0, 0, 0, 56, 0, 0, 0, 0, 0, 0, 73, 73, 0, 0, 0, 56, 0, 0, 0, 0, 0, 0, 56, 0, 0, 73, 73, 0, 0, 0, 0, 0, 0, 0, 0, 56, 0, 0, 0, 0, 73, 73, 0, 0, 0, 0, 56, 0, 0, 0, 0, 0, 0, 0, 0, 73, 73, 0, 56, 0, 0, 0, 0, 0, 0, 0, 56, 0, 0, 0, 73, 73, 0, 0, 0, 56, 0, 0, 56, 0, 0, 0, 0, 56, 0, 73, 73, 0, 0, 0, 0, 0, 0, 0, 0, 0, 0, 0, 0, 0, 73, 73, 73, 73, 73, 73, 73, 73, 73, 73, 73, 73, 73, 73, 73, 73], objects=[], opacity=0.0, draworder=), Layer(width=0, height=0, name=Object Layer 1, type=objectgroup, visible=false, x=0, y=0, data=[], objects=[com.almasb.fxgl.entity.level.tiled.TiledObject@1ff4567f, com.almasb.fxgl.entity.level.tiled.TiledObject@54b7f65e, com.almasb.fxgl.entity.level.tiled.TiledObject@522b1356, com.almasb.fxgl.entity.level.tiled.TiledObject@3dfd3fa1, com.almasb.fxgl.entity.level.tiled.TiledObject@87c1cf, com.almasb.fxgl.entity.level.tiled.TiledObject@6be9d287, com.almasb.fxgl.entity.level.tiled.TiledObject@61d2dd0f, com.almasb.fxgl.entity.level.tiled.TiledObject@3586e6a3, com.almasb.fxgl.entity.level.tiled.TiledObject@bb1d065, com.almasb.fxgl.entity.level.tiled.TiledObject@2e69567e, com.almasb.fxgl.entity.level.tiled.TiledObject@59a4cc19, com.almasb.fxgl.entity.level.tiled.TiledObject@5b159a70, com.almasb.fxgl.entity.level.tiled.TiledObject@5e224b8f, com.almasb.fxgl.entity.level.tiled.TiledObject@3a9c2c93, com.almasb.fxgl.entity.level.tiled.TiledObject@45a7fbdd], opacity=0.0, draworder=)], tilesets=[Tileset(firstgid=1, image=tiles_spritesheet.png, name=tiles_spritesheet, tilewidth=70, tileheight=70, imagewidth=914, imageheight=936, margin=0, spacing=2, columns=12, tilecount=156, transparentcolor=, tiles=[])], backgroundcolor=, renderorder=right-down, nextobjectid=20, version=1, tiledversion=1.0.1, type=map, infinite=false, hexsidelength=0, staggeraxis=, staggerindex=, properties={}, propertytypes={})
11:21:34.777 [FXGL Background Thread 1 ] DEBUG TMXLevelLoader       - Creating tile layer entities
11:21:34.777 [FXGL Background Thread 1 ] DEBUG TilesetLoader        - Loading view for layer Tile Layer 1
11:21:34.778 [FXGL Background Thread 1 ] DEBUG TilesetLoader        - Created buffer with size 1050.0x700.0
11:21:34.814 [FXGL Background Thread 1 ] DEBUG TilesetLoader        - Writing to buffer: dst=0,0, w=70,h=70, src=0,432
11:21:34.815 [FXGL Background Thread 1 ] DEBUG TilesetLoader        - Writing to buffer: dst=70,0, w=70,h=70, src=0,432
11:21:34.816 [FXGL Background Thread 1 ] DEBUG TilesetLoader        - Writing to buffer: dst=140,0, w=70,h=70, src=0,432
11:21:34.816 [FXGL Background Thread 1 ] DEBUG TilesetLoader        - Writing to buffer: dst=210,0, w=70,h=70, src=0,432
11:21:34.816 [FXGL Background Thread 1 ] DEBUG TilesetLoader        - Writing to buffer: dst=280,0, w=70,h=70, src=0,432
11:21:34.816 [FXGL Background Thread 1 ] DEBUG TilesetLoader        - Writing to buffer: dst=350,0, w=70,h=70, src=0,432
11:21:34.817 [FXGL Background Thread 1 ] DEBUG TilesetLoader        - Writing to buffer: dst=420,0, w=70,h=70, src=0,432
11:21:34.817 [FXGL Background Thread 1 ] DEBUG TilesetLoader        - Writing to buffer: dst=490,0, w=70,h=70, src=0,432
11:21:34.817 [FXGL Background Thread 1 ] DEBUG TilesetLoader        - Writing to buffer: dst=560,0, w=70,h=70, src=0,432
11:21:34.818 [FXGL Background Thread 1 ] DEBUG TilesetLoader        - Writing to buffer: dst=630,0, w=70,h=70, src=0,432
11:21:34.818 [FXGL Background Thread 1 ] DEBUG TilesetLoader        - Writing to buffer: dst=700,0, w=70,h=70, src=0,432
11:21:34.818 [FXGL Background Thread 1 ] DEBUG TilesetLoader        - Writing to buffer: dst=770,0, w=70,h=70, src=0,432
11:21:34.818 [FXGL Background Thread 1 ] DEBUG TilesetLoader        - Writing to buffer: dst=840,0, w=70,h=70, src=0,432
11:21:34.819 [FXGL Background Thread 1 ] DEBUG TilesetLoader        - Writing to buffer: dst=910,0, w=70,h=70, src=0,432
11:21:34.819 [FXGL Background Thread 1 ] DEBUG TilesetLoader        - Writing to buffer: dst=980,0, w=70,h=70, src=0,432
11:21:34.819 [FXGL Background Thread 1 ] DEBUG TilesetLoader        - Writing to buffer: dst=0,70, w=70,h=70, src=0,432
11:21:34.819 [FXGL Background Thread 1 ] DEBUG TilesetLoader        - Writing to buffer: dst=210,70, w=70,h=70, src=504,288
11:21:34.820 [FXGL Background Thread 1 ] DEBUG TilesetLoader        - Writing to buffer: dst=980,70, w=70,h=70, src=0,432
11:21:34.820 [FXGL Background Thread 1 ] DEBUG TilesetLoader        - Writing to buffer: dst=0,140, w=70,h=70, src=0,432
11:21:34.820 [FXGL Background Thread 1 ] DEBUG TilesetLoader        - Writing to buffer: dst=490,140, w=70,h=70, src=504,288
11:21:34.820 [FXGL Background Thread 1 ] DEBUG TilesetLoader        - Writing to buffer: dst=980,140, w=70,h=70, src=0,432
11:21:34.821 [FXGL Background Thread 1 ] DEBUG TilesetLoader        - Writing to buffer: dst=0,210, w=70,h=70, src=0,432
11:21:34.821 [FXGL Background Thread 1 ] DEBUG TilesetLoader        - Writing to buffer: dst=280,210, w=70,h=70, src=504,288
11:21:34.821 [FXGL Background Thread 1 ] DEBUG TilesetLoader        - Writing to buffer: dst=770,210, w=70,h=70, src=504,288
11:21:34.821 [FXGL Background Thread 1 ] DEBUG TilesetLoader        - Writing to buffer: dst=980,210, w=70,h=70, src=0,432
11:21:34.822 [FXGL Background Thread 1 ] DEBUG TilesetLoader        - Writing to buffer: dst=0,280, w=70,h=70, src=0,432
11:21:34.822 [FXGL Background Thread 1 ] DEBUG TilesetLoader        - Writing to buffer: dst=630,280, w=70,h=70, src=504,288
11:21:34.822 [FXGL Background Thread 1 ] DEBUG TilesetLoader        - Writing to buffer: dst=980,280, w=70,h=70, src=0,432
11:21:34.822 [FXGL Background Thread 1 ] DEBUG TilesetLoader        - Writing to buffer: dst=0,350, w=70,h=70, src=0,432
11:21:34.823 [FXGL Background Thread 1 ] DEBUG TilesetLoader        - Writing to buffer: dst=350,350, w=70,h=70, src=504,288
11:21:34.823 [FXGL Background Thread 1 ] DEBUG TilesetLoader        - Writing to buffer: dst=980,350, w=70,h=70, src=0,432
11:21:34.823 [FXGL Background Thread 1 ] DEBUG TilesetLoader        - Writing to buffer: dst=0,420, w=70,h=70, src=0,432
11:21:34.823 [FXGL Background Thread 1 ] DEBUG TilesetLoader        - Writing to buffer: dst=140,420, w=70,h=70, src=504,288
11:21:34.824 [FXGL Background Thread 1 ] DEBUG TilesetLoader        - Writing to buffer: dst=700,420, w=70,h=70, src=504,288
11:21:34.824 [FXGL Background Thread 1 ] DEBUG TilesetLoader        - Writing to buffer: dst=980,420, w=70,h=70, src=0,432
11:21:34.824 [FXGL Background Thread 1 ] DEBUG TilesetLoader        - Writing to buffer: dst=0,490, w=70,h=70, src=0,432
11:21:34.824 [FXGL Background Thread 1 ] DEBUG TilesetLoader        - Writing to buffer: dst=280,490, w=70,h=70, src=504,288
11:21:34.825 [FXGL Background Thread 1 ] DEBUG TilesetLoader        - Writing to buffer: dst=490,490, w=70,h=70, src=504,288
11:21:34.825 [FXGL Background Thread 1 ] DEBUG TilesetLoader        - Writing to buffer: dst=840,490, w=70,h=70, src=504,288
11:21:34.825 [FXGL Background Thread 1 ] DEBUG TilesetLoader        - Writing to buffer: dst=980,490, w=70,h=70, src=0,432
11:21:34.826 [FXGL Background Thread 1 ] DEBUG TilesetLoader        - Writing to buffer: dst=0,560, w=70,h=70, src=0,432
11:21:34.826 [FXGL Background Thread 1 ] DEBUG TilesetLoader        - Writing to buffer: dst=980,560, w=70,h=70, src=0,432
11:21:34.826 [FXGL Background Thread 1 ] DEBUG TilesetLoader        - Writing to buffer: dst=0,630, w=70,h=70, src=0,432
11:21:34.826 [FXGL Background Thread 1 ] DEBUG TilesetLoader        - Writing to buffer: dst=70,630, w=70,h=70, src=0,432
11:21:34.827 [FXGL Background Thread 1 ] DEBUG TilesetLoader        - Writing to buffer: dst=140,630, w=70,h=70, src=0,432
11:21:34.827 [FXGL Background Thread 1 ] DEBUG TilesetLoader        - Writing to buffer: dst=210,630, w=70,h=70, src=0,432
11:21:34.827 [FXGL Background Thread 1 ] DEBUG TilesetLoader        - Writing to buffer: dst=280,630, w=70,h=70, src=0,432
11:21:34.827 [FXGL Background Thread 1 ] DEBUG TilesetLoader        - Writing to buffer: dst=350,630, w=70,h=70, src=0,432
11:21:34.828 [FXGL Background Thread 1 ] DEBUG TilesetLoader        - Writing to buffer: dst=420,630, w=70,h=70, src=0,432
11:21:34.828 [FXGL Background Thread 1 ] DEBUG TilesetLoader        - Writing to buffer: dst=490,630, w=70,h=70, src=0,432
11:21:34.828 [FXGL Background Thread 1 ] DEBUG TilesetLoader        - Writing to buffer: dst=560,630, w=70,h=70, src=0,432
11:21:34.828 [FXGL Background Thread 1 ] DEBUG TilesetLoader        - Writing to buffer: dst=630,630, w=70,h=70, src=0,432
11:21:34.829 [FXGL Background Thread 1 ] DEBUG TilesetLoader        - Writing to buffer: dst=700,630, w=70,h=70, src=0,432
11:21:34.829 [FXGL Background Thread 1 ] DEBUG TilesetLoader        - Writing to buffer: dst=770,630, w=70,h=70, src=0,432
11:21:34.829 [FXGL Background Thread 1 ] DEBUG TilesetLoader        - Writing to buffer: dst=840,630, w=70,h=70, src=0,432
11:21:34.830 [FXGL Background Thread 1 ] DEBUG TilesetLoader        - Writing to buffer: dst=910,630, w=70,h=70, src=0,432
11:21:34.830 [FXGL Background Thread 1 ] DEBUG TilesetLoader        - Writing to buffer: dst=980,630, w=70,h=70, src=0,432
11:21:34.830 [FXGL Background Thread 1 ] DEBUG TMXLevelLoader       - Creating object layer entities
11:21:34.849 [FXGL Background Thread 1 ] DEBUG GameWorld            - Clearing removable entities
11:21:34.850 [FXGL Background Thread 1 ] DEBUG GameWorld            - Setting level: com.almasb.fxgl.entity.level.Level@70b12b72
11:21:34.860 [FXGL Background Thread 1 ] DEBUG FXGLAssetLoaderServi - Loading from file system: file:/C:/Users/stanm/Documents/SE-Challengeweek/target/classes/assets/textures/player_1_move_down.png
11:21:34.866 [FXGL Background Thread 1 ] INFO  FXGLApplication      - Game initialization took: 0,144 sec
11:21:34.912 [JavaFX Application Thread] DEBUG FXGLApplication      - Registering font factories with UI factory
11:21:34.977 [JavaFX Application Thread] DEBUG Input                - Clearing active input actions
11:21:34.985 [JavaFX Application Thread] DEBUG GameApplicationServi - Removing overlay from FXGLLoadingScene and adding to GameScene
11:21:34.989 [JavaFX Application Thread] DEBUG PrimaryStageWindow   - FXGLLoadingScene -> GameScene
11:21:35.017 [FXGL Background Thread 2 ] INFO  UpdaterService       - Your current version:  11.14
11:21:35.017 [FXGL Background Thread 2 ] INFO  UpdaterService       - Latest stable version: 17.1
11:21:37.638 [FXGL Background Thread 3 ] DEBUG Engine               - Logging environment variables
11:21:37.640 [FXGL Background Thread 3 ] DEBUG Engine               - achievements: []
11:21:37.640 [FXGL Background Thread 3 ] DEBUG Engine               - actualHeight: 700.0
11:21:37.641 [FXGL Background Thread 3 ] DEBUG Engine               - actualHeightProperty: ReadOnlyDoubleProperty [value: 700.0]
11:21:37.642 [FXGL Background Thread 3 ] DEBUG Engine               - actualWidth: 1050.0
11:21:37.642 [FXGL Background Thread 3 ] DEBUG Engine               - actualWidthProperty: ReadOnlyDoubleProperty [value: 1050.0]
11:21:37.643 [FXGL Background Thread 3 ] DEBUG Engine               - appIcon: fxgl_icon.png
11:21:37.643 [FXGL Background Thread 3 ] DEBUG Engine               - applicationMode: DEVELOPER
11:21:37.644 [FXGL Background Thread 3 ] DEBUG Engine               - cSSList: [fxgl_dark.css]
11:21:37.644 [FXGL Background Thread 3 ] DEBUG Engine               - collisionDetectionStrategy: BRUTE_FORCE
11:21:37.645 [FXGL Background Thread 3 ] DEBUG Engine               - configClass: Optional.empty
11:21:37.645 [FXGL Background Thread 3 ] DEBUG Engine               - credits: []
11:21:37.646 [FXGL Background Thread 3 ] DEBUG Engine               - devBBoxColorProperty: ObjectProperty [value: 0xff0000ff]
11:21:37.647 [FXGL Background Thread 3 ] DEBUG Engine               - devEnableDebugCameraProperty: BooleanProperty [value: false]
11:21:37.649 [FXGL Background Thread 3 ] DEBUG Engine               - devSensorColorProperty: ObjectProperty [value: 0xffff00ff]
11:21:37.649 [FXGL Background Thread 3 ] DEBUG Engine               - devShowBBoxProperty: BooleanProperty [value: false]
11:21:37.650 [FXGL Background Thread 3 ] DEBUG Engine               - devShowPositionProperty: BooleanProperty [value: false]
11:21:37.650 [FXGL Background Thread 3 ] DEBUG Engine               - enabledMenuItems: []
11:21:37.651 [FXGL Background Thread 3 ] DEBUG Engine               - engineServices: [class com.almasb.fxgl.app.services.FXGLAssetLoaderService, class com.almasb.fxgl.app.FXGLApplication$GameApplicationService, class com.almasb.fxgl.app.services.FXGLDialogService, class com.almasb.fxgl.app.services.IOTaskExecutorService, class com.almasb.fxgl.event.EventBusService, class com.almasb.fxgl.io.FileSystemService, class com.almasb.fxgl.localization.LocalizationService, class com.almasb.fxgl.app.services.SystemBundleService, class com.almasb.fxgl.profile.SaveLoadService, class com.almasb.fxgl.ui.FXGLUIFactoryServiceProvider, class com.almasb.fxgl.ui.FXGLDialogFactoryServiceProvider, class com.almasb.fxgl.audio.AudioPlayer, class com.almasb.fxgl.notification.impl.NotificationServiceProvider, class com.almasb.fxgl.achievement.AchievementService, class com.almasb.fxgl.cutscene.CutsceneService, class com.almasb.fxgl.minigames.MiniGameService, class com.almasb.fxgl.net.NetService, class com.almasb.fxgl.app.services.UpdaterService, class com.almasb.fxgl.dev.DevService]
11:21:37.652 [FXGL Background Thread 3 ] DEBUG Engine               - fontGame: Abel-Regular.ttf
11:21:37.652 [FXGL Background Thread 3 ] DEBUG Engine               - fontMono: lucida_console.ttf
11:21:37.653 [FXGL Background Thread 3 ] DEBUG Engine               - fontText: Courier-Prime.ttf
11:21:37.654 [FXGL Background Thread 3 ] DEBUG Engine               - fontUI: VarelaRound-Regular.ttf
11:21:37.654 [FXGL Background Thread 3 ] DEBUG Engine               - fullScreen: BooleanProperty [value: false]
11:21:37.655 [FXGL Background Thread 3 ] DEBUG Engine               - gameDifficulty: MEDIUM
11:21:37.655 [FXGL Background Thread 3 ] DEBUG Engine               - gameDifficultyProperty: ObjectProperty [value: MEDIUM]
11:21:37.656 [FXGL Background Thread 3 ] DEBUG Engine               - globalMusicVolume: 0.5
11:21:37.656 [FXGL Background Thread 3 ] DEBUG Engine               - globalMusicVolumeProperty: DoubleProperty [value: 0.5]
11:21:37.658 [FXGL Background Thread 3 ] DEBUG Engine               - globalSoundVolume: 0.5
11:21:37.659 [FXGL Background Thread 3 ] DEBUG Engine               - globalSoundVolumeProperty: DoubleProperty [value: 0.5]
11:21:37.659 [FXGL Background Thread 3 ] DEBUG Engine               - height: 700
11:21:37.660 [FXGL Background Thread 3 ] DEBUG Engine               - isAndroid: false
11:21:37.660 [FXGL Background Thread 3 ] DEBUG Engine               - isBrowser: false
11:21:37.660 [FXGL Background Thread 3 ] DEBUG Engine               - isClickFeedbackEnabled: false
11:21:37.660 [FXGL Background Thread 3 ] DEBUG Engine               - isCloseConfirmation: false
11:21:37.660 [FXGL Background Thread 3 ] DEBUG Engine               - isDesktop: true
11:21:37.660 [FXGL Background Thread 3 ] DEBUG Engine               - isDeveloperMenuEnabled: true
11:21:37.660 [FXGL Background Thread 3 ] DEBUG Engine               - isEntityPreloadEnabled: true
11:21:37.661 [FXGL Background Thread 3 ] DEBUG Engine               - isExperimental3D: false
11:21:37.661 [FXGL Background Thread 3 ] DEBUG Engine               - isExperimentalNative: false
11:21:37.661 [FXGL Background Thread 3 ] DEBUG Engine               - isExperimentalTiledLargeMap: false
11:21:37.661 [FXGL Background Thread 3 ] DEBUG Engine               - isFileSystemWriteAllowed: true
11:21:37.661 [FXGL Background Thread 3 ] DEBUG Engine               - isFullScreenAllowed: false
11:21:37.662 [FXGL Background Thread 3 ] DEBUG Engine               - isFullScreenFromStart: false
11:21:37.662 [FXGL Background Thread 3 ] DEBUG Engine               - isGameMenuEnabled: true
11:21:37.662 [FXGL Background Thread 3 ] DEBUG Engine               - isIOS: false
11:21:37.662 [FXGL Background Thread 3 ] DEBUG Engine               - isIntroEnabled: false
11:21:37.662 [FXGL Background Thread 3 ] DEBUG Engine               - isLinux: false
11:21:37.662 [FXGL Background Thread 3 ] DEBUG Engine               - isMac: false
11:21:37.662 [FXGL Background Thread 3 ] DEBUG Engine               - isMainMenuEnabled: false
11:21:37.663 [FXGL Background Thread 3 ] DEBUG Engine               - isManualResizeEnabled: false
11:21:37.663 [FXGL Background Thread 3 ] DEBUG Engine               - isMobile: false
11:21:37.663 [FXGL Background Thread 3 ] DEBUG Engine               - isPreserveResizeRatio: false
11:21:37.663 [FXGL Background Thread 3 ] DEBUG Engine               - isProfilingEnabled: false
11:21:37.663 [FXGL Background Thread 3 ] DEBUG Engine               - isScaleAffectedOnResize: true
11:21:37.663 [FXGL Background Thread 3 ] DEBUG Engine               - isSingleStep: false
11:21:37.663 [FXGL Background Thread 3 ] DEBUG Engine               - isUserProfileEnabled: false
11:21:37.663 [FXGL Background Thread 3 ] DEBUG Engine               - isWindows: true
11:21:37.664 [FXGL Background Thread 3 ] DEBUG Engine               - language: ObjectProperty [value: ENGLISH]
11:21:37.664 [FXGL Background Thread 3 ] DEBUG Engine               - menuKey: ESCAPE
11:21:37.664 [FXGL Background Thread 3 ] DEBUG Engine               - notificationViewClass: class com.almasb.fxgl.notification.view.XboxNotificationView
11:21:37.664 [FXGL Background Thread 3 ] DEBUG Engine               - pixelsPerMeter: 50.0
11:21:37.664 [FXGL Background Thread 3 ] DEBUG Engine               - platform: WINDOWS
11:21:37.665 [FXGL Background Thread 3 ] DEBUG Engine               - prefHeightProperty: ReadOnlyDoubleProperty [value: 700.0]
11:21:37.665 [FXGL Background Thread 3 ] DEBUG Engine               - prefWidthProperty: ReadOnlyDoubleProperty [value: 1050.0]
11:21:37.665 [FXGL Background Thread 3 ] DEBUG Engine               - profileDir: profiles/
11:21:37.665 [FXGL Background Thread 3 ] DEBUG Engine               - profileName: StringProperty [value: DEFAULT]
11:21:37.665 [FXGL Background Thread 3 ] DEBUG Engine               - randomSeed: -1
11:21:37.665 [FXGL Background Thread 3 ] DEBUG Engine               - runtimeInfo: RuntimeInfo(platform=WINDOWS, version=11.14, build=01.03.2021 16.59)
11:21:37.665 [FXGL Background Thread 3 ] DEBUG Engine               - saveFileExt: sav
11:21:37.666 [FXGL Background Thread 3 ] DEBUG Engine               - scaledHeightProp$fxgl: DoubleProperty [bound, value: 700.0]
11:21:37.666 [FXGL Background Thread 3 ] DEBUG Engine               - scaledWidthProp$fxgl: DoubleProperty [bound, value: 1050.0]
11:21:37.666 [FXGL Background Thread 3 ] DEBUG Engine               - sceneFactory: com.almasb.fxgl.app.scene.SceneFactory@a8a25c
11:21:37.666 [FXGL Background Thread 3 ] DEBUG Engine               - secondsIn24h: 60
11:21:37.666 [FXGL Background Thread 3 ] DEBUG Engine               - soundMenuBack: menu/back.wav
11:21:37.666 [FXGL Background Thread 3 ] DEBUG Engine               - soundMenuPress: menu/press.wav
11:21:37.667 [FXGL Background Thread 3 ] DEBUG Engine               - soundMenuSelect: menu/select.wav
11:21:37.667 [FXGL Background Thread 3 ] DEBUG Engine               - soundNotification: core/notification.wav
11:21:37.667 [FXGL Background Thread 3 ] DEBUG Engine               - stageStyle: DECORATED
11:21:37.667 [FXGL Background Thread 3 ] DEBUG Engine               - supportedLanguages: [ENGLISH, FRENCH, GERMAN, HUNGARIAN, RUSSIAN]
11:21:37.667 [FXGL Background Thread 3 ] DEBUG Engine               - ticksPerSecond: -1
11:21:37.667 [FXGL Background Thread 3 ] DEBUG Engine               - title: Untitled
11:21:37.667 [FXGL Background Thread 3 ] DEBUG Engine               - urlGithub: https://github.com/AlmasB/FXGL
11:21:37.668 [FXGL Background Thread 3 ] DEBUG Engine               - urlLeaderboard: http://fxgl-top.herokuapp.com/
11:21:37.668 [FXGL Background Thread 3 ] DEBUG Engine               - urlPOM: https://raw.githubusercontent.com/AlmasB/FXGL/release/README.md
11:21:37.668 [FXGL Background Thread 3 ] DEBUG Engine               - userAppClass: class Game
11:21:37.668 [FXGL Background Thread 3 ] DEBUG Engine               - version: 0.0
11:21:37.668 [FXGL Background Thread 3 ] DEBUG Engine               - versionCheckDays: 7
11:21:37.668 [FXGL Background Thread 3 ] DEBUG Engine               - width: 1050
11:21:37.668 [FXGL Background Thread 3 ] DEBUG Engine               - Logging services
11:21:37.668 [FXGL Background Thread 3 ] DEBUG Engine               - class com.almasb.fxgl.app.services.FXGLAssetLoaderService
11:21:37.669 [FXGL Background Thread 3 ] DEBUG Engine               - class com.almasb.fxgl.app.FXGLApplication$GameApplicationService
11:21:37.669 [FXGL Background Thread 3 ] DEBUG Engine               - class com.almasb.fxgl.app.services.FXGLDialogService
11:21:37.669 [FXGL Background Thread 3 ] DEBUG Engine               - class com.almasb.fxgl.app.services.IOTaskExecutorService
11:21:37.669 [FXGL Background Thread 3 ] DEBUG Engine               - class com.almasb.fxgl.event.EventBusService
11:21:37.669 [FXGL Background Thread 3 ] DEBUG Engine               - class com.almasb.fxgl.io.FileSystemService
11:21:37.669 [FXGL Background Thread 3 ] DEBUG Engine               - class com.almasb.fxgl.localization.LocalizationService
11:21:37.669 [FXGL Background Thread 3 ] DEBUG Engine               - class com.almasb.fxgl.app.services.SystemBundleService
11:21:37.670 [FXGL Background Thread 3 ] DEBUG Engine               - class com.almasb.fxgl.profile.SaveLoadService
11:21:37.670 [FXGL Background Thread 3 ] DEBUG Engine               - class com.almasb.fxgl.ui.FXGLUIFactoryServiceProvider
11:21:37.670 [FXGL Background Thread 3 ] DEBUG Engine               - class com.almasb.fxgl.ui.FXGLDialogFactoryServiceProvider
11:21:37.670 [FXGL Background Thread 3 ] DEBUG Engine               - class com.almasb.fxgl.audio.AudioPlayer
11:21:37.670 [FXGL Background Thread 3 ] DEBUG Engine               - class com.almasb.fxgl.notification.impl.NotificationServiceProvider
11:21:37.670 [FXGL Background Thread 3 ] DEBUG Engine               - class com.almasb.fxgl.achievement.AchievementService
11:21:37.670 [FXGL Background Thread 3 ] DEBUG Engine               - class com.almasb.fxgl.cutscene.CutsceneService
11:21:37.670 [FXGL Background Thread 3 ] DEBUG Engine               - class com.almasb.fxgl.minigames.MiniGameService
11:21:37.671 [FXGL Background Thread 3 ] DEBUG Engine               - class com.almasb.fxgl.net.NetService
11:21:37.671 [FXGL Background Thread 3 ] DEBUG Engine               - class com.almasb.fxgl.app.services.UpdaterService
11:21:37.671 [FXGL Background Thread 3 ] DEBUG Engine               - class com.almasb.fxgl.dev.DevService
11:21:50.605 [JavaFX Application Thread] DEBUG FXGLApplication      - Exiting FXGL
11:21:50.606 [JavaFX Application Thread] DEBUG LoopRunner           - Stopping loop
11:21:50.606 [JavaFX Application Thread] DEBUG SystemBundleService  - Saving FXGL system data
11:21:50.607 [JavaFX Application Thread] DEBUG FileSystemAccess     - Writing to: C:\Users\stanm\Documents\SE-Challengeweek\system\fxgl.bundle
11:21:50.608 [JavaFX Application Thread] DEBUG Async                - Shutting down background threads
11:21:50.609 [JavaFX Application Thread] DEBUG PrimaryStageWindow   - Closing main window
11:21:50.619 [JavaFX Application Thread] DEBUG Logger               - Closing Logger
