15:05:46.737 [main                     ] DEBUG Logger               - Configured Logger
15:05:46.768 [main                     ] DEBUG GameApplication      - Logging settings
Title: Untitled
Version: 0.0
Width: 1050
Height: 700
Fullscreen: false
Intro: false
Profiling: false
Single step:false
App Mode: DEVELOPER
Menu Key: ESCAPE
Stage Style: DECORATED
Scene Factory: class com.almasb.fxgl.app.scene.SceneFactory

15:05:47.557 [JavaFX Application Thread] DEBUG FXGLApplication      - Initializing FXGL
15:05:47.562 [JavaFX Application Thread] INFO  Engine               - FXGL-11.14 (01.03.2021 16.59) on WINDOWS (J:15.0.2 FX:15)
15:05:47.563 [JavaFX Application Thread] DEBUG Engine               - JRE Vendor Name: Amazon.com Inc.
15:05:47.563 [JavaFX Application Thread] DEBUG Engine               - Running on OS: Windows 10 version 10.0
15:05:47.564 [JavaFX Application Thread] DEBUG Engine               - Architecture: amd64
15:05:47.564 [JavaFX Application Thread] INFO  Engine               - Source code and latest versions at: https://github.com/AlmasB/FXGL
15:05:47.564 [JavaFX Application Thread] INFO  Engine               -              Join the FXGL chat at: https://gitter.im/AlmasB/FXGL
15:05:47.807 [JavaFX Application Thread] DEBUG PrimaryStageWindow   - Creating a JavaFX scene
15:05:47.905 [JavaFX Application Thread] DEBUG PrimaryStageWindow   - Target settings size: 1050.0 x 700.0
15:05:47.906 [JavaFX Application Thread] DEBUG PrimaryStageWindow   - Scaled scene size:    1050.0 x 700.0
15:05:47.906 [JavaFX Application Thread] DEBUG PrimaryStageWindow   - Scaled ratio: (1.0, 1.0)
15:05:47.909 [JavaFX Application Thread] DEBUG PrimaryStageWindow   - Set initial scene to FXGLStartupScene
15:05:47.925 [JavaFX Application Thread] DEBUG PrimaryStageWindow   - Opening main window
15:05:48.113 [JavaFX Application Thread] DEBUG PrimaryStageWindow   - Window border size: (14.800048828125, 37.5999755859375)
15:05:48.114 [JavaFX Application Thread] DEBUG PrimaryStageWindow   - Scaled size: 1050.0 x 700.0
15:05:48.114 [JavaFX Application Thread] DEBUG PrimaryStageWindow   - Scaled ratio: (1.0, 1.0)
15:05:48.115 [JavaFX Application Thread] DEBUG PrimaryStageWindow   - Scene size: 1050.0 x 700.0
15:05:48.116 [JavaFX Application Thread] DEBUG PrimaryStageWindow   - Stage size: 1064.800048828125 x 737.5999755859375
15:05:48.144 [FXGL Background Thread 1 ] DEBUG Engine               - Initializing environment variables
15:05:48.230 [FXGL Background Thread 1 ] DEBUG FXGLAssetLoaderServi - User app class for loading assets: class Game
15:05:48.231 [FXGL Background Thread 1 ] DEBUG GameApplicationServi - Applying CSS: fxgl_dark.css
15:05:48.232 [FXGL Background Thread 1 ] DEBUG FXGLAssetLoaderServi - Loading from file system: jar:file:/C:/Users/diewe/.m2/repository/com/github/almasb/fxgl/11.14/fxgl-11.14.jar!/fxglassets/ui/css/fxgl_dark.css
15:05:48.348 [FXGL Background Thread 1 ] DEBUG GameApplicationServi - Initializing application scenes
15:05:48.439 [FXGL Background Thread 1 ] DEBUG GameWorld            - Game world initialized
15:05:48.624 [FXGL Background Thread 1 ] DEBUG PhysicsWorld         - Physics world initialized: appHeight=700, physics.ppm=50,0
15:05:48.624 [FXGL Background Thread 1 ] DEBUG PhysicsWorld         - Using strategy: BRUTE_FORCE
15:05:48.630 [FXGL Background Thread 1 ] DEBUG GameScene            - Game scene initialized: 1050x700
15:05:48.702 [FXGL Background Thread 1 ] DEBUG FXGLAssetLoaderServi - Loading from file system: jar:file:/C:/Users/diewe/.m2/repository/com/github/almasb/fxgl/11.14/fxgl-11.14.jar!/fxglassets/textures/particles/trace_horizontal.png
15:05:48.797 [FXGL Background Thread 1 ] DEBUG FXGL.DefaultMenu     - createMenuBodyGameMenu()
15:05:48.831 [FXGL Background Thread 1 ] DEBUG FXGL.DefaultMenu     - createOptionsMenu()
15:05:48.844 [FXGL Background Thread 1 ] DEBUG FXGLAssetLoaderServi - Loading from file system: jar:file:/C:/Users/diewe/.m2/repository/com/github/almasb/fxgl/11.14/fxgl-11.14.jar!/fxglassets/textures/particles/smoke.png
15:05:48.990 [FXGL Background Thread 1 ] DEBUG GameApplicationServi - Application scenes initialized
15:05:49.008 [FXGL Background Thread 1 ] DEBUG SystemBundleService  - Loading FXGL system data
15:05:49.014 [FXGL Background Thread 1 ] DEBUG FileSystemAccess     - Reading from: C:\Users\diewe\OneDrive\Documenten\GitHub\SE-Challengeweek\system\fxgl.bundle
15:05:49.025 [FXGL Background Thread 1 ] DEBUG SystemBundleService  - Bundle FXGL: {}
15:05:49.026 [FXGL Background Thread 1 ] DEBUG UpdaterService       - Checking for updates
15:05:49.036 [FXGL Background Thread 4 ] DEBUG FXGLApplication      - Loading fonts
15:05:49.037 [FXGL Background Thread 1 ] DEBUG FXGLApplication      - Loading default localization
15:05:49.037 [FXGL Background Thread 4 ] DEBUG FXGLAssetLoaderServi - Loading from file system: jar:file:/C:/Users/diewe/.m2/repository/com/github/almasb/fxgl/11.14/fxgl-11.14.jar!/fxglassets/ui/fonts/VarelaRound-Regular.ttf
15:05:49.038 [FXGL Background Thread 1 ] DEBUG FXGLAssetLoaderServi - Loading from file system: jar:file:/C:/Users/diewe/.m2/repository/com/github/almasb/fxgl/11.14/fxgl-11.14.jar!/fxglassets/languages/english.lang
15:05:49.076 [FXGL Background Thread 1 ] INFO  FXGLApplication      - FXGL initialization took: 0,931 sec
15:05:49.098 [JavaFX Application Thread] DEBUG Input                - Registered new binding: Right - D
15:05:49.098 [JavaFX Application Thread] DEBUG Input                - Registered new binding: Left - A
15:05:49.099 [JavaFX Application Thread] DEBUG Input                - Registered new binding: Up - W
15:05:49.100 [JavaFX Application Thread] DEBUG Input                - Registered new binding: Down - S
15:05:49.101 [JavaFX Application Thread] DEBUG FXGLAssetLoaderServi - Loading from file system: jar:file:/C:/Users/diewe/.m2/repository/com/github/almasb/fxgl/11.14/fxgl-11.14.jar!/fxglassets/textures/fxgl_icon.png
15:05:49.151 [JavaFX Application Thread] DEBUG FXGLAssetLoaderServi - Loading from file system: jar:file:/C:/Users/diewe/.m2/repository/com/github/almasb/fxgl/11.14/fxgl-11.14.jar!/fxglassets/ui/cursors/fxgl_default.png
15:05:49.156 [JavaFX Application Thread] DEBUG Input                - Registered new binding: Screenshot - P
15:05:49.158 [JavaFX Application Thread] DEBUG Input                - Registered new binding: System info dump - CTRL+9
15:05:49.159 [JavaFX Application Thread] DEBUG Input                - Registered new binding: Restart - CTRL+R
15:05:49.161 [JavaFX Application Thread] DEBUG Input                - Registered new binding: Toggle Debug Camera - CTRL+C
15:05:49.165 [JavaFX Application Thread] DEBUG LoopRunner           - Starting loop
15:05:49.166 [JavaFX Application Thread] DEBUG LoopRunner           - Initializing JavaFX AnimationTimerLoop
15:05:49.170 [JavaFX Application Thread] DEBUG GameApplicationServi - Starting new game
15:05:49.171 [JavaFX Application Thread] DEBUG Input                - Clearing active input actions
15:05:49.194 [JavaFX Application Thread] DEBUG GameApplicationServi - Removing overlay from FXGLStartupScene and adding to FXGLLoadingScene
15:05:49.195 [JavaFX Application Thread] DEBUG PrimaryStageWindow   - FXGLStartupScene -> FXGLLoadingScene
15:05:49.195 [JavaFX Application Thread] DEBUG GameApplicationServi - Clearing previous game
15:05:49.196 [JavaFX Application Thread] DEBUG GameScene            - Clearing game scene
15:05:49.196 [JavaFX Application Thread] DEBUG GameWorld            - Clearing game world
15:05:49.197 [JavaFX Application Thread] DEBUG PhysicsWorld         - Clearing physics world
15:05:49.200 [FXGL Background Thread 1 ] DEBUG FXGLApplication      - Initializing game
15:05:49.206 [FXGL Background Thread 4 ] DEBUG FXGLAssetLoaderServi - Loading from file system: jar:file:/C:/Users/diewe/.m2/repository/com/github/almasb/fxgl/11.14/fxgl-11.14.jar!/fxglassets/ui/fonts/Abel-Regular.ttf
15:05:49.235 [FXGL Background Thread 4 ] DEBUG FXGLAssetLoaderServi - Loading from file system: jar:file:/C:/Users/diewe/.m2/repository/com/github/almasb/fxgl/11.14/fxgl-11.14.jar!/fxglassets/ui/fonts/lucida_console.ttf
15:05:49.261 [FXGL Background Thread 4 ] DEBUG FXGLAssetLoaderServi - Loading from file system: jar:file:/C:/Users/diewe/.m2/repository/com/github/almasb/fxgl/11.14/fxgl-11.14.jar!/fxglassets/ui/fonts/Courier-Prime.ttf
15:05:49.262 [FXGL Background Thread 1 ] WARN  TMXLevelLoader       - TiledMap generated from 1.0.1. Supported version: 1.2.3. Some features may not be parsed fully.
15:05:49.276 [FXGL Background Thread 1 ] DEBUG TMXLevelLoader       - Parsed raw map: TiledMap(width=15, height=10, tilewidth=70, tileheight=70, orientation=orthogonal, layers=[Layer(width=15, height=10, name=Tile Layer 1, type=tilelayer, visible=false, x=0, y=0, data=[0, 0, 0, 0, 0, 0, 0, 0, 0, 0, 0, 0, 0, 0, 0, 0, 0, 0, 0, 0, 0, 0, 0, 0, 0, 0, 0, 0, 0, 0, 0, 0, 0, 0, 0, 0, 0, 0, 0, 0, 0, 0, 0, 0, 0, 0, 0, 0, 0, 0, 0, 0, 0, 0, 0, 0, 0, 0, 0, 0, 0, 0, 0, 0, 0, 0, 0, 0, 0, 0, 0, 0, 0, 0, 0, 0, 0, 0, 0, 0, 0, 0, 0, 0, 0, 126, 101, 101, 102, 0, 0, 0, 0, 0, 0, 0, 126, 101, 101, 102, 0, 0, 0, 0, 0, 0, 0, 126, 101, 101, 102, 0, 0, 0, 0, 0, 0, 0, 0, 0, 0, 0, 0, 0, 0, 0, 0, 0, 0, 0, 0, 0, 0, 0, 0, 10, 10, 10, 10, 10, 10, 10, 10, 10, 10, 10, 10, 10, 10, 10], objects=[], opacity=0.0, draworder=), Layer(width=0, height=0, name=Object Layer 1, type=objectgroup, visible=false, x=0, y=0, data=[], objects=[com.almasb.fxgl.entity.level.tiled.TiledObject@6c7353ed, com.almasb.fxgl.entity.level.tiled.TiledObject@16598749, com.almasb.fxgl.entity.level.tiled.TiledObject@b4d7d06, com.almasb.fxgl.entity.level.tiled.TiledObject@70510463, com.almasb.fxgl.entity.level.tiled.TiledObject@6cbddbf, com.almasb.fxgl.entity.level.tiled.TiledObject@5c7271e0, com.almasb.fxgl.entity.level.tiled.TiledObject@3cb78225, com.almasb.fxgl.entity.level.tiled.TiledObject@443dfbcc], opacity=0.0, draworder=)], tilesets=[Tileset(firstgid=1, image=../../../../../../../../Pictures/tiles_spritesheet.png, name=tiles_spritesheet, tilewidth=70, tileheight=70, imagewidth=914, imageheight=936, margin=0, spacing=2, columns=12, tilecount=156, transparentcolor=, tiles=[])], backgroundcolor=, renderorder=right-down, nextobjectid=10, version=1, tiledversion=1.0.1, type=map, infinite=false, hexsidelength=0, staggeraxis=, staggerindex=, properties={}, propertytypes={})
15:05:49.278 [FXGL Background Thread 1 ] DEBUG TMXLevelLoader       - Creating tile layer entities
15:05:49.280 [FXGL Background Thread 1 ] DEBUG TilesetLoader        - Loading view for layer Tile Layer 1
15:05:49.284 [FXGL Background Thread 1 ] DEBUG TilesetLoader        - Created buffer with size 1050.0x700.0
15:05:49.415 [FXGL Background Thread 1 ] DEBUG TilesetLoader        - Writing to buffer: dst=700,350, w=70,h=70, src=360,720
15:05:49.416 [FXGL Background Thread 1 ] DEBUG TilesetLoader        - Writing to buffer: dst=770,350, w=70,h=70, src=288,576
15:05:49.416 [FXGL Background Thread 1 ] DEBUG TilesetLoader        - Writing to buffer: dst=840,350, w=70,h=70, src=288,576
15:05:49.417 [FXGL Background Thread 1 ] DEBUG TilesetLoader        - Writing to buffer: dst=910,350, w=70,h=70, src=360,576
15:05:49.417 [FXGL Background Thread 1 ] DEBUG TilesetLoader        - Writing to buffer: dst=420,420, w=70,h=70, src=360,720
15:05:49.418 [FXGL Background Thread 1 ] DEBUG TilesetLoader        - Writing to buffer: dst=490,420, w=70,h=70, src=288,576
15:05:49.418 [FXGL Background Thread 1 ] DEBUG TilesetLoader        - Writing to buffer: dst=560,420, w=70,h=70, src=288,576
15:05:49.419 [FXGL Background Thread 1 ] DEBUG TilesetLoader        - Writing to buffer: dst=630,420, w=70,h=70, src=360,576
15:05:49.420 [FXGL Background Thread 1 ] DEBUG TilesetLoader        - Writing to buffer: dst=140,490, w=70,h=70, src=360,720
15:05:49.420 [FXGL Background Thread 1 ] DEBUG TilesetLoader        - Writing to buffer: dst=210,490, w=70,h=70, src=288,576
15:05:49.421 [FXGL Background Thread 1 ] DEBUG TilesetLoader        - Writing to buffer: dst=280,490, w=70,h=70, src=288,576
15:05:49.421 [FXGL Background Thread 1 ] DEBUG TilesetLoader        - Writing to buffer: dst=350,490, w=70,h=70, src=360,576
15:05:49.422 [FXGL Background Thread 1 ] DEBUG TilesetLoader        - Writing to buffer: dst=0,630, w=70,h=70, src=648,0
15:05:49.422 [FXGL Background Thread 1 ] DEBUG TilesetLoader        - Writing to buffer: dst=70,630, w=70,h=70, src=648,0
15:05:49.423 [FXGL Background Thread 1 ] DEBUG TilesetLoader        - Writing to buffer: dst=140,630, w=70,h=70, src=648,0
15:05:49.423 [FXGL Background Thread 1 ] DEBUG TilesetLoader        - Writing to buffer: dst=210,630, w=70,h=70, src=648,0
15:05:49.426 [FXGL Background Thread 1 ] DEBUG TilesetLoader        - Writing to buffer: dst=280,630, w=70,h=70, src=648,0
15:05:49.426 [FXGL Background Thread 1 ] DEBUG TilesetLoader        - Writing to buffer: dst=350,630, w=70,h=70, src=648,0
15:05:49.427 [FXGL Background Thread 1 ] DEBUG TilesetLoader        - Writing to buffer: dst=420,630, w=70,h=70, src=648,0
15:05:49.428 [FXGL Background Thread 1 ] DEBUG TilesetLoader        - Writing to buffer: dst=490,630, w=70,h=70, src=648,0
15:05:49.428 [FXGL Background Thread 1 ] DEBUG TilesetLoader        - Writing to buffer: dst=560,630, w=70,h=70, src=648,0
15:05:49.429 [FXGL Background Thread 1 ] DEBUG TilesetLoader        - Writing to buffer: dst=630,630, w=70,h=70, src=648,0
15:05:49.429 [FXGL Background Thread 1 ] DEBUG TilesetLoader        - Writing to buffer: dst=700,630, w=70,h=70, src=648,0
15:05:49.430 [FXGL Background Thread 1 ] DEBUG TilesetLoader        - Writing to buffer: dst=770,630, w=70,h=70, src=648,0
15:05:49.430 [FXGL Background Thread 1 ] DEBUG TilesetLoader        - Writing to buffer: dst=840,630, w=70,h=70, src=648,0
15:05:49.431 [FXGL Background Thread 1 ] DEBUG TilesetLoader        - Writing to buffer: dst=910,630, w=70,h=70, src=648,0
15:05:49.431 [FXGL Background Thread 1 ] DEBUG TilesetLoader        - Writing to buffer: dst=980,630, w=70,h=70, src=648,0
15:05:49.432 [FXGL Background Thread 1 ] DEBUG TMXLevelLoader       - Creating object layer entities
15:05:49.476 [FXGL Background Thread 1 ] DEBUG GameWorld            - Clearing removable entities
15:05:49.477 [FXGL Background Thread 1 ] DEBUG GameWorld            - Setting level: com.almasb.fxgl.entity.level.Level@466ff105
15:05:49.491 [JavaFX Application Thread] DEBUG FXGLApplication      - Registering font factories with UI factory
15:05:49.503 [FXGL Background Thread 1 ] DEBUG FXGLAssetLoaderServi - Loading from file system: file:/C:/Users/diewe/OneDrive/Documenten/GitHub/SE-Challengeweek/target/classes/assets/textures/player_1_move_DOWN.png
15:05:49.514 [FXGL Background Thread 1 ] INFO  FXGLApplication      - Game initialization took: 0,313 sec
15:05:49.569 [JavaFX Application Thread] DEBUG Input                - Clearing active input actions
15:05:49.594 [JavaFX Application Thread] DEBUG GameApplicationServi - Removing overlay from FXGLLoadingScene and adding to GameScene
15:05:49.595 [JavaFX Application Thread] DEBUG PrimaryStageWindow   - FXGLLoadingScene -> GameScene
15:05:49.843 [FXGL Background Thread 2 ] INFO  UpdaterService       - Your current version:  11.14
15:05:49.843 [FXGL Background Thread 2 ] INFO  UpdaterService       - Latest stable version: 17.1
15:05:52.033 [FXGL Background Thread 3 ] DEBUG Engine               - Logging environment variables
15:05:52.036 [FXGL Background Thread 3 ] DEBUG Engine               - achievements: []
15:05:52.038 [FXGL Background Thread 3 ] DEBUG Engine               - actualHeight: 700.0
15:05:52.039 [FXGL Background Thread 3 ] DEBUG Engine               - actualHeightProperty: ReadOnlyDoubleProperty [value: 700.0]
15:05:52.039 [FXGL Background Thread 3 ] DEBUG Engine               - actualWidth: 1050.0
15:05:52.039 [FXGL Background Thread 3 ] DEBUG Engine               - actualWidthProperty: ReadOnlyDoubleProperty [value: 1050.0]
15:05:52.040 [FXGL Background Thread 3 ] DEBUG Engine               - appIcon: fxgl_icon.png
15:05:52.041 [FXGL Background Thread 3 ] DEBUG Engine               - applicationMode: DEVELOPER
15:05:52.042 [FXGL Background Thread 3 ] DEBUG Engine               - cSSList: [fxgl_dark.css]
15:05:52.042 [FXGL Background Thread 3 ] DEBUG Engine               - collisionDetectionStrategy: BRUTE_FORCE
15:05:52.043 [FXGL Background Thread 3 ] DEBUG Engine               - configClass: Optional.empty
15:05:52.045 [FXGL Background Thread 3 ] DEBUG Engine               - credits: []
15:05:52.046 [FXGL Background Thread 3 ] DEBUG Engine               - devBBoxColorProperty: ObjectProperty [value: 0xff0000ff]
15:05:52.048 [FXGL Background Thread 3 ] DEBUG Engine               - devEnableDebugCameraProperty: BooleanProperty [value: false]
15:05:52.049 [FXGL Background Thread 3 ] DEBUG Engine               - devSensorColorProperty: ObjectProperty [value: 0xffff00ff]
15:05:52.050 [FXGL Background Thread 3 ] DEBUG Engine               - devShowBBoxProperty: BooleanProperty [value: false]
15:05:52.051 [FXGL Background Thread 3 ] DEBUG Engine               - devShowPositionProperty: BooleanProperty [value: false]
15:05:52.054 [FXGL Background Thread 3 ] DEBUG Engine               - enabledMenuItems: []
15:05:52.054 [FXGL Background Thread 3 ] DEBUG Engine               - engineServices: [class com.almasb.fxgl.app.services.FXGLAssetLoaderService, class com.almasb.fxgl.app.FXGLApplication$GameApplicationService, class com.almasb.fxgl.app.services.FXGLDialogService, class com.almasb.fxgl.app.services.IOTaskExecutorService, class com.almasb.fxgl.event.EventBusService, class com.almasb.fxgl.io.FileSystemService, class com.almasb.fxgl.localization.LocalizationService, class com.almasb.fxgl.app.services.SystemBundleService, class com.almasb.fxgl.profile.SaveLoadService, class com.almasb.fxgl.ui.FXGLUIFactoryServiceProvider, class com.almasb.fxgl.ui.FXGLDialogFactoryServiceProvider, class com.almasb.fxgl.audio.AudioPlayer, class com.almasb.fxgl.notification.impl.NotificationServiceProvider, class com.almasb.fxgl.achievement.AchievementService, class com.almasb.fxgl.cutscene.CutsceneService, class com.almasb.fxgl.minigames.MiniGameService, class com.almasb.fxgl.net.NetService, class com.almasb.fxgl.app.services.UpdaterService, class com.almasb.fxgl.dev.DevService]
15:05:52.055 [FXGL Background Thread 3 ] DEBUG Engine               - fontGame: Abel-Regular.ttf
15:05:52.055 [FXGL Background Thread 3 ] DEBUG Engine               - fontMono: lucida_console.ttf
15:05:52.057 [FXGL Background Thread 3 ] DEBUG Engine               - fontText: Courier-Prime.ttf
15:05:52.057 [FXGL Background Thread 3 ] DEBUG Engine               - fontUI: VarelaRound-Regular.ttf
15:05:52.057 [FXGL Background Thread 3 ] DEBUG Engine               - fullScreen: BooleanProperty [value: false]
15:05:52.059 [FXGL Background Thread 3 ] DEBUG Engine               - gameDifficulty: MEDIUM
15:05:52.060 [FXGL Background Thread 3 ] DEBUG Engine               - gameDifficultyProperty: ObjectProperty [value: MEDIUM]
15:05:52.060 [FXGL Background Thread 3 ] DEBUG Engine               - globalMusicVolume: 0.5
15:05:52.061 [FXGL Background Thread 3 ] DEBUG Engine               - globalMusicVolumeProperty: DoubleProperty [value: 0.5]
15:05:52.062 [FXGL Background Thread 3 ] DEBUG Engine               - globalSoundVolume: 0.5
15:05:52.063 [FXGL Background Thread 3 ] DEBUG Engine               - globalSoundVolumeProperty: DoubleProperty [value: 0.5]
15:05:52.063 [FXGL Background Thread 3 ] DEBUG Engine               - height: 700
15:05:52.064 [FXGL Background Thread 3 ] DEBUG Engine               - isAndroid: false
15:05:52.064 [FXGL Background Thread 3 ] DEBUG Engine               - isBrowser: false
15:05:52.065 [FXGL Background Thread 3 ] DEBUG Engine               - isClickFeedbackEnabled: false
15:05:52.065 [FXGL Background Thread 3 ] DEBUG Engine               - isCloseConfirmation: false
15:05:52.066 [FXGL Background Thread 3 ] DEBUG Engine               - isDesktop: true
15:05:52.066 [FXGL Background Thread 3 ] DEBUG Engine               - isDeveloperMenuEnabled: false
15:05:52.067 [FXGL Background Thread 3 ] DEBUG Engine               - isEntityPreloadEnabled: true
15:05:52.068 [FXGL Background Thread 3 ] DEBUG Engine               - isExperimental3D: false
15:05:52.069 [FXGL Background Thread 3 ] DEBUG Engine               - isExperimentalNative: false
15:05:52.069 [FXGL Background Thread 3 ] DEBUG Engine               - isExperimentalTiledLargeMap: false
15:05:52.070 [FXGL Background Thread 3 ] DEBUG Engine               - isFileSystemWriteAllowed: true
15:05:52.070 [FXGL Background Thread 3 ] DEBUG Engine               - isFullScreenAllowed: false
15:05:52.071 [FXGL Background Thread 3 ] DEBUG Engine               - isFullScreenFromStart: false
15:05:52.072 [FXGL Background Thread 3 ] DEBUG Engine               - isGameMenuEnabled: true
15:05:52.072 [FXGL Background Thread 3 ] DEBUG Engine               - isIOS: false
15:05:52.073 [FXGL Background Thread 3 ] DEBUG Engine               - isIntroEnabled: false
15:05:52.073 [FXGL Background Thread 3 ] DEBUG Engine               - isLinux: false
15:05:52.074 [FXGL Background Thread 3 ] DEBUG Engine               - isMac: false
15:05:52.074 [FXGL Background Thread 3 ] DEBUG Engine               - isMainMenuEnabled: false
15:05:52.075 [FXGL Background Thread 3 ] DEBUG Engine               - isManualResizeEnabled: false
15:05:52.076 [FXGL Background Thread 3 ] DEBUG Engine               - isMobile: false
15:05:52.076 [FXGL Background Thread 3 ] DEBUG Engine               - isPreserveResizeRatio: false
15:05:52.077 [FXGL Background Thread 3 ] DEBUG Engine               - isProfilingEnabled: false
15:05:52.077 [FXGL Background Thread 3 ] DEBUG Engine               - isScaleAffectedOnResize: true
15:05:52.078 [FXGL Background Thread 3 ] DEBUG Engine               - isSingleStep: false
15:05:52.078 [FXGL Background Thread 3 ] DEBUG Engine               - isUserProfileEnabled: false
15:05:52.079 [FXGL Background Thread 3 ] DEBUG Engine               - isWindows: true
15:05:52.079 [FXGL Background Thread 3 ] DEBUG Engine               - language: ObjectProperty [value: ENGLISH]
15:05:52.080 [FXGL Background Thread 3 ] DEBUG Engine               - menuKey: ESCAPE
15:05:52.081 [FXGL Background Thread 3 ] DEBUG Engine               - notificationViewClass: class com.almasb.fxgl.notification.view.XboxNotificationView
15:05:52.082 [FXGL Background Thread 3 ] DEBUG Engine               - pixelsPerMeter: 50.0
15:05:52.083 [FXGL Background Thread 3 ] DEBUG Engine               - platform: WINDOWS
15:05:52.084 [FXGL Background Thread 3 ] DEBUG Engine               - prefHeightProperty: ReadOnlyDoubleProperty [value: 700.0]
15:05:52.085 [FXGL Background Thread 3 ] DEBUG Engine               - prefWidthProperty: ReadOnlyDoubleProperty [value: 1050.0]
15:05:52.086 [FXGL Background Thread 3 ] DEBUG Engine               - profileDir: profiles/
15:05:52.086 [FXGL Background Thread 3 ] DEBUG Engine               - profileName: StringProperty [value: DEFAULT]
15:05:52.087 [FXGL Background Thread 3 ] DEBUG Engine               - randomSeed: -1
15:05:52.088 [FXGL Background Thread 3 ] DEBUG Engine               - runtimeInfo: RuntimeInfo(platform=WINDOWS, version=11.14, build=01.03.2021 16.59)
15:05:52.088 [FXGL Background Thread 3 ] DEBUG Engine               - saveFileExt: sav
15:05:52.088 [FXGL Background Thread 3 ] DEBUG Engine               - scaledHeightProp$fxgl: DoubleProperty [bound, value: 700.0]
15:05:52.089 [FXGL Background Thread 3 ] DEBUG Engine               - scaledWidthProp$fxgl: DoubleProperty [bound, value: 1050.0]
15:05:52.090 [FXGL Background Thread 3 ] DEBUG Engine               - sceneFactory: com.almasb.fxgl.app.scene.SceneFactory@2558ddbe
15:05:52.090 [FXGL Background Thread 3 ] DEBUG Engine               - secondsIn24h: 60
15:05:52.090 [FXGL Background Thread 3 ] DEBUG Engine               - soundMenuBack: menu/back.wav
15:05:52.092 [FXGL Background Thread 3 ] DEBUG Engine               - soundMenuPress: menu/press.wav
15:05:52.092 [FXGL Background Thread 3 ] DEBUG Engine               - soundMenuSelect: menu/select.wav
15:05:52.093 [FXGL Background Thread 3 ] DEBUG Engine               - soundNotification: core/notification.wav
15:05:52.093 [FXGL Background Thread 3 ] DEBUG Engine               - stageStyle: DECORATED
15:05:52.094 [FXGL Background Thread 3 ] DEBUG Engine               - supportedLanguages: [ENGLISH, FRENCH, GERMAN, HUNGARIAN, RUSSIAN]
15:05:52.094 [FXGL Background Thread 3 ] DEBUG Engine               - ticksPerSecond: -1
15:05:52.095 [FXGL Background Thread 3 ] DEBUG Engine               - title: Untitled
15:05:52.095 [FXGL Background Thread 3 ] DEBUG Engine               - urlGithub: https://github.com/AlmasB/FXGL
15:05:52.096 [FXGL Background Thread 3 ] DEBUG Engine               - urlLeaderboard: http://fxgl-top.herokuapp.com/
15:05:52.096 [FXGL Background Thread 3 ] DEBUG Engine               - urlPOM: https://raw.githubusercontent.com/AlmasB/FXGL/release/README.md
15:05:52.097 [FXGL Background Thread 3 ] DEBUG Engine               - userAppClass: class Game
15:05:52.097 [FXGL Background Thread 3 ] DEBUG Engine               - version: 0.0
15:05:52.098 [FXGL Background Thread 3 ] DEBUG Engine               - versionCheckDays: 7
15:05:52.099 [FXGL Background Thread 3 ] DEBUG Engine               - width: 1050
15:05:52.100 [FXGL Background Thread 3 ] DEBUG Engine               - Logging services
15:05:52.100 [FXGL Background Thread 3 ] DEBUG Engine               - class com.almasb.fxgl.app.services.FXGLAssetLoaderService
15:05:52.101 [FXGL Background Thread 3 ] DEBUG Engine               - class com.almasb.fxgl.app.FXGLApplication$GameApplicationService
15:05:52.103 [FXGL Background Thread 3 ] DEBUG Engine               - class com.almasb.fxgl.app.services.FXGLDialogService
15:05:52.104 [FXGL Background Thread 3 ] DEBUG Engine               - class com.almasb.fxgl.app.services.IOTaskExecutorService
15:05:52.104 [FXGL Background Thread 3 ] DEBUG Engine               - class com.almasb.fxgl.event.EventBusService
15:05:52.105 [FXGL Background Thread 3 ] DEBUG Engine               - class com.almasb.fxgl.io.FileSystemService
15:05:52.105 [FXGL Background Thread 3 ] DEBUG Engine               - class com.almasb.fxgl.localization.LocalizationService
15:05:52.106 [FXGL Background Thread 3 ] DEBUG Engine               - class com.almasb.fxgl.app.services.SystemBundleService
15:05:52.106 [FXGL Background Thread 3 ] DEBUG Engine               - class com.almasb.fxgl.profile.SaveLoadService
15:05:52.106 [FXGL Background Thread 3 ] DEBUG Engine               - class com.almasb.fxgl.ui.FXGLUIFactoryServiceProvider
15:05:52.108 [FXGL Background Thread 3 ] DEBUG Engine               - class com.almasb.fxgl.ui.FXGLDialogFactoryServiceProvider
15:05:52.108 [FXGL Background Thread 3 ] DEBUG Engine               - class com.almasb.fxgl.audio.AudioPlayer
15:05:52.108 [FXGL Background Thread 3 ] DEBUG Engine               - class com.almasb.fxgl.notification.impl.NotificationServiceProvider
15:05:52.109 [FXGL Background Thread 3 ] DEBUG Engine               - class com.almasb.fxgl.achievement.AchievementService
15:05:52.110 [FXGL Background Thread 3 ] DEBUG Engine               - class com.almasb.fxgl.cutscene.CutsceneService
15:05:52.110 [FXGL Background Thread 3 ] DEBUG Engine               - class com.almasb.fxgl.minigames.MiniGameService
15:05:52.111 [FXGL Background Thread 3 ] DEBUG Engine               - class com.almasb.fxgl.net.NetService
15:05:52.111 [FXGL Background Thread 3 ] DEBUG Engine               - class com.almasb.fxgl.app.services.UpdaterService
15:05:52.112 [FXGL Background Thread 3 ] DEBUG Engine               - class com.almasb.fxgl.dev.DevService
15:05:58.404 [JavaFX Application Thread] DEBUG FXGLApplication      - Exiting FXGL
15:05:58.405 [JavaFX Application Thread] DEBUG LoopRunner           - Stopping loop
15:05:58.405 [JavaFX Application Thread] DEBUG SystemBundleService  - Saving FXGL system data
15:05:58.414 [JavaFX Application Thread] DEBUG FileSystemAccess     - Writing to: C:\Users\diewe\OneDrive\Documenten\GitHub\SE-Challengeweek\system\fxgl.bundle
15:05:58.420 [JavaFX Application Thread] DEBUG Async                - Shutting down background threads
15:05:58.421 [JavaFX Application Thread] DEBUG PrimaryStageWindow   - Closing main window
15:05:58.473 [JavaFX Application Thread] DEBUG Logger               - Closing Logger
