14:55:32.045 [main                     ] DEBUG Logger               - Configured Logger
14:55:32.078 [main                     ] DEBUG GameApplication      - Logging settings
Title: Bomberman
Version: 0.0
Width: 1050
Height: 700
Fullscreen: false
Intro: false
Profiling: false
Single step:false
App Mode: DEVELOPER
Menu Key: ESCAPE
Stage Style: DECORATED
Scene Factory: class com.almasb.fxgl.app.scene.SceneFactory

14:55:32.733 [JavaFX Application Thread] DEBUG FXGLApplication      - Initializing FXGL
14:55:32.738 [JavaFX Application Thread] INFO  Engine               - FXGL-11.14 (01.03.2021 16.59) on WINDOWS (J:15.0.2 FX:15)
14:55:32.739 [JavaFX Application Thread] DEBUG Engine               - JRE Vendor Name: Amazon.com Inc.
14:55:32.739 [JavaFX Application Thread] DEBUG Engine               - Running on OS: Windows 10 version 10.0
14:55:32.739 [JavaFX Application Thread] DEBUG Engine               - Architecture: amd64
14:55:32.740 [JavaFX Application Thread] INFO  Engine               - Source code and latest versions at: https://github.com/AlmasB/FXGL
14:55:32.740 [JavaFX Application Thread] INFO  Engine               -              Join the FXGL chat at: https://gitter.im/AlmasB/FXGL
14:55:32.951 [JavaFX Application Thread] DEBUG PrimaryStageWindow   - Creating a JavaFX scene
14:55:33.036 [JavaFX Application Thread] DEBUG PrimaryStageWindow   - Target settings size: 1050.0 x 700.0
14:55:33.037 [JavaFX Application Thread] DEBUG PrimaryStageWindow   - Scaled scene size:    1050.0 x 700.0
14:55:33.037 [JavaFX Application Thread] DEBUG PrimaryStageWindow   - Scaled ratio: (1.0, 1.0)
14:55:33.039 [JavaFX Application Thread] DEBUG PrimaryStageWindow   - Set initial scene to FXGLStartupScene
14:55:33.049 [JavaFX Application Thread] DEBUG PrimaryStageWindow   - Opening main window
14:55:33.200 [JavaFX Application Thread] DEBUG PrimaryStageWindow   - Window border size: (14.800048828125, 37.5999755859375)
14:55:33.200 [JavaFX Application Thread] DEBUG PrimaryStageWindow   - Scaled size: 1050.0 x 700.0
14:55:33.201 [JavaFX Application Thread] DEBUG PrimaryStageWindow   - Scaled ratio: (1.0, 1.0)
14:55:33.201 [JavaFX Application Thread] DEBUG PrimaryStageWindow   - Scene size: 1050.0 x 700.0
14:55:33.202 [JavaFX Application Thread] DEBUG PrimaryStageWindow   - Stage size: 1064.800048828125 x 737.5999755859375
14:55:33.219 [FXGL Background Thread 1 ] DEBUG Engine               - Initializing environment variables
14:55:33.284 [FXGL Background Thread 1 ] DEBUG FXGLAssetLoaderServi - User app class for loading assets: class Game
14:55:33.284 [FXGL Background Thread 1 ] DEBUG GameApplicationServi - Applying CSS: fxgl_dark.css
14:55:33.286 [FXGL Background Thread 1 ] DEBUG FXGLAssetLoaderServi - Loading from file system: jar:file:/C:/Users/diewe/.m2/repository/com/github/almasb/fxgl/11.14/fxgl-11.14.jar!/fxglassets/ui/css/fxgl_dark.css
14:55:33.371 [FXGL Background Thread 1 ] DEBUG GameApplicationServi - Initializing application scenes
14:55:33.439 [FXGL Background Thread 1 ] DEBUG GameWorld            - Game world initialized
14:55:33.529 [FXGL Background Thread 1 ] DEBUG PhysicsWorld         - Physics world initialized: appHeight=700, physics.ppm=50,0
14:55:33.529 [FXGL Background Thread 1 ] DEBUG PhysicsWorld         - Using strategy: BRUTE_FORCE
14:55:33.532 [FXGL Background Thread 1 ] DEBUG GameScene            - Game scene initialized: 1050x700
14:55:33.578 [FXGL Background Thread 1 ] DEBUG FXGLAssetLoaderServi - Loading from file system: jar:file:/C:/Users/diewe/.m2/repository/com/github/almasb/fxgl/11.14/fxgl-11.14.jar!/fxglassets/textures/particles/trace_horizontal.png
14:55:33.628 [FXGL Background Thread 1 ] DEBUG FXGL.DefaultMenu     - createMenuBodyMainMenu()
14:55:33.643 [FXGL Background Thread 1 ] DEBUG FXGL.DefaultMenu     - createOptionsMenu()
14:55:33.650 [FXGL Background Thread 1 ] DEBUG FXGLAssetLoaderServi - Loading from file system: jar:file:/C:/Users/diewe/.m2/repository/com/github/almasb/fxgl/11.14/fxgl-11.14.jar!/fxglassets/textures/particles/smoke.png
14:55:33.725 [FXGL Background Thread 1 ] DEBUG FXGL.DefaultMenu     - createMenuBodyGameMenu()
14:55:33.726 [FXGL Background Thread 1 ] DEBUG FXGL.DefaultMenu     - createOptionsMenu()
14:55:33.748 [FXGL Background Thread 1 ] DEBUG GameApplicationServi - Application scenes initialized
14:55:33.764 [FXGL Background Thread 1 ] DEBUG SystemBundleService  - Loading FXGL system data
14:55:33.769 [FXGL Background Thread 1 ] DEBUG FileSystemAccess     - Reading from: C:\Users\diewe\OneDrive\Documenten\GitHub\SE-Challengeweek\system\fxgl.bundle
14:55:33.777 [FXGL Background Thread 1 ] DEBUG SystemBundleService  - Bundle FXGL: {}
14:55:33.777 [FXGL Background Thread 1 ] DEBUG UpdaterService       - Checking for updates
14:55:33.812 [FXGL Background Thread 4 ] DEBUG FXGLApplication      - Loading fonts
14:55:33.813 [FXGL Background Thread 1 ] DEBUG FXGLApplication      - Loading default localization
14:55:33.813 [FXGL Background Thread 4 ] DEBUG FXGLAssetLoaderServi - Loading from file system: jar:file:/C:/Users/diewe/.m2/repository/com/github/almasb/fxgl/11.14/fxgl-11.14.jar!/fxglassets/ui/fonts/VarelaRound-Regular.ttf
14:55:33.814 [FXGL Background Thread 1 ] DEBUG FXGLAssetLoaderServi - Loading from file system: jar:file:/C:/Users/diewe/.m2/repository/com/github/almasb/fxgl/11.14/fxgl-11.14.jar!/fxglassets/languages/english.lang
14:55:33.839 [FXGL Background Thread 1 ] INFO  FXGLApplication      - FXGL initialization took: 0,620 sec
14:55:33.856 [JavaFX Application Thread] DEBUG Input                - Registered new binding: up - W
14:55:33.857 [JavaFX Application Thread] DEBUG Input                - Registered new binding: down - S
14:55:33.857 [JavaFX Application Thread] DEBUG Input                - Registered new binding: left - A
14:55:33.858 [JavaFX Application Thread] DEBUG Input                - Registered new binding: right - D
14:55:33.858 [JavaFX Application Thread] DEBUG Input                - Registered new binding: Place Bomb - F
14:55:33.859 [JavaFX Application Thread] DEBUG FXGLAssetLoaderServi - Loading from file system: jar:file:/C:/Users/diewe/.m2/repository/com/github/almasb/fxgl/11.14/fxgl-11.14.jar!/fxglassets/textures/fxgl_icon.png
14:55:33.893 [JavaFX Application Thread] DEBUG FXGLAssetLoaderServi - Loading from file system: jar:file:/C:/Users/diewe/.m2/repository/com/github/almasb/fxgl/11.14/fxgl-11.14.jar!/fxglassets/ui/cursors/fxgl_default.png
14:55:33.895 [JavaFX Application Thread] DEBUG Input                - Registered new binding: Screenshot - P
14:55:33.896 [JavaFX Application Thread] DEBUG Input                - Registered new binding: Dev Options - 1
14:55:33.897 [JavaFX Application Thread] DEBUG Input                - Registered new binding: Dev Console - 2
14:55:33.898 [JavaFX Application Thread] DEBUG Input                - Registered new binding: System info dump - CTRL+9
14:55:33.899 [JavaFX Application Thread] DEBUG Input                - Registered new binding: Restart - CTRL+R
14:55:33.900 [JavaFX Application Thread] DEBUG Input                - Registered new binding: Toggle Debug Camera - CTRL+C
14:55:33.904 [JavaFX Application Thread] DEBUG LoopRunner           - Starting loop
14:55:33.914 [FXGL Background Thread 4 ] DEBUG FXGLAssetLoaderServi - Loading from file system: jar:file:/C:/Users/diewe/.m2/repository/com/github/almasb/fxgl/11.14/fxgl-11.14.jar!/fxglassets/ui/fonts/Abel-Regular.ttf
14:55:33.923 [JavaFX Application Thread] DEBUG LoopRunner           - Initializing JavaFX AnimationTimerLoop
14:55:33.927 [JavaFX Application Thread] DEBUG Input                - Clearing active input actions
14:55:33.936 [JavaFX Application Thread] DEBUG GameApplicationServi - Removing overlay from FXGLStartupScene and adding to FXGLMainMenuDummyScene
14:55:33.938 [FXGL Background Thread 4 ] DEBUG FXGLAssetLoaderServi - Loading from file system: jar:file:/C:/Users/diewe/.m2/repository/com/github/almasb/fxgl/11.14/fxgl-11.14.jar!/fxglassets/ui/fonts/lucida_console.ttf
14:55:33.942 [JavaFX Application Thread] DEBUG PrimaryStageWindow   - FXGLStartupScene -> FXGLMainMenuDummyScene
14:55:33.942 [JavaFX Application Thread] DEBUG PrimaryStageWindow   - Push state: FXGLDefaultMenu
14:55:33.949 [JavaFX Application Thread] DEBUG Input                - Clearing active input actions
14:55:33.953 [FXGL Background Thread 4 ] WARN  FXGLAssetLoaderServi - Asset "/assets/ui/fonts/Calibri" was not found!
14:55:33.953 [FXGL Background Thread 4 ] WARN  FXGLAssetLoaderServi - Failed to load FONT
14:55:33.960 [JavaFX Application Thread] DEBUG GameApplicationServi - Removing overlay from FXGLMainMenuDummyScene and adding to FXGLDefaultMenu
14:55:33.961 [JavaFX Application Thread] DEBUG PrimaryStageWindow   - FXGLMainMenuDummyScene -> FXGLDefaultMenu
14:55:34.218 [JavaFX Application Thread] DEBUG FXGLApplication      - Registering font factories with UI factory
14:55:34.238 [FXGL Background Thread 2 ] INFO  UpdaterService       - Your current version:  11.14
14:55:34.239 [FXGL Background Thread 2 ] INFO  UpdaterService       - Latest stable version: 17.1
14:55:36.812 [FXGL Background Thread 3 ] DEBUG Engine               - Logging environment variables
14:55:36.812 [FXGL Background Thread 3 ] DEBUG Engine               - achievements: []
14:55:36.813 [FXGL Background Thread 3 ] DEBUG Engine               - actualHeight: 700.0
14:55:36.813 [FXGL Background Thread 3 ] DEBUG Engine               - actualHeightProperty: ReadOnlyDoubleProperty [value: 700.0]
14:55:36.813 [FXGL Background Thread 3 ] DEBUG Engine               - actualWidth: 1050.0
14:55:36.813 [FXGL Background Thread 3 ] DEBUG Engine               - actualWidthProperty: ReadOnlyDoubleProperty [value: 1050.0]
14:55:36.814 [FXGL Background Thread 3 ] DEBUG Engine               - appIcon: fxgl_icon.png
14:55:36.814 [FXGL Background Thread 3 ] DEBUG Engine               - applicationMode: DEVELOPER
14:55:36.814 [FXGL Background Thread 3 ] DEBUG Engine               - cSSList: [fxgl_dark.css]
14:55:36.814 [FXGL Background Thread 3 ] DEBUG Engine               - collisionDetectionStrategy: BRUTE_FORCE
14:55:36.815 [FXGL Background Thread 3 ] DEBUG Engine               - configClass: Optional.empty
14:55:36.815 [FXGL Background Thread 3 ] DEBUG Engine               - credits: []
14:55:36.816 [FXGL Background Thread 3 ] DEBUG Engine               - devBBoxColorProperty: ObjectProperty [value: 0xff0000ff]
14:55:36.816 [FXGL Background Thread 3 ] DEBUG Engine               - devEnableDebugCameraProperty: BooleanProperty [value: false]
14:55:36.817 [FXGL Background Thread 3 ] DEBUG Engine               - devSensorColorProperty: ObjectProperty [value: 0xffff00ff]
14:55:36.817 [FXGL Background Thread 3 ] DEBUG Engine               - devShowBBoxProperty: BooleanProperty [value: false]
14:55:36.818 [FXGL Background Thread 3 ] DEBUG Engine               - devShowPositionProperty: BooleanProperty [value: false]
14:55:36.818 [FXGL Background Thread 3 ] DEBUG Engine               - enabledMenuItems: []
14:55:36.819 [FXGL Background Thread 3 ] DEBUG Engine               - engineServices: [class com.almasb.fxgl.app.services.FXGLAssetLoaderService, class com.almasb.fxgl.app.FXGLApplication$GameApplicationService, class com.almasb.fxgl.app.services.FXGLDialogService, class com.almasb.fxgl.app.services.IOTaskExecutorService, class com.almasb.fxgl.event.EventBusService, class com.almasb.fxgl.io.FileSystemService, class com.almasb.fxgl.localization.LocalizationService, class com.almasb.fxgl.app.services.SystemBundleService, class com.almasb.fxgl.profile.SaveLoadService, class com.almasb.fxgl.ui.FXGLUIFactoryServiceProvider, class com.almasb.fxgl.ui.FXGLDialogFactoryServiceProvider, class com.almasb.fxgl.audio.AudioPlayer, class com.almasb.fxgl.notification.impl.NotificationServiceProvider, class com.almasb.fxgl.achievement.AchievementService, class com.almasb.fxgl.cutscene.CutsceneService, class com.almasb.fxgl.minigames.MiniGameService, class com.almasb.fxgl.net.NetService, class com.almasb.fxgl.app.services.UpdaterService, class com.almasb.fxgl.dev.DevService]
14:55:36.820 [FXGL Background Thread 3 ] DEBUG Engine               - fontGame: Abel-Regular.ttf
14:55:36.820 [FXGL Background Thread 3 ] DEBUG Engine               - fontMono: lucida_console.ttf
14:55:36.821 [FXGL Background Thread 3 ] DEBUG Engine               - fontText: Calibri
14:55:36.821 [FXGL Background Thread 3 ] DEBUG Engine               - fontUI: VarelaRound-Regular.ttf
14:55:36.821 [FXGL Background Thread 3 ] DEBUG Engine               - fullScreen: BooleanProperty [value: false]
14:55:36.821 [FXGL Background Thread 3 ] DEBUG Engine               - gameDifficulty: MEDIUM
14:55:36.821 [FXGL Background Thread 3 ] DEBUG Engine               - gameDifficultyProperty: ObjectProperty [value: MEDIUM]
14:55:36.822 [FXGL Background Thread 3 ] DEBUG Engine               - globalMusicVolume: 0.5
14:55:36.822 [FXGL Background Thread 3 ] DEBUG Engine               - globalMusicVolumeProperty: DoubleProperty [value: 0.5]
14:55:36.822 [FXGL Background Thread 3 ] DEBUG Engine               - globalSoundVolume: 0.5
14:55:36.822 [FXGL Background Thread 3 ] DEBUG Engine               - globalSoundVolumeProperty: DoubleProperty [value: 0.5]
14:55:36.823 [FXGL Background Thread 3 ] DEBUG Engine               - height: 700
14:55:36.823 [FXGL Background Thread 3 ] DEBUG Engine               - isAndroid: false
14:55:36.823 [FXGL Background Thread 3 ] DEBUG Engine               - isBrowser: false
14:55:36.823 [FXGL Background Thread 3 ] DEBUG Engine               - isClickFeedbackEnabled: false
14:55:36.824 [FXGL Background Thread 3 ] DEBUG Engine               - isCloseConfirmation: false
14:55:36.824 [FXGL Background Thread 3 ] DEBUG Engine               - isDesktop: true
14:55:36.824 [FXGL Background Thread 3 ] DEBUG Engine               - isDeveloperMenuEnabled: true
14:55:36.824 [FXGL Background Thread 3 ] DEBUG Engine               - isEntityPreloadEnabled: true
14:55:36.824 [FXGL Background Thread 3 ] DEBUG Engine               - isExperimental3D: false
14:55:36.825 [FXGL Background Thread 3 ] DEBUG Engine               - isExperimentalNative: false
14:55:36.825 [FXGL Background Thread 3 ] DEBUG Engine               - isExperimentalTiledLargeMap: false
14:55:36.825 [FXGL Background Thread 3 ] DEBUG Engine               - isFileSystemWriteAllowed: true
14:55:36.825 [FXGL Background Thread 3 ] DEBUG Engine               - isFullScreenAllowed: false
14:55:36.825 [FXGL Background Thread 3 ] DEBUG Engine               - isFullScreenFromStart: false
14:55:36.825 [FXGL Background Thread 3 ] DEBUG Engine               - isGameMenuEnabled: true
14:55:36.825 [FXGL Background Thread 3 ] DEBUG Engine               - isIOS: false
14:55:36.826 [FXGL Background Thread 3 ] DEBUG Engine               - isIntroEnabled: false
14:55:36.826 [FXGL Background Thread 3 ] DEBUG Engine               - isLinux: false
14:55:36.826 [FXGL Background Thread 3 ] DEBUG Engine               - isMac: false
14:55:36.827 [FXGL Background Thread 3 ] DEBUG Engine               - isMainMenuEnabled: true
14:55:36.827 [FXGL Background Thread 3 ] DEBUG Engine               - isManualResizeEnabled: false
14:55:36.827 [FXGL Background Thread 3 ] DEBUG Engine               - isMobile: false
14:55:36.827 [FXGL Background Thread 3 ] DEBUG Engine               - isPreserveResizeRatio: false
14:55:36.827 [FXGL Background Thread 3 ] DEBUG Engine               - isProfilingEnabled: false
14:55:36.828 [FXGL Background Thread 3 ] DEBUG Engine               - isScaleAffectedOnResize: true
14:55:36.828 [FXGL Background Thread 3 ] DEBUG Engine               - isSingleStep: false
14:55:36.828 [FXGL Background Thread 3 ] DEBUG Engine               - isUserProfileEnabled: false
14:55:36.828 [FXGL Background Thread 3 ] DEBUG Engine               - isWindows: true
14:55:36.828 [FXGL Background Thread 3 ] DEBUG Engine               - language: ObjectProperty [value: ENGLISH]
14:55:36.829 [FXGL Background Thread 3 ] DEBUG Engine               - menuKey: ESCAPE
14:55:36.829 [FXGL Background Thread 3 ] DEBUG Engine               - notificationViewClass: class com.almasb.fxgl.notification.view.XboxNotificationView
14:55:36.829 [FXGL Background Thread 3 ] DEBUG Engine               - pixelsPerMeter: 50.0
14:55:36.829 [FXGL Background Thread 3 ] DEBUG Engine               - platform: WINDOWS
14:55:36.830 [FXGL Background Thread 3 ] DEBUG Engine               - prefHeightProperty: ReadOnlyDoubleProperty [value: 700.0]
14:55:36.830 [FXGL Background Thread 3 ] DEBUG Engine               - prefWidthProperty: ReadOnlyDoubleProperty [value: 1050.0]
14:55:36.830 [FXGL Background Thread 3 ] DEBUG Engine               - profileDir: profiles/
14:55:36.830 [FXGL Background Thread 3 ] DEBUG Engine               - profileName: StringProperty [value: DEFAULT]
14:55:36.831 [FXGL Background Thread 3 ] DEBUG Engine               - randomSeed: -1
14:55:36.831 [FXGL Background Thread 3 ] DEBUG Engine               - runtimeInfo: RuntimeInfo(platform=WINDOWS, version=11.14, build=01.03.2021 16.59)
14:55:36.831 [FXGL Background Thread 3 ] DEBUG Engine               - saveFileExt: sav
14:55:36.832 [FXGL Background Thread 3 ] DEBUG Engine               - scaledHeightProp$fxgl: DoubleProperty [bound, value: 700.0]
14:55:36.832 [FXGL Background Thread 3 ] DEBUG Engine               - scaledWidthProp$fxgl: DoubleProperty [bound, value: 1050.0]
14:55:36.832 [FXGL Background Thread 3 ] DEBUG Engine               - sceneFactory: com.almasb.fxgl.app.scene.SceneFactory@47f9e0eb
14:55:36.833 [FXGL Background Thread 3 ] DEBUG Engine               - secondsIn24h: 60
14:55:36.833 [FXGL Background Thread 3 ] DEBUG Engine               - soundMenuBack: menu/back.wav
14:55:36.833 [FXGL Background Thread 3 ] DEBUG Engine               - soundMenuPress: menu/press.wav
14:55:36.833 [FXGL Background Thread 3 ] DEBUG Engine               - soundMenuSelect: menu/select.wav
14:55:36.834 [FXGL Background Thread 3 ] DEBUG Engine               - soundNotification: core/notification.wav
14:55:36.834 [FXGL Background Thread 3 ] DEBUG Engine               - stageStyle: DECORATED
14:55:36.835 [FXGL Background Thread 3 ] DEBUG Engine               - supportedLanguages: [ENGLISH, FRENCH, GERMAN, HUNGARIAN, RUSSIAN]
14:55:36.835 [FXGL Background Thread 3 ] DEBUG Engine               - ticksPerSecond: -1
14:55:36.836 [FXGL Background Thread 3 ] DEBUG Engine               - title: Bomberman
14:55:36.837 [FXGL Background Thread 3 ] DEBUG Engine               - urlGithub: https://github.com/AlmasB/FXGL
14:55:36.837 [FXGL Background Thread 3 ] DEBUG Engine               - urlLeaderboard: http://fxgl-top.herokuapp.com/
14:55:36.837 [FXGL Background Thread 3 ] DEBUG Engine               - urlPOM: https://raw.githubusercontent.com/AlmasB/FXGL/release/README.md
14:55:36.837 [FXGL Background Thread 3 ] DEBUG Engine               - userAppClass: class Game
14:55:36.837 [FXGL Background Thread 3 ] DEBUG Engine               - version: 0.0
14:55:36.838 [FXGL Background Thread 3 ] DEBUG Engine               - versionCheckDays: 7
14:55:36.838 [FXGL Background Thread 3 ] DEBUG Engine               - width: 1050
14:55:36.838 [FXGL Background Thread 3 ] DEBUG Engine               - Logging services
14:55:36.838 [FXGL Background Thread 3 ] DEBUG Engine               - class com.almasb.fxgl.app.services.FXGLAssetLoaderService
14:55:36.838 [FXGL Background Thread 3 ] DEBUG Engine               - class com.almasb.fxgl.app.FXGLApplication$GameApplicationService
14:55:36.839 [FXGL Background Thread 3 ] DEBUG Engine               - class com.almasb.fxgl.app.services.FXGLDialogService
14:55:36.839 [FXGL Background Thread 3 ] DEBUG Engine               - class com.almasb.fxgl.app.services.IOTaskExecutorService
14:55:36.839 [FXGL Background Thread 3 ] DEBUG Engine               - class com.almasb.fxgl.event.EventBusService
14:55:36.839 [FXGL Background Thread 3 ] DEBUG Engine               - class com.almasb.fxgl.io.FileSystemService
14:55:36.839 [FXGL Background Thread 3 ] DEBUG Engine               - class com.almasb.fxgl.localization.LocalizationService
14:55:36.840 [FXGL Background Thread 3 ] DEBUG Engine               - class com.almasb.fxgl.app.services.SystemBundleService
14:55:36.840 [FXGL Background Thread 3 ] DEBUG Engine               - class com.almasb.fxgl.profile.SaveLoadService
14:55:36.840 [FXGL Background Thread 3 ] DEBUG Engine               - class com.almasb.fxgl.ui.FXGLUIFactoryServiceProvider
14:55:36.840 [FXGL Background Thread 3 ] DEBUG Engine               - class com.almasb.fxgl.ui.FXGLDialogFactoryServiceProvider
14:55:36.840 [FXGL Background Thread 3 ] DEBUG Engine               - class com.almasb.fxgl.audio.AudioPlayer
14:55:36.840 [FXGL Background Thread 3 ] DEBUG Engine               - class com.almasb.fxgl.notification.impl.NotificationServiceProvider
14:55:36.840 [FXGL Background Thread 3 ] DEBUG Engine               - class com.almasb.fxgl.achievement.AchievementService
14:55:36.841 [FXGL Background Thread 3 ] DEBUG Engine               - class com.almasb.fxgl.cutscene.CutsceneService
14:55:36.841 [FXGL Background Thread 3 ] DEBUG Engine               - class com.almasb.fxgl.minigames.MiniGameService
14:55:36.841 [FXGL Background Thread 3 ] DEBUG Engine               - class com.almasb.fxgl.net.NetService
14:55:36.841 [FXGL Background Thread 3 ] DEBUG Engine               - class com.almasb.fxgl.app.services.UpdaterService
14:55:36.841 [FXGL Background Thread 3 ] DEBUG Engine               - class com.almasb.fxgl.dev.DevService
14:56:40.094 [JavaFX Application Thread] DEBUG Menu                 - fireNewGame()
14:56:40.094 [JavaFX Application Thread] DEBUG GameApplicationServi - Starting new game
14:56:40.096 [JavaFX Application Thread] DEBUG PrimaryStageWindow   - Pop state: FXGLDefaultMenu
14:56:40.096 [JavaFX Application Thread] DEBUG Input                - Clearing active input actions
14:56:40.098 [JavaFX Application Thread] DEBUG GameApplicationServi - Removing overlay from FXGLDefaultMenu and adding to FXGLMainMenuDummyScene
14:56:40.099 [JavaFX Application Thread] DEBUG PrimaryStageWindow   - FXGLMainMenuDummyScene <- FXGLDefaultMenu
14:56:40.099 [JavaFX Application Thread] DEBUG Input                - Clearing active input actions
14:56:40.108 [JavaFX Application Thread] DEBUG GameApplicationServi - Removing overlay from FXGLMainMenuDummyScene and adding to FXGLLoadingScene
14:56:40.109 [JavaFX Application Thread] DEBUG PrimaryStageWindow   - FXGLMainMenuDummyScene -> FXGLLoadingScene
14:56:40.109 [JavaFX Application Thread] DEBUG GameApplicationServi - Clearing previous game
14:56:40.109 [JavaFX Application Thread] DEBUG GameScene            - Clearing game scene
14:56:40.109 [JavaFX Application Thread] DEBUG GameWorld            - Clearing game world
14:56:40.109 [JavaFX Application Thread] DEBUG PhysicsWorld         - Clearing physics world
14:56:40.111 [FXGL Background Thread 5 ] DEBUG FXGLApplication      - Initializing game
14:56:40.160 [FXGL Background Thread 5 ] WARN  TMXLevelLoader       - TiledMap generated from 1.0.1. Supported version: 1.2.3. Some features may not be parsed fully.
14:56:40.174 [FXGL Background Thread 5 ] DEBUG TMXLevelLoader       - Parsed raw map: TiledMap(width=15, height=13, tilewidth=64, tileheight=64, orientation=orthogonal, layers=[Layer(width=15, height=13, name=Tile Layer 1, type=tilelayer, visible=false, x=0, y=0, data=[5, 5, 5, 5, 5, 5, 5, 5, 5, 5, 5, 5, 5, 5, 5, 5, 2, 2, 2, 2, 2, 2, 2, 2, 2, 2, 2, 2, 2, 5, 5, 2, 8, 2, 8, 2, 8, 2, 8, 2, 8, 2, 8, 2, 5, 5, 2, 2, 2, 2, 2, 2, 2, 2, 2, 2, 2, 2, 2, 5, 5, 2, 8, 2, 8, 2, 8, 2, 8, 2, 8, 2, 8, 2, 5, 5, 2, 2, 2, 2, 2, 2, 2, 2, 2, 2, 2, 2, 2, 5, 5, 2, 8, 2, 8, 2, 8, 2, 8, 2, 8, 2, 8, 2, 5, 5, 2, 2, 2, 2, 2, 2, 2, 2, 2, 2, 2, 2, 2, 5, 5, 2, 8, 2, 8, 2, 8, 2, 8, 2, 8, 2, 8, 2, 5, 5, 2, 2, 2, 2, 2, 2, 2, 2, 2, 2, 2, 2, 2, 5, 5, 2, 8, 2, 8, 2, 8, 2, 8, 2, 8, 2, 8, 2, 5, 5, 2, 2, 2, 2, 2, 2, 2, 2, 2, 2, 2, 2, 2, 5, 5, 5, 5, 5, 5, 5, 5, 5, 5, 5, 5, 5, 5, 5, 5], objects=[], opacity=0.0, draworder=), Layer(width=0, height=0, name=Object Layer 1, type=objectgroup, visible=false, x=0, y=0, data=[], objects=[com.almasb.fxgl.entity.level.tiled.TiledObject@34de8f10, com.almasb.fxgl.entity.level.tiled.TiledObject@75a84809, com.almasb.fxgl.entity.level.tiled.TiledObject@5012722d, com.almasb.fxgl.entity.level.tiled.TiledObject@2453abda, com.almasb.fxgl.entity.level.tiled.TiledObject@64b5064f, com.almasb.fxgl.entity.level.tiled.TiledObject@53eae2d0, com.almasb.fxgl.entity.level.tiled.TiledObject@102a619a, com.almasb.fxgl.entity.level.tiled.TiledObject@299e053e, com.almasb.fxgl.entity.level.tiled.TiledObject@65d5f93c, com.almasb.fxgl.entity.level.tiled.TiledObject@61ad7b34, com.almasb.fxgl.entity.level.tiled.TiledObject@2248e02a, com.almasb.fxgl.entity.level.tiled.TiledObject@7b26b6a8, com.almasb.fxgl.entity.level.tiled.TiledObject@3170bce9, com.almasb.fxgl.entity.level.tiled.TiledObject@3b0e1528, com.almasb.fxgl.entity.level.tiled.TiledObject@5ea2ebd3, com.almasb.fxgl.entity.level.tiled.TiledObject@107f9559, com.almasb.fxgl.entity.level.tiled.TiledObject@245ce44b, com.almasb.fxgl.entity.level.tiled.TiledObject@6fb012bd, com.almasb.fxgl.entity.level.tiled.TiledObject@268590eb, com.almasb.fxgl.entity.level.tiled.TiledObject@4a3c0c3f, com.almasb.fxgl.entity.level.tiled.TiledObject@981d78f, com.almasb.fxgl.entity.level.tiled.TiledObject@664b09f8, com.almasb.fxgl.entity.level.tiled.TiledObject@6cc3df12, com.almasb.fxgl.entity.level.tiled.TiledObject@46b47b41, com.almasb.fxgl.entity.level.tiled.TiledObject@418ee1b7, com.almasb.fxgl.entity.level.tiled.TiledObject@7f3424b7, com.almasb.fxgl.entity.level.tiled.TiledObject@d7d4f0c, com.almasb.fxgl.entity.level.tiled.TiledObject@68f64391, com.almasb.fxgl.entity.level.tiled.TiledObject@5e439461, com.almasb.fxgl.entity.level.tiled.TiledObject@c1282, com.almasb.fxgl.entity.level.tiled.TiledObject@676e38a0, com.almasb.fxgl.entity.level.tiled.TiledObject@3d5e1517, com.almasb.fxgl.entity.level.tiled.TiledObject@7ffc7e41, com.almasb.fxgl.entity.level.tiled.TiledObject@1f04fb3e], opacity=0.0, draworder=)], tilesets=[Tileset(firstgid=1, image=tileset level 2.png, name=tileset level 2, tilewidth=64, tileheight=64, imagewidth=320, imageheight=64, margin=0, spacing=2, columns=4, tilecount=4, transparentcolor=, tiles=[]), Tileset(firstgid=5, image=tileset level 1.png, name=tileset level 1, tilewidth=64, tileheight=64, imagewidth=320, imageheight=64, margin=0, spacing=2, columns=4, tilecount=4, transparentcolor=, tiles=[])], backgroundcolor=, renderorder=right-down, nextobjectid=310, version=1, tiledversion=1.0.1, type=map, infinite=false, hexsidelength=0, staggeraxis=, staggerindex=, properties={}, propertytypes={})
14:56:40.175 [FXGL Background Thread 5 ] DEBUG TMXLevelLoader       - Creating tile layer entities
14:56:40.176 [FXGL Background Thread 5 ] DEBUG TilesetLoader        - Loading view for layer Tile Layer 1
14:56:40.179 [FXGL Background Thread 5 ] DEBUG TilesetLoader        - Created buffer with size 960.0x832.0
14:56:40.181 [FXGL Background Thread 5 ] DEBUG TilesetLoader        - Writing to buffer: dst=0,0, w=64,h=64, src=0,0
14:56:40.181 [FXGL Background Thread 5 ] DEBUG TilesetLoader        - Writing to buffer: dst=64,0, w=64,h=64, src=0,0
14:56:40.181 [FXGL Background Thread 5 ] DEBUG TilesetLoader        - Writing to buffer: dst=128,0, w=64,h=64, src=0,0
14:56:40.182 [FXGL Background Thread 5 ] DEBUG TilesetLoader        - Writing to buffer: dst=192,0, w=64,h=64, src=0,0
14:56:40.182 [FXGL Background Thread 5 ] DEBUG TilesetLoader        - Writing to buffer: dst=256,0, w=64,h=64, src=0,0
14:56:40.182 [FXGL Background Thread 5 ] DEBUG TilesetLoader        - Writing to buffer: dst=320,0, w=64,h=64, src=0,0
14:56:40.182 [FXGL Background Thread 5 ] DEBUG TilesetLoader        - Writing to buffer: dst=384,0, w=64,h=64, src=0,0
14:56:40.182 [FXGL Background Thread 5 ] DEBUG TilesetLoader        - Writing to buffer: dst=448,0, w=64,h=64, src=0,0
14:56:40.182 [FXGL Background Thread 5 ] DEBUG TilesetLoader        - Writing to buffer: dst=512,0, w=64,h=64, src=0,0
14:56:40.183 [FXGL Background Thread 5 ] DEBUG TilesetLoader        - Writing to buffer: dst=576,0, w=64,h=64, src=0,0
14:56:40.183 [FXGL Background Thread 5 ] DEBUG TilesetLoader        - Writing to buffer: dst=640,0, w=64,h=64, src=0,0
14:56:40.183 [FXGL Background Thread 5 ] DEBUG TilesetLoader        - Writing to buffer: dst=704,0, w=64,h=64, src=0,0
14:56:40.183 [FXGL Background Thread 5 ] DEBUG TilesetLoader        - Writing to buffer: dst=768,0, w=64,h=64, src=0,0
14:56:40.184 [FXGL Background Thread 5 ] DEBUG TilesetLoader        - Writing to buffer: dst=832,0, w=64,h=64, src=0,0
14:56:40.184 [FXGL Background Thread 5 ] DEBUG TilesetLoader        - Writing to buffer: dst=896,0, w=64,h=64, src=0,0
14:56:40.184 [FXGL Background Thread 5 ] DEBUG TilesetLoader        - Writing to buffer: dst=0,64, w=64,h=64, src=0,0
14:56:40.185 [FXGL Background Thread 5 ] WARN  TilesetLoader        - tileset level 2.png cannot be loaded using mapURL=file:/C:/Users/diewe/OneDrive/Documenten/GitHub/SE-Challengeweek/target/classes/assets/levels/level1.tmx Error: java.io.FileNotFoundException: C:\Users\diewe\OneDrive\Documenten\GitHub\SE-Challengeweek\target\classes\assets\levels\tileset level 2.png (Het systeem kan het opgegeven bestand niet vinden)
14:56:40.232 [FXGL Background Thread 5 ] DEBUG TilesetLoader        - Writing to buffer: dst=64,64, w=64,h=64, src=66,0
14:56:40.233 [FXGL Background Thread 5 ] DEBUG TilesetLoader        - Writing to buffer: dst=128,64, w=64,h=64, src=66,0
14:56:40.233 [FXGL Background Thread 5 ] DEBUG TilesetLoader        - Writing to buffer: dst=192,64, w=64,h=64, src=66,0
14:56:40.233 [FXGL Background Thread 5 ] DEBUG TilesetLoader        - Writing to buffer: dst=256,64, w=64,h=64, src=66,0
14:56:40.233 [FXGL Background Thread 5 ] DEBUG TilesetLoader        - Writing to buffer: dst=320,64, w=64,h=64, src=66,0
14:56:40.233 [FXGL Background Thread 5 ] DEBUG TilesetLoader        - Writing to buffer: dst=384,64, w=64,h=64, src=66,0
14:56:40.233 [FXGL Background Thread 5 ] DEBUG TilesetLoader        - Writing to buffer: dst=448,64, w=64,h=64, src=66,0
14:56:40.233 [FXGL Background Thread 5 ] DEBUG TilesetLoader        - Writing to buffer: dst=512,64, w=64,h=64, src=66,0
14:56:40.234 [FXGL Background Thread 5 ] DEBUG TilesetLoader        - Writing to buffer: dst=576,64, w=64,h=64, src=66,0
14:56:40.234 [FXGL Background Thread 5 ] DEBUG TilesetLoader        - Writing to buffer: dst=640,64, w=64,h=64, src=66,0
14:56:40.234 [FXGL Background Thread 5 ] DEBUG TilesetLoader        - Writing to buffer: dst=704,64, w=64,h=64, src=66,0
14:56:40.234 [FXGL Background Thread 5 ] DEBUG TilesetLoader        - Writing to buffer: dst=768,64, w=64,h=64, src=66,0
14:56:40.234 [FXGL Background Thread 5 ] DEBUG TilesetLoader        - Writing to buffer: dst=832,64, w=64,h=64, src=66,0
14:56:40.234 [FXGL Background Thread 5 ] DEBUG TilesetLoader        - Writing to buffer: dst=896,64, w=64,h=64, src=0,0
14:56:40.234 [FXGL Background Thread 5 ] DEBUG TilesetLoader        - Writing to buffer: dst=0,128, w=64,h=64, src=0,0
14:56:40.235 [FXGL Background Thread 5 ] DEBUG TilesetLoader        - Writing to buffer: dst=64,128, w=64,h=64, src=66,0
14:56:40.235 [FXGL Background Thread 5 ] DEBUG TilesetLoader        - Writing to buffer: dst=128,128, w=64,h=64, src=198,0
14:56:40.235 [FXGL Background Thread 5 ] DEBUG TilesetLoader        - Writing to buffer: dst=192,128, w=64,h=64, src=66,0
14:56:40.235 [FXGL Background Thread 5 ] DEBUG TilesetLoader        - Writing to buffer: dst=256,128, w=64,h=64, src=198,0
14:56:40.235 [FXGL Background Thread 5 ] DEBUG TilesetLoader        - Writing to buffer: dst=320,128, w=64,h=64, src=66,0
14:56:40.236 [FXGL Background Thread 5 ] DEBUG TilesetLoader        - Writing to buffer: dst=384,128, w=64,h=64, src=198,0
14:56:40.236 [FXGL Background Thread 5 ] DEBUG TilesetLoader        - Writing to buffer: dst=448,128, w=64,h=64, src=66,0
14:56:40.236 [FXGL Background Thread 5 ] DEBUG TilesetLoader        - Writing to buffer: dst=512,128, w=64,h=64, src=198,0
14:56:40.237 [FXGL Background Thread 5 ] DEBUG TilesetLoader        - Writing to buffer: dst=576,128, w=64,h=64, src=66,0
14:56:40.238 [FXGL Background Thread 5 ] DEBUG TilesetLoader        - Writing to buffer: dst=640,128, w=64,h=64, src=198,0
14:56:40.238 [FXGL Background Thread 5 ] DEBUG TilesetLoader        - Writing to buffer: dst=704,128, w=64,h=64, src=66,0
14:56:40.238 [FXGL Background Thread 5 ] DEBUG TilesetLoader        - Writing to buffer: dst=768,128, w=64,h=64, src=198,0
14:56:40.239 [FXGL Background Thread 5 ] DEBUG TilesetLoader        - Writing to buffer: dst=832,128, w=64,h=64, src=66,0
14:56:40.239 [FXGL Background Thread 5 ] DEBUG TilesetLoader        - Writing to buffer: dst=896,128, w=64,h=64, src=0,0
14:56:40.239 [FXGL Background Thread 5 ] DEBUG TilesetLoader        - Writing to buffer: dst=0,192, w=64,h=64, src=0,0
14:56:40.239 [FXGL Background Thread 5 ] DEBUG TilesetLoader        - Writing to buffer: dst=64,192, w=64,h=64, src=66,0
14:56:40.240 [FXGL Background Thread 5 ] DEBUG TilesetLoader        - Writing to buffer: dst=128,192, w=64,h=64, src=66,0
14:56:40.240 [FXGL Background Thread 5 ] DEBUG TilesetLoader        - Writing to buffer: dst=192,192, w=64,h=64, src=66,0
14:56:40.240 [FXGL Background Thread 5 ] DEBUG TilesetLoader        - Writing to buffer: dst=256,192, w=64,h=64, src=66,0
14:56:40.240 [FXGL Background Thread 5 ] DEBUG TilesetLoader        - Writing to buffer: dst=320,192, w=64,h=64, src=66,0
14:56:40.240 [FXGL Background Thread 5 ] DEBUG TilesetLoader        - Writing to buffer: dst=384,192, w=64,h=64, src=66,0
14:56:40.240 [FXGL Background Thread 5 ] DEBUG TilesetLoader        - Writing to buffer: dst=448,192, w=64,h=64, src=66,0
14:56:40.240 [FXGL Background Thread 5 ] DEBUG TilesetLoader        - Writing to buffer: dst=512,192, w=64,h=64, src=66,0
14:56:40.240 [FXGL Background Thread 5 ] DEBUG TilesetLoader        - Writing to buffer: dst=576,192, w=64,h=64, src=66,0
14:56:40.240 [FXGL Background Thread 5 ] DEBUG TilesetLoader        - Writing to buffer: dst=640,192, w=64,h=64, src=66,0
14:56:40.241 [FXGL Background Thread 5 ] DEBUG TilesetLoader        - Writing to buffer: dst=704,192, w=64,h=64, src=66,0
14:56:40.241 [FXGL Background Thread 5 ] DEBUG TilesetLoader        - Writing to buffer: dst=768,192, w=64,h=64, src=66,0
14:56:40.241 [FXGL Background Thread 5 ] DEBUG TilesetLoader        - Writing to buffer: dst=832,192, w=64,h=64, src=66,0
14:56:40.241 [FXGL Background Thread 5 ] DEBUG TilesetLoader        - Writing to buffer: dst=896,192, w=64,h=64, src=0,0
14:56:40.241 [FXGL Background Thread 5 ] DEBUG TilesetLoader        - Writing to buffer: dst=0,256, w=64,h=64, src=0,0
14:56:40.241 [FXGL Background Thread 5 ] DEBUG TilesetLoader        - Writing to buffer: dst=64,256, w=64,h=64, src=66,0
14:56:40.241 [FXGL Background Thread 5 ] DEBUG TilesetLoader        - Writing to buffer: dst=128,256, w=64,h=64, src=198,0
14:56:40.241 [FXGL Background Thread 5 ] DEBUG TilesetLoader        - Writing to buffer: dst=192,256, w=64,h=64, src=66,0
14:56:40.242 [FXGL Background Thread 5 ] DEBUG TilesetLoader        - Writing to buffer: dst=256,256, w=64,h=64, src=198,0
14:56:40.242 [FXGL Background Thread 5 ] DEBUG TilesetLoader        - Writing to buffer: dst=320,256, w=64,h=64, src=66,0
14:56:40.242 [FXGL Background Thread 5 ] DEBUG TilesetLoader        - Writing to buffer: dst=384,256, w=64,h=64, src=198,0
14:56:40.242 [FXGL Background Thread 5 ] DEBUG TilesetLoader        - Writing to buffer: dst=448,256, w=64,h=64, src=66,0
14:56:40.242 [FXGL Background Thread 5 ] DEBUG TilesetLoader        - Writing to buffer: dst=512,256, w=64,h=64, src=198,0
14:56:40.242 [FXGL Background Thread 5 ] DEBUG TilesetLoader        - Writing to buffer: dst=576,256, w=64,h=64, src=66,0
14:56:40.242 [FXGL Background Thread 5 ] DEBUG TilesetLoader        - Writing to buffer: dst=640,256, w=64,h=64, src=198,0
14:56:40.242 [FXGL Background Thread 5 ] DEBUG TilesetLoader        - Writing to buffer: dst=704,256, w=64,h=64, src=66,0
14:56:40.242 [FXGL Background Thread 5 ] DEBUG TilesetLoader        - Writing to buffer: dst=768,256, w=64,h=64, src=198,0
14:56:40.243 [FXGL Background Thread 5 ] DEBUG TilesetLoader        - Writing to buffer: dst=832,256, w=64,h=64, src=66,0
14:56:40.243 [FXGL Background Thread 5 ] DEBUG TilesetLoader        - Writing to buffer: dst=896,256, w=64,h=64, src=0,0
14:56:40.243 [FXGL Background Thread 5 ] DEBUG TilesetLoader        - Writing to buffer: dst=0,320, w=64,h=64, src=0,0
14:56:40.243 [FXGL Background Thread 5 ] DEBUG TilesetLoader        - Writing to buffer: dst=64,320, w=64,h=64, src=66,0
14:56:40.243 [FXGL Background Thread 5 ] DEBUG TilesetLoader        - Writing to buffer: dst=128,320, w=64,h=64, src=66,0
14:56:40.243 [FXGL Background Thread 5 ] DEBUG TilesetLoader        - Writing to buffer: dst=192,320, w=64,h=64, src=66,0
14:56:40.243 [FXGL Background Thread 5 ] DEBUG TilesetLoader        - Writing to buffer: dst=256,320, w=64,h=64, src=66,0
14:56:40.243 [FXGL Background Thread 5 ] DEBUG TilesetLoader        - Writing to buffer: dst=320,320, w=64,h=64, src=66,0
14:56:40.244 [FXGL Background Thread 5 ] DEBUG TilesetLoader        - Writing to buffer: dst=384,320, w=64,h=64, src=66,0
14:56:40.244 [FXGL Background Thread 5 ] DEBUG TilesetLoader        - Writing to buffer: dst=448,320, w=64,h=64, src=66,0
14:56:40.244 [FXGL Background Thread 5 ] DEBUG TilesetLoader        - Writing to buffer: dst=512,320, w=64,h=64, src=66,0
14:56:40.244 [FXGL Background Thread 5 ] DEBUG TilesetLoader        - Writing to buffer: dst=576,320, w=64,h=64, src=66,0
14:56:40.244 [FXGL Background Thread 5 ] DEBUG TilesetLoader        - Writing to buffer: dst=640,320, w=64,h=64, src=66,0
14:56:40.244 [FXGL Background Thread 5 ] DEBUG TilesetLoader        - Writing to buffer: dst=704,320, w=64,h=64, src=66,0
14:56:40.245 [FXGL Background Thread 5 ] DEBUG TilesetLoader        - Writing to buffer: dst=768,320, w=64,h=64, src=66,0
14:56:40.245 [FXGL Background Thread 5 ] DEBUG TilesetLoader        - Writing to buffer: dst=832,320, w=64,h=64, src=66,0
14:56:40.245 [FXGL Background Thread 5 ] DEBUG TilesetLoader        - Writing to buffer: dst=896,320, w=64,h=64, src=0,0
14:56:40.245 [FXGL Background Thread 5 ] DEBUG TilesetLoader        - Writing to buffer: dst=0,384, w=64,h=64, src=0,0
14:56:40.245 [FXGL Background Thread 5 ] DEBUG TilesetLoader        - Writing to buffer: dst=64,384, w=64,h=64, src=66,0
14:56:40.245 [FXGL Background Thread 5 ] DEBUG TilesetLoader        - Writing to buffer: dst=128,384, w=64,h=64, src=198,0
14:56:40.245 [FXGL Background Thread 5 ] DEBUG TilesetLoader        - Writing to buffer: dst=192,384, w=64,h=64, src=66,0
14:56:40.246 [FXGL Background Thread 5 ] DEBUG TilesetLoader        - Writing to buffer: dst=256,384, w=64,h=64, src=198,0
14:56:40.246 [FXGL Background Thread 5 ] DEBUG TilesetLoader        - Writing to buffer: dst=320,384, w=64,h=64, src=66,0
14:56:40.246 [FXGL Background Thread 5 ] DEBUG TilesetLoader        - Writing to buffer: dst=384,384, w=64,h=64, src=198,0
14:56:40.246 [FXGL Background Thread 5 ] DEBUG TilesetLoader        - Writing to buffer: dst=448,384, w=64,h=64, src=66,0
14:56:40.246 [FXGL Background Thread 5 ] DEBUG TilesetLoader        - Writing to buffer: dst=512,384, w=64,h=64, src=198,0
14:56:40.246 [FXGL Background Thread 5 ] DEBUG TilesetLoader        - Writing to buffer: dst=576,384, w=64,h=64, src=66,0
14:56:40.246 [FXGL Background Thread 5 ] DEBUG TilesetLoader        - Writing to buffer: dst=640,384, w=64,h=64, src=198,0
14:56:40.247 [FXGL Background Thread 5 ] DEBUG TilesetLoader        - Writing to buffer: dst=704,384, w=64,h=64, src=66,0
14:56:40.247 [FXGL Background Thread 5 ] DEBUG TilesetLoader        - Writing to buffer: dst=768,384, w=64,h=64, src=198,0
14:56:40.247 [FXGL Background Thread 5 ] DEBUG TilesetLoader        - Writing to buffer: dst=832,384, w=64,h=64, src=66,0
14:56:40.247 [FXGL Background Thread 5 ] DEBUG TilesetLoader        - Writing to buffer: dst=896,384, w=64,h=64, src=0,0
14:56:40.247 [FXGL Background Thread 5 ] DEBUG TilesetLoader        - Writing to buffer: dst=0,448, w=64,h=64, src=0,0
14:56:40.247 [FXGL Background Thread 5 ] DEBUG TilesetLoader        - Writing to buffer: dst=64,448, w=64,h=64, src=66,0
14:56:40.247 [FXGL Background Thread 5 ] DEBUG TilesetLoader        - Writing to buffer: dst=128,448, w=64,h=64, src=66,0
14:56:40.248 [FXGL Background Thread 5 ] DEBUG TilesetLoader        - Writing to buffer: dst=192,448, w=64,h=64, src=66,0
14:56:40.248 [FXGL Background Thread 5 ] DEBUG TilesetLoader        - Writing to buffer: dst=256,448, w=64,h=64, src=66,0
14:56:40.248 [FXGL Background Thread 5 ] DEBUG TilesetLoader        - Writing to buffer: dst=320,448, w=64,h=64, src=66,0
14:56:40.248 [FXGL Background Thread 5 ] DEBUG TilesetLoader        - Writing to buffer: dst=384,448, w=64,h=64, src=66,0
14:56:40.248 [FXGL Background Thread 5 ] DEBUG TilesetLoader        - Writing to buffer: dst=448,448, w=64,h=64, src=66,0
14:56:40.248 [FXGL Background Thread 5 ] DEBUG TilesetLoader        - Writing to buffer: dst=512,448, w=64,h=64, src=66,0
14:56:40.249 [FXGL Background Thread 5 ] DEBUG TilesetLoader        - Writing to buffer: dst=576,448, w=64,h=64, src=66,0
14:56:40.249 [FXGL Background Thread 5 ] DEBUG TilesetLoader        - Writing to buffer: dst=640,448, w=64,h=64, src=66,0
14:56:40.249 [FXGL Background Thread 5 ] DEBUG TilesetLoader        - Writing to buffer: dst=704,448, w=64,h=64, src=66,0
14:56:40.249 [FXGL Background Thread 5 ] DEBUG TilesetLoader        - Writing to buffer: dst=768,448, w=64,h=64, src=66,0
14:56:40.249 [FXGL Background Thread 5 ] DEBUG TilesetLoader        - Writing to buffer: dst=832,448, w=64,h=64, src=66,0
14:56:40.249 [FXGL Background Thread 5 ] DEBUG TilesetLoader        - Writing to buffer: dst=896,448, w=64,h=64, src=0,0
14:56:40.249 [FXGL Background Thread 5 ] DEBUG TilesetLoader        - Writing to buffer: dst=0,512, w=64,h=64, src=0,0
14:56:40.249 [FXGL Background Thread 5 ] DEBUG TilesetLoader        - Writing to buffer: dst=64,512, w=64,h=64, src=66,0
14:56:40.249 [FXGL Background Thread 5 ] DEBUG TilesetLoader        - Writing to buffer: dst=128,512, w=64,h=64, src=198,0
14:56:40.250 [FXGL Background Thread 5 ] DEBUG TilesetLoader        - Writing to buffer: dst=192,512, w=64,h=64, src=66,0
14:56:40.250 [FXGL Background Thread 5 ] DEBUG TilesetLoader        - Writing to buffer: dst=256,512, w=64,h=64, src=198,0
14:56:40.250 [FXGL Background Thread 5 ] DEBUG TilesetLoader        - Writing to buffer: dst=320,512, w=64,h=64, src=66,0
14:56:40.250 [FXGL Background Thread 5 ] DEBUG TilesetLoader        - Writing to buffer: dst=384,512, w=64,h=64, src=198,0
14:56:40.250 [FXGL Background Thread 5 ] DEBUG TilesetLoader        - Writing to buffer: dst=448,512, w=64,h=64, src=66,0
14:56:40.251 [FXGL Background Thread 5 ] DEBUG TilesetLoader        - Writing to buffer: dst=512,512, w=64,h=64, src=198,0
14:56:40.251 [FXGL Background Thread 5 ] DEBUG TilesetLoader        - Writing to buffer: dst=576,512, w=64,h=64, src=66,0
14:56:40.251 [FXGL Background Thread 5 ] DEBUG TilesetLoader        - Writing to buffer: dst=640,512, w=64,h=64, src=198,0
14:56:40.251 [FXGL Background Thread 5 ] DEBUG TilesetLoader        - Writing to buffer: dst=704,512, w=64,h=64, src=66,0
14:56:40.251 [FXGL Background Thread 5 ] DEBUG TilesetLoader        - Writing to buffer: dst=768,512, w=64,h=64, src=198,0
14:56:40.251 [FXGL Background Thread 5 ] DEBUG TilesetLoader        - Writing to buffer: dst=832,512, w=64,h=64, src=66,0
14:56:40.251 [FXGL Background Thread 5 ] DEBUG TilesetLoader        - Writing to buffer: dst=896,512, w=64,h=64, src=0,0
14:56:40.252 [FXGL Background Thread 5 ] DEBUG TilesetLoader        - Writing to buffer: dst=0,576, w=64,h=64, src=0,0
14:56:40.252 [FXGL Background Thread 5 ] DEBUG TilesetLoader        - Writing to buffer: dst=64,576, w=64,h=64, src=66,0
14:56:40.252 [FXGL Background Thread 5 ] DEBUG TilesetLoader        - Writing to buffer: dst=128,576, w=64,h=64, src=66,0
14:56:40.252 [FXGL Background Thread 5 ] DEBUG TilesetLoader        - Writing to buffer: dst=192,576, w=64,h=64, src=66,0
14:56:40.252 [FXGL Background Thread 5 ] DEBUG TilesetLoader        - Writing to buffer: dst=256,576, w=64,h=64, src=66,0
14:56:40.252 [FXGL Background Thread 5 ] DEBUG TilesetLoader        - Writing to buffer: dst=320,576, w=64,h=64, src=66,0
14:56:40.253 [FXGL Background Thread 5 ] DEBUG TilesetLoader        - Writing to buffer: dst=384,576, w=64,h=64, src=66,0
14:56:40.253 [FXGL Background Thread 5 ] DEBUG TilesetLoader        - Writing to buffer: dst=448,576, w=64,h=64, src=66,0
14:56:40.253 [FXGL Background Thread 5 ] DEBUG TilesetLoader        - Writing to buffer: dst=512,576, w=64,h=64, src=66,0
14:56:40.253 [FXGL Background Thread 5 ] DEBUG TilesetLoader        - Writing to buffer: dst=576,576, w=64,h=64, src=66,0
14:56:40.253 [FXGL Background Thread 5 ] DEBUG TilesetLoader        - Writing to buffer: dst=640,576, w=64,h=64, src=66,0
14:56:40.253 [FXGL Background Thread 5 ] DEBUG TilesetLoader        - Writing to buffer: dst=704,576, w=64,h=64, src=66,0
14:56:40.254 [FXGL Background Thread 5 ] DEBUG TilesetLoader        - Writing to buffer: dst=768,576, w=64,h=64, src=66,0
14:56:40.254 [FXGL Background Thread 5 ] DEBUG TilesetLoader        - Writing to buffer: dst=832,576, w=64,h=64, src=66,0
14:56:40.254 [FXGL Background Thread 5 ] DEBUG TilesetLoader        - Writing to buffer: dst=896,576, w=64,h=64, src=0,0
14:56:40.254 [FXGL Background Thread 5 ] DEBUG TilesetLoader        - Writing to buffer: dst=0,640, w=64,h=64, src=0,0
14:56:40.254 [FXGL Background Thread 5 ] DEBUG TilesetLoader        - Writing to buffer: dst=64,640, w=64,h=64, src=66,0
14:56:40.254 [FXGL Background Thread 5 ] DEBUG TilesetLoader        - Writing to buffer: dst=128,640, w=64,h=64, src=198,0
14:56:40.254 [FXGL Background Thread 5 ] DEBUG TilesetLoader        - Writing to buffer: dst=192,640, w=64,h=64, src=66,0
14:56:40.254 [FXGL Background Thread 5 ] DEBUG TilesetLoader        - Writing to buffer: dst=256,640, w=64,h=64, src=198,0
14:56:40.254 [FXGL Background Thread 5 ] DEBUG TilesetLoader        - Writing to buffer: dst=320,640, w=64,h=64, src=66,0
14:56:40.254 [FXGL Background Thread 5 ] DEBUG TilesetLoader        - Writing to buffer: dst=384,640, w=64,h=64, src=198,0
14:56:40.255 [FXGL Background Thread 5 ] DEBUG TilesetLoader        - Writing to buffer: dst=448,640, w=64,h=64, src=66,0
14:56:40.255 [FXGL Background Thread 5 ] DEBUG TilesetLoader        - Writing to buffer: dst=512,640, w=64,h=64, src=198,0
14:56:40.255 [FXGL Background Thread 5 ] DEBUG TilesetLoader        - Writing to buffer: dst=576,640, w=64,h=64, src=66,0
14:56:40.255 [FXGL Background Thread 5 ] DEBUG TilesetLoader        - Writing to buffer: dst=640,640, w=64,h=64, src=198,0
14:56:40.255 [FXGL Background Thread 5 ] DEBUG TilesetLoader        - Writing to buffer: dst=704,640, w=64,h=64, src=66,0
14:56:40.255 [FXGL Background Thread 5 ] DEBUG TilesetLoader        - Writing to buffer: dst=768,640, w=64,h=64, src=198,0
14:56:40.255 [FXGL Background Thread 5 ] DEBUG TilesetLoader        - Writing to buffer: dst=832,640, w=64,h=64, src=66,0
14:56:40.255 [FXGL Background Thread 5 ] DEBUG TilesetLoader        - Writing to buffer: dst=896,640, w=64,h=64, src=0,0
14:56:40.255 [FXGL Background Thread 5 ] DEBUG TilesetLoader        - Writing to buffer: dst=0,704, w=64,h=64, src=0,0
14:56:40.255 [FXGL Background Thread 5 ] DEBUG TilesetLoader        - Writing to buffer: dst=64,704, w=64,h=64, src=66,0
14:56:40.255 [FXGL Background Thread 5 ] DEBUG TilesetLoader        - Writing to buffer: dst=128,704, w=64,h=64, src=66,0
14:56:40.255 [FXGL Background Thread 5 ] DEBUG TilesetLoader        - Writing to buffer: dst=192,704, w=64,h=64, src=66,0
14:56:40.256 [FXGL Background Thread 5 ] DEBUG TilesetLoader        - Writing to buffer: dst=256,704, w=64,h=64, src=66,0
14:56:40.256 [FXGL Background Thread 5 ] DEBUG TilesetLoader        - Writing to buffer: dst=320,704, w=64,h=64, src=66,0
14:56:40.256 [FXGL Background Thread 5 ] DEBUG TilesetLoader        - Writing to buffer: dst=384,704, w=64,h=64, src=66,0
14:56:40.256 [FXGL Background Thread 5 ] DEBUG TilesetLoader        - Writing to buffer: dst=448,704, w=64,h=64, src=66,0
14:56:40.256 [FXGL Background Thread 5 ] DEBUG TilesetLoader        - Writing to buffer: dst=512,704, w=64,h=64, src=66,0
14:56:40.256 [FXGL Background Thread 5 ] DEBUG TilesetLoader        - Writing to buffer: dst=576,704, w=64,h=64, src=66,0
14:56:40.256 [FXGL Background Thread 5 ] DEBUG TilesetLoader        - Writing to buffer: dst=640,704, w=64,h=64, src=66,0
14:56:40.256 [FXGL Background Thread 5 ] DEBUG TilesetLoader        - Writing to buffer: dst=704,704, w=64,h=64, src=66,0
14:56:40.257 [FXGL Background Thread 5 ] DEBUG TilesetLoader        - Writing to buffer: dst=768,704, w=64,h=64, src=66,0
14:56:40.257 [FXGL Background Thread 5 ] DEBUG TilesetLoader        - Writing to buffer: dst=832,704, w=64,h=64, src=66,0
14:56:40.257 [FXGL Background Thread 5 ] DEBUG TilesetLoader        - Writing to buffer: dst=896,704, w=64,h=64, src=0,0
14:56:40.257 [FXGL Background Thread 5 ] DEBUG TilesetLoader        - Writing to buffer: dst=0,768, w=64,h=64, src=0,0
14:56:40.257 [FXGL Background Thread 5 ] DEBUG TilesetLoader        - Writing to buffer: dst=64,768, w=64,h=64, src=0,0
14:56:40.257 [FXGL Background Thread 5 ] DEBUG TilesetLoader        - Writing to buffer: dst=128,768, w=64,h=64, src=0,0
14:56:40.257 [FXGL Background Thread 5 ] DEBUG TilesetLoader        - Writing to buffer: dst=192,768, w=64,h=64, src=0,0
14:56:40.258 [FXGL Background Thread 5 ] DEBUG TilesetLoader        - Writing to buffer: dst=256,768, w=64,h=64, src=0,0
14:56:40.258 [FXGL Background Thread 5 ] DEBUG TilesetLoader        - Writing to buffer: dst=320,768, w=64,h=64, src=0,0
14:56:40.258 [FXGL Background Thread 5 ] DEBUG TilesetLoader        - Writing to buffer: dst=384,768, w=64,h=64, src=0,0
14:56:40.258 [FXGL Background Thread 5 ] DEBUG TilesetLoader        - Writing to buffer: dst=448,768, w=64,h=64, src=0,0
14:56:40.258 [FXGL Background Thread 5 ] DEBUG TilesetLoader        - Writing to buffer: dst=512,768, w=64,h=64, src=0,0
14:56:40.258 [FXGL Background Thread 5 ] DEBUG TilesetLoader        - Writing to buffer: dst=576,768, w=64,h=64, src=0,0
14:56:40.258 [FXGL Background Thread 5 ] DEBUG TilesetLoader        - Writing to buffer: dst=640,768, w=64,h=64, src=0,0
14:56:40.258 [FXGL Background Thread 5 ] DEBUG TilesetLoader        - Writing to buffer: dst=704,768, w=64,h=64, src=0,0
14:56:40.259 [FXGL Background Thread 5 ] DEBUG TilesetLoader        - Writing to buffer: dst=768,768, w=64,h=64, src=0,0
14:56:40.259 [FXGL Background Thread 5 ] DEBUG TilesetLoader        - Writing to buffer: dst=832,768, w=64,h=64, src=0,0
14:56:40.259 [FXGL Background Thread 5 ] DEBUG TilesetLoader        - Writing to buffer: dst=896,768, w=64,h=64, src=0,0
14:56:40.259 [FXGL Background Thread 5 ] DEBUG TMXLevelLoader       - Creating object layer entities
14:56:40.286 [FXGL Background Thread 5 ] DEBUG GameWorld            - Clearing removable entities
14:56:40.287 [FXGL Background Thread 5 ] DEBUG GameWorld            - Setting level: com.almasb.fxgl.entity.level.Level@65803c1c
14:56:40.297 [FXGL Background Thread 5 ] DEBUG FXGLAssetLoaderServi - Loading from file system: file:/C:/Users/diewe/OneDrive/Documenten/GitHub/SE-Challengeweek/target/classes/assets/textures/player_1_move_down.png
14:56:40.305 [FXGL Background Thread 5 ] INFO  FXGLApplication      - Game initialization took: 0,193 sec
14:56:40.486 [JavaFX Application Thread] DEBUG Input                - Clearing active input actions
14:56:40.490 [JavaFX Application Thread] DEBUG GameApplicationServi - Removing overlay from FXGLLoadingScene and adding to GameScene
14:56:40.491 [JavaFX Application Thread] DEBUG PrimaryStageWindow   - FXGLLoadingScene -> GameScene
14:56:40.494 [JavaFX Application Thread] DEBUG FXGLAssetLoaderServi - Loading from file system: file:/C:/Users/diewe/OneDrive/Documenten/GitHub/SE-Challengeweek/target/classes/assets/textures/player_1_idle_down.png
14:56:42.160 [JavaFX Application Thread] DEBUG FXGLAssetLoaderServi - Loading from file system: file:/C:/Users/diewe/OneDrive/Documenten/GitHub/SE-Challengeweek/target/classes/assets/textures/player_1_move_right.png
14:56:45.569 [JavaFX Application Thread] DEBUG FXGLAssetLoaderServi - Loading from file system: file:/C:/Users/diewe/OneDrive/Documenten/GitHub/SE-Challengeweek/target/classes/assets/textures/player_1_idle_right.png
14:56:45.840 [JavaFX Application Thread] DEBUG FXGLAssetLoaderServi - Loading from file system: file:/C:/Users/diewe/OneDrive/Documenten/GitHub/SE-Challengeweek/target/classes/assets/textures/player_1_move_Up.png
14:56:46.142 [JavaFX Application Thread] DEBUG FXGLAssetLoaderServi - Loading from file system: file:/C:/Users/diewe/OneDrive/Documenten/GitHub/SE-Challengeweek/target/classes/assets/textures/bomb-1.png
14:56:47.472 [JavaFX Application Thread] DEBUG FXGLAssetLoaderServi - Loading from file system: file:/C:/Users/diewe/OneDrive/Documenten/GitHub/SE-Challengeweek/target/classes/assets/textures/player_1_idle_Up.png
14:56:47.616 [JavaFX Application Thread] DEBUG FXGLAssetLoaderServi - Loading from file system: file:/C:/Users/diewe/OneDrive/Documenten/GitHub/SE-Challengeweek/target/classes/assets/textures/player_1_move_left.png
14:56:50.514 [JavaFX Application Thread] DEBUG FXGLAssetLoaderServi - Loading from file system: file:/C:/Users/diewe/OneDrive/Documenten/GitHub/SE-Challengeweek/target/classes/assets/textures/bomb_explosion.png
14:56:50.517 [JavaFX Application Thread] DEBUG FXGLAssetLoaderServi - Loading from file system: file:/C:/Users/diewe/OneDrive/Documenten/GitHub/SE-Challengeweek/target/classes/assets/sounds/explode.wav
14:56:52.064 [JavaFX Application Thread] DEBUG FXGLAssetLoaderServi - Loading from file system: file:/C:/Users/diewe/OneDrive/Documenten/GitHub/SE-Challengeweek/target/classes/assets/textures/player_1_idle_left.png
14:57:24.281 [JavaFX Application Thread] DEBUG FXGLApplication      - Exiting FXGL
14:57:24.281 [JavaFX Application Thread] DEBUG LoopRunner           - Stopping loop
14:57:24.281 [JavaFX Application Thread] DEBUG SystemBundleService  - Saving FXGL system data
14:57:24.284 [JavaFX Application Thread] DEBUG FileSystemAccess     - Writing to: C:\Users\diewe\OneDrive\Documenten\GitHub\SE-Challengeweek\system\fxgl.bundle
14:57:24.285 [JavaFX Application Thread] DEBUG Async                - Shutting down background threads
14:57:24.286 [JavaFX Application Thread] DEBUG PrimaryStageWindow   - Closing main window
14:57:24.305 [JavaFX Application Thread] DEBUG Logger               - Closing Logger
