14:49:26.091 [main                     ] DEBUG Logger               - Configured Logger
14:49:26.104 [main                     ] DEBUG GameApplication      - Logging settings
Title: Untitled
Version: 0.0
Width: 1050
Height: 700
Fullscreen: false
Intro: false
Profiling: false
Single step:false
App Mode: DEVELOPER
Menu Key: ESCAPE
Stage Style: DECORATED
Scene Factory: class com.almasb.fxgl.app.scene.SceneFactory

14:49:26.405 [JavaFX Application Thread] DEBUG FXGLApplication      - Initializing FXGL
14:49:26.407 [JavaFX Application Thread] INFO  Engine               - FXGL-11.14 (01.03.2021 16.59) on WINDOWS (J:15.0.2 FX:15)
14:49:26.407 [JavaFX Application Thread] DEBUG Engine               - JRE Vendor Name: Amazon.com Inc.
14:49:26.407 [JavaFX Application Thread] DEBUG Engine               - Running on OS: Windows 10 version 10.0
14:49:26.408 [JavaFX Application Thread] DEBUG Engine               - Architecture: amd64
14:49:26.408 [JavaFX Application Thread] INFO  Engine               - Source code and latest versions at: https://github.com/AlmasB/FXGL
14:49:26.408 [JavaFX Application Thread] INFO  Engine               -              Join the FXGL chat at: https://gitter.im/AlmasB/FXGL
14:49:26.505 [JavaFX Application Thread] DEBUG PrimaryStageWindow   - Creating a JavaFX scene
14:49:26.544 [JavaFX Application Thread] DEBUG PrimaryStageWindow   - Target settings size: 1050.0 x 700.0
14:49:26.545 [JavaFX Application Thread] DEBUG PrimaryStageWindow   - Scaled scene size:    1050.0 x 700.0
14:49:26.545 [JavaFX Application Thread] DEBUG PrimaryStageWindow   - Scaled ratio: (1.0, 1.0)
14:49:26.546 [JavaFX Application Thread] DEBUG PrimaryStageWindow   - Set initial scene to FXGLStartupScene
14:49:26.551 [JavaFX Application Thread] DEBUG PrimaryStageWindow   - Opening main window
14:49:26.619 [JavaFX Application Thread] DEBUG PrimaryStageWindow   - Window border size: (14.800048828125, 37.5999755859375)
14:49:26.619 [JavaFX Application Thread] DEBUG PrimaryStageWindow   - Scaled size: 1050.0 x 700.0
14:49:26.620 [JavaFX Application Thread] DEBUG PrimaryStageWindow   - Scaled ratio: (1.0, 1.0)
14:49:26.620 [JavaFX Application Thread] DEBUG PrimaryStageWindow   - Scene size: 1050.0 x 700.0
14:49:26.620 [JavaFX Application Thread] DEBUG PrimaryStageWindow   - Stage size: 1064.800048828125 x 737.5999755859375
14:49:26.629 [FXGL Background Thread 1 ] DEBUG Engine               - Initializing environment variables
14:49:26.664 [FXGL Background Thread 1 ] DEBUG FXGLAssetLoaderServi - User app class for loading assets: class Game
14:49:26.664 [FXGL Background Thread 1 ] DEBUG GameApplicationServi - Applying CSS: fxgl_dark.css
14:49:26.666 [FXGL Background Thread 1 ] DEBUG FXGLAssetLoaderServi - Loading from file system: jar:file:/C:/Users/stanm/.m2/repository/com/github/almasb/fxgl/11.14/fxgl-11.14.jar!/fxglassets/ui/css/fxgl_dark.css
14:49:26.715 [FXGL Background Thread 1 ] DEBUG GameApplicationServi - Initializing application scenes
14:49:26.749 [FXGL Background Thread 1 ] DEBUG GameWorld            - Game world initialized
14:49:26.794 [FXGL Background Thread 1 ] DEBUG PhysicsWorld         - Physics world initialized: appHeight=700, physics.ppm=50,0
14:49:26.794 [FXGL Background Thread 1 ] DEBUG PhysicsWorld         - Using strategy: BRUTE_FORCE
14:49:26.796 [FXGL Background Thread 1 ] DEBUG GameScene            - Game scene initialized: 1050x700
14:49:26.835 [FXGL Background Thread 1 ] DEBUG FXGLAssetLoaderServi - Loading from file system: jar:file:/C:/Users/stanm/.m2/repository/com/github/almasb/fxgl/11.14/fxgl-11.14.jar!/fxglassets/textures/particles/trace_horizontal.png
14:49:26.876 [FXGL Background Thread 1 ] DEBUG FXGL.DefaultMenu     - createMenuBodyGameMenu()
14:49:26.888 [FXGL Background Thread 1 ] DEBUG FXGL.DefaultMenu     - createOptionsMenu()
14:49:26.892 [FXGL Background Thread 1 ] DEBUG FXGLAssetLoaderServi - Loading from file system: jar:file:/C:/Users/stanm/.m2/repository/com/github/almasb/fxgl/11.14/fxgl-11.14.jar!/fxglassets/textures/particles/smoke.png
14:49:26.932 [FXGL Background Thread 1 ] DEBUG GameApplicationServi - Application scenes initialized
14:49:26.940 [FXGL Background Thread 1 ] DEBUG SystemBundleService  - Loading FXGL system data
14:49:26.943 [FXGL Background Thread 1 ] DEBUG FileSystemAccess     - Reading from: C:\Users\stanm\Documents\SE-Challengeweek\system\fxgl.bundle
14:49:26.948 [FXGL Background Thread 1 ] DEBUG SystemBundleService  - Bundle FXGL: {}
14:49:26.948 [FXGL Background Thread 1 ] DEBUG UpdaterService       - Checking for updates
14:49:26.968 [FXGL Background Thread 4 ] DEBUG FXGLApplication      - Loading fonts
14:49:26.968 [FXGL Background Thread 1 ] DEBUG FXGLApplication      - Loading default localization
14:49:26.968 [FXGL Background Thread 1 ] DEBUG FXGLAssetLoaderServi - Loading from file system: jar:file:/C:/Users/stanm/.m2/repository/com/github/almasb/fxgl/11.14/fxgl-11.14.jar!/fxglassets/languages/english.lang
14:49:26.969 [FXGL Background Thread 4 ] DEBUG FXGLAssetLoaderServi - Loading from file system: jar:file:/C:/Users/stanm/.m2/repository/com/github/almasb/fxgl/11.14/fxgl-11.14.jar!/fxglassets/ui/fonts/VarelaRound-Regular.ttf
14:49:26.981 [FXGL Background Thread 1 ] INFO  FXGLApplication      - FXGL initialization took: 0,352 sec
14:49:26.990 [JavaFX Application Thread] DEBUG Input                - Registered new binding: up - W
14:49:26.990 [JavaFX Application Thread] DEBUG Input                - Registered new binding: down - S
14:49:26.991 [JavaFX Application Thread] DEBUG Input                - Registered new binding: left - A
14:49:26.991 [JavaFX Application Thread] DEBUG Input                - Registered new binding: right - D
14:49:26.991 [JavaFX Application Thread] DEBUG Input                - Registered new binding: Place Bomb - F
14:49:26.992 [JavaFX Application Thread] DEBUG FXGLAssetLoaderServi - Loading from file system: jar:file:/C:/Users/stanm/.m2/repository/com/github/almasb/fxgl/11.14/fxgl-11.14.jar!/fxglassets/textures/fxgl_icon.png
14:49:27.005 [JavaFX Application Thread] DEBUG FXGLAssetLoaderServi - Loading from file system: jar:file:/C:/Users/stanm/.m2/repository/com/github/almasb/fxgl/11.14/fxgl-11.14.jar!/fxglassets/ui/cursors/fxgl_default.png
14:49:27.006 [JavaFX Application Thread] DEBUG Input                - Registered new binding: Screenshot - P
14:49:27.007 [JavaFX Application Thread] DEBUG Input                - Registered new binding: Dev Options - 1
14:49:27.007 [JavaFX Application Thread] DEBUG Input                - Registered new binding: Dev Console - 2
14:49:27.008 [JavaFX Application Thread] DEBUG Input                - Registered new binding: System info dump - CTRL+9
14:49:27.008 [JavaFX Application Thread] DEBUG Input                - Registered new binding: Restart - CTRL+R
14:49:27.008 [JavaFX Application Thread] DEBUG Input                - Registered new binding: Toggle Debug Camera - CTRL+C
14:49:27.011 [JavaFX Application Thread] DEBUG LoopRunner           - Starting loop
14:49:27.032 [FXGL Background Thread 4 ] DEBUG FXGLAssetLoaderServi - Loading from file system: jar:file:/C:/Users/stanm/.m2/repository/com/github/almasb/fxgl/11.14/fxgl-11.14.jar!/fxglassets/ui/fonts/Abel-Regular.ttf
14:49:27.035 [JavaFX Application Thread] DEBUG LoopRunner           - Initializing JavaFX AnimationTimerLoop
14:49:27.037 [JavaFX Application Thread] DEBUG GameApplicationServi - Starting new game
14:49:27.037 [JavaFX Application Thread] DEBUG Input                - Clearing active input actions
14:49:27.044 [FXGL Background Thread 4 ] DEBUG FXGLAssetLoaderServi - Loading from file system: jar:file:/C:/Users/stanm/.m2/repository/com/github/almasb/fxgl/11.14/fxgl-11.14.jar!/fxglassets/ui/fonts/lucida_console.ttf
14:49:27.049 [JavaFX Application Thread] DEBUG GameApplicationServi - Removing overlay from FXGLStartupScene and adding to FXGLLoadingScene
14:49:27.053 [JavaFX Application Thread] DEBUG PrimaryStageWindow   - FXGLStartupScene -> FXGLLoadingScene
14:49:27.053 [JavaFX Application Thread] DEBUG GameApplicationServi - Clearing previous game
14:49:27.053 [JavaFX Application Thread] DEBUG GameScene            - Clearing game scene
14:49:27.054 [JavaFX Application Thread] DEBUG GameWorld            - Clearing game world
14:49:27.054 [JavaFX Application Thread] DEBUG PhysicsWorld         - Clearing physics world
14:49:27.055 [FXGL Background Thread 1 ] DEBUG FXGLApplication      - Initializing game
14:49:27.056 [FXGL Background Thread 4 ] DEBUG FXGLAssetLoaderServi - Loading from file system: jar:file:/C:/Users/stanm/.m2/repository/com/github/almasb/fxgl/11.14/fxgl-11.14.jar!/fxglassets/ui/fonts/Courier-Prime.ttf
14:49:27.098 [FXGL Background Thread 1 ] WARN  TMXLevelLoader       - TiledMap generated from 1.0.1. Supported version: 1.2.3. Some features may not be parsed fully.
14:49:27.107 [FXGL Background Thread 1 ] DEBUG TMXLevelLoader       - Parsed raw map: TiledMap(width=15, height=13, tilewidth=64, tileheight=64, orientation=orthogonal, layers=[Layer(width=15, height=13, name=Tile Layer 1, type=tilelayer, visible=false, x=0, y=0, data=[1, 1, 1, 1, 1, 1, 1, 1, 1, 1, 1, 1, 1, 1, 1, 1, 7, 7, 7, 7, 7, 7, 7, 7, 7, 7, 7, 7, 7, 1, 1, 7, 4, 7, 4, 7, 4, 7, 4, 7, 4, 7, 4, 7, 1, 1, 7, 7, 7, 7, 7, 7, 7, 7, 7, 7, 7, 7, 7, 1, 1, 7, 4, 7, 4, 7, 4, 7, 4, 7, 4, 7, 4, 7, 1, 1, 7, 7, 7, 7, 7, 7, 7, 7, 7, 7, 7, 7, 7, 1, 1, 7, 4, 7, 4, 7, 4, 7, 4, 7, 4, 7, 4, 7, 1, 1, 7, 7, 7, 7, 7, 7, 7, 7, 7, 7, 7, 7, 7, 1, 1, 7, 4, 7, 4, 7, 4, 7, 4, 7, 4, 7, 4, 7, 1, 1, 7, 7, 7, 7, 7, 7, 7, 7, 7, 7, 7, 7, 7, 1, 1, 7, 4, 7, 4, 7, 4, 7, 4, 7, 4, 7, 4, 7, 1, 1, 7, 7, 7, 7, 7, 7, 7, 7, 7, 7, 7, 7, 7, 1, 1, 1, 1, 1, 1, 1, 1, 1, 1, 1, 1, 1, 1, 1, 1], objects=[], opacity=0.0, draworder=), Layer(width=0, height=0, name=Object Layer 1, type=objectgroup, visible=false, x=0, y=0, data=[], objects=[com.almasb.fxgl.entity.level.tiled.TiledObject@419085b3, com.almasb.fxgl.entity.level.tiled.TiledObject@3cf52f6e, com.almasb.fxgl.entity.level.tiled.TiledObject@2a9bc1a6, com.almasb.fxgl.entity.level.tiled.TiledObject@6ef7280b, com.almasb.fxgl.entity.level.tiled.TiledObject@2b0f857b, com.almasb.fxgl.entity.level.tiled.TiledObject@3e14512b, com.almasb.fxgl.entity.level.tiled.TiledObject@4a7621be, com.almasb.fxgl.entity.level.tiled.TiledObject@1d16ef8b, com.almasb.fxgl.entity.level.tiled.TiledObject@4a65850f, com.almasb.fxgl.entity.level.tiled.TiledObject@56e40861, com.almasb.fxgl.entity.level.tiled.TiledObject@2d64b8d2, com.almasb.fxgl.entity.level.tiled.TiledObject@7246042, com.almasb.fxgl.entity.level.tiled.TiledObject@618fd054, com.almasb.fxgl.entity.level.tiled.TiledObject@17de6b04, com.almasb.fxgl.entity.level.tiled.TiledObject@1f74e305, com.almasb.fxgl.entity.level.tiled.TiledObject@3b76b6d9, com.almasb.fxgl.entity.level.tiled.TiledObject@24e4cc93, com.almasb.fxgl.entity.level.tiled.TiledObject@40861540, com.almasb.fxgl.entity.level.tiled.TiledObject@7852ba9e, com.almasb.fxgl.entity.level.tiled.TiledObject@761c1b33, com.almasb.fxgl.entity.level.tiled.TiledObject@741ec137, com.almasb.fxgl.entity.level.tiled.TiledObject@442e6e1, com.almasb.fxgl.entity.level.tiled.TiledObject@69a93abd, com.almasb.fxgl.entity.level.tiled.TiledObject@7ffa6138, com.almasb.fxgl.entity.level.tiled.TiledObject@7def0089, com.almasb.fxgl.entity.level.tiled.TiledObject@6e09943b, com.almasb.fxgl.entity.level.tiled.TiledObject@4ed52795, com.almasb.fxgl.entity.level.tiled.TiledObject@628a7cd6, com.almasb.fxgl.entity.level.tiled.TiledObject@6764c346, com.almasb.fxgl.entity.level.tiled.TiledObject@456e3bdd, com.almasb.fxgl.entity.level.tiled.TiledObject@2260556a, com.almasb.fxgl.entity.level.tiled.TiledObject@13bde13c, com.almasb.fxgl.entity.level.tiled.TiledObject@52026efe, com.almasb.fxgl.entity.level.tiled.TiledObject@668617b0], opacity=0.0, draworder=)], tilesets=[Tileset(firstgid=1, image=spritesheet.png, name=spritesheet, tilewidth=64, tileheight=64, imagewidth=832, imageheight=64, margin=0, spacing=0, columns=13, tilecount=13, transparentcolor=, tiles=[])], backgroundcolor=, renderorder=right-down, nextobjectid=139, version=1, tiledversion=1.0.1, type=map, infinite=false, hexsidelength=0, staggeraxis=, staggerindex=, properties={}, propertytypes={})
14:49:27.108 [FXGL Background Thread 1 ] DEBUG TMXLevelLoader       - Creating tile layer entities
14:49:27.109 [FXGL Background Thread 1 ] DEBUG TilesetLoader        - Loading view for layer Tile Layer 1
14:49:27.110 [FXGL Background Thread 1 ] DEBUG TilesetLoader        - Created buffer with size 960.0x832.0
14:49:27.113 [FXGL Background Thread 1 ] DEBUG TilesetLoader        - Writing to buffer: dst=0,0, w=64,h=64, src=0,0
14:49:27.114 [FXGL Background Thread 1 ] DEBUG TilesetLoader        - Writing to buffer: dst=64,0, w=64,h=64, src=0,0
14:49:27.114 [FXGL Background Thread 1 ] DEBUG TilesetLoader        - Writing to buffer: dst=128,0, w=64,h=64, src=0,0
14:49:27.114 [FXGL Background Thread 1 ] DEBUG TilesetLoader        - Writing to buffer: dst=192,0, w=64,h=64, src=0,0
14:49:27.114 [FXGL Background Thread 1 ] DEBUG TilesetLoader        - Writing to buffer: dst=256,0, w=64,h=64, src=0,0
14:49:27.115 [FXGL Background Thread 1 ] DEBUG TilesetLoader        - Writing to buffer: dst=320,0, w=64,h=64, src=0,0
14:49:27.115 [FXGL Background Thread 1 ] DEBUG TilesetLoader        - Writing to buffer: dst=384,0, w=64,h=64, src=0,0
14:49:27.115 [FXGL Background Thread 1 ] DEBUG TilesetLoader        - Writing to buffer: dst=448,0, w=64,h=64, src=0,0
14:49:27.115 [FXGL Background Thread 1 ] DEBUG TilesetLoader        - Writing to buffer: dst=512,0, w=64,h=64, src=0,0
14:49:27.115 [FXGL Background Thread 1 ] DEBUG TilesetLoader        - Writing to buffer: dst=576,0, w=64,h=64, src=0,0
14:49:27.116 [FXGL Background Thread 1 ] DEBUG TilesetLoader        - Writing to buffer: dst=640,0, w=64,h=64, src=0,0
14:49:27.116 [FXGL Background Thread 1 ] DEBUG TilesetLoader        - Writing to buffer: dst=704,0, w=64,h=64, src=0,0
14:49:27.116 [FXGL Background Thread 1 ] DEBUG TilesetLoader        - Writing to buffer: dst=768,0, w=64,h=64, src=0,0
14:49:27.117 [FXGL Background Thread 1 ] DEBUG TilesetLoader        - Writing to buffer: dst=832,0, w=64,h=64, src=0,0
14:49:27.117 [FXGL Background Thread 1 ] DEBUG TilesetLoader        - Writing to buffer: dst=896,0, w=64,h=64, src=0,0
14:49:27.117 [FXGL Background Thread 1 ] DEBUG TilesetLoader        - Writing to buffer: dst=0,64, w=64,h=64, src=0,0
14:49:27.117 [FXGL Background Thread 1 ] DEBUG TilesetLoader        - Writing to buffer: dst=64,64, w=64,h=64, src=384,0
14:49:27.118 [FXGL Background Thread 1 ] DEBUG TilesetLoader        - Writing to buffer: dst=128,64, w=64,h=64, src=384,0
14:49:27.118 [FXGL Background Thread 1 ] DEBUG TilesetLoader        - Writing to buffer: dst=192,64, w=64,h=64, src=384,0
14:49:27.118 [FXGL Background Thread 1 ] DEBUG TilesetLoader        - Writing to buffer: dst=256,64, w=64,h=64, src=384,0
14:49:27.119 [FXGL Background Thread 1 ] DEBUG TilesetLoader        - Writing to buffer: dst=320,64, w=64,h=64, src=384,0
14:49:27.119 [FXGL Background Thread 1 ] DEBUG TilesetLoader        - Writing to buffer: dst=384,64, w=64,h=64, src=384,0
14:49:27.119 [FXGL Background Thread 1 ] DEBUG TilesetLoader        - Writing to buffer: dst=448,64, w=64,h=64, src=384,0
14:49:27.119 [FXGL Background Thread 1 ] DEBUG TilesetLoader        - Writing to buffer: dst=512,64, w=64,h=64, src=384,0
14:49:27.119 [FXGL Background Thread 1 ] DEBUG TilesetLoader        - Writing to buffer: dst=576,64, w=64,h=64, src=384,0
14:49:27.120 [FXGL Background Thread 1 ] DEBUG TilesetLoader        - Writing to buffer: dst=640,64, w=64,h=64, src=384,0
14:49:27.120 [FXGL Background Thread 1 ] DEBUG TilesetLoader        - Writing to buffer: dst=704,64, w=64,h=64, src=384,0
14:49:27.120 [FXGL Background Thread 1 ] DEBUG TilesetLoader        - Writing to buffer: dst=768,64, w=64,h=64, src=384,0
14:49:27.121 [FXGL Background Thread 1 ] DEBUG TilesetLoader        - Writing to buffer: dst=832,64, w=64,h=64, src=384,0
14:49:27.121 [FXGL Background Thread 1 ] DEBUG TilesetLoader        - Writing to buffer: dst=896,64, w=64,h=64, src=0,0
14:49:27.121 [FXGL Background Thread 1 ] DEBUG TilesetLoader        - Writing to buffer: dst=0,128, w=64,h=64, src=0,0
14:49:27.121 [FXGL Background Thread 1 ] DEBUG TilesetLoader        - Writing to buffer: dst=64,128, w=64,h=64, src=384,0
14:49:27.121 [FXGL Background Thread 1 ] DEBUG TilesetLoader        - Writing to buffer: dst=128,128, w=64,h=64, src=192,0
14:49:27.122 [FXGL Background Thread 1 ] DEBUG TilesetLoader        - Writing to buffer: dst=192,128, w=64,h=64, src=384,0
14:49:27.122 [FXGL Background Thread 1 ] DEBUG TilesetLoader        - Writing to buffer: dst=256,128, w=64,h=64, src=192,0
14:49:27.122 [FXGL Background Thread 1 ] DEBUG TilesetLoader        - Writing to buffer: dst=320,128, w=64,h=64, src=384,0
14:49:27.122 [FXGL Background Thread 1 ] DEBUG TilesetLoader        - Writing to buffer: dst=384,128, w=64,h=64, src=192,0
14:49:27.122 [FXGL Background Thread 1 ] DEBUG TilesetLoader        - Writing to buffer: dst=448,128, w=64,h=64, src=384,0
14:49:27.123 [FXGL Background Thread 1 ] DEBUG TilesetLoader        - Writing to buffer: dst=512,128, w=64,h=64, src=192,0
14:49:27.123 [FXGL Background Thread 1 ] DEBUG TilesetLoader        - Writing to buffer: dst=576,128, w=64,h=64, src=384,0
14:49:27.123 [FXGL Background Thread 1 ] DEBUG TilesetLoader        - Writing to buffer: dst=640,128, w=64,h=64, src=192,0
14:49:27.124 [FXGL Background Thread 1 ] DEBUG TilesetLoader        - Writing to buffer: dst=704,128, w=64,h=64, src=384,0
14:49:27.124 [FXGL Background Thread 1 ] DEBUG TilesetLoader        - Writing to buffer: dst=768,128, w=64,h=64, src=192,0
14:49:27.124 [FXGL Background Thread 1 ] DEBUG TilesetLoader        - Writing to buffer: dst=832,128, w=64,h=64, src=384,0
14:49:27.124 [FXGL Background Thread 1 ] DEBUG TilesetLoader        - Writing to buffer: dst=896,128, w=64,h=64, src=0,0
14:49:27.125 [FXGL Background Thread 1 ] DEBUG TilesetLoader        - Writing to buffer: dst=0,192, w=64,h=64, src=0,0
14:49:27.125 [FXGL Background Thread 1 ] DEBUG TilesetLoader        - Writing to buffer: dst=64,192, w=64,h=64, src=384,0
14:49:27.125 [FXGL Background Thread 1 ] DEBUG TilesetLoader        - Writing to buffer: dst=128,192, w=64,h=64, src=384,0
14:49:27.125 [FXGL Background Thread 1 ] DEBUG TilesetLoader        - Writing to buffer: dst=192,192, w=64,h=64, src=384,0
14:49:27.126 [FXGL Background Thread 1 ] DEBUG TilesetLoader        - Writing to buffer: dst=256,192, w=64,h=64, src=384,0
14:49:27.126 [FXGL Background Thread 1 ] DEBUG TilesetLoader        - Writing to buffer: dst=320,192, w=64,h=64, src=384,0
14:49:27.126 [FXGL Background Thread 1 ] DEBUG TilesetLoader        - Writing to buffer: dst=384,192, w=64,h=64, src=384,0
14:49:27.126 [FXGL Background Thread 1 ] DEBUG TilesetLoader        - Writing to buffer: dst=448,192, w=64,h=64, src=384,0
14:49:27.126 [FXGL Background Thread 1 ] DEBUG TilesetLoader        - Writing to buffer: dst=512,192, w=64,h=64, src=384,0
14:49:27.127 [FXGL Background Thread 1 ] DEBUG TilesetLoader        - Writing to buffer: dst=576,192, w=64,h=64, src=384,0
14:49:27.127 [FXGL Background Thread 1 ] DEBUG TilesetLoader        - Writing to buffer: dst=640,192, w=64,h=64, src=384,0
14:49:27.127 [FXGL Background Thread 1 ] DEBUG TilesetLoader        - Writing to buffer: dst=704,192, w=64,h=64, src=384,0
14:49:27.127 [FXGL Background Thread 1 ] DEBUG TilesetLoader        - Writing to buffer: dst=768,192, w=64,h=64, src=384,0
14:49:27.127 [FXGL Background Thread 1 ] DEBUG TilesetLoader        - Writing to buffer: dst=832,192, w=64,h=64, src=384,0
14:49:27.128 [FXGL Background Thread 1 ] DEBUG TilesetLoader        - Writing to buffer: dst=896,192, w=64,h=64, src=0,0
14:49:27.128 [FXGL Background Thread 1 ] DEBUG TilesetLoader        - Writing to buffer: dst=0,256, w=64,h=64, src=0,0
14:49:27.128 [FXGL Background Thread 1 ] DEBUG TilesetLoader        - Writing to buffer: dst=64,256, w=64,h=64, src=384,0
14:49:27.128 [FXGL Background Thread 1 ] DEBUG TilesetLoader        - Writing to buffer: dst=128,256, w=64,h=64, src=192,0
14:49:27.128 [FXGL Background Thread 1 ] DEBUG TilesetLoader        - Writing to buffer: dst=192,256, w=64,h=64, src=384,0
14:49:27.129 [FXGL Background Thread 1 ] DEBUG TilesetLoader        - Writing to buffer: dst=256,256, w=64,h=64, src=192,0
14:49:27.129 [FXGL Background Thread 1 ] DEBUG TilesetLoader        - Writing to buffer: dst=320,256, w=64,h=64, src=384,0
14:49:27.129 [FXGL Background Thread 1 ] DEBUG TilesetLoader        - Writing to buffer: dst=384,256, w=64,h=64, src=192,0
14:49:27.129 [FXGL Background Thread 1 ] DEBUG TilesetLoader        - Writing to buffer: dst=448,256, w=64,h=64, src=384,0
14:49:27.129 [FXGL Background Thread 1 ] DEBUG TilesetLoader        - Writing to buffer: dst=512,256, w=64,h=64, src=192,0
14:49:27.130 [FXGL Background Thread 1 ] DEBUG TilesetLoader        - Writing to buffer: dst=576,256, w=64,h=64, src=384,0
14:49:27.130 [FXGL Background Thread 1 ] DEBUG TilesetLoader        - Writing to buffer: dst=640,256, w=64,h=64, src=192,0
14:49:27.131 [FXGL Background Thread 1 ] DEBUG TilesetLoader        - Writing to buffer: dst=704,256, w=64,h=64, src=384,0
14:49:27.131 [FXGL Background Thread 1 ] DEBUG TilesetLoader        - Writing to buffer: dst=768,256, w=64,h=64, src=192,0
14:49:27.131 [FXGL Background Thread 1 ] DEBUG TilesetLoader        - Writing to buffer: dst=832,256, w=64,h=64, src=384,0
14:49:27.131 [FXGL Background Thread 1 ] DEBUG TilesetLoader        - Writing to buffer: dst=896,256, w=64,h=64, src=0,0
14:49:27.131 [FXGL Background Thread 1 ] DEBUG TilesetLoader        - Writing to buffer: dst=0,320, w=64,h=64, src=0,0
14:49:27.132 [FXGL Background Thread 1 ] DEBUG TilesetLoader        - Writing to buffer: dst=64,320, w=64,h=64, src=384,0
14:49:27.132 [FXGL Background Thread 1 ] DEBUG TilesetLoader        - Writing to buffer: dst=128,320, w=64,h=64, src=384,0
14:49:27.132 [FXGL Background Thread 1 ] DEBUG TilesetLoader        - Writing to buffer: dst=192,320, w=64,h=64, src=384,0
14:49:27.132 [FXGL Background Thread 1 ] DEBUG TilesetLoader        - Writing to buffer: dst=256,320, w=64,h=64, src=384,0
14:49:27.132 [FXGL Background Thread 1 ] DEBUG TilesetLoader        - Writing to buffer: dst=320,320, w=64,h=64, src=384,0
14:49:27.133 [FXGL Background Thread 1 ] DEBUG TilesetLoader        - Writing to buffer: dst=384,320, w=64,h=64, src=384,0
14:49:27.133 [FXGL Background Thread 1 ] DEBUG TilesetLoader        - Writing to buffer: dst=448,320, w=64,h=64, src=384,0
14:49:27.133 [FXGL Background Thread 1 ] DEBUG TilesetLoader        - Writing to buffer: dst=512,320, w=64,h=64, src=384,0
14:49:27.133 [FXGL Background Thread 1 ] DEBUG TilesetLoader        - Writing to buffer: dst=576,320, w=64,h=64, src=384,0
14:49:27.133 [FXGL Background Thread 1 ] DEBUG TilesetLoader        - Writing to buffer: dst=640,320, w=64,h=64, src=384,0
14:49:27.134 [FXGL Background Thread 1 ] DEBUG TilesetLoader        - Writing to buffer: dst=704,320, w=64,h=64, src=384,0
14:49:27.134 [FXGL Background Thread 1 ] DEBUG TilesetLoader        - Writing to buffer: dst=768,320, w=64,h=64, src=384,0
14:49:27.134 [FXGL Background Thread 1 ] DEBUG TilesetLoader        - Writing to buffer: dst=832,320, w=64,h=64, src=384,0
14:49:27.134 [FXGL Background Thread 1 ] DEBUG TilesetLoader        - Writing to buffer: dst=896,320, w=64,h=64, src=0,0
14:49:27.134 [FXGL Background Thread 1 ] DEBUG TilesetLoader        - Writing to buffer: dst=0,384, w=64,h=64, src=0,0
14:49:27.134 [FXGL Background Thread 1 ] DEBUG TilesetLoader        - Writing to buffer: dst=64,384, w=64,h=64, src=384,0
14:49:27.135 [FXGL Background Thread 1 ] DEBUG TilesetLoader        - Writing to buffer: dst=128,384, w=64,h=64, src=192,0
14:49:27.135 [FXGL Background Thread 1 ] DEBUG TilesetLoader        - Writing to buffer: dst=192,384, w=64,h=64, src=384,0
14:49:27.135 [FXGL Background Thread 1 ] DEBUG TilesetLoader        - Writing to buffer: dst=256,384, w=64,h=64, src=192,0
14:49:27.135 [FXGL Background Thread 1 ] DEBUG TilesetLoader        - Writing to buffer: dst=320,384, w=64,h=64, src=384,0
14:49:27.135 [FXGL Background Thread 1 ] DEBUG TilesetLoader        - Writing to buffer: dst=384,384, w=64,h=64, src=192,0
14:49:27.136 [FXGL Background Thread 1 ] DEBUG TilesetLoader        - Writing to buffer: dst=448,384, w=64,h=64, src=384,0
14:49:27.136 [FXGL Background Thread 1 ] DEBUG TilesetLoader        - Writing to buffer: dst=512,384, w=64,h=64, src=192,0
14:49:27.136 [FXGL Background Thread 1 ] DEBUG TilesetLoader        - Writing to buffer: dst=576,384, w=64,h=64, src=384,0
14:49:27.136 [FXGL Background Thread 1 ] DEBUG TilesetLoader        - Writing to buffer: dst=640,384, w=64,h=64, src=192,0
14:49:27.137 [FXGL Background Thread 1 ] DEBUG TilesetLoader        - Writing to buffer: dst=704,384, w=64,h=64, src=384,0
14:49:27.137 [FXGL Background Thread 1 ] DEBUG TilesetLoader        - Writing to buffer: dst=768,384, w=64,h=64, src=192,0
14:49:27.137 [FXGL Background Thread 1 ] DEBUG TilesetLoader        - Writing to buffer: dst=832,384, w=64,h=64, src=384,0
14:49:27.137 [FXGL Background Thread 1 ] DEBUG TilesetLoader        - Writing to buffer: dst=896,384, w=64,h=64, src=0,0
14:49:27.138 [FXGL Background Thread 1 ] DEBUG TilesetLoader        - Writing to buffer: dst=0,448, w=64,h=64, src=0,0
14:49:27.138 [FXGL Background Thread 1 ] DEBUG TilesetLoader        - Writing to buffer: dst=64,448, w=64,h=64, src=384,0
14:49:27.138 [FXGL Background Thread 1 ] DEBUG TilesetLoader        - Writing to buffer: dst=128,448, w=64,h=64, src=384,0
14:49:27.138 [FXGL Background Thread 1 ] DEBUG TilesetLoader        - Writing to buffer: dst=192,448, w=64,h=64, src=384,0
14:49:27.138 [FXGL Background Thread 1 ] DEBUG TilesetLoader        - Writing to buffer: dst=256,448, w=64,h=64, src=384,0
14:49:27.139 [FXGL Background Thread 1 ] DEBUG TilesetLoader        - Writing to buffer: dst=320,448, w=64,h=64, src=384,0
14:49:27.139 [FXGL Background Thread 1 ] DEBUG TilesetLoader        - Writing to buffer: dst=384,448, w=64,h=64, src=384,0
14:49:27.139 [FXGL Background Thread 1 ] DEBUG TilesetLoader        - Writing to buffer: dst=448,448, w=64,h=64, src=384,0
14:49:27.139 [FXGL Background Thread 1 ] DEBUG TilesetLoader        - Writing to buffer: dst=512,448, w=64,h=64, src=384,0
14:49:27.140 [FXGL Background Thread 1 ] DEBUG TilesetLoader        - Writing to buffer: dst=576,448, w=64,h=64, src=384,0
14:49:27.140 [FXGL Background Thread 1 ] DEBUG TilesetLoader        - Writing to buffer: dst=640,448, w=64,h=64, src=384,0
14:49:27.140 [FXGL Background Thread 1 ] DEBUG TilesetLoader        - Writing to buffer: dst=704,448, w=64,h=64, src=384,0
14:49:27.140 [FXGL Background Thread 1 ] DEBUG TilesetLoader        - Writing to buffer: dst=768,448, w=64,h=64, src=384,0
14:49:27.141 [FXGL Background Thread 1 ] DEBUG TilesetLoader        - Writing to buffer: dst=832,448, w=64,h=64, src=384,0
14:49:27.141 [FXGL Background Thread 1 ] DEBUG TilesetLoader        - Writing to buffer: dst=896,448, w=64,h=64, src=0,0
14:49:27.141 [FXGL Background Thread 1 ] DEBUG TilesetLoader        - Writing to buffer: dst=0,512, w=64,h=64, src=0,0
14:49:27.141 [FXGL Background Thread 1 ] DEBUG TilesetLoader        - Writing to buffer: dst=64,512, w=64,h=64, src=384,0
14:49:27.142 [FXGL Background Thread 1 ] DEBUG TilesetLoader        - Writing to buffer: dst=128,512, w=64,h=64, src=192,0
14:49:27.142 [FXGL Background Thread 1 ] DEBUG TilesetLoader        - Writing to buffer: dst=192,512, w=64,h=64, src=384,0
14:49:27.142 [FXGL Background Thread 1 ] DEBUG TilesetLoader        - Writing to buffer: dst=256,512, w=64,h=64, src=192,0
14:49:27.142 [FXGL Background Thread 1 ] DEBUG TilesetLoader        - Writing to buffer: dst=320,512, w=64,h=64, src=384,0
14:49:27.142 [FXGL Background Thread 1 ] DEBUG TilesetLoader        - Writing to buffer: dst=384,512, w=64,h=64, src=192,0
14:49:27.143 [FXGL Background Thread 1 ] DEBUG TilesetLoader        - Writing to buffer: dst=448,512, w=64,h=64, src=384,0
14:49:27.143 [FXGL Background Thread 1 ] DEBUG TilesetLoader        - Writing to buffer: dst=512,512, w=64,h=64, src=192,0
14:49:27.143 [FXGL Background Thread 1 ] DEBUG TilesetLoader        - Writing to buffer: dst=576,512, w=64,h=64, src=384,0
14:49:27.143 [FXGL Background Thread 1 ] DEBUG TilesetLoader        - Writing to buffer: dst=640,512, w=64,h=64, src=192,0
14:49:27.143 [FXGL Background Thread 1 ] DEBUG TilesetLoader        - Writing to buffer: dst=704,512, w=64,h=64, src=384,0
14:49:27.144 [FXGL Background Thread 1 ] DEBUG TilesetLoader        - Writing to buffer: dst=768,512, w=64,h=64, src=192,0
14:49:27.144 [FXGL Background Thread 1 ] DEBUG TilesetLoader        - Writing to buffer: dst=832,512, w=64,h=64, src=384,0
14:49:27.144 [FXGL Background Thread 1 ] DEBUG TilesetLoader        - Writing to buffer: dst=896,512, w=64,h=64, src=0,0
14:49:27.144 [FXGL Background Thread 1 ] DEBUG TilesetLoader        - Writing to buffer: dst=0,576, w=64,h=64, src=0,0
14:49:27.144 [FXGL Background Thread 1 ] DEBUG TilesetLoader        - Writing to buffer: dst=64,576, w=64,h=64, src=384,0
14:49:27.144 [FXGL Background Thread 1 ] DEBUG TilesetLoader        - Writing to buffer: dst=128,576, w=64,h=64, src=384,0
14:49:27.144 [FXGL Background Thread 1 ] DEBUG TilesetLoader        - Writing to buffer: dst=192,576, w=64,h=64, src=384,0
14:49:27.145 [FXGL Background Thread 1 ] DEBUG TilesetLoader        - Writing to buffer: dst=256,576, w=64,h=64, src=384,0
14:49:27.145 [FXGL Background Thread 1 ] DEBUG TilesetLoader        - Writing to buffer: dst=320,576, w=64,h=64, src=384,0
14:49:27.145 [FXGL Background Thread 1 ] DEBUG TilesetLoader        - Writing to buffer: dst=384,576, w=64,h=64, src=384,0
14:49:27.145 [FXGL Background Thread 1 ] DEBUG TilesetLoader        - Writing to buffer: dst=448,576, w=64,h=64, src=384,0
14:49:27.145 [FXGL Background Thread 1 ] DEBUG TilesetLoader        - Writing to buffer: dst=512,576, w=64,h=64, src=384,0
14:49:27.145 [FXGL Background Thread 1 ] DEBUG TilesetLoader        - Writing to buffer: dst=576,576, w=64,h=64, src=384,0
14:49:27.146 [FXGL Background Thread 1 ] DEBUG TilesetLoader        - Writing to buffer: dst=640,576, w=64,h=64, src=384,0
14:49:27.146 [FXGL Background Thread 1 ] DEBUG TilesetLoader        - Writing to buffer: dst=704,576, w=64,h=64, src=384,0
14:49:27.146 [FXGL Background Thread 1 ] DEBUG TilesetLoader        - Writing to buffer: dst=768,576, w=64,h=64, src=384,0
14:49:27.146 [FXGL Background Thread 1 ] DEBUG TilesetLoader        - Writing to buffer: dst=832,576, w=64,h=64, src=384,0
14:49:27.146 [FXGL Background Thread 1 ] DEBUG TilesetLoader        - Writing to buffer: dst=896,576, w=64,h=64, src=0,0
14:49:27.146 [FXGL Background Thread 1 ] DEBUG TilesetLoader        - Writing to buffer: dst=0,640, w=64,h=64, src=0,0
14:49:27.147 [FXGL Background Thread 1 ] DEBUG TilesetLoader        - Writing to buffer: dst=64,640, w=64,h=64, src=384,0
14:49:27.147 [FXGL Background Thread 1 ] DEBUG TilesetLoader        - Writing to buffer: dst=128,640, w=64,h=64, src=192,0
14:49:27.147 [FXGL Background Thread 1 ] DEBUG TilesetLoader        - Writing to buffer: dst=192,640, w=64,h=64, src=384,0
14:49:27.147 [FXGL Background Thread 1 ] DEBUG TilesetLoader        - Writing to buffer: dst=256,640, w=64,h=64, src=192,0
14:49:27.147 [FXGL Background Thread 1 ] DEBUG TilesetLoader        - Writing to buffer: dst=320,640, w=64,h=64, src=384,0
14:49:27.147 [FXGL Background Thread 1 ] DEBUG TilesetLoader        - Writing to buffer: dst=384,640, w=64,h=64, src=192,0
14:49:27.147 [FXGL Background Thread 1 ] DEBUG TilesetLoader        - Writing to buffer: dst=448,640, w=64,h=64, src=384,0
14:49:27.148 [FXGL Background Thread 1 ] DEBUG TilesetLoader        - Writing to buffer: dst=512,640, w=64,h=64, src=192,0
14:49:27.148 [FXGL Background Thread 1 ] DEBUG TilesetLoader        - Writing to buffer: dst=576,640, w=64,h=64, src=384,0
14:49:27.148 [FXGL Background Thread 1 ] DEBUG TilesetLoader        - Writing to buffer: dst=640,640, w=64,h=64, src=192,0
14:49:27.148 [FXGL Background Thread 1 ] DEBUG TilesetLoader        - Writing to buffer: dst=704,640, w=64,h=64, src=384,0
14:49:27.148 [FXGL Background Thread 1 ] DEBUG TilesetLoader        - Writing to buffer: dst=768,640, w=64,h=64, src=192,0
14:49:27.148 [FXGL Background Thread 1 ] DEBUG TilesetLoader        - Writing to buffer: dst=832,640, w=64,h=64, src=384,0
14:49:27.148 [FXGL Background Thread 1 ] DEBUG TilesetLoader        - Writing to buffer: dst=896,640, w=64,h=64, src=0,0
14:49:27.149 [FXGL Background Thread 1 ] DEBUG TilesetLoader        - Writing to buffer: dst=0,704, w=64,h=64, src=0,0
14:49:27.149 [FXGL Background Thread 1 ] DEBUG TilesetLoader        - Writing to buffer: dst=64,704, w=64,h=64, src=384,0
14:49:27.149 [FXGL Background Thread 1 ] DEBUG TilesetLoader        - Writing to buffer: dst=128,704, w=64,h=64, src=384,0
14:49:27.149 [FXGL Background Thread 1 ] DEBUG TilesetLoader        - Writing to buffer: dst=192,704, w=64,h=64, src=384,0
14:49:27.149 [FXGL Background Thread 1 ] DEBUG TilesetLoader        - Writing to buffer: dst=256,704, w=64,h=64, src=384,0
14:49:27.149 [FXGL Background Thread 1 ] DEBUG TilesetLoader        - Writing to buffer: dst=320,704, w=64,h=64, src=384,0
14:49:27.150 [FXGL Background Thread 1 ] DEBUG TilesetLoader        - Writing to buffer: dst=384,704, w=64,h=64, src=384,0
14:49:27.150 [FXGL Background Thread 1 ] DEBUG TilesetLoader        - Writing to buffer: dst=448,704, w=64,h=64, src=384,0
14:49:27.150 [FXGL Background Thread 1 ] DEBUG TilesetLoader        - Writing to buffer: dst=512,704, w=64,h=64, src=384,0
14:49:27.150 [FXGL Background Thread 1 ] DEBUG TilesetLoader        - Writing to buffer: dst=576,704, w=64,h=64, src=384,0
14:49:27.150 [FXGL Background Thread 1 ] DEBUG TilesetLoader        - Writing to buffer: dst=640,704, w=64,h=64, src=384,0
14:49:27.150 [FXGL Background Thread 1 ] DEBUG TilesetLoader        - Writing to buffer: dst=704,704, w=64,h=64, src=384,0
14:49:27.151 [FXGL Background Thread 1 ] DEBUG TilesetLoader        - Writing to buffer: dst=768,704, w=64,h=64, src=384,0
14:49:27.151 [FXGL Background Thread 1 ] DEBUG TilesetLoader        - Writing to buffer: dst=832,704, w=64,h=64, src=384,0
14:49:27.151 [FXGL Background Thread 1 ] DEBUG TilesetLoader        - Writing to buffer: dst=896,704, w=64,h=64, src=0,0
14:49:27.151 [FXGL Background Thread 1 ] DEBUG TilesetLoader        - Writing to buffer: dst=0,768, w=64,h=64, src=0,0
14:49:27.152 [FXGL Background Thread 1 ] DEBUG TilesetLoader        - Writing to buffer: dst=64,768, w=64,h=64, src=0,0
14:49:27.152 [FXGL Background Thread 1 ] DEBUG TilesetLoader        - Writing to buffer: dst=128,768, w=64,h=64, src=0,0
14:49:27.152 [FXGL Background Thread 1 ] DEBUG TilesetLoader        - Writing to buffer: dst=192,768, w=64,h=64, src=0,0
14:49:27.152 [FXGL Background Thread 1 ] DEBUG TilesetLoader        - Writing to buffer: dst=256,768, w=64,h=64, src=0,0
14:49:27.152 [FXGL Background Thread 1 ] DEBUG TilesetLoader        - Writing to buffer: dst=320,768, w=64,h=64, src=0,0
14:49:27.152 [FXGL Background Thread 1 ] DEBUG TilesetLoader        - Writing to buffer: dst=384,768, w=64,h=64, src=0,0
14:49:27.152 [FXGL Background Thread 1 ] DEBUG TilesetLoader        - Writing to buffer: dst=448,768, w=64,h=64, src=0,0
14:49:27.153 [FXGL Background Thread 1 ] DEBUG TilesetLoader        - Writing to buffer: dst=512,768, w=64,h=64, src=0,0
14:49:27.153 [FXGL Background Thread 1 ] DEBUG TilesetLoader        - Writing to buffer: dst=576,768, w=64,h=64, src=0,0
14:49:27.153 [FXGL Background Thread 1 ] DEBUG TilesetLoader        - Writing to buffer: dst=640,768, w=64,h=64, src=0,0
14:49:27.153 [FXGL Background Thread 1 ] DEBUG TilesetLoader        - Writing to buffer: dst=704,768, w=64,h=64, src=0,0
14:49:27.153 [FXGL Background Thread 1 ] DEBUG TilesetLoader        - Writing to buffer: dst=768,768, w=64,h=64, src=0,0
14:49:27.153 [FXGL Background Thread 1 ] DEBUG TilesetLoader        - Writing to buffer: dst=832,768, w=64,h=64, src=0,0
14:49:27.154 [FXGL Background Thread 1 ] DEBUG TilesetLoader        - Writing to buffer: dst=896,768, w=64,h=64, src=0,0
14:49:27.154 [FXGL Background Thread 1 ] DEBUG TMXLevelLoader       - Creating object layer entities
14:49:27.178 [FXGL Background Thread 1 ] DEBUG GameWorld            - Clearing removable entities
14:49:27.179 [FXGL Background Thread 1 ] DEBUG GameWorld            - Setting level: com.almasb.fxgl.entity.level.Level@7556bfe1
14:49:27.190 [FXGL Background Thread 1 ] DEBUG FXGLAssetLoaderServi - Loading from file system: file:/C:/Users/stanm/Documents/SE-Challengeweek/target/classes/assets/textures/player_1_move_down.png
14:49:27.195 [FXGL Background Thread 1 ] INFO  FXGLApplication      - Game initialization took: 0,139 sec
14:49:27.235 [JavaFX Application Thread] DEBUG FXGLApplication      - Registering font factories with UI factory
14:49:27.269 [FXGL Background Thread 2 ] INFO  UpdaterService       - Your current version:  11.14
14:49:27.269 [FXGL Background Thread 2 ] INFO  UpdaterService       - Latest stable version: 17.1
14:49:27.369 [JavaFX Application Thread] DEBUG Input                - Clearing active input actions
14:49:27.377 [JavaFX Application Thread] DEBUG GameApplicationServi - Removing overlay from FXGLLoadingScene and adding to GameScene
14:49:27.380 [JavaFX Application Thread] DEBUG PrimaryStageWindow   - FXGLLoadingScene -> GameScene
14:49:27.385 [JavaFX Application Thread] DEBUG FXGLAssetLoaderServi - Loading from file system: file:/C:/Users/stanm/Documents/SE-Challengeweek/target/classes/assets/textures/player_1_idle_down.png
14:49:29.124 [JavaFX Application Thread] DEBUG FXGLAssetLoaderServi - Loading from file system: file:/C:/Users/stanm/Documents/SE-Challengeweek/target/classes/assets/textures/player_1_move_right.png
14:49:29.221 [JavaFX Application Thread] DEBUG FXGLAssetLoaderServi - Loading from file system: file:/C:/Users/stanm/Documents/SE-Challengeweek/target/classes/assets/textures/player_1_idle_right.png
14:49:29.263 [JavaFX Application Thread] DEBUG FXGLAssetLoaderServi - Loading from file system: file:/C:/Users/stanm/Documents/SE-Challengeweek/target/classes/assets/textures/player_1_move_Up.png
14:49:29.325 [JavaFX Application Thread] DEBUG FXGLAssetLoaderServi - Loading from file system: file:/C:/Users/stanm/Documents/SE-Challengeweek/target/classes/assets/textures/player_1_idle_Up.png
14:49:29.534 [JavaFX Application Thread] DEBUG FXGLAssetLoaderServi - Loading from file system: file:/C:/Users/stanm/Documents/SE-Challengeweek/target/classes/assets/textures/player_1_move_left.png
14:49:29.588 [JavaFX Application Thread] DEBUG FXGLAssetLoaderServi - Loading from file system: file:/C:/Users/stanm/Documents/SE-Challengeweek/target/classes/assets/textures/player_1_idle_left.png
14:49:29.967 [FXGL Background Thread 3 ] DEBUG Engine               - Logging environment variables
14:49:29.968 [FXGL Background Thread 3 ] DEBUG Engine               - achievements: []
14:49:29.969 [FXGL Background Thread 3 ] DEBUG Engine               - actualHeight: 700.0
14:49:29.969 [FXGL Background Thread 3 ] DEBUG Engine               - actualHeightProperty: ReadOnlyDoubleProperty [value: 700.0]
14:49:29.970 [FXGL Background Thread 3 ] DEBUG Engine               - actualWidth: 1050.0
14:49:29.970 [FXGL Background Thread 3 ] DEBUG Engine               - actualWidthProperty: ReadOnlyDoubleProperty [value: 1050.0]
14:49:29.971 [FXGL Background Thread 3 ] DEBUG Engine               - appIcon: fxgl_icon.png
14:49:29.971 [FXGL Background Thread 3 ] DEBUG Engine               - applicationMode: DEVELOPER
14:49:29.972 [FXGL Background Thread 3 ] DEBUG Engine               - cSSList: [fxgl_dark.css]
14:49:29.972 [FXGL Background Thread 3 ] DEBUG Engine               - collisionDetectionStrategy: BRUTE_FORCE
14:49:29.972 [FXGL Background Thread 3 ] DEBUG Engine               - configClass: Optional.empty
14:49:29.973 [FXGL Background Thread 3 ] DEBUG Engine               - credits: []
14:49:29.975 [FXGL Background Thread 3 ] DEBUG Engine               - devBBoxColorProperty: ObjectProperty [value: 0xff0000ff]
14:49:29.976 [FXGL Background Thread 3 ] DEBUG Engine               - devEnableDebugCameraProperty: BooleanProperty [value: false]
14:49:29.976 [FXGL Background Thread 3 ] DEBUG Engine               - devSensorColorProperty: ObjectProperty [value: 0xffff00ff]
14:49:29.977 [FXGL Background Thread 3 ] DEBUG Engine               - devShowBBoxProperty: BooleanProperty [value: false]
14:49:29.977 [FXGL Background Thread 3 ] DEBUG Engine               - devShowPositionProperty: BooleanProperty [value: false]
14:49:29.977 [FXGL Background Thread 3 ] DEBUG Engine               - enabledMenuItems: []
14:49:29.978 [FXGL Background Thread 3 ] DEBUG Engine               - engineServices: [class com.almasb.fxgl.app.services.FXGLAssetLoaderService, class com.almasb.fxgl.app.FXGLApplication$GameApplicationService, class com.almasb.fxgl.app.services.FXGLDialogService, class com.almasb.fxgl.app.services.IOTaskExecutorService, class com.almasb.fxgl.event.EventBusService, class com.almasb.fxgl.io.FileSystemService, class com.almasb.fxgl.localization.LocalizationService, class com.almasb.fxgl.app.services.SystemBundleService, class com.almasb.fxgl.profile.SaveLoadService, class com.almasb.fxgl.ui.FXGLUIFactoryServiceProvider, class com.almasb.fxgl.ui.FXGLDialogFactoryServiceProvider, class com.almasb.fxgl.audio.AudioPlayer, class com.almasb.fxgl.notification.impl.NotificationServiceProvider, class com.almasb.fxgl.achievement.AchievementService, class com.almasb.fxgl.cutscene.CutsceneService, class com.almasb.fxgl.minigames.MiniGameService, class com.almasb.fxgl.net.NetService, class com.almasb.fxgl.app.services.UpdaterService, class com.almasb.fxgl.dev.DevService]
14:49:29.979 [FXGL Background Thread 3 ] DEBUG Engine               - fontGame: Abel-Regular.ttf
14:49:29.979 [FXGL Background Thread 3 ] DEBUG Engine               - fontMono: lucida_console.ttf
14:49:29.979 [FXGL Background Thread 3 ] DEBUG Engine               - fontText: Courier-Prime.ttf
14:49:29.980 [FXGL Background Thread 3 ] DEBUG Engine               - fontUI: VarelaRound-Regular.ttf
14:49:29.981 [FXGL Background Thread 3 ] DEBUG Engine               - fullScreen: BooleanProperty [value: false]
14:49:29.981 [FXGL Background Thread 3 ] DEBUG Engine               - gameDifficulty: MEDIUM
14:49:29.982 [FXGL Background Thread 3 ] DEBUG Engine               - gameDifficultyProperty: ObjectProperty [value: MEDIUM]
14:49:29.983 [FXGL Background Thread 3 ] DEBUG Engine               - globalMusicVolume: 0.5
14:49:29.984 [FXGL Background Thread 3 ] DEBUG Engine               - globalMusicVolumeProperty: DoubleProperty [value: 0.5]
14:49:29.984 [FXGL Background Thread 3 ] DEBUG Engine               - globalSoundVolume: 0.5
14:49:29.985 [FXGL Background Thread 3 ] DEBUG Engine               - globalSoundVolumeProperty: DoubleProperty [value: 0.5]
14:49:29.985 [FXGL Background Thread 3 ] DEBUG Engine               - height: 700
14:49:29.986 [FXGL Background Thread 3 ] DEBUG Engine               - isAndroid: false
14:49:29.986 [FXGL Background Thread 3 ] DEBUG Engine               - isBrowser: false
14:49:29.987 [FXGL Background Thread 3 ] DEBUG Engine               - isClickFeedbackEnabled: false
14:49:29.987 [FXGL Background Thread 3 ] DEBUG Engine               - isCloseConfirmation: false
14:49:29.987 [FXGL Background Thread 3 ] DEBUG Engine               - isDesktop: true
14:49:29.988 [FXGL Background Thread 3 ] DEBUG Engine               - isDeveloperMenuEnabled: true
14:49:29.988 [FXGL Background Thread 3 ] DEBUG Engine               - isEntityPreloadEnabled: true
14:49:29.988 [FXGL Background Thread 3 ] DEBUG Engine               - isExperimental3D: false
14:49:29.989 [FXGL Background Thread 3 ] DEBUG Engine               - isExperimentalNative: false
14:49:29.989 [FXGL Background Thread 3 ] DEBUG Engine               - isExperimentalTiledLargeMap: false
14:49:29.990 [FXGL Background Thread 3 ] DEBUG Engine               - isFileSystemWriteAllowed: true
14:49:29.990 [FXGL Background Thread 3 ] DEBUG Engine               - isFullScreenAllowed: false
14:49:29.991 [FXGL Background Thread 3 ] DEBUG Engine               - isFullScreenFromStart: false
14:49:29.991 [FXGL Background Thread 3 ] DEBUG Engine               - isGameMenuEnabled: true
14:49:29.992 [FXGL Background Thread 3 ] DEBUG Engine               - isIOS: false
14:49:29.992 [FXGL Background Thread 3 ] DEBUG Engine               - isIntroEnabled: false
14:49:29.992 [FXGL Background Thread 3 ] DEBUG Engine               - isLinux: false
14:49:29.993 [FXGL Background Thread 3 ] DEBUG Engine               - isMac: false
14:49:29.993 [FXGL Background Thread 3 ] DEBUG Engine               - isMainMenuEnabled: false
14:49:29.993 [FXGL Background Thread 3 ] DEBUG Engine               - isManualResizeEnabled: false
14:49:29.994 [FXGL Background Thread 3 ] DEBUG Engine               - isMobile: false
14:49:29.994 [FXGL Background Thread 3 ] DEBUG Engine               - isPreserveResizeRatio: false
14:49:29.994 [FXGL Background Thread 3 ] DEBUG Engine               - isProfilingEnabled: false
14:49:29.995 [FXGL Background Thread 3 ] DEBUG Engine               - isScaleAffectedOnResize: true
14:49:29.995 [FXGL Background Thread 3 ] DEBUG Engine               - isSingleStep: false
14:49:29.995 [FXGL Background Thread 3 ] DEBUG Engine               - isUserProfileEnabled: false
14:49:29.997 [FXGL Background Thread 3 ] DEBUG Engine               - isWindows: true
14:49:29.997 [FXGL Background Thread 3 ] DEBUG Engine               - language: ObjectProperty [value: ENGLISH]
14:49:29.998 [FXGL Background Thread 3 ] DEBUG Engine               - menuKey: ESCAPE
14:49:29.998 [FXGL Background Thread 3 ] DEBUG Engine               - notificationViewClass: class com.almasb.fxgl.notification.view.XboxNotificationView
14:49:29.998 [FXGL Background Thread 3 ] DEBUG Engine               - pixelsPerMeter: 50.0
14:49:29.999 [FXGL Background Thread 3 ] DEBUG Engine               - platform: WINDOWS
14:49:29.999 [FXGL Background Thread 3 ] DEBUG Engine               - prefHeightProperty: ReadOnlyDoubleProperty [value: 700.0]
14:49:30.000 [FXGL Background Thread 3 ] DEBUG Engine               - prefWidthProperty: ReadOnlyDoubleProperty [value: 1050.0]
14:49:30.000 [FXGL Background Thread 3 ] DEBUG Engine               - profileDir: profiles/
14:49:30.001 [FXGL Background Thread 3 ] DEBUG Engine               - profileName: StringProperty [value: DEFAULT]
14:49:30.001 [FXGL Background Thread 3 ] DEBUG Engine               - randomSeed: -1
14:49:30.002 [FXGL Background Thread 3 ] DEBUG Engine               - runtimeInfo: RuntimeInfo(platform=WINDOWS, version=11.14, build=01.03.2021 16.59)
14:49:30.002 [FXGL Background Thread 3 ] DEBUG Engine               - saveFileExt: sav
14:49:30.002 [FXGL Background Thread 3 ] DEBUG Engine               - scaledHeightProp$fxgl: DoubleProperty [bound, value: 700.0]
14:49:30.003 [FXGL Background Thread 3 ] DEBUG Engine               - scaledWidthProp$fxgl: DoubleProperty [bound, value: 1050.0]
14:49:30.003 [FXGL Background Thread 3 ] DEBUG Engine               - sceneFactory: com.almasb.fxgl.app.scene.SceneFactory@5141f47b
14:49:30.005 [FXGL Background Thread 3 ] DEBUG Engine               - secondsIn24h: 60
14:49:30.005 [FXGL Background Thread 3 ] DEBUG Engine               - soundMenuBack: menu/back.wav
14:49:30.005 [FXGL Background Thread 3 ] DEBUG Engine               - soundMenuPress: menu/press.wav
14:49:30.006 [FXGL Background Thread 3 ] DEBUG Engine               - soundMenuSelect: menu/select.wav
14:49:30.006 [FXGL Background Thread 3 ] DEBUG Engine               - soundNotification: core/notification.wav
14:49:30.006 [FXGL Background Thread 3 ] DEBUG Engine               - stageStyle: DECORATED
14:49:30.007 [FXGL Background Thread 3 ] DEBUG Engine               - supportedLanguages: [ENGLISH, FRENCH, GERMAN, HUNGARIAN, RUSSIAN]
14:49:30.007 [FXGL Background Thread 3 ] DEBUG Engine               - ticksPerSecond: -1
14:49:30.008 [FXGL Background Thread 3 ] DEBUG Engine               - title: Untitled
14:49:30.008 [FXGL Background Thread 3 ] DEBUG Engine               - urlGithub: https://github.com/AlmasB/FXGL
14:49:30.008 [FXGL Background Thread 3 ] DEBUG Engine               - urlLeaderboard: http://fxgl-top.herokuapp.com/
14:49:30.009 [FXGL Background Thread 3 ] DEBUG Engine               - urlPOM: https://raw.githubusercontent.com/AlmasB/FXGL/release/README.md
14:49:30.009 [FXGL Background Thread 3 ] DEBUG Engine               - userAppClass: class Game
14:49:30.009 [FXGL Background Thread 3 ] DEBUG Engine               - version: 0.0
14:49:30.010 [FXGL Background Thread 3 ] DEBUG Engine               - versionCheckDays: 7
14:49:30.010 [FXGL Background Thread 3 ] DEBUG Engine               - width: 1050
14:49:30.011 [FXGL Background Thread 3 ] DEBUG Engine               - Logging services
14:49:30.012 [FXGL Background Thread 3 ] DEBUG Engine               - class com.almasb.fxgl.app.services.FXGLAssetLoaderService
14:49:30.012 [FXGL Background Thread 3 ] DEBUG Engine               - class com.almasb.fxgl.app.FXGLApplication$GameApplicationService
14:49:30.013 [FXGL Background Thread 3 ] DEBUG Engine               - class com.almasb.fxgl.app.services.FXGLDialogService
14:49:30.013 [FXGL Background Thread 3 ] DEBUG Engine               - class com.almasb.fxgl.app.services.IOTaskExecutorService
14:49:30.013 [FXGL Background Thread 3 ] DEBUG Engine               - class com.almasb.fxgl.event.EventBusService
14:49:30.014 [FXGL Background Thread 3 ] DEBUG Engine               - class com.almasb.fxgl.io.FileSystemService
14:49:30.014 [FXGL Background Thread 3 ] DEBUG Engine               - class com.almasb.fxgl.localization.LocalizationService
14:49:30.015 [FXGL Background Thread 3 ] DEBUG Engine               - class com.almasb.fxgl.app.services.SystemBundleService
14:49:30.015 [FXGL Background Thread 3 ] DEBUG Engine               - class com.almasb.fxgl.profile.SaveLoadService
14:49:30.015 [FXGL Background Thread 3 ] DEBUG Engine               - class com.almasb.fxgl.ui.FXGLUIFactoryServiceProvider
14:49:30.016 [FXGL Background Thread 3 ] DEBUG Engine               - class com.almasb.fxgl.ui.FXGLDialogFactoryServiceProvider
14:49:30.016 [FXGL Background Thread 3 ] DEBUG Engine               - class com.almasb.fxgl.audio.AudioPlayer
14:49:30.016 [FXGL Background Thread 3 ] DEBUG Engine               - class com.almasb.fxgl.notification.impl.NotificationServiceProvider
14:49:30.017 [FXGL Background Thread 3 ] DEBUG Engine               - class com.almasb.fxgl.achievement.AchievementService
14:49:30.018 [FXGL Background Thread 3 ] DEBUG Engine               - class com.almasb.fxgl.cutscene.CutsceneService
14:49:30.019 [FXGL Background Thread 3 ] DEBUG Engine               - class com.almasb.fxgl.minigames.MiniGameService
14:49:30.019 [FXGL Background Thread 3 ] DEBUG Engine               - class com.almasb.fxgl.net.NetService
14:49:30.019 [FXGL Background Thread 3 ] DEBUG Engine               - class com.almasb.fxgl.app.services.UpdaterService
14:49:30.020 [FXGL Background Thread 3 ] DEBUG Engine               - class com.almasb.fxgl.dev.DevService
14:49:30.193 [JavaFX Application Thread] DEBUG FXGLAssetLoaderServi - Loading from file system: file:/C:/Users/stanm/Documents/SE-Challengeweek/target/classes/assets/textures/bomb-1.png
14:50:30.094 [JavaFX Application Thread] DEBUG FXGLApplication      - Exiting FXGL
14:50:30.095 [JavaFX Application Thread] DEBUG LoopRunner           - Stopping loop
14:50:30.095 [JavaFX Application Thread] DEBUG SystemBundleService  - Saving FXGL system data
14:50:30.101 [JavaFX Application Thread] DEBUG FileSystemAccess     - Writing to: C:\Users\stanm\Documents\SE-Challengeweek\system\fxgl.bundle
14:50:30.106 [JavaFX Application Thread] DEBUG Async                - Shutting down background threads
14:50:30.106 [JavaFX Application Thread] DEBUG PrimaryStageWindow   - Closing main window
14:50:30.116 [JavaFX Application Thread] DEBUG Logger               - Closing Logger
